[2024-04-20T05:36:36.708+0000] {processor.py:156} INFO - Started process (PID=2265) to work on /opt/airflow/dags/etl__aj.py
[2024-04-20T05:36:36.709+0000] {processor.py:758} INFO - Processing file /opt/airflow/dags/etl__aj.py for tasks to queue
[2024-04-20T05:36:36.710+0000] {logging_mixin.py:117} INFO - [2024-04-20T05:36:36.709+0000] {dagbag.py:525} INFO - Filling up the DagBag from /opt/airflow/dags/etl__aj.py
[2024-04-20T05:36:36.755+0000] {processor.py:768} INFO - DAG(s) dict_keys(['etl']) retrieved from /opt/airflow/dags/etl__aj.py
[2024-04-20T05:36:36.852+0000] {logging_mixin.py:117} INFO - [2024-04-20T05:36:36.851+0000] {dag.py:2573} INFO - Sync 1 DAGs
[2024-04-20T05:36:36.881+0000] {logging_mixin.py:117} INFO - [2024-04-20T05:36:36.881+0000] {dag.py:3328} INFO - Setting next_dagrun for etl to 2024-04-19T00:00:00+00:00, run_after=2024-04-20T00:00:00+00:00
[2024-04-20T05:36:36.917+0000] {processor.py:178} INFO - Processing /opt/airflow/dags/etl__aj.py took 0.212 seconds
[2024-04-20T05:37:07.520+0000] {processor.py:156} INFO - Started process (PID=2544) to work on /opt/airflow/dags/etl__aj.py
[2024-04-20T05:37:07.521+0000] {processor.py:758} INFO - Processing file /opt/airflow/dags/etl__aj.py for tasks to queue
[2024-04-20T05:37:07.521+0000] {logging_mixin.py:117} INFO - [2024-04-20T05:37:07.521+0000] {dagbag.py:525} INFO - Filling up the DagBag from /opt/airflow/dags/etl__aj.py
[2024-04-20T05:37:07.566+0000] {processor.py:768} INFO - DAG(s) dict_keys(['etl']) retrieved from /opt/airflow/dags/etl__aj.py
[2024-04-20T05:37:07.614+0000] {logging_mixin.py:117} INFO - [2024-04-20T05:37:07.614+0000] {dag.py:2573} INFO - Sync 1 DAGs
[2024-04-20T05:37:07.651+0000] {logging_mixin.py:117} INFO - [2024-04-20T05:37:07.651+0000] {dag.py:3328} INFO - Setting next_dagrun for etl to 2024-04-19T00:00:00+00:00, run_after=2024-04-20T00:00:00+00:00
[2024-04-20T05:37:07.677+0000] {processor.py:178} INFO - Processing /opt/airflow/dags/etl__aj.py took 0.160 seconds
[2024-04-20T05:37:37.865+0000] {processor.py:156} INFO - Started process (PID=2798) to work on /opt/airflow/dags/etl__aj.py
[2024-04-20T05:37:37.866+0000] {processor.py:758} INFO - Processing file /opt/airflow/dags/etl__aj.py for tasks to queue
[2024-04-20T05:37:37.866+0000] {logging_mixin.py:117} INFO - [2024-04-20T05:37:37.866+0000] {dagbag.py:525} INFO - Filling up the DagBag from /opt/airflow/dags/etl__aj.py
[2024-04-20T05:37:37.908+0000] {processor.py:768} INFO - DAG(s) dict_keys(['etl']) retrieved from /opt/airflow/dags/etl__aj.py
[2024-04-20T05:37:37.939+0000] {logging_mixin.py:117} INFO - [2024-04-20T05:37:37.938+0000] {dag.py:2573} INFO - Sync 1 DAGs
[2024-04-20T05:37:37.972+0000] {logging_mixin.py:117} INFO - [2024-04-20T05:37:37.971+0000] {dag.py:3328} INFO - Setting next_dagrun for etl to 2024-04-19T00:00:00+00:00, run_after=2024-04-20T00:00:00+00:00
[2024-04-20T05:37:37.998+0000] {processor.py:178} INFO - Processing /opt/airflow/dags/etl__aj.py took 0.136 seconds
[2024-04-20T05:38:08.276+0000] {processor.py:156} INFO - Started process (PID=3028) to work on /opt/airflow/dags/etl__aj.py
[2024-04-20T05:38:08.281+0000] {processor.py:758} INFO - Processing file /opt/airflow/dags/etl__aj.py for tasks to queue
[2024-04-20T05:38:08.290+0000] {logging_mixin.py:117} INFO - [2024-04-20T05:38:08.290+0000] {dagbag.py:525} INFO - Filling up the DagBag from /opt/airflow/dags/etl__aj.py
[2024-04-20T05:38:08.371+0000] {processor.py:768} INFO - DAG(s) dict_keys(['etl']) retrieved from /opt/airflow/dags/etl__aj.py
[2024-04-20T05:38:08.437+0000] {logging_mixin.py:117} INFO - [2024-04-20T05:38:08.436+0000] {dag.py:2573} INFO - Sync 1 DAGs
[2024-04-20T05:38:08.528+0000] {logging_mixin.py:117} INFO - [2024-04-20T05:38:08.528+0000] {dag.py:3328} INFO - Setting next_dagrun for etl to 2024-04-19T00:00:00+00:00, run_after=2024-04-20T00:00:00+00:00
[2024-04-20T05:38:08.620+0000] {processor.py:178} INFO - Processing /opt/airflow/dags/etl__aj.py took 0.353 seconds
[2024-04-20T05:38:38.714+0000] {processor.py:156} INFO - Started process (PID=3247) to work on /opt/airflow/dags/etl__aj.py
[2024-04-20T05:38:38.715+0000] {processor.py:758} INFO - Processing file /opt/airflow/dags/etl__aj.py for tasks to queue
[2024-04-20T05:38:38.716+0000] {logging_mixin.py:117} INFO - [2024-04-20T05:38:38.716+0000] {dagbag.py:525} INFO - Filling up the DagBag from /opt/airflow/dags/etl__aj.py
[2024-04-20T05:38:38.772+0000] {processor.py:768} INFO - DAG(s) dict_keys(['etl']) retrieved from /opt/airflow/dags/etl__aj.py
[2024-04-20T05:38:38.956+0000] {logging_mixin.py:117} INFO - [2024-04-20T05:38:38.955+0000] {dag.py:2573} INFO - Sync 1 DAGs
[2024-04-20T05:38:38.986+0000] {logging_mixin.py:117} INFO - [2024-04-20T05:38:38.986+0000] {dag.py:3328} INFO - Setting next_dagrun for etl to 2024-04-19T00:00:00+00:00, run_after=2024-04-20T00:00:00+00:00
[2024-04-20T05:38:39.015+0000] {processor.py:178} INFO - Processing /opt/airflow/dags/etl__aj.py took 0.304 seconds
[2024-04-20T05:39:09.127+0000] {processor.py:156} INFO - Started process (PID=3476) to work on /opt/airflow/dags/etl__aj.py
[2024-04-20T05:39:09.128+0000] {processor.py:758} INFO - Processing file /opt/airflow/dags/etl__aj.py for tasks to queue
[2024-04-20T05:39:09.129+0000] {logging_mixin.py:117} INFO - [2024-04-20T05:39:09.129+0000] {dagbag.py:525} INFO - Filling up the DagBag from /opt/airflow/dags/etl__aj.py
[2024-04-20T05:39:09.176+0000] {processor.py:768} INFO - DAG(s) dict_keys(['etl']) retrieved from /opt/airflow/dags/etl__aj.py
[2024-04-20T05:39:09.303+0000] {logging_mixin.py:117} INFO - [2024-04-20T05:39:09.303+0000] {dag.py:2573} INFO - Sync 1 DAGs
[2024-04-20T05:39:09.362+0000] {logging_mixin.py:117} INFO - [2024-04-20T05:39:09.362+0000] {dag.py:3328} INFO - Setting next_dagrun for etl to 2024-04-19T00:00:00+00:00, run_after=2024-04-20T00:00:00+00:00
[2024-04-20T05:39:09.387+0000] {processor.py:178} INFO - Processing /opt/airflow/dags/etl__aj.py took 0.263 seconds
[2024-04-20T05:39:40.230+0000] {processor.py:156} INFO - Started process (PID=3725) to work on /opt/airflow/dags/etl__aj.py
[2024-04-20T05:39:40.230+0000] {processor.py:758} INFO - Processing file /opt/airflow/dags/etl__aj.py for tasks to queue
[2024-04-20T05:39:40.231+0000] {logging_mixin.py:117} INFO - [2024-04-20T05:39:40.231+0000] {dagbag.py:525} INFO - Filling up the DagBag from /opt/airflow/dags/etl__aj.py
[2024-04-20T05:39:40.268+0000] {processor.py:768} INFO - DAG(s) dict_keys(['etl']) retrieved from /opt/airflow/dags/etl__aj.py
[2024-04-20T05:39:40.315+0000] {logging_mixin.py:117} INFO - [2024-04-20T05:39:40.314+0000] {dag.py:2573} INFO - Sync 1 DAGs
[2024-04-20T05:39:40.351+0000] {logging_mixin.py:117} INFO - [2024-04-20T05:39:40.351+0000] {dag.py:3328} INFO - Setting next_dagrun for etl to 2024-04-19T00:00:00+00:00, run_after=2024-04-20T00:00:00+00:00
[2024-04-20T05:39:40.377+0000] {processor.py:178} INFO - Processing /opt/airflow/dags/etl__aj.py took 0.152 seconds
[2024-04-20T05:40:11.147+0000] {processor.py:156} INFO - Started process (PID=3950) to work on /opt/airflow/dags/etl__aj.py
[2024-04-20T05:40:11.147+0000] {processor.py:758} INFO - Processing file /opt/airflow/dags/etl__aj.py for tasks to queue
[2024-04-20T05:40:11.149+0000] {logging_mixin.py:117} INFO - [2024-04-20T05:40:11.149+0000] {dagbag.py:525} INFO - Filling up the DagBag from /opt/airflow/dags/etl__aj.py
[2024-04-20T05:40:11.200+0000] {processor.py:768} INFO - DAG(s) dict_keys(['etl']) retrieved from /opt/airflow/dags/etl__aj.py
[2024-04-20T05:40:11.247+0000] {logging_mixin.py:117} INFO - [2024-04-20T05:40:11.247+0000] {dag.py:2573} INFO - Sync 1 DAGs
[2024-04-20T05:40:11.281+0000] {logging_mixin.py:117} INFO - [2024-04-20T05:40:11.281+0000] {dag.py:3328} INFO - Setting next_dagrun for etl to 2024-04-19T00:00:00+00:00, run_after=2024-04-20T00:00:00+00:00
[2024-04-20T05:40:11.311+0000] {processor.py:178} INFO - Processing /opt/airflow/dags/etl__aj.py took 0.168 seconds
[2024-04-20T05:40:42.015+0000] {processor.py:156} INFO - Started process (PID=4169) to work on /opt/airflow/dags/etl__aj.py
[2024-04-20T05:40:42.016+0000] {processor.py:758} INFO - Processing file /opt/airflow/dags/etl__aj.py for tasks to queue
[2024-04-20T05:40:42.016+0000] {logging_mixin.py:117} INFO - [2024-04-20T05:40:42.016+0000] {dagbag.py:525} INFO - Filling up the DagBag from /opt/airflow/dags/etl__aj.py
[2024-04-20T05:40:42.057+0000] {processor.py:768} INFO - DAG(s) dict_keys(['etl']) retrieved from /opt/airflow/dags/etl__aj.py
[2024-04-20T05:40:42.109+0000] {logging_mixin.py:117} INFO - [2024-04-20T05:40:42.109+0000] {dag.py:2573} INFO - Sync 1 DAGs
[2024-04-20T05:40:42.147+0000] {logging_mixin.py:117} INFO - [2024-04-20T05:40:42.147+0000] {dag.py:3328} INFO - Setting next_dagrun for etl to 2024-04-19T00:00:00+00:00, run_after=2024-04-20T00:00:00+00:00
[2024-04-20T05:40:42.171+0000] {processor.py:178} INFO - Processing /opt/airflow/dags/etl__aj.py took 0.161 seconds
[2024-04-20T05:41:12.299+0000] {processor.py:156} INFO - Started process (PID=4400) to work on /opt/airflow/dags/etl__aj.py
[2024-04-20T05:41:12.300+0000] {processor.py:758} INFO - Processing file /opt/airflow/dags/etl__aj.py for tasks to queue
[2024-04-20T05:41:12.301+0000] {logging_mixin.py:117} INFO - [2024-04-20T05:41:12.301+0000] {dagbag.py:525} INFO - Filling up the DagBag from /opt/airflow/dags/etl__aj.py
[2024-04-20T05:41:12.348+0000] {processor.py:768} INFO - DAG(s) dict_keys(['etl']) retrieved from /opt/airflow/dags/etl__aj.py
[2024-04-20T05:41:12.398+0000] {logging_mixin.py:117} INFO - [2024-04-20T05:41:12.398+0000] {dag.py:2573} INFO - Sync 1 DAGs
[2024-04-20T05:41:12.438+0000] {logging_mixin.py:117} INFO - [2024-04-20T05:41:12.438+0000] {dag.py:3328} INFO - Setting next_dagrun for etl to 2024-04-19T00:00:00+00:00, run_after=2024-04-20T00:00:00+00:00
[2024-04-20T05:41:12.473+0000] {processor.py:178} INFO - Processing /opt/airflow/dags/etl__aj.py took 0.179 seconds
[2024-04-20T05:41:42.625+0000] {processor.py:156} INFO - Started process (PID=4623) to work on /opt/airflow/dags/etl__aj.py
[2024-04-20T05:41:42.626+0000] {processor.py:758} INFO - Processing file /opt/airflow/dags/etl__aj.py for tasks to queue
[2024-04-20T05:41:42.627+0000] {logging_mixin.py:117} INFO - [2024-04-20T05:41:42.627+0000] {dagbag.py:525} INFO - Filling up the DagBag from /opt/airflow/dags/etl__aj.py
[2024-04-20T05:41:42.671+0000] {processor.py:768} INFO - DAG(s) dict_keys(['etl']) retrieved from /opt/airflow/dags/etl__aj.py
[2024-04-20T05:41:42.746+0000] {logging_mixin.py:117} INFO - [2024-04-20T05:41:42.746+0000] {dag.py:2573} INFO - Sync 1 DAGs
[2024-04-20T05:41:42.811+0000] {logging_mixin.py:117} INFO - [2024-04-20T05:41:42.811+0000] {dag.py:3328} INFO - Setting next_dagrun for etl to 2024-04-19T00:00:00+00:00, run_after=2024-04-20T00:00:00+00:00
[2024-04-20T05:41:42.854+0000] {processor.py:178} INFO - Processing /opt/airflow/dags/etl__aj.py took 0.232 seconds
[2024-04-20T05:42:12.958+0000] {processor.py:156} INFO - Started process (PID=4860) to work on /opt/airflow/dags/etl__aj.py
[2024-04-20T05:42:12.959+0000] {processor.py:758} INFO - Processing file /opt/airflow/dags/etl__aj.py for tasks to queue
[2024-04-20T05:42:12.960+0000] {logging_mixin.py:117} INFO - [2024-04-20T05:42:12.960+0000] {dagbag.py:525} INFO - Filling up the DagBag from /opt/airflow/dags/etl__aj.py
[2024-04-20T05:42:13.004+0000] {processor.py:768} INFO - DAG(s) dict_keys(['etl']) retrieved from /opt/airflow/dags/etl__aj.py
[2024-04-20T05:42:13.063+0000] {logging_mixin.py:117} INFO - [2024-04-20T05:42:13.063+0000] {dag.py:2573} INFO - Sync 1 DAGs
[2024-04-20T05:42:13.087+0000] {logging_mixin.py:117} INFO - [2024-04-20T05:42:13.087+0000] {dag.py:3328} INFO - Setting next_dagrun for etl to 2024-04-19T00:00:00+00:00, run_after=2024-04-20T00:00:00+00:00
[2024-04-20T05:42:13.106+0000] {processor.py:178} INFO - Processing /opt/airflow/dags/etl__aj.py took 0.152 seconds
[2024-04-20T05:42:43.208+0000] {processor.py:156} INFO - Started process (PID=5120) to work on /opt/airflow/dags/etl__aj.py
[2024-04-20T05:42:43.209+0000] {processor.py:758} INFO - Processing file /opt/airflow/dags/etl__aj.py for tasks to queue
[2024-04-20T05:42:43.209+0000] {logging_mixin.py:117} INFO - [2024-04-20T05:42:43.209+0000] {dagbag.py:525} INFO - Filling up the DagBag from /opt/airflow/dags/etl__aj.py
[2024-04-20T05:42:43.237+0000] {processor.py:768} INFO - DAG(s) dict_keys(['etl']) retrieved from /opt/airflow/dags/etl__aj.py
[2024-04-20T05:42:43.271+0000] {logging_mixin.py:117} INFO - [2024-04-20T05:42:43.271+0000] {dag.py:2573} INFO - Sync 1 DAGs
[2024-04-20T05:42:43.301+0000] {logging_mixin.py:117} INFO - [2024-04-20T05:42:43.301+0000] {dag.py:3328} INFO - Setting next_dagrun for etl to 2024-04-19T00:00:00+00:00, run_after=2024-04-20T00:00:00+00:00
[2024-04-20T05:42:43.331+0000] {processor.py:178} INFO - Processing /opt/airflow/dags/etl__aj.py took 0.125 seconds
[2024-04-20T05:43:13.862+0000] {processor.py:156} INFO - Started process (PID=5352) to work on /opt/airflow/dags/etl__aj.py
[2024-04-20T05:43:13.863+0000] {processor.py:758} INFO - Processing file /opt/airflow/dags/etl__aj.py for tasks to queue
[2024-04-20T05:43:13.867+0000] {logging_mixin.py:117} INFO - [2024-04-20T05:43:13.866+0000] {dagbag.py:525} INFO - Filling up the DagBag from /opt/airflow/dags/etl__aj.py
[2024-04-20T05:43:13.923+0000] {processor.py:768} INFO - DAG(s) dict_keys(['etl']) retrieved from /opt/airflow/dags/etl__aj.py
[2024-04-20T05:43:14.061+0000] {logging_mixin.py:117} INFO - [2024-04-20T05:43:14.061+0000] {dag.py:2573} INFO - Sync 1 DAGs
[2024-04-20T05:43:14.130+0000] {logging_mixin.py:117} INFO - [2024-04-20T05:43:14.129+0000] {dag.py:3328} INFO - Setting next_dagrun for etl to 2024-04-19T00:00:00+00:00, run_after=2024-04-20T00:00:00+00:00
[2024-04-20T05:43:14.173+0000] {processor.py:178} INFO - Processing /opt/airflow/dags/etl__aj.py took 0.314 seconds
[2024-04-20T05:43:45.128+0000] {processor.py:156} INFO - Started process (PID=5611) to work on /opt/airflow/dags/etl__aj.py
[2024-04-20T05:43:45.128+0000] {processor.py:758} INFO - Processing file /opt/airflow/dags/etl__aj.py for tasks to queue
[2024-04-20T05:43:45.129+0000] {logging_mixin.py:117} INFO - [2024-04-20T05:43:45.129+0000] {dagbag.py:525} INFO - Filling up the DagBag from /opt/airflow/dags/etl__aj.py
[2024-04-20T05:43:45.170+0000] {processor.py:768} INFO - DAG(s) dict_keys(['etl']) retrieved from /opt/airflow/dags/etl__aj.py
[2024-04-20T05:43:45.219+0000] {logging_mixin.py:117} INFO - [2024-04-20T05:43:45.219+0000] {dag.py:2573} INFO - Sync 1 DAGs
[2024-04-20T05:43:45.252+0000] {logging_mixin.py:117} INFO - [2024-04-20T05:43:45.252+0000] {dag.py:3328} INFO - Setting next_dagrun for etl to 2024-04-19T00:00:00+00:00, run_after=2024-04-20T00:00:00+00:00
[2024-04-20T05:43:45.292+0000] {processor.py:178} INFO - Processing /opt/airflow/dags/etl__aj.py took 0.167 seconds
[2024-04-20T05:44:15.453+0000] {processor.py:156} INFO - Started process (PID=5842) to work on /opt/airflow/dags/etl__aj.py
[2024-04-20T05:44:15.459+0000] {processor.py:758} INFO - Processing file /opt/airflow/dags/etl__aj.py for tasks to queue
[2024-04-20T05:44:15.475+0000] {logging_mixin.py:117} INFO - [2024-04-20T05:44:15.475+0000] {dagbag.py:525} INFO - Filling up the DagBag from /opt/airflow/dags/etl__aj.py
[2024-04-20T05:44:15.581+0000] {processor.py:768} INFO - DAG(s) dict_keys(['etl']) retrieved from /opt/airflow/dags/etl__aj.py
[2024-04-20T05:44:15.717+0000] {logging_mixin.py:117} INFO - [2024-04-20T05:44:15.716+0000] {dag.py:2573} INFO - Sync 1 DAGs
[2024-04-20T05:44:15.782+0000] {logging_mixin.py:117} INFO - [2024-04-20T05:44:15.782+0000] {dag.py:3328} INFO - Setting next_dagrun for etl to 2024-04-19T00:00:00+00:00, run_after=2024-04-20T00:00:00+00:00
[2024-04-20T05:44:15.807+0000] {processor.py:178} INFO - Processing /opt/airflow/dags/etl__aj.py took 0.357 seconds
[2024-04-20T05:44:46.588+0000] {processor.py:156} INFO - Started process (PID=6104) to work on /opt/airflow/dags/etl__aj.py
[2024-04-20T05:44:46.589+0000] {processor.py:758} INFO - Processing file /opt/airflow/dags/etl__aj.py for tasks to queue
[2024-04-20T05:44:46.590+0000] {logging_mixin.py:117} INFO - [2024-04-20T05:44:46.590+0000] {dagbag.py:525} INFO - Filling up the DagBag from /opt/airflow/dags/etl__aj.py
[2024-04-20T05:44:46.635+0000] {processor.py:768} INFO - DAG(s) dict_keys(['etl']) retrieved from /opt/airflow/dags/etl__aj.py
[2024-04-20T05:44:46.685+0000] {logging_mixin.py:117} INFO - [2024-04-20T05:44:46.685+0000] {dag.py:2573} INFO - Sync 1 DAGs
[2024-04-20T05:44:46.773+0000] {logging_mixin.py:117} INFO - [2024-04-20T05:44:46.773+0000] {dag.py:3328} INFO - Setting next_dagrun for etl to 2024-04-19T00:00:00+00:00, run_after=2024-04-20T00:00:00+00:00
[2024-04-20T05:44:46.804+0000] {processor.py:178} INFO - Processing /opt/airflow/dags/etl__aj.py took 0.219 seconds
[2024-04-20T05:45:16.890+0000] {processor.py:156} INFO - Started process (PID=6365) to work on /opt/airflow/dags/etl__aj.py
[2024-04-20T05:45:16.891+0000] {processor.py:758} INFO - Processing file /opt/airflow/dags/etl__aj.py for tasks to queue
[2024-04-20T05:45:16.892+0000] {logging_mixin.py:117} INFO - [2024-04-20T05:45:16.892+0000] {dagbag.py:525} INFO - Filling up the DagBag from /opt/airflow/dags/etl__aj.py
[2024-04-20T05:45:16.936+0000] {processor.py:768} INFO - DAG(s) dict_keys(['etl']) retrieved from /opt/airflow/dags/etl__aj.py
[2024-04-20T05:45:17.122+0000] {logging_mixin.py:117} INFO - [2024-04-20T05:45:17.122+0000] {dag.py:2573} INFO - Sync 1 DAGs
[2024-04-20T05:45:17.158+0000] {logging_mixin.py:117} INFO - [2024-04-20T05:45:17.158+0000] {dag.py:3328} INFO - Setting next_dagrun for etl to 2024-04-19T00:00:00+00:00, run_after=2024-04-20T00:00:00+00:00
[2024-04-20T05:45:17.185+0000] {processor.py:178} INFO - Processing /opt/airflow/dags/etl__aj.py took 0.298 seconds
[2024-04-20T05:45:47.287+0000] {processor.py:156} INFO - Started process (PID=6628) to work on /opt/airflow/dags/etl__aj.py
[2024-04-20T05:45:47.287+0000] {processor.py:758} INFO - Processing file /opt/airflow/dags/etl__aj.py for tasks to queue
[2024-04-20T05:45:47.288+0000] {logging_mixin.py:117} INFO - [2024-04-20T05:45:47.288+0000] {dagbag.py:525} INFO - Filling up the DagBag from /opt/airflow/dags/etl__aj.py
[2024-04-20T05:45:47.328+0000] {processor.py:768} INFO - DAG(s) dict_keys(['etl']) retrieved from /opt/airflow/dags/etl__aj.py
[2024-04-20T05:45:47.375+0000] {logging_mixin.py:117} INFO - [2024-04-20T05:45:47.375+0000] {dag.py:2573} INFO - Sync 1 DAGs
[2024-04-20T05:45:47.414+0000] {logging_mixin.py:117} INFO - [2024-04-20T05:45:47.414+0000] {dag.py:3328} INFO - Setting next_dagrun for etl to 2024-04-19T00:00:00+00:00, run_after=2024-04-20T00:00:00+00:00
[2024-04-20T05:45:47.470+0000] {processor.py:178} INFO - Processing /opt/airflow/dags/etl__aj.py took 0.187 seconds
[2024-04-20T05:46:17.702+0000] {processor.py:156} INFO - Started process (PID=6877) to work on /opt/airflow/dags/etl__aj.py
[2024-04-20T05:46:17.703+0000] {processor.py:758} INFO - Processing file /opt/airflow/dags/etl__aj.py for tasks to queue
[2024-04-20T05:46:17.704+0000] {logging_mixin.py:117} INFO - [2024-04-20T05:46:17.704+0000] {dagbag.py:525} INFO - Filling up the DagBag from /opt/airflow/dags/etl__aj.py
[2024-04-20T05:46:17.753+0000] {processor.py:768} INFO - DAG(s) dict_keys(['etl']) retrieved from /opt/airflow/dags/etl__aj.py
[2024-04-20T05:46:17.857+0000] {logging_mixin.py:117} INFO - [2024-04-20T05:46:17.857+0000] {dag.py:2573} INFO - Sync 1 DAGs
[2024-04-20T05:46:17.898+0000] {logging_mixin.py:117} INFO - [2024-04-20T05:46:17.898+0000] {dag.py:3328} INFO - Setting next_dagrun for etl to 2024-04-19T00:00:00+00:00, run_after=2024-04-20T00:00:00+00:00
[2024-04-20T05:46:17.922+0000] {processor.py:178} INFO - Processing /opt/airflow/dags/etl__aj.py took 0.223 seconds
[2024-04-20T05:46:48.344+0000] {processor.py:156} INFO - Started process (PID=7140) to work on /opt/airflow/dags/etl__aj.py
[2024-04-20T05:46:48.345+0000] {processor.py:758} INFO - Processing file /opt/airflow/dags/etl__aj.py for tasks to queue
[2024-04-20T05:46:48.346+0000] {logging_mixin.py:117} INFO - [2024-04-20T05:46:48.346+0000] {dagbag.py:525} INFO - Filling up the DagBag from /opt/airflow/dags/etl__aj.py
[2024-04-20T05:46:48.393+0000] {processor.py:768} INFO - DAG(s) dict_keys(['etl']) retrieved from /opt/airflow/dags/etl__aj.py
[2024-04-20T05:46:48.442+0000] {logging_mixin.py:117} INFO - [2024-04-20T05:46:48.442+0000] {dag.py:2573} INFO - Sync 1 DAGs
[2024-04-20T05:46:48.473+0000] {logging_mixin.py:117} INFO - [2024-04-20T05:46:48.473+0000] {dag.py:3328} INFO - Setting next_dagrun for etl to 2024-04-19T00:00:00+00:00, run_after=2024-04-20T00:00:00+00:00
[2024-04-20T05:46:48.499+0000] {processor.py:178} INFO - Processing /opt/airflow/dags/etl__aj.py took 0.158 seconds
[2024-04-20T05:47:19.093+0000] {processor.py:156} INFO - Started process (PID=7379) to work on /opt/airflow/dags/etl__aj.py
[2024-04-20T05:47:19.093+0000] {processor.py:758} INFO - Processing file /opt/airflow/dags/etl__aj.py for tasks to queue
[2024-04-20T05:47:19.094+0000] {logging_mixin.py:117} INFO - [2024-04-20T05:47:19.094+0000] {dagbag.py:525} INFO - Filling up the DagBag from /opt/airflow/dags/etl__aj.py
[2024-04-20T05:47:19.140+0000] {processor.py:768} INFO - DAG(s) dict_keys(['etl']) retrieved from /opt/airflow/dags/etl__aj.py
[2024-04-20T05:47:19.326+0000] {logging_mixin.py:117} INFO - [2024-04-20T05:47:19.326+0000] {dag.py:2573} INFO - Sync 1 DAGs
[2024-04-20T05:47:19.360+0000] {logging_mixin.py:117} INFO - [2024-04-20T05:47:19.360+0000] {dag.py:3328} INFO - Setting next_dagrun for etl to 2024-04-19T00:00:00+00:00, run_after=2024-04-20T00:00:00+00:00
[2024-04-20T05:47:19.383+0000] {processor.py:178} INFO - Processing /opt/airflow/dags/etl__aj.py took 0.294 seconds
[2024-04-20T05:47:49.906+0000] {processor.py:156} INFO - Started process (PID=7633) to work on /opt/airflow/dags/etl__aj.py
[2024-04-20T05:47:49.907+0000] {processor.py:758} INFO - Processing file /opt/airflow/dags/etl__aj.py for tasks to queue
[2024-04-20T05:47:49.908+0000] {logging_mixin.py:117} INFO - [2024-04-20T05:47:49.908+0000] {dagbag.py:525} INFO - Filling up the DagBag from /opt/airflow/dags/etl__aj.py
[2024-04-20T05:47:49.950+0000] {processor.py:768} INFO - DAG(s) dict_keys(['etl']) retrieved from /opt/airflow/dags/etl__aj.py
[2024-04-20T05:47:50.013+0000] {logging_mixin.py:117} INFO - [2024-04-20T05:47:50.012+0000] {dag.py:2573} INFO - Sync 1 DAGs
[2024-04-20T05:47:50.051+0000] {logging_mixin.py:117} INFO - [2024-04-20T05:47:50.051+0000] {dag.py:3328} INFO - Setting next_dagrun for etl to 2024-04-19T00:00:00+00:00, run_after=2024-04-20T00:00:00+00:00
[2024-04-20T05:47:50.077+0000] {processor.py:178} INFO - Processing /opt/airflow/dags/etl__aj.py took 0.174 seconds
[2024-04-20T05:48:20.355+0000] {processor.py:156} INFO - Started process (PID=7894) to work on /opt/airflow/dags/etl__aj.py
[2024-04-20T05:48:20.356+0000] {processor.py:758} INFO - Processing file /opt/airflow/dags/etl__aj.py for tasks to queue
[2024-04-20T05:48:20.359+0000] {logging_mixin.py:117} INFO - [2024-04-20T05:48:20.359+0000] {dagbag.py:525} INFO - Filling up the DagBag from /opt/airflow/dags/etl__aj.py
[2024-04-20T05:48:20.411+0000] {processor.py:768} INFO - DAG(s) dict_keys(['etl']) retrieved from /opt/airflow/dags/etl__aj.py
[2024-04-20T05:48:20.458+0000] {logging_mixin.py:117} INFO - [2024-04-20T05:48:20.458+0000] {dag.py:2573} INFO - Sync 1 DAGs
[2024-04-20T05:48:20.500+0000] {logging_mixin.py:117} INFO - [2024-04-20T05:48:20.499+0000] {dag.py:3328} INFO - Setting next_dagrun for etl to 2024-04-19T00:00:00+00:00, run_after=2024-04-20T00:00:00+00:00
[2024-04-20T05:48:20.531+0000] {processor.py:178} INFO - Processing /opt/airflow/dags/etl__aj.py took 0.180 seconds
[2024-04-20T05:48:50.753+0000] {processor.py:156} INFO - Started process (PID=8117) to work on /opt/airflow/dags/etl__aj.py
[2024-04-20T05:48:50.754+0000] {processor.py:758} INFO - Processing file /opt/airflow/dags/etl__aj.py for tasks to queue
[2024-04-20T05:48:50.755+0000] {logging_mixin.py:117} INFO - [2024-04-20T05:48:50.754+0000] {dagbag.py:525} INFO - Filling up the DagBag from /opt/airflow/dags/etl__aj.py
[2024-04-20T05:48:50.799+0000] {processor.py:768} INFO - DAG(s) dict_keys(['etl']) retrieved from /opt/airflow/dags/etl__aj.py
[2024-04-20T05:48:50.849+0000] {logging_mixin.py:117} INFO - [2024-04-20T05:48:50.849+0000] {dag.py:2573} INFO - Sync 1 DAGs
[2024-04-20T05:48:50.885+0000] {logging_mixin.py:117} INFO - [2024-04-20T05:48:50.885+0000] {dag.py:3328} INFO - Setting next_dagrun for etl to 2024-04-19T00:00:00+00:00, run_after=2024-04-20T00:00:00+00:00
[2024-04-20T05:48:50.912+0000] {processor.py:178} INFO - Processing /opt/airflow/dags/etl__aj.py took 0.168 seconds
[2024-04-20T05:49:21.195+0000] {processor.py:156} INFO - Started process (PID=8354) to work on /opt/airflow/dags/etl__aj.py
[2024-04-20T05:49:21.196+0000] {processor.py:758} INFO - Processing file /opt/airflow/dags/etl__aj.py for tasks to queue
[2024-04-20T05:49:21.197+0000] {logging_mixin.py:117} INFO - [2024-04-20T05:49:21.197+0000] {dagbag.py:525} INFO - Filling up the DagBag from /opt/airflow/dags/etl__aj.py
[2024-04-20T05:49:21.239+0000] {processor.py:768} INFO - DAG(s) dict_keys(['etl']) retrieved from /opt/airflow/dags/etl__aj.py
[2024-04-20T05:49:21.286+0000] {logging_mixin.py:117} INFO - [2024-04-20T05:49:21.285+0000] {dag.py:2573} INFO - Sync 1 DAGs
[2024-04-20T05:49:21.326+0000] {logging_mixin.py:117} INFO - [2024-04-20T05:49:21.326+0000] {dag.py:3328} INFO - Setting next_dagrun for etl to 2024-04-19T00:00:00+00:00, run_after=2024-04-20T00:00:00+00:00
[2024-04-20T05:49:21.368+0000] {processor.py:178} INFO - Processing /opt/airflow/dags/etl__aj.py took 0.176 seconds
[2024-04-20T05:49:51.962+0000] {processor.py:156} INFO - Started process (PID=8607) to work on /opt/airflow/dags/etl__aj.py
[2024-04-20T05:49:51.963+0000] {processor.py:758} INFO - Processing file /opt/airflow/dags/etl__aj.py for tasks to queue
[2024-04-20T05:49:51.963+0000] {logging_mixin.py:117} INFO - [2024-04-20T05:49:51.963+0000] {dagbag.py:525} INFO - Filling up the DagBag from /opt/airflow/dags/etl__aj.py
[2024-04-20T05:49:52.011+0000] {processor.py:768} INFO - DAG(s) dict_keys(['etl']) retrieved from /opt/airflow/dags/etl__aj.py
[2024-04-20T05:49:52.088+0000] {logging_mixin.py:117} INFO - [2024-04-20T05:49:52.087+0000] {dag.py:2573} INFO - Sync 1 DAGs
[2024-04-20T05:49:52.124+0000] {logging_mixin.py:117} INFO - [2024-04-20T05:49:52.124+0000] {dag.py:3328} INFO - Setting next_dagrun for etl to 2024-04-19T00:00:00+00:00, run_after=2024-04-20T00:00:00+00:00
[2024-04-20T05:49:52.150+0000] {processor.py:178} INFO - Processing /opt/airflow/dags/etl__aj.py took 0.192 seconds
[2024-04-20T05:50:22.594+0000] {processor.py:156} INFO - Started process (PID=8833) to work on /opt/airflow/dags/etl__aj.py
[2024-04-20T05:50:22.595+0000] {processor.py:758} INFO - Processing file /opt/airflow/dags/etl__aj.py for tasks to queue
[2024-04-20T05:50:22.595+0000] {logging_mixin.py:117} INFO - [2024-04-20T05:50:22.595+0000] {dagbag.py:525} INFO - Filling up the DagBag from /opt/airflow/dags/etl__aj.py
[2024-04-20T05:50:22.636+0000] {processor.py:768} INFO - DAG(s) dict_keys(['etl']) retrieved from /opt/airflow/dags/etl__aj.py
[2024-04-20T05:50:22.688+0000] {logging_mixin.py:117} INFO - [2024-04-20T05:50:22.688+0000] {dag.py:2573} INFO - Sync 1 DAGs
[2024-04-20T05:50:22.719+0000] {logging_mixin.py:117} INFO - [2024-04-20T05:50:22.719+0000] {dag.py:3328} INFO - Setting next_dagrun for etl to 2024-04-19T00:00:00+00:00, run_after=2024-04-20T00:00:00+00:00
[2024-04-20T05:50:22.748+0000] {processor.py:178} INFO - Processing /opt/airflow/dags/etl__aj.py took 0.158 seconds
[2024-04-20T05:50:53.333+0000] {processor.py:156} INFO - Started process (PID=9061) to work on /opt/airflow/dags/etl__aj.py
[2024-04-20T05:50:53.334+0000] {processor.py:758} INFO - Processing file /opt/airflow/dags/etl__aj.py for tasks to queue
[2024-04-20T05:50:53.334+0000] {logging_mixin.py:117} INFO - [2024-04-20T05:50:53.334+0000] {dagbag.py:525} INFO - Filling up the DagBag from /opt/airflow/dags/etl__aj.py
[2024-04-20T05:50:53.382+0000] {processor.py:768} INFO - DAG(s) dict_keys(['etl']) retrieved from /opt/airflow/dags/etl__aj.py
[2024-04-20T05:50:53.435+0000] {logging_mixin.py:117} INFO - [2024-04-20T05:50:53.434+0000] {dag.py:2573} INFO - Sync 1 DAGs
[2024-04-20T05:50:53.467+0000] {logging_mixin.py:117} INFO - [2024-04-20T05:50:53.467+0000] {dag.py:3328} INFO - Setting next_dagrun for etl to 2024-04-19T00:00:00+00:00, run_after=2024-04-20T00:00:00+00:00
[2024-04-20T05:50:53.491+0000] {processor.py:178} INFO - Processing /opt/airflow/dags/etl__aj.py took 0.162 seconds
[2024-04-20T05:51:23.783+0000] {processor.py:156} INFO - Started process (PID=9290) to work on /opt/airflow/dags/etl__aj.py
[2024-04-20T05:51:23.784+0000] {processor.py:758} INFO - Processing file /opt/airflow/dags/etl__aj.py for tasks to queue
[2024-04-20T05:51:23.785+0000] {logging_mixin.py:117} INFO - [2024-04-20T05:51:23.785+0000] {dagbag.py:525} INFO - Filling up the DagBag from /opt/airflow/dags/etl__aj.py
[2024-04-20T05:51:23.826+0000] {processor.py:768} INFO - DAG(s) dict_keys(['etl']) retrieved from /opt/airflow/dags/etl__aj.py
[2024-04-20T05:51:23.873+0000] {logging_mixin.py:117} INFO - [2024-04-20T05:51:23.873+0000] {dag.py:2573} INFO - Sync 1 DAGs
[2024-04-20T05:51:23.904+0000] {logging_mixin.py:117} INFO - [2024-04-20T05:51:23.904+0000] {dag.py:3328} INFO - Setting next_dagrun for etl to 2024-04-19T00:00:00+00:00, run_after=2024-04-20T00:00:00+00:00
[2024-04-20T05:51:23.937+0000] {processor.py:178} INFO - Processing /opt/airflow/dags/etl__aj.py took 0.157 seconds
[2024-04-20T05:51:54.141+0000] {processor.py:156} INFO - Started process (PID=9510) to work on /opt/airflow/dags/etl__aj.py
[2024-04-20T05:51:54.142+0000] {processor.py:758} INFO - Processing file /opt/airflow/dags/etl__aj.py for tasks to queue
[2024-04-20T05:51:54.142+0000] {logging_mixin.py:117} INFO - [2024-04-20T05:51:54.142+0000] {dagbag.py:525} INFO - Filling up the DagBag from /opt/airflow/dags/etl__aj.py
[2024-04-20T05:51:54.184+0000] {processor.py:768} INFO - DAG(s) dict_keys(['etl']) retrieved from /opt/airflow/dags/etl__aj.py
[2024-04-20T05:51:54.231+0000] {logging_mixin.py:117} INFO - [2024-04-20T05:51:54.231+0000] {dag.py:2573} INFO - Sync 1 DAGs
[2024-04-20T05:51:54.270+0000] {logging_mixin.py:117} INFO - [2024-04-20T05:51:54.269+0000] {dag.py:3328} INFO - Setting next_dagrun for etl to 2024-04-19T00:00:00+00:00, run_after=2024-04-20T00:00:00+00:00
[2024-04-20T05:51:54.291+0000] {processor.py:178} INFO - Processing /opt/airflow/dags/etl__aj.py took 0.153 seconds
[2024-04-20T05:52:24.401+0000] {processor.py:156} INFO - Started process (PID=9738) to work on /opt/airflow/dags/etl__aj.py
[2024-04-20T05:52:24.402+0000] {processor.py:758} INFO - Processing file /opt/airflow/dags/etl__aj.py for tasks to queue
[2024-04-20T05:52:24.403+0000] {logging_mixin.py:117} INFO - [2024-04-20T05:52:24.402+0000] {dagbag.py:525} INFO - Filling up the DagBag from /opt/airflow/dags/etl__aj.py
[2024-04-20T05:52:24.444+0000] {processor.py:768} INFO - DAG(s) dict_keys(['etl']) retrieved from /opt/airflow/dags/etl__aj.py
[2024-04-20T05:52:24.526+0000] {logging_mixin.py:117} INFO - [2024-04-20T05:52:24.525+0000] {dag.py:2573} INFO - Sync 1 DAGs
[2024-04-20T05:52:24.572+0000] {logging_mixin.py:117} INFO - [2024-04-20T05:52:24.572+0000] {dag.py:3328} INFO - Setting next_dagrun for etl to 2024-04-19T00:00:00+00:00, run_after=2024-04-20T00:00:00+00:00
[2024-04-20T05:52:24.613+0000] {processor.py:178} INFO - Processing /opt/airflow/dags/etl__aj.py took 0.215 seconds
[2024-04-20T05:52:54.755+0000] {processor.py:156} INFO - Started process (PID=9964) to work on /opt/airflow/dags/etl__aj.py
[2024-04-20T05:52:54.756+0000] {processor.py:758} INFO - Processing file /opt/airflow/dags/etl__aj.py for tasks to queue
[2024-04-20T05:52:54.757+0000] {logging_mixin.py:117} INFO - [2024-04-20T05:52:54.756+0000] {dagbag.py:525} INFO - Filling up the DagBag from /opt/airflow/dags/etl__aj.py
[2024-04-20T05:52:54.891+0000] {processor.py:768} INFO - DAG(s) dict_keys(['etl']) retrieved from /opt/airflow/dags/etl__aj.py
[2024-04-20T05:52:54.979+0000] {logging_mixin.py:117} INFO - [2024-04-20T05:52:54.979+0000] {dag.py:2573} INFO - Sync 1 DAGs
[2024-04-20T05:52:55.027+0000] {logging_mixin.py:117} INFO - [2024-04-20T05:52:55.027+0000] {dag.py:3328} INFO - Setting next_dagrun for etl to 2024-04-19T00:00:00+00:00, run_after=2024-04-20T00:00:00+00:00
[2024-04-20T05:52:55.061+0000] {processor.py:178} INFO - Processing /opt/airflow/dags/etl__aj.py took 0.310 seconds
[2024-04-20T05:53:25.192+0000] {processor.py:156} INFO - Started process (PID=10193) to work on /opt/airflow/dags/etl__aj.py
[2024-04-20T05:53:25.193+0000] {processor.py:758} INFO - Processing file /opt/airflow/dags/etl__aj.py for tasks to queue
[2024-04-20T05:53:25.194+0000] {logging_mixin.py:117} INFO - [2024-04-20T05:53:25.194+0000] {dagbag.py:525} INFO - Filling up the DagBag from /opt/airflow/dags/etl__aj.py
[2024-04-20T05:53:25.284+0000] {processor.py:768} INFO - DAG(s) dict_keys(['etl']) retrieved from /opt/airflow/dags/etl__aj.py
[2024-04-20T05:53:25.380+0000] {logging_mixin.py:117} INFO - [2024-04-20T05:53:25.380+0000] {dag.py:2573} INFO - Sync 1 DAGs
[2024-04-20T05:53:25.516+0000] {logging_mixin.py:117} INFO - [2024-04-20T05:53:25.516+0000] {dag.py:3328} INFO - Setting next_dagrun for etl to 2024-04-19T00:00:00+00:00, run_after=2024-04-20T00:00:00+00:00
[2024-04-20T05:53:25.613+0000] {processor.py:178} INFO - Processing /opt/airflow/dags/etl__aj.py took 0.423 seconds
[2024-04-20T05:53:55.913+0000] {processor.py:156} INFO - Started process (PID=10421) to work on /opt/airflow/dags/etl__aj.py
[2024-04-20T05:53:55.913+0000] {processor.py:758} INFO - Processing file /opt/airflow/dags/etl__aj.py for tasks to queue
[2024-04-20T05:53:55.914+0000] {logging_mixin.py:117} INFO - [2024-04-20T05:53:55.914+0000] {dagbag.py:525} INFO - Filling up the DagBag from /opt/airflow/dags/etl__aj.py
[2024-04-20T05:53:55.991+0000] {processor.py:768} INFO - DAG(s) dict_keys(['etl']) retrieved from /opt/airflow/dags/etl__aj.py
[2024-04-20T05:53:56.040+0000] {logging_mixin.py:117} INFO - [2024-04-20T05:53:56.040+0000] {dag.py:2573} INFO - Sync 1 DAGs
[2024-04-20T05:53:56.075+0000] {logging_mixin.py:117} INFO - [2024-04-20T05:53:56.075+0000] {dag.py:3328} INFO - Setting next_dagrun for etl to 2024-04-19T00:00:00+00:00, run_after=2024-04-20T00:00:00+00:00
[2024-04-20T05:53:56.107+0000] {processor.py:178} INFO - Processing /opt/airflow/dags/etl__aj.py took 0.198 seconds
[2024-04-20T05:54:26.436+0000] {processor.py:156} INFO - Started process (PID=10655) to work on /opt/airflow/dags/etl__aj.py
[2024-04-20T05:54:26.437+0000] {processor.py:758} INFO - Processing file /opt/airflow/dags/etl__aj.py for tasks to queue
[2024-04-20T05:54:26.439+0000] {logging_mixin.py:117} INFO - [2024-04-20T05:54:26.439+0000] {dagbag.py:525} INFO - Filling up the DagBag from /opt/airflow/dags/etl__aj.py
[2024-04-20T05:54:26.538+0000] {processor.py:768} INFO - DAG(s) dict_keys(['etl']) retrieved from /opt/airflow/dags/etl__aj.py
[2024-04-20T05:54:26.736+0000] {logging_mixin.py:117} INFO - [2024-04-20T05:54:26.736+0000] {dag.py:2573} INFO - Sync 1 DAGs
[2024-04-20T05:54:26.809+0000] {logging_mixin.py:117} INFO - [2024-04-20T05:54:26.809+0000] {dag.py:3328} INFO - Setting next_dagrun for etl to 2024-04-19T00:00:00+00:00, run_after=2024-04-20T00:00:00+00:00
[2024-04-20T05:54:26.961+0000] {processor.py:178} INFO - Processing /opt/airflow/dags/etl__aj.py took 0.528 seconds
[2024-04-20T05:54:57.489+0000] {processor.py:156} INFO - Started process (PID=10883) to work on /opt/airflow/dags/etl__aj.py
[2024-04-20T05:54:57.490+0000] {processor.py:758} INFO - Processing file /opt/airflow/dags/etl__aj.py for tasks to queue
[2024-04-20T05:54:57.491+0000] {logging_mixin.py:117} INFO - [2024-04-20T05:54:57.491+0000] {dagbag.py:525} INFO - Filling up the DagBag from /opt/airflow/dags/etl__aj.py
[2024-04-20T05:54:57.597+0000] {processor.py:768} INFO - DAG(s) dict_keys(['etl']) retrieved from /opt/airflow/dags/etl__aj.py
[2024-04-20T05:54:57.669+0000] {logging_mixin.py:117} INFO - [2024-04-20T05:54:57.669+0000] {dag.py:2573} INFO - Sync 1 DAGs
[2024-04-20T05:54:57.813+0000] {logging_mixin.py:117} INFO - [2024-04-20T05:54:57.810+0000] {dag.py:3328} INFO - Setting next_dagrun for etl to 2024-04-19T00:00:00+00:00, run_after=2024-04-20T00:00:00+00:00
[2024-04-20T05:54:57.858+0000] {processor.py:178} INFO - Processing /opt/airflow/dags/etl__aj.py took 0.428 seconds
[2024-04-20T05:55:28.770+0000] {processor.py:156} INFO - Started process (PID=11111) to work on /opt/airflow/dags/etl__aj.py
[2024-04-20T05:55:28.771+0000] {processor.py:758} INFO - Processing file /opt/airflow/dags/etl__aj.py for tasks to queue
[2024-04-20T05:55:28.771+0000] {logging_mixin.py:117} INFO - [2024-04-20T05:55:28.771+0000] {dagbag.py:525} INFO - Filling up the DagBag from /opt/airflow/dags/etl__aj.py
[2024-04-20T05:55:28.812+0000] {processor.py:768} INFO - DAG(s) dict_keys(['etl']) retrieved from /opt/airflow/dags/etl__aj.py
[2024-04-20T05:55:28.859+0000] {logging_mixin.py:117} INFO - [2024-04-20T05:55:28.859+0000] {dag.py:2573} INFO - Sync 1 DAGs
[2024-04-20T05:55:28.893+0000] {logging_mixin.py:117} INFO - [2024-04-20T05:55:28.893+0000] {dag.py:3328} INFO - Setting next_dagrun for etl to 2024-04-19T00:00:00+00:00, run_after=2024-04-20T00:00:00+00:00
[2024-04-20T05:55:28.928+0000] {processor.py:178} INFO - Processing /opt/airflow/dags/etl__aj.py took 0.161 seconds
[2024-04-20T05:56:35.656+0000] {processor.py:156} INFO - Started process (PID=186) to work on /opt/airflow/dags/etl__aj.py
[2024-04-20T05:56:35.658+0000] {processor.py:758} INFO - Processing file /opt/airflow/dags/etl__aj.py for tasks to queue
[2024-04-20T05:56:35.659+0000] {logging_mixin.py:117} INFO - [2024-04-20T05:56:35.659+0000] {dagbag.py:525} INFO - Filling up the DagBag from /opt/airflow/dags/etl__aj.py
[2024-04-20T05:56:35.741+0000] {processor.py:768} INFO - DAG(s) dict_keys(['etl']) retrieved from /opt/airflow/dags/etl__aj.py
[2024-04-20T05:56:35.946+0000] {logging_mixin.py:117} INFO - [2024-04-20T05:56:35.946+0000] {dag.py:2573} INFO - Sync 1 DAGs
[2024-04-20T05:56:36.288+0000] {logging_mixin.py:117} INFO - [2024-04-20T05:56:36.288+0000] {dag.py:3328} INFO - Setting next_dagrun for etl to 2024-04-19T00:00:00+00:00, run_after=2024-04-20T00:00:00+00:00
[2024-04-20T05:56:36.334+0000] {processor.py:178} INFO - Processing /opt/airflow/dags/etl__aj.py took 0.683 seconds
[2024-04-20T05:57:06.403+0000] {processor.py:156} INFO - Started process (PID=409) to work on /opt/airflow/dags/etl__aj.py
[2024-04-20T05:57:06.404+0000] {processor.py:758} INFO - Processing file /opt/airflow/dags/etl__aj.py for tasks to queue
[2024-04-20T05:57:06.405+0000] {logging_mixin.py:117} INFO - [2024-04-20T05:57:06.405+0000] {dagbag.py:525} INFO - Filling up the DagBag from /opt/airflow/dags/etl__aj.py
[2024-04-20T05:57:06.475+0000] {processor.py:768} INFO - DAG(s) dict_keys(['etl']) retrieved from /opt/airflow/dags/etl__aj.py
[2024-04-20T05:57:06.602+0000] {logging_mixin.py:117} INFO - [2024-04-20T05:57:06.602+0000] {dag.py:2573} INFO - Sync 1 DAGs
[2024-04-20T05:57:07.063+0000] {logging_mixin.py:117} INFO - [2024-04-20T05:57:07.063+0000] {dag.py:3328} INFO - Setting next_dagrun for etl to 2024-04-19T00:00:00+00:00, run_after=2024-04-20T00:00:00+00:00
[2024-04-20T05:57:07.087+0000] {processor.py:178} INFO - Processing /opt/airflow/dags/etl__aj.py took 0.687 seconds
[2024-04-20T05:57:37.910+0000] {processor.py:156} INFO - Started process (PID=639) to work on /opt/airflow/dags/etl__aj.py
[2024-04-20T05:57:37.911+0000] {processor.py:758} INFO - Processing file /opt/airflow/dags/etl__aj.py for tasks to queue
[2024-04-20T05:57:37.912+0000] {logging_mixin.py:117} INFO - [2024-04-20T05:57:37.911+0000] {dagbag.py:525} INFO - Filling up the DagBag from /opt/airflow/dags/etl__aj.py
[2024-04-20T05:57:37.958+0000] {processor.py:768} INFO - DAG(s) dict_keys(['etl']) retrieved from /opt/airflow/dags/etl__aj.py
[2024-04-20T05:57:38.006+0000] {logging_mixin.py:117} INFO - [2024-04-20T05:57:38.006+0000] {dag.py:2573} INFO - Sync 1 DAGs
[2024-04-20T05:57:38.267+0000] {logging_mixin.py:117} INFO - [2024-04-20T05:57:38.267+0000] {dag.py:3328} INFO - Setting next_dagrun for etl to 2024-04-19T00:00:00+00:00, run_after=2024-04-20T00:00:00+00:00
[2024-04-20T05:57:38.302+0000] {processor.py:178} INFO - Processing /opt/airflow/dags/etl__aj.py took 0.395 seconds
[2024-04-20T05:58:08.716+0000] {processor.py:156} INFO - Started process (PID=856) to work on /opt/airflow/dags/etl__aj.py
[2024-04-20T05:58:08.717+0000] {processor.py:758} INFO - Processing file /opt/airflow/dags/etl__aj.py for tasks to queue
[2024-04-20T05:58:08.717+0000] {logging_mixin.py:117} INFO - [2024-04-20T05:58:08.717+0000] {dagbag.py:525} INFO - Filling up the DagBag from /opt/airflow/dags/etl__aj.py
[2024-04-20T05:58:08.774+0000] {processor.py:768} INFO - DAG(s) dict_keys(['etl']) retrieved from /opt/airflow/dags/etl__aj.py
[2024-04-20T05:58:09.327+0000] {logging_mixin.py:117} INFO - [2024-04-20T05:58:09.327+0000] {dag.py:2573} INFO - Sync 1 DAGs
[2024-04-20T05:58:09.376+0000] {logging_mixin.py:117} INFO - [2024-04-20T05:58:09.376+0000] {dag.py:3328} INFO - Setting next_dagrun for etl to 2024-04-19T00:00:00+00:00, run_after=2024-04-20T00:00:00+00:00
[2024-04-20T05:58:09.418+0000] {processor.py:178} INFO - Processing /opt/airflow/dags/etl__aj.py took 0.705 seconds
[2024-04-20T05:58:39.652+0000] {processor.py:156} INFO - Started process (PID=1088) to work on /opt/airflow/dags/etl__aj.py
[2024-04-20T05:58:39.652+0000] {processor.py:758} INFO - Processing file /opt/airflow/dags/etl__aj.py for tasks to queue
[2024-04-20T05:58:39.653+0000] {logging_mixin.py:117} INFO - [2024-04-20T05:58:39.653+0000] {dagbag.py:525} INFO - Filling up the DagBag from /opt/airflow/dags/etl__aj.py
[2024-04-20T05:58:39.681+0000] {processor.py:768} INFO - DAG(s) dict_keys(['etl']) retrieved from /opt/airflow/dags/etl__aj.py
[2024-04-20T05:58:39.831+0000] {logging_mixin.py:117} INFO - [2024-04-20T05:58:39.831+0000] {dag.py:2573} INFO - Sync 1 DAGs
[2024-04-20T05:58:39.852+0000] {logging_mixin.py:117} INFO - [2024-04-20T05:58:39.852+0000] {dag.py:3328} INFO - Setting next_dagrun for etl to 2024-04-19T00:00:00+00:00, run_after=2024-04-20T00:00:00+00:00
[2024-04-20T05:58:39.874+0000] {processor.py:178} INFO - Processing /opt/airflow/dags/etl__aj.py took 0.225 seconds
[2024-04-20T05:59:09.988+0000] {processor.py:156} INFO - Started process (PID=1307) to work on /opt/airflow/dags/etl__aj.py
[2024-04-20T05:59:09.989+0000] {processor.py:758} INFO - Processing file /opt/airflow/dags/etl__aj.py for tasks to queue
[2024-04-20T05:59:09.990+0000] {logging_mixin.py:117} INFO - [2024-04-20T05:59:09.990+0000] {dagbag.py:525} INFO - Filling up the DagBag from /opt/airflow/dags/etl__aj.py
[2024-04-20T05:59:10.249+0000] {processor.py:768} INFO - DAG(s) dict_keys(['etl']) retrieved from /opt/airflow/dags/etl__aj.py
[2024-04-20T05:59:10.289+0000] {logging_mixin.py:117} INFO - [2024-04-20T05:59:10.288+0000] {dag.py:2573} INFO - Sync 1 DAGs
[2024-04-20T05:59:10.348+0000] {logging_mixin.py:117} INFO - [2024-04-20T05:59:10.348+0000] {dag.py:3328} INFO - Setting next_dagrun for etl to 2024-04-19T00:00:00+00:00, run_after=2024-04-20T00:00:00+00:00
[2024-04-20T05:59:10.397+0000] {processor.py:178} INFO - Processing /opt/airflow/dags/etl__aj.py took 0.412 seconds
[2024-04-20T05:59:40.607+0000] {processor.py:156} INFO - Started process (PID=1529) to work on /opt/airflow/dags/etl__aj.py
[2024-04-20T05:59:40.608+0000] {processor.py:758} INFO - Processing file /opt/airflow/dags/etl__aj.py for tasks to queue
[2024-04-20T05:59:40.608+0000] {logging_mixin.py:117} INFO - [2024-04-20T05:59:40.608+0000] {dagbag.py:525} INFO - Filling up the DagBag from /opt/airflow/dags/etl__aj.py
[2024-04-20T05:59:40.753+0000] {processor.py:768} INFO - DAG(s) dict_keys(['etl']) retrieved from /opt/airflow/dags/etl__aj.py
[2024-04-20T05:59:40.783+0000] {logging_mixin.py:117} INFO - [2024-04-20T05:59:40.783+0000] {dag.py:2573} INFO - Sync 1 DAGs
[2024-04-20T05:59:40.802+0000] {logging_mixin.py:117} INFO - [2024-04-20T05:59:40.802+0000] {dag.py:3328} INFO - Setting next_dagrun for etl to 2024-04-19T00:00:00+00:00, run_after=2024-04-20T00:00:00+00:00
[2024-04-20T05:59:40.821+0000] {processor.py:178} INFO - Processing /opt/airflow/dags/etl__aj.py took 0.217 seconds
[2024-04-20T06:00:10.954+0000] {processor.py:156} INFO - Started process (PID=1756) to work on /opt/airflow/dags/etl__aj.py
[2024-04-20T06:00:10.955+0000] {processor.py:758} INFO - Processing file /opt/airflow/dags/etl__aj.py for tasks to queue
[2024-04-20T06:00:10.955+0000] {logging_mixin.py:117} INFO - [2024-04-20T06:00:10.955+0000] {dagbag.py:525} INFO - Filling up the DagBag from /opt/airflow/dags/etl__aj.py
[2024-04-20T06:00:10.983+0000] {processor.py:768} INFO - DAG(s) dict_keys(['etl']) retrieved from /opt/airflow/dags/etl__aj.py
[2024-04-20T06:00:11.017+0000] {logging_mixin.py:117} INFO - [2024-04-20T06:00:11.017+0000] {dag.py:2573} INFO - Sync 1 DAGs
[2024-04-20T06:00:11.038+0000] {logging_mixin.py:117} INFO - [2024-04-20T06:00:11.038+0000] {dag.py:3328} INFO - Setting next_dagrun for etl to 2024-04-19T00:00:00+00:00, run_after=2024-04-20T00:00:00+00:00
[2024-04-20T06:00:11.059+0000] {processor.py:178} INFO - Processing /opt/airflow/dags/etl__aj.py took 0.107 seconds
[2024-04-20T06:00:41.235+0000] {processor.py:156} INFO - Started process (PID=1972) to work on /opt/airflow/dags/etl__aj.py
[2024-04-20T06:00:41.236+0000] {processor.py:758} INFO - Processing file /opt/airflow/dags/etl__aj.py for tasks to queue
[2024-04-20T06:00:41.237+0000] {logging_mixin.py:117} INFO - [2024-04-20T06:00:41.237+0000] {dagbag.py:525} INFO - Filling up the DagBag from /opt/airflow/dags/etl__aj.py
[2024-04-20T06:00:41.292+0000] {processor.py:768} INFO - DAG(s) dict_keys(['etl']) retrieved from /opt/airflow/dags/etl__aj.py
[2024-04-20T06:00:41.351+0000] {logging_mixin.py:117} INFO - [2024-04-20T06:00:41.351+0000] {dag.py:2573} INFO - Sync 1 DAGs
[2024-04-20T06:00:41.387+0000] {logging_mixin.py:117} INFO - [2024-04-20T06:00:41.387+0000] {dag.py:3328} INFO - Setting next_dagrun for etl to 2024-04-19T00:00:00+00:00, run_after=2024-04-20T00:00:00+00:00
[2024-04-20T06:00:41.413+0000] {processor.py:178} INFO - Processing /opt/airflow/dags/etl__aj.py took 0.193 seconds
[2024-04-20T06:01:11.701+0000] {processor.py:156} INFO - Started process (PID=2194) to work on /opt/airflow/dags/etl__aj.py
[2024-04-20T06:01:11.702+0000] {processor.py:758} INFO - Processing file /opt/airflow/dags/etl__aj.py for tasks to queue
[2024-04-20T06:01:11.702+0000] {logging_mixin.py:117} INFO - [2024-04-20T06:01:11.702+0000] {dagbag.py:525} INFO - Filling up the DagBag from /opt/airflow/dags/etl__aj.py
[2024-04-20T06:01:11.751+0000] {processor.py:768} INFO - DAG(s) dict_keys(['etl']) retrieved from /opt/airflow/dags/etl__aj.py
[2024-04-20T06:01:11.798+0000] {logging_mixin.py:117} INFO - [2024-04-20T06:01:11.798+0000] {dag.py:2573} INFO - Sync 1 DAGs
[2024-04-20T06:01:11.834+0000] {logging_mixin.py:117} INFO - [2024-04-20T06:01:11.834+0000] {dag.py:3328} INFO - Setting next_dagrun for etl to 2024-04-19T00:00:00+00:00, run_after=2024-04-20T00:00:00+00:00
[2024-04-20T06:01:11.866+0000] {processor.py:178} INFO - Processing /opt/airflow/dags/etl__aj.py took 0.168 seconds
[2024-04-20T06:01:42.342+0000] {processor.py:156} INFO - Started process (PID=2422) to work on /opt/airflow/dags/etl__aj.py
[2024-04-20T06:01:42.346+0000] {processor.py:758} INFO - Processing file /opt/airflow/dags/etl__aj.py for tasks to queue
[2024-04-20T06:01:42.347+0000] {logging_mixin.py:117} INFO - [2024-04-20T06:01:42.347+0000] {dagbag.py:525} INFO - Filling up the DagBag from /opt/airflow/dags/etl__aj.py
[2024-04-20T06:01:42.389+0000] {processor.py:768} INFO - DAG(s) dict_keys(['etl']) retrieved from /opt/airflow/dags/etl__aj.py
[2024-04-20T06:01:42.459+0000] {logging_mixin.py:117} INFO - [2024-04-20T06:01:42.458+0000] {dag.py:2573} INFO - Sync 1 DAGs
[2024-04-20T06:01:42.496+0000] {logging_mixin.py:117} INFO - [2024-04-20T06:01:42.496+0000] {dag.py:3328} INFO - Setting next_dagrun for etl to 2024-04-19T00:00:00+00:00, run_after=2024-04-20T00:00:00+00:00
[2024-04-20T06:01:42.524+0000] {processor.py:178} INFO - Processing /opt/airflow/dags/etl__aj.py took 0.186 seconds
[2024-04-20T06:02:12.875+0000] {processor.py:156} INFO - Started process (PID=2641) to work on /opt/airflow/dags/etl__aj.py
[2024-04-20T06:02:12.876+0000] {processor.py:758} INFO - Processing file /opt/airflow/dags/etl__aj.py for tasks to queue
[2024-04-20T06:02:12.876+0000] {logging_mixin.py:117} INFO - [2024-04-20T06:02:12.876+0000] {dagbag.py:525} INFO - Filling up the DagBag from /opt/airflow/dags/etl__aj.py
[2024-04-20T06:02:12.939+0000] {processor.py:768} INFO - DAG(s) dict_keys(['etl']) retrieved from /opt/airflow/dags/etl__aj.py
[2024-04-20T06:02:13.041+0000] {logging_mixin.py:117} INFO - [2024-04-20T06:02:13.041+0000] {dag.py:2573} INFO - Sync 1 DAGs
[2024-04-20T06:02:13.091+0000] {logging_mixin.py:117} INFO - [2024-04-20T06:02:13.091+0000] {dag.py:3328} INFO - Setting next_dagrun for etl to 2024-04-19T00:00:00+00:00, run_after=2024-04-20T00:00:00+00:00
[2024-04-20T06:02:13.118+0000] {processor.py:178} INFO - Processing /opt/airflow/dags/etl__aj.py took 0.247 seconds
[2024-04-20T06:02:43.418+0000] {processor.py:156} INFO - Started process (PID=2868) to work on /opt/airflow/dags/etl__aj.py
[2024-04-20T06:02:43.419+0000] {processor.py:758} INFO - Processing file /opt/airflow/dags/etl__aj.py for tasks to queue
[2024-04-20T06:02:43.420+0000] {logging_mixin.py:117} INFO - [2024-04-20T06:02:43.420+0000] {dagbag.py:525} INFO - Filling up the DagBag from /opt/airflow/dags/etl__aj.py
[2024-04-20T06:02:43.477+0000] {processor.py:768} INFO - DAG(s) dict_keys(['etl']) retrieved from /opt/airflow/dags/etl__aj.py
[2024-04-20T06:02:43.531+0000] {logging_mixin.py:117} INFO - [2024-04-20T06:02:43.531+0000] {dag.py:2573} INFO - Sync 1 DAGs
[2024-04-20T06:02:43.561+0000] {logging_mixin.py:117} INFO - [2024-04-20T06:02:43.561+0000] {dag.py:3328} INFO - Setting next_dagrun for etl to 2024-04-19T00:00:00+00:00, run_after=2024-04-20T00:00:00+00:00
[2024-04-20T06:02:43.586+0000] {processor.py:178} INFO - Processing /opt/airflow/dags/etl__aj.py took 0.172 seconds
[2024-04-20T06:03:13.993+0000] {processor.py:156} INFO - Started process (PID=3093) to work on /opt/airflow/dags/etl__aj.py
[2024-04-20T06:03:13.995+0000] {processor.py:758} INFO - Processing file /opt/airflow/dags/etl__aj.py for tasks to queue
[2024-04-20T06:03:14.002+0000] {logging_mixin.py:117} INFO - [2024-04-20T06:03:14.002+0000] {dagbag.py:525} INFO - Filling up the DagBag from /opt/airflow/dags/etl__aj.py
[2024-04-20T06:03:14.079+0000] {processor.py:768} INFO - DAG(s) dict_keys(['etl']) retrieved from /opt/airflow/dags/etl__aj.py
[2024-04-20T06:03:14.184+0000] {logging_mixin.py:117} INFO - [2024-04-20T06:03:14.184+0000] {dag.py:2573} INFO - Sync 1 DAGs
[2024-04-20T06:03:14.238+0000] {logging_mixin.py:117} INFO - [2024-04-20T06:03:14.238+0000] {dag.py:3328} INFO - Setting next_dagrun for etl to 2024-04-19T00:00:00+00:00, run_after=2024-04-20T00:00:00+00:00
[2024-04-20T06:03:14.270+0000] {processor.py:178} INFO - Processing /opt/airflow/dags/etl__aj.py took 0.281 seconds
