[2024-04-20T05:31:36.331+0000] {processor.py:156} INFO - Started process (PID=174) to work on /opt/airflow/dags/hello.py
[2024-04-20T05:31:36.333+0000] {processor.py:758} INFO - Processing file /opt/airflow/dags/hello.py for tasks to queue
[2024-04-20T05:31:36.335+0000] {logging_mixin.py:117} INFO - [2024-04-20T05:31:36.335+0000] {dagbag.py:525} INFO - Filling up the DagBag from /opt/airflow/dags/hello.py
[2024-04-20T05:31:36.411+0000] {processor.py:768} INFO - DAG(s) dict_keys(['hello']) retrieved from /opt/airflow/dags/hello.py
[2024-04-20T05:31:37.183+0000] {logging_mixin.py:117} INFO - [2024-04-20T05:31:37.182+0000] {manager.py:507} INFO - Created Permission View: can delete on DAG:hello
[2024-04-20T05:31:37.202+0000] {logging_mixin.py:117} INFO - [2024-04-20T05:31:37.202+0000] {manager.py:507} INFO - Created Permission View: can edit on DAG:hello
[2024-04-20T05:31:37.222+0000] {logging_mixin.py:117} INFO - [2024-04-20T05:31:37.221+0000] {manager.py:507} INFO - Created Permission View: can read on DAG:hello
[2024-04-20T05:31:37.222+0000] {logging_mixin.py:117} INFO - [2024-04-20T05:31:37.222+0000] {dag.py:2573} INFO - Sync 1 DAGs
[2024-04-20T05:31:37.253+0000] {logging_mixin.py:117} INFO - [2024-04-20T05:31:37.253+0000] {dag.py:2594} INFO - Creating ORM DAG for hello
[2024-04-20T05:31:37.301+0000] {logging_mixin.py:117} INFO - [2024-04-20T05:31:37.301+0000] {dag.py:3328} INFO - Setting next_dagrun for hello to 2022-11-01T00:00:00+00:00, run_after=2022-11-02T00:00:00+00:00
[2024-04-20T05:31:37.351+0000] {processor.py:178} INFO - Processing /opt/airflow/dags/hello.py took 1.034 seconds
[2024-04-20T05:32:07.538+0000] {processor.py:156} INFO - Started process (PID=389) to work on /opt/airflow/dags/hello.py
[2024-04-20T05:32:07.538+0000] {processor.py:758} INFO - Processing file /opt/airflow/dags/hello.py for tasks to queue
[2024-04-20T05:32:07.539+0000] {logging_mixin.py:117} INFO - [2024-04-20T05:32:07.539+0000] {dagbag.py:525} INFO - Filling up the DagBag from /opt/airflow/dags/hello.py
[2024-04-20T05:32:07.560+0000] {processor.py:768} INFO - DAG(s) dict_keys(['hello']) retrieved from /opt/airflow/dags/hello.py
[2024-04-20T05:32:07.656+0000] {logging_mixin.py:117} INFO - [2024-04-20T05:32:07.655+0000] {dag.py:2573} INFO - Sync 1 DAGs
[2024-04-20T05:32:07.748+0000] {logging_mixin.py:117} INFO - [2024-04-20T05:32:07.748+0000] {dag.py:3328} INFO - Setting next_dagrun for hello to 2022-11-01T00:00:00+00:00, run_after=2022-11-02T00:00:00+00:00
[2024-04-20T05:32:07.783+0000] {processor.py:178} INFO - Processing /opt/airflow/dags/hello.py took 0.249 seconds
[2024-04-20T05:32:38.031+0000] {processor.py:156} INFO - Started process (PID=605) to work on /opt/airflow/dags/hello.py
[2024-04-20T05:32:38.032+0000] {processor.py:758} INFO - Processing file /opt/airflow/dags/hello.py for tasks to queue
[2024-04-20T05:32:38.033+0000] {logging_mixin.py:117} INFO - [2024-04-20T05:32:38.033+0000] {dagbag.py:525} INFO - Filling up the DagBag from /opt/airflow/dags/hello.py
[2024-04-20T05:32:38.065+0000] {processor.py:768} INFO - DAG(s) dict_keys(['hello']) retrieved from /opt/airflow/dags/hello.py
[2024-04-20T05:32:38.170+0000] {logging_mixin.py:117} INFO - [2024-04-20T05:32:38.170+0000] {dag.py:2573} INFO - Sync 1 DAGs
[2024-04-20T05:32:38.483+0000] {logging_mixin.py:117} INFO - [2024-04-20T05:32:38.483+0000] {dag.py:3328} INFO - Setting next_dagrun for hello to 2022-11-01T00:00:00+00:00, run_after=2022-11-02T00:00:00+00:00
[2024-04-20T05:32:38.517+0000] {processor.py:178} INFO - Processing /opt/airflow/dags/hello.py took 0.489 seconds
[2024-04-20T05:33:08.820+0000] {processor.py:156} INFO - Started process (PID=830) to work on /opt/airflow/dags/hello.py
[2024-04-20T05:33:08.821+0000] {processor.py:758} INFO - Processing file /opt/airflow/dags/hello.py for tasks to queue
[2024-04-20T05:33:08.821+0000] {logging_mixin.py:117} INFO - [2024-04-20T05:33:08.821+0000] {dagbag.py:525} INFO - Filling up the DagBag from /opt/airflow/dags/hello.py
[2024-04-20T05:33:08.840+0000] {processor.py:768} INFO - DAG(s) dict_keys(['hello']) retrieved from /opt/airflow/dags/hello.py
[2024-04-20T05:33:08.888+0000] {logging_mixin.py:117} INFO - [2024-04-20T05:33:08.888+0000] {dag.py:2573} INFO - Sync 1 DAGs
[2024-04-20T05:33:09.100+0000] {logging_mixin.py:117} INFO - [2024-04-20T05:33:09.100+0000] {dag.py:3328} INFO - Setting next_dagrun for hello to 2022-11-01T00:00:00+00:00, run_after=2022-11-02T00:00:00+00:00
[2024-04-20T05:33:09.123+0000] {processor.py:178} INFO - Processing /opt/airflow/dags/hello.py took 0.306 seconds
[2024-04-20T05:33:39.375+0000] {processor.py:156} INFO - Started process (PID=1043) to work on /opt/airflow/dags/hello.py
[2024-04-20T05:33:39.376+0000] {processor.py:758} INFO - Processing file /opt/airflow/dags/hello.py for tasks to queue
[2024-04-20T05:33:39.377+0000] {logging_mixin.py:117} INFO - [2024-04-20T05:33:39.377+0000] {dagbag.py:525} INFO - Filling up the DagBag from /opt/airflow/dags/hello.py
[2024-04-20T05:33:39.397+0000] {processor.py:768} INFO - DAG(s) dict_keys(['hello']) retrieved from /opt/airflow/dags/hello.py
[2024-04-20T05:33:39.595+0000] {logging_mixin.py:117} INFO - [2024-04-20T05:33:39.595+0000] {dag.py:2573} INFO - Sync 1 DAGs
[2024-04-20T05:33:39.625+0000] {logging_mixin.py:117} INFO - [2024-04-20T05:33:39.625+0000] {dag.py:3328} INFO - Setting next_dagrun for hello to 2022-11-01T00:00:00+00:00, run_after=2022-11-02T00:00:00+00:00
[2024-04-20T05:33:39.648+0000] {processor.py:178} INFO - Processing /opt/airflow/dags/hello.py took 0.277 seconds
[2024-04-20T05:34:09.993+0000] {processor.py:156} INFO - Started process (PID=1261) to work on /opt/airflow/dags/hello.py
[2024-04-20T05:34:09.994+0000] {processor.py:758} INFO - Processing file /opt/airflow/dags/hello.py for tasks to queue
[2024-04-20T05:34:09.995+0000] {logging_mixin.py:117} INFO - [2024-04-20T05:34:09.994+0000] {dagbag.py:525} INFO - Filling up the DagBag from /opt/airflow/dags/hello.py
[2024-04-20T05:34:10.012+0000] {processor.py:768} INFO - DAG(s) dict_keys(['hello']) retrieved from /opt/airflow/dags/hello.py
[2024-04-20T05:34:10.199+0000] {logging_mixin.py:117} INFO - [2024-04-20T05:34:10.199+0000] {dag.py:2573} INFO - Sync 1 DAGs
[2024-04-20T05:34:10.218+0000] {logging_mixin.py:117} INFO - [2024-04-20T05:34:10.218+0000] {dag.py:3328} INFO - Setting next_dagrun for hello to 2022-11-01T00:00:00+00:00, run_after=2022-11-02T00:00:00+00:00
[2024-04-20T05:34:10.237+0000] {processor.py:178} INFO - Processing /opt/airflow/dags/hello.py took 0.246 seconds
[2024-04-20T05:34:41.088+0000] {processor.py:156} INFO - Started process (PID=1479) to work on /opt/airflow/dags/hello.py
[2024-04-20T05:34:41.095+0000] {processor.py:758} INFO - Processing file /opt/airflow/dags/hello.py for tasks to queue
[2024-04-20T05:34:41.097+0000] {logging_mixin.py:117} INFO - [2024-04-20T05:34:41.096+0000] {dagbag.py:525} INFO - Filling up the DagBag from /opt/airflow/dags/hello.py
[2024-04-20T05:34:41.532+0000] {processor.py:768} INFO - DAG(s) dict_keys(['hello']) retrieved from /opt/airflow/dags/hello.py
[2024-04-20T05:34:41.622+0000] {logging_mixin.py:117} INFO - [2024-04-20T05:34:41.622+0000] {dag.py:2573} INFO - Sync 1 DAGs
[2024-04-20T05:34:41.686+0000] {logging_mixin.py:117} INFO - [2024-04-20T05:34:41.686+0000] {dag.py:3328} INFO - Setting next_dagrun for hello to 2022-11-01T00:00:00+00:00, run_after=2022-11-02T00:00:00+00:00
[2024-04-20T05:34:41.727+0000] {processor.py:178} INFO - Processing /opt/airflow/dags/hello.py took 0.642 seconds
[2024-04-20T05:35:11.857+0000] {processor.py:156} INFO - Started process (PID=1688) to work on /opt/airflow/dags/hello.py
[2024-04-20T05:35:11.858+0000] {processor.py:758} INFO - Processing file /opt/airflow/dags/hello.py for tasks to queue
[2024-04-20T05:35:11.859+0000] {logging_mixin.py:117} INFO - [2024-04-20T05:35:11.858+0000] {dagbag.py:525} INFO - Filling up the DagBag from /opt/airflow/dags/hello.py
[2024-04-20T05:35:11.877+0000] {processor.py:768} INFO - DAG(s) dict_keys(['hello']) retrieved from /opt/airflow/dags/hello.py
[2024-04-20T05:35:11.941+0000] {logging_mixin.py:117} INFO - [2024-04-20T05:35:11.941+0000] {dag.py:2573} INFO - Sync 1 DAGs
[2024-04-20T05:35:11.995+0000] {logging_mixin.py:117} INFO - [2024-04-20T05:35:11.995+0000] {dag.py:3328} INFO - Setting next_dagrun for hello to 2022-11-01T00:00:00+00:00, run_after=2022-11-02T00:00:00+00:00
[2024-04-20T05:35:12.042+0000] {processor.py:178} INFO - Processing /opt/airflow/dags/hello.py took 0.188 seconds
[2024-04-20T05:35:42.201+0000] {processor.py:156} INFO - Started process (PID=1870) to work on /opt/airflow/dags/hello.py
[2024-04-20T05:35:42.203+0000] {processor.py:758} INFO - Processing file /opt/airflow/dags/hello.py for tasks to queue
[2024-04-20T05:35:42.205+0000] {logging_mixin.py:117} INFO - [2024-04-20T05:35:42.204+0000] {dagbag.py:525} INFO - Filling up the DagBag from /opt/airflow/dags/hello.py
[2024-04-20T05:35:42.255+0000] {processor.py:768} INFO - DAG(s) dict_keys(['hello']) retrieved from /opt/airflow/dags/hello.py
[2024-04-20T05:35:42.366+0000] {logging_mixin.py:117} INFO - [2024-04-20T05:35:42.366+0000] {dag.py:2573} INFO - Sync 1 DAGs
[2024-04-20T05:35:42.442+0000] {logging_mixin.py:117} INFO - [2024-04-20T05:35:42.441+0000] {dag.py:3328} INFO - Setting next_dagrun for hello to 2022-11-01T00:00:00+00:00, run_after=2022-11-02T00:00:00+00:00
[2024-04-20T05:35:42.544+0000] {processor.py:178} INFO - Processing /opt/airflow/dags/hello.py took 0.356 seconds
[2024-04-20T05:36:13.004+0000] {processor.py:156} INFO - Started process (PID=2087) to work on /opt/airflow/dags/hello.py
[2024-04-20T05:36:13.005+0000] {processor.py:758} INFO - Processing file /opt/airflow/dags/hello.py for tasks to queue
[2024-04-20T05:36:13.006+0000] {logging_mixin.py:117} INFO - [2024-04-20T05:36:13.006+0000] {dagbag.py:525} INFO - Filling up the DagBag from /opt/airflow/dags/hello.py
[2024-04-20T05:36:13.025+0000] {processor.py:768} INFO - DAG(s) dict_keys(['hello']) retrieved from /opt/airflow/dags/hello.py
[2024-04-20T05:36:13.089+0000] {logging_mixin.py:117} INFO - [2024-04-20T05:36:13.089+0000] {dag.py:2573} INFO - Sync 1 DAGs
[2024-04-20T05:36:13.122+0000] {logging_mixin.py:117} INFO - [2024-04-20T05:36:13.122+0000] {dag.py:3328} INFO - Setting next_dagrun for hello to 2022-11-01T00:00:00+00:00, run_after=2022-11-02T00:00:00+00:00
[2024-04-20T05:36:13.157+0000] {processor.py:178} INFO - Processing /opt/airflow/dags/hello.py took 0.156 seconds
[2024-04-20T05:36:43.419+0000] {processor.py:156} INFO - Started process (PID=2322) to work on /opt/airflow/dags/hello.py
[2024-04-20T05:36:43.419+0000] {processor.py:758} INFO - Processing file /opt/airflow/dags/hello.py for tasks to queue
[2024-04-20T05:36:43.421+0000] {logging_mixin.py:117} INFO - [2024-04-20T05:36:43.420+0000] {dagbag.py:525} INFO - Filling up the DagBag from /opt/airflow/dags/hello.py
[2024-04-20T05:36:43.443+0000] {processor.py:768} INFO - DAG(s) dict_keys(['hello']) retrieved from /opt/airflow/dags/hello.py
[2024-04-20T05:36:43.489+0000] {logging_mixin.py:117} INFO - [2024-04-20T05:36:43.489+0000] {dag.py:2573} INFO - Sync 1 DAGs
[2024-04-20T05:36:43.525+0000] {logging_mixin.py:117} INFO - [2024-04-20T05:36:43.524+0000] {dag.py:3328} INFO - Setting next_dagrun for hello to 2022-11-01T00:00:00+00:00, run_after=2022-11-02T00:00:00+00:00
[2024-04-20T05:36:43.548+0000] {processor.py:178} INFO - Processing /opt/airflow/dags/hello.py took 0.132 seconds
[2024-04-20T05:37:14.129+0000] {processor.py:156} INFO - Started process (PID=2586) to work on /opt/airflow/dags/hello.py
[2024-04-20T05:37:14.129+0000] {processor.py:758} INFO - Processing file /opt/airflow/dags/hello.py for tasks to queue
[2024-04-20T05:37:14.130+0000] {logging_mixin.py:117} INFO - [2024-04-20T05:37:14.130+0000] {dagbag.py:525} INFO - Filling up the DagBag from /opt/airflow/dags/hello.py
[2024-04-20T05:37:14.148+0000] {processor.py:768} INFO - DAG(s) dict_keys(['hello']) retrieved from /opt/airflow/dags/hello.py
[2024-04-20T05:37:14.202+0000] {logging_mixin.py:117} INFO - [2024-04-20T05:37:14.202+0000] {dag.py:2573} INFO - Sync 1 DAGs
[2024-04-20T05:37:14.232+0000] {logging_mixin.py:117} INFO - [2024-04-20T05:37:14.232+0000] {dag.py:3328} INFO - Setting next_dagrun for hello to 2022-11-01T00:00:00+00:00, run_after=2022-11-02T00:00:00+00:00
[2024-04-20T05:37:14.272+0000] {processor.py:178} INFO - Processing /opt/airflow/dags/hello.py took 0.148 seconds
[2024-04-20T05:37:44.713+0000] {processor.py:156} INFO - Started process (PID=2846) to work on /opt/airflow/dags/hello.py
[2024-04-20T05:37:44.714+0000] {processor.py:758} INFO - Processing file /opt/airflow/dags/hello.py for tasks to queue
[2024-04-20T05:37:44.715+0000] {logging_mixin.py:117} INFO - [2024-04-20T05:37:44.715+0000] {dagbag.py:525} INFO - Filling up the DagBag from /opt/airflow/dags/hello.py
[2024-04-20T05:37:44.735+0000] {processor.py:768} INFO - DAG(s) dict_keys(['hello']) retrieved from /opt/airflow/dags/hello.py
[2024-04-20T05:37:44.783+0000] {logging_mixin.py:117} INFO - [2024-04-20T05:37:44.783+0000] {dag.py:2573} INFO - Sync 1 DAGs
[2024-04-20T05:37:44.815+0000] {logging_mixin.py:117} INFO - [2024-04-20T05:37:44.815+0000] {dag.py:3328} INFO - Setting next_dagrun for hello to 2022-11-01T00:00:00+00:00, run_after=2022-11-02T00:00:00+00:00
[2024-04-20T05:37:44.838+0000] {processor.py:178} INFO - Processing /opt/airflow/dags/hello.py took 0.129 seconds
[2024-04-20T05:38:15.052+0000] {processor.py:156} INFO - Started process (PID=3066) to work on /opt/airflow/dags/hello.py
[2024-04-20T05:38:15.053+0000] {processor.py:758} INFO - Processing file /opt/airflow/dags/hello.py for tasks to queue
[2024-04-20T05:38:15.054+0000] {logging_mixin.py:117} INFO - [2024-04-20T05:38:15.053+0000] {dagbag.py:525} INFO - Filling up the DagBag from /opt/airflow/dags/hello.py
[2024-04-20T05:38:15.074+0000] {processor.py:768} INFO - DAG(s) dict_keys(['hello']) retrieved from /opt/airflow/dags/hello.py
[2024-04-20T05:38:15.120+0000] {logging_mixin.py:117} INFO - [2024-04-20T05:38:15.120+0000] {dag.py:2573} INFO - Sync 1 DAGs
[2024-04-20T05:38:15.153+0000] {logging_mixin.py:117} INFO - [2024-04-20T05:38:15.153+0000] {dag.py:3328} INFO - Setting next_dagrun for hello to 2022-11-01T00:00:00+00:00, run_after=2022-11-02T00:00:00+00:00
[2024-04-20T05:38:15.183+0000] {processor.py:178} INFO - Processing /opt/airflow/dags/hello.py took 0.135 seconds
[2024-04-20T05:38:45.601+0000] {processor.py:156} INFO - Started process (PID=3294) to work on /opt/airflow/dags/hello.py
[2024-04-20T05:38:45.602+0000] {processor.py:758} INFO - Processing file /opt/airflow/dags/hello.py for tasks to queue
[2024-04-20T05:38:45.603+0000] {logging_mixin.py:117} INFO - [2024-04-20T05:38:45.603+0000] {dagbag.py:525} INFO - Filling up the DagBag from /opt/airflow/dags/hello.py
[2024-04-20T05:38:45.621+0000] {processor.py:768} INFO - DAG(s) dict_keys(['hello']) retrieved from /opt/airflow/dags/hello.py
[2024-04-20T05:38:45.669+0000] {logging_mixin.py:117} INFO - [2024-04-20T05:38:45.669+0000] {dag.py:2573} INFO - Sync 1 DAGs
[2024-04-20T05:38:45.702+0000] {logging_mixin.py:117} INFO - [2024-04-20T05:38:45.702+0000] {dag.py:3328} INFO - Setting next_dagrun for hello to 2022-11-01T00:00:00+00:00, run_after=2022-11-02T00:00:00+00:00
[2024-04-20T05:38:45.723+0000] {processor.py:178} INFO - Processing /opt/airflow/dags/hello.py took 0.125 seconds
[2024-04-20T05:39:16.119+0000] {processor.py:156} INFO - Started process (PID=3523) to work on /opt/airflow/dags/hello.py
[2024-04-20T05:39:16.120+0000] {processor.py:758} INFO - Processing file /opt/airflow/dags/hello.py for tasks to queue
[2024-04-20T05:39:16.120+0000] {logging_mixin.py:117} INFO - [2024-04-20T05:39:16.120+0000] {dagbag.py:525} INFO - Filling up the DagBag from /opt/airflow/dags/hello.py
[2024-04-20T05:39:16.141+0000] {processor.py:768} INFO - DAG(s) dict_keys(['hello']) retrieved from /opt/airflow/dags/hello.py
[2024-04-20T05:39:16.191+0000] {logging_mixin.py:117} INFO - [2024-04-20T05:39:16.191+0000] {dag.py:2573} INFO - Sync 1 DAGs
[2024-04-20T05:39:16.224+0000] {logging_mixin.py:117} INFO - [2024-04-20T05:39:16.223+0000] {dag.py:3328} INFO - Setting next_dagrun for hello to 2022-11-01T00:00:00+00:00, run_after=2022-11-02T00:00:00+00:00
[2024-04-20T05:39:16.246+0000] {processor.py:178} INFO - Processing /opt/airflow/dags/hello.py took 0.130 seconds
[2024-04-20T05:39:46.682+0000] {processor.py:156} INFO - Started process (PID=3765) to work on /opt/airflow/dags/hello.py
[2024-04-20T05:39:46.683+0000] {processor.py:758} INFO - Processing file /opt/airflow/dags/hello.py for tasks to queue
[2024-04-20T05:39:46.683+0000] {logging_mixin.py:117} INFO - [2024-04-20T05:39:46.683+0000] {dagbag.py:525} INFO - Filling up the DagBag from /opt/airflow/dags/hello.py
[2024-04-20T05:39:46.707+0000] {processor.py:768} INFO - DAG(s) dict_keys(['hello']) retrieved from /opt/airflow/dags/hello.py
[2024-04-20T05:39:46.789+0000] {logging_mixin.py:117} INFO - [2024-04-20T05:39:46.788+0000] {dag.py:2573} INFO - Sync 1 DAGs
[2024-04-20T05:39:46.827+0000] {logging_mixin.py:117} INFO - [2024-04-20T05:39:46.827+0000] {dag.py:3328} INFO - Setting next_dagrun for hello to 2022-11-01T00:00:00+00:00, run_after=2022-11-02T00:00:00+00:00
[2024-04-20T05:39:46.864+0000] {processor.py:178} INFO - Processing /opt/airflow/dags/hello.py took 0.186 seconds
[2024-04-20T05:40:17.062+0000] {processor.py:156} INFO - Started process (PID=3992) to work on /opt/airflow/dags/hello.py
[2024-04-20T05:40:17.073+0000] {processor.py:758} INFO - Processing file /opt/airflow/dags/hello.py for tasks to queue
[2024-04-20T05:40:17.073+0000] {logging_mixin.py:117} INFO - [2024-04-20T05:40:17.073+0000] {dagbag.py:525} INFO - Filling up the DagBag from /opt/airflow/dags/hello.py
[2024-04-20T05:40:17.158+0000] {processor.py:768} INFO - DAG(s) dict_keys(['hello']) retrieved from /opt/airflow/dags/hello.py
[2024-04-20T05:40:17.236+0000] {logging_mixin.py:117} INFO - [2024-04-20T05:40:17.235+0000] {dag.py:2573} INFO - Sync 1 DAGs
[2024-04-20T05:40:17.268+0000] {logging_mixin.py:117} INFO - [2024-04-20T05:40:17.268+0000] {dag.py:3328} INFO - Setting next_dagrun for hello to 2022-11-01T00:00:00+00:00, run_after=2022-11-02T00:00:00+00:00
[2024-04-20T05:40:17.295+0000] {processor.py:178} INFO - Processing /opt/airflow/dags/hello.py took 0.237 seconds
[2024-04-20T05:40:47.423+0000] {processor.py:156} INFO - Started process (PID=4218) to work on /opt/airflow/dags/hello.py
[2024-04-20T05:40:47.427+0000] {processor.py:758} INFO - Processing file /opt/airflow/dags/hello.py for tasks to queue
[2024-04-20T05:40:47.428+0000] {logging_mixin.py:117} INFO - [2024-04-20T05:40:47.427+0000] {dagbag.py:525} INFO - Filling up the DagBag from /opt/airflow/dags/hello.py
[2024-04-20T05:40:47.460+0000] {processor.py:768} INFO - DAG(s) dict_keys(['hello']) retrieved from /opt/airflow/dags/hello.py
[2024-04-20T05:40:47.538+0000] {logging_mixin.py:117} INFO - [2024-04-20T05:40:47.538+0000] {dag.py:2573} INFO - Sync 1 DAGs
[2024-04-20T05:40:47.570+0000] {logging_mixin.py:117} INFO - [2024-04-20T05:40:47.570+0000] {dag.py:3328} INFO - Setting next_dagrun for hello to 2022-11-01T00:00:00+00:00, run_after=2022-11-02T00:00:00+00:00
[2024-04-20T05:40:47.592+0000] {processor.py:178} INFO - Processing /opt/airflow/dags/hello.py took 0.180 seconds
[2024-04-20T05:41:18.113+0000] {processor.py:156} INFO - Started process (PID=4437) to work on /opt/airflow/dags/hello.py
[2024-04-20T05:41:18.119+0000] {processor.py:758} INFO - Processing file /opt/airflow/dags/hello.py for tasks to queue
[2024-04-20T05:41:18.120+0000] {logging_mixin.py:117} INFO - [2024-04-20T05:41:18.119+0000] {dagbag.py:525} INFO - Filling up the DagBag from /opt/airflow/dags/hello.py
[2024-04-20T05:41:18.224+0000] {processor.py:768} INFO - DAG(s) dict_keys(['hello']) retrieved from /opt/airflow/dags/hello.py
[2024-04-20T05:41:18.361+0000] {logging_mixin.py:117} INFO - [2024-04-20T05:41:18.361+0000] {dag.py:2573} INFO - Sync 1 DAGs
[2024-04-20T05:41:18.428+0000] {logging_mixin.py:117} INFO - [2024-04-20T05:41:18.428+0000] {dag.py:3328} INFO - Setting next_dagrun for hello to 2022-11-01T00:00:00+00:00, run_after=2022-11-02T00:00:00+00:00
[2024-04-20T05:41:18.515+0000] {processor.py:178} INFO - Processing /opt/airflow/dags/hello.py took 0.421 seconds
[2024-04-20T05:41:48.823+0000] {processor.py:156} INFO - Started process (PID=4665) to work on /opt/airflow/dags/hello.py
[2024-04-20T05:41:48.834+0000] {processor.py:758} INFO - Processing file /opt/airflow/dags/hello.py for tasks to queue
[2024-04-20T05:41:48.835+0000] {logging_mixin.py:117} INFO - [2024-04-20T05:41:48.834+0000] {dagbag.py:525} INFO - Filling up the DagBag from /opt/airflow/dags/hello.py
[2024-04-20T05:41:48.876+0000] {processor.py:768} INFO - DAG(s) dict_keys(['hello']) retrieved from /opt/airflow/dags/hello.py
[2024-04-20T05:41:48.966+0000] {logging_mixin.py:117} INFO - [2024-04-20T05:41:48.966+0000] {dag.py:2573} INFO - Sync 1 DAGs
[2024-04-20T05:41:49.017+0000] {logging_mixin.py:117} INFO - [2024-04-20T05:41:49.017+0000] {dag.py:3328} INFO - Setting next_dagrun for hello to 2022-11-01T00:00:00+00:00, run_after=2022-11-02T00:00:00+00:00
[2024-04-20T05:41:49.059+0000] {processor.py:178} INFO - Processing /opt/airflow/dags/hello.py took 0.239 seconds
[2024-04-20T05:42:19.376+0000] {processor.py:156} INFO - Started process (PID=4919) to work on /opt/airflow/dags/hello.py
[2024-04-20T05:42:19.378+0000] {processor.py:758} INFO - Processing file /opt/airflow/dags/hello.py for tasks to queue
[2024-04-20T05:42:19.379+0000] {logging_mixin.py:117} INFO - [2024-04-20T05:42:19.378+0000] {dagbag.py:525} INFO - Filling up the DagBag from /opt/airflow/dags/hello.py
[2024-04-20T05:42:19.399+0000] {processor.py:768} INFO - DAG(s) dict_keys(['hello']) retrieved from /opt/airflow/dags/hello.py
[2024-04-20T05:42:19.449+0000] {logging_mixin.py:117} INFO - [2024-04-20T05:42:19.448+0000] {dag.py:2573} INFO - Sync 1 DAGs
[2024-04-20T05:42:19.479+0000] {logging_mixin.py:117} INFO - [2024-04-20T05:42:19.478+0000] {dag.py:3328} INFO - Setting next_dagrun for hello to 2022-11-01T00:00:00+00:00, run_after=2022-11-02T00:00:00+00:00
[2024-04-20T05:42:19.504+0000] {processor.py:178} INFO - Processing /opt/airflow/dags/hello.py took 0.132 seconds
[2024-04-20T05:42:50.021+0000] {processor.py:156} INFO - Started process (PID=5163) to work on /opt/airflow/dags/hello.py
[2024-04-20T05:42:50.028+0000] {processor.py:758} INFO - Processing file /opt/airflow/dags/hello.py for tasks to queue
[2024-04-20T05:42:50.039+0000] {logging_mixin.py:117} INFO - [2024-04-20T05:42:50.038+0000] {dagbag.py:525} INFO - Filling up the DagBag from /opt/airflow/dags/hello.py
[2024-04-20T05:42:50.111+0000] {processor.py:768} INFO - DAG(s) dict_keys(['hello']) retrieved from /opt/airflow/dags/hello.py
[2024-04-20T05:42:50.182+0000] {logging_mixin.py:117} INFO - [2024-04-20T05:42:50.182+0000] {dag.py:2573} INFO - Sync 1 DAGs
[2024-04-20T05:42:50.215+0000] {logging_mixin.py:117} INFO - [2024-04-20T05:42:50.215+0000] {dag.py:3328} INFO - Setting next_dagrun for hello to 2022-11-01T00:00:00+00:00, run_after=2022-11-02T00:00:00+00:00
[2024-04-20T05:42:50.268+0000] {processor.py:178} INFO - Processing /opt/airflow/dags/hello.py took 0.261 seconds
[2024-04-20T05:43:20.396+0000] {processor.py:156} INFO - Started process (PID=5425) to work on /opt/airflow/dags/hello.py
[2024-04-20T05:43:20.397+0000] {processor.py:758} INFO - Processing file /opt/airflow/dags/hello.py for tasks to queue
[2024-04-20T05:43:20.398+0000] {logging_mixin.py:117} INFO - [2024-04-20T05:43:20.397+0000] {dagbag.py:525} INFO - Filling up the DagBag from /opt/airflow/dags/hello.py
[2024-04-20T05:43:20.417+0000] {processor.py:768} INFO - DAG(s) dict_keys(['hello']) retrieved from /opt/airflow/dags/hello.py
[2024-04-20T05:43:20.465+0000] {logging_mixin.py:117} INFO - [2024-04-20T05:43:20.465+0000] {dag.py:2573} INFO - Sync 1 DAGs
[2024-04-20T05:43:20.519+0000] {logging_mixin.py:117} INFO - [2024-04-20T05:43:20.518+0000] {dag.py:3328} INFO - Setting next_dagrun for hello to 2022-11-01T00:00:00+00:00, run_after=2022-11-02T00:00:00+00:00
[2024-04-20T05:43:20.544+0000] {processor.py:178} INFO - Processing /opt/airflow/dags/hello.py took 0.151 seconds
[2024-04-20T05:43:50.775+0000] {processor.py:156} INFO - Started process (PID=5672) to work on /opt/airflow/dags/hello.py
[2024-04-20T05:43:50.782+0000] {processor.py:758} INFO - Processing file /opt/airflow/dags/hello.py for tasks to queue
[2024-04-20T05:43:50.783+0000] {logging_mixin.py:117} INFO - [2024-04-20T05:43:50.783+0000] {dagbag.py:525} INFO - Filling up the DagBag from /opt/airflow/dags/hello.py
[2024-04-20T05:43:50.817+0000] {processor.py:768} INFO - DAG(s) dict_keys(['hello']) retrieved from /opt/airflow/dags/hello.py
[2024-04-20T05:43:50.943+0000] {logging_mixin.py:117} INFO - [2024-04-20T05:43:50.942+0000] {dag.py:2573} INFO - Sync 1 DAGs
[2024-04-20T05:43:51.003+0000] {logging_mixin.py:117} INFO - [2024-04-20T05:43:51.003+0000] {dag.py:3328} INFO - Setting next_dagrun for hello to 2022-11-01T00:00:00+00:00, run_after=2022-11-02T00:00:00+00:00
[2024-04-20T05:43:51.039+0000] {processor.py:178} INFO - Processing /opt/airflow/dags/hello.py took 0.267 seconds
[2024-04-20T05:44:21.100+0000] {processor.py:156} INFO - Started process (PID=5895) to work on /opt/airflow/dags/hello.py
[2024-04-20T05:44:21.101+0000] {processor.py:758} INFO - Processing file /opt/airflow/dags/hello.py for tasks to queue
[2024-04-20T05:44:21.101+0000] {logging_mixin.py:117} INFO - [2024-04-20T05:44:21.101+0000] {dagbag.py:525} INFO - Filling up the DagBag from /opt/airflow/dags/hello.py
[2024-04-20T05:44:21.122+0000] {processor.py:768} INFO - DAG(s) dict_keys(['hello']) retrieved from /opt/airflow/dags/hello.py
[2024-04-20T05:44:21.187+0000] {logging_mixin.py:117} INFO - [2024-04-20T05:44:21.187+0000] {dag.py:2573} INFO - Sync 1 DAGs
[2024-04-20T05:44:21.227+0000] {logging_mixin.py:117} INFO - [2024-04-20T05:44:21.227+0000] {dag.py:3328} INFO - Setting next_dagrun for hello to 2022-11-01T00:00:00+00:00, run_after=2022-11-02T00:00:00+00:00
[2024-04-20T05:44:21.277+0000] {processor.py:178} INFO - Processing /opt/airflow/dags/hello.py took 0.180 seconds
[2024-04-20T05:44:52.195+0000] {processor.py:156} INFO - Started process (PID=6172) to work on /opt/airflow/dags/hello.py
[2024-04-20T05:44:52.196+0000] {processor.py:758} INFO - Processing file /opt/airflow/dags/hello.py for tasks to queue
[2024-04-20T05:44:52.196+0000] {logging_mixin.py:117} INFO - [2024-04-20T05:44:52.196+0000] {dagbag.py:525} INFO - Filling up the DagBag from /opt/airflow/dags/hello.py
[2024-04-20T05:44:52.222+0000] {processor.py:768} INFO - DAG(s) dict_keys(['hello']) retrieved from /opt/airflow/dags/hello.py
[2024-04-20T05:44:52.272+0000] {logging_mixin.py:117} INFO - [2024-04-20T05:44:52.272+0000] {dag.py:2573} INFO - Sync 1 DAGs
[2024-04-20T05:44:52.308+0000] {logging_mixin.py:117} INFO - [2024-04-20T05:44:52.308+0000] {dag.py:3328} INFO - Setting next_dagrun for hello to 2022-11-01T00:00:00+00:00, run_after=2022-11-02T00:00:00+00:00
[2024-04-20T05:44:52.330+0000] {processor.py:178} INFO - Processing /opt/airflow/dags/hello.py took 0.139 seconds
[2024-04-20T05:45:23.347+0000] {processor.py:156} INFO - Started process (PID=6413) to work on /opt/airflow/dags/hello.py
[2024-04-20T05:45:23.347+0000] {processor.py:758} INFO - Processing file /opt/airflow/dags/hello.py for tasks to queue
[2024-04-20T05:45:23.348+0000] {logging_mixin.py:117} INFO - [2024-04-20T05:45:23.348+0000] {dagbag.py:525} INFO - Filling up the DagBag from /opt/airflow/dags/hello.py
[2024-04-20T05:45:23.386+0000] {processor.py:768} INFO - DAG(s) dict_keys(['hello']) retrieved from /opt/airflow/dags/hello.py
[2024-04-20T05:45:23.487+0000] {logging_mixin.py:117} INFO - [2024-04-20T05:45:23.487+0000] {dag.py:2573} INFO - Sync 1 DAGs
[2024-04-20T05:45:23.585+0000] {logging_mixin.py:117} INFO - [2024-04-20T05:45:23.584+0000] {dag.py:3328} INFO - Setting next_dagrun for hello to 2022-11-01T00:00:00+00:00, run_after=2022-11-02T00:00:00+00:00
[2024-04-20T05:45:23.641+0000] {processor.py:178} INFO - Processing /opt/airflow/dags/hello.py took 0.298 seconds
[2024-04-20T05:45:54.141+0000] {processor.py:156} INFO - Started process (PID=6697) to work on /opt/airflow/dags/hello.py
[2024-04-20T05:45:54.141+0000] {processor.py:758} INFO - Processing file /opt/airflow/dags/hello.py for tasks to queue
[2024-04-20T05:45:54.142+0000] {logging_mixin.py:117} INFO - [2024-04-20T05:45:54.142+0000] {dagbag.py:525} INFO - Filling up the DagBag from /opt/airflow/dags/hello.py
[2024-04-20T05:45:54.160+0000] {processor.py:768} INFO - DAG(s) dict_keys(['hello']) retrieved from /opt/airflow/dags/hello.py
[2024-04-20T05:45:54.212+0000] {logging_mixin.py:117} INFO - [2024-04-20T05:45:54.212+0000] {dag.py:2573} INFO - Sync 1 DAGs
[2024-04-20T05:45:54.244+0000] {logging_mixin.py:117} INFO - [2024-04-20T05:45:54.244+0000] {dag.py:3328} INFO - Setting next_dagrun for hello to 2022-11-01T00:00:00+00:00, run_after=2022-11-02T00:00:00+00:00
[2024-04-20T05:45:54.268+0000] {processor.py:178} INFO - Processing /opt/airflow/dags/hello.py took 0.132 seconds
[2024-04-20T05:46:24.975+0000] {processor.py:156} INFO - Started process (PID=6945) to work on /opt/airflow/dags/hello.py
[2024-04-20T05:46:24.976+0000] {processor.py:758} INFO - Processing file /opt/airflow/dags/hello.py for tasks to queue
[2024-04-20T05:46:24.976+0000] {logging_mixin.py:117} INFO - [2024-04-20T05:46:24.976+0000] {dagbag.py:525} INFO - Filling up the DagBag from /opt/airflow/dags/hello.py
[2024-04-20T05:46:25.006+0000] {processor.py:768} INFO - DAG(s) dict_keys(['hello']) retrieved from /opt/airflow/dags/hello.py
[2024-04-20T05:46:25.081+0000] {logging_mixin.py:117} INFO - [2024-04-20T05:46:25.081+0000] {dag.py:2573} INFO - Sync 1 DAGs
[2024-04-20T05:46:25.142+0000] {logging_mixin.py:117} INFO - [2024-04-20T05:46:25.141+0000] {dag.py:3328} INFO - Setting next_dagrun for hello to 2022-11-01T00:00:00+00:00, run_after=2022-11-02T00:00:00+00:00
[2024-04-20T05:46:25.171+0000] {processor.py:178} INFO - Processing /opt/airflow/dags/hello.py took 0.200 seconds
[2024-04-20T05:46:55.429+0000] {processor.py:156} INFO - Started process (PID=7198) to work on /opt/airflow/dags/hello.py
[2024-04-20T05:46:55.430+0000] {processor.py:758} INFO - Processing file /opt/airflow/dags/hello.py for tasks to queue
[2024-04-20T05:46:55.431+0000] {logging_mixin.py:117} INFO - [2024-04-20T05:46:55.430+0000] {dagbag.py:525} INFO - Filling up the DagBag from /opt/airflow/dags/hello.py
[2024-04-20T05:46:55.450+0000] {processor.py:768} INFO - DAG(s) dict_keys(['hello']) retrieved from /opt/airflow/dags/hello.py
[2024-04-20T05:46:55.543+0000] {logging_mixin.py:117} INFO - [2024-04-20T05:46:55.543+0000] {dag.py:2573} INFO - Sync 1 DAGs
[2024-04-20T05:46:55.601+0000] {logging_mixin.py:117} INFO - [2024-04-20T05:46:55.601+0000] {dag.py:3328} INFO - Setting next_dagrun for hello to 2022-11-01T00:00:00+00:00, run_after=2022-11-02T00:00:00+00:00
[2024-04-20T05:46:55.646+0000] {processor.py:178} INFO - Processing /opt/airflow/dags/hello.py took 0.220 seconds
[2024-04-20T05:47:25.782+0000] {processor.py:156} INFO - Started process (PID=7446) to work on /opt/airflow/dags/hello.py
[2024-04-20T05:47:25.783+0000] {processor.py:758} INFO - Processing file /opt/airflow/dags/hello.py for tasks to queue
[2024-04-20T05:47:25.784+0000] {logging_mixin.py:117} INFO - [2024-04-20T05:47:25.784+0000] {dagbag.py:525} INFO - Filling up the DagBag from /opt/airflow/dags/hello.py
[2024-04-20T05:47:25.804+0000] {processor.py:768} INFO - DAG(s) dict_keys(['hello']) retrieved from /opt/airflow/dags/hello.py
[2024-04-20T05:47:25.848+0000] {logging_mixin.py:117} INFO - [2024-04-20T05:47:25.847+0000] {dag.py:2573} INFO - Sync 1 DAGs
[2024-04-20T05:47:25.872+0000] {logging_mixin.py:117} INFO - [2024-04-20T05:47:25.871+0000] {dag.py:3328} INFO - Setting next_dagrun for hello to 2022-11-01T00:00:00+00:00, run_after=2022-11-02T00:00:00+00:00
[2024-04-20T05:47:25.893+0000] {processor.py:178} INFO - Processing /opt/airflow/dags/hello.py took 0.115 seconds
[2024-04-20T05:47:56.071+0000] {processor.py:156} INFO - Started process (PID=7699) to work on /opt/airflow/dags/hello.py
[2024-04-20T05:47:56.072+0000] {processor.py:758} INFO - Processing file /opt/airflow/dags/hello.py for tasks to queue
[2024-04-20T05:47:56.072+0000] {logging_mixin.py:117} INFO - [2024-04-20T05:47:56.072+0000] {dagbag.py:525} INFO - Filling up the DagBag from /opt/airflow/dags/hello.py
[2024-04-20T05:47:56.116+0000] {processor.py:768} INFO - DAG(s) dict_keys(['hello']) retrieved from /opt/airflow/dags/hello.py
[2024-04-20T05:47:56.186+0000] {logging_mixin.py:117} INFO - [2024-04-20T05:47:56.186+0000] {dag.py:2573} INFO - Sync 1 DAGs
[2024-04-20T05:47:56.219+0000] {logging_mixin.py:117} INFO - [2024-04-20T05:47:56.219+0000] {dag.py:3328} INFO - Setting next_dagrun for hello to 2022-11-01T00:00:00+00:00, run_after=2022-11-02T00:00:00+00:00
[2024-04-20T05:47:56.246+0000] {processor.py:178} INFO - Processing /opt/airflow/dags/hello.py took 0.181 seconds
[2024-04-20T05:48:26.608+0000] {processor.py:156} INFO - Started process (PID=7939) to work on /opt/airflow/dags/hello.py
[2024-04-20T05:48:26.611+0000] {processor.py:758} INFO - Processing file /opt/airflow/dags/hello.py for tasks to queue
[2024-04-20T05:48:26.614+0000] {logging_mixin.py:117} INFO - [2024-04-20T05:48:26.614+0000] {dagbag.py:525} INFO - Filling up the DagBag from /opt/airflow/dags/hello.py
[2024-04-20T05:48:26.685+0000] {processor.py:768} INFO - DAG(s) dict_keys(['hello']) retrieved from /opt/airflow/dags/hello.py
[2024-04-20T05:48:26.864+0000] {logging_mixin.py:117} INFO - [2024-04-20T05:48:26.864+0000] {dag.py:2573} INFO - Sync 1 DAGs
[2024-04-20T05:48:26.979+0000] {logging_mixin.py:117} INFO - [2024-04-20T05:48:26.979+0000] {dag.py:3328} INFO - Setting next_dagrun for hello to 2022-11-01T00:00:00+00:00, run_after=2022-11-02T00:00:00+00:00
[2024-04-20T05:48:27.022+0000] {processor.py:178} INFO - Processing /opt/airflow/dags/hello.py took 0.436 seconds
[2024-04-20T05:48:57.755+0000] {processor.py:156} INFO - Started process (PID=8182) to work on /opt/airflow/dags/hello.py
[2024-04-20T05:48:57.756+0000] {processor.py:758} INFO - Processing file /opt/airflow/dags/hello.py for tasks to queue
[2024-04-20T05:48:57.757+0000] {logging_mixin.py:117} INFO - [2024-04-20T05:48:57.756+0000] {dagbag.py:525} INFO - Filling up the DagBag from /opt/airflow/dags/hello.py
[2024-04-20T05:48:57.782+0000] {processor.py:768} INFO - DAG(s) dict_keys(['hello']) retrieved from /opt/airflow/dags/hello.py
[2024-04-20T05:48:57.891+0000] {logging_mixin.py:117} INFO - [2024-04-20T05:48:57.891+0000] {dag.py:2573} INFO - Sync 1 DAGs
[2024-04-20T05:48:57.996+0000] {logging_mixin.py:117} INFO - [2024-04-20T05:48:57.996+0000] {dag.py:3328} INFO - Setting next_dagrun for hello to 2022-11-01T00:00:00+00:00, run_after=2022-11-02T00:00:00+00:00
[2024-04-20T05:48:58.060+0000] {processor.py:178} INFO - Processing /opt/airflow/dags/hello.py took 0.309 seconds
[2024-04-20T05:49:28.205+0000] {processor.py:156} INFO - Started process (PID=8411) to work on /opt/airflow/dags/hello.py
[2024-04-20T05:49:28.206+0000] {processor.py:758} INFO - Processing file /opt/airflow/dags/hello.py for tasks to queue
[2024-04-20T05:49:28.208+0000] {logging_mixin.py:117} INFO - [2024-04-20T05:49:28.207+0000] {dagbag.py:525} INFO - Filling up the DagBag from /opt/airflow/dags/hello.py
[2024-04-20T05:49:28.260+0000] {processor.py:768} INFO - DAG(s) dict_keys(['hello']) retrieved from /opt/airflow/dags/hello.py
[2024-04-20T05:49:28.339+0000] {logging_mixin.py:117} INFO - [2024-04-20T05:49:28.338+0000] {dag.py:2573} INFO - Sync 1 DAGs
[2024-04-20T05:49:28.369+0000] {logging_mixin.py:117} INFO - [2024-04-20T05:49:28.368+0000] {dag.py:3328} INFO - Setting next_dagrun for hello to 2022-11-01T00:00:00+00:00, run_after=2022-11-02T00:00:00+00:00
[2024-04-20T05:49:28.394+0000] {processor.py:178} INFO - Processing /opt/airflow/dags/hello.py took 0.221 seconds
[2024-04-20T05:49:58.663+0000] {processor.py:156} INFO - Started process (PID=8660) to work on /opt/airflow/dags/hello.py
[2024-04-20T05:49:58.669+0000] {processor.py:758} INFO - Processing file /opt/airflow/dags/hello.py for tasks to queue
[2024-04-20T05:49:58.673+0000] {logging_mixin.py:117} INFO - [2024-04-20T05:49:58.673+0000] {dagbag.py:525} INFO - Filling up the DagBag from /opt/airflow/dags/hello.py
[2024-04-20T05:49:58.718+0000] {processor.py:768} INFO - DAG(s) dict_keys(['hello']) retrieved from /opt/airflow/dags/hello.py
[2024-04-20T05:49:58.934+0000] {logging_mixin.py:117} INFO - [2024-04-20T05:49:58.934+0000] {dag.py:2573} INFO - Sync 1 DAGs
[2024-04-20T05:49:59.093+0000] {logging_mixin.py:117} INFO - [2024-04-20T05:49:59.093+0000] {dag.py:3328} INFO - Setting next_dagrun for hello to 2022-11-01T00:00:00+00:00, run_after=2022-11-02T00:00:00+00:00
[2024-04-20T05:49:59.193+0000] {processor.py:178} INFO - Processing /opt/airflow/dags/hello.py took 0.533 seconds
[2024-04-20T05:50:29.366+0000] {processor.py:156} INFO - Started process (PID=8890) to work on /opt/airflow/dags/hello.py
[2024-04-20T05:50:29.367+0000] {processor.py:758} INFO - Processing file /opt/airflow/dags/hello.py for tasks to queue
[2024-04-20T05:50:29.368+0000] {logging_mixin.py:117} INFO - [2024-04-20T05:50:29.368+0000] {dagbag.py:525} INFO - Filling up the DagBag from /opt/airflow/dags/hello.py
[2024-04-20T05:50:29.387+0000] {processor.py:768} INFO - DAG(s) dict_keys(['hello']) retrieved from /opt/airflow/dags/hello.py
[2024-04-20T05:50:29.433+0000] {logging_mixin.py:117} INFO - [2024-04-20T05:50:29.433+0000] {dag.py:2573} INFO - Sync 1 DAGs
[2024-04-20T05:50:29.467+0000] {logging_mixin.py:117} INFO - [2024-04-20T05:50:29.466+0000] {dag.py:3328} INFO - Setting next_dagrun for hello to 2022-11-01T00:00:00+00:00, run_after=2022-11-02T00:00:00+00:00
[2024-04-20T05:50:29.493+0000] {processor.py:178} INFO - Processing /opt/airflow/dags/hello.py took 0.130 seconds
[2024-04-20T05:50:59.945+0000] {processor.py:156} INFO - Started process (PID=9119) to work on /opt/airflow/dags/hello.py
[2024-04-20T05:50:59.959+0000] {processor.py:758} INFO - Processing file /opt/airflow/dags/hello.py for tasks to queue
[2024-04-20T05:50:59.962+0000] {logging_mixin.py:117} INFO - [2024-04-20T05:50:59.961+0000] {dagbag.py:525} INFO - Filling up the DagBag from /opt/airflow/dags/hello.py
[2024-04-20T05:51:00.023+0000] {processor.py:768} INFO - DAG(s) dict_keys(['hello']) retrieved from /opt/airflow/dags/hello.py
[2024-04-20T05:51:00.095+0000] {logging_mixin.py:117} INFO - [2024-04-20T05:51:00.095+0000] {dag.py:2573} INFO - Sync 1 DAGs
[2024-04-20T05:51:00.127+0000] {logging_mixin.py:117} INFO - [2024-04-20T05:51:00.127+0000] {dag.py:3328} INFO - Setting next_dagrun for hello to 2022-11-01T00:00:00+00:00, run_after=2022-11-02T00:00:00+00:00
[2024-04-20T05:51:00.173+0000] {processor.py:178} INFO - Processing /opt/airflow/dags/hello.py took 0.249 seconds
[2024-04-20T05:51:30.271+0000] {processor.py:156} INFO - Started process (PID=9337) to work on /opt/airflow/dags/hello.py
[2024-04-20T05:51:30.272+0000] {processor.py:758} INFO - Processing file /opt/airflow/dags/hello.py for tasks to queue
[2024-04-20T05:51:30.273+0000] {logging_mixin.py:117} INFO - [2024-04-20T05:51:30.273+0000] {dagbag.py:525} INFO - Filling up the DagBag from /opt/airflow/dags/hello.py
[2024-04-20T05:51:30.314+0000] {processor.py:768} INFO - DAG(s) dict_keys(['hello']) retrieved from /opt/airflow/dags/hello.py
[2024-04-20T05:51:30.455+0000] {logging_mixin.py:117} INFO - [2024-04-20T05:51:30.455+0000] {dag.py:2573} INFO - Sync 1 DAGs
[2024-04-20T05:51:30.528+0000] {logging_mixin.py:117} INFO - [2024-04-20T05:51:30.528+0000] {dag.py:3328} INFO - Setting next_dagrun for hello to 2022-11-01T00:00:00+00:00, run_after=2022-11-02T00:00:00+00:00
[2024-04-20T05:51:30.603+0000] {processor.py:178} INFO - Processing /opt/airflow/dags/hello.py took 0.336 seconds
[2024-04-20T05:52:01.069+0000] {processor.py:156} INFO - Started process (PID=9568) to work on /opt/airflow/dags/hello.py
[2024-04-20T05:52:01.069+0000] {processor.py:758} INFO - Processing file /opt/airflow/dags/hello.py for tasks to queue
[2024-04-20T05:52:01.070+0000] {logging_mixin.py:117} INFO - [2024-04-20T05:52:01.070+0000] {dagbag.py:525} INFO - Filling up the DagBag from /opt/airflow/dags/hello.py
[2024-04-20T05:52:01.088+0000] {processor.py:768} INFO - DAG(s) dict_keys(['hello']) retrieved from /opt/airflow/dags/hello.py
[2024-04-20T05:52:01.134+0000] {logging_mixin.py:117} INFO - [2024-04-20T05:52:01.134+0000] {dag.py:2573} INFO - Sync 1 DAGs
[2024-04-20T05:52:01.170+0000] {logging_mixin.py:117} INFO - [2024-04-20T05:52:01.169+0000] {dag.py:3328} INFO - Setting next_dagrun for hello to 2022-11-01T00:00:00+00:00, run_after=2022-11-02T00:00:00+00:00
[2024-04-20T05:52:01.202+0000] {processor.py:178} INFO - Processing /opt/airflow/dags/hello.py took 0.137 seconds
[2024-04-20T05:52:31.617+0000] {processor.py:156} INFO - Started process (PID=9793) to work on /opt/airflow/dags/hello.py
[2024-04-20T05:52:31.618+0000] {processor.py:758} INFO - Processing file /opt/airflow/dags/hello.py for tasks to queue
[2024-04-20T05:52:31.625+0000] {logging_mixin.py:117} INFO - [2024-04-20T05:52:31.625+0000] {dagbag.py:525} INFO - Filling up the DagBag from /opt/airflow/dags/hello.py
[2024-04-20T05:52:31.664+0000] {processor.py:768} INFO - DAG(s) dict_keys(['hello']) retrieved from /opt/airflow/dags/hello.py
[2024-04-20T05:52:31.730+0000] {logging_mixin.py:117} INFO - [2024-04-20T05:52:31.730+0000] {dag.py:2573} INFO - Sync 1 DAGs
[2024-04-20T05:52:31.766+0000] {logging_mixin.py:117} INFO - [2024-04-20T05:52:31.766+0000] {dag.py:3328} INFO - Setting next_dagrun for hello to 2022-11-01T00:00:00+00:00, run_after=2022-11-02T00:00:00+00:00
[2024-04-20T05:52:31.793+0000] {processor.py:178} INFO - Processing /opt/airflow/dags/hello.py took 0.180 seconds
[2024-04-20T05:53:01.879+0000] {processor.py:156} INFO - Started process (PID=10009) to work on /opt/airflow/dags/hello.py
[2024-04-20T05:53:01.879+0000] {processor.py:758} INFO - Processing file /opt/airflow/dags/hello.py for tasks to queue
[2024-04-20T05:53:01.880+0000] {logging_mixin.py:117} INFO - [2024-04-20T05:53:01.880+0000] {dagbag.py:525} INFO - Filling up the DagBag from /opt/airflow/dags/hello.py
[2024-04-20T05:53:01.894+0000] {processor.py:768} INFO - DAG(s) dict_keys(['hello']) retrieved from /opt/airflow/dags/hello.py
[2024-04-20T05:53:01.928+0000] {logging_mixin.py:117} INFO - [2024-04-20T05:53:01.928+0000] {dag.py:2573} INFO - Sync 1 DAGs
[2024-04-20T05:53:01.949+0000] {logging_mixin.py:117} INFO - [2024-04-20T05:53:01.949+0000] {dag.py:3328} INFO - Setting next_dagrun for hello to 2022-11-01T00:00:00+00:00, run_after=2022-11-02T00:00:00+00:00
[2024-04-20T05:53:01.967+0000] {processor.py:178} INFO - Processing /opt/airflow/dags/hello.py took 0.091 seconds
[2024-04-20T05:53:32.696+0000] {processor.py:156} INFO - Started process (PID=10256) to work on /opt/airflow/dags/hello.py
[2024-04-20T05:53:32.697+0000] {processor.py:758} INFO - Processing file /opt/airflow/dags/hello.py for tasks to queue
[2024-04-20T05:53:32.697+0000] {logging_mixin.py:117} INFO - [2024-04-20T05:53:32.697+0000] {dagbag.py:525} INFO - Filling up the DagBag from /opt/airflow/dags/hello.py
[2024-04-20T05:53:32.722+0000] {processor.py:768} INFO - DAG(s) dict_keys(['hello']) retrieved from /opt/airflow/dags/hello.py
[2024-04-20T05:53:32.773+0000] {logging_mixin.py:117} INFO - [2024-04-20T05:53:32.773+0000] {dag.py:2573} INFO - Sync 1 DAGs
[2024-04-20T05:53:32.807+0000] {logging_mixin.py:117} INFO - [2024-04-20T05:53:32.806+0000] {dag.py:3328} INFO - Setting next_dagrun for hello to 2022-11-01T00:00:00+00:00, run_after=2022-11-02T00:00:00+00:00
[2024-04-20T05:53:32.831+0000] {processor.py:178} INFO - Processing /opt/airflow/dags/hello.py took 0.139 seconds
[2024-04-20T05:54:03.157+0000] {processor.py:156} INFO - Started process (PID=10479) to work on /opt/airflow/dags/hello.py
[2024-04-20T05:54:03.158+0000] {processor.py:758} INFO - Processing file /opt/airflow/dags/hello.py for tasks to queue
[2024-04-20T05:54:03.159+0000] {logging_mixin.py:117} INFO - [2024-04-20T05:54:03.159+0000] {dagbag.py:525} INFO - Filling up the DagBag from /opt/airflow/dags/hello.py
[2024-04-20T05:54:03.179+0000] {processor.py:768} INFO - DAG(s) dict_keys(['hello']) retrieved from /opt/airflow/dags/hello.py
[2024-04-20T05:54:03.249+0000] {logging_mixin.py:117} INFO - [2024-04-20T05:54:03.249+0000] {dag.py:2573} INFO - Sync 1 DAGs
[2024-04-20T05:54:03.321+0000] {logging_mixin.py:117} INFO - [2024-04-20T05:54:03.320+0000] {dag.py:3328} INFO - Setting next_dagrun for hello to 2022-11-01T00:00:00+00:00, run_after=2022-11-02T00:00:00+00:00
[2024-04-20T05:54:03.350+0000] {processor.py:178} INFO - Processing /opt/airflow/dags/hello.py took 0.196 seconds
[2024-04-20T05:54:34.011+0000] {processor.py:156} INFO - Started process (PID=10717) to work on /opt/airflow/dags/hello.py
[2024-04-20T05:54:34.022+0000] {processor.py:758} INFO - Processing file /opt/airflow/dags/hello.py for tasks to queue
[2024-04-20T05:54:34.023+0000] {logging_mixin.py:117} INFO - [2024-04-20T05:54:34.022+0000] {dagbag.py:525} INFO - Filling up the DagBag from /opt/airflow/dags/hello.py
[2024-04-20T05:54:34.081+0000] {processor.py:768} INFO - DAG(s) dict_keys(['hello']) retrieved from /opt/airflow/dags/hello.py
[2024-04-20T05:54:34.162+0000] {logging_mixin.py:117} INFO - [2024-04-20T05:54:34.162+0000] {dag.py:2573} INFO - Sync 1 DAGs
[2024-04-20T05:54:34.196+0000] {logging_mixin.py:117} INFO - [2024-04-20T05:54:34.195+0000] {dag.py:3328} INFO - Setting next_dagrun for hello to 2022-11-01T00:00:00+00:00, run_after=2022-11-02T00:00:00+00:00
[2024-04-20T05:54:34.220+0000] {processor.py:178} INFO - Processing /opt/airflow/dags/hello.py took 0.217 seconds
[2024-04-20T05:55:05.119+0000] {processor.py:156} INFO - Started process (PID=10945) to work on /opt/airflow/dags/hello.py
[2024-04-20T05:55:05.120+0000] {processor.py:758} INFO - Processing file /opt/airflow/dags/hello.py for tasks to queue
[2024-04-20T05:55:05.120+0000] {logging_mixin.py:117} INFO - [2024-04-20T05:55:05.120+0000] {dagbag.py:525} INFO - Filling up the DagBag from /opt/airflow/dags/hello.py
[2024-04-20T05:55:05.141+0000] {processor.py:768} INFO - DAG(s) dict_keys(['hello']) retrieved from /opt/airflow/dags/hello.py
[2024-04-20T05:55:05.188+0000] {logging_mixin.py:117} INFO - [2024-04-20T05:55:05.188+0000] {dag.py:2573} INFO - Sync 1 DAGs
[2024-04-20T05:55:05.221+0000] {logging_mixin.py:117} INFO - [2024-04-20T05:55:05.221+0000] {dag.py:3328} INFO - Setting next_dagrun for hello to 2022-11-01T00:00:00+00:00, run_after=2022-11-02T00:00:00+00:00
[2024-04-20T05:55:05.244+0000] {processor.py:178} INFO - Processing /opt/airflow/dags/hello.py took 0.128 seconds
[2024-04-20T05:55:35.761+0000] {processor.py:156} INFO - Started process (PID=11162) to work on /opt/airflow/dags/hello.py
[2024-04-20T05:55:35.762+0000] {processor.py:758} INFO - Processing file /opt/airflow/dags/hello.py for tasks to queue
[2024-04-20T05:55:35.762+0000] {logging_mixin.py:117} INFO - [2024-04-20T05:55:35.762+0000] {dagbag.py:525} INFO - Filling up the DagBag from /opt/airflow/dags/hello.py
[2024-04-20T05:55:35.800+0000] {processor.py:768} INFO - DAG(s) dict_keys(['hello']) retrieved from /opt/airflow/dags/hello.py
[2024-04-20T05:55:35.902+0000] {logging_mixin.py:117} INFO - [2024-04-20T05:55:35.902+0000] {dag.py:2573} INFO - Sync 1 DAGs
[2024-04-20T05:55:35.965+0000] {logging_mixin.py:117} INFO - [2024-04-20T05:55:35.965+0000] {dag.py:3328} INFO - Setting next_dagrun for hello to 2022-11-01T00:00:00+00:00, run_after=2022-11-02T00:00:00+00:00
[2024-04-20T05:55:35.999+0000] {processor.py:178} INFO - Processing /opt/airflow/dags/hello.py took 0.244 seconds
[2024-04-20T05:56:34.797+0000] {processor.py:156} INFO - Started process (PID=181) to work on /opt/airflow/dags/hello.py
[2024-04-20T05:56:34.810+0000] {processor.py:758} INFO - Processing file /opt/airflow/dags/hello.py for tasks to queue
[2024-04-20T05:56:34.811+0000] {logging_mixin.py:117} INFO - [2024-04-20T05:56:34.811+0000] {dagbag.py:525} INFO - Filling up the DagBag from /opt/airflow/dags/hello.py
[2024-04-20T05:56:34.895+0000] {processor.py:768} INFO - DAG(s) dict_keys(['hello']) retrieved from /opt/airflow/dags/hello.py
[2024-04-20T05:56:35.219+0000] {logging_mixin.py:117} INFO - [2024-04-20T05:56:35.219+0000] {dag.py:2573} INFO - Sync 1 DAGs
[2024-04-20T05:56:35.816+0000] {logging_mixin.py:117} INFO - [2024-04-20T05:56:35.815+0000] {dag.py:3328} INFO - Setting next_dagrun for hello to 2022-11-01T00:00:00+00:00, run_after=2022-11-02T00:00:00+00:00
[2024-04-20T05:56:35.860+0000] {processor.py:178} INFO - Processing /opt/airflow/dags/hello.py took 1.066 seconds
[2024-04-20T05:57:06.036+0000] {processor.py:156} INFO - Started process (PID=399) to work on /opt/airflow/dags/hello.py
[2024-04-20T05:57:06.037+0000] {processor.py:758} INFO - Processing file /opt/airflow/dags/hello.py for tasks to queue
[2024-04-20T05:57:06.037+0000] {logging_mixin.py:117} INFO - [2024-04-20T05:57:06.037+0000] {dagbag.py:525} INFO - Filling up the DagBag from /opt/airflow/dags/hello.py
[2024-04-20T05:57:06.065+0000] {processor.py:768} INFO - DAG(s) dict_keys(['hello']) retrieved from /opt/airflow/dags/hello.py
[2024-04-20T05:57:06.113+0000] {logging_mixin.py:117} INFO - [2024-04-20T05:57:06.113+0000] {dag.py:2573} INFO - Sync 1 DAGs
[2024-04-20T05:57:06.152+0000] {logging_mixin.py:117} INFO - [2024-04-20T05:57:06.152+0000] {dag.py:3328} INFO - Setting next_dagrun for hello to 2022-11-01T00:00:00+00:00, run_after=2022-11-02T00:00:00+00:00
[2024-04-20T05:57:06.191+0000] {processor.py:178} INFO - Processing /opt/airflow/dags/hello.py took 0.159 seconds
[2024-04-20T05:57:36.318+0000] {processor.py:156} INFO - Started process (PID=624) to work on /opt/airflow/dags/hello.py
[2024-04-20T05:57:36.319+0000] {processor.py:758} INFO - Processing file /opt/airflow/dags/hello.py for tasks to queue
[2024-04-20T05:57:36.320+0000] {logging_mixin.py:117} INFO - [2024-04-20T05:57:36.319+0000] {dagbag.py:525} INFO - Filling up the DagBag from /opt/airflow/dags/hello.py
[2024-04-20T05:57:36.368+0000] {processor.py:768} INFO - DAG(s) dict_keys(['hello']) retrieved from /opt/airflow/dags/hello.py
[2024-04-20T05:57:36.474+0000] {logging_mixin.py:117} INFO - [2024-04-20T05:57:36.474+0000] {dag.py:2573} INFO - Sync 1 DAGs
[2024-04-20T05:57:36.909+0000] {logging_mixin.py:117} INFO - [2024-04-20T05:57:36.909+0000] {dag.py:3328} INFO - Setting next_dagrun for hello to 2022-11-01T00:00:00+00:00, run_after=2022-11-02T00:00:00+00:00
[2024-04-20T05:57:36.956+0000] {processor.py:178} INFO - Processing /opt/airflow/dags/hello.py took 0.641 seconds
[2024-04-20T05:58:07.614+0000] {processor.py:156} INFO - Started process (PID=841) to work on /opt/airflow/dags/hello.py
[2024-04-20T05:58:07.616+0000] {processor.py:758} INFO - Processing file /opt/airflow/dags/hello.py for tasks to queue
[2024-04-20T05:58:07.616+0000] {logging_mixin.py:117} INFO - [2024-04-20T05:58:07.616+0000] {dagbag.py:525} INFO - Filling up the DagBag from /opt/airflow/dags/hello.py
[2024-04-20T05:58:07.641+0000] {processor.py:768} INFO - DAG(s) dict_keys(['hello']) retrieved from /opt/airflow/dags/hello.py
[2024-04-20T05:58:07.689+0000] {logging_mixin.py:117} INFO - [2024-04-20T05:58:07.689+0000] {dag.py:2573} INFO - Sync 1 DAGs
[2024-04-20T05:58:07.906+0000] {logging_mixin.py:117} INFO - [2024-04-20T05:58:07.906+0000] {dag.py:3328} INFO - Setting next_dagrun for hello to 2022-11-01T00:00:00+00:00, run_after=2022-11-02T00:00:00+00:00
[2024-04-20T05:58:07.945+0000] {processor.py:178} INFO - Processing /opt/airflow/dags/hello.py took 0.334 seconds
[2024-04-20T05:58:38.060+0000] {processor.py:156} INFO - Started process (PID=1068) to work on /opt/airflow/dags/hello.py
[2024-04-20T05:58:38.061+0000] {processor.py:758} INFO - Processing file /opt/airflow/dags/hello.py for tasks to queue
[2024-04-20T05:58:38.062+0000] {logging_mixin.py:117} INFO - [2024-04-20T05:58:38.062+0000] {dagbag.py:525} INFO - Filling up the DagBag from /opt/airflow/dags/hello.py
[2024-04-20T05:58:38.075+0000] {processor.py:768} INFO - DAG(s) dict_keys(['hello']) retrieved from /opt/airflow/dags/hello.py
[2024-04-20T05:58:38.224+0000] {logging_mixin.py:117} INFO - [2024-04-20T05:58:38.224+0000] {dag.py:2573} INFO - Sync 1 DAGs
[2024-04-20T05:58:38.244+0000] {logging_mixin.py:117} INFO - [2024-04-20T05:58:38.244+0000] {dag.py:3328} INFO - Setting next_dagrun for hello to 2022-11-01T00:00:00+00:00, run_after=2022-11-02T00:00:00+00:00
[2024-04-20T05:58:38.271+0000] {processor.py:178} INFO - Processing /opt/airflow/dags/hello.py took 0.213 seconds
[2024-04-20T05:59:08.401+0000] {processor.py:156} INFO - Started process (PID=1286) to work on /opt/airflow/dags/hello.py
[2024-04-20T05:59:08.402+0000] {processor.py:758} INFO - Processing file /opt/airflow/dags/hello.py for tasks to queue
[2024-04-20T05:59:08.403+0000] {logging_mixin.py:117} INFO - [2024-04-20T05:59:08.402+0000] {dagbag.py:525} INFO - Filling up the DagBag from /opt/airflow/dags/hello.py
[2024-04-20T05:59:08.416+0000] {processor.py:768} INFO - DAG(s) dict_keys(['hello']) retrieved from /opt/airflow/dags/hello.py
[2024-04-20T05:59:08.568+0000] {logging_mixin.py:117} INFO - [2024-04-20T05:59:08.568+0000] {dag.py:2573} INFO - Sync 1 DAGs
[2024-04-20T05:59:08.587+0000] {logging_mixin.py:117} INFO - [2024-04-20T05:59:08.587+0000] {dag.py:3328} INFO - Setting next_dagrun for hello to 2022-11-01T00:00:00+00:00, run_after=2022-11-02T00:00:00+00:00
[2024-04-20T05:59:08.608+0000] {processor.py:178} INFO - Processing /opt/airflow/dags/hello.py took 0.209 seconds
[2024-04-20T05:59:38.979+0000] {processor.py:156} INFO - Started process (PID=1514) to work on /opt/airflow/dags/hello.py
[2024-04-20T05:59:38.980+0000] {processor.py:758} INFO - Processing file /opt/airflow/dags/hello.py for tasks to queue
[2024-04-20T05:59:38.980+0000] {logging_mixin.py:117} INFO - [2024-04-20T05:59:38.980+0000] {dagbag.py:525} INFO - Filling up the DagBag from /opt/airflow/dags/hello.py
[2024-04-20T05:59:39.179+0000] {processor.py:768} INFO - DAG(s) dict_keys(['hello']) retrieved from /opt/airflow/dags/hello.py
[2024-04-20T05:59:39.212+0000] {logging_mixin.py:117} INFO - [2024-04-20T05:59:39.212+0000] {dag.py:2573} INFO - Sync 1 DAGs
[2024-04-20T05:59:39.234+0000] {logging_mixin.py:117} INFO - [2024-04-20T05:59:39.234+0000] {dag.py:3328} INFO - Setting next_dagrun for hello to 2022-11-01T00:00:00+00:00, run_after=2022-11-02T00:00:00+00:00
[2024-04-20T05:59:39.256+0000] {processor.py:178} INFO - Processing /opt/airflow/dags/hello.py took 0.279 seconds
[2024-04-20T06:00:09.678+0000] {processor.py:156} INFO - Started process (PID=1741) to work on /opt/airflow/dags/hello.py
[2024-04-20T06:00:09.682+0000] {processor.py:758} INFO - Processing file /opt/airflow/dags/hello.py for tasks to queue
[2024-04-20T06:00:09.683+0000] {logging_mixin.py:117} INFO - [2024-04-20T06:00:09.682+0000] {dagbag.py:525} INFO - Filling up the DagBag from /opt/airflow/dags/hello.py
[2024-04-20T06:00:09.705+0000] {processor.py:768} INFO - DAG(s) dict_keys(['hello']) retrieved from /opt/airflow/dags/hello.py
[2024-04-20T06:00:09.846+0000] {logging_mixin.py:117} INFO - [2024-04-20T06:00:09.846+0000] {dag.py:2573} INFO - Sync 1 DAGs
[2024-04-20T06:00:09.906+0000] {logging_mixin.py:117} INFO - [2024-04-20T06:00:09.905+0000] {dag.py:3328} INFO - Setting next_dagrun for hello to 2022-11-01T00:00:00+00:00, run_after=2022-11-02T00:00:00+00:00
[2024-04-20T06:00:09.930+0000] {processor.py:178} INFO - Processing /opt/airflow/dags/hello.py took 0.256 seconds
[2024-04-20T06:00:39.971+0000] {processor.py:156} INFO - Started process (PID=1959) to work on /opt/airflow/dags/hello.py
[2024-04-20T06:00:39.971+0000] {processor.py:758} INFO - Processing file /opt/airflow/dags/hello.py for tasks to queue
[2024-04-20T06:00:39.972+0000] {logging_mixin.py:117} INFO - [2024-04-20T06:00:39.972+0000] {dagbag.py:525} INFO - Filling up the DagBag from /opt/airflow/dags/hello.py
[2024-04-20T06:00:39.985+0000] {processor.py:768} INFO - DAG(s) dict_keys(['hello']) retrieved from /opt/airflow/dags/hello.py
[2024-04-20T06:00:40.020+0000] {logging_mixin.py:117} INFO - [2024-04-20T06:00:40.020+0000] {dag.py:2573} INFO - Sync 1 DAGs
[2024-04-20T06:00:40.042+0000] {logging_mixin.py:117} INFO - [2024-04-20T06:00:40.042+0000] {dag.py:3328} INFO - Setting next_dagrun for hello to 2022-11-01T00:00:00+00:00, run_after=2022-11-02T00:00:00+00:00
[2024-04-20T06:00:40.064+0000] {processor.py:178} INFO - Processing /opt/airflow/dags/hello.py took 0.095 seconds
[2024-04-20T06:01:10.611+0000] {processor.py:156} INFO - Started process (PID=2186) to work on /opt/airflow/dags/hello.py
[2024-04-20T06:01:10.612+0000] {processor.py:758} INFO - Processing file /opt/airflow/dags/hello.py for tasks to queue
[2024-04-20T06:01:10.612+0000] {logging_mixin.py:117} INFO - [2024-04-20T06:01:10.612+0000] {dagbag.py:525} INFO - Filling up the DagBag from /opt/airflow/dags/hello.py
[2024-04-20T06:01:10.627+0000] {processor.py:768} INFO - DAG(s) dict_keys(['hello']) retrieved from /opt/airflow/dags/hello.py
[2024-04-20T06:01:10.667+0000] {logging_mixin.py:117} INFO - [2024-04-20T06:01:10.667+0000] {dag.py:2573} INFO - Sync 1 DAGs
[2024-04-20T06:01:10.691+0000] {logging_mixin.py:117} INFO - [2024-04-20T06:01:10.691+0000] {dag.py:3328} INFO - Setting next_dagrun for hello to 2022-11-01T00:00:00+00:00, run_after=2022-11-02T00:00:00+00:00
[2024-04-20T06:01:10.716+0000] {processor.py:178} INFO - Processing /opt/airflow/dags/hello.py took 0.107 seconds
[2024-04-20T06:01:41.324+0000] {processor.py:156} INFO - Started process (PID=2414) to work on /opt/airflow/dags/hello.py
[2024-04-20T06:01:41.326+0000] {processor.py:758} INFO - Processing file /opt/airflow/dags/hello.py for tasks to queue
[2024-04-20T06:01:41.326+0000] {logging_mixin.py:117} INFO - [2024-04-20T06:01:41.326+0000] {dagbag.py:525} INFO - Filling up the DagBag from /opt/airflow/dags/hello.py
[2024-04-20T06:01:41.346+0000] {processor.py:768} INFO - DAG(s) dict_keys(['hello']) retrieved from /opt/airflow/dags/hello.py
[2024-04-20T06:01:41.395+0000] {logging_mixin.py:117} INFO - [2024-04-20T06:01:41.395+0000] {dag.py:2573} INFO - Sync 1 DAGs
[2024-04-20T06:01:41.437+0000] {logging_mixin.py:117} INFO - [2024-04-20T06:01:41.437+0000] {dag.py:3328} INFO - Setting next_dagrun for hello to 2022-11-01T00:00:00+00:00, run_after=2022-11-02T00:00:00+00:00
[2024-04-20T06:01:41.465+0000] {processor.py:178} INFO - Processing /opt/airflow/dags/hello.py took 0.144 seconds
[2024-04-20T06:02:11.853+0000] {processor.py:156} INFO - Started process (PID=2633) to work on /opt/airflow/dags/hello.py
[2024-04-20T06:02:11.858+0000] {processor.py:758} INFO - Processing file /opt/airflow/dags/hello.py for tasks to queue
[2024-04-20T06:02:11.859+0000] {logging_mixin.py:117} INFO - [2024-04-20T06:02:11.859+0000] {dagbag.py:525} INFO - Filling up the DagBag from /opt/airflow/dags/hello.py
[2024-04-20T06:02:11.887+0000] {processor.py:768} INFO - DAG(s) dict_keys(['hello']) retrieved from /opt/airflow/dags/hello.py
[2024-04-20T06:02:11.944+0000] {logging_mixin.py:117} INFO - [2024-04-20T06:02:11.943+0000] {dag.py:2573} INFO - Sync 1 DAGs
[2024-04-20T06:02:11.970+0000] {logging_mixin.py:117} INFO - [2024-04-20T06:02:11.970+0000] {dag.py:3328} INFO - Setting next_dagrun for hello to 2022-11-01T00:00:00+00:00, run_after=2022-11-02T00:00:00+00:00
[2024-04-20T06:02:11.991+0000] {processor.py:178} INFO - Processing /opt/airflow/dags/hello.py took 0.141 seconds
[2024-04-20T06:02:42.299+0000] {processor.py:156} INFO - Started process (PID=2860) to work on /opt/airflow/dags/hello.py
[2024-04-20T06:02:42.301+0000] {processor.py:758} INFO - Processing file /opt/airflow/dags/hello.py for tasks to queue
[2024-04-20T06:02:42.303+0000] {logging_mixin.py:117} INFO - [2024-04-20T06:02:42.302+0000] {dagbag.py:525} INFO - Filling up the DagBag from /opt/airflow/dags/hello.py
[2024-04-20T06:02:42.332+0000] {processor.py:768} INFO - DAG(s) dict_keys(['hello']) retrieved from /opt/airflow/dags/hello.py
[2024-04-20T06:02:42.392+0000] {logging_mixin.py:117} INFO - [2024-04-20T06:02:42.392+0000] {dag.py:2573} INFO - Sync 1 DAGs
[2024-04-20T06:02:42.413+0000] {logging_mixin.py:117} INFO - [2024-04-20T06:02:42.412+0000] {dag.py:3328} INFO - Setting next_dagrun for hello to 2022-11-01T00:00:00+00:00, run_after=2022-11-02T00:00:00+00:00
[2024-04-20T06:02:42.431+0000] {processor.py:178} INFO - Processing /opt/airflow/dags/hello.py took 0.136 seconds
[2024-04-20T06:03:12.963+0000] {processor.py:156} INFO - Started process (PID=3085) to work on /opt/airflow/dags/hello.py
[2024-04-20T06:03:12.964+0000] {processor.py:758} INFO - Processing file /opt/airflow/dags/hello.py for tasks to queue
[2024-04-20T06:03:12.966+0000] {logging_mixin.py:117} INFO - [2024-04-20T06:03:12.966+0000] {dagbag.py:525} INFO - Filling up the DagBag from /opt/airflow/dags/hello.py
[2024-04-20T06:03:13.010+0000] {processor.py:768} INFO - DAG(s) dict_keys(['hello']) retrieved from /opt/airflow/dags/hello.py
[2024-04-20T06:03:13.180+0000] {logging_mixin.py:117} INFO - [2024-04-20T06:03:13.180+0000] {dag.py:2573} INFO - Sync 1 DAGs
[2024-04-20T06:03:13.212+0000] {logging_mixin.py:117} INFO - [2024-04-20T06:03:13.212+0000] {dag.py:3328} INFO - Setting next_dagrun for hello to 2022-11-01T00:00:00+00:00, run_after=2022-11-02T00:00:00+00:00
[2024-04-20T06:03:13.240+0000] {processor.py:178} INFO - Processing /opt/airflow/dags/hello.py took 0.280 seconds
