[2024-04-20T05:31:36.309+0000] {processor.py:156} INFO - Started process (PID=172) to work on /opt/airflow/dags/my_dag.py
[2024-04-20T05:31:36.318+0000] {processor.py:758} INFO - Processing file /opt/airflow/dags/my_dag.py for tasks to queue
[2024-04-20T05:31:36.319+0000] {logging_mixin.py:117} INFO - [2024-04-20T05:31:36.319+0000] {dagbag.py:525} INFO - Filling up the DagBag from /opt/airflow/dags/my_dag.py
[2024-04-20T05:31:36.419+0000] {processor.py:768} INFO - DAG(s) dict_keys(['my_dag']) retrieved from /opt/airflow/dags/my_dag.py
[2024-04-20T05:31:37.190+0000] {logging_mixin.py:117} INFO - [2024-04-20T05:31:37.190+0000] {manager.py:507} INFO - Created Permission View: can delete on DAG:my_dag
[2024-04-20T05:31:37.214+0000] {logging_mixin.py:117} INFO - [2024-04-20T05:31:37.214+0000] {manager.py:507} INFO - Created Permission View: can edit on DAG:my_dag
[2024-04-20T05:31:37.227+0000] {logging_mixin.py:117} INFO - [2024-04-20T05:31:37.227+0000] {manager.py:507} INFO - Created Permission View: can read on DAG:my_dag
[2024-04-20T05:31:37.227+0000] {logging_mixin.py:117} INFO - [2024-04-20T05:31:37.227+0000] {dag.py:2573} INFO - Sync 1 DAGs
[2024-04-20T05:31:37.254+0000] {logging_mixin.py:117} INFO - [2024-04-20T05:31:37.254+0000] {dag.py:2594} INFO - Creating ORM DAG for my_dag
[2024-04-20T05:31:37.302+0000] {logging_mixin.py:117} INFO - [2024-04-20T05:31:37.302+0000] {dag.py:3328} INFO - Setting next_dagrun for my_dag to 2024-04-20T05:00:00+00:00, run_after=2024-04-20T05:30:00+00:00
[2024-04-20T05:31:37.361+0000] {processor.py:178} INFO - Processing /opt/airflow/dags/my_dag.py took 1.062 seconds
[2024-04-20T05:32:07.527+0000] {processor.py:156} INFO - Started process (PID=386) to work on /opt/airflow/dags/my_dag.py
[2024-04-20T05:32:07.528+0000] {processor.py:758} INFO - Processing file /opt/airflow/dags/my_dag.py for tasks to queue
[2024-04-20T05:32:07.529+0000] {logging_mixin.py:117} INFO - [2024-04-20T05:32:07.528+0000] {dagbag.py:525} INFO - Filling up the DagBag from /opt/airflow/dags/my_dag.py
[2024-04-20T05:32:07.553+0000] {processor.py:768} INFO - DAG(s) dict_keys(['my_dag']) retrieved from /opt/airflow/dags/my_dag.py
[2024-04-20T05:32:07.603+0000] {logging_mixin.py:117} INFO - [2024-04-20T05:32:07.603+0000] {dag.py:2573} INFO - Sync 1 DAGs
[2024-04-20T05:32:07.636+0000] {logging_mixin.py:117} INFO - [2024-04-20T05:32:07.636+0000] {dag.py:3328} INFO - Setting next_dagrun for my_dag to 2024-04-20T05:00:00+00:00, run_after=2024-04-20T05:30:00+00:00
[2024-04-20T05:32:07.859+0000] {processor.py:178} INFO - Processing /opt/airflow/dags/my_dag.py took 0.335 seconds
[2024-04-20T05:32:38.015+0000] {processor.py:156} INFO - Started process (PID=603) to work on /opt/airflow/dags/my_dag.py
[2024-04-20T05:32:38.016+0000] {processor.py:758} INFO - Processing file /opt/airflow/dags/my_dag.py for tasks to queue
[2024-04-20T05:32:38.016+0000] {logging_mixin.py:117} INFO - [2024-04-20T05:32:38.016+0000] {dagbag.py:525} INFO - Filling up the DagBag from /opt/airflow/dags/my_dag.py
[2024-04-20T05:32:38.097+0000] {processor.py:768} INFO - DAG(s) dict_keys(['my_dag']) retrieved from /opt/airflow/dags/my_dag.py
[2024-04-20T05:32:38.289+0000] {logging_mixin.py:117} INFO - [2024-04-20T05:32:38.289+0000] {dag.py:2573} INFO - Sync 1 DAGs
[2024-04-20T05:32:38.574+0000] {logging_mixin.py:117} INFO - [2024-04-20T05:32:38.573+0000] {dag.py:3328} INFO - Setting next_dagrun for my_dag to 2024-04-20T05:00:00+00:00, run_after=2024-04-20T05:30:00+00:00
[2024-04-20T05:32:38.597+0000] {processor.py:178} INFO - Processing /opt/airflow/dags/my_dag.py took 0.586 seconds
[2024-04-20T05:33:08.810+0000] {processor.py:156} INFO - Started process (PID=827) to work on /opt/airflow/dags/my_dag.py
[2024-04-20T05:33:08.811+0000] {processor.py:758} INFO - Processing file /opt/airflow/dags/my_dag.py for tasks to queue
[2024-04-20T05:33:08.811+0000] {logging_mixin.py:117} INFO - [2024-04-20T05:33:08.811+0000] {dagbag.py:525} INFO - Filling up the DagBag from /opt/airflow/dags/my_dag.py
[2024-04-20T05:33:08.833+0000] {processor.py:768} INFO - DAG(s) dict_keys(['my_dag']) retrieved from /opt/airflow/dags/my_dag.py
[2024-04-20T05:33:09.065+0000] {logging_mixin.py:117} INFO - [2024-04-20T05:33:09.065+0000] {dag.py:2573} INFO - Sync 1 DAGs
[2024-04-20T05:33:09.103+0000] {logging_mixin.py:117} INFO - [2024-04-20T05:33:09.103+0000] {dag.py:3328} INFO - Setting next_dagrun for my_dag to 2024-04-20T05:00:00+00:00, run_after=2024-04-20T05:30:00+00:00
[2024-04-20T05:33:09.128+0000] {processor.py:178} INFO - Processing /opt/airflow/dags/my_dag.py took 0.321 seconds
[2024-04-20T05:33:39.366+0000] {processor.py:156} INFO - Started process (PID=1040) to work on /opt/airflow/dags/my_dag.py
[2024-04-20T05:33:39.367+0000] {processor.py:758} INFO - Processing file /opt/airflow/dags/my_dag.py for tasks to queue
[2024-04-20T05:33:39.368+0000] {logging_mixin.py:117} INFO - [2024-04-20T05:33:39.368+0000] {dagbag.py:525} INFO - Filling up the DagBag from /opt/airflow/dags/my_dag.py
[2024-04-20T05:33:39.390+0000] {processor.py:768} INFO - DAG(s) dict_keys(['my_dag']) retrieved from /opt/airflow/dags/my_dag.py
[2024-04-20T05:33:39.595+0000] {logging_mixin.py:117} INFO - [2024-04-20T05:33:39.595+0000] {dag.py:2573} INFO - Sync 1 DAGs
[2024-04-20T05:33:39.626+0000] {logging_mixin.py:117} INFO - [2024-04-20T05:33:39.626+0000] {dag.py:3328} INFO - Setting next_dagrun for my_dag to 2024-04-20T05:00:00+00:00, run_after=2024-04-20T05:30:00+00:00
[2024-04-20T05:33:39.653+0000] {processor.py:178} INFO - Processing /opt/airflow/dags/my_dag.py took 0.291 seconds
[2024-04-20T05:34:09.846+0000] {processor.py:156} INFO - Started process (PID=1256) to work on /opt/airflow/dags/my_dag.py
[2024-04-20T05:34:09.847+0000] {processor.py:758} INFO - Processing file /opt/airflow/dags/my_dag.py for tasks to queue
[2024-04-20T05:34:09.847+0000] {logging_mixin.py:117} INFO - [2024-04-20T05:34:09.847+0000] {dagbag.py:525} INFO - Filling up the DagBag from /opt/airflow/dags/my_dag.py
[2024-04-20T05:34:09.870+0000] {processor.py:768} INFO - DAG(s) dict_keys(['my_dag']) retrieved from /opt/airflow/dags/my_dag.py
[2024-04-20T05:34:10.065+0000] {logging_mixin.py:117} INFO - [2024-04-20T05:34:10.065+0000] {dag.py:2573} INFO - Sync 1 DAGs
[2024-04-20T05:34:10.096+0000] {logging_mixin.py:117} INFO - [2024-04-20T05:34:10.096+0000] {dag.py:3328} INFO - Setting next_dagrun for my_dag to 2024-04-20T05:00:00+00:00, run_after=2024-04-20T05:30:00+00:00
[2024-04-20T05:34:10.124+0000] {processor.py:178} INFO - Processing /opt/airflow/dags/my_dag.py took 0.280 seconds
[2024-04-20T05:34:40.803+0000] {processor.py:156} INFO - Started process (PID=1472) to work on /opt/airflow/dags/my_dag.py
[2024-04-20T05:34:40.804+0000] {processor.py:758} INFO - Processing file /opt/airflow/dags/my_dag.py for tasks to queue
[2024-04-20T05:34:40.805+0000] {logging_mixin.py:117} INFO - [2024-04-20T05:34:40.805+0000] {dagbag.py:525} INFO - Filling up the DagBag from /opt/airflow/dags/my_dag.py
[2024-04-20T05:34:41.140+0000] {processor.py:768} INFO - DAG(s) dict_keys(['my_dag']) retrieved from /opt/airflow/dags/my_dag.py
[2024-04-20T05:34:41.254+0000] {logging_mixin.py:117} INFO - [2024-04-20T05:34:41.250+0000] {dag.py:2573} INFO - Sync 1 DAGs
[2024-04-20T05:34:41.345+0000] {logging_mixin.py:117} INFO - [2024-04-20T05:34:41.345+0000] {dag.py:3328} INFO - Setting next_dagrun for my_dag to 2024-04-20T05:00:00+00:00, run_after=2024-04-20T05:30:00+00:00
[2024-04-20T05:34:41.424+0000] {processor.py:178} INFO - Processing /opt/airflow/dags/my_dag.py took 0.624 seconds
[2024-04-20T05:35:11.850+0000] {processor.py:156} INFO - Started process (PID=1685) to work on /opt/airflow/dags/my_dag.py
[2024-04-20T05:35:11.850+0000] {processor.py:758} INFO - Processing file /opt/airflow/dags/my_dag.py for tasks to queue
[2024-04-20T05:35:11.851+0000] {logging_mixin.py:117} INFO - [2024-04-20T05:35:11.851+0000] {dagbag.py:525} INFO - Filling up the DagBag from /opt/airflow/dags/my_dag.py
[2024-04-20T05:35:11.873+0000] {processor.py:768} INFO - DAG(s) dict_keys(['my_dag']) retrieved from /opt/airflow/dags/my_dag.py
[2024-04-20T05:35:11.963+0000] {logging_mixin.py:117} INFO - [2024-04-20T05:35:11.962+0000] {dag.py:2573} INFO - Sync 1 DAGs
[2024-04-20T05:35:12.012+0000] {logging_mixin.py:117} INFO - [2024-04-20T05:35:12.012+0000] {dag.py:3328} INFO - Setting next_dagrun for my_dag to 2024-04-20T05:00:00+00:00, run_after=2024-04-20T05:30:00+00:00
[2024-04-20T05:35:12.063+0000] {processor.py:178} INFO - Processing /opt/airflow/dags/my_dag.py took 0.217 seconds
[2024-04-20T05:35:42.200+0000] {processor.py:156} INFO - Started process (PID=1868) to work on /opt/airflow/dags/my_dag.py
[2024-04-20T05:35:42.202+0000] {processor.py:758} INFO - Processing file /opt/airflow/dags/my_dag.py for tasks to queue
[2024-04-20T05:35:42.204+0000] {logging_mixin.py:117} INFO - [2024-04-20T05:35:42.204+0000] {dagbag.py:525} INFO - Filling up the DagBag from /opt/airflow/dags/my_dag.py
[2024-04-20T05:35:42.248+0000] {processor.py:768} INFO - DAG(s) dict_keys(['my_dag']) retrieved from /opt/airflow/dags/my_dag.py
[2024-04-20T05:35:42.368+0000] {logging_mixin.py:117} INFO - [2024-04-20T05:35:42.368+0000] {dag.py:2573} INFO - Sync 1 DAGs
[2024-04-20T05:35:42.446+0000] {logging_mixin.py:117} INFO - [2024-04-20T05:35:42.446+0000] {dag.py:3328} INFO - Setting next_dagrun for my_dag to 2024-04-20T05:00:00+00:00, run_after=2024-04-20T05:30:00+00:00
[2024-04-20T05:35:42.525+0000] {processor.py:178} INFO - Processing /opt/airflow/dags/my_dag.py took 0.328 seconds
[2024-04-20T05:36:12.988+0000] {processor.py:156} INFO - Started process (PID=2084) to work on /opt/airflow/dags/my_dag.py
[2024-04-20T05:36:12.989+0000] {processor.py:758} INFO - Processing file /opt/airflow/dags/my_dag.py for tasks to queue
[2024-04-20T05:36:12.990+0000] {logging_mixin.py:117} INFO - [2024-04-20T05:36:12.990+0000] {dagbag.py:525} INFO - Filling up the DagBag from /opt/airflow/dags/my_dag.py
[2024-04-20T05:36:13.014+0000] {processor.py:768} INFO - DAG(s) dict_keys(['my_dag']) retrieved from /opt/airflow/dags/my_dag.py
[2024-04-20T05:36:13.068+0000] {logging_mixin.py:117} INFO - [2024-04-20T05:36:13.067+0000] {dag.py:2573} INFO - Sync 1 DAGs
[2024-04-20T05:36:13.156+0000] {logging_mixin.py:117} INFO - [2024-04-20T05:36:13.156+0000] {dag.py:3328} INFO - Setting next_dagrun for my_dag to 2024-04-20T05:00:00+00:00, run_after=2024-04-20T05:30:00+00:00
[2024-04-20T05:36:13.222+0000] {processor.py:178} INFO - Processing /opt/airflow/dags/my_dag.py took 0.237 seconds
[2024-04-20T05:36:43.419+0000] {processor.py:156} INFO - Started process (PID=2321) to work on /opt/airflow/dags/my_dag.py
[2024-04-20T05:36:43.420+0000] {processor.py:758} INFO - Processing file /opt/airflow/dags/my_dag.py for tasks to queue
[2024-04-20T05:36:43.420+0000] {logging_mixin.py:117} INFO - [2024-04-20T05:36:43.420+0000] {dagbag.py:525} INFO - Filling up the DagBag from /opt/airflow/dags/my_dag.py
[2024-04-20T05:36:43.445+0000] {processor.py:768} INFO - DAG(s) dict_keys(['my_dag']) retrieved from /opt/airflow/dags/my_dag.py
[2024-04-20T05:36:43.489+0000] {logging_mixin.py:117} INFO - [2024-04-20T05:36:43.489+0000] {dag.py:2573} INFO - Sync 1 DAGs
[2024-04-20T05:36:43.524+0000] {logging_mixin.py:117} INFO - [2024-04-20T05:36:43.524+0000] {dag.py:3328} INFO - Setting next_dagrun for my_dag to 2024-04-20T05:00:00+00:00, run_after=2024-04-20T05:30:00+00:00
[2024-04-20T05:36:43.555+0000] {processor.py:178} INFO - Processing /opt/airflow/dags/my_dag.py took 0.140 seconds
[2024-04-20T05:37:14.100+0000] {processor.py:156} INFO - Started process (PID=2584) to work on /opt/airflow/dags/my_dag.py
[2024-04-20T05:37:14.102+0000] {processor.py:758} INFO - Processing file /opt/airflow/dags/my_dag.py for tasks to queue
[2024-04-20T05:37:14.106+0000] {logging_mixin.py:117} INFO - [2024-04-20T05:37:14.104+0000] {dagbag.py:525} INFO - Filling up the DagBag from /opt/airflow/dags/my_dag.py
[2024-04-20T05:37:14.143+0000] {processor.py:768} INFO - DAG(s) dict_keys(['my_dag']) retrieved from /opt/airflow/dags/my_dag.py
[2024-04-20T05:37:14.196+0000] {logging_mixin.py:117} INFO - [2024-04-20T05:37:14.196+0000] {dag.py:2573} INFO - Sync 1 DAGs
[2024-04-20T05:37:14.233+0000] {logging_mixin.py:117} INFO - [2024-04-20T05:37:14.233+0000] {dag.py:3328} INFO - Setting next_dagrun for my_dag to 2024-04-20T05:00:00+00:00, run_after=2024-04-20T05:30:00+00:00
[2024-04-20T05:37:14.261+0000] {processor.py:178} INFO - Processing /opt/airflow/dags/my_dag.py took 0.165 seconds
[2024-04-20T05:37:44.698+0000] {processor.py:156} INFO - Started process (PID=2843) to work on /opt/airflow/dags/my_dag.py
[2024-04-20T05:37:44.699+0000] {processor.py:758} INFO - Processing file /opt/airflow/dags/my_dag.py for tasks to queue
[2024-04-20T05:37:44.700+0000] {logging_mixin.py:117} INFO - [2024-04-20T05:37:44.700+0000] {dagbag.py:525} INFO - Filling up the DagBag from /opt/airflow/dags/my_dag.py
[2024-04-20T05:37:44.723+0000] {processor.py:768} INFO - DAG(s) dict_keys(['my_dag']) retrieved from /opt/airflow/dags/my_dag.py
[2024-04-20T05:37:44.772+0000] {logging_mixin.py:117} INFO - [2024-04-20T05:37:44.772+0000] {dag.py:2573} INFO - Sync 1 DAGs
[2024-04-20T05:37:44.807+0000] {logging_mixin.py:117} INFO - [2024-04-20T05:37:44.806+0000] {dag.py:3328} INFO - Setting next_dagrun for my_dag to 2024-04-20T05:00:00+00:00, run_after=2024-04-20T05:30:00+00:00
[2024-04-20T05:37:44.831+0000] {processor.py:178} INFO - Processing /opt/airflow/dags/my_dag.py took 0.136 seconds
[2024-04-20T05:38:15.035+0000] {processor.py:156} INFO - Started process (PID=3063) to work on /opt/airflow/dags/my_dag.py
[2024-04-20T05:38:15.036+0000] {processor.py:758} INFO - Processing file /opt/airflow/dags/my_dag.py for tasks to queue
[2024-04-20T05:38:15.036+0000] {logging_mixin.py:117} INFO - [2024-04-20T05:38:15.036+0000] {dagbag.py:525} INFO - Filling up the DagBag from /opt/airflow/dags/my_dag.py
[2024-04-20T05:38:15.063+0000] {processor.py:768} INFO - DAG(s) dict_keys(['my_dag']) retrieved from /opt/airflow/dags/my_dag.py
[2024-04-20T05:38:15.111+0000] {logging_mixin.py:117} INFO - [2024-04-20T05:38:15.111+0000] {dag.py:2573} INFO - Sync 1 DAGs
[2024-04-20T05:38:15.148+0000] {logging_mixin.py:117} INFO - [2024-04-20T05:38:15.148+0000] {dag.py:3328} INFO - Setting next_dagrun for my_dag to 2024-04-20T05:00:00+00:00, run_after=2024-04-20T05:30:00+00:00
[2024-04-20T05:38:15.176+0000] {processor.py:178} INFO - Processing /opt/airflow/dags/my_dag.py took 0.144 seconds
[2024-04-20T05:38:45.586+0000] {processor.py:156} INFO - Started process (PID=3291) to work on /opt/airflow/dags/my_dag.py
[2024-04-20T05:38:45.586+0000] {processor.py:758} INFO - Processing file /opt/airflow/dags/my_dag.py for tasks to queue
[2024-04-20T05:38:45.587+0000] {logging_mixin.py:117} INFO - [2024-04-20T05:38:45.587+0000] {dagbag.py:525} INFO - Filling up the DagBag from /opt/airflow/dags/my_dag.py
[2024-04-20T05:38:45.609+0000] {processor.py:768} INFO - DAG(s) dict_keys(['my_dag']) retrieved from /opt/airflow/dags/my_dag.py
[2024-04-20T05:38:45.658+0000] {logging_mixin.py:117} INFO - [2024-04-20T05:38:45.658+0000] {dag.py:2573} INFO - Sync 1 DAGs
[2024-04-20T05:38:45.693+0000] {logging_mixin.py:117} INFO - [2024-04-20T05:38:45.693+0000] {dag.py:3328} INFO - Setting next_dagrun for my_dag to 2024-04-20T05:00:00+00:00, run_after=2024-04-20T05:30:00+00:00
[2024-04-20T05:38:45.717+0000] {processor.py:178} INFO - Processing /opt/airflow/dags/my_dag.py took 0.134 seconds
[2024-04-20T05:39:16.099+0000] {processor.py:156} INFO - Started process (PID=3520) to work on /opt/airflow/dags/my_dag.py
[2024-04-20T05:39:16.100+0000] {processor.py:758} INFO - Processing file /opt/airflow/dags/my_dag.py for tasks to queue
[2024-04-20T05:39:16.100+0000] {logging_mixin.py:117} INFO - [2024-04-20T05:39:16.100+0000] {dagbag.py:525} INFO - Filling up the DagBag from /opt/airflow/dags/my_dag.py
[2024-04-20T05:39:16.123+0000] {processor.py:768} INFO - DAG(s) dict_keys(['my_dag']) retrieved from /opt/airflow/dags/my_dag.py
[2024-04-20T05:39:16.172+0000] {logging_mixin.py:117} INFO - [2024-04-20T05:39:16.171+0000] {dag.py:2573} INFO - Sync 1 DAGs
[2024-04-20T05:39:16.205+0000] {logging_mixin.py:117} INFO - [2024-04-20T05:39:16.205+0000] {dag.py:3328} INFO - Setting next_dagrun for my_dag to 2024-04-20T05:00:00+00:00, run_after=2024-04-20T05:30:00+00:00
[2024-04-20T05:39:16.229+0000] {processor.py:178} INFO - Processing /opt/airflow/dags/my_dag.py took 0.134 seconds
[2024-04-20T05:39:46.672+0000] {processor.py:156} INFO - Started process (PID=3762) to work on /opt/airflow/dags/my_dag.py
[2024-04-20T05:39:46.673+0000] {processor.py:758} INFO - Processing file /opt/airflow/dags/my_dag.py for tasks to queue
[2024-04-20T05:39:46.673+0000] {logging_mixin.py:117} INFO - [2024-04-20T05:39:46.673+0000] {dagbag.py:525} INFO - Filling up the DagBag from /opt/airflow/dags/my_dag.py
[2024-04-20T05:39:46.695+0000] {processor.py:768} INFO - DAG(s) dict_keys(['my_dag']) retrieved from /opt/airflow/dags/my_dag.py
[2024-04-20T05:39:46.857+0000] {logging_mixin.py:117} INFO - [2024-04-20T05:39:46.849+0000] {dag.py:2573} INFO - Sync 1 DAGs
[2024-04-20T05:39:46.898+0000] {logging_mixin.py:117} INFO - [2024-04-20T05:39:46.898+0000] {dag.py:3328} INFO - Setting next_dagrun for my_dag to 2024-04-20T05:00:00+00:00, run_after=2024-04-20T05:30:00+00:00
[2024-04-20T05:39:46.925+0000] {processor.py:178} INFO - Processing /opt/airflow/dags/my_dag.py took 0.256 seconds
[2024-04-20T05:40:17.059+0000] {processor.py:156} INFO - Started process (PID=3990) to work on /opt/airflow/dags/my_dag.py
[2024-04-20T05:40:17.060+0000] {processor.py:758} INFO - Processing file /opt/airflow/dags/my_dag.py for tasks to queue
[2024-04-20T05:40:17.061+0000] {logging_mixin.py:117} INFO - [2024-04-20T05:40:17.061+0000] {dagbag.py:525} INFO - Filling up the DagBag from /opt/airflow/dags/my_dag.py
[2024-04-20T05:40:17.085+0000] {processor.py:768} INFO - DAG(s) dict_keys(['my_dag']) retrieved from /opt/airflow/dags/my_dag.py
[2024-04-20T05:40:17.145+0000] {logging_mixin.py:117} INFO - [2024-04-20T05:40:17.145+0000] {dag.py:2573} INFO - Sync 1 DAGs
[2024-04-20T05:40:17.183+0000] {logging_mixin.py:117} INFO - [2024-04-20T05:40:17.183+0000] {dag.py:3328} INFO - Setting next_dagrun for my_dag to 2024-04-20T05:00:00+00:00, run_after=2024-04-20T05:30:00+00:00
[2024-04-20T05:40:17.220+0000] {processor.py:178} INFO - Processing /opt/airflow/dags/my_dag.py took 0.165 seconds
[2024-04-20T05:40:47.381+0000] {processor.py:156} INFO - Started process (PID=4215) to work on /opt/airflow/dags/my_dag.py
[2024-04-20T05:40:47.382+0000] {processor.py:758} INFO - Processing file /opt/airflow/dags/my_dag.py for tasks to queue
[2024-04-20T05:40:47.383+0000] {logging_mixin.py:117} INFO - [2024-04-20T05:40:47.382+0000] {dagbag.py:525} INFO - Filling up the DagBag from /opt/airflow/dags/my_dag.py
[2024-04-20T05:40:47.417+0000] {processor.py:768} INFO - DAG(s) dict_keys(['my_dag']) retrieved from /opt/airflow/dags/my_dag.py
[2024-04-20T05:40:47.494+0000] {logging_mixin.py:117} INFO - [2024-04-20T05:40:47.494+0000] {dag.py:2573} INFO - Sync 1 DAGs
[2024-04-20T05:40:47.539+0000] {logging_mixin.py:117} INFO - [2024-04-20T05:40:47.539+0000] {dag.py:3328} INFO - Setting next_dagrun for my_dag to 2024-04-20T05:00:00+00:00, run_after=2024-04-20T05:30:00+00:00
[2024-04-20T05:40:47.563+0000] {processor.py:178} INFO - Processing /opt/airflow/dags/my_dag.py took 0.185 seconds
[2024-04-20T05:41:18.084+0000] {processor.py:156} INFO - Started process (PID=4435) to work on /opt/airflow/dags/my_dag.py
[2024-04-20T05:41:18.089+0000] {processor.py:758} INFO - Processing file /opt/airflow/dags/my_dag.py for tasks to queue
[2024-04-20T05:41:18.091+0000] {logging_mixin.py:117} INFO - [2024-04-20T05:41:18.091+0000] {dagbag.py:525} INFO - Filling up the DagBag from /opt/airflow/dags/my_dag.py
[2024-04-20T05:41:18.136+0000] {processor.py:768} INFO - DAG(s) dict_keys(['my_dag']) retrieved from /opt/airflow/dags/my_dag.py
[2024-04-20T05:41:18.309+0000] {logging_mixin.py:117} INFO - [2024-04-20T05:41:18.309+0000] {dag.py:2573} INFO - Sync 1 DAGs
[2024-04-20T05:41:18.385+0000] {logging_mixin.py:117} INFO - [2024-04-20T05:41:18.385+0000] {dag.py:3328} INFO - Setting next_dagrun for my_dag to 2024-04-20T05:00:00+00:00, run_after=2024-04-20T05:30:00+00:00
[2024-04-20T05:41:18.429+0000] {processor.py:178} INFO - Processing /opt/airflow/dags/my_dag.py took 0.359 seconds
[2024-04-20T05:41:48.793+0000] {processor.py:156} INFO - Started process (PID=4662) to work on /opt/airflow/dags/my_dag.py
[2024-04-20T05:41:48.809+0000] {processor.py:758} INFO - Processing file /opt/airflow/dags/my_dag.py for tasks to queue
[2024-04-20T05:41:48.810+0000] {logging_mixin.py:117} INFO - [2024-04-20T05:41:48.809+0000] {dagbag.py:525} INFO - Filling up the DagBag from /opt/airflow/dags/my_dag.py
[2024-04-20T05:41:48.836+0000] {processor.py:768} INFO - DAG(s) dict_keys(['my_dag']) retrieved from /opt/airflow/dags/my_dag.py
[2024-04-20T05:41:48.916+0000] {logging_mixin.py:117} INFO - [2024-04-20T05:41:48.916+0000] {dag.py:2573} INFO - Sync 1 DAGs
[2024-04-20T05:41:48.986+0000] {logging_mixin.py:117} INFO - [2024-04-20T05:41:48.985+0000] {dag.py:3328} INFO - Setting next_dagrun for my_dag to 2024-04-20T05:00:00+00:00, run_after=2024-04-20T05:30:00+00:00
[2024-04-20T05:41:49.014+0000] {processor.py:178} INFO - Processing /opt/airflow/dags/my_dag.py took 0.224 seconds
[2024-04-20T05:42:19.333+0000] {processor.py:156} INFO - Started process (PID=4914) to work on /opt/airflow/dags/my_dag.py
[2024-04-20T05:42:19.334+0000] {processor.py:758} INFO - Processing file /opt/airflow/dags/my_dag.py for tasks to queue
[2024-04-20T05:42:19.335+0000] {logging_mixin.py:117} INFO - [2024-04-20T05:42:19.335+0000] {dagbag.py:525} INFO - Filling up the DagBag from /opt/airflow/dags/my_dag.py
[2024-04-20T05:42:19.355+0000] {processor.py:768} INFO - DAG(s) dict_keys(['my_dag']) retrieved from /opt/airflow/dags/my_dag.py
[2024-04-20T05:42:19.404+0000] {logging_mixin.py:117} INFO - [2024-04-20T05:42:19.404+0000] {dag.py:2573} INFO - Sync 1 DAGs
[2024-04-20T05:42:19.441+0000] {logging_mixin.py:117} INFO - [2024-04-20T05:42:19.441+0000] {dag.py:3328} INFO - Setting next_dagrun for my_dag to 2024-04-20T05:00:00+00:00, run_after=2024-04-20T05:30:00+00:00
[2024-04-20T05:42:19.480+0000] {processor.py:178} INFO - Processing /opt/airflow/dags/my_dag.py took 0.150 seconds
[2024-04-20T05:42:49.995+0000] {processor.py:156} INFO - Started process (PID=5160) to work on /opt/airflow/dags/my_dag.py
[2024-04-20T05:42:50.001+0000] {processor.py:758} INFO - Processing file /opt/airflow/dags/my_dag.py for tasks to queue
[2024-04-20T05:42:50.003+0000] {logging_mixin.py:117} INFO - [2024-04-20T05:42:50.003+0000] {dagbag.py:525} INFO - Filling up the DagBag from /opt/airflow/dags/my_dag.py
[2024-04-20T05:42:50.105+0000] {processor.py:768} INFO - DAG(s) dict_keys(['my_dag']) retrieved from /opt/airflow/dags/my_dag.py
[2024-04-20T05:42:50.202+0000] {logging_mixin.py:117} INFO - [2024-04-20T05:42:50.202+0000] {dag.py:2573} INFO - Sync 1 DAGs
[2024-04-20T05:42:50.254+0000] {logging_mixin.py:117} INFO - [2024-04-20T05:42:50.254+0000] {dag.py:3328} INFO - Setting next_dagrun for my_dag to 2024-04-20T05:00:00+00:00, run_after=2024-04-20T05:30:00+00:00
[2024-04-20T05:42:50.293+0000] {processor.py:178} INFO - Processing /opt/airflow/dags/my_dag.py took 0.311 seconds
[2024-04-20T05:43:20.387+0000] {processor.py:156} INFO - Started process (PID=5422) to work on /opt/airflow/dags/my_dag.py
[2024-04-20T05:43:20.387+0000] {processor.py:758} INFO - Processing file /opt/airflow/dags/my_dag.py for tasks to queue
[2024-04-20T05:43:20.388+0000] {logging_mixin.py:117} INFO - [2024-04-20T05:43:20.388+0000] {dagbag.py:525} INFO - Filling up the DagBag from /opt/airflow/dags/my_dag.py
[2024-04-20T05:43:20.410+0000] {processor.py:768} INFO - DAG(s) dict_keys(['my_dag']) retrieved from /opt/airflow/dags/my_dag.py
[2024-04-20T05:43:20.465+0000] {logging_mixin.py:117} INFO - [2024-04-20T05:43:20.465+0000] {dag.py:2573} INFO - Sync 1 DAGs
[2024-04-20T05:43:20.512+0000] {logging_mixin.py:117} INFO - [2024-04-20T05:43:20.511+0000] {dag.py:3328} INFO - Setting next_dagrun for my_dag to 2024-04-20T05:00:00+00:00, run_after=2024-04-20T05:30:00+00:00
[2024-04-20T05:43:20.534+0000] {processor.py:178} INFO - Processing /opt/airflow/dags/my_dag.py took 0.150 seconds
[2024-04-20T05:43:50.752+0000] {processor.py:156} INFO - Started process (PID=5669) to work on /opt/airflow/dags/my_dag.py
[2024-04-20T05:43:50.753+0000] {processor.py:758} INFO - Processing file /opt/airflow/dags/my_dag.py for tasks to queue
[2024-04-20T05:43:50.754+0000] {logging_mixin.py:117} INFO - [2024-04-20T05:43:50.754+0000] {dagbag.py:525} INFO - Filling up the DagBag from /opt/airflow/dags/my_dag.py
[2024-04-20T05:43:50.805+0000] {processor.py:768} INFO - DAG(s) dict_keys(['my_dag']) retrieved from /opt/airflow/dags/my_dag.py
[2024-04-20T05:43:50.930+0000] {logging_mixin.py:117} INFO - [2024-04-20T05:43:50.930+0000] {dag.py:2573} INFO - Sync 1 DAGs
[2024-04-20T05:43:50.998+0000] {logging_mixin.py:117} INFO - [2024-04-20T05:43:50.997+0000] {dag.py:3328} INFO - Setting next_dagrun for my_dag to 2024-04-20T05:00:00+00:00, run_after=2024-04-20T05:30:00+00:00
[2024-04-20T05:43:51.031+0000] {processor.py:178} INFO - Processing /opt/airflow/dags/my_dag.py took 0.282 seconds
[2024-04-20T05:44:21.090+0000] {processor.py:156} INFO - Started process (PID=5892) to work on /opt/airflow/dags/my_dag.py
[2024-04-20T05:44:21.091+0000] {processor.py:758} INFO - Processing file /opt/airflow/dags/my_dag.py for tasks to queue
[2024-04-20T05:44:21.092+0000] {logging_mixin.py:117} INFO - [2024-04-20T05:44:21.092+0000] {dagbag.py:525} INFO - Filling up the DagBag from /opt/airflow/dags/my_dag.py
[2024-04-20T05:44:21.141+0000] {processor.py:768} INFO - DAG(s) dict_keys(['my_dag']) retrieved from /opt/airflow/dags/my_dag.py
[2024-04-20T05:44:21.189+0000] {logging_mixin.py:117} INFO - [2024-04-20T05:44:21.189+0000] {dag.py:2573} INFO - Sync 1 DAGs
[2024-04-20T05:44:21.260+0000] {logging_mixin.py:117} INFO - [2024-04-20T05:44:21.260+0000] {dag.py:3328} INFO - Setting next_dagrun for my_dag to 2024-04-20T05:00:00+00:00, run_after=2024-04-20T05:30:00+00:00
[2024-04-20T05:44:21.288+0000] {processor.py:178} INFO - Processing /opt/airflow/dags/my_dag.py took 0.201 seconds
[2024-04-20T05:44:52.185+0000] {processor.py:156} INFO - Started process (PID=6169) to work on /opt/airflow/dags/my_dag.py
[2024-04-20T05:44:52.186+0000] {processor.py:758} INFO - Processing file /opt/airflow/dags/my_dag.py for tasks to queue
[2024-04-20T05:44:52.187+0000] {logging_mixin.py:117} INFO - [2024-04-20T05:44:52.186+0000] {dagbag.py:525} INFO - Filling up the DagBag from /opt/airflow/dags/my_dag.py
[2024-04-20T05:44:52.209+0000] {processor.py:768} INFO - DAG(s) dict_keys(['my_dag']) retrieved from /opt/airflow/dags/my_dag.py
[2024-04-20T05:44:52.262+0000] {logging_mixin.py:117} INFO - [2024-04-20T05:44:52.262+0000] {dag.py:2573} INFO - Sync 1 DAGs
[2024-04-20T05:44:52.295+0000] {logging_mixin.py:117} INFO - [2024-04-20T05:44:52.295+0000] {dag.py:3328} INFO - Setting next_dagrun for my_dag to 2024-04-20T05:00:00+00:00, run_after=2024-04-20T05:30:00+00:00
[2024-04-20T05:44:52.319+0000] {processor.py:178} INFO - Processing /opt/airflow/dags/my_dag.py took 0.137 seconds
[2024-04-20T05:45:23.326+0000] {processor.py:156} INFO - Started process (PID=6412) to work on /opt/airflow/dags/my_dag.py
[2024-04-20T05:45:23.327+0000] {processor.py:758} INFO - Processing file /opt/airflow/dags/my_dag.py for tasks to queue
[2024-04-20T05:45:23.329+0000] {logging_mixin.py:117} INFO - [2024-04-20T05:45:23.328+0000] {dagbag.py:525} INFO - Filling up the DagBag from /opt/airflow/dags/my_dag.py
[2024-04-20T05:45:23.384+0000] {processor.py:768} INFO - DAG(s) dict_keys(['my_dag']) retrieved from /opt/airflow/dags/my_dag.py
[2024-04-20T05:45:23.485+0000] {logging_mixin.py:117} INFO - [2024-04-20T05:45:23.485+0000] {dag.py:2573} INFO - Sync 1 DAGs
[2024-04-20T05:45:23.586+0000] {logging_mixin.py:117} INFO - [2024-04-20T05:45:23.586+0000] {dag.py:3328} INFO - Setting next_dagrun for my_dag to 2024-04-20T05:00:00+00:00, run_after=2024-04-20T05:30:00+00:00
[2024-04-20T05:45:23.695+0000] {processor.py:178} INFO - Processing /opt/airflow/dags/my_dag.py took 0.374 seconds
[2024-04-20T05:45:54.132+0000] {processor.py:156} INFO - Started process (PID=6694) to work on /opt/airflow/dags/my_dag.py
[2024-04-20T05:45:54.133+0000] {processor.py:758} INFO - Processing file /opt/airflow/dags/my_dag.py for tasks to queue
[2024-04-20T05:45:54.134+0000] {logging_mixin.py:117} INFO - [2024-04-20T05:45:54.133+0000] {dagbag.py:525} INFO - Filling up the DagBag from /opt/airflow/dags/my_dag.py
[2024-04-20T05:45:54.155+0000] {processor.py:768} INFO - DAG(s) dict_keys(['my_dag']) retrieved from /opt/airflow/dags/my_dag.py
[2024-04-20T05:45:54.229+0000] {logging_mixin.py:117} INFO - [2024-04-20T05:45:54.229+0000] {dag.py:2573} INFO - Sync 1 DAGs
[2024-04-20T05:45:54.262+0000] {logging_mixin.py:117} INFO - [2024-04-20T05:45:54.262+0000] {dag.py:3328} INFO - Setting next_dagrun for my_dag to 2024-04-20T05:00:00+00:00, run_after=2024-04-20T05:30:00+00:00
[2024-04-20T05:45:54.287+0000] {processor.py:178} INFO - Processing /opt/airflow/dags/my_dag.py took 0.159 seconds
[2024-04-20T05:46:24.884+0000] {processor.py:156} INFO - Started process (PID=6940) to work on /opt/airflow/dags/my_dag.py
[2024-04-20T05:46:24.885+0000] {processor.py:758} INFO - Processing file /opt/airflow/dags/my_dag.py for tasks to queue
[2024-04-20T05:46:24.886+0000] {logging_mixin.py:117} INFO - [2024-04-20T05:46:24.885+0000] {dagbag.py:525} INFO - Filling up the DagBag from /opt/airflow/dags/my_dag.py
[2024-04-20T05:46:24.906+0000] {processor.py:768} INFO - DAG(s) dict_keys(['my_dag']) retrieved from /opt/airflow/dags/my_dag.py
[2024-04-20T05:46:25.002+0000] {logging_mixin.py:117} INFO - [2024-04-20T05:46:25.002+0000] {dag.py:2573} INFO - Sync 1 DAGs
[2024-04-20T05:46:25.085+0000] {logging_mixin.py:117} INFO - [2024-04-20T05:46:25.085+0000] {dag.py:3328} INFO - Setting next_dagrun for my_dag to 2024-04-20T05:00:00+00:00, run_after=2024-04-20T05:30:00+00:00
[2024-04-20T05:46:25.130+0000] {processor.py:178} INFO - Processing /opt/airflow/dags/my_dag.py took 0.249 seconds
[2024-04-20T05:46:55.419+0000] {processor.py:156} INFO - Started process (PID=7195) to work on /opt/airflow/dags/my_dag.py
[2024-04-20T05:46:55.420+0000] {processor.py:758} INFO - Processing file /opt/airflow/dags/my_dag.py for tasks to queue
[2024-04-20T05:46:55.421+0000] {logging_mixin.py:117} INFO - [2024-04-20T05:46:55.421+0000] {dagbag.py:525} INFO - Filling up the DagBag from /opt/airflow/dags/my_dag.py
[2024-04-20T05:46:55.443+0000] {processor.py:768} INFO - DAG(s) dict_keys(['my_dag']) retrieved from /opt/airflow/dags/my_dag.py
[2024-04-20T05:46:55.493+0000] {logging_mixin.py:117} INFO - [2024-04-20T05:46:55.492+0000] {dag.py:2573} INFO - Sync 1 DAGs
[2024-04-20T05:46:55.542+0000] {logging_mixin.py:117} INFO - [2024-04-20T05:46:55.542+0000] {dag.py:3328} INFO - Setting next_dagrun for my_dag to 2024-04-20T05:00:00+00:00, run_after=2024-04-20T05:30:00+00:00
[2024-04-20T05:46:55.580+0000] {processor.py:178} INFO - Processing /opt/airflow/dags/my_dag.py took 0.163 seconds
[2024-04-20T05:47:25.662+0000] {processor.py:156} INFO - Started process (PID=7443) to work on /opt/airflow/dags/my_dag.py
[2024-04-20T05:47:25.662+0000] {processor.py:758} INFO - Processing file /opt/airflow/dags/my_dag.py for tasks to queue
[2024-04-20T05:47:25.663+0000] {logging_mixin.py:117} INFO - [2024-04-20T05:47:25.663+0000] {dagbag.py:525} INFO - Filling up the DagBag from /opt/airflow/dags/my_dag.py
[2024-04-20T05:47:25.691+0000] {processor.py:768} INFO - DAG(s) dict_keys(['my_dag']) retrieved from /opt/airflow/dags/my_dag.py
[2024-04-20T05:47:25.750+0000] {logging_mixin.py:117} INFO - [2024-04-20T05:47:25.749+0000] {dag.py:2573} INFO - Sync 1 DAGs
[2024-04-20T05:47:25.790+0000] {logging_mixin.py:117} INFO - [2024-04-20T05:47:25.789+0000] {dag.py:3328} INFO - Setting next_dagrun for my_dag to 2024-04-20T05:00:00+00:00, run_after=2024-04-20T05:30:00+00:00
[2024-04-20T05:47:25.814+0000] {processor.py:178} INFO - Processing /opt/airflow/dags/my_dag.py took 0.157 seconds
[2024-04-20T05:47:56.059+0000] {processor.py:156} INFO - Started process (PID=7697) to work on /opt/airflow/dags/my_dag.py
[2024-04-20T05:47:56.060+0000] {processor.py:758} INFO - Processing file /opt/airflow/dags/my_dag.py for tasks to queue
[2024-04-20T05:47:56.061+0000] {logging_mixin.py:117} INFO - [2024-04-20T05:47:56.061+0000] {dagbag.py:525} INFO - Filling up the DagBag from /opt/airflow/dags/my_dag.py
[2024-04-20T05:47:56.115+0000] {processor.py:768} INFO - DAG(s) dict_keys(['my_dag']) retrieved from /opt/airflow/dags/my_dag.py
[2024-04-20T05:47:56.210+0000] {logging_mixin.py:117} INFO - [2024-04-20T05:47:56.210+0000] {dag.py:2573} INFO - Sync 1 DAGs
[2024-04-20T05:47:56.250+0000] {logging_mixin.py:117} INFO - [2024-04-20T05:47:56.249+0000] {dag.py:3328} INFO - Setting next_dagrun for my_dag to 2024-04-20T05:00:00+00:00, run_after=2024-04-20T05:30:00+00:00
[2024-04-20T05:47:56.273+0000] {processor.py:178} INFO - Processing /opt/airflow/dags/my_dag.py took 0.217 seconds
[2024-04-20T05:48:26.705+0000] {processor.py:156} INFO - Started process (PID=7944) to work on /opt/airflow/dags/my_dag.py
[2024-04-20T05:48:26.708+0000] {processor.py:758} INFO - Processing file /opt/airflow/dags/my_dag.py for tasks to queue
[2024-04-20T05:48:26.709+0000] {logging_mixin.py:117} INFO - [2024-04-20T05:48:26.709+0000] {dagbag.py:525} INFO - Filling up the DagBag from /opt/airflow/dags/my_dag.py
[2024-04-20T05:48:26.810+0000] {processor.py:768} INFO - DAG(s) dict_keys(['my_dag']) retrieved from /opt/airflow/dags/my_dag.py
[2024-04-20T05:48:26.986+0000] {logging_mixin.py:117} INFO - [2024-04-20T05:48:26.986+0000] {dag.py:2573} INFO - Sync 1 DAGs
[2024-04-20T05:48:27.034+0000] {logging_mixin.py:117} INFO - [2024-04-20T05:48:27.034+0000] {dag.py:3328} INFO - Setting next_dagrun for my_dag to 2024-04-20T05:00:00+00:00, run_after=2024-04-20T05:30:00+00:00
[2024-04-20T05:48:27.076+0000] {processor.py:178} INFO - Processing /opt/airflow/dags/my_dag.py took 0.381 seconds
[2024-04-20T05:48:57.696+0000] {processor.py:156} INFO - Started process (PID=8177) to work on /opt/airflow/dags/my_dag.py
[2024-04-20T05:48:57.697+0000] {processor.py:758} INFO - Processing file /opt/airflow/dags/my_dag.py for tasks to queue
[2024-04-20T05:48:57.698+0000] {logging_mixin.py:117} INFO - [2024-04-20T05:48:57.697+0000] {dagbag.py:525} INFO - Filling up the DagBag from /opt/airflow/dags/my_dag.py
[2024-04-20T05:48:57.719+0000] {processor.py:768} INFO - DAG(s) dict_keys(['my_dag']) retrieved from /opt/airflow/dags/my_dag.py
[2024-04-20T05:48:57.790+0000] {logging_mixin.py:117} INFO - [2024-04-20T05:48:57.790+0000] {dag.py:2573} INFO - Sync 1 DAGs
[2024-04-20T05:48:57.840+0000] {logging_mixin.py:117} INFO - [2024-04-20T05:48:57.840+0000] {dag.py:3328} INFO - Setting next_dagrun for my_dag to 2024-04-20T05:00:00+00:00, run_after=2024-04-20T05:30:00+00:00
[2024-04-20T05:48:57.932+0000] {processor.py:178} INFO - Processing /opt/airflow/dags/my_dag.py took 0.241 seconds
[2024-04-20T05:49:28.149+0000] {processor.py:156} INFO - Started process (PID=8408) to work on /opt/airflow/dags/my_dag.py
[2024-04-20T05:49:28.151+0000] {processor.py:758} INFO - Processing file /opt/airflow/dags/my_dag.py for tasks to queue
[2024-04-20T05:49:28.153+0000] {logging_mixin.py:117} INFO - [2024-04-20T05:49:28.153+0000] {dagbag.py:525} INFO - Filling up the DagBag from /opt/airflow/dags/my_dag.py
[2024-04-20T05:49:28.224+0000] {processor.py:768} INFO - DAG(s) dict_keys(['my_dag']) retrieved from /opt/airflow/dags/my_dag.py
[2024-04-20T05:49:28.315+0000] {logging_mixin.py:117} INFO - [2024-04-20T05:49:28.314+0000] {dag.py:2573} INFO - Sync 1 DAGs
[2024-04-20T05:49:28.348+0000] {logging_mixin.py:117} INFO - [2024-04-20T05:49:28.348+0000] {dag.py:3328} INFO - Setting next_dagrun for my_dag to 2024-04-20T05:00:00+00:00, run_after=2024-04-20T05:30:00+00:00
[2024-04-20T05:49:28.374+0000] {processor.py:178} INFO - Processing /opt/airflow/dags/my_dag.py took 0.235 seconds
[2024-04-20T05:49:58.677+0000] {processor.py:156} INFO - Started process (PID=8657) to work on /opt/airflow/dags/my_dag.py
[2024-04-20T05:49:58.680+0000] {processor.py:758} INFO - Processing file /opt/airflow/dags/my_dag.py for tasks to queue
[2024-04-20T05:49:58.681+0000] {logging_mixin.py:117} INFO - [2024-04-20T05:49:58.681+0000] {dagbag.py:525} INFO - Filling up the DagBag from /opt/airflow/dags/my_dag.py
[2024-04-20T05:49:58.735+0000] {processor.py:768} INFO - DAG(s) dict_keys(['my_dag']) retrieved from /opt/airflow/dags/my_dag.py
[2024-04-20T05:49:58.907+0000] {logging_mixin.py:117} INFO - [2024-04-20T05:49:58.906+0000] {dag.py:2573} INFO - Sync 1 DAGs
[2024-04-20T05:49:58.975+0000] {logging_mixin.py:117} INFO - [2024-04-20T05:49:58.974+0000] {dag.py:3328} INFO - Setting next_dagrun for my_dag to 2024-04-20T05:00:00+00:00, run_after=2024-04-20T05:30:00+00:00
[2024-04-20T05:49:59.024+0000] {processor.py:178} INFO - Processing /opt/airflow/dags/my_dag.py took 0.364 seconds
[2024-04-20T05:50:29.357+0000] {processor.py:156} INFO - Started process (PID=8887) to work on /opt/airflow/dags/my_dag.py
[2024-04-20T05:50:29.358+0000] {processor.py:758} INFO - Processing file /opt/airflow/dags/my_dag.py for tasks to queue
[2024-04-20T05:50:29.359+0000] {logging_mixin.py:117} INFO - [2024-04-20T05:50:29.359+0000] {dagbag.py:525} INFO - Filling up the DagBag from /opt/airflow/dags/my_dag.py
[2024-04-20T05:50:29.390+0000] {processor.py:768} INFO - DAG(s) dict_keys(['my_dag']) retrieved from /opt/airflow/dags/my_dag.py
[2024-04-20T05:50:29.434+0000] {logging_mixin.py:117} INFO - [2024-04-20T05:50:29.434+0000] {dag.py:2573} INFO - Sync 1 DAGs
[2024-04-20T05:50:29.492+0000] {logging_mixin.py:117} INFO - [2024-04-20T05:50:29.492+0000] {dag.py:3328} INFO - Setting next_dagrun for my_dag to 2024-04-20T05:00:00+00:00, run_after=2024-04-20T05:30:00+00:00
[2024-04-20T05:50:29.517+0000] {processor.py:178} INFO - Processing /opt/airflow/dags/my_dag.py took 0.163 seconds
[2024-04-20T05:50:59.894+0000] {processor.py:156} INFO - Started process (PID=9116) to work on /opt/airflow/dags/my_dag.py
[2024-04-20T05:50:59.901+0000] {processor.py:758} INFO - Processing file /opt/airflow/dags/my_dag.py for tasks to queue
[2024-04-20T05:50:59.909+0000] {logging_mixin.py:117} INFO - [2024-04-20T05:50:59.908+0000] {dagbag.py:525} INFO - Filling up the DagBag from /opt/airflow/dags/my_dag.py
[2024-04-20T05:51:00.009+0000] {processor.py:768} INFO - DAG(s) dict_keys(['my_dag']) retrieved from /opt/airflow/dags/my_dag.py
[2024-04-20T05:51:00.089+0000] {logging_mixin.py:117} INFO - [2024-04-20T05:51:00.088+0000] {dag.py:2573} INFO - Sync 1 DAGs
[2024-04-20T05:51:00.123+0000] {logging_mixin.py:117} INFO - [2024-04-20T05:51:00.123+0000] {dag.py:3328} INFO - Setting next_dagrun for my_dag to 2024-04-20T05:00:00+00:00, run_after=2024-04-20T05:30:00+00:00
[2024-04-20T05:51:00.150+0000] {processor.py:178} INFO - Processing /opt/airflow/dags/my_dag.py took 0.299 seconds
[2024-04-20T05:51:30.246+0000] {processor.py:156} INFO - Started process (PID=9335) to work on /opt/airflow/dags/my_dag.py
[2024-04-20T05:51:30.247+0000] {processor.py:758} INFO - Processing file /opt/airflow/dags/my_dag.py for tasks to queue
[2024-04-20T05:51:30.248+0000] {logging_mixin.py:117} INFO - [2024-04-20T05:51:30.248+0000] {dagbag.py:525} INFO - Filling up the DagBag from /opt/airflow/dags/my_dag.py
[2024-04-20T05:51:30.288+0000] {processor.py:768} INFO - DAG(s) dict_keys(['my_dag']) retrieved from /opt/airflow/dags/my_dag.py
[2024-04-20T05:51:30.364+0000] {logging_mixin.py:117} INFO - [2024-04-20T05:51:30.364+0000] {dag.py:2573} INFO - Sync 1 DAGs
[2024-04-20T05:51:30.448+0000] {logging_mixin.py:117} INFO - [2024-04-20T05:51:30.448+0000] {dag.py:3328} INFO - Setting next_dagrun for my_dag to 2024-04-20T05:00:00+00:00, run_after=2024-04-20T05:30:00+00:00
[2024-04-20T05:51:30.490+0000] {processor.py:178} INFO - Processing /opt/airflow/dags/my_dag.py took 0.248 seconds
[2024-04-20T05:52:01.059+0000] {processor.py:156} INFO - Started process (PID=9565) to work on /opt/airflow/dags/my_dag.py
[2024-04-20T05:52:01.060+0000] {processor.py:758} INFO - Processing file /opt/airflow/dags/my_dag.py for tasks to queue
[2024-04-20T05:52:01.060+0000] {logging_mixin.py:117} INFO - [2024-04-20T05:52:01.060+0000] {dagbag.py:525} INFO - Filling up the DagBag from /opt/airflow/dags/my_dag.py
[2024-04-20T05:52:01.088+0000] {processor.py:768} INFO - DAG(s) dict_keys(['my_dag']) retrieved from /opt/airflow/dags/my_dag.py
[2024-04-20T05:52:01.138+0000] {logging_mixin.py:117} INFO - [2024-04-20T05:52:01.136+0000] {dag.py:2573} INFO - Sync 1 DAGs
[2024-04-20T05:52:01.181+0000] {logging_mixin.py:117} INFO - [2024-04-20T05:52:01.181+0000] {dag.py:3328} INFO - Setting next_dagrun for my_dag to 2024-04-20T05:00:00+00:00, run_after=2024-04-20T05:30:00+00:00
[2024-04-20T05:52:01.218+0000] {processor.py:178} INFO - Processing /opt/airflow/dags/my_dag.py took 0.162 seconds
[2024-04-20T05:52:31.610+0000] {processor.py:156} INFO - Started process (PID=9792) to work on /opt/airflow/dags/my_dag.py
[2024-04-20T05:52:31.617+0000] {processor.py:758} INFO - Processing file /opt/airflow/dags/my_dag.py for tasks to queue
[2024-04-20T05:52:31.626+0000] {logging_mixin.py:117} INFO - [2024-04-20T05:52:31.619+0000] {dagbag.py:525} INFO - Filling up the DagBag from /opt/airflow/dags/my_dag.py
[2024-04-20T05:52:31.670+0000] {processor.py:768} INFO - DAG(s) dict_keys(['my_dag']) retrieved from /opt/airflow/dags/my_dag.py
[2024-04-20T05:52:31.774+0000] {logging_mixin.py:117} INFO - [2024-04-20T05:52:31.774+0000] {dag.py:2573} INFO - Sync 1 DAGs
[2024-04-20T05:52:31.813+0000] {logging_mixin.py:117} INFO - [2024-04-20T05:52:31.813+0000] {dag.py:3328} INFO - Setting next_dagrun for my_dag to 2024-04-20T05:00:00+00:00, run_after=2024-04-20T05:30:00+00:00
[2024-04-20T05:52:31.859+0000] {processor.py:178} INFO - Processing /opt/airflow/dags/my_dag.py took 0.252 seconds
[2024-04-20T05:53:01.992+0000] {processor.py:156} INFO - Started process (PID=10014) to work on /opt/airflow/dags/my_dag.py
[2024-04-20T05:53:01.992+0000] {processor.py:758} INFO - Processing file /opt/airflow/dags/my_dag.py for tasks to queue
[2024-04-20T05:53:01.993+0000] {logging_mixin.py:117} INFO - [2024-04-20T05:53:01.993+0000] {dagbag.py:525} INFO - Filling up the DagBag from /opt/airflow/dags/my_dag.py
[2024-04-20T05:53:02.008+0000] {processor.py:768} INFO - DAG(s) dict_keys(['my_dag']) retrieved from /opt/airflow/dags/my_dag.py
[2024-04-20T05:53:02.050+0000] {logging_mixin.py:117} INFO - [2024-04-20T05:53:02.049+0000] {dag.py:2573} INFO - Sync 1 DAGs
[2024-04-20T05:53:02.077+0000] {logging_mixin.py:117} INFO - [2024-04-20T05:53:02.077+0000] {dag.py:3328} INFO - Setting next_dagrun for my_dag to 2024-04-20T05:00:00+00:00, run_after=2024-04-20T05:30:00+00:00
[2024-04-20T05:53:02.099+0000] {processor.py:178} INFO - Processing /opt/airflow/dags/my_dag.py took 0.110 seconds
[2024-04-20T05:53:32.687+0000] {processor.py:156} INFO - Started process (PID=10253) to work on /opt/airflow/dags/my_dag.py
[2024-04-20T05:53:32.687+0000] {processor.py:758} INFO - Processing file /opt/airflow/dags/my_dag.py for tasks to queue
[2024-04-20T05:53:32.688+0000] {logging_mixin.py:117} INFO - [2024-04-20T05:53:32.688+0000] {dagbag.py:525} INFO - Filling up the DagBag from /opt/airflow/dags/my_dag.py
[2024-04-20T05:53:32.710+0000] {processor.py:768} INFO - DAG(s) dict_keys(['my_dag']) retrieved from /opt/airflow/dags/my_dag.py
[2024-04-20T05:53:32.762+0000] {logging_mixin.py:117} INFO - [2024-04-20T05:53:32.762+0000] {dag.py:2573} INFO - Sync 1 DAGs
[2024-04-20T05:53:32.822+0000] {logging_mixin.py:117} INFO - [2024-04-20T05:53:32.822+0000] {dag.py:3328} INFO - Setting next_dagrun for my_dag to 2024-04-20T05:00:00+00:00, run_after=2024-04-20T05:30:00+00:00
[2024-04-20T05:53:32.847+0000] {processor.py:178} INFO - Processing /opt/airflow/dags/my_dag.py took 0.164 seconds
[2024-04-20T05:54:03.148+0000] {processor.py:156} INFO - Started process (PID=10476) to work on /opt/airflow/dags/my_dag.py
[2024-04-20T05:54:03.149+0000] {processor.py:758} INFO - Processing file /opt/airflow/dags/my_dag.py for tasks to queue
[2024-04-20T05:54:03.150+0000] {logging_mixin.py:117} INFO - [2024-04-20T05:54:03.150+0000] {dagbag.py:525} INFO - Filling up the DagBag from /opt/airflow/dags/my_dag.py
[2024-04-20T05:54:03.176+0000] {processor.py:768} INFO - DAG(s) dict_keys(['my_dag']) retrieved from /opt/airflow/dags/my_dag.py
[2024-04-20T05:54:03.273+0000] {logging_mixin.py:117} INFO - [2024-04-20T05:54:03.273+0000] {dag.py:2573} INFO - Sync 1 DAGs
[2024-04-20T05:54:03.343+0000] {logging_mixin.py:117} INFO - [2024-04-20T05:54:03.342+0000] {dag.py:3328} INFO - Setting next_dagrun for my_dag to 2024-04-20T05:00:00+00:00, run_after=2024-04-20T05:30:00+00:00
[2024-04-20T05:54:03.367+0000] {processor.py:178} INFO - Processing /opt/airflow/dags/my_dag.py took 0.222 seconds
[2024-04-20T05:54:33.932+0000] {processor.py:156} INFO - Started process (PID=10711) to work on /opt/airflow/dags/my_dag.py
[2024-04-20T05:54:33.936+0000] {processor.py:758} INFO - Processing file /opt/airflow/dags/my_dag.py for tasks to queue
[2024-04-20T05:54:33.937+0000] {logging_mixin.py:117} INFO - [2024-04-20T05:54:33.937+0000] {dagbag.py:525} INFO - Filling up the DagBag from /opt/airflow/dags/my_dag.py
[2024-04-20T05:54:33.984+0000] {processor.py:768} INFO - DAG(s) dict_keys(['my_dag']) retrieved from /opt/airflow/dags/my_dag.py
[2024-04-20T05:54:34.041+0000] {logging_mixin.py:117} INFO - [2024-04-20T05:54:34.041+0000] {dag.py:2573} INFO - Sync 1 DAGs
[2024-04-20T05:54:34.075+0000] {logging_mixin.py:117} INFO - [2024-04-20T05:54:34.075+0000] {dag.py:3328} INFO - Setting next_dagrun for my_dag to 2024-04-20T05:00:00+00:00, run_after=2024-04-20T05:30:00+00:00
[2024-04-20T05:54:34.104+0000] {processor.py:178} INFO - Processing /opt/airflow/dags/my_dag.py took 0.189 seconds
[2024-04-20T05:55:05.103+0000] {processor.py:156} INFO - Started process (PID=10942) to work on /opt/airflow/dags/my_dag.py
[2024-04-20T05:55:05.103+0000] {processor.py:758} INFO - Processing file /opt/airflow/dags/my_dag.py for tasks to queue
[2024-04-20T05:55:05.104+0000] {logging_mixin.py:117} INFO - [2024-04-20T05:55:05.104+0000] {dagbag.py:525} INFO - Filling up the DagBag from /opt/airflow/dags/my_dag.py
[2024-04-20T05:55:05.127+0000] {processor.py:768} INFO - DAG(s) dict_keys(['my_dag']) retrieved from /opt/airflow/dags/my_dag.py
[2024-04-20T05:55:05.177+0000] {logging_mixin.py:117} INFO - [2024-04-20T05:55:05.177+0000] {dag.py:2573} INFO - Sync 1 DAGs
[2024-04-20T05:55:05.210+0000] {logging_mixin.py:117} INFO - [2024-04-20T05:55:05.210+0000] {dag.py:3328} INFO - Setting next_dagrun for my_dag to 2024-04-20T05:00:00+00:00, run_after=2024-04-20T05:30:00+00:00
[2024-04-20T05:55:05.237+0000] {processor.py:178} INFO - Processing /opt/airflow/dags/my_dag.py took 0.137 seconds
[2024-04-20T05:55:35.734+0000] {processor.py:156} INFO - Started process (PID=11161) to work on /opt/airflow/dags/my_dag.py
[2024-04-20T05:55:35.736+0000] {processor.py:758} INFO - Processing file /opt/airflow/dags/my_dag.py for tasks to queue
[2024-04-20T05:55:35.737+0000] {logging_mixin.py:117} INFO - [2024-04-20T05:55:35.737+0000] {dagbag.py:525} INFO - Filling up the DagBag from /opt/airflow/dags/my_dag.py
[2024-04-20T05:55:35.776+0000] {processor.py:768} INFO - DAG(s) dict_keys(['my_dag']) retrieved from /opt/airflow/dags/my_dag.py
[2024-04-20T05:55:35.877+0000] {logging_mixin.py:117} INFO - [2024-04-20T05:55:35.877+0000] {dag.py:2573} INFO - Sync 1 DAGs
[2024-04-20T05:55:35.929+0000] {logging_mixin.py:117} INFO - [2024-04-20T05:55:35.929+0000] {dag.py:3328} INFO - Setting next_dagrun for my_dag to 2024-04-20T05:00:00+00:00, run_after=2024-04-20T05:30:00+00:00
[2024-04-20T05:55:35.970+0000] {processor.py:178} INFO - Processing /opt/airflow/dags/my_dag.py took 0.239 seconds
[2024-04-20T05:56:34.651+0000] {processor.py:156} INFO - Started process (PID=176) to work on /opt/airflow/dags/my_dag.py
[2024-04-20T05:56:34.652+0000] {processor.py:758} INFO - Processing file /opt/airflow/dags/my_dag.py for tasks to queue
[2024-04-20T05:56:34.652+0000] {logging_mixin.py:117} INFO - [2024-04-20T05:56:34.652+0000] {dagbag.py:525} INFO - Filling up the DagBag from /opt/airflow/dags/my_dag.py
[2024-04-20T05:56:34.715+0000] {processor.py:768} INFO - DAG(s) dict_keys(['my_dag']) retrieved from /opt/airflow/dags/my_dag.py
[2024-04-20T05:56:34.877+0000] {logging_mixin.py:117} INFO - [2024-04-20T05:56:34.876+0000] {dag.py:2573} INFO - Sync 1 DAGs
[2024-04-20T05:56:35.473+0000] {logging_mixin.py:117} INFO - [2024-04-20T05:56:35.473+0000] {dag.py:3328} INFO - Setting next_dagrun for my_dag to 2024-04-20T05:00:00+00:00, run_after=2024-04-20T05:30:00+00:00
[2024-04-20T05:56:35.554+0000] {processor.py:178} INFO - Processing /opt/airflow/dags/my_dag.py took 0.906 seconds
[2024-04-20T05:57:06.025+0000] {processor.py:156} INFO - Started process (PID=396) to work on /opt/airflow/dags/my_dag.py
[2024-04-20T05:57:06.025+0000] {processor.py:758} INFO - Processing file /opt/airflow/dags/my_dag.py for tasks to queue
[2024-04-20T05:57:06.026+0000] {logging_mixin.py:117} INFO - [2024-04-20T05:57:06.026+0000] {dagbag.py:525} INFO - Filling up the DagBag from /opt/airflow/dags/my_dag.py
[2024-04-20T05:57:06.052+0000] {processor.py:768} INFO - DAG(s) dict_keys(['my_dag']) retrieved from /opt/airflow/dags/my_dag.py
[2024-04-20T05:57:06.101+0000] {logging_mixin.py:117} INFO - [2024-04-20T05:57:06.101+0000] {dag.py:2573} INFO - Sync 1 DAGs
[2024-04-20T05:57:06.139+0000] {logging_mixin.py:117} INFO - [2024-04-20T05:57:06.139+0000] {dag.py:3328} INFO - Setting next_dagrun for my_dag to 2024-04-20T05:00:00+00:00, run_after=2024-04-20T05:30:00+00:00
[2024-04-20T05:57:06.360+0000] {processor.py:178} INFO - Processing /opt/airflow/dags/my_dag.py took 0.338 seconds
[2024-04-20T05:57:37.061+0000] {processor.py:156} INFO - Started process (PID=629) to work on /opt/airflow/dags/my_dag.py
[2024-04-20T05:57:37.063+0000] {processor.py:758} INFO - Processing file /opt/airflow/dags/my_dag.py for tasks to queue
[2024-04-20T05:57:37.063+0000] {logging_mixin.py:117} INFO - [2024-04-20T05:57:37.063+0000] {dagbag.py:525} INFO - Filling up the DagBag from /opt/airflow/dags/my_dag.py
[2024-04-20T05:57:37.121+0000] {processor.py:768} INFO - DAG(s) dict_keys(['my_dag']) retrieved from /opt/airflow/dags/my_dag.py
[2024-04-20T05:57:37.247+0000] {logging_mixin.py:117} INFO - [2024-04-20T05:57:37.247+0000] {dag.py:2573} INFO - Sync 1 DAGs
[2024-04-20T05:57:37.786+0000] {logging_mixin.py:117} INFO - [2024-04-20T05:57:37.785+0000] {dag.py:3328} INFO - Setting next_dagrun for my_dag to 2024-04-20T05:00:00+00:00, run_after=2024-04-20T05:30:00+00:00
[2024-04-20T05:57:37.827+0000] {processor.py:178} INFO - Processing /opt/airflow/dags/my_dag.py took 0.769 seconds
[2024-04-20T05:58:08.009+0000] {processor.py:156} INFO - Started process (PID=846) to work on /opt/airflow/dags/my_dag.py
[2024-04-20T05:58:08.010+0000] {processor.py:758} INFO - Processing file /opt/airflow/dags/my_dag.py for tasks to queue
[2024-04-20T05:58:08.022+0000] {logging_mixin.py:117} INFO - [2024-04-20T05:58:08.022+0000] {dagbag.py:525} INFO - Filling up the DagBag from /opt/airflow/dags/my_dag.py
[2024-04-20T05:58:08.090+0000] {processor.py:768} INFO - DAG(s) dict_keys(['my_dag']) retrieved from /opt/airflow/dags/my_dag.py
[2024-04-20T05:58:08.549+0000] {logging_mixin.py:117} INFO - [2024-04-20T05:58:08.549+0000] {dag.py:2573} INFO - Sync 1 DAGs
[2024-04-20T05:58:08.613+0000] {logging_mixin.py:117} INFO - [2024-04-20T05:58:08.613+0000] {dag.py:3328} INFO - Setting next_dagrun for my_dag to 2024-04-20T05:00:00+00:00, run_after=2024-04-20T05:30:00+00:00
[2024-04-20T05:58:08.659+0000] {processor.py:178} INFO - Processing /opt/airflow/dags/my_dag.py took 0.654 seconds
[2024-04-20T05:58:39.071+0000] {processor.py:156} INFO - Started process (PID=1073) to work on /opt/airflow/dags/my_dag.py
[2024-04-20T05:58:39.072+0000] {processor.py:758} INFO - Processing file /opt/airflow/dags/my_dag.py for tasks to queue
[2024-04-20T05:58:39.073+0000] {logging_mixin.py:117} INFO - [2024-04-20T05:58:39.072+0000] {dagbag.py:525} INFO - Filling up the DagBag from /opt/airflow/dags/my_dag.py
[2024-04-20T05:58:39.094+0000] {processor.py:768} INFO - DAG(s) dict_keys(['my_dag']) retrieved from /opt/airflow/dags/my_dag.py
[2024-04-20T05:58:39.303+0000] {logging_mixin.py:117} INFO - [2024-04-20T05:58:39.303+0000] {dag.py:2573} INFO - Sync 1 DAGs
[2024-04-20T05:58:39.334+0000] {logging_mixin.py:117} INFO - [2024-04-20T05:58:39.334+0000] {dag.py:3328} INFO - Setting next_dagrun for my_dag to 2024-04-20T05:00:00+00:00, run_after=2024-04-20T05:30:00+00:00
[2024-04-20T05:58:39.359+0000] {processor.py:178} INFO - Processing /opt/airflow/dags/my_dag.py took 0.291 seconds
[2024-04-20T05:59:09.562+0000] {processor.py:156} INFO - Started process (PID=1291) to work on /opt/airflow/dags/my_dag.py
[2024-04-20T05:59:09.562+0000] {processor.py:758} INFO - Processing file /opt/airflow/dags/my_dag.py for tasks to queue
[2024-04-20T05:59:09.563+0000] {logging_mixin.py:117} INFO - [2024-04-20T05:59:09.563+0000] {dagbag.py:525} INFO - Filling up the DagBag from /opt/airflow/dags/my_dag.py
[2024-04-20T05:59:09.584+0000] {processor.py:768} INFO - DAG(s) dict_keys(['my_dag']) retrieved from /opt/airflow/dags/my_dag.py
[2024-04-20T05:59:09.886+0000] {logging_mixin.py:117} INFO - [2024-04-20T05:59:09.886+0000] {dag.py:2573} INFO - Sync 1 DAGs
[2024-04-20T05:59:09.948+0000] {logging_mixin.py:117} INFO - [2024-04-20T05:59:09.948+0000] {dag.py:3328} INFO - Setting next_dagrun for my_dag to 2024-04-20T05:00:00+00:00, run_after=2024-04-20T05:30:00+00:00
[2024-04-20T05:59:09.991+0000] {processor.py:178} INFO - Processing /opt/airflow/dags/my_dag.py took 0.433 seconds
[2024-04-20T05:59:40.271+0000] {processor.py:156} INFO - Started process (PID=1519) to work on /opt/airflow/dags/my_dag.py
[2024-04-20T05:59:40.272+0000] {processor.py:758} INFO - Processing file /opt/airflow/dags/my_dag.py for tasks to queue
[2024-04-20T05:59:40.273+0000] {logging_mixin.py:117} INFO - [2024-04-20T05:59:40.273+0000] {dagbag.py:525} INFO - Filling up the DagBag from /opt/airflow/dags/my_dag.py
[2024-04-20T05:59:40.451+0000] {processor.py:768} INFO - DAG(s) dict_keys(['my_dag']) retrieved from /opt/airflow/dags/my_dag.py
[2024-04-20T05:59:40.507+0000] {logging_mixin.py:117} INFO - [2024-04-20T05:59:40.507+0000] {dag.py:2573} INFO - Sync 1 DAGs
[2024-04-20T05:59:40.545+0000] {logging_mixin.py:117} INFO - [2024-04-20T05:59:40.545+0000] {dag.py:3328} INFO - Setting next_dagrun for my_dag to 2024-04-20T05:00:00+00:00, run_after=2024-04-20T05:30:00+00:00
[2024-04-20T05:59:40.569+0000] {processor.py:178} INFO - Processing /opt/airflow/dags/my_dag.py took 0.301 seconds
[2024-04-20T06:00:10.757+0000] {processor.py:156} INFO - Started process (PID=1746) to work on /opt/airflow/dags/my_dag.py
[2024-04-20T06:00:10.758+0000] {processor.py:758} INFO - Processing file /opt/airflow/dags/my_dag.py for tasks to queue
[2024-04-20T06:00:10.759+0000] {logging_mixin.py:117} INFO - [2024-04-20T06:00:10.759+0000] {dagbag.py:525} INFO - Filling up the DagBag from /opt/airflow/dags/my_dag.py
[2024-04-20T06:00:10.781+0000] {processor.py:768} INFO - DAG(s) dict_keys(['my_dag']) retrieved from /opt/airflow/dags/my_dag.py
[2024-04-20T06:00:10.846+0000] {logging_mixin.py:117} INFO - [2024-04-20T06:00:10.846+0000] {dag.py:2573} INFO - Sync 1 DAGs
[2024-04-20T06:00:10.894+0000] {logging_mixin.py:117} INFO - [2024-04-20T06:00:10.894+0000] {dag.py:3328} INFO - Setting next_dagrun for my_dag to 2024-04-20T05:30:00+00:00, run_after=2024-04-20T06:00:00+00:00
[2024-04-20T06:00:10.919+0000] {processor.py:178} INFO - Processing /opt/airflow/dags/my_dag.py took 0.165 seconds
[2024-04-20T06:00:40.994+0000] {processor.py:156} INFO - Started process (PID=1964) to work on /opt/airflow/dags/my_dag.py
[2024-04-20T06:00:40.995+0000] {processor.py:758} INFO - Processing file /opt/airflow/dags/my_dag.py for tasks to queue
[2024-04-20T06:00:40.996+0000] {logging_mixin.py:117} INFO - [2024-04-20T06:00:40.996+0000] {dagbag.py:525} INFO - Filling up the DagBag from /opt/airflow/dags/my_dag.py
[2024-04-20T06:00:41.018+0000] {processor.py:768} INFO - DAG(s) dict_keys(['my_dag']) retrieved from /opt/airflow/dags/my_dag.py
[2024-04-20T06:00:41.069+0000] {logging_mixin.py:117} INFO - [2024-04-20T06:00:41.069+0000] {dag.py:2573} INFO - Sync 1 DAGs
[2024-04-20T06:00:41.115+0000] {logging_mixin.py:117} INFO - [2024-04-20T06:00:41.115+0000] {dag.py:3328} INFO - Setting next_dagrun for my_dag to 2024-04-20T05:30:00+00:00, run_after=2024-04-20T06:00:00+00:00
[2024-04-20T06:00:41.150+0000] {processor.py:178} INFO - Processing /opt/airflow/dags/my_dag.py took 0.159 seconds
[2024-04-20T06:01:11.690+0000] {processor.py:156} INFO - Started process (PID=2191) to work on /opt/airflow/dags/my_dag.py
[2024-04-20T06:01:11.691+0000] {processor.py:758} INFO - Processing file /opt/airflow/dags/my_dag.py for tasks to queue
[2024-04-20T06:01:11.692+0000] {logging_mixin.py:117} INFO - [2024-04-20T06:01:11.692+0000] {dagbag.py:525} INFO - Filling up the DagBag from /opt/airflow/dags/my_dag.py
[2024-04-20T06:01:11.714+0000] {processor.py:768} INFO - DAG(s) dict_keys(['my_dag']) retrieved from /opt/airflow/dags/my_dag.py
[2024-04-20T06:01:11.765+0000] {logging_mixin.py:117} INFO - [2024-04-20T06:01:11.765+0000] {dag.py:2573} INFO - Sync 1 DAGs
[2024-04-20T06:01:11.802+0000] {logging_mixin.py:117} INFO - [2024-04-20T06:01:11.802+0000] {dag.py:3328} INFO - Setting next_dagrun for my_dag to 2024-04-20T05:30:00+00:00, run_after=2024-04-20T06:00:00+00:00
[2024-04-20T06:01:11.831+0000] {processor.py:178} INFO - Processing /opt/airflow/dags/my_dag.py took 0.144 seconds
[2024-04-20T06:01:42.333+0000] {processor.py:156} INFO - Started process (PID=2419) to work on /opt/airflow/dags/my_dag.py
[2024-04-20T06:01:42.334+0000] {processor.py:758} INFO - Processing file /opt/airflow/dags/my_dag.py for tasks to queue
[2024-04-20T06:01:42.335+0000] {logging_mixin.py:117} INFO - [2024-04-20T06:01:42.334+0000] {dagbag.py:525} INFO - Filling up the DagBag from /opt/airflow/dags/my_dag.py
[2024-04-20T06:01:42.358+0000] {processor.py:768} INFO - DAG(s) dict_keys(['my_dag']) retrieved from /opt/airflow/dags/my_dag.py
[2024-04-20T06:01:42.411+0000] {logging_mixin.py:117} INFO - [2024-04-20T06:01:42.410+0000] {dag.py:2573} INFO - Sync 1 DAGs
[2024-04-20T06:01:42.471+0000] {logging_mixin.py:117} INFO - [2024-04-20T06:01:42.471+0000] {dag.py:3328} INFO - Setting next_dagrun for my_dag to 2024-04-20T05:30:00+00:00, run_after=2024-04-20T06:00:00+00:00
[2024-04-20T06:01:42.502+0000] {processor.py:178} INFO - Processing /opt/airflow/dags/my_dag.py took 0.171 seconds
[2024-04-20T06:02:12.863+0000] {processor.py:156} INFO - Started process (PID=2638) to work on /opt/airflow/dags/my_dag.py
[2024-04-20T06:02:12.864+0000] {processor.py:758} INFO - Processing file /opt/airflow/dags/my_dag.py for tasks to queue
[2024-04-20T06:02:12.865+0000] {logging_mixin.py:117} INFO - [2024-04-20T06:02:12.865+0000] {dagbag.py:525} INFO - Filling up the DagBag from /opt/airflow/dags/my_dag.py
[2024-04-20T06:02:12.887+0000] {processor.py:768} INFO - DAG(s) dict_keys(['my_dag']) retrieved from /opt/airflow/dags/my_dag.py
[2024-04-20T06:02:12.981+0000] {logging_mixin.py:117} INFO - [2024-04-20T06:02:12.981+0000] {dag.py:2573} INFO - Sync 1 DAGs
[2024-04-20T06:02:13.047+0000] {logging_mixin.py:117} INFO - [2024-04-20T06:02:13.046+0000] {dag.py:3328} INFO - Setting next_dagrun for my_dag to 2024-04-20T05:30:00+00:00, run_after=2024-04-20T06:00:00+00:00
[2024-04-20T06:02:13.095+0000] {processor.py:178} INFO - Processing /opt/airflow/dags/my_dag.py took 0.235 seconds
[2024-04-20T06:02:43.409+0000] {processor.py:156} INFO - Started process (PID=2865) to work on /opt/airflow/dags/my_dag.py
[2024-04-20T06:02:43.409+0000] {processor.py:758} INFO - Processing file /opt/airflow/dags/my_dag.py for tasks to queue
[2024-04-20T06:02:43.411+0000] {logging_mixin.py:117} INFO - [2024-04-20T06:02:43.410+0000] {dagbag.py:525} INFO - Filling up the DagBag from /opt/airflow/dags/my_dag.py
[2024-04-20T06:02:43.431+0000] {processor.py:768} INFO - DAG(s) dict_keys(['my_dag']) retrieved from /opt/airflow/dags/my_dag.py
[2024-04-20T06:02:43.483+0000] {logging_mixin.py:117} INFO - [2024-04-20T06:02:43.483+0000] {dag.py:2573} INFO - Sync 1 DAGs
[2024-04-20T06:02:43.520+0000] {logging_mixin.py:117} INFO - [2024-04-20T06:02:43.520+0000] {dag.py:3328} INFO - Setting next_dagrun for my_dag to 2024-04-20T05:30:00+00:00, run_after=2024-04-20T06:00:00+00:00
[2024-04-20T06:02:43.546+0000] {processor.py:178} INFO - Processing /opt/airflow/dags/my_dag.py took 0.141 seconds
[2024-04-20T06:03:13.986+0000] {processor.py:156} INFO - Started process (PID=3092) to work on /opt/airflow/dags/my_dag.py
[2024-04-20T06:03:13.987+0000] {processor.py:758} INFO - Processing file /opt/airflow/dags/my_dag.py for tasks to queue
[2024-04-20T06:03:13.994+0000] {logging_mixin.py:117} INFO - [2024-04-20T06:03:13.994+0000] {dagbag.py:525} INFO - Filling up the DagBag from /opt/airflow/dags/my_dag.py
[2024-04-20T06:03:14.041+0000] {processor.py:768} INFO - DAG(s) dict_keys(['my_dag']) retrieved from /opt/airflow/dags/my_dag.py
[2024-04-20T06:03:14.133+0000] {logging_mixin.py:117} INFO - [2024-04-20T06:03:14.133+0000] {dag.py:2573} INFO - Sync 1 DAGs
[2024-04-20T06:03:14.202+0000] {logging_mixin.py:117} INFO - [2024-04-20T06:03:14.202+0000] {dag.py:3328} INFO - Setting next_dagrun for my_dag to 2024-04-20T05:30:00+00:00, run_after=2024-04-20T06:00:00+00:00
[2024-04-20T06:03:14.250+0000] {processor.py:178} INFO - Processing /opt/airflow/dags/my_dag.py took 0.268 seconds
[2024-04-20T06:03:44.348+0000] {processor.py:156} INFO - Started process (PID=3311) to work on /opt/airflow/dags/my_dag.py
[2024-04-20T06:03:44.349+0000] {processor.py:758} INFO - Processing file /opt/airflow/dags/my_dag.py for tasks to queue
[2024-04-20T06:03:44.349+0000] {logging_mixin.py:117} INFO - [2024-04-20T06:03:44.349+0000] {dagbag.py:525} INFO - Filling up the DagBag from /opt/airflow/dags/my_dag.py
[2024-04-20T06:03:44.370+0000] {processor.py:768} INFO - DAG(s) dict_keys(['my_dag']) retrieved from /opt/airflow/dags/my_dag.py
[2024-04-20T06:03:44.418+0000] {logging_mixin.py:117} INFO - [2024-04-20T06:03:44.418+0000] {dag.py:2573} INFO - Sync 1 DAGs
[2024-04-20T06:03:44.460+0000] {logging_mixin.py:117} INFO - [2024-04-20T06:03:44.460+0000] {dag.py:3328} INFO - Setting next_dagrun for my_dag to 2024-04-20T05:30:00+00:00, run_after=2024-04-20T06:00:00+00:00
[2024-04-20T06:03:44.504+0000] {processor.py:178} INFO - Processing /opt/airflow/dags/my_dag.py took 0.160 seconds
