[2024-04-20T05:32:04.537+0000] {processor.py:156} INFO - Started process (PID=364) to work on /home/airflow/.local/lib/python3.7/site-packages/airflow/example_dags/example_kubernetes_executor.py
[2024-04-20T05:32:04.542+0000] {processor.py:758} INFO - Processing file /home/airflow/.local/lib/python3.7/site-packages/airflow/example_dags/example_kubernetes_executor.py for tasks to queue
[2024-04-20T05:32:04.543+0000] {logging_mixin.py:117} INFO - [2024-04-20T05:32:04.543+0000] {dagbag.py:525} INFO - Filling up the DagBag from /home/airflow/.local/lib/python3.7/site-packages/airflow/example_dags/example_kubernetes_executor.py
[2024-04-20T05:32:04.672+0000] {processor.py:768} INFO - DAG(s) dict_keys(['example_kubernetes_executor']) retrieved from /home/airflow/.local/lib/python3.7/site-packages/airflow/example_dags/example_kubernetes_executor.py
[2024-04-20T05:32:05.713+0000] {logging_mixin.py:117} INFO - [2024-04-20T05:32:05.713+0000] {manager.py:507} INFO - Created Permission View: can delete on DAG:example_kubernetes_executor
[2024-04-20T05:32:05.733+0000] {logging_mixin.py:117} INFO - [2024-04-20T05:32:05.733+0000] {manager.py:507} INFO - Created Permission View: can edit on DAG:example_kubernetes_executor
[2024-04-20T05:32:05.749+0000] {logging_mixin.py:117} INFO - [2024-04-20T05:32:05.748+0000] {manager.py:507} INFO - Created Permission View: can read on DAG:example_kubernetes_executor
[2024-04-20T05:32:05.749+0000] {logging_mixin.py:117} INFO - [2024-04-20T05:32:05.749+0000] {dag.py:2573} INFO - Sync 1 DAGs
[2024-04-20T05:32:05.778+0000] {logging_mixin.py:117} INFO - [2024-04-20T05:32:05.778+0000] {dag.py:2594} INFO - Creating ORM DAG for example_kubernetes_executor
[2024-04-20T05:32:05.820+0000] {logging_mixin.py:117} INFO - [2024-04-20T05:32:05.820+0000] {dag.py:3328} INFO - Setting next_dagrun for example_kubernetes_executor to None, run_after=None
[2024-04-20T05:32:05.882+0000] {processor.py:178} INFO - Processing /home/airflow/.local/lib/python3.7/site-packages/airflow/example_dags/example_kubernetes_executor.py took 1.348 seconds
[2024-04-20T05:32:36.143+0000] {processor.py:156} INFO - Started process (PID=580) to work on /home/airflow/.local/lib/python3.7/site-packages/airflow/example_dags/example_kubernetes_executor.py
[2024-04-20T05:32:36.144+0000] {processor.py:758} INFO - Processing file /home/airflow/.local/lib/python3.7/site-packages/airflow/example_dags/example_kubernetes_executor.py for tasks to queue
[2024-04-20T05:32:36.145+0000] {logging_mixin.py:117} INFO - [2024-04-20T05:32:36.144+0000] {dagbag.py:525} INFO - Filling up the DagBag from /home/airflow/.local/lib/python3.7/site-packages/airflow/example_dags/example_kubernetes_executor.py
[2024-04-20T05:32:36.216+0000] {processor.py:768} INFO - DAG(s) dict_keys(['example_kubernetes_executor']) retrieved from /home/airflow/.local/lib/python3.7/site-packages/airflow/example_dags/example_kubernetes_executor.py
[2024-04-20T05:32:36.374+0000] {logging_mixin.py:117} INFO - [2024-04-20T05:32:36.374+0000] {dag.py:2573} INFO - Sync 1 DAGs
[2024-04-20T05:32:36.682+0000] {logging_mixin.py:117} INFO - [2024-04-20T05:32:36.682+0000] {dag.py:3328} INFO - Setting next_dagrun for example_kubernetes_executor to None, run_after=None
[2024-04-20T05:32:36.709+0000] {processor.py:178} INFO - Processing /home/airflow/.local/lib/python3.7/site-packages/airflow/example_dags/example_kubernetes_executor.py took 0.568 seconds
[2024-04-20T05:33:07.063+0000] {processor.py:156} INFO - Started process (PID=805) to work on /home/airflow/.local/lib/python3.7/site-packages/airflow/example_dags/example_kubernetes_executor.py
[2024-04-20T05:33:07.066+0000] {processor.py:758} INFO - Processing file /home/airflow/.local/lib/python3.7/site-packages/airflow/example_dags/example_kubernetes_executor.py for tasks to queue
[2024-04-20T05:33:07.068+0000] {logging_mixin.py:117} INFO - [2024-04-20T05:33:07.067+0000] {dagbag.py:525} INFO - Filling up the DagBag from /home/airflow/.local/lib/python3.7/site-packages/airflow/example_dags/example_kubernetes_executor.py
[2024-04-20T05:33:07.134+0000] {processor.py:768} INFO - DAG(s) dict_keys(['example_kubernetes_executor']) retrieved from /home/airflow/.local/lib/python3.7/site-packages/airflow/example_dags/example_kubernetes_executor.py
[2024-04-20T05:33:07.554+0000] {logging_mixin.py:117} INFO - [2024-04-20T05:33:07.553+0000] {dag.py:2573} INFO - Sync 1 DAGs
[2024-04-20T05:33:07.608+0000] {logging_mixin.py:117} INFO - [2024-04-20T05:33:07.608+0000] {dag.py:3328} INFO - Setting next_dagrun for example_kubernetes_executor to None, run_after=None
[2024-04-20T05:33:07.642+0000] {processor.py:178} INFO - Processing /home/airflow/.local/lib/python3.7/site-packages/airflow/example_dags/example_kubernetes_executor.py took 0.584 seconds
[2024-04-20T05:33:37.826+0000] {processor.py:156} INFO - Started process (PID=1017) to work on /home/airflow/.local/lib/python3.7/site-packages/airflow/example_dags/example_kubernetes_executor.py
[2024-04-20T05:33:37.827+0000] {processor.py:758} INFO - Processing file /home/airflow/.local/lib/python3.7/site-packages/airflow/example_dags/example_kubernetes_executor.py for tasks to queue
[2024-04-20T05:33:37.828+0000] {logging_mixin.py:117} INFO - [2024-04-20T05:33:37.827+0000] {dagbag.py:525} INFO - Filling up the DagBag from /home/airflow/.local/lib/python3.7/site-packages/airflow/example_dags/example_kubernetes_executor.py
[2024-04-20T05:33:37.867+0000] {processor.py:768} INFO - DAG(s) dict_keys(['example_kubernetes_executor']) retrieved from /home/airflow/.local/lib/python3.7/site-packages/airflow/example_dags/example_kubernetes_executor.py
[2024-04-20T05:33:38.189+0000] {logging_mixin.py:117} INFO - [2024-04-20T05:33:38.189+0000] {dag.py:2573} INFO - Sync 1 DAGs
[2024-04-20T05:33:38.216+0000] {logging_mixin.py:117} INFO - [2024-04-20T05:33:38.216+0000] {dag.py:3328} INFO - Setting next_dagrun for example_kubernetes_executor to None, run_after=None
[2024-04-20T05:33:38.239+0000] {processor.py:178} INFO - Processing /home/airflow/.local/lib/python3.7/site-packages/airflow/example_dags/example_kubernetes_executor.py took 0.416 seconds
[2024-04-20T05:34:09.157+0000] {processor.py:156} INFO - Started process (PID=1236) to work on /home/airflow/.local/lib/python3.7/site-packages/airflow/example_dags/example_kubernetes_executor.py
[2024-04-20T05:34:09.158+0000] {processor.py:758} INFO - Processing file /home/airflow/.local/lib/python3.7/site-packages/airflow/example_dags/example_kubernetes_executor.py for tasks to queue
[2024-04-20T05:34:09.159+0000] {logging_mixin.py:117} INFO - [2024-04-20T05:34:09.159+0000] {dagbag.py:525} INFO - Filling up the DagBag from /home/airflow/.local/lib/python3.7/site-packages/airflow/example_dags/example_kubernetes_executor.py
[2024-04-20T05:34:09.388+0000] {processor.py:768} INFO - DAG(s) dict_keys(['example_kubernetes_executor']) retrieved from /home/airflow/.local/lib/python3.7/site-packages/airflow/example_dags/example_kubernetes_executor.py
[2024-04-20T05:34:09.472+0000] {logging_mixin.py:117} INFO - [2024-04-20T05:34:09.472+0000] {dag.py:2573} INFO - Sync 1 DAGs
[2024-04-20T05:34:09.545+0000] {logging_mixin.py:117} INFO - [2024-04-20T05:34:09.544+0000] {dag.py:3328} INFO - Setting next_dagrun for example_kubernetes_executor to None, run_after=None
[2024-04-20T05:34:09.577+0000] {processor.py:178} INFO - Processing /home/airflow/.local/lib/python3.7/site-packages/airflow/example_dags/example_kubernetes_executor.py took 0.423 seconds
[2024-04-20T05:34:40.099+0000] {processor.py:156} INFO - Started process (PID=1445) to work on /home/airflow/.local/lib/python3.7/site-packages/airflow/example_dags/example_kubernetes_executor.py
[2024-04-20T05:34:40.112+0000] {processor.py:758} INFO - Processing file /home/airflow/.local/lib/python3.7/site-packages/airflow/example_dags/example_kubernetes_executor.py for tasks to queue
[2024-04-20T05:34:40.113+0000] {logging_mixin.py:117} INFO - [2024-04-20T05:34:40.113+0000] {dagbag.py:525} INFO - Filling up the DagBag from /home/airflow/.local/lib/python3.7/site-packages/airflow/example_dags/example_kubernetes_executor.py
[2024-04-20T05:34:40.371+0000] {processor.py:768} INFO - DAG(s) dict_keys(['example_kubernetes_executor']) retrieved from /home/airflow/.local/lib/python3.7/site-packages/airflow/example_dags/example_kubernetes_executor.py
[2024-04-20T05:34:40.428+0000] {logging_mixin.py:117} INFO - [2024-04-20T05:34:40.428+0000] {dag.py:2573} INFO - Sync 1 DAGs
[2024-04-20T05:34:40.458+0000] {logging_mixin.py:117} INFO - [2024-04-20T05:34:40.458+0000] {dag.py:3328} INFO - Setting next_dagrun for example_kubernetes_executor to None, run_after=None
[2024-04-20T05:34:40.482+0000] {processor.py:178} INFO - Processing /home/airflow/.local/lib/python3.7/site-packages/airflow/example_dags/example_kubernetes_executor.py took 0.388 seconds
[2024-04-20T05:35:11.489+0000] {processor.py:156} INFO - Started process (PID=1662) to work on /home/airflow/.local/lib/python3.7/site-packages/airflow/example_dags/example_kubernetes_executor.py
[2024-04-20T05:35:11.491+0000] {processor.py:758} INFO - Processing file /home/airflow/.local/lib/python3.7/site-packages/airflow/example_dags/example_kubernetes_executor.py for tasks to queue
[2024-04-20T05:35:11.497+0000] {logging_mixin.py:117} INFO - [2024-04-20T05:35:11.497+0000] {dagbag.py:525} INFO - Filling up the DagBag from /home/airflow/.local/lib/python3.7/site-packages/airflow/example_dags/example_kubernetes_executor.py
[2024-04-20T05:35:11.542+0000] {processor.py:768} INFO - DAG(s) dict_keys(['example_kubernetes_executor']) retrieved from /home/airflow/.local/lib/python3.7/site-packages/airflow/example_dags/example_kubernetes_executor.py
[2024-04-20T05:35:11.590+0000] {logging_mixin.py:117} INFO - [2024-04-20T05:35:11.590+0000] {dag.py:2573} INFO - Sync 1 DAGs
[2024-04-20T05:35:11.621+0000] {logging_mixin.py:117} INFO - [2024-04-20T05:35:11.621+0000] {dag.py:3328} INFO - Setting next_dagrun for example_kubernetes_executor to None, run_after=None
[2024-04-20T05:35:11.644+0000] {processor.py:178} INFO - Processing /home/airflow/.local/lib/python3.7/site-packages/airflow/example_dags/example_kubernetes_executor.py took 0.162 seconds
[2024-04-20T05:35:42.919+0000] {processor.py:156} INFO - Started process (PID=1890) to work on /home/airflow/.local/lib/python3.7/site-packages/airflow/example_dags/example_kubernetes_executor.py
[2024-04-20T05:35:42.922+0000] {processor.py:758} INFO - Processing file /home/airflow/.local/lib/python3.7/site-packages/airflow/example_dags/example_kubernetes_executor.py for tasks to queue
[2024-04-20T05:35:42.923+0000] {logging_mixin.py:117} INFO - [2024-04-20T05:35:42.923+0000] {dagbag.py:525} INFO - Filling up the DagBag from /home/airflow/.local/lib/python3.7/site-packages/airflow/example_dags/example_kubernetes_executor.py
[2024-04-20T05:35:43.034+0000] {processor.py:768} INFO - DAG(s) dict_keys(['example_kubernetes_executor']) retrieved from /home/airflow/.local/lib/python3.7/site-packages/airflow/example_dags/example_kubernetes_executor.py
[2024-04-20T05:35:43.218+0000] {logging_mixin.py:117} INFO - [2024-04-20T05:35:43.218+0000] {dag.py:2573} INFO - Sync 1 DAGs
[2024-04-20T05:35:43.323+0000] {logging_mixin.py:117} INFO - [2024-04-20T05:35:43.323+0000] {dag.py:3328} INFO - Setting next_dagrun for example_kubernetes_executor to None, run_after=None
[2024-04-20T05:35:43.370+0000] {processor.py:178} INFO - Processing /home/airflow/.local/lib/python3.7/site-packages/airflow/example_dags/example_kubernetes_executor.py took 0.454 seconds
[2024-04-20T05:36:14.268+0000] {processor.py:156} INFO - Started process (PID=2099) to work on /home/airflow/.local/lib/python3.7/site-packages/airflow/example_dags/example_kubernetes_executor.py
[2024-04-20T05:36:14.268+0000] {processor.py:758} INFO - Processing file /home/airflow/.local/lib/python3.7/site-packages/airflow/example_dags/example_kubernetes_executor.py for tasks to queue
[2024-04-20T05:36:14.269+0000] {logging_mixin.py:117} INFO - [2024-04-20T05:36:14.269+0000] {dagbag.py:525} INFO - Filling up the DagBag from /home/airflow/.local/lib/python3.7/site-packages/airflow/example_dags/example_kubernetes_executor.py
[2024-04-20T05:36:14.306+0000] {processor.py:768} INFO - DAG(s) dict_keys(['example_kubernetes_executor']) retrieved from /home/airflow/.local/lib/python3.7/site-packages/airflow/example_dags/example_kubernetes_executor.py
[2024-04-20T05:36:14.358+0000] {logging_mixin.py:117} INFO - [2024-04-20T05:36:14.358+0000] {dag.py:2573} INFO - Sync 1 DAGs
[2024-04-20T05:36:14.390+0000] {logging_mixin.py:117} INFO - [2024-04-20T05:36:14.390+0000] {dag.py:3328} INFO - Setting next_dagrun for example_kubernetes_executor to None, run_after=None
[2024-04-20T05:36:14.418+0000] {processor.py:178} INFO - Processing /home/airflow/.local/lib/python3.7/site-packages/airflow/example_dags/example_kubernetes_executor.py took 0.153 seconds
[2024-04-20T05:36:44.775+0000] {processor.py:156} INFO - Started process (PID=2341) to work on /home/airflow/.local/lib/python3.7/site-packages/airflow/example_dags/example_kubernetes_executor.py
[2024-04-20T05:36:44.776+0000] {processor.py:758} INFO - Processing file /home/airflow/.local/lib/python3.7/site-packages/airflow/example_dags/example_kubernetes_executor.py for tasks to queue
[2024-04-20T05:36:44.776+0000] {logging_mixin.py:117} INFO - [2024-04-20T05:36:44.776+0000] {dagbag.py:525} INFO - Filling up the DagBag from /home/airflow/.local/lib/python3.7/site-packages/airflow/example_dags/example_kubernetes_executor.py
[2024-04-20T05:36:44.812+0000] {processor.py:768} INFO - DAG(s) dict_keys(['example_kubernetes_executor']) retrieved from /home/airflow/.local/lib/python3.7/site-packages/airflow/example_dags/example_kubernetes_executor.py
[2024-04-20T05:36:44.861+0000] {logging_mixin.py:117} INFO - [2024-04-20T05:36:44.861+0000] {dag.py:2573} INFO - Sync 1 DAGs
[2024-04-20T05:36:44.891+0000] {logging_mixin.py:117} INFO - [2024-04-20T05:36:44.891+0000] {dag.py:3328} INFO - Setting next_dagrun for example_kubernetes_executor to None, run_after=None
[2024-04-20T05:36:44.914+0000] {processor.py:178} INFO - Processing /home/airflow/.local/lib/python3.7/site-packages/airflow/example_dags/example_kubernetes_executor.py took 0.143 seconds
[2024-04-20T05:37:15.435+0000] {processor.py:156} INFO - Started process (PID=2604) to work on /home/airflow/.local/lib/python3.7/site-packages/airflow/example_dags/example_kubernetes_executor.py
[2024-04-20T05:37:15.436+0000] {processor.py:758} INFO - Processing file /home/airflow/.local/lib/python3.7/site-packages/airflow/example_dags/example_kubernetes_executor.py for tasks to queue
[2024-04-20T05:37:15.437+0000] {logging_mixin.py:117} INFO - [2024-04-20T05:37:15.437+0000] {dagbag.py:525} INFO - Filling up the DagBag from /home/airflow/.local/lib/python3.7/site-packages/airflow/example_dags/example_kubernetes_executor.py
[2024-04-20T05:37:15.471+0000] {processor.py:768} INFO - DAG(s) dict_keys(['example_kubernetes_executor']) retrieved from /home/airflow/.local/lib/python3.7/site-packages/airflow/example_dags/example_kubernetes_executor.py
[2024-04-20T05:37:15.547+0000] {logging_mixin.py:117} INFO - [2024-04-20T05:37:15.547+0000] {dag.py:2573} INFO - Sync 1 DAGs
[2024-04-20T05:37:15.600+0000] {logging_mixin.py:117} INFO - [2024-04-20T05:37:15.600+0000] {dag.py:3328} INFO - Setting next_dagrun for example_kubernetes_executor to None, run_after=None
[2024-04-20T05:37:15.624+0000] {processor.py:178} INFO - Processing /home/airflow/.local/lib/python3.7/site-packages/airflow/example_dags/example_kubernetes_executor.py took 0.195 seconds
[2024-04-20T05:37:45.874+0000] {processor.py:156} INFO - Started process (PID=2858) to work on /home/airflow/.local/lib/python3.7/site-packages/airflow/example_dags/example_kubernetes_executor.py
[2024-04-20T05:37:45.874+0000] {processor.py:758} INFO - Processing file /home/airflow/.local/lib/python3.7/site-packages/airflow/example_dags/example_kubernetes_executor.py for tasks to queue
[2024-04-20T05:37:45.875+0000] {logging_mixin.py:117} INFO - [2024-04-20T05:37:45.875+0000] {dagbag.py:525} INFO - Filling up the DagBag from /home/airflow/.local/lib/python3.7/site-packages/airflow/example_dags/example_kubernetes_executor.py
[2024-04-20T05:37:45.910+0000] {processor.py:768} INFO - DAG(s) dict_keys(['example_kubernetes_executor']) retrieved from /home/airflow/.local/lib/python3.7/site-packages/airflow/example_dags/example_kubernetes_executor.py
[2024-04-20T05:37:45.960+0000] {logging_mixin.py:117} INFO - [2024-04-20T05:37:45.960+0000] {dag.py:2573} INFO - Sync 1 DAGs
[2024-04-20T05:37:45.992+0000] {logging_mixin.py:117} INFO - [2024-04-20T05:37:45.991+0000] {dag.py:3328} INFO - Setting next_dagrun for example_kubernetes_executor to None, run_after=None
[2024-04-20T05:37:46.023+0000] {processor.py:178} INFO - Processing /home/airflow/.local/lib/python3.7/site-packages/airflow/example_dags/example_kubernetes_executor.py took 0.152 seconds
[2024-04-20T05:38:16.245+0000] {processor.py:156} INFO - Started process (PID=3088) to work on /home/airflow/.local/lib/python3.7/site-packages/airflow/example_dags/example_kubernetes_executor.py
[2024-04-20T05:38:16.246+0000] {processor.py:758} INFO - Processing file /home/airflow/.local/lib/python3.7/site-packages/airflow/example_dags/example_kubernetes_executor.py for tasks to queue
[2024-04-20T05:38:16.247+0000] {logging_mixin.py:117} INFO - [2024-04-20T05:38:16.246+0000] {dagbag.py:525} INFO - Filling up the DagBag from /home/airflow/.local/lib/python3.7/site-packages/airflow/example_dags/example_kubernetes_executor.py
[2024-04-20T05:38:16.321+0000] {processor.py:768} INFO - DAG(s) dict_keys(['example_kubernetes_executor']) retrieved from /home/airflow/.local/lib/python3.7/site-packages/airflow/example_dags/example_kubernetes_executor.py
[2024-04-20T05:38:16.403+0000] {logging_mixin.py:117} INFO - [2024-04-20T05:38:16.403+0000] {dag.py:2573} INFO - Sync 1 DAGs
[2024-04-20T05:38:16.435+0000] {logging_mixin.py:117} INFO - [2024-04-20T05:38:16.435+0000] {dag.py:3328} INFO - Setting next_dagrun for example_kubernetes_executor to None, run_after=None
[2024-04-20T05:38:16.477+0000] {processor.py:178} INFO - Processing /home/airflow/.local/lib/python3.7/site-packages/airflow/example_dags/example_kubernetes_executor.py took 0.236 seconds
[2024-04-20T05:38:46.770+0000] {processor.py:156} INFO - Started process (PID=3306) to work on /home/airflow/.local/lib/python3.7/site-packages/airflow/example_dags/example_kubernetes_executor.py
[2024-04-20T05:38:46.771+0000] {processor.py:758} INFO - Processing file /home/airflow/.local/lib/python3.7/site-packages/airflow/example_dags/example_kubernetes_executor.py for tasks to queue
[2024-04-20T05:38:46.771+0000] {logging_mixin.py:117} INFO - [2024-04-20T05:38:46.771+0000] {dagbag.py:525} INFO - Filling up the DagBag from /home/airflow/.local/lib/python3.7/site-packages/airflow/example_dags/example_kubernetes_executor.py
[2024-04-20T05:38:46.816+0000] {processor.py:768} INFO - DAG(s) dict_keys(['example_kubernetes_executor']) retrieved from /home/airflow/.local/lib/python3.7/site-packages/airflow/example_dags/example_kubernetes_executor.py
[2024-04-20T05:38:46.948+0000] {logging_mixin.py:117} INFO - [2024-04-20T05:38:46.948+0000] {dag.py:2573} INFO - Sync 1 DAGs
[2024-04-20T05:38:47.019+0000] {logging_mixin.py:117} INFO - [2024-04-20T05:38:47.019+0000] {dag.py:3328} INFO - Setting next_dagrun for example_kubernetes_executor to None, run_after=None
[2024-04-20T05:38:47.077+0000] {processor.py:178} INFO - Processing /home/airflow/.local/lib/python3.7/site-packages/airflow/example_dags/example_kubernetes_executor.py took 0.310 seconds
[2024-04-20T05:39:17.293+0000] {processor.py:156} INFO - Started process (PID=3538) to work on /home/airflow/.local/lib/python3.7/site-packages/airflow/example_dags/example_kubernetes_executor.py
[2024-04-20T05:39:17.293+0000] {processor.py:758} INFO - Processing file /home/airflow/.local/lib/python3.7/site-packages/airflow/example_dags/example_kubernetes_executor.py for tasks to queue
[2024-04-20T05:39:17.294+0000] {logging_mixin.py:117} INFO - [2024-04-20T05:39:17.294+0000] {dagbag.py:525} INFO - Filling up the DagBag from /home/airflow/.local/lib/python3.7/site-packages/airflow/example_dags/example_kubernetes_executor.py
[2024-04-20T05:39:17.328+0000] {processor.py:768} INFO - DAG(s) dict_keys(['example_kubernetes_executor']) retrieved from /home/airflow/.local/lib/python3.7/site-packages/airflow/example_dags/example_kubernetes_executor.py
[2024-04-20T05:39:17.377+0000] {logging_mixin.py:117} INFO - [2024-04-20T05:39:17.377+0000] {dag.py:2573} INFO - Sync 1 DAGs
[2024-04-20T05:39:17.411+0000] {logging_mixin.py:117} INFO - [2024-04-20T05:39:17.411+0000] {dag.py:3328} INFO - Setting next_dagrun for example_kubernetes_executor to None, run_after=None
[2024-04-20T05:39:17.435+0000] {processor.py:178} INFO - Processing /home/airflow/.local/lib/python3.7/site-packages/airflow/example_dags/example_kubernetes_executor.py took 0.145 seconds
[2024-04-20T05:39:47.965+0000] {processor.py:156} INFO - Started process (PID=3777) to work on /home/airflow/.local/lib/python3.7/site-packages/airflow/example_dags/example_kubernetes_executor.py
[2024-04-20T05:39:47.965+0000] {processor.py:758} INFO - Processing file /home/airflow/.local/lib/python3.7/site-packages/airflow/example_dags/example_kubernetes_executor.py for tasks to queue
[2024-04-20T05:39:47.966+0000] {logging_mixin.py:117} INFO - [2024-04-20T05:39:47.966+0000] {dagbag.py:525} INFO - Filling up the DagBag from /home/airflow/.local/lib/python3.7/site-packages/airflow/example_dags/example_kubernetes_executor.py
[2024-04-20T05:39:48.002+0000] {processor.py:768} INFO - DAG(s) dict_keys(['example_kubernetes_executor']) retrieved from /home/airflow/.local/lib/python3.7/site-packages/airflow/example_dags/example_kubernetes_executor.py
[2024-04-20T05:39:48.078+0000] {logging_mixin.py:117} INFO - [2024-04-20T05:39:48.077+0000] {dag.py:2573} INFO - Sync 1 DAGs
[2024-04-20T05:39:48.142+0000] {logging_mixin.py:117} INFO - [2024-04-20T05:39:48.141+0000] {dag.py:3328} INFO - Setting next_dagrun for example_kubernetes_executor to None, run_after=None
[2024-04-20T05:39:48.171+0000] {processor.py:178} INFO - Processing /home/airflow/.local/lib/python3.7/site-packages/airflow/example_dags/example_kubernetes_executor.py took 0.209 seconds
[2024-04-20T05:40:18.337+0000] {processor.py:156} INFO - Started process (PID=4005) to work on /home/airflow/.local/lib/python3.7/site-packages/airflow/example_dags/example_kubernetes_executor.py
[2024-04-20T05:40:18.337+0000] {processor.py:758} INFO - Processing file /home/airflow/.local/lib/python3.7/site-packages/airflow/example_dags/example_kubernetes_executor.py for tasks to queue
[2024-04-20T05:40:18.338+0000] {logging_mixin.py:117} INFO - [2024-04-20T05:40:18.338+0000] {dagbag.py:525} INFO - Filling up the DagBag from /home/airflow/.local/lib/python3.7/site-packages/airflow/example_dags/example_kubernetes_executor.py
[2024-04-20T05:40:18.375+0000] {processor.py:768} INFO - DAG(s) dict_keys(['example_kubernetes_executor']) retrieved from /home/airflow/.local/lib/python3.7/site-packages/airflow/example_dags/example_kubernetes_executor.py
[2024-04-20T05:40:18.426+0000] {logging_mixin.py:117} INFO - [2024-04-20T05:40:18.425+0000] {dag.py:2573} INFO - Sync 1 DAGs
[2024-04-20T05:40:18.458+0000] {logging_mixin.py:117} INFO - [2024-04-20T05:40:18.458+0000] {dag.py:3328} INFO - Setting next_dagrun for example_kubernetes_executor to None, run_after=None
[2024-04-20T05:40:18.481+0000] {processor.py:178} INFO - Processing /home/airflow/.local/lib/python3.7/site-packages/airflow/example_dags/example_kubernetes_executor.py took 0.147 seconds
[2024-04-20T05:40:48.652+0000] {processor.py:156} INFO - Started process (PID=4230) to work on /home/airflow/.local/lib/python3.7/site-packages/airflow/example_dags/example_kubernetes_executor.py
[2024-04-20T05:40:48.653+0000] {processor.py:758} INFO - Processing file /home/airflow/.local/lib/python3.7/site-packages/airflow/example_dags/example_kubernetes_executor.py for tasks to queue
[2024-04-20T05:40:48.653+0000] {logging_mixin.py:117} INFO - [2024-04-20T05:40:48.653+0000] {dagbag.py:525} INFO - Filling up the DagBag from /home/airflow/.local/lib/python3.7/site-packages/airflow/example_dags/example_kubernetes_executor.py
[2024-04-20T05:40:48.689+0000] {processor.py:768} INFO - DAG(s) dict_keys(['example_kubernetes_executor']) retrieved from /home/airflow/.local/lib/python3.7/site-packages/airflow/example_dags/example_kubernetes_executor.py
[2024-04-20T05:40:48.780+0000] {logging_mixin.py:117} INFO - [2024-04-20T05:40:48.780+0000] {dag.py:2573} INFO - Sync 1 DAGs
[2024-04-20T05:40:48.821+0000] {logging_mixin.py:117} INFO - [2024-04-20T05:40:48.821+0000] {dag.py:3328} INFO - Setting next_dagrun for example_kubernetes_executor to None, run_after=None
[2024-04-20T05:40:48.867+0000] {processor.py:178} INFO - Processing /home/airflow/.local/lib/python3.7/site-packages/airflow/example_dags/example_kubernetes_executor.py took 0.218 seconds
[2024-04-20T05:41:19.600+0000] {processor.py:156} INFO - Started process (PID=4453) to work on /home/airflow/.local/lib/python3.7/site-packages/airflow/example_dags/example_kubernetes_executor.py
[2024-04-20T05:41:19.601+0000] {processor.py:758} INFO - Processing file /home/airflow/.local/lib/python3.7/site-packages/airflow/example_dags/example_kubernetes_executor.py for tasks to queue
[2024-04-20T05:41:19.602+0000] {logging_mixin.py:117} INFO - [2024-04-20T05:41:19.602+0000] {dagbag.py:525} INFO - Filling up the DagBag from /home/airflow/.local/lib/python3.7/site-packages/airflow/example_dags/example_kubernetes_executor.py
[2024-04-20T05:41:19.637+0000] {processor.py:768} INFO - DAG(s) dict_keys(['example_kubernetes_executor']) retrieved from /home/airflow/.local/lib/python3.7/site-packages/airflow/example_dags/example_kubernetes_executor.py
[2024-04-20T05:41:19.739+0000] {logging_mixin.py:117} INFO - [2024-04-20T05:41:19.738+0000] {dag.py:2573} INFO - Sync 1 DAGs
[2024-04-20T05:41:19.828+0000] {logging_mixin.py:117} INFO - [2024-04-20T05:41:19.827+0000] {dag.py:3328} INFO - Setting next_dagrun for example_kubernetes_executor to None, run_after=None
[2024-04-20T05:41:19.914+0000] {processor.py:178} INFO - Processing /home/airflow/.local/lib/python3.7/site-packages/airflow/example_dags/example_kubernetes_executor.py took 0.319 seconds
[2024-04-20T05:41:50.112+0000] {processor.py:156} INFO - Started process (PID=4680) to work on /home/airflow/.local/lib/python3.7/site-packages/airflow/example_dags/example_kubernetes_executor.py
[2024-04-20T05:41:50.113+0000] {processor.py:758} INFO - Processing file /home/airflow/.local/lib/python3.7/site-packages/airflow/example_dags/example_kubernetes_executor.py for tasks to queue
[2024-04-20T05:41:50.114+0000] {logging_mixin.py:117} INFO - [2024-04-20T05:41:50.113+0000] {dagbag.py:525} INFO - Filling up the DagBag from /home/airflow/.local/lib/python3.7/site-packages/airflow/example_dags/example_kubernetes_executor.py
[2024-04-20T05:41:50.163+0000] {processor.py:768} INFO - DAG(s) dict_keys(['example_kubernetes_executor']) retrieved from /home/airflow/.local/lib/python3.7/site-packages/airflow/example_dags/example_kubernetes_executor.py
[2024-04-20T05:41:50.230+0000] {logging_mixin.py:117} INFO - [2024-04-20T05:41:50.230+0000] {dag.py:2573} INFO - Sync 1 DAGs
[2024-04-20T05:41:50.264+0000] {logging_mixin.py:117} INFO - [2024-04-20T05:41:50.264+0000] {dag.py:3328} INFO - Setting next_dagrun for example_kubernetes_executor to None, run_after=None
[2024-04-20T05:41:50.295+0000] {processor.py:178} INFO - Processing /home/airflow/.local/lib/python3.7/site-packages/airflow/example_dags/example_kubernetes_executor.py took 0.186 seconds
[2024-04-20T05:42:20.563+0000] {processor.py:156} INFO - Started process (PID=4934) to work on /home/airflow/.local/lib/python3.7/site-packages/airflow/example_dags/example_kubernetes_executor.py
[2024-04-20T05:42:20.563+0000] {processor.py:758} INFO - Processing file /home/airflow/.local/lib/python3.7/site-packages/airflow/example_dags/example_kubernetes_executor.py for tasks to queue
[2024-04-20T05:42:20.564+0000] {logging_mixin.py:117} INFO - [2024-04-20T05:42:20.564+0000] {dagbag.py:525} INFO - Filling up the DagBag from /home/airflow/.local/lib/python3.7/site-packages/airflow/example_dags/example_kubernetes_executor.py
[2024-04-20T05:42:20.599+0000] {processor.py:768} INFO - DAG(s) dict_keys(['example_kubernetes_executor']) retrieved from /home/airflow/.local/lib/python3.7/site-packages/airflow/example_dags/example_kubernetes_executor.py
[2024-04-20T05:42:20.647+0000] {logging_mixin.py:117} INFO - [2024-04-20T05:42:20.647+0000] {dag.py:2573} INFO - Sync 1 DAGs
[2024-04-20T05:42:20.679+0000] {logging_mixin.py:117} INFO - [2024-04-20T05:42:20.679+0000] {dag.py:3328} INFO - Setting next_dagrun for example_kubernetes_executor to None, run_after=None
[2024-04-20T05:42:20.705+0000] {processor.py:178} INFO - Processing /home/airflow/.local/lib/python3.7/site-packages/airflow/example_dags/example_kubernetes_executor.py took 0.146 seconds
[2024-04-20T05:42:51.362+0000] {processor.py:156} INFO - Started process (PID=5175) to work on /home/airflow/.local/lib/python3.7/site-packages/airflow/example_dags/example_kubernetes_executor.py
[2024-04-20T05:42:51.363+0000] {processor.py:758} INFO - Processing file /home/airflow/.local/lib/python3.7/site-packages/airflow/example_dags/example_kubernetes_executor.py for tasks to queue
[2024-04-20T05:42:51.364+0000] {logging_mixin.py:117} INFO - [2024-04-20T05:42:51.364+0000] {dagbag.py:525} INFO - Filling up the DagBag from /home/airflow/.local/lib/python3.7/site-packages/airflow/example_dags/example_kubernetes_executor.py
[2024-04-20T05:42:51.433+0000] {processor.py:768} INFO - DAG(s) dict_keys(['example_kubernetes_executor']) retrieved from /home/airflow/.local/lib/python3.7/site-packages/airflow/example_dags/example_kubernetes_executor.py
[2024-04-20T05:42:51.680+0000] {logging_mixin.py:117} INFO - [2024-04-20T05:42:51.680+0000] {dag.py:2573} INFO - Sync 1 DAGs
[2024-04-20T05:42:51.819+0000] {logging_mixin.py:117} INFO - [2024-04-20T05:42:51.819+0000] {dag.py:3328} INFO - Setting next_dagrun for example_kubernetes_executor to None, run_after=None
[2024-04-20T05:42:51.934+0000] {processor.py:178} INFO - Processing /home/airflow/.local/lib/python3.7/site-packages/airflow/example_dags/example_kubernetes_executor.py took 0.575 seconds
[2024-04-20T05:43:22.587+0000] {processor.py:156} INFO - Started process (PID=5437) to work on /home/airflow/.local/lib/python3.7/site-packages/airflow/example_dags/example_kubernetes_executor.py
[2024-04-20T05:43:22.588+0000] {processor.py:758} INFO - Processing file /home/airflow/.local/lib/python3.7/site-packages/airflow/example_dags/example_kubernetes_executor.py for tasks to queue
[2024-04-20T05:43:22.589+0000] {logging_mixin.py:117} INFO - [2024-04-20T05:43:22.589+0000] {dagbag.py:525} INFO - Filling up the DagBag from /home/airflow/.local/lib/python3.7/site-packages/airflow/example_dags/example_kubernetes_executor.py
[2024-04-20T05:43:22.626+0000] {processor.py:768} INFO - DAG(s) dict_keys(['example_kubernetes_executor']) retrieved from /home/airflow/.local/lib/python3.7/site-packages/airflow/example_dags/example_kubernetes_executor.py
[2024-04-20T05:43:22.681+0000] {logging_mixin.py:117} INFO - [2024-04-20T05:43:22.681+0000] {dag.py:2573} INFO - Sync 1 DAGs
[2024-04-20T05:43:22.712+0000] {logging_mixin.py:117} INFO - [2024-04-20T05:43:22.712+0000] {dag.py:3328} INFO - Setting next_dagrun for example_kubernetes_executor to None, run_after=None
[2024-04-20T05:43:22.736+0000] {processor.py:178} INFO - Processing /home/airflow/.local/lib/python3.7/site-packages/airflow/example_dags/example_kubernetes_executor.py took 0.152 seconds
[2024-04-20T05:43:53.091+0000] {processor.py:156} INFO - Started process (PID=5684) to work on /home/airflow/.local/lib/python3.7/site-packages/airflow/example_dags/example_kubernetes_executor.py
[2024-04-20T05:43:53.091+0000] {processor.py:758} INFO - Processing file /home/airflow/.local/lib/python3.7/site-packages/airflow/example_dags/example_kubernetes_executor.py for tasks to queue
[2024-04-20T05:43:53.092+0000] {logging_mixin.py:117} INFO - [2024-04-20T05:43:53.092+0000] {dagbag.py:525} INFO - Filling up the DagBag from /home/airflow/.local/lib/python3.7/site-packages/airflow/example_dags/example_kubernetes_executor.py
[2024-04-20T05:43:53.130+0000] {processor.py:768} INFO - DAG(s) dict_keys(['example_kubernetes_executor']) retrieved from /home/airflow/.local/lib/python3.7/site-packages/airflow/example_dags/example_kubernetes_executor.py
[2024-04-20T05:43:53.221+0000] {logging_mixin.py:117} INFO - [2024-04-20T05:43:53.220+0000] {dag.py:2573} INFO - Sync 1 DAGs
[2024-04-20T05:43:53.280+0000] {logging_mixin.py:117} INFO - [2024-04-20T05:43:53.279+0000] {dag.py:3328} INFO - Setting next_dagrun for example_kubernetes_executor to None, run_after=None
[2024-04-20T05:43:53.305+0000] {processor.py:178} INFO - Processing /home/airflow/.local/lib/python3.7/site-packages/airflow/example_dags/example_kubernetes_executor.py took 0.219 seconds
[2024-04-20T05:44:23.383+0000] {processor.py:156} INFO - Started process (PID=5912) to work on /home/airflow/.local/lib/python3.7/site-packages/airflow/example_dags/example_kubernetes_executor.py
[2024-04-20T05:44:23.384+0000] {processor.py:758} INFO - Processing file /home/airflow/.local/lib/python3.7/site-packages/airflow/example_dags/example_kubernetes_executor.py for tasks to queue
[2024-04-20T05:44:23.384+0000] {logging_mixin.py:117} INFO - [2024-04-20T05:44:23.384+0000] {dagbag.py:525} INFO - Filling up the DagBag from /home/airflow/.local/lib/python3.7/site-packages/airflow/example_dags/example_kubernetes_executor.py
[2024-04-20T05:44:23.428+0000] {processor.py:768} INFO - DAG(s) dict_keys(['example_kubernetes_executor']) retrieved from /home/airflow/.local/lib/python3.7/site-packages/airflow/example_dags/example_kubernetes_executor.py
[2024-04-20T05:44:23.497+0000] {logging_mixin.py:117} INFO - [2024-04-20T05:44:23.497+0000] {dag.py:2573} INFO - Sync 1 DAGs
[2024-04-20T05:44:23.540+0000] {logging_mixin.py:117} INFO - [2024-04-20T05:44:23.540+0000] {dag.py:3328} INFO - Setting next_dagrun for example_kubernetes_executor to None, run_after=None
[2024-04-20T05:44:23.567+0000] {processor.py:178} INFO - Processing /home/airflow/.local/lib/python3.7/site-packages/airflow/example_dags/example_kubernetes_executor.py took 0.187 seconds
[2024-04-20T05:44:54.433+0000] {processor.py:156} INFO - Started process (PID=6189) to work on /home/airflow/.local/lib/python3.7/site-packages/airflow/example_dags/example_kubernetes_executor.py
[2024-04-20T05:44:54.434+0000] {processor.py:758} INFO - Processing file /home/airflow/.local/lib/python3.7/site-packages/airflow/example_dags/example_kubernetes_executor.py for tasks to queue
[2024-04-20T05:44:54.434+0000] {logging_mixin.py:117} INFO - [2024-04-20T05:44:54.434+0000] {dagbag.py:525} INFO - Filling up the DagBag from /home/airflow/.local/lib/python3.7/site-packages/airflow/example_dags/example_kubernetes_executor.py
[2024-04-20T05:44:54.540+0000] {processor.py:768} INFO - DAG(s) dict_keys(['example_kubernetes_executor']) retrieved from /home/airflow/.local/lib/python3.7/site-packages/airflow/example_dags/example_kubernetes_executor.py
[2024-04-20T05:44:54.596+0000] {logging_mixin.py:117} INFO - [2024-04-20T05:44:54.596+0000] {dag.py:2573} INFO - Sync 1 DAGs
[2024-04-20T05:44:54.631+0000] {logging_mixin.py:117} INFO - [2024-04-20T05:44:54.630+0000] {dag.py:3328} INFO - Setting next_dagrun for example_kubernetes_executor to None, run_after=None
[2024-04-20T05:44:54.653+0000] {processor.py:178} INFO - Processing /home/airflow/.local/lib/python3.7/site-packages/airflow/example_dags/example_kubernetes_executor.py took 0.224 seconds
[2024-04-20T05:45:24.856+0000] {processor.py:156} INFO - Started process (PID=6435) to work on /home/airflow/.local/lib/python3.7/site-packages/airflow/example_dags/example_kubernetes_executor.py
[2024-04-20T05:45:24.857+0000] {processor.py:758} INFO - Processing file /home/airflow/.local/lib/python3.7/site-packages/airflow/example_dags/example_kubernetes_executor.py for tasks to queue
[2024-04-20T05:45:24.861+0000] {logging_mixin.py:117} INFO - [2024-04-20T05:45:24.858+0000] {dagbag.py:525} INFO - Filling up the DagBag from /home/airflow/.local/lib/python3.7/site-packages/airflow/example_dags/example_kubernetes_executor.py
[2024-04-20T05:45:24.935+0000] {processor.py:768} INFO - DAG(s) dict_keys(['example_kubernetes_executor']) retrieved from /home/airflow/.local/lib/python3.7/site-packages/airflow/example_dags/example_kubernetes_executor.py
[2024-04-20T05:45:25.060+0000] {logging_mixin.py:117} INFO - [2024-04-20T05:45:25.060+0000] {dag.py:2573} INFO - Sync 1 DAGs
[2024-04-20T05:45:25.126+0000] {logging_mixin.py:117} INFO - [2024-04-20T05:45:25.125+0000] {dag.py:3328} INFO - Setting next_dagrun for example_kubernetes_executor to None, run_after=None
[2024-04-20T05:45:25.165+0000] {processor.py:178} INFO - Processing /home/airflow/.local/lib/python3.7/site-packages/airflow/example_dags/example_kubernetes_executor.py took 0.312 seconds
[2024-04-20T05:45:55.336+0000] {processor.py:156} INFO - Started process (PID=6712) to work on /home/airflow/.local/lib/python3.7/site-packages/airflow/example_dags/example_kubernetes_executor.py
[2024-04-20T05:45:55.337+0000] {processor.py:758} INFO - Processing file /home/airflow/.local/lib/python3.7/site-packages/airflow/example_dags/example_kubernetes_executor.py for tasks to queue
[2024-04-20T05:45:55.338+0000] {logging_mixin.py:117} INFO - [2024-04-20T05:45:55.338+0000] {dagbag.py:525} INFO - Filling up the DagBag from /home/airflow/.local/lib/python3.7/site-packages/airflow/example_dags/example_kubernetes_executor.py
[2024-04-20T05:45:55.371+0000] {processor.py:768} INFO - DAG(s) dict_keys(['example_kubernetes_executor']) retrieved from /home/airflow/.local/lib/python3.7/site-packages/airflow/example_dags/example_kubernetes_executor.py
[2024-04-20T05:45:55.439+0000] {logging_mixin.py:117} INFO - [2024-04-20T05:45:55.438+0000] {dag.py:2573} INFO - Sync 1 DAGs
[2024-04-20T05:45:55.484+0000] {logging_mixin.py:117} INFO - [2024-04-20T05:45:55.484+0000] {dag.py:3328} INFO - Setting next_dagrun for example_kubernetes_executor to None, run_after=None
[2024-04-20T05:45:55.511+0000] {processor.py:178} INFO - Processing /home/airflow/.local/lib/python3.7/site-packages/airflow/example_dags/example_kubernetes_executor.py took 0.178 seconds
[2024-04-20T05:46:26.225+0000] {processor.py:156} INFO - Started process (PID=6957) to work on /home/airflow/.local/lib/python3.7/site-packages/airflow/example_dags/example_kubernetes_executor.py
[2024-04-20T05:46:26.226+0000] {processor.py:758} INFO - Processing file /home/airflow/.local/lib/python3.7/site-packages/airflow/example_dags/example_kubernetes_executor.py for tasks to queue
[2024-04-20T05:46:26.226+0000] {logging_mixin.py:117} INFO - [2024-04-20T05:46:26.226+0000] {dagbag.py:525} INFO - Filling up the DagBag from /home/airflow/.local/lib/python3.7/site-packages/airflow/example_dags/example_kubernetes_executor.py
[2024-04-20T05:46:26.263+0000] {processor.py:768} INFO - DAG(s) dict_keys(['example_kubernetes_executor']) retrieved from /home/airflow/.local/lib/python3.7/site-packages/airflow/example_dags/example_kubernetes_executor.py
[2024-04-20T05:46:26.316+0000] {logging_mixin.py:117} INFO - [2024-04-20T05:46:26.316+0000] {dag.py:2573} INFO - Sync 1 DAGs
[2024-04-20T05:46:26.350+0000] {logging_mixin.py:117} INFO - [2024-04-20T05:46:26.350+0000] {dag.py:3328} INFO - Setting next_dagrun for example_kubernetes_executor to None, run_after=None
[2024-04-20T05:46:26.374+0000] {processor.py:178} INFO - Processing /home/airflow/.local/lib/python3.7/site-packages/airflow/example_dags/example_kubernetes_executor.py took 0.152 seconds
[2024-04-20T05:46:56.706+0000] {processor.py:156} INFO - Started process (PID=7210) to work on /home/airflow/.local/lib/python3.7/site-packages/airflow/example_dags/example_kubernetes_executor.py
[2024-04-20T05:46:56.707+0000] {processor.py:758} INFO - Processing file /home/airflow/.local/lib/python3.7/site-packages/airflow/example_dags/example_kubernetes_executor.py for tasks to queue
[2024-04-20T05:46:56.708+0000] {logging_mixin.py:117} INFO - [2024-04-20T05:46:56.708+0000] {dagbag.py:525} INFO - Filling up the DagBag from /home/airflow/.local/lib/python3.7/site-packages/airflow/example_dags/example_kubernetes_executor.py
[2024-04-20T05:46:56.745+0000] {processor.py:768} INFO - DAG(s) dict_keys(['example_kubernetes_executor']) retrieved from /home/airflow/.local/lib/python3.7/site-packages/airflow/example_dags/example_kubernetes_executor.py
[2024-04-20T05:46:56.795+0000] {logging_mixin.py:117} INFO - [2024-04-20T05:46:56.795+0000] {dag.py:2573} INFO - Sync 1 DAGs
[2024-04-20T05:46:56.852+0000] {logging_mixin.py:117} INFO - [2024-04-20T05:46:56.852+0000] {dag.py:3328} INFO - Setting next_dagrun for example_kubernetes_executor to None, run_after=None
[2024-04-20T05:46:56.878+0000] {processor.py:178} INFO - Processing /home/airflow/.local/lib/python3.7/site-packages/airflow/example_dags/example_kubernetes_executor.py took 0.175 seconds
[2024-04-20T05:47:26.927+0000] {processor.py:156} INFO - Started process (PID=7461) to work on /home/airflow/.local/lib/python3.7/site-packages/airflow/example_dags/example_kubernetes_executor.py
[2024-04-20T05:47:26.928+0000] {processor.py:758} INFO - Processing file /home/airflow/.local/lib/python3.7/site-packages/airflow/example_dags/example_kubernetes_executor.py for tasks to queue
[2024-04-20T05:47:26.929+0000] {logging_mixin.py:117} INFO - [2024-04-20T05:47:26.928+0000] {dagbag.py:525} INFO - Filling up the DagBag from /home/airflow/.local/lib/python3.7/site-packages/airflow/example_dags/example_kubernetes_executor.py
[2024-04-20T05:47:26.969+0000] {processor.py:768} INFO - DAG(s) dict_keys(['example_kubernetes_executor']) retrieved from /home/airflow/.local/lib/python3.7/site-packages/airflow/example_dags/example_kubernetes_executor.py
[2024-04-20T05:47:27.017+0000] {logging_mixin.py:117} INFO - [2024-04-20T05:47:27.017+0000] {dag.py:2573} INFO - Sync 1 DAGs
[2024-04-20T05:47:27.050+0000] {logging_mixin.py:117} INFO - [2024-04-20T05:47:27.049+0000] {dag.py:3328} INFO - Setting next_dagrun for example_kubernetes_executor to None, run_after=None
[2024-04-20T05:47:27.088+0000] {processor.py:178} INFO - Processing /home/airflow/.local/lib/python3.7/site-packages/airflow/example_dags/example_kubernetes_executor.py took 0.164 seconds
[2024-04-20T05:47:57.383+0000] {processor.py:156} INFO - Started process (PID=7715) to work on /home/airflow/.local/lib/python3.7/site-packages/airflow/example_dags/example_kubernetes_executor.py
[2024-04-20T05:47:57.384+0000] {processor.py:758} INFO - Processing file /home/airflow/.local/lib/python3.7/site-packages/airflow/example_dags/example_kubernetes_executor.py for tasks to queue
[2024-04-20T05:47:57.385+0000] {logging_mixin.py:117} INFO - [2024-04-20T05:47:57.385+0000] {dagbag.py:525} INFO - Filling up the DagBag from /home/airflow/.local/lib/python3.7/site-packages/airflow/example_dags/example_kubernetes_executor.py
[2024-04-20T05:47:57.448+0000] {processor.py:768} INFO - DAG(s) dict_keys(['example_kubernetes_executor']) retrieved from /home/airflow/.local/lib/python3.7/site-packages/airflow/example_dags/example_kubernetes_executor.py
[2024-04-20T05:47:57.508+0000] {logging_mixin.py:117} INFO - [2024-04-20T05:47:57.508+0000] {dag.py:2573} INFO - Sync 1 DAGs
[2024-04-20T05:47:57.559+0000] {logging_mixin.py:117} INFO - [2024-04-20T05:47:57.559+0000] {dag.py:3328} INFO - Setting next_dagrun for example_kubernetes_executor to None, run_after=None
[2024-04-20T05:47:57.590+0000] {processor.py:178} INFO - Processing /home/airflow/.local/lib/python3.7/site-packages/airflow/example_dags/example_kubernetes_executor.py took 0.210 seconds
[2024-04-20T05:48:28.091+0000] {processor.py:156} INFO - Started process (PID=7953) to work on /home/airflow/.local/lib/python3.7/site-packages/airflow/example_dags/example_kubernetes_executor.py
[2024-04-20T05:48:28.092+0000] {processor.py:758} INFO - Processing file /home/airflow/.local/lib/python3.7/site-packages/airflow/example_dags/example_kubernetes_executor.py for tasks to queue
[2024-04-20T05:48:28.093+0000] {logging_mixin.py:117} INFO - [2024-04-20T05:48:28.092+0000] {dagbag.py:525} INFO - Filling up the DagBag from /home/airflow/.local/lib/python3.7/site-packages/airflow/example_dags/example_kubernetes_executor.py
[2024-04-20T05:48:28.129+0000] {processor.py:768} INFO - DAG(s) dict_keys(['example_kubernetes_executor']) retrieved from /home/airflow/.local/lib/python3.7/site-packages/airflow/example_dags/example_kubernetes_executor.py
[2024-04-20T05:48:28.179+0000] {logging_mixin.py:117} INFO - [2024-04-20T05:48:28.179+0000] {dag.py:2573} INFO - Sync 1 DAGs
[2024-04-20T05:48:28.214+0000] {logging_mixin.py:117} INFO - [2024-04-20T05:48:28.214+0000] {dag.py:3328} INFO - Setting next_dagrun for example_kubernetes_executor to None, run_after=None
[2024-04-20T05:48:28.240+0000] {processor.py:178} INFO - Processing /home/airflow/.local/lib/python3.7/site-packages/airflow/example_dags/example_kubernetes_executor.py took 0.152 seconds
[2024-04-20T05:48:59.091+0000] {processor.py:156} INFO - Started process (PID=8192) to work on /home/airflow/.local/lib/python3.7/site-packages/airflow/example_dags/example_kubernetes_executor.py
[2024-04-20T05:48:59.092+0000] {processor.py:758} INFO - Processing file /home/airflow/.local/lib/python3.7/site-packages/airflow/example_dags/example_kubernetes_executor.py for tasks to queue
[2024-04-20T05:48:59.093+0000] {logging_mixin.py:117} INFO - [2024-04-20T05:48:59.093+0000] {dagbag.py:525} INFO - Filling up the DagBag from /home/airflow/.local/lib/python3.7/site-packages/airflow/example_dags/example_kubernetes_executor.py
[2024-04-20T05:48:59.129+0000] {processor.py:768} INFO - DAG(s) dict_keys(['example_kubernetes_executor']) retrieved from /home/airflow/.local/lib/python3.7/site-packages/airflow/example_dags/example_kubernetes_executor.py
[2024-04-20T05:48:59.178+0000] {logging_mixin.py:117} INFO - [2024-04-20T05:48:59.178+0000] {dag.py:2573} INFO - Sync 1 DAGs
[2024-04-20T05:48:59.209+0000] {logging_mixin.py:117} INFO - [2024-04-20T05:48:59.209+0000] {dag.py:3328} INFO - Setting next_dagrun for example_kubernetes_executor to None, run_after=None
[2024-04-20T05:48:59.233+0000] {processor.py:178} INFO - Processing /home/airflow/.local/lib/python3.7/site-packages/airflow/example_dags/example_kubernetes_executor.py took 0.145 seconds
[2024-04-20T05:49:29.423+0000] {processor.py:156} INFO - Started process (PID=8421) to work on /home/airflow/.local/lib/python3.7/site-packages/airflow/example_dags/example_kubernetes_executor.py
[2024-04-20T05:49:29.424+0000] {processor.py:758} INFO - Processing file /home/airflow/.local/lib/python3.7/site-packages/airflow/example_dags/example_kubernetes_executor.py for tasks to queue
[2024-04-20T05:49:29.424+0000] {logging_mixin.py:117} INFO - [2024-04-20T05:49:29.424+0000] {dagbag.py:525} INFO - Filling up the DagBag from /home/airflow/.local/lib/python3.7/site-packages/airflow/example_dags/example_kubernetes_executor.py
[2024-04-20T05:49:29.460+0000] {processor.py:768} INFO - DAG(s) dict_keys(['example_kubernetes_executor']) retrieved from /home/airflow/.local/lib/python3.7/site-packages/airflow/example_dags/example_kubernetes_executor.py
[2024-04-20T05:49:29.508+0000] {logging_mixin.py:117} INFO - [2024-04-20T05:49:29.508+0000] {dag.py:2573} INFO - Sync 1 DAGs
[2024-04-20T05:49:29.541+0000] {logging_mixin.py:117} INFO - [2024-04-20T05:49:29.541+0000] {dag.py:3328} INFO - Setting next_dagrun for example_kubernetes_executor to None, run_after=None
[2024-04-20T05:49:29.580+0000] {processor.py:178} INFO - Processing /home/airflow/.local/lib/python3.7/site-packages/airflow/example_dags/example_kubernetes_executor.py took 0.160 seconds
[2024-04-20T05:50:00.146+0000] {processor.py:156} INFO - Started process (PID=8670) to work on /home/airflow/.local/lib/python3.7/site-packages/airflow/example_dags/example_kubernetes_executor.py
[2024-04-20T05:50:00.147+0000] {processor.py:758} INFO - Processing file /home/airflow/.local/lib/python3.7/site-packages/airflow/example_dags/example_kubernetes_executor.py for tasks to queue
[2024-04-20T05:50:00.148+0000] {logging_mixin.py:117} INFO - [2024-04-20T05:50:00.147+0000] {dagbag.py:525} INFO - Filling up the DagBag from /home/airflow/.local/lib/python3.7/site-packages/airflow/example_dags/example_kubernetes_executor.py
[2024-04-20T05:50:00.184+0000] {processor.py:768} INFO - DAG(s) dict_keys(['example_kubernetes_executor']) retrieved from /home/airflow/.local/lib/python3.7/site-packages/airflow/example_dags/example_kubernetes_executor.py
[2024-04-20T05:50:00.247+0000] {logging_mixin.py:117} INFO - [2024-04-20T05:50:00.247+0000] {dag.py:2573} INFO - Sync 1 DAGs
[2024-04-20T05:50:00.299+0000] {logging_mixin.py:117} INFO - [2024-04-20T05:50:00.299+0000] {dag.py:3328} INFO - Setting next_dagrun for example_kubernetes_executor to None, run_after=None
[2024-04-20T05:50:00.323+0000] {processor.py:178} INFO - Processing /home/airflow/.local/lib/python3.7/site-packages/airflow/example_dags/example_kubernetes_executor.py took 0.180 seconds
[2024-04-20T05:50:30.537+0000] {processor.py:156} INFO - Started process (PID=8900) to work on /home/airflow/.local/lib/python3.7/site-packages/airflow/example_dags/example_kubernetes_executor.py
[2024-04-20T05:50:30.538+0000] {processor.py:758} INFO - Processing file /home/airflow/.local/lib/python3.7/site-packages/airflow/example_dags/example_kubernetes_executor.py for tasks to queue
[2024-04-20T05:50:30.538+0000] {logging_mixin.py:117} INFO - [2024-04-20T05:50:30.538+0000] {dagbag.py:525} INFO - Filling up the DagBag from /home/airflow/.local/lib/python3.7/site-packages/airflow/example_dags/example_kubernetes_executor.py
[2024-04-20T05:50:30.574+0000] {processor.py:768} INFO - DAG(s) dict_keys(['example_kubernetes_executor']) retrieved from /home/airflow/.local/lib/python3.7/site-packages/airflow/example_dags/example_kubernetes_executor.py
[2024-04-20T05:50:30.631+0000] {logging_mixin.py:117} INFO - [2024-04-20T05:50:30.631+0000] {dag.py:2573} INFO - Sync 1 DAGs
[2024-04-20T05:50:30.672+0000] {logging_mixin.py:117} INFO - [2024-04-20T05:50:30.672+0000] {dag.py:3328} INFO - Setting next_dagrun for example_kubernetes_executor to None, run_after=None
[2024-04-20T05:50:30.704+0000] {processor.py:178} INFO - Processing /home/airflow/.local/lib/python3.7/site-packages/airflow/example_dags/example_kubernetes_executor.py took 0.170 seconds
[2024-04-20T05:51:01.225+0000] {processor.py:156} INFO - Started process (PID=9129) to work on /home/airflow/.local/lib/python3.7/site-packages/airflow/example_dags/example_kubernetes_executor.py
[2024-04-20T05:51:01.226+0000] {processor.py:758} INFO - Processing file /home/airflow/.local/lib/python3.7/site-packages/airflow/example_dags/example_kubernetes_executor.py for tasks to queue
[2024-04-20T05:51:01.227+0000] {logging_mixin.py:117} INFO - [2024-04-20T05:51:01.227+0000] {dagbag.py:525} INFO - Filling up the DagBag from /home/airflow/.local/lib/python3.7/site-packages/airflow/example_dags/example_kubernetes_executor.py
[2024-04-20T05:51:01.265+0000] {processor.py:768} INFO - DAG(s) dict_keys(['example_kubernetes_executor']) retrieved from /home/airflow/.local/lib/python3.7/site-packages/airflow/example_dags/example_kubernetes_executor.py
[2024-04-20T05:51:01.314+0000] {logging_mixin.py:117} INFO - [2024-04-20T05:51:01.314+0000] {dag.py:2573} INFO - Sync 1 DAGs
[2024-04-20T05:51:01.343+0000] {logging_mixin.py:117} INFO - [2024-04-20T05:51:01.343+0000] {dag.py:3328} INFO - Setting next_dagrun for example_kubernetes_executor to None, run_after=None
[2024-04-20T05:51:01.365+0000] {processor.py:178} INFO - Processing /home/airflow/.local/lib/python3.7/site-packages/airflow/example_dags/example_kubernetes_executor.py took 0.143 seconds
[2024-04-20T05:51:31.610+0000] {processor.py:156} INFO - Started process (PID=9348) to work on /home/airflow/.local/lib/python3.7/site-packages/airflow/example_dags/example_kubernetes_executor.py
[2024-04-20T05:51:31.611+0000] {processor.py:758} INFO - Processing file /home/airflow/.local/lib/python3.7/site-packages/airflow/example_dags/example_kubernetes_executor.py for tasks to queue
[2024-04-20T05:51:31.611+0000] {logging_mixin.py:117} INFO - [2024-04-20T05:51:31.611+0000] {dagbag.py:525} INFO - Filling up the DagBag from /home/airflow/.local/lib/python3.7/site-packages/airflow/example_dags/example_kubernetes_executor.py
[2024-04-20T05:51:31.651+0000] {processor.py:768} INFO - DAG(s) dict_keys(['example_kubernetes_executor']) retrieved from /home/airflow/.local/lib/python3.7/site-packages/airflow/example_dags/example_kubernetes_executor.py
[2024-04-20T05:51:31.710+0000] {logging_mixin.py:117} INFO - [2024-04-20T05:51:31.710+0000] {dag.py:2573} INFO - Sync 1 DAGs
[2024-04-20T05:51:31.741+0000] {logging_mixin.py:117} INFO - [2024-04-20T05:51:31.741+0000] {dag.py:3328} INFO - Setting next_dagrun for example_kubernetes_executor to None, run_after=None
[2024-04-20T05:51:31.772+0000] {processor.py:178} INFO - Processing /home/airflow/.local/lib/python3.7/site-packages/airflow/example_dags/example_kubernetes_executor.py took 0.165 seconds
[2024-04-20T05:52:02.270+0000] {processor.py:156} INFO - Started process (PID=9578) to work on /home/airflow/.local/lib/python3.7/site-packages/airflow/example_dags/example_kubernetes_executor.py
[2024-04-20T05:52:02.271+0000] {processor.py:758} INFO - Processing file /home/airflow/.local/lib/python3.7/site-packages/airflow/example_dags/example_kubernetes_executor.py for tasks to queue
[2024-04-20T05:52:02.272+0000] {logging_mixin.py:117} INFO - [2024-04-20T05:52:02.272+0000] {dagbag.py:525} INFO - Filling up the DagBag from /home/airflow/.local/lib/python3.7/site-packages/airflow/example_dags/example_kubernetes_executor.py
[2024-04-20T05:52:02.307+0000] {processor.py:768} INFO - DAG(s) dict_keys(['example_kubernetes_executor']) retrieved from /home/airflow/.local/lib/python3.7/site-packages/airflow/example_dags/example_kubernetes_executor.py
[2024-04-20T05:52:02.356+0000] {logging_mixin.py:117} INFO - [2024-04-20T05:52:02.356+0000] {dag.py:2573} INFO - Sync 1 DAGs
[2024-04-20T05:52:02.388+0000] {logging_mixin.py:117} INFO - [2024-04-20T05:52:02.388+0000] {dag.py:3328} INFO - Setting next_dagrun for example_kubernetes_executor to None, run_after=None
[2024-04-20T05:52:02.410+0000] {processor.py:178} INFO - Processing /home/airflow/.local/lib/python3.7/site-packages/airflow/example_dags/example_kubernetes_executor.py took 0.142 seconds
[2024-04-20T05:52:32.865+0000] {processor.py:156} INFO - Started process (PID=9805) to work on /home/airflow/.local/lib/python3.7/site-packages/airflow/example_dags/example_kubernetes_executor.py
[2024-04-20T05:52:32.865+0000] {processor.py:758} INFO - Processing file /home/airflow/.local/lib/python3.7/site-packages/airflow/example_dags/example_kubernetes_executor.py for tasks to queue
[2024-04-20T05:52:32.866+0000] {logging_mixin.py:117} INFO - [2024-04-20T05:52:32.866+0000] {dagbag.py:525} INFO - Filling up the DagBag from /home/airflow/.local/lib/python3.7/site-packages/airflow/example_dags/example_kubernetes_executor.py
[2024-04-20T05:52:32.901+0000] {processor.py:768} INFO - DAG(s) dict_keys(['example_kubernetes_executor']) retrieved from /home/airflow/.local/lib/python3.7/site-packages/airflow/example_dags/example_kubernetes_executor.py
[2024-04-20T05:52:32.954+0000] {logging_mixin.py:117} INFO - [2024-04-20T05:52:32.953+0000] {dag.py:2573} INFO - Sync 1 DAGs
[2024-04-20T05:52:32.986+0000] {logging_mixin.py:117} INFO - [2024-04-20T05:52:32.985+0000] {dag.py:3328} INFO - Setting next_dagrun for example_kubernetes_executor to None, run_after=None
[2024-04-20T05:52:33.007+0000] {processor.py:178} INFO - Processing /home/airflow/.local/lib/python3.7/site-packages/airflow/example_dags/example_kubernetes_executor.py took 0.146 seconds
[2024-04-20T05:53:03.179+0000] {processor.py:156} INFO - Started process (PID=10020) to work on /home/airflow/.local/lib/python3.7/site-packages/airflow/example_dags/example_kubernetes_executor.py
[2024-04-20T05:53:03.180+0000] {processor.py:758} INFO - Processing file /home/airflow/.local/lib/python3.7/site-packages/airflow/example_dags/example_kubernetes_executor.py for tasks to queue
[2024-04-20T05:53:03.180+0000] {logging_mixin.py:117} INFO - [2024-04-20T05:53:03.180+0000] {dagbag.py:525} INFO - Filling up the DagBag from /home/airflow/.local/lib/python3.7/site-packages/airflow/example_dags/example_kubernetes_executor.py
[2024-04-20T05:53:03.246+0000] {processor.py:768} INFO - DAG(s) dict_keys(['example_kubernetes_executor']) retrieved from /home/airflow/.local/lib/python3.7/site-packages/airflow/example_dags/example_kubernetes_executor.py
[2024-04-20T05:53:03.342+0000] {logging_mixin.py:117} INFO - [2024-04-20T05:53:03.342+0000] {dag.py:2573} INFO - Sync 1 DAGs
[2024-04-20T05:53:03.371+0000] {logging_mixin.py:117} INFO - [2024-04-20T05:53:03.371+0000] {dag.py:3328} INFO - Setting next_dagrun for example_kubernetes_executor to None, run_after=None
[2024-04-20T05:53:03.394+0000] {processor.py:178} INFO - Processing /home/airflow/.local/lib/python3.7/site-packages/airflow/example_dags/example_kubernetes_executor.py took 0.233 seconds
[2024-04-20T05:53:33.887+0000] {processor.py:156} INFO - Started process (PID=10265) to work on /home/airflow/.local/lib/python3.7/site-packages/airflow/example_dags/example_kubernetes_executor.py
[2024-04-20T05:53:33.890+0000] {processor.py:758} INFO - Processing file /home/airflow/.local/lib/python3.7/site-packages/airflow/example_dags/example_kubernetes_executor.py for tasks to queue
[2024-04-20T05:53:33.892+0000] {logging_mixin.py:117} INFO - [2024-04-20T05:53:33.891+0000] {dagbag.py:525} INFO - Filling up the DagBag from /home/airflow/.local/lib/python3.7/site-packages/airflow/example_dags/example_kubernetes_executor.py
[2024-04-20T05:53:33.933+0000] {processor.py:768} INFO - DAG(s) dict_keys(['example_kubernetes_executor']) retrieved from /home/airflow/.local/lib/python3.7/site-packages/airflow/example_dags/example_kubernetes_executor.py
[2024-04-20T05:53:33.989+0000] {logging_mixin.py:117} INFO - [2024-04-20T05:53:33.988+0000] {dag.py:2573} INFO - Sync 1 DAGs
[2024-04-20T05:53:34.027+0000] {logging_mixin.py:117} INFO - [2024-04-20T05:53:34.027+0000] {dag.py:3328} INFO - Setting next_dagrun for example_kubernetes_executor to None, run_after=None
[2024-04-20T05:53:34.050+0000] {processor.py:178} INFO - Processing /home/airflow/.local/lib/python3.7/site-packages/airflow/example_dags/example_kubernetes_executor.py took 0.167 seconds
[2024-04-20T05:54:04.533+0000] {processor.py:156} INFO - Started process (PID=10503) to work on /home/airflow/.local/lib/python3.7/site-packages/airflow/example_dags/example_kubernetes_executor.py
[2024-04-20T05:54:04.533+0000] {processor.py:758} INFO - Processing file /home/airflow/.local/lib/python3.7/site-packages/airflow/example_dags/example_kubernetes_executor.py for tasks to queue
[2024-04-20T05:54:04.535+0000] {logging_mixin.py:117} INFO - [2024-04-20T05:54:04.535+0000] {dagbag.py:525} INFO - Filling up the DagBag from /home/airflow/.local/lib/python3.7/site-packages/airflow/example_dags/example_kubernetes_executor.py
[2024-04-20T05:54:04.576+0000] {processor.py:768} INFO - DAG(s) dict_keys(['example_kubernetes_executor']) retrieved from /home/airflow/.local/lib/python3.7/site-packages/airflow/example_dags/example_kubernetes_executor.py
[2024-04-20T05:54:04.623+0000] {logging_mixin.py:117} INFO - [2024-04-20T05:54:04.622+0000] {dag.py:2573} INFO - Sync 1 DAGs
[2024-04-20T05:54:04.659+0000] {logging_mixin.py:117} INFO - [2024-04-20T05:54:04.658+0000] {dag.py:3328} INFO - Setting next_dagrun for example_kubernetes_executor to None, run_after=None
[2024-04-20T05:54:04.687+0000] {processor.py:178} INFO - Processing /home/airflow/.local/lib/python3.7/site-packages/airflow/example_dags/example_kubernetes_executor.py took 0.158 seconds
[2024-04-20T05:54:35.163+0000] {processor.py:156} INFO - Started process (PID=10727) to work on /home/airflow/.local/lib/python3.7/site-packages/airflow/example_dags/example_kubernetes_executor.py
[2024-04-20T05:54:35.164+0000] {processor.py:758} INFO - Processing file /home/airflow/.local/lib/python3.7/site-packages/airflow/example_dags/example_kubernetes_executor.py for tasks to queue
[2024-04-20T05:54:35.165+0000] {logging_mixin.py:117} INFO - [2024-04-20T05:54:35.165+0000] {dagbag.py:525} INFO - Filling up the DagBag from /home/airflow/.local/lib/python3.7/site-packages/airflow/example_dags/example_kubernetes_executor.py
[2024-04-20T05:54:35.215+0000] {processor.py:768} INFO - DAG(s) dict_keys(['example_kubernetes_executor']) retrieved from /home/airflow/.local/lib/python3.7/site-packages/airflow/example_dags/example_kubernetes_executor.py
[2024-04-20T05:54:35.326+0000] {logging_mixin.py:117} INFO - [2024-04-20T05:54:35.326+0000] {dag.py:2573} INFO - Sync 1 DAGs
[2024-04-20T05:54:35.357+0000] {logging_mixin.py:117} INFO - [2024-04-20T05:54:35.356+0000] {dag.py:3328} INFO - Setting next_dagrun for example_kubernetes_executor to None, run_after=None
[2024-04-20T05:54:35.386+0000] {processor.py:178} INFO - Processing /home/airflow/.local/lib/python3.7/site-packages/airflow/example_dags/example_kubernetes_executor.py took 0.226 seconds
[2024-04-20T05:55:06.288+0000] {processor.py:156} INFO - Started process (PID=10955) to work on /home/airflow/.local/lib/python3.7/site-packages/airflow/example_dags/example_kubernetes_executor.py
[2024-04-20T05:55:06.289+0000] {processor.py:758} INFO - Processing file /home/airflow/.local/lib/python3.7/site-packages/airflow/example_dags/example_kubernetes_executor.py for tasks to queue
[2024-04-20T05:55:06.290+0000] {logging_mixin.py:117} INFO - [2024-04-20T05:55:06.290+0000] {dagbag.py:525} INFO - Filling up the DagBag from /home/airflow/.local/lib/python3.7/site-packages/airflow/example_dags/example_kubernetes_executor.py
[2024-04-20T05:55:06.326+0000] {processor.py:768} INFO - DAG(s) dict_keys(['example_kubernetes_executor']) retrieved from /home/airflow/.local/lib/python3.7/site-packages/airflow/example_dags/example_kubernetes_executor.py
[2024-04-20T05:55:06.376+0000] {logging_mixin.py:117} INFO - [2024-04-20T05:55:06.376+0000] {dag.py:2573} INFO - Sync 1 DAGs
[2024-04-20T05:55:06.407+0000] {logging_mixin.py:117} INFO - [2024-04-20T05:55:06.407+0000] {dag.py:3328} INFO - Setting next_dagrun for example_kubernetes_executor to None, run_after=None
[2024-04-20T05:55:06.437+0000] {processor.py:178} INFO - Processing /home/airflow/.local/lib/python3.7/site-packages/airflow/example_dags/example_kubernetes_executor.py took 0.152 seconds
[2024-04-20T05:55:37.038+0000] {processor.py:156} INFO - Started process (PID=11182) to work on /home/airflow/.local/lib/python3.7/site-packages/airflow/example_dags/example_kubernetes_executor.py
[2024-04-20T05:55:37.041+0000] {processor.py:758} INFO - Processing file /home/airflow/.local/lib/python3.7/site-packages/airflow/example_dags/example_kubernetes_executor.py for tasks to queue
[2024-04-20T05:55:37.042+0000] {logging_mixin.py:117} INFO - [2024-04-20T05:55:37.042+0000] {dagbag.py:525} INFO - Filling up the DagBag from /home/airflow/.local/lib/python3.7/site-packages/airflow/example_dags/example_kubernetes_executor.py
[2024-04-20T05:55:37.125+0000] {processor.py:768} INFO - DAG(s) dict_keys(['example_kubernetes_executor']) retrieved from /home/airflow/.local/lib/python3.7/site-packages/airflow/example_dags/example_kubernetes_executor.py
[2024-04-20T05:55:37.262+0000] {logging_mixin.py:117} INFO - [2024-04-20T05:55:37.262+0000] {dag.py:2573} INFO - Sync 1 DAGs
[2024-04-20T05:55:37.335+0000] {logging_mixin.py:117} INFO - [2024-04-20T05:55:37.334+0000] {dag.py:3328} INFO - Setting next_dagrun for example_kubernetes_executor to None, run_after=None
[2024-04-20T05:55:37.419+0000] {processor.py:178} INFO - Processing /home/airflow/.local/lib/python3.7/site-packages/airflow/example_dags/example_kubernetes_executor.py took 0.386 seconds
[2024-04-20T05:56:49.460+0000] {processor.py:156} INFO - Started process (PID=360) to work on /home/airflow/.local/lib/python3.7/site-packages/airflow/example_dags/example_kubernetes_executor.py
[2024-04-20T05:56:49.484+0000] {processor.py:758} INFO - Processing file /home/airflow/.local/lib/python3.7/site-packages/airflow/example_dags/example_kubernetes_executor.py for tasks to queue
[2024-04-20T05:56:49.485+0000] {logging_mixin.py:117} INFO - [2024-04-20T05:56:49.485+0000] {dagbag.py:525} INFO - Filling up the DagBag from /home/airflow/.local/lib/python3.7/site-packages/airflow/example_dags/example_kubernetes_executor.py
[2024-04-20T05:56:49.615+0000] {processor.py:768} INFO - DAG(s) dict_keys(['example_kubernetes_executor']) retrieved from /home/airflow/.local/lib/python3.7/site-packages/airflow/example_dags/example_kubernetes_executor.py
[2024-04-20T05:56:49.831+0000] {logging_mixin.py:117} INFO - [2024-04-20T05:56:49.831+0000] {dag.py:2573} INFO - Sync 1 DAGs
[2024-04-20T05:56:49.952+0000] {logging_mixin.py:117} INFO - [2024-04-20T05:56:49.952+0000] {dag.py:3328} INFO - Setting next_dagrun for example_kubernetes_executor to None, run_after=None
[2024-04-20T05:56:50.626+0000] {processor.py:178} INFO - Processing /home/airflow/.local/lib/python3.7/site-packages/airflow/example_dags/example_kubernetes_executor.py took 1.173 seconds
[2024-04-20T05:57:20.971+0000] {processor.py:156} INFO - Started process (PID=578) to work on /home/airflow/.local/lib/python3.7/site-packages/airflow/example_dags/example_kubernetes_executor.py
[2024-04-20T05:57:20.972+0000] {processor.py:758} INFO - Processing file /home/airflow/.local/lib/python3.7/site-packages/airflow/example_dags/example_kubernetes_executor.py for tasks to queue
[2024-04-20T05:57:20.972+0000] {logging_mixin.py:117} INFO - [2024-04-20T05:57:20.972+0000] {dagbag.py:525} INFO - Filling up the DagBag from /home/airflow/.local/lib/python3.7/site-packages/airflow/example_dags/example_kubernetes_executor.py
[2024-04-20T05:57:21.034+0000] {processor.py:768} INFO - DAG(s) dict_keys(['example_kubernetes_executor']) retrieved from /home/airflow/.local/lib/python3.7/site-packages/airflow/example_dags/example_kubernetes_executor.py
[2024-04-20T05:57:21.104+0000] {logging_mixin.py:117} INFO - [2024-04-20T05:57:21.104+0000] {dag.py:2573} INFO - Sync 1 DAGs
[2024-04-20T05:57:21.511+0000] {logging_mixin.py:117} INFO - [2024-04-20T05:57:21.511+0000] {dag.py:3328} INFO - Setting next_dagrun for example_kubernetes_executor to None, run_after=None
[2024-04-20T05:57:21.544+0000] {processor.py:178} INFO - Processing /home/airflow/.local/lib/python3.7/site-packages/airflow/example_dags/example_kubernetes_executor.py took 0.577 seconds
[2024-04-20T05:57:52.051+0000] {processor.py:156} INFO - Started process (PID=803) to work on /home/airflow/.local/lib/python3.7/site-packages/airflow/example_dags/example_kubernetes_executor.py
[2024-04-20T05:57:52.052+0000] {processor.py:758} INFO - Processing file /home/airflow/.local/lib/python3.7/site-packages/airflow/example_dags/example_kubernetes_executor.py for tasks to queue
[2024-04-20T05:57:52.053+0000] {logging_mixin.py:117} INFO - [2024-04-20T05:57:52.053+0000] {dagbag.py:525} INFO - Filling up the DagBag from /home/airflow/.local/lib/python3.7/site-packages/airflow/example_dags/example_kubernetes_executor.py
[2024-04-20T05:57:52.105+0000] {processor.py:768} INFO - DAG(s) dict_keys(['example_kubernetes_executor']) retrieved from /home/airflow/.local/lib/python3.7/site-packages/airflow/example_dags/example_kubernetes_executor.py
[2024-04-20T05:57:52.296+0000] {logging_mixin.py:117} INFO - [2024-04-20T05:57:52.296+0000] {dag.py:2573} INFO - Sync 1 DAGs
[2024-04-20T05:57:52.326+0000] {logging_mixin.py:117} INFO - [2024-04-20T05:57:52.326+0000] {dag.py:3328} INFO - Setting next_dagrun for example_kubernetes_executor to None, run_after=None
[2024-04-20T05:57:52.349+0000] {processor.py:178} INFO - Processing /home/airflow/.local/lib/python3.7/site-packages/airflow/example_dags/example_kubernetes_executor.py took 0.301 seconds
[2024-04-20T05:58:23.032+0000] {processor.py:156} INFO - Started process (PID=1027) to work on /home/airflow/.local/lib/python3.7/site-packages/airflow/example_dags/example_kubernetes_executor.py
[2024-04-20T05:58:23.033+0000] {processor.py:758} INFO - Processing file /home/airflow/.local/lib/python3.7/site-packages/airflow/example_dags/example_kubernetes_executor.py for tasks to queue
[2024-04-20T05:58:23.034+0000] {logging_mixin.py:117} INFO - [2024-04-20T05:58:23.033+0000] {dagbag.py:525} INFO - Filling up the DagBag from /home/airflow/.local/lib/python3.7/site-packages/airflow/example_dags/example_kubernetes_executor.py
[2024-04-20T05:58:23.071+0000] {processor.py:768} INFO - DAG(s) dict_keys(['example_kubernetes_executor']) retrieved from /home/airflow/.local/lib/python3.7/site-packages/airflow/example_dags/example_kubernetes_executor.py
[2024-04-20T05:58:23.372+0000] {logging_mixin.py:117} INFO - [2024-04-20T05:58:23.372+0000] {dag.py:2573} INFO - Sync 1 DAGs
[2024-04-20T05:58:23.406+0000] {logging_mixin.py:117} INFO - [2024-04-20T05:58:23.406+0000] {dag.py:3328} INFO - Setting next_dagrun for example_kubernetes_executor to None, run_after=None
[2024-04-20T05:58:23.446+0000] {processor.py:178} INFO - Processing /home/airflow/.local/lib/python3.7/site-packages/airflow/example_dags/example_kubernetes_executor.py took 0.417 seconds
[2024-04-20T05:58:53.689+0000] {processor.py:156} INFO - Started process (PID=1254) to work on /home/airflow/.local/lib/python3.7/site-packages/airflow/example_dags/example_kubernetes_executor.py
[2024-04-20T05:58:53.694+0000] {processor.py:758} INFO - Processing file /home/airflow/.local/lib/python3.7/site-packages/airflow/example_dags/example_kubernetes_executor.py for tasks to queue
[2024-04-20T05:58:53.695+0000] {logging_mixin.py:117} INFO - [2024-04-20T05:58:53.694+0000] {dagbag.py:525} INFO - Filling up the DagBag from /home/airflow/.local/lib/python3.7/site-packages/airflow/example_dags/example_kubernetes_executor.py
[2024-04-20T05:58:53.951+0000] {processor.py:768} INFO - DAG(s) dict_keys(['example_kubernetes_executor']) retrieved from /home/airflow/.local/lib/python3.7/site-packages/airflow/example_dags/example_kubernetes_executor.py
[2024-04-20T05:58:54.010+0000] {logging_mixin.py:117} INFO - [2024-04-20T05:58:54.010+0000] {dag.py:2573} INFO - Sync 1 DAGs
[2024-04-20T05:58:54.077+0000] {logging_mixin.py:117} INFO - [2024-04-20T05:58:54.077+0000] {dag.py:3328} INFO - Setting next_dagrun for example_kubernetes_executor to None, run_after=None
[2024-04-20T05:58:54.133+0000] {processor.py:178} INFO - Processing /home/airflow/.local/lib/python3.7/site-packages/airflow/example_dags/example_kubernetes_executor.py took 0.447 seconds
[2024-04-20T05:59:24.415+0000] {processor.py:156} INFO - Started process (PID=1483) to work on /home/airflow/.local/lib/python3.7/site-packages/airflow/example_dags/example_kubernetes_executor.py
[2024-04-20T05:59:24.415+0000] {processor.py:758} INFO - Processing file /home/airflow/.local/lib/python3.7/site-packages/airflow/example_dags/example_kubernetes_executor.py for tasks to queue
[2024-04-20T05:59:24.416+0000] {logging_mixin.py:117} INFO - [2024-04-20T05:59:24.416+0000] {dagbag.py:525} INFO - Filling up the DagBag from /home/airflow/.local/lib/python3.7/site-packages/airflow/example_dags/example_kubernetes_executor.py
[2024-04-20T05:59:24.677+0000] {processor.py:768} INFO - DAG(s) dict_keys(['example_kubernetes_executor']) retrieved from /home/airflow/.local/lib/python3.7/site-packages/airflow/example_dags/example_kubernetes_executor.py
[2024-04-20T05:59:24.719+0000] {logging_mixin.py:117} INFO - [2024-04-20T05:59:24.718+0000] {dag.py:2573} INFO - Sync 1 DAGs
[2024-04-20T05:59:24.759+0000] {logging_mixin.py:117} INFO - [2024-04-20T05:59:24.759+0000] {dag.py:3328} INFO - Setting next_dagrun for example_kubernetes_executor to None, run_after=None
[2024-04-20T05:59:24.795+0000] {processor.py:178} INFO - Processing /home/airflow/.local/lib/python3.7/site-packages/airflow/example_dags/example_kubernetes_executor.py took 0.383 seconds
[2024-04-20T05:59:54.919+0000] {processor.py:156} INFO - Started process (PID=1699) to work on /home/airflow/.local/lib/python3.7/site-packages/airflow/example_dags/example_kubernetes_executor.py
[2024-04-20T05:59:54.920+0000] {processor.py:758} INFO - Processing file /home/airflow/.local/lib/python3.7/site-packages/airflow/example_dags/example_kubernetes_executor.py for tasks to queue
[2024-04-20T05:59:54.922+0000] {logging_mixin.py:117} INFO - [2024-04-20T05:59:54.922+0000] {dagbag.py:525} INFO - Filling up the DagBag from /home/airflow/.local/lib/python3.7/site-packages/airflow/example_dags/example_kubernetes_executor.py
[2024-04-20T05:59:54.994+0000] {processor.py:768} INFO - DAG(s) dict_keys(['example_kubernetes_executor']) retrieved from /home/airflow/.local/lib/python3.7/site-packages/airflow/example_dags/example_kubernetes_executor.py
[2024-04-20T05:59:55.087+0000] {logging_mixin.py:117} INFO - [2024-04-20T05:59:55.087+0000] {dag.py:2573} INFO - Sync 1 DAGs
[2024-04-20T05:59:55.178+0000] {logging_mixin.py:117} INFO - [2024-04-20T05:59:55.178+0000] {dag.py:3328} INFO - Setting next_dagrun for example_kubernetes_executor to None, run_after=None
[2024-04-20T05:59:55.277+0000] {processor.py:178} INFO - Processing /home/airflow/.local/lib/python3.7/site-packages/airflow/example_dags/example_kubernetes_executor.py took 0.361 seconds
[2024-04-20T06:00:25.567+0000] {processor.py:156} INFO - Started process (PID=1928) to work on /home/airflow/.local/lib/python3.7/site-packages/airflow/example_dags/example_kubernetes_executor.py
[2024-04-20T06:00:25.567+0000] {processor.py:758} INFO - Processing file /home/airflow/.local/lib/python3.7/site-packages/airflow/example_dags/example_kubernetes_executor.py for tasks to queue
[2024-04-20T06:00:25.568+0000] {logging_mixin.py:117} INFO - [2024-04-20T06:00:25.568+0000] {dagbag.py:525} INFO - Filling up the DagBag from /home/airflow/.local/lib/python3.7/site-packages/airflow/example_dags/example_kubernetes_executor.py
[2024-04-20T06:00:25.603+0000] {processor.py:768} INFO - DAG(s) dict_keys(['example_kubernetes_executor']) retrieved from /home/airflow/.local/lib/python3.7/site-packages/airflow/example_dags/example_kubernetes_executor.py
[2024-04-20T06:00:25.652+0000] {logging_mixin.py:117} INFO - [2024-04-20T06:00:25.652+0000] {dag.py:2573} INFO - Sync 1 DAGs
[2024-04-20T06:00:25.685+0000] {logging_mixin.py:117} INFO - [2024-04-20T06:00:25.684+0000] {dag.py:3328} INFO - Setting next_dagrun for example_kubernetes_executor to None, run_after=None
[2024-04-20T06:00:25.709+0000] {processor.py:178} INFO - Processing /home/airflow/.local/lib/python3.7/site-packages/airflow/example_dags/example_kubernetes_executor.py took 0.146 seconds
[2024-04-20T06:00:56.233+0000] {processor.py:156} INFO - Started process (PID=2155) to work on /home/airflow/.local/lib/python3.7/site-packages/airflow/example_dags/example_kubernetes_executor.py
[2024-04-20T06:00:56.234+0000] {processor.py:758} INFO - Processing file /home/airflow/.local/lib/python3.7/site-packages/airflow/example_dags/example_kubernetes_executor.py for tasks to queue
[2024-04-20T06:00:56.235+0000] {logging_mixin.py:117} INFO - [2024-04-20T06:00:56.235+0000] {dagbag.py:525} INFO - Filling up the DagBag from /home/airflow/.local/lib/python3.7/site-packages/airflow/example_dags/example_kubernetes_executor.py
[2024-04-20T06:00:56.271+0000] {processor.py:768} INFO - DAG(s) dict_keys(['example_kubernetes_executor']) retrieved from /home/airflow/.local/lib/python3.7/site-packages/airflow/example_dags/example_kubernetes_executor.py
[2024-04-20T06:00:56.321+0000] {logging_mixin.py:117} INFO - [2024-04-20T06:00:56.320+0000] {dag.py:2573} INFO - Sync 1 DAGs
[2024-04-20T06:00:56.357+0000] {logging_mixin.py:117} INFO - [2024-04-20T06:00:56.357+0000] {dag.py:3328} INFO - Setting next_dagrun for example_kubernetes_executor to None, run_after=None
[2024-04-20T06:00:56.380+0000] {processor.py:178} INFO - Processing /home/airflow/.local/lib/python3.7/site-packages/airflow/example_dags/example_kubernetes_executor.py took 0.150 seconds
[2024-04-20T06:01:26.909+0000] {processor.py:156} INFO - Started process (PID=2373) to work on /home/airflow/.local/lib/python3.7/site-packages/airflow/example_dags/example_kubernetes_executor.py
[2024-04-20T06:01:26.910+0000] {processor.py:758} INFO - Processing file /home/airflow/.local/lib/python3.7/site-packages/airflow/example_dags/example_kubernetes_executor.py for tasks to queue
[2024-04-20T06:01:26.911+0000] {logging_mixin.py:117} INFO - [2024-04-20T06:01:26.910+0000] {dagbag.py:525} INFO - Filling up the DagBag from /home/airflow/.local/lib/python3.7/site-packages/airflow/example_dags/example_kubernetes_executor.py
[2024-04-20T06:01:26.949+0000] {processor.py:768} INFO - DAG(s) dict_keys(['example_kubernetes_executor']) retrieved from /home/airflow/.local/lib/python3.7/site-packages/airflow/example_dags/example_kubernetes_executor.py
[2024-04-20T06:01:27.005+0000] {logging_mixin.py:117} INFO - [2024-04-20T06:01:27.005+0000] {dag.py:2573} INFO - Sync 1 DAGs
[2024-04-20T06:01:27.038+0000] {logging_mixin.py:117} INFO - [2024-04-20T06:01:27.038+0000] {dag.py:3328} INFO - Setting next_dagrun for example_kubernetes_executor to None, run_after=None
[2024-04-20T06:01:27.063+0000] {processor.py:178} INFO - Processing /home/airflow/.local/lib/python3.7/site-packages/airflow/example_dags/example_kubernetes_executor.py took 0.157 seconds
[2024-04-20T06:01:57.323+0000] {processor.py:156} INFO - Started process (PID=2601) to work on /home/airflow/.local/lib/python3.7/site-packages/airflow/example_dags/example_kubernetes_executor.py
[2024-04-20T06:01:57.324+0000] {processor.py:758} INFO - Processing file /home/airflow/.local/lib/python3.7/site-packages/airflow/example_dags/example_kubernetes_executor.py for tasks to queue
[2024-04-20T06:01:57.325+0000] {logging_mixin.py:117} INFO - [2024-04-20T06:01:57.324+0000] {dagbag.py:525} INFO - Filling up the DagBag from /home/airflow/.local/lib/python3.7/site-packages/airflow/example_dags/example_kubernetes_executor.py
[2024-04-20T06:01:57.365+0000] {processor.py:768} INFO - DAG(s) dict_keys(['example_kubernetes_executor']) retrieved from /home/airflow/.local/lib/python3.7/site-packages/airflow/example_dags/example_kubernetes_executor.py
[2024-04-20T06:01:57.423+0000] {logging_mixin.py:117} INFO - [2024-04-20T06:01:57.423+0000] {dag.py:2573} INFO - Sync 1 DAGs
[2024-04-20T06:01:57.479+0000] {logging_mixin.py:117} INFO - [2024-04-20T06:01:57.478+0000] {dag.py:3328} INFO - Setting next_dagrun for example_kubernetes_executor to None, run_after=None
[2024-04-20T06:01:57.550+0000] {processor.py:178} INFO - Processing /home/airflow/.local/lib/python3.7/site-packages/airflow/example_dags/example_kubernetes_executor.py took 0.230 seconds
[2024-04-20T06:02:27.688+0000] {processor.py:156} INFO - Started process (PID=2827) to work on /home/airflow/.local/lib/python3.7/site-packages/airflow/example_dags/example_kubernetes_executor.py
[2024-04-20T06:02:27.698+0000] {processor.py:758} INFO - Processing file /home/airflow/.local/lib/python3.7/site-packages/airflow/example_dags/example_kubernetes_executor.py for tasks to queue
[2024-04-20T06:02:27.699+0000] {logging_mixin.py:117} INFO - [2024-04-20T06:02:27.698+0000] {dagbag.py:525} INFO - Filling up the DagBag from /home/airflow/.local/lib/python3.7/site-packages/airflow/example_dags/example_kubernetes_executor.py
[2024-04-20T06:02:27.737+0000] {processor.py:768} INFO - DAG(s) dict_keys(['example_kubernetes_executor']) retrieved from /home/airflow/.local/lib/python3.7/site-packages/airflow/example_dags/example_kubernetes_executor.py
[2024-04-20T06:02:27.825+0000] {logging_mixin.py:117} INFO - [2024-04-20T06:02:27.824+0000] {dag.py:2573} INFO - Sync 1 DAGs
[2024-04-20T06:02:27.884+0000] {logging_mixin.py:117} INFO - [2024-04-20T06:02:27.884+0000] {dag.py:3328} INFO - Setting next_dagrun for example_kubernetes_executor to None, run_after=None
[2024-04-20T06:02:27.919+0000] {processor.py:178} INFO - Processing /home/airflow/.local/lib/python3.7/site-packages/airflow/example_dags/example_kubernetes_executor.py took 0.235 seconds
[2024-04-20T06:02:58.453+0000] {processor.py:156} INFO - Started process (PID=3046) to work on /home/airflow/.local/lib/python3.7/site-packages/airflow/example_dags/example_kubernetes_executor.py
[2024-04-20T06:02:58.462+0000] {processor.py:758} INFO - Processing file /home/airflow/.local/lib/python3.7/site-packages/airflow/example_dags/example_kubernetes_executor.py for tasks to queue
[2024-04-20T06:02:58.463+0000] {logging_mixin.py:117} INFO - [2024-04-20T06:02:58.463+0000] {dagbag.py:525} INFO - Filling up the DagBag from /home/airflow/.local/lib/python3.7/site-packages/airflow/example_dags/example_kubernetes_executor.py
[2024-04-20T06:02:58.532+0000] {processor.py:768} INFO - DAG(s) dict_keys(['example_kubernetes_executor']) retrieved from /home/airflow/.local/lib/python3.7/site-packages/airflow/example_dags/example_kubernetes_executor.py
[2024-04-20T06:02:58.581+0000] {logging_mixin.py:117} INFO - [2024-04-20T06:02:58.581+0000] {dag.py:2573} INFO - Sync 1 DAGs
[2024-04-20T06:02:58.614+0000] {logging_mixin.py:117} INFO - [2024-04-20T06:02:58.614+0000] {dag.py:3328} INFO - Setting next_dagrun for example_kubernetes_executor to None, run_after=None
[2024-04-20T06:02:58.640+0000] {processor.py:178} INFO - Processing /home/airflow/.local/lib/python3.7/site-packages/airflow/example_dags/example_kubernetes_executor.py took 0.192 seconds
[2024-04-20T06:03:28.943+0000] {processor.py:156} INFO - Started process (PID=3274) to work on /home/airflow/.local/lib/python3.7/site-packages/airflow/example_dags/example_kubernetes_executor.py
[2024-04-20T06:03:28.943+0000] {processor.py:758} INFO - Processing file /home/airflow/.local/lib/python3.7/site-packages/airflow/example_dags/example_kubernetes_executor.py for tasks to queue
[2024-04-20T06:03:28.944+0000] {logging_mixin.py:117} INFO - [2024-04-20T06:03:28.944+0000] {dagbag.py:525} INFO - Filling up the DagBag from /home/airflow/.local/lib/python3.7/site-packages/airflow/example_dags/example_kubernetes_executor.py
[2024-04-20T06:03:28.978+0000] {processor.py:768} INFO - DAG(s) dict_keys(['example_kubernetes_executor']) retrieved from /home/airflow/.local/lib/python3.7/site-packages/airflow/example_dags/example_kubernetes_executor.py
[2024-04-20T06:03:29.028+0000] {logging_mixin.py:117} INFO - [2024-04-20T06:03:29.028+0000] {dag.py:2573} INFO - Sync 1 DAGs
[2024-04-20T06:03:29.060+0000] {logging_mixin.py:117} INFO - [2024-04-20T06:03:29.060+0000] {dag.py:3328} INFO - Setting next_dagrun for example_kubernetes_executor to None, run_after=None
[2024-04-20T06:03:29.085+0000] {processor.py:178} INFO - Processing /home/airflow/.local/lib/python3.7/site-packages/airflow/example_dags/example_kubernetes_executor.py took 0.147 seconds
