[2024-04-20T05:31:55.381+0000] {processor.py:156} INFO - Started process (PID=300) to work on /home/airflow/.local/lib/python3.7/site-packages/airflow/example_dags/example_nested_branch_dag.py
[2024-04-20T05:31:55.387+0000] {processor.py:758} INFO - Processing file /home/airflow/.local/lib/python3.7/site-packages/airflow/example_dags/example_nested_branch_dag.py for tasks to queue
[2024-04-20T05:31:55.387+0000] {logging_mixin.py:117} INFO - [2024-04-20T05:31:55.387+0000] {dagbag.py:525} INFO - Filling up the DagBag from /home/airflow/.local/lib/python3.7/site-packages/airflow/example_dags/example_nested_branch_dag.py
[2024-04-20T05:31:55.451+0000] {processor.py:768} INFO - DAG(s) dict_keys(['example_nested_branch_dag']) retrieved from /home/airflow/.local/lib/python3.7/site-packages/airflow/example_dags/example_nested_branch_dag.py
[2024-04-20T05:31:56.362+0000] {logging_mixin.py:117} INFO - [2024-04-20T05:31:56.362+0000] {manager.py:507} INFO - Created Permission View: can delete on DAG:example_nested_branch_dag
[2024-04-20T05:31:56.416+0000] {logging_mixin.py:117} INFO - [2024-04-20T05:31:56.416+0000] {manager.py:507} INFO - Created Permission View: can edit on DAG:example_nested_branch_dag
[2024-04-20T05:31:56.452+0000] {logging_mixin.py:117} INFO - [2024-04-20T05:31:56.452+0000] {manager.py:507} INFO - Created Permission View: can read on DAG:example_nested_branch_dag
[2024-04-20T05:31:56.452+0000] {logging_mixin.py:117} INFO - [2024-04-20T05:31:56.452+0000] {dag.py:2573} INFO - Sync 1 DAGs
[2024-04-20T05:31:56.513+0000] {logging_mixin.py:117} INFO - [2024-04-20T05:31:56.512+0000] {dag.py:2594} INFO - Creating ORM DAG for example_nested_branch_dag
[2024-04-20T05:31:56.565+0000] {logging_mixin.py:117} INFO - [2024-04-20T05:31:56.565+0000] {dag.py:3328} INFO - Setting next_dagrun for example_nested_branch_dag to 2024-04-19T00:00:00+00:00, run_after=2024-04-20T00:00:00+00:00
[2024-04-20T05:31:56.638+0000] {processor.py:178} INFO - Processing /home/airflow/.local/lib/python3.7/site-packages/airflow/example_dags/example_nested_branch_dag.py took 1.260 seconds
[2024-04-20T05:32:27.406+0000] {processor.py:156} INFO - Started process (PID=517) to work on /home/airflow/.local/lib/python3.7/site-packages/airflow/example_dags/example_nested_branch_dag.py
[2024-04-20T05:32:27.406+0000] {processor.py:758} INFO - Processing file /home/airflow/.local/lib/python3.7/site-packages/airflow/example_dags/example_nested_branch_dag.py for tasks to queue
[2024-04-20T05:32:27.407+0000] {logging_mixin.py:117} INFO - [2024-04-20T05:32:27.407+0000] {dagbag.py:525} INFO - Filling up the DagBag from /home/airflow/.local/lib/python3.7/site-packages/airflow/example_dags/example_nested_branch_dag.py
[2024-04-20T05:32:27.441+0000] {processor.py:768} INFO - DAG(s) dict_keys(['example_nested_branch_dag']) retrieved from /home/airflow/.local/lib/python3.7/site-packages/airflow/example_dags/example_nested_branch_dag.py
[2024-04-20T05:32:27.540+0000] {logging_mixin.py:117} INFO - [2024-04-20T05:32:27.540+0000] {dag.py:2573} INFO - Sync 1 DAGs
[2024-04-20T05:32:27.788+0000] {logging_mixin.py:117} INFO - [2024-04-20T05:32:27.788+0000] {dag.py:3328} INFO - Setting next_dagrun for example_nested_branch_dag to 2024-04-19T00:00:00+00:00, run_after=2024-04-20T00:00:00+00:00
[2024-04-20T05:32:27.811+0000] {processor.py:178} INFO - Processing /home/airflow/.local/lib/python3.7/site-packages/airflow/example_dags/example_nested_branch_dag.py took 0.409 seconds
[2024-04-20T05:32:58.315+0000] {processor.py:156} INFO - Started process (PID=742) to work on /home/airflow/.local/lib/python3.7/site-packages/airflow/example_dags/example_nested_branch_dag.py
[2024-04-20T05:32:58.316+0000] {processor.py:758} INFO - Processing file /home/airflow/.local/lib/python3.7/site-packages/airflow/example_dags/example_nested_branch_dag.py for tasks to queue
[2024-04-20T05:32:58.317+0000] {logging_mixin.py:117} INFO - [2024-04-20T05:32:58.317+0000] {dagbag.py:525} INFO - Filling up the DagBag from /home/airflow/.local/lib/python3.7/site-packages/airflow/example_dags/example_nested_branch_dag.py
[2024-04-20T05:32:58.355+0000] {processor.py:768} INFO - DAG(s) dict_keys(['example_nested_branch_dag']) retrieved from /home/airflow/.local/lib/python3.7/site-packages/airflow/example_dags/example_nested_branch_dag.py
[2024-04-20T05:32:58.547+0000] {logging_mixin.py:117} INFO - [2024-04-20T05:32:58.547+0000] {dag.py:2573} INFO - Sync 1 DAGs
[2024-04-20T05:32:58.582+0000] {logging_mixin.py:117} INFO - [2024-04-20T05:32:58.582+0000] {dag.py:3328} INFO - Setting next_dagrun for example_nested_branch_dag to 2024-04-19T00:00:00+00:00, run_after=2024-04-20T00:00:00+00:00
[2024-04-20T05:32:58.607+0000] {processor.py:178} INFO - Processing /home/airflow/.local/lib/python3.7/site-packages/airflow/example_dags/example_nested_branch_dag.py took 0.294 seconds
[2024-04-20T05:33:28.894+0000] {processor.py:156} INFO - Started process (PID=965) to work on /home/airflow/.local/lib/python3.7/site-packages/airflow/example_dags/example_nested_branch_dag.py
[2024-04-20T05:33:28.895+0000] {processor.py:758} INFO - Processing file /home/airflow/.local/lib/python3.7/site-packages/airflow/example_dags/example_nested_branch_dag.py for tasks to queue
[2024-04-20T05:33:28.897+0000] {logging_mixin.py:117} INFO - [2024-04-20T05:33:28.897+0000] {dagbag.py:525} INFO - Filling up the DagBag from /home/airflow/.local/lib/python3.7/site-packages/airflow/example_dags/example_nested_branch_dag.py
[2024-04-20T05:33:28.935+0000] {processor.py:768} INFO - DAG(s) dict_keys(['example_nested_branch_dag']) retrieved from /home/airflow/.local/lib/python3.7/site-packages/airflow/example_dags/example_nested_branch_dag.py
[2024-04-20T05:33:29.246+0000] {logging_mixin.py:117} INFO - [2024-04-20T05:33:29.246+0000] {dag.py:2573} INFO - Sync 1 DAGs
[2024-04-20T05:33:29.303+0000] {logging_mixin.py:117} INFO - [2024-04-20T05:33:29.302+0000] {dag.py:3328} INFO - Setting next_dagrun for example_nested_branch_dag to 2024-04-19T00:00:00+00:00, run_after=2024-04-20T00:00:00+00:00
[2024-04-20T05:33:29.348+0000] {processor.py:178} INFO - Processing /home/airflow/.local/lib/python3.7/site-packages/airflow/example_dags/example_nested_branch_dag.py took 0.456 seconds
[2024-04-20T05:33:59.592+0000] {processor.py:156} INFO - Started process (PID=1173) to work on /home/airflow/.local/lib/python3.7/site-packages/airflow/example_dags/example_nested_branch_dag.py
[2024-04-20T05:33:59.593+0000] {processor.py:758} INFO - Processing file /home/airflow/.local/lib/python3.7/site-packages/airflow/example_dags/example_nested_branch_dag.py for tasks to queue
[2024-04-20T05:33:59.593+0000] {logging_mixin.py:117} INFO - [2024-04-20T05:33:59.593+0000] {dagbag.py:525} INFO - Filling up the DagBag from /home/airflow/.local/lib/python3.7/site-packages/airflow/example_dags/example_nested_branch_dag.py
[2024-04-20T05:33:59.625+0000] {processor.py:768} INFO - DAG(s) dict_keys(['example_nested_branch_dag']) retrieved from /home/airflow/.local/lib/python3.7/site-packages/airflow/example_dags/example_nested_branch_dag.py
[2024-04-20T05:33:59.817+0000] {logging_mixin.py:117} INFO - [2024-04-20T05:33:59.817+0000] {dag.py:2573} INFO - Sync 1 DAGs
[2024-04-20T05:33:59.870+0000] {logging_mixin.py:117} INFO - [2024-04-20T05:33:59.870+0000] {dag.py:3328} INFO - Setting next_dagrun for example_nested_branch_dag to 2024-04-19T00:00:00+00:00, run_after=2024-04-20T00:00:00+00:00
[2024-04-20T05:33:59.906+0000] {processor.py:178} INFO - Processing /home/airflow/.local/lib/python3.7/site-packages/airflow/example_dags/example_nested_branch_dag.py took 0.317 seconds
[2024-04-20T05:34:30.031+0000] {processor.py:156} INFO - Started process (PID=1390) to work on /home/airflow/.local/lib/python3.7/site-packages/airflow/example_dags/example_nested_branch_dag.py
[2024-04-20T05:34:30.031+0000] {processor.py:758} INFO - Processing file /home/airflow/.local/lib/python3.7/site-packages/airflow/example_dags/example_nested_branch_dag.py for tasks to queue
[2024-04-20T05:34:30.032+0000] {logging_mixin.py:117} INFO - [2024-04-20T05:34:30.032+0000] {dagbag.py:525} INFO - Filling up the DagBag from /home/airflow/.local/lib/python3.7/site-packages/airflow/example_dags/example_nested_branch_dag.py
[2024-04-20T05:34:30.408+0000] {processor.py:768} INFO - DAG(s) dict_keys(['example_nested_branch_dag']) retrieved from /home/airflow/.local/lib/python3.7/site-packages/airflow/example_dags/example_nested_branch_dag.py
[2024-04-20T05:34:30.477+0000] {logging_mixin.py:117} INFO - [2024-04-20T05:34:30.476+0000] {dag.py:2573} INFO - Sync 1 DAGs
[2024-04-20T05:34:30.510+0000] {logging_mixin.py:117} INFO - [2024-04-20T05:34:30.510+0000] {dag.py:3328} INFO - Setting next_dagrun for example_nested_branch_dag to 2024-04-19T00:00:00+00:00, run_after=2024-04-20T00:00:00+00:00
[2024-04-20T05:34:30.545+0000] {processor.py:178} INFO - Processing /home/airflow/.local/lib/python3.7/site-packages/airflow/example_dags/example_nested_branch_dag.py took 0.518 seconds
[2024-04-20T05:35:01.297+0000] {processor.py:156} INFO - Started process (PID=1599) to work on /home/airflow/.local/lib/python3.7/site-packages/airflow/example_dags/example_nested_branch_dag.py
[2024-04-20T05:35:01.298+0000] {processor.py:758} INFO - Processing file /home/airflow/.local/lib/python3.7/site-packages/airflow/example_dags/example_nested_branch_dag.py for tasks to queue
[2024-04-20T05:35:01.299+0000] {logging_mixin.py:117} INFO - [2024-04-20T05:35:01.299+0000] {dagbag.py:525} INFO - Filling up the DagBag from /home/airflow/.local/lib/python3.7/site-packages/airflow/example_dags/example_nested_branch_dag.py
[2024-04-20T05:35:01.338+0000] {processor.py:768} INFO - DAG(s) dict_keys(['example_nested_branch_dag']) retrieved from /home/airflow/.local/lib/python3.7/site-packages/airflow/example_dags/example_nested_branch_dag.py
[2024-04-20T05:35:01.387+0000] {logging_mixin.py:117} INFO - [2024-04-20T05:35:01.387+0000] {dag.py:2573} INFO - Sync 1 DAGs
[2024-04-20T05:35:01.421+0000] {logging_mixin.py:117} INFO - [2024-04-20T05:35:01.421+0000] {dag.py:3328} INFO - Setting next_dagrun for example_nested_branch_dag to 2024-04-19T00:00:00+00:00, run_after=2024-04-20T00:00:00+00:00
[2024-04-20T05:35:01.448+0000] {processor.py:178} INFO - Processing /home/airflow/.local/lib/python3.7/site-packages/airflow/example_dags/example_nested_branch_dag.py took 0.154 seconds
[2024-04-20T05:35:31.803+0000] {processor.py:156} INFO - Started process (PID=1815) to work on /home/airflow/.local/lib/python3.7/site-packages/airflow/example_dags/example_nested_branch_dag.py
[2024-04-20T05:35:31.804+0000] {processor.py:758} INFO - Processing file /home/airflow/.local/lib/python3.7/site-packages/airflow/example_dags/example_nested_branch_dag.py for tasks to queue
[2024-04-20T05:35:31.805+0000] {logging_mixin.py:117} INFO - [2024-04-20T05:35:31.804+0000] {dagbag.py:525} INFO - Filling up the DagBag from /home/airflow/.local/lib/python3.7/site-packages/airflow/example_dags/example_nested_branch_dag.py
[2024-04-20T05:35:31.869+0000] {processor.py:768} INFO - DAG(s) dict_keys(['example_nested_branch_dag']) retrieved from /home/airflow/.local/lib/python3.7/site-packages/airflow/example_dags/example_nested_branch_dag.py
[2024-04-20T05:35:32.006+0000] {logging_mixin.py:117} INFO - [2024-04-20T05:35:32.006+0000] {dag.py:2573} INFO - Sync 1 DAGs
[2024-04-20T05:35:32.092+0000] {logging_mixin.py:117} INFO - [2024-04-20T05:35:32.092+0000] {dag.py:3328} INFO - Setting next_dagrun for example_nested_branch_dag to 2024-04-19T00:00:00+00:00, run_after=2024-04-20T00:00:00+00:00
[2024-04-20T05:35:32.132+0000] {processor.py:178} INFO - Processing /home/airflow/.local/lib/python3.7/site-packages/airflow/example_dags/example_nested_branch_dag.py took 0.332 seconds
[2024-04-20T05:36:02.701+0000] {processor.py:156} INFO - Started process (PID=2024) to work on /home/airflow/.local/lib/python3.7/site-packages/airflow/example_dags/example_nested_branch_dag.py
[2024-04-20T05:36:02.702+0000] {processor.py:758} INFO - Processing file /home/airflow/.local/lib/python3.7/site-packages/airflow/example_dags/example_nested_branch_dag.py for tasks to queue
[2024-04-20T05:36:02.702+0000] {logging_mixin.py:117} INFO - [2024-04-20T05:36:02.702+0000] {dagbag.py:525} INFO - Filling up the DagBag from /home/airflow/.local/lib/python3.7/site-packages/airflow/example_dags/example_nested_branch_dag.py
[2024-04-20T05:36:02.739+0000] {processor.py:768} INFO - DAG(s) dict_keys(['example_nested_branch_dag']) retrieved from /home/airflow/.local/lib/python3.7/site-packages/airflow/example_dags/example_nested_branch_dag.py
[2024-04-20T05:36:02.786+0000] {logging_mixin.py:117} INFO - [2024-04-20T05:36:02.786+0000] {dag.py:2573} INFO - Sync 1 DAGs
[2024-04-20T05:36:02.822+0000] {logging_mixin.py:117} INFO - [2024-04-20T05:36:02.822+0000] {dag.py:3328} INFO - Setting next_dagrun for example_nested_branch_dag to 2024-04-19T00:00:00+00:00, run_after=2024-04-20T00:00:00+00:00
[2024-04-20T05:36:02.848+0000] {processor.py:178} INFO - Processing /home/airflow/.local/lib/python3.7/site-packages/airflow/example_dags/example_nested_branch_dag.py took 0.151 seconds
[2024-04-20T05:36:32.882+0000] {processor.py:156} INFO - Started process (PID=2237) to work on /home/airflow/.local/lib/python3.7/site-packages/airflow/example_dags/example_nested_branch_dag.py
[2024-04-20T05:36:32.882+0000] {processor.py:758} INFO - Processing file /home/airflow/.local/lib/python3.7/site-packages/airflow/example_dags/example_nested_branch_dag.py for tasks to queue
[2024-04-20T05:36:32.883+0000] {logging_mixin.py:117} INFO - [2024-04-20T05:36:32.883+0000] {dagbag.py:525} INFO - Filling up the DagBag from /home/airflow/.local/lib/python3.7/site-packages/airflow/example_dags/example_nested_branch_dag.py
[2024-04-20T05:36:32.904+0000] {processor.py:768} INFO - DAG(s) dict_keys(['example_nested_branch_dag']) retrieved from /home/airflow/.local/lib/python3.7/site-packages/airflow/example_dags/example_nested_branch_dag.py
[2024-04-20T05:36:32.938+0000] {logging_mixin.py:117} INFO - [2024-04-20T05:36:32.938+0000] {dag.py:2573} INFO - Sync 1 DAGs
[2024-04-20T05:36:32.960+0000] {logging_mixin.py:117} INFO - [2024-04-20T05:36:32.960+0000] {dag.py:3328} INFO - Setting next_dagrun for example_nested_branch_dag to 2024-04-19T00:00:00+00:00, run_after=2024-04-20T00:00:00+00:00
[2024-04-20T05:36:32.980+0000] {processor.py:178} INFO - Processing /home/airflow/.local/lib/python3.7/site-packages/airflow/example_dags/example_nested_branch_dag.py took 0.101 seconds
[2024-04-20T05:37:03.463+0000] {processor.py:156} INFO - Started process (PID=2505) to work on /home/airflow/.local/lib/python3.7/site-packages/airflow/example_dags/example_nested_branch_dag.py
[2024-04-20T05:37:03.464+0000] {processor.py:758} INFO - Processing file /home/airflow/.local/lib/python3.7/site-packages/airflow/example_dags/example_nested_branch_dag.py for tasks to queue
[2024-04-20T05:37:03.464+0000] {logging_mixin.py:117} INFO - [2024-04-20T05:37:03.464+0000] {dagbag.py:525} INFO - Filling up the DagBag from /home/airflow/.local/lib/python3.7/site-packages/airflow/example_dags/example_nested_branch_dag.py
[2024-04-20T05:37:03.489+0000] {processor.py:768} INFO - DAG(s) dict_keys(['example_nested_branch_dag']) retrieved from /home/airflow/.local/lib/python3.7/site-packages/airflow/example_dags/example_nested_branch_dag.py
[2024-04-20T05:37:03.523+0000] {logging_mixin.py:117} INFO - [2024-04-20T05:37:03.523+0000] {dag.py:2573} INFO - Sync 1 DAGs
[2024-04-20T05:37:03.544+0000] {logging_mixin.py:117} INFO - [2024-04-20T05:37:03.544+0000] {dag.py:3328} INFO - Setting next_dagrun for example_nested_branch_dag to 2024-04-19T00:00:00+00:00, run_after=2024-04-20T00:00:00+00:00
[2024-04-20T05:37:03.565+0000] {processor.py:178} INFO - Processing /home/airflow/.local/lib/python3.7/site-packages/airflow/example_dags/example_nested_branch_dag.py took 0.105 seconds
[2024-04-20T05:37:34.244+0000] {processor.py:156} INFO - Started process (PID=2773) to work on /home/airflow/.local/lib/python3.7/site-packages/airflow/example_dags/example_nested_branch_dag.py
[2024-04-20T05:37:34.245+0000] {processor.py:758} INFO - Processing file /home/airflow/.local/lib/python3.7/site-packages/airflow/example_dags/example_nested_branch_dag.py for tasks to queue
[2024-04-20T05:37:34.245+0000] {logging_mixin.py:117} INFO - [2024-04-20T05:37:34.245+0000] {dagbag.py:525} INFO - Filling up the DagBag from /home/airflow/.local/lib/python3.7/site-packages/airflow/example_dags/example_nested_branch_dag.py
[2024-04-20T05:37:34.266+0000] {processor.py:768} INFO - DAG(s) dict_keys(['example_nested_branch_dag']) retrieved from /home/airflow/.local/lib/python3.7/site-packages/airflow/example_dags/example_nested_branch_dag.py
[2024-04-20T05:37:34.306+0000] {logging_mixin.py:117} INFO - [2024-04-20T05:37:34.305+0000] {dag.py:2573} INFO - Sync 1 DAGs
[2024-04-20T05:37:34.327+0000] {logging_mixin.py:117} INFO - [2024-04-20T05:37:34.327+0000] {dag.py:3328} INFO - Setting next_dagrun for example_nested_branch_dag to 2024-04-19T00:00:00+00:00, run_after=2024-04-20T00:00:00+00:00
[2024-04-20T05:37:34.347+0000] {processor.py:178} INFO - Processing /home/airflow/.local/lib/python3.7/site-packages/airflow/example_dags/example_nested_branch_dag.py took 0.106 seconds
[2024-04-20T05:38:04.843+0000] {processor.py:156} INFO - Started process (PID=3003) to work on /home/airflow/.local/lib/python3.7/site-packages/airflow/example_dags/example_nested_branch_dag.py
[2024-04-20T05:38:04.844+0000] {processor.py:758} INFO - Processing file /home/airflow/.local/lib/python3.7/site-packages/airflow/example_dags/example_nested_branch_dag.py for tasks to queue
[2024-04-20T05:38:04.844+0000] {logging_mixin.py:117} INFO - [2024-04-20T05:38:04.844+0000] {dagbag.py:525} INFO - Filling up the DagBag from /home/airflow/.local/lib/python3.7/site-packages/airflow/example_dags/example_nested_branch_dag.py
[2024-04-20T05:38:04.889+0000] {processor.py:768} INFO - DAG(s) dict_keys(['example_nested_branch_dag']) retrieved from /home/airflow/.local/lib/python3.7/site-packages/airflow/example_dags/example_nested_branch_dag.py
[2024-04-20T05:38:04.941+0000] {logging_mixin.py:117} INFO - [2024-04-20T05:38:04.940+0000] {dag.py:2573} INFO - Sync 1 DAGs
[2024-04-20T05:38:04.978+0000] {logging_mixin.py:117} INFO - [2024-04-20T05:38:04.977+0000] {dag.py:3328} INFO - Setting next_dagrun for example_nested_branch_dag to 2024-04-19T00:00:00+00:00, run_after=2024-04-20T00:00:00+00:00
[2024-04-20T05:38:05.002+0000] {processor.py:178} INFO - Processing /home/airflow/.local/lib/python3.7/site-packages/airflow/example_dags/example_nested_branch_dag.py took 0.163 seconds
[2024-04-20T05:38:35.147+0000] {processor.py:156} INFO - Started process (PID=3220) to work on /home/airflow/.local/lib/python3.7/site-packages/airflow/example_dags/example_nested_branch_dag.py
[2024-04-20T05:38:35.147+0000] {processor.py:758} INFO - Processing file /home/airflow/.local/lib/python3.7/site-packages/airflow/example_dags/example_nested_branch_dag.py for tasks to queue
[2024-04-20T05:38:35.148+0000] {logging_mixin.py:117} INFO - [2024-04-20T05:38:35.148+0000] {dagbag.py:525} INFO - Filling up the DagBag from /home/airflow/.local/lib/python3.7/site-packages/airflow/example_dags/example_nested_branch_dag.py
[2024-04-20T05:38:35.178+0000] {processor.py:768} INFO - DAG(s) dict_keys(['example_nested_branch_dag']) retrieved from /home/airflow/.local/lib/python3.7/site-packages/airflow/example_dags/example_nested_branch_dag.py
[2024-04-20T05:38:35.224+0000] {logging_mixin.py:117} INFO - [2024-04-20T05:38:35.224+0000] {dag.py:2573} INFO - Sync 1 DAGs
[2024-04-20T05:38:35.266+0000] {logging_mixin.py:117} INFO - [2024-04-20T05:38:35.266+0000] {dag.py:3328} INFO - Setting next_dagrun for example_nested_branch_dag to 2024-04-19T00:00:00+00:00, run_after=2024-04-20T00:00:00+00:00
[2024-04-20T05:38:35.289+0000] {processor.py:178} INFO - Processing /home/airflow/.local/lib/python3.7/site-packages/airflow/example_dags/example_nested_branch_dag.py took 0.145 seconds
[2024-04-20T05:39:05.585+0000] {processor.py:156} INFO - Started process (PID=3448) to work on /home/airflow/.local/lib/python3.7/site-packages/airflow/example_dags/example_nested_branch_dag.py
[2024-04-20T05:39:05.590+0000] {processor.py:758} INFO - Processing file /home/airflow/.local/lib/python3.7/site-packages/airflow/example_dags/example_nested_branch_dag.py for tasks to queue
[2024-04-20T05:39:05.591+0000] {logging_mixin.py:117} INFO - [2024-04-20T05:39:05.591+0000] {dagbag.py:525} INFO - Filling up the DagBag from /home/airflow/.local/lib/python3.7/site-packages/airflow/example_dags/example_nested_branch_dag.py
[2024-04-20T05:39:05.635+0000] {processor.py:768} INFO - DAG(s) dict_keys(['example_nested_branch_dag']) retrieved from /home/airflow/.local/lib/python3.7/site-packages/airflow/example_dags/example_nested_branch_dag.py
[2024-04-20T05:39:05.686+0000] {logging_mixin.py:117} INFO - [2024-04-20T05:39:05.686+0000] {dag.py:2573} INFO - Sync 1 DAGs
[2024-04-20T05:39:05.717+0000] {logging_mixin.py:117} INFO - [2024-04-20T05:39:05.717+0000] {dag.py:3328} INFO - Setting next_dagrun for example_nested_branch_dag to 2024-04-19T00:00:00+00:00, run_after=2024-04-20T00:00:00+00:00
[2024-04-20T05:39:05.741+0000] {processor.py:178} INFO - Processing /home/airflow/.local/lib/python3.7/site-packages/airflow/example_dags/example_nested_branch_dag.py took 0.167 seconds
[2024-04-20T05:39:36.253+0000] {processor.py:156} INFO - Started process (PID=3687) to work on /home/airflow/.local/lib/python3.7/site-packages/airflow/example_dags/example_nested_branch_dag.py
[2024-04-20T05:39:36.253+0000] {processor.py:758} INFO - Processing file /home/airflow/.local/lib/python3.7/site-packages/airflow/example_dags/example_nested_branch_dag.py for tasks to queue
[2024-04-20T05:39:36.254+0000] {logging_mixin.py:117} INFO - [2024-04-20T05:39:36.254+0000] {dagbag.py:525} INFO - Filling up the DagBag from /home/airflow/.local/lib/python3.7/site-packages/airflow/example_dags/example_nested_branch_dag.py
[2024-04-20T05:39:36.344+0000] {processor.py:768} INFO - DAG(s) dict_keys(['example_nested_branch_dag']) retrieved from /home/airflow/.local/lib/python3.7/site-packages/airflow/example_dags/example_nested_branch_dag.py
[2024-04-20T05:39:36.663+0000] {logging_mixin.py:117} INFO - [2024-04-20T05:39:36.662+0000] {dag.py:2573} INFO - Sync 1 DAGs
[2024-04-20T05:39:36.707+0000] {logging_mixin.py:117} INFO - [2024-04-20T05:39:36.707+0000] {dag.py:3328} INFO - Setting next_dagrun for example_nested_branch_dag to 2024-04-19T00:00:00+00:00, run_after=2024-04-20T00:00:00+00:00
[2024-04-20T05:39:36.732+0000] {processor.py:178} INFO - Processing /home/airflow/.local/lib/python3.7/site-packages/airflow/example_dags/example_nested_branch_dag.py took 0.487 seconds
[2024-04-20T05:40:07.462+0000] {processor.py:156} INFO - Started process (PID=3912) to work on /home/airflow/.local/lib/python3.7/site-packages/airflow/example_dags/example_nested_branch_dag.py
[2024-04-20T05:40:07.463+0000] {processor.py:758} INFO - Processing file /home/airflow/.local/lib/python3.7/site-packages/airflow/example_dags/example_nested_branch_dag.py for tasks to queue
[2024-04-20T05:40:07.463+0000] {logging_mixin.py:117} INFO - [2024-04-20T05:40:07.463+0000] {dagbag.py:525} INFO - Filling up the DagBag from /home/airflow/.local/lib/python3.7/site-packages/airflow/example_dags/example_nested_branch_dag.py
[2024-04-20T05:40:07.495+0000] {processor.py:768} INFO - DAG(s) dict_keys(['example_nested_branch_dag']) retrieved from /home/airflow/.local/lib/python3.7/site-packages/airflow/example_dags/example_nested_branch_dag.py
[2024-04-20T05:40:07.561+0000] {logging_mixin.py:117} INFO - [2024-04-20T05:40:07.561+0000] {dag.py:2573} INFO - Sync 1 DAGs
[2024-04-20T05:40:07.602+0000] {logging_mixin.py:117} INFO - [2024-04-20T05:40:07.602+0000] {dag.py:3328} INFO - Setting next_dagrun for example_nested_branch_dag to 2024-04-19T00:00:00+00:00, run_after=2024-04-20T00:00:00+00:00
[2024-04-20T05:40:07.651+0000] {processor.py:178} INFO - Processing /home/airflow/.local/lib/python3.7/site-packages/airflow/example_dags/example_nested_branch_dag.py took 0.192 seconds
[2024-04-20T05:40:37.983+0000] {processor.py:156} INFO - Started process (PID=4139) to work on /home/airflow/.local/lib/python3.7/site-packages/airflow/example_dags/example_nested_branch_dag.py
[2024-04-20T05:40:37.984+0000] {processor.py:758} INFO - Processing file /home/airflow/.local/lib/python3.7/site-packages/airflow/example_dags/example_nested_branch_dag.py for tasks to queue
[2024-04-20T05:40:37.984+0000] {logging_mixin.py:117} INFO - [2024-04-20T05:40:37.984+0000] {dagbag.py:525} INFO - Filling up the DagBag from /home/airflow/.local/lib/python3.7/site-packages/airflow/example_dags/example_nested_branch_dag.py
[2024-04-20T05:40:38.024+0000] {processor.py:768} INFO - DAG(s) dict_keys(['example_nested_branch_dag']) retrieved from /home/airflow/.local/lib/python3.7/site-packages/airflow/example_dags/example_nested_branch_dag.py
[2024-04-20T05:40:38.079+0000] {logging_mixin.py:117} INFO - [2024-04-20T05:40:38.078+0000] {dag.py:2573} INFO - Sync 1 DAGs
[2024-04-20T05:40:38.206+0000] {logging_mixin.py:117} INFO - [2024-04-20T05:40:38.206+0000] {dag.py:3328} INFO - Setting next_dagrun for example_nested_branch_dag to 2024-04-19T00:00:00+00:00, run_after=2024-04-20T00:00:00+00:00
[2024-04-20T05:40:38.391+0000] {processor.py:178} INFO - Processing /home/airflow/.local/lib/python3.7/site-packages/airflow/example_dags/example_nested_branch_dag.py took 0.420 seconds
[2024-04-20T05:41:08.466+0000] {processor.py:156} INFO - Started process (PID=4370) to work on /home/airflow/.local/lib/python3.7/site-packages/airflow/example_dags/example_nested_branch_dag.py
[2024-04-20T05:41:08.467+0000] {processor.py:758} INFO - Processing file /home/airflow/.local/lib/python3.7/site-packages/airflow/example_dags/example_nested_branch_dag.py for tasks to queue
[2024-04-20T05:41:08.467+0000] {logging_mixin.py:117} INFO - [2024-04-20T05:41:08.467+0000] {dagbag.py:525} INFO - Filling up the DagBag from /home/airflow/.local/lib/python3.7/site-packages/airflow/example_dags/example_nested_branch_dag.py
[2024-04-20T05:41:08.523+0000] {processor.py:768} INFO - DAG(s) dict_keys(['example_nested_branch_dag']) retrieved from /home/airflow/.local/lib/python3.7/site-packages/airflow/example_dags/example_nested_branch_dag.py
[2024-04-20T05:41:08.574+0000] {logging_mixin.py:117} INFO - [2024-04-20T05:41:08.574+0000] {dag.py:2573} INFO - Sync 1 DAGs
[2024-04-20T05:41:08.607+0000] {logging_mixin.py:117} INFO - [2024-04-20T05:41:08.607+0000] {dag.py:3328} INFO - Setting next_dagrun for example_nested_branch_dag to 2024-04-19T00:00:00+00:00, run_after=2024-04-20T00:00:00+00:00
[2024-04-20T05:41:08.632+0000] {processor.py:178} INFO - Processing /home/airflow/.local/lib/python3.7/site-packages/airflow/example_dags/example_nested_branch_dag.py took 0.169 seconds
[2024-04-20T05:41:39.119+0000] {processor.py:156} INFO - Started process (PID=4591) to work on /home/airflow/.local/lib/python3.7/site-packages/airflow/example_dags/example_nested_branch_dag.py
[2024-04-20T05:41:39.120+0000] {processor.py:758} INFO - Processing file /home/airflow/.local/lib/python3.7/site-packages/airflow/example_dags/example_nested_branch_dag.py for tasks to queue
[2024-04-20T05:41:39.120+0000] {logging_mixin.py:117} INFO - [2024-04-20T05:41:39.120+0000] {dagbag.py:525} INFO - Filling up the DagBag from /home/airflow/.local/lib/python3.7/site-packages/airflow/example_dags/example_nested_branch_dag.py
[2024-04-20T05:41:39.153+0000] {processor.py:768} INFO - DAG(s) dict_keys(['example_nested_branch_dag']) retrieved from /home/airflow/.local/lib/python3.7/site-packages/airflow/example_dags/example_nested_branch_dag.py
[2024-04-20T05:41:39.229+0000] {logging_mixin.py:117} INFO - [2024-04-20T05:41:39.229+0000] {dag.py:2573} INFO - Sync 1 DAGs
[2024-04-20T05:41:39.262+0000] {logging_mixin.py:117} INFO - [2024-04-20T05:41:39.261+0000] {dag.py:3328} INFO - Setting next_dagrun for example_nested_branch_dag to 2024-04-19T00:00:00+00:00, run_after=2024-04-20T00:00:00+00:00
[2024-04-20T05:41:39.284+0000] {processor.py:178} INFO - Processing /home/airflow/.local/lib/python3.7/site-packages/airflow/example_dags/example_nested_branch_dag.py took 0.169 seconds
[2024-04-20T05:42:09.392+0000] {processor.py:156} INFO - Started process (PID=4828) to work on /home/airflow/.local/lib/python3.7/site-packages/airflow/example_dags/example_nested_branch_dag.py
[2024-04-20T05:42:09.393+0000] {processor.py:758} INFO - Processing file /home/airflow/.local/lib/python3.7/site-packages/airflow/example_dags/example_nested_branch_dag.py for tasks to queue
[2024-04-20T05:42:09.394+0000] {logging_mixin.py:117} INFO - [2024-04-20T05:42:09.393+0000] {dagbag.py:525} INFO - Filling up the DagBag from /home/airflow/.local/lib/python3.7/site-packages/airflow/example_dags/example_nested_branch_dag.py
[2024-04-20T05:42:09.452+0000] {processor.py:768} INFO - DAG(s) dict_keys(['example_nested_branch_dag']) retrieved from /home/airflow/.local/lib/python3.7/site-packages/airflow/example_dags/example_nested_branch_dag.py
[2024-04-20T05:42:09.532+0000] {logging_mixin.py:117} INFO - [2024-04-20T05:42:09.532+0000] {dag.py:2573} INFO - Sync 1 DAGs
[2024-04-20T05:42:09.566+0000] {logging_mixin.py:117} INFO - [2024-04-20T05:42:09.566+0000] {dag.py:3328} INFO - Setting next_dagrun for example_nested_branch_dag to 2024-04-19T00:00:00+00:00, run_after=2024-04-20T00:00:00+00:00
[2024-04-20T05:42:09.588+0000] {processor.py:178} INFO - Processing /home/airflow/.local/lib/python3.7/site-packages/airflow/example_dags/example_nested_branch_dag.py took 0.199 seconds
[2024-04-20T05:42:40.477+0000] {processor.py:156} INFO - Started process (PID=5094) to work on /home/airflow/.local/lib/python3.7/site-packages/airflow/example_dags/example_nested_branch_dag.py
[2024-04-20T05:42:40.478+0000] {processor.py:758} INFO - Processing file /home/airflow/.local/lib/python3.7/site-packages/airflow/example_dags/example_nested_branch_dag.py for tasks to queue
[2024-04-20T05:42:40.479+0000] {logging_mixin.py:117} INFO - [2024-04-20T05:42:40.478+0000] {dagbag.py:525} INFO - Filling up the DagBag from /home/airflow/.local/lib/python3.7/site-packages/airflow/example_dags/example_nested_branch_dag.py
[2024-04-20T05:42:40.597+0000] {processor.py:768} INFO - DAG(s) dict_keys(['example_nested_branch_dag']) retrieved from /home/airflow/.local/lib/python3.7/site-packages/airflow/example_dags/example_nested_branch_dag.py
[2024-04-20T05:42:40.696+0000] {logging_mixin.py:117} INFO - [2024-04-20T05:42:40.696+0000] {dag.py:2573} INFO - Sync 1 DAGs
[2024-04-20T05:42:40.730+0000] {logging_mixin.py:117} INFO - [2024-04-20T05:42:40.730+0000] {dag.py:3328} INFO - Setting next_dagrun for example_nested_branch_dag to 2024-04-19T00:00:00+00:00, run_after=2024-04-20T00:00:00+00:00
[2024-04-20T05:42:40.758+0000] {processor.py:178} INFO - Processing /home/airflow/.local/lib/python3.7/site-packages/airflow/example_dags/example_nested_branch_dag.py took 0.285 seconds
[2024-04-20T05:43:10.818+0000] {processor.py:156} INFO - Started process (PID=5337) to work on /home/airflow/.local/lib/python3.7/site-packages/airflow/example_dags/example_nested_branch_dag.py
[2024-04-20T05:43:10.818+0000] {processor.py:758} INFO - Processing file /home/airflow/.local/lib/python3.7/site-packages/airflow/example_dags/example_nested_branch_dag.py for tasks to queue
[2024-04-20T05:43:10.819+0000] {logging_mixin.py:117} INFO - [2024-04-20T05:43:10.819+0000] {dagbag.py:525} INFO - Filling up the DagBag from /home/airflow/.local/lib/python3.7/site-packages/airflow/example_dags/example_nested_branch_dag.py
[2024-04-20T05:43:10.842+0000] {processor.py:768} INFO - DAG(s) dict_keys(['example_nested_branch_dag']) retrieved from /home/airflow/.local/lib/python3.7/site-packages/airflow/example_dags/example_nested_branch_dag.py
[2024-04-20T05:43:10.883+0000] {logging_mixin.py:117} INFO - [2024-04-20T05:43:10.882+0000] {dag.py:2573} INFO - Sync 1 DAGs
[2024-04-20T05:43:10.903+0000] {logging_mixin.py:117} INFO - [2024-04-20T05:43:10.903+0000] {dag.py:3328} INFO - Setting next_dagrun for example_nested_branch_dag to 2024-04-19T00:00:00+00:00, run_after=2024-04-20T00:00:00+00:00
[2024-04-20T05:43:10.922+0000] {processor.py:178} INFO - Processing /home/airflow/.local/lib/python3.7/site-packages/airflow/example_dags/example_nested_branch_dag.py took 0.106 seconds
[2024-04-20T05:43:40.949+0000] {processor.py:156} INFO - Started process (PID=5596) to work on /home/airflow/.local/lib/python3.7/site-packages/airflow/example_dags/example_nested_branch_dag.py
[2024-04-20T05:43:40.950+0000] {processor.py:758} INFO - Processing file /home/airflow/.local/lib/python3.7/site-packages/airflow/example_dags/example_nested_branch_dag.py for tasks to queue
[2024-04-20T05:43:40.950+0000] {logging_mixin.py:117} INFO - [2024-04-20T05:43:40.950+0000] {dagbag.py:525} INFO - Filling up the DagBag from /home/airflow/.local/lib/python3.7/site-packages/airflow/example_dags/example_nested_branch_dag.py
[2024-04-20T05:43:40.971+0000] {processor.py:768} INFO - DAG(s) dict_keys(['example_nested_branch_dag']) retrieved from /home/airflow/.local/lib/python3.7/site-packages/airflow/example_dags/example_nested_branch_dag.py
[2024-04-20T05:43:41.005+0000] {logging_mixin.py:117} INFO - [2024-04-20T05:43:41.005+0000] {dag.py:2573} INFO - Sync 1 DAGs
[2024-04-20T05:43:41.027+0000] {logging_mixin.py:117} INFO - [2024-04-20T05:43:41.027+0000] {dag.py:3328} INFO - Setting next_dagrun for example_nested_branch_dag to 2024-04-19T00:00:00+00:00, run_after=2024-04-20T00:00:00+00:00
[2024-04-20T05:43:41.047+0000] {processor.py:178} INFO - Processing /home/airflow/.local/lib/python3.7/site-packages/airflow/example_dags/example_nested_branch_dag.py took 0.101 seconds
[2024-04-20T05:44:11.887+0000] {processor.py:156} INFO - Started process (PID=5811) to work on /home/airflow/.local/lib/python3.7/site-packages/airflow/example_dags/example_nested_branch_dag.py
[2024-04-20T05:44:11.888+0000] {processor.py:758} INFO - Processing file /home/airflow/.local/lib/python3.7/site-packages/airflow/example_dags/example_nested_branch_dag.py for tasks to queue
[2024-04-20T05:44:11.889+0000] {logging_mixin.py:117} INFO - [2024-04-20T05:44:11.889+0000] {dagbag.py:525} INFO - Filling up the DagBag from /home/airflow/.local/lib/python3.7/site-packages/airflow/example_dags/example_nested_branch_dag.py
[2024-04-20T05:44:11.938+0000] {processor.py:768} INFO - DAG(s) dict_keys(['example_nested_branch_dag']) retrieved from /home/airflow/.local/lib/python3.7/site-packages/airflow/example_dags/example_nested_branch_dag.py
[2024-04-20T05:44:11.983+0000] {logging_mixin.py:117} INFO - [2024-04-20T05:44:11.983+0000] {dag.py:2573} INFO - Sync 1 DAGs
[2024-04-20T05:44:12.014+0000] {logging_mixin.py:117} INFO - [2024-04-20T05:44:12.014+0000] {dag.py:3328} INFO - Setting next_dagrun for example_nested_branch_dag to 2024-04-19T00:00:00+00:00, run_after=2024-04-20T00:00:00+00:00
[2024-04-20T05:44:12.040+0000] {processor.py:178} INFO - Processing /home/airflow/.local/lib/python3.7/site-packages/airflow/example_dags/example_nested_branch_dag.py took 0.162 seconds
[2024-04-20T05:44:42.093+0000] {processor.py:156} INFO - Started process (PID=6077) to work on /home/airflow/.local/lib/python3.7/site-packages/airflow/example_dags/example_nested_branch_dag.py
[2024-04-20T05:44:42.093+0000] {processor.py:758} INFO - Processing file /home/airflow/.local/lib/python3.7/site-packages/airflow/example_dags/example_nested_branch_dag.py for tasks to queue
[2024-04-20T05:44:42.094+0000] {logging_mixin.py:117} INFO - [2024-04-20T05:44:42.094+0000] {dagbag.py:525} INFO - Filling up the DagBag from /home/airflow/.local/lib/python3.7/site-packages/airflow/example_dags/example_nested_branch_dag.py
[2024-04-20T05:44:42.125+0000] {processor.py:768} INFO - DAG(s) dict_keys(['example_nested_branch_dag']) retrieved from /home/airflow/.local/lib/python3.7/site-packages/airflow/example_dags/example_nested_branch_dag.py
[2024-04-20T05:44:42.171+0000] {logging_mixin.py:117} INFO - [2024-04-20T05:44:42.171+0000] {dag.py:2573} INFO - Sync 1 DAGs
[2024-04-20T05:44:42.203+0000] {logging_mixin.py:117} INFO - [2024-04-20T05:44:42.203+0000] {dag.py:3328} INFO - Setting next_dagrun for example_nested_branch_dag to 2024-04-19T00:00:00+00:00, run_after=2024-04-20T00:00:00+00:00
[2024-04-20T05:44:42.231+0000] {processor.py:178} INFO - Processing /home/airflow/.local/lib/python3.7/site-packages/airflow/example_dags/example_nested_branch_dag.py took 0.142 seconds
[2024-04-20T05:45:12.503+0000] {processor.py:156} INFO - Started process (PID=6329) to work on /home/airflow/.local/lib/python3.7/site-packages/airflow/example_dags/example_nested_branch_dag.py
[2024-04-20T05:45:12.504+0000] {processor.py:758} INFO - Processing file /home/airflow/.local/lib/python3.7/site-packages/airflow/example_dags/example_nested_branch_dag.py for tasks to queue
[2024-04-20T05:45:12.504+0000] {logging_mixin.py:117} INFO - [2024-04-20T05:45:12.504+0000] {dagbag.py:525} INFO - Filling up the DagBag from /home/airflow/.local/lib/python3.7/site-packages/airflow/example_dags/example_nested_branch_dag.py
[2024-04-20T05:45:12.559+0000] {processor.py:768} INFO - DAG(s) dict_keys(['example_nested_branch_dag']) retrieved from /home/airflow/.local/lib/python3.7/site-packages/airflow/example_dags/example_nested_branch_dag.py
[2024-04-20T05:45:12.606+0000] {logging_mixin.py:117} INFO - [2024-04-20T05:45:12.606+0000] {dag.py:2573} INFO - Sync 1 DAGs
[2024-04-20T05:45:12.648+0000] {logging_mixin.py:117} INFO - [2024-04-20T05:45:12.648+0000] {dag.py:3328} INFO - Setting next_dagrun for example_nested_branch_dag to 2024-04-19T00:00:00+00:00, run_after=2024-04-20T00:00:00+00:00
[2024-04-20T05:45:12.705+0000] {processor.py:178} INFO - Processing /home/airflow/.local/lib/python3.7/site-packages/airflow/example_dags/example_nested_branch_dag.py took 0.205 seconds
[2024-04-20T05:45:42.966+0000] {processor.py:156} INFO - Started process (PID=6603) to work on /home/airflow/.local/lib/python3.7/site-packages/airflow/example_dags/example_nested_branch_dag.py
[2024-04-20T05:45:42.967+0000] {processor.py:758} INFO - Processing file /home/airflow/.local/lib/python3.7/site-packages/airflow/example_dags/example_nested_branch_dag.py for tasks to queue
[2024-04-20T05:45:42.967+0000] {logging_mixin.py:117} INFO - [2024-04-20T05:45:42.967+0000] {dagbag.py:525} INFO - Filling up the DagBag from /home/airflow/.local/lib/python3.7/site-packages/airflow/example_dags/example_nested_branch_dag.py
[2024-04-20T05:45:43.004+0000] {processor.py:768} INFO - DAG(s) dict_keys(['example_nested_branch_dag']) retrieved from /home/airflow/.local/lib/python3.7/site-packages/airflow/example_dags/example_nested_branch_dag.py
[2024-04-20T05:45:43.053+0000] {logging_mixin.py:117} INFO - [2024-04-20T05:45:43.053+0000] {dag.py:2573} INFO - Sync 1 DAGs
[2024-04-20T05:45:43.084+0000] {logging_mixin.py:117} INFO - [2024-04-20T05:45:43.084+0000] {dag.py:3328} INFO - Setting next_dagrun for example_nested_branch_dag to 2024-04-19T00:00:00+00:00, run_after=2024-04-20T00:00:00+00:00
[2024-04-20T05:45:43.141+0000] {processor.py:178} INFO - Processing /home/airflow/.local/lib/python3.7/site-packages/airflow/example_dags/example_nested_branch_dag.py took 0.178 seconds
[2024-04-20T05:46:13.264+0000] {processor.py:156} INFO - Started process (PID=6860) to work on /home/airflow/.local/lib/python3.7/site-packages/airflow/example_dags/example_nested_branch_dag.py
[2024-04-20T05:46:13.264+0000] {processor.py:758} INFO - Processing file /home/airflow/.local/lib/python3.7/site-packages/airflow/example_dags/example_nested_branch_dag.py for tasks to queue
[2024-04-20T05:46:13.265+0000] {logging_mixin.py:117} INFO - [2024-04-20T05:46:13.265+0000] {dagbag.py:525} INFO - Filling up the DagBag from /home/airflow/.local/lib/python3.7/site-packages/airflow/example_dags/example_nested_branch_dag.py
[2024-04-20T05:46:13.294+0000] {processor.py:768} INFO - DAG(s) dict_keys(['example_nested_branch_dag']) retrieved from /home/airflow/.local/lib/python3.7/site-packages/airflow/example_dags/example_nested_branch_dag.py
[2024-04-20T05:46:13.353+0000] {logging_mixin.py:117} INFO - [2024-04-20T05:46:13.353+0000] {dag.py:2573} INFO - Sync 1 DAGs
[2024-04-20T05:46:13.410+0000] {logging_mixin.py:117} INFO - [2024-04-20T05:46:13.409+0000] {dag.py:3328} INFO - Setting next_dagrun for example_nested_branch_dag to 2024-04-19T00:00:00+00:00, run_after=2024-04-20T00:00:00+00:00
[2024-04-20T05:46:13.488+0000] {processor.py:178} INFO - Processing /home/airflow/.local/lib/python3.7/site-packages/airflow/example_dags/example_nested_branch_dag.py took 0.228 seconds
[2024-04-20T05:46:44.027+0000] {processor.py:156} INFO - Started process (PID=7114) to work on /home/airflow/.local/lib/python3.7/site-packages/airflow/example_dags/example_nested_branch_dag.py
[2024-04-20T05:46:44.027+0000] {processor.py:758} INFO - Processing file /home/airflow/.local/lib/python3.7/site-packages/airflow/example_dags/example_nested_branch_dag.py for tasks to queue
[2024-04-20T05:46:44.028+0000] {logging_mixin.py:117} INFO - [2024-04-20T05:46:44.028+0000] {dagbag.py:525} INFO - Filling up the DagBag from /home/airflow/.local/lib/python3.7/site-packages/airflow/example_dags/example_nested_branch_dag.py
[2024-04-20T05:46:44.063+0000] {processor.py:768} INFO - DAG(s) dict_keys(['example_nested_branch_dag']) retrieved from /home/airflow/.local/lib/python3.7/site-packages/airflow/example_dags/example_nested_branch_dag.py
[2024-04-20T05:46:44.114+0000] {logging_mixin.py:117} INFO - [2024-04-20T05:46:44.114+0000] {dag.py:2573} INFO - Sync 1 DAGs
[2024-04-20T05:46:44.141+0000] {logging_mixin.py:117} INFO - [2024-04-20T05:46:44.141+0000] {dag.py:3328} INFO - Setting next_dagrun for example_nested_branch_dag to 2024-04-19T00:00:00+00:00, run_after=2024-04-20T00:00:00+00:00
[2024-04-20T05:46:44.164+0000] {processor.py:178} INFO - Processing /home/airflow/.local/lib/python3.7/site-packages/airflow/example_dags/example_nested_branch_dag.py took 0.142 seconds
[2024-04-20T05:47:14.527+0000] {processor.py:156} INFO - Started process (PID=7357) to work on /home/airflow/.local/lib/python3.7/site-packages/airflow/example_dags/example_nested_branch_dag.py
[2024-04-20T05:47:14.527+0000] {processor.py:758} INFO - Processing file /home/airflow/.local/lib/python3.7/site-packages/airflow/example_dags/example_nested_branch_dag.py for tasks to queue
[2024-04-20T05:47:14.528+0000] {logging_mixin.py:117} INFO - [2024-04-20T05:47:14.528+0000] {dagbag.py:525} INFO - Filling up the DagBag from /home/airflow/.local/lib/python3.7/site-packages/airflow/example_dags/example_nested_branch_dag.py
[2024-04-20T05:47:14.558+0000] {processor.py:768} INFO - DAG(s) dict_keys(['example_nested_branch_dag']) retrieved from /home/airflow/.local/lib/python3.7/site-packages/airflow/example_dags/example_nested_branch_dag.py
[2024-04-20T05:47:14.757+0000] {logging_mixin.py:117} INFO - [2024-04-20T05:47:14.757+0000] {dag.py:2573} INFO - Sync 1 DAGs
[2024-04-20T05:47:14.793+0000] {logging_mixin.py:117} INFO - [2024-04-20T05:47:14.793+0000] {dag.py:3328} INFO - Setting next_dagrun for example_nested_branch_dag to 2024-04-19T00:00:00+00:00, run_after=2024-04-20T00:00:00+00:00
[2024-04-20T05:47:14.828+0000] {processor.py:178} INFO - Processing /home/airflow/.local/lib/python3.7/site-packages/airflow/example_dags/example_nested_branch_dag.py took 0.308 seconds
[2024-04-20T05:47:45.566+0000] {processor.py:156} INFO - Started process (PID=7616) to work on /home/airflow/.local/lib/python3.7/site-packages/airflow/example_dags/example_nested_branch_dag.py
[2024-04-20T05:47:45.567+0000] {processor.py:758} INFO - Processing file /home/airflow/.local/lib/python3.7/site-packages/airflow/example_dags/example_nested_branch_dag.py for tasks to queue
[2024-04-20T05:47:45.567+0000] {logging_mixin.py:117} INFO - [2024-04-20T05:47:45.567+0000] {dagbag.py:525} INFO - Filling up the DagBag from /home/airflow/.local/lib/python3.7/site-packages/airflow/example_dags/example_nested_branch_dag.py
[2024-04-20T05:47:45.599+0000] {processor.py:768} INFO - DAG(s) dict_keys(['example_nested_branch_dag']) retrieved from /home/airflow/.local/lib/python3.7/site-packages/airflow/example_dags/example_nested_branch_dag.py
[2024-04-20T05:47:45.655+0000] {logging_mixin.py:117} INFO - [2024-04-20T05:47:45.655+0000] {dag.py:2573} INFO - Sync 1 DAGs
[2024-04-20T05:47:45.688+0000] {logging_mixin.py:117} INFO - [2024-04-20T05:47:45.688+0000] {dag.py:3328} INFO - Setting next_dagrun for example_nested_branch_dag to 2024-04-19T00:00:00+00:00, run_after=2024-04-20T00:00:00+00:00
[2024-04-20T05:47:45.739+0000] {processor.py:178} INFO - Processing /home/airflow/.local/lib/python3.7/site-packages/airflow/example_dags/example_nested_branch_dag.py took 0.177 seconds
[2024-04-20T05:48:15.964+0000] {processor.py:156} INFO - Started process (PID=7865) to work on /home/airflow/.local/lib/python3.7/site-packages/airflow/example_dags/example_nested_branch_dag.py
[2024-04-20T05:48:15.965+0000] {processor.py:758} INFO - Processing file /home/airflow/.local/lib/python3.7/site-packages/airflow/example_dags/example_nested_branch_dag.py for tasks to queue
[2024-04-20T05:48:15.965+0000] {logging_mixin.py:117} INFO - [2024-04-20T05:48:15.965+0000] {dagbag.py:525} INFO - Filling up the DagBag from /home/airflow/.local/lib/python3.7/site-packages/airflow/example_dags/example_nested_branch_dag.py
[2024-04-20T05:48:15.995+0000] {processor.py:768} INFO - DAG(s) dict_keys(['example_nested_branch_dag']) retrieved from /home/airflow/.local/lib/python3.7/site-packages/airflow/example_dags/example_nested_branch_dag.py
[2024-04-20T05:48:16.049+0000] {logging_mixin.py:117} INFO - [2024-04-20T05:48:16.049+0000] {dag.py:2573} INFO - Sync 1 DAGs
[2024-04-20T05:48:16.080+0000] {logging_mixin.py:117} INFO - [2024-04-20T05:48:16.079+0000] {dag.py:3328} INFO - Setting next_dagrun for example_nested_branch_dag to 2024-04-19T00:00:00+00:00, run_after=2024-04-20T00:00:00+00:00
[2024-04-20T05:48:16.103+0000] {processor.py:178} INFO - Processing /home/airflow/.local/lib/python3.7/site-packages/airflow/example_dags/example_nested_branch_dag.py took 0.142 seconds
[2024-04-20T05:48:46.386+0000] {processor.py:156} INFO - Started process (PID=8097) to work on /home/airflow/.local/lib/python3.7/site-packages/airflow/example_dags/example_nested_branch_dag.py
[2024-04-20T05:48:46.387+0000] {processor.py:758} INFO - Processing file /home/airflow/.local/lib/python3.7/site-packages/airflow/example_dags/example_nested_branch_dag.py for tasks to queue
[2024-04-20T05:48:46.388+0000] {logging_mixin.py:117} INFO - [2024-04-20T05:48:46.388+0000] {dagbag.py:525} INFO - Filling up the DagBag from /home/airflow/.local/lib/python3.7/site-packages/airflow/example_dags/example_nested_branch_dag.py
[2024-04-20T05:48:46.426+0000] {processor.py:768} INFO - DAG(s) dict_keys(['example_nested_branch_dag']) retrieved from /home/airflow/.local/lib/python3.7/site-packages/airflow/example_dags/example_nested_branch_dag.py
[2024-04-20T05:48:46.475+0000] {logging_mixin.py:117} INFO - [2024-04-20T05:48:46.475+0000] {dag.py:2573} INFO - Sync 1 DAGs
[2024-04-20T05:48:46.506+0000] {logging_mixin.py:117} INFO - [2024-04-20T05:48:46.506+0000] {dag.py:3328} INFO - Setting next_dagrun for example_nested_branch_dag to 2024-04-19T00:00:00+00:00, run_after=2024-04-20T00:00:00+00:00
[2024-04-20T05:48:46.526+0000] {processor.py:178} INFO - Processing /home/airflow/.local/lib/python3.7/site-packages/airflow/example_dags/example_nested_branch_dag.py took 0.144 seconds
[2024-04-20T05:49:17.002+0000] {processor.py:156} INFO - Started process (PID=8337) to work on /home/airflow/.local/lib/python3.7/site-packages/airflow/example_dags/example_nested_branch_dag.py
[2024-04-20T05:49:17.002+0000] {processor.py:758} INFO - Processing file /home/airflow/.local/lib/python3.7/site-packages/airflow/example_dags/example_nested_branch_dag.py for tasks to queue
[2024-04-20T05:49:17.003+0000] {logging_mixin.py:117} INFO - [2024-04-20T05:49:17.003+0000] {dagbag.py:525} INFO - Filling up the DagBag from /home/airflow/.local/lib/python3.7/site-packages/airflow/example_dags/example_nested_branch_dag.py
[2024-04-20T05:49:17.033+0000] {processor.py:768} INFO - DAG(s) dict_keys(['example_nested_branch_dag']) retrieved from /home/airflow/.local/lib/python3.7/site-packages/airflow/example_dags/example_nested_branch_dag.py
[2024-04-20T05:49:17.092+0000] {logging_mixin.py:117} INFO - [2024-04-20T05:49:17.092+0000] {dag.py:2573} INFO - Sync 1 DAGs
[2024-04-20T05:49:17.122+0000] {logging_mixin.py:117} INFO - [2024-04-20T05:49:17.122+0000] {dag.py:3328} INFO - Setting next_dagrun for example_nested_branch_dag to 2024-04-19T00:00:00+00:00, run_after=2024-04-20T00:00:00+00:00
[2024-04-20T05:49:17.145+0000] {processor.py:178} INFO - Processing /home/airflow/.local/lib/python3.7/site-packages/airflow/example_dags/example_nested_branch_dag.py took 0.147 seconds
[2024-04-20T05:49:47.398+0000] {processor.py:156} INFO - Started process (PID=8564) to work on /home/airflow/.local/lib/python3.7/site-packages/airflow/example_dags/example_nested_branch_dag.py
[2024-04-20T05:49:47.399+0000] {processor.py:758} INFO - Processing file /home/airflow/.local/lib/python3.7/site-packages/airflow/example_dags/example_nested_branch_dag.py for tasks to queue
[2024-04-20T05:49:47.400+0000] {logging_mixin.py:117} INFO - [2024-04-20T05:49:47.400+0000] {dagbag.py:525} INFO - Filling up the DagBag from /home/airflow/.local/lib/python3.7/site-packages/airflow/example_dags/example_nested_branch_dag.py
[2024-04-20T05:49:47.450+0000] {processor.py:768} INFO - DAG(s) dict_keys(['example_nested_branch_dag']) retrieved from /home/airflow/.local/lib/python3.7/site-packages/airflow/example_dags/example_nested_branch_dag.py
[2024-04-20T05:49:47.496+0000] {logging_mixin.py:117} INFO - [2024-04-20T05:49:47.496+0000] {dag.py:2573} INFO - Sync 1 DAGs
[2024-04-20T05:49:47.530+0000] {logging_mixin.py:117} INFO - [2024-04-20T05:49:47.530+0000] {dag.py:3328} INFO - Setting next_dagrun for example_nested_branch_dag to 2024-04-19T00:00:00+00:00, run_after=2024-04-20T00:00:00+00:00
[2024-04-20T05:49:47.563+0000] {processor.py:178} INFO - Processing /home/airflow/.local/lib/python3.7/site-packages/airflow/example_dags/example_nested_branch_dag.py took 0.168 seconds
[2024-04-20T05:50:18.173+0000] {processor.py:156} INFO - Started process (PID=8816) to work on /home/airflow/.local/lib/python3.7/site-packages/airflow/example_dags/example_nested_branch_dag.py
[2024-04-20T05:50:18.173+0000] {processor.py:758} INFO - Processing file /home/airflow/.local/lib/python3.7/site-packages/airflow/example_dags/example_nested_branch_dag.py for tasks to queue
[2024-04-20T05:50:18.174+0000] {logging_mixin.py:117} INFO - [2024-04-20T05:50:18.174+0000] {dagbag.py:525} INFO - Filling up the DagBag from /home/airflow/.local/lib/python3.7/site-packages/airflow/example_dags/example_nested_branch_dag.py
[2024-04-20T05:50:18.204+0000] {processor.py:768} INFO - DAG(s) dict_keys(['example_nested_branch_dag']) retrieved from /home/airflow/.local/lib/python3.7/site-packages/airflow/example_dags/example_nested_branch_dag.py
[2024-04-20T05:50:18.257+0000] {logging_mixin.py:117} INFO - [2024-04-20T05:50:18.257+0000] {dag.py:2573} INFO - Sync 1 DAGs
[2024-04-20T05:50:18.288+0000] {logging_mixin.py:117} INFO - [2024-04-20T05:50:18.288+0000] {dag.py:3328} INFO - Setting next_dagrun for example_nested_branch_dag to 2024-04-19T00:00:00+00:00, run_after=2024-04-20T00:00:00+00:00
[2024-04-20T05:50:18.312+0000] {processor.py:178} INFO - Processing /home/airflow/.local/lib/python3.7/site-packages/airflow/example_dags/example_nested_branch_dag.py took 0.143 seconds
[2024-04-20T05:50:49.004+0000] {processor.py:156} INFO - Started process (PID=9044) to work on /home/airflow/.local/lib/python3.7/site-packages/airflow/example_dags/example_nested_branch_dag.py
[2024-04-20T05:50:49.005+0000] {processor.py:758} INFO - Processing file /home/airflow/.local/lib/python3.7/site-packages/airflow/example_dags/example_nested_branch_dag.py for tasks to queue
[2024-04-20T05:50:49.005+0000] {logging_mixin.py:117} INFO - [2024-04-20T05:50:49.005+0000] {dagbag.py:525} INFO - Filling up the DagBag from /home/airflow/.local/lib/python3.7/site-packages/airflow/example_dags/example_nested_branch_dag.py
[2024-04-20T05:50:49.037+0000] {processor.py:768} INFO - DAG(s) dict_keys(['example_nested_branch_dag']) retrieved from /home/airflow/.local/lib/python3.7/site-packages/airflow/example_dags/example_nested_branch_dag.py
[2024-04-20T05:50:49.088+0000] {logging_mixin.py:117} INFO - [2024-04-20T05:50:49.088+0000] {dag.py:2573} INFO - Sync 1 DAGs
[2024-04-20T05:50:49.121+0000] {logging_mixin.py:117} INFO - [2024-04-20T05:50:49.121+0000] {dag.py:3328} INFO - Setting next_dagrun for example_nested_branch_dag to 2024-04-19T00:00:00+00:00, run_after=2024-04-20T00:00:00+00:00
[2024-04-20T05:50:49.143+0000] {processor.py:178} INFO - Processing /home/airflow/.local/lib/python3.7/site-packages/airflow/example_dags/example_nested_branch_dag.py took 0.142 seconds
[2024-04-20T05:51:19.478+0000] {processor.py:156} INFO - Started process (PID=9263) to work on /home/airflow/.local/lib/python3.7/site-packages/airflow/example_dags/example_nested_branch_dag.py
[2024-04-20T05:51:19.479+0000] {processor.py:758} INFO - Processing file /home/airflow/.local/lib/python3.7/site-packages/airflow/example_dags/example_nested_branch_dag.py for tasks to queue
[2024-04-20T05:51:19.480+0000] {logging_mixin.py:117} INFO - [2024-04-20T05:51:19.480+0000] {dagbag.py:525} INFO - Filling up the DagBag from /home/airflow/.local/lib/python3.7/site-packages/airflow/example_dags/example_nested_branch_dag.py
[2024-04-20T05:51:19.510+0000] {processor.py:768} INFO - DAG(s) dict_keys(['example_nested_branch_dag']) retrieved from /home/airflow/.local/lib/python3.7/site-packages/airflow/example_dags/example_nested_branch_dag.py
[2024-04-20T05:51:19.565+0000] {logging_mixin.py:117} INFO - [2024-04-20T05:51:19.564+0000] {dag.py:2573} INFO - Sync 1 DAGs
[2024-04-20T05:51:19.595+0000] {logging_mixin.py:117} INFO - [2024-04-20T05:51:19.595+0000] {dag.py:3328} INFO - Setting next_dagrun for example_nested_branch_dag to 2024-04-19T00:00:00+00:00, run_after=2024-04-20T00:00:00+00:00
[2024-04-20T05:51:19.620+0000] {processor.py:178} INFO - Processing /home/airflow/.local/lib/python3.7/site-packages/airflow/example_dags/example_nested_branch_dag.py took 0.145 seconds
[2024-04-20T05:51:49.886+0000] {processor.py:156} INFO - Started process (PID=9493) to work on /home/airflow/.local/lib/python3.7/site-packages/airflow/example_dags/example_nested_branch_dag.py
[2024-04-20T05:51:49.886+0000] {processor.py:758} INFO - Processing file /home/airflow/.local/lib/python3.7/site-packages/airflow/example_dags/example_nested_branch_dag.py for tasks to queue
[2024-04-20T05:51:49.887+0000] {logging_mixin.py:117} INFO - [2024-04-20T05:51:49.887+0000] {dagbag.py:525} INFO - Filling up the DagBag from /home/airflow/.local/lib/python3.7/site-packages/airflow/example_dags/example_nested_branch_dag.py
[2024-04-20T05:51:49.918+0000] {processor.py:768} INFO - DAG(s) dict_keys(['example_nested_branch_dag']) retrieved from /home/airflow/.local/lib/python3.7/site-packages/airflow/example_dags/example_nested_branch_dag.py
[2024-04-20T05:51:49.979+0000] {logging_mixin.py:117} INFO - [2024-04-20T05:51:49.978+0000] {dag.py:2573} INFO - Sync 1 DAGs
[2024-04-20T05:51:50.014+0000] {logging_mixin.py:117} INFO - [2024-04-20T05:51:50.013+0000] {dag.py:3328} INFO - Setting next_dagrun for example_nested_branch_dag to 2024-04-19T00:00:00+00:00, run_after=2024-04-20T00:00:00+00:00
[2024-04-20T05:51:50.040+0000] {processor.py:178} INFO - Processing /home/airflow/.local/lib/python3.7/site-packages/airflow/example_dags/example_nested_branch_dag.py took 0.157 seconds
[2024-04-20T05:52:20.907+0000] {processor.py:156} INFO - Started process (PID=9720) to work on /home/airflow/.local/lib/python3.7/site-packages/airflow/example_dags/example_nested_branch_dag.py
[2024-04-20T05:52:20.908+0000] {processor.py:758} INFO - Processing file /home/airflow/.local/lib/python3.7/site-packages/airflow/example_dags/example_nested_branch_dag.py for tasks to queue
[2024-04-20T05:52:20.908+0000] {logging_mixin.py:117} INFO - [2024-04-20T05:52:20.908+0000] {dagbag.py:525} INFO - Filling up the DagBag from /home/airflow/.local/lib/python3.7/site-packages/airflow/example_dags/example_nested_branch_dag.py
[2024-04-20T05:52:20.947+0000] {processor.py:768} INFO - DAG(s) dict_keys(['example_nested_branch_dag']) retrieved from /home/airflow/.local/lib/python3.7/site-packages/airflow/example_dags/example_nested_branch_dag.py
[2024-04-20T05:52:20.999+0000] {logging_mixin.py:117} INFO - [2024-04-20T05:52:20.999+0000] {dag.py:2573} INFO - Sync 1 DAGs
[2024-04-20T05:52:21.032+0000] {logging_mixin.py:117} INFO - [2024-04-20T05:52:21.032+0000] {dag.py:3328} INFO - Setting next_dagrun for example_nested_branch_dag to 2024-04-19T00:00:00+00:00, run_after=2024-04-20T00:00:00+00:00
[2024-04-20T05:52:21.070+0000] {processor.py:178} INFO - Processing /home/airflow/.local/lib/python3.7/site-packages/airflow/example_dags/example_nested_branch_dag.py took 0.165 seconds
[2024-04-20T05:52:51.175+0000] {processor.py:156} INFO - Started process (PID=9937) to work on /home/airflow/.local/lib/python3.7/site-packages/airflow/example_dags/example_nested_branch_dag.py
[2024-04-20T05:52:51.176+0000] {processor.py:758} INFO - Processing file /home/airflow/.local/lib/python3.7/site-packages/airflow/example_dags/example_nested_branch_dag.py for tasks to queue
[2024-04-20T05:52:51.178+0000] {logging_mixin.py:117} INFO - [2024-04-20T05:52:51.176+0000] {dagbag.py:525} INFO - Filling up the DagBag from /home/airflow/.local/lib/python3.7/site-packages/airflow/example_dags/example_nested_branch_dag.py
[2024-04-20T05:52:51.248+0000] {processor.py:768} INFO - DAG(s) dict_keys(['example_nested_branch_dag']) retrieved from /home/airflow/.local/lib/python3.7/site-packages/airflow/example_dags/example_nested_branch_dag.py
[2024-04-20T05:52:51.387+0000] {logging_mixin.py:117} INFO - [2024-04-20T05:52:51.386+0000] {dag.py:2573} INFO - Sync 1 DAGs
[2024-04-20T05:52:51.452+0000] {logging_mixin.py:117} INFO - [2024-04-20T05:52:51.452+0000] {dag.py:3328} INFO - Setting next_dagrun for example_nested_branch_dag to 2024-04-19T00:00:00+00:00, run_after=2024-04-20T00:00:00+00:00
[2024-04-20T05:52:51.479+0000] {processor.py:178} INFO - Processing /home/airflow/.local/lib/python3.7/site-packages/airflow/example_dags/example_nested_branch_dag.py took 0.308 seconds
[2024-04-20T05:53:21.791+0000] {processor.py:156} INFO - Started process (PID=10176) to work on /home/airflow/.local/lib/python3.7/site-packages/airflow/example_dags/example_nested_branch_dag.py
[2024-04-20T05:53:21.791+0000] {processor.py:758} INFO - Processing file /home/airflow/.local/lib/python3.7/site-packages/airflow/example_dags/example_nested_branch_dag.py for tasks to queue
[2024-04-20T05:53:21.792+0000] {logging_mixin.py:117} INFO - [2024-04-20T05:53:21.792+0000] {dagbag.py:525} INFO - Filling up the DagBag from /home/airflow/.local/lib/python3.7/site-packages/airflow/example_dags/example_nested_branch_dag.py
[2024-04-20T05:53:21.822+0000] {processor.py:768} INFO - DAG(s) dict_keys(['example_nested_branch_dag']) retrieved from /home/airflow/.local/lib/python3.7/site-packages/airflow/example_dags/example_nested_branch_dag.py
[2024-04-20T05:53:21.877+0000] {logging_mixin.py:117} INFO - [2024-04-20T05:53:21.877+0000] {dag.py:2573} INFO - Sync 1 DAGs
[2024-04-20T05:53:21.908+0000] {logging_mixin.py:117} INFO - [2024-04-20T05:53:21.907+0000] {dag.py:3328} INFO - Setting next_dagrun for example_nested_branch_dag to 2024-04-19T00:00:00+00:00, run_after=2024-04-20T00:00:00+00:00
[2024-04-20T05:53:21.929+0000] {processor.py:178} INFO - Processing /home/airflow/.local/lib/python3.7/site-packages/airflow/example_dags/example_nested_branch_dag.py took 0.142 seconds
[2024-04-20T05:53:52.518+0000] {processor.py:156} INFO - Started process (PID=10402) to work on /home/airflow/.local/lib/python3.7/site-packages/airflow/example_dags/example_nested_branch_dag.py
[2024-04-20T05:53:52.518+0000] {processor.py:758} INFO - Processing file /home/airflow/.local/lib/python3.7/site-packages/airflow/example_dags/example_nested_branch_dag.py for tasks to queue
[2024-04-20T05:53:52.519+0000] {logging_mixin.py:117} INFO - [2024-04-20T05:53:52.519+0000] {dagbag.py:525} INFO - Filling up the DagBag from /home/airflow/.local/lib/python3.7/site-packages/airflow/example_dags/example_nested_branch_dag.py
[2024-04-20T05:53:52.575+0000] {processor.py:768} INFO - DAG(s) dict_keys(['example_nested_branch_dag']) retrieved from /home/airflow/.local/lib/python3.7/site-packages/airflow/example_dags/example_nested_branch_dag.py
[2024-04-20T05:53:52.660+0000] {logging_mixin.py:117} INFO - [2024-04-20T05:53:52.659+0000] {dag.py:2573} INFO - Sync 1 DAGs
[2024-04-20T05:53:52.697+0000] {logging_mixin.py:117} INFO - [2024-04-20T05:53:52.696+0000] {dag.py:3328} INFO - Setting next_dagrun for example_nested_branch_dag to 2024-04-19T00:00:00+00:00, run_after=2024-04-20T00:00:00+00:00
[2024-04-20T05:53:52.720+0000] {processor.py:178} INFO - Processing /home/airflow/.local/lib/python3.7/site-packages/airflow/example_dags/example_nested_branch_dag.py took 0.205 seconds
[2024-04-20T05:54:22.799+0000] {processor.py:156} INFO - Started process (PID=10631) to work on /home/airflow/.local/lib/python3.7/site-packages/airflow/example_dags/example_nested_branch_dag.py
[2024-04-20T05:54:22.800+0000] {processor.py:758} INFO - Processing file /home/airflow/.local/lib/python3.7/site-packages/airflow/example_dags/example_nested_branch_dag.py for tasks to queue
[2024-04-20T05:54:22.801+0000] {logging_mixin.py:117} INFO - [2024-04-20T05:54:22.800+0000] {dagbag.py:525} INFO - Filling up the DagBag from /home/airflow/.local/lib/python3.7/site-packages/airflow/example_dags/example_nested_branch_dag.py
[2024-04-20T05:54:22.923+0000] {processor.py:768} INFO - DAG(s) dict_keys(['example_nested_branch_dag']) retrieved from /home/airflow/.local/lib/python3.7/site-packages/airflow/example_dags/example_nested_branch_dag.py
[2024-04-20T05:54:23.042+0000] {logging_mixin.py:117} INFO - [2024-04-20T05:54:23.042+0000] {dag.py:2573} INFO - Sync 1 DAGs
[2024-04-20T05:54:23.109+0000] {logging_mixin.py:117} INFO - [2024-04-20T05:54:23.109+0000] {dag.py:3328} INFO - Setting next_dagrun for example_nested_branch_dag to 2024-04-19T00:00:00+00:00, run_after=2024-04-20T00:00:00+00:00
[2024-04-20T05:54:23.145+0000] {processor.py:178} INFO - Processing /home/airflow/.local/lib/python3.7/site-packages/airflow/example_dags/example_nested_branch_dag.py took 0.361 seconds
[2024-04-20T05:54:53.797+0000] {processor.py:156} INFO - Started process (PID=10866) to work on /home/airflow/.local/lib/python3.7/site-packages/airflow/example_dags/example_nested_branch_dag.py
[2024-04-20T05:54:53.798+0000] {processor.py:758} INFO - Processing file /home/airflow/.local/lib/python3.7/site-packages/airflow/example_dags/example_nested_branch_dag.py for tasks to queue
[2024-04-20T05:54:53.799+0000] {logging_mixin.py:117} INFO - [2024-04-20T05:54:53.798+0000] {dagbag.py:525} INFO - Filling up the DagBag from /home/airflow/.local/lib/python3.7/site-packages/airflow/example_dags/example_nested_branch_dag.py
[2024-04-20T05:54:53.829+0000] {processor.py:768} INFO - DAG(s) dict_keys(['example_nested_branch_dag']) retrieved from /home/airflow/.local/lib/python3.7/site-packages/airflow/example_dags/example_nested_branch_dag.py
[2024-04-20T05:54:53.882+0000] {logging_mixin.py:117} INFO - [2024-04-20T05:54:53.882+0000] {dag.py:2573} INFO - Sync 1 DAGs
[2024-04-20T05:54:53.915+0000] {logging_mixin.py:117} INFO - [2024-04-20T05:54:53.915+0000] {dag.py:3328} INFO - Setting next_dagrun for example_nested_branch_dag to 2024-04-19T00:00:00+00:00, run_after=2024-04-20T00:00:00+00:00
[2024-04-20T05:54:53.940+0000] {processor.py:178} INFO - Processing /home/airflow/.local/lib/python3.7/site-packages/airflow/example_dags/example_nested_branch_dag.py took 0.146 seconds
[2024-04-20T05:55:24.319+0000] {processor.py:156} INFO - Started process (PID=11084) to work on /home/airflow/.local/lib/python3.7/site-packages/airflow/example_dags/example_nested_branch_dag.py
[2024-04-20T05:55:24.320+0000] {processor.py:758} INFO - Processing file /home/airflow/.local/lib/python3.7/site-packages/airflow/example_dags/example_nested_branch_dag.py for tasks to queue
[2024-04-20T05:55:24.321+0000] {logging_mixin.py:117} INFO - [2024-04-20T05:55:24.321+0000] {dagbag.py:525} INFO - Filling up the DagBag from /home/airflow/.local/lib/python3.7/site-packages/airflow/example_dags/example_nested_branch_dag.py
[2024-04-20T05:55:24.353+0000] {processor.py:768} INFO - DAG(s) dict_keys(['example_nested_branch_dag']) retrieved from /home/airflow/.local/lib/python3.7/site-packages/airflow/example_dags/example_nested_branch_dag.py
[2024-04-20T05:55:24.401+0000] {logging_mixin.py:117} INFO - [2024-04-20T05:55:24.400+0000] {dag.py:2573} INFO - Sync 1 DAGs
[2024-04-20T05:55:24.433+0000] {logging_mixin.py:117} INFO - [2024-04-20T05:55:24.433+0000] {dag.py:3328} INFO - Setting next_dagrun for example_nested_branch_dag to 2024-04-19T00:00:00+00:00, run_after=2024-04-20T00:00:00+00:00
[2024-04-20T05:55:24.456+0000] {processor.py:178} INFO - Processing /home/airflow/.local/lib/python3.7/site-packages/airflow/example_dags/example_nested_branch_dag.py took 0.140 seconds
[2024-04-20T05:56:43.063+0000] {processor.py:156} INFO - Started process (PID=305) to work on /home/airflow/.local/lib/python3.7/site-packages/airflow/example_dags/example_nested_branch_dag.py
[2024-04-20T05:56:43.066+0000] {processor.py:758} INFO - Processing file /home/airflow/.local/lib/python3.7/site-packages/airflow/example_dags/example_nested_branch_dag.py for tasks to queue
[2024-04-20T05:56:43.067+0000] {logging_mixin.py:117} INFO - [2024-04-20T05:56:43.067+0000] {dagbag.py:525} INFO - Filling up the DagBag from /home/airflow/.local/lib/python3.7/site-packages/airflow/example_dags/example_nested_branch_dag.py
[2024-04-20T05:56:43.257+0000] {processor.py:768} INFO - DAG(s) dict_keys(['example_nested_branch_dag']) retrieved from /home/airflow/.local/lib/python3.7/site-packages/airflow/example_dags/example_nested_branch_dag.py
[2024-04-20T05:56:43.412+0000] {logging_mixin.py:117} INFO - [2024-04-20T05:56:43.412+0000] {dag.py:2573} INFO - Sync 1 DAGs
[2024-04-20T05:56:43.505+0000] {logging_mixin.py:117} INFO - [2024-04-20T05:56:43.505+0000] {dag.py:3328} INFO - Setting next_dagrun for example_nested_branch_dag to 2024-04-19T00:00:00+00:00, run_after=2024-04-20T00:00:00+00:00
[2024-04-20T05:56:44.444+0000] {processor.py:178} INFO - Processing /home/airflow/.local/lib/python3.7/site-packages/airflow/example_dags/example_nested_branch_dag.py took 1.400 seconds
[2024-04-20T05:57:14.761+0000] {processor.py:156} INFO - Started process (PID=520) to work on /home/airflow/.local/lib/python3.7/site-packages/airflow/example_dags/example_nested_branch_dag.py
[2024-04-20T05:57:14.762+0000] {processor.py:758} INFO - Processing file /home/airflow/.local/lib/python3.7/site-packages/airflow/example_dags/example_nested_branch_dag.py for tasks to queue
[2024-04-20T05:57:14.762+0000] {logging_mixin.py:117} INFO - [2024-04-20T05:57:14.762+0000] {dagbag.py:525} INFO - Filling up the DagBag from /home/airflow/.local/lib/python3.7/site-packages/airflow/example_dags/example_nested_branch_dag.py
[2024-04-20T05:57:14.785+0000] {processor.py:768} INFO - DAG(s) dict_keys(['example_nested_branch_dag']) retrieved from /home/airflow/.local/lib/python3.7/site-packages/airflow/example_dags/example_nested_branch_dag.py
[2024-04-20T05:57:14.820+0000] {logging_mixin.py:117} INFO - [2024-04-20T05:57:14.819+0000] {dag.py:2573} INFO - Sync 1 DAGs
[2024-04-20T05:57:14.959+0000] {logging_mixin.py:117} INFO - [2024-04-20T05:57:14.958+0000] {dag.py:3328} INFO - Setting next_dagrun for example_nested_branch_dag to 2024-04-19T00:00:00+00:00, run_after=2024-04-20T00:00:00+00:00
[2024-04-20T05:57:14.979+0000] {processor.py:178} INFO - Processing /home/airflow/.local/lib/python3.7/site-packages/airflow/example_dags/example_nested_branch_dag.py took 0.220 seconds
[2024-04-20T05:57:45.351+0000] {processor.py:156} INFO - Started process (PID=739) to work on /home/airflow/.local/lib/python3.7/site-packages/airflow/example_dags/example_nested_branch_dag.py
[2024-04-20T05:57:45.352+0000] {processor.py:758} INFO - Processing file /home/airflow/.local/lib/python3.7/site-packages/airflow/example_dags/example_nested_branch_dag.py for tasks to queue
[2024-04-20T05:57:45.352+0000] {logging_mixin.py:117} INFO - [2024-04-20T05:57:45.352+0000] {dagbag.py:525} INFO - Filling up the DagBag from /home/airflow/.local/lib/python3.7/site-packages/airflow/example_dags/example_nested_branch_dag.py
[2024-04-20T05:57:45.401+0000] {processor.py:768} INFO - DAG(s) dict_keys(['example_nested_branch_dag']) retrieved from /home/airflow/.local/lib/python3.7/site-packages/airflow/example_dags/example_nested_branch_dag.py
[2024-04-20T05:57:45.502+0000] {logging_mixin.py:117} INFO - [2024-04-20T05:57:45.502+0000] {dag.py:2573} INFO - Sync 1 DAGs
[2024-04-20T05:57:45.694+0000] {logging_mixin.py:117} INFO - [2024-04-20T05:57:45.694+0000] {dag.py:3328} INFO - Setting next_dagrun for example_nested_branch_dag to 2024-04-19T00:00:00+00:00, run_after=2024-04-20T00:00:00+00:00
[2024-04-20T05:57:45.747+0000] {processor.py:178} INFO - Processing /home/airflow/.local/lib/python3.7/site-packages/airflow/example_dags/example_nested_branch_dag.py took 0.399 seconds
[2024-04-20T05:58:16.633+0000] {processor.py:156} INFO - Started process (PID=964) to work on /home/airflow/.local/lib/python3.7/site-packages/airflow/example_dags/example_nested_branch_dag.py
[2024-04-20T05:58:16.633+0000] {processor.py:758} INFO - Processing file /home/airflow/.local/lib/python3.7/site-packages/airflow/example_dags/example_nested_branch_dag.py for tasks to queue
[2024-04-20T05:58:16.634+0000] {logging_mixin.py:117} INFO - [2024-04-20T05:58:16.634+0000] {dagbag.py:525} INFO - Filling up the DagBag from /home/airflow/.local/lib/python3.7/site-packages/airflow/example_dags/example_nested_branch_dag.py
[2024-04-20T05:58:16.709+0000] {processor.py:768} INFO - DAG(s) dict_keys(['example_nested_branch_dag']) retrieved from /home/airflow/.local/lib/python3.7/site-packages/airflow/example_dags/example_nested_branch_dag.py
[2024-04-20T05:58:16.911+0000] {logging_mixin.py:117} INFO - [2024-04-20T05:58:16.911+0000] {dag.py:2573} INFO - Sync 1 DAGs
[2024-04-20T05:58:16.932+0000] {logging_mixin.py:117} INFO - [2024-04-20T05:58:16.932+0000] {dag.py:3328} INFO - Setting next_dagrun for example_nested_branch_dag to 2024-04-19T00:00:00+00:00, run_after=2024-04-20T00:00:00+00:00
[2024-04-20T05:58:16.951+0000] {processor.py:178} INFO - Processing /home/airflow/.local/lib/python3.7/site-packages/airflow/example_dags/example_nested_branch_dag.py took 0.323 seconds
[2024-04-20T05:58:47.396+0000] {processor.py:156} INFO - Started process (PID=1192) to work on /home/airflow/.local/lib/python3.7/site-packages/airflow/example_dags/example_nested_branch_dag.py
[2024-04-20T05:58:47.405+0000] {processor.py:758} INFO - Processing file /home/airflow/.local/lib/python3.7/site-packages/airflow/example_dags/example_nested_branch_dag.py for tasks to queue
[2024-04-20T05:58:47.406+0000] {logging_mixin.py:117} INFO - [2024-04-20T05:58:47.406+0000] {dagbag.py:525} INFO - Filling up the DagBag from /home/airflow/.local/lib/python3.7/site-packages/airflow/example_dags/example_nested_branch_dag.py
[2024-04-20T05:58:47.503+0000] {processor.py:768} INFO - DAG(s) dict_keys(['example_nested_branch_dag']) retrieved from /home/airflow/.local/lib/python3.7/site-packages/airflow/example_dags/example_nested_branch_dag.py
[2024-04-20T05:58:47.894+0000] {logging_mixin.py:117} INFO - [2024-04-20T05:58:47.894+0000] {dag.py:2573} INFO - Sync 1 DAGs
[2024-04-20T05:58:47.932+0000] {logging_mixin.py:117} INFO - [2024-04-20T05:58:47.931+0000] {dag.py:3328} INFO - Setting next_dagrun for example_nested_branch_dag to 2024-04-19T00:00:00+00:00, run_after=2024-04-20T00:00:00+00:00
[2024-04-20T05:58:47.967+0000] {processor.py:178} INFO - Processing /home/airflow/.local/lib/python3.7/site-packages/airflow/example_dags/example_nested_branch_dag.py took 0.583 seconds
[2024-04-20T05:59:18.150+0000] {processor.py:156} INFO - Started process (PID=1411) to work on /home/airflow/.local/lib/python3.7/site-packages/airflow/example_dags/example_nested_branch_dag.py
[2024-04-20T05:59:18.151+0000] {processor.py:758} INFO - Processing file /home/airflow/.local/lib/python3.7/site-packages/airflow/example_dags/example_nested_branch_dag.py for tasks to queue
[2024-04-20T05:59:18.151+0000] {logging_mixin.py:117} INFO - [2024-04-20T05:59:18.151+0000] {dagbag.py:525} INFO - Filling up the DagBag from /home/airflow/.local/lib/python3.7/site-packages/airflow/example_dags/example_nested_branch_dag.py
[2024-04-20T05:59:18.629+0000] {processor.py:768} INFO - DAG(s) dict_keys(['example_nested_branch_dag']) retrieved from /home/airflow/.local/lib/python3.7/site-packages/airflow/example_dags/example_nested_branch_dag.py
[2024-04-20T05:59:18.692+0000] {logging_mixin.py:117} INFO - [2024-04-20T05:59:18.692+0000] {dag.py:2573} INFO - Sync 1 DAGs
[2024-04-20T05:59:18.749+0000] {logging_mixin.py:117} INFO - [2024-04-20T05:59:18.749+0000] {dag.py:3328} INFO - Setting next_dagrun for example_nested_branch_dag to 2024-04-19T00:00:00+00:00, run_after=2024-04-20T00:00:00+00:00
[2024-04-20T05:59:18.780+0000] {processor.py:178} INFO - Processing /home/airflow/.local/lib/python3.7/site-packages/airflow/example_dags/example_nested_branch_dag.py took 0.633 seconds
[2024-04-20T05:59:48.848+0000] {processor.py:156} INFO - Started process (PID=1638) to work on /home/airflow/.local/lib/python3.7/site-packages/airflow/example_dags/example_nested_branch_dag.py
[2024-04-20T05:59:48.849+0000] {processor.py:758} INFO - Processing file /home/airflow/.local/lib/python3.7/site-packages/airflow/example_dags/example_nested_branch_dag.py for tasks to queue
[2024-04-20T05:59:48.849+0000] {logging_mixin.py:117} INFO - [2024-04-20T05:59:48.849+0000] {dagbag.py:525} INFO - Filling up the DagBag from /home/airflow/.local/lib/python3.7/site-packages/airflow/example_dags/example_nested_branch_dag.py
[2024-04-20T05:59:48.870+0000] {processor.py:768} INFO - DAG(s) dict_keys(['example_nested_branch_dag']) retrieved from /home/airflow/.local/lib/python3.7/site-packages/airflow/example_dags/example_nested_branch_dag.py
[2024-04-20T05:59:48.904+0000] {logging_mixin.py:117} INFO - [2024-04-20T05:59:48.904+0000] {dag.py:2573} INFO - Sync 1 DAGs
[2024-04-20T05:59:48.925+0000] {logging_mixin.py:117} INFO - [2024-04-20T05:59:48.925+0000] {dag.py:3328} INFO - Setting next_dagrun for example_nested_branch_dag to 2024-04-19T00:00:00+00:00, run_after=2024-04-20T00:00:00+00:00
[2024-04-20T05:59:48.946+0000] {processor.py:178} INFO - Processing /home/airflow/.local/lib/python3.7/site-packages/airflow/example_dags/example_nested_branch_dag.py took 0.100 seconds
[2024-04-20T06:00:19.516+0000] {processor.py:156} INFO - Started process (PID=1865) to work on /home/airflow/.local/lib/python3.7/site-packages/airflow/example_dags/example_nested_branch_dag.py
[2024-04-20T06:00:19.517+0000] {processor.py:758} INFO - Processing file /home/airflow/.local/lib/python3.7/site-packages/airflow/example_dags/example_nested_branch_dag.py for tasks to queue
[2024-04-20T06:00:19.518+0000] {logging_mixin.py:117} INFO - [2024-04-20T06:00:19.518+0000] {dagbag.py:525} INFO - Filling up the DagBag from /home/airflow/.local/lib/python3.7/site-packages/airflow/example_dags/example_nested_branch_dag.py
[2024-04-20T06:00:19.549+0000] {processor.py:768} INFO - DAG(s) dict_keys(['example_nested_branch_dag']) retrieved from /home/airflow/.local/lib/python3.7/site-packages/airflow/example_dags/example_nested_branch_dag.py
[2024-04-20T06:00:19.599+0000] {logging_mixin.py:117} INFO - [2024-04-20T06:00:19.599+0000] {dag.py:2573} INFO - Sync 1 DAGs
[2024-04-20T06:00:19.633+0000] {logging_mixin.py:117} INFO - [2024-04-20T06:00:19.632+0000] {dag.py:3328} INFO - Setting next_dagrun for example_nested_branch_dag to 2024-04-19T00:00:00+00:00, run_after=2024-04-20T00:00:00+00:00
[2024-04-20T06:00:19.659+0000] {processor.py:178} INFO - Processing /home/airflow/.local/lib/python3.7/site-packages/airflow/example_dags/example_nested_branch_dag.py took 0.146 seconds
[2024-04-20T06:00:50.293+0000] {processor.py:156} INFO - Started process (PID=2083) to work on /home/airflow/.local/lib/python3.7/site-packages/airflow/example_dags/example_nested_branch_dag.py
[2024-04-20T06:00:50.294+0000] {processor.py:758} INFO - Processing file /home/airflow/.local/lib/python3.7/site-packages/airflow/example_dags/example_nested_branch_dag.py for tasks to queue
[2024-04-20T06:00:50.294+0000] {logging_mixin.py:117} INFO - [2024-04-20T06:00:50.294+0000] {dagbag.py:525} INFO - Filling up the DagBag from /home/airflow/.local/lib/python3.7/site-packages/airflow/example_dags/example_nested_branch_dag.py
[2024-04-20T06:00:50.327+0000] {processor.py:768} INFO - DAG(s) dict_keys(['example_nested_branch_dag']) retrieved from /home/airflow/.local/lib/python3.7/site-packages/airflow/example_dags/example_nested_branch_dag.py
[2024-04-20T06:00:50.372+0000] {logging_mixin.py:117} INFO - [2024-04-20T06:00:50.372+0000] {dag.py:2573} INFO - Sync 1 DAGs
[2024-04-20T06:00:50.393+0000] {logging_mixin.py:117} INFO - [2024-04-20T06:00:50.393+0000] {dag.py:3328} INFO - Setting next_dagrun for example_nested_branch_dag to 2024-04-19T00:00:00+00:00, run_after=2024-04-20T00:00:00+00:00
[2024-04-20T06:00:50.414+0000] {processor.py:178} INFO - Processing /home/airflow/.local/lib/python3.7/site-packages/airflow/example_dags/example_nested_branch_dag.py took 0.125 seconds
[2024-04-20T06:01:20.765+0000] {processor.py:156} INFO - Started process (PID=2310) to work on /home/airflow/.local/lib/python3.7/site-packages/airflow/example_dags/example_nested_branch_dag.py
[2024-04-20T06:01:20.765+0000] {processor.py:758} INFO - Processing file /home/airflow/.local/lib/python3.7/site-packages/airflow/example_dags/example_nested_branch_dag.py for tasks to queue
[2024-04-20T06:01:20.766+0000] {logging_mixin.py:117} INFO - [2024-04-20T06:01:20.766+0000] {dagbag.py:525} INFO - Filling up the DagBag from /home/airflow/.local/lib/python3.7/site-packages/airflow/example_dags/example_nested_branch_dag.py
[2024-04-20T06:01:20.790+0000] {processor.py:768} INFO - DAG(s) dict_keys(['example_nested_branch_dag']) retrieved from /home/airflow/.local/lib/python3.7/site-packages/airflow/example_dags/example_nested_branch_dag.py
[2024-04-20T06:01:20.825+0000] {logging_mixin.py:117} INFO - [2024-04-20T06:01:20.824+0000] {dag.py:2573} INFO - Sync 1 DAGs
[2024-04-20T06:01:20.848+0000] {logging_mixin.py:117} INFO - [2024-04-20T06:01:20.847+0000] {dag.py:3328} INFO - Setting next_dagrun for example_nested_branch_dag to 2024-04-19T00:00:00+00:00, run_after=2024-04-20T00:00:00+00:00
[2024-04-20T06:01:20.868+0000] {processor.py:178} INFO - Processing /home/airflow/.local/lib/python3.7/site-packages/airflow/example_dags/example_nested_branch_dag.py took 0.107 seconds
[2024-04-20T06:01:51.552+0000] {processor.py:156} INFO - Started process (PID=2529) to work on /home/airflow/.local/lib/python3.7/site-packages/airflow/example_dags/example_nested_branch_dag.py
[2024-04-20T06:01:51.553+0000] {processor.py:758} INFO - Processing file /home/airflow/.local/lib/python3.7/site-packages/airflow/example_dags/example_nested_branch_dag.py for tasks to queue
[2024-04-20T06:01:51.554+0000] {logging_mixin.py:117} INFO - [2024-04-20T06:01:51.553+0000] {dagbag.py:525} INFO - Filling up the DagBag from /home/airflow/.local/lib/python3.7/site-packages/airflow/example_dags/example_nested_branch_dag.py
[2024-04-20T06:01:51.595+0000] {processor.py:768} INFO - DAG(s) dict_keys(['example_nested_branch_dag']) retrieved from /home/airflow/.local/lib/python3.7/site-packages/airflow/example_dags/example_nested_branch_dag.py
[2024-04-20T06:01:51.648+0000] {logging_mixin.py:117} INFO - [2024-04-20T06:01:51.648+0000] {dag.py:2573} INFO - Sync 1 DAGs
[2024-04-20T06:01:51.682+0000] {logging_mixin.py:117} INFO - [2024-04-20T06:01:51.682+0000] {dag.py:3328} INFO - Setting next_dagrun for example_nested_branch_dag to 2024-04-19T00:00:00+00:00, run_after=2024-04-20T00:00:00+00:00
[2024-04-20T06:01:51.707+0000] {processor.py:178} INFO - Processing /home/airflow/.local/lib/python3.7/site-packages/airflow/example_dags/example_nested_branch_dag.py took 0.160 seconds
[2024-04-20T06:02:22.458+0000] {processor.py:156} INFO - Started process (PID=2757) to work on /home/airflow/.local/lib/python3.7/site-packages/airflow/example_dags/example_nested_branch_dag.py
[2024-04-20T06:02:22.458+0000] {processor.py:758} INFO - Processing file /home/airflow/.local/lib/python3.7/site-packages/airflow/example_dags/example_nested_branch_dag.py for tasks to queue
[2024-04-20T06:02:22.459+0000] {logging_mixin.py:117} INFO - [2024-04-20T06:02:22.459+0000] {dagbag.py:525} INFO - Filling up the DagBag from /home/airflow/.local/lib/python3.7/site-packages/airflow/example_dags/example_nested_branch_dag.py
[2024-04-20T06:02:22.482+0000] {processor.py:768} INFO - DAG(s) dict_keys(['example_nested_branch_dag']) retrieved from /home/airflow/.local/lib/python3.7/site-packages/airflow/example_dags/example_nested_branch_dag.py
[2024-04-20T06:02:22.517+0000] {logging_mixin.py:117} INFO - [2024-04-20T06:02:22.517+0000] {dag.py:2573} INFO - Sync 1 DAGs
[2024-04-20T06:02:22.539+0000] {logging_mixin.py:117} INFO - [2024-04-20T06:02:22.539+0000] {dag.py:3328} INFO - Setting next_dagrun for example_nested_branch_dag to 2024-04-19T00:00:00+00:00, run_after=2024-04-20T00:00:00+00:00
[2024-04-20T06:02:22.559+0000] {processor.py:178} INFO - Processing /home/airflow/.local/lib/python3.7/site-packages/airflow/example_dags/example_nested_branch_dag.py took 0.104 seconds
[2024-04-20T06:02:53.374+0000] {processor.py:156} INFO - Started process (PID=2985) to work on /home/airflow/.local/lib/python3.7/site-packages/airflow/example_dags/example_nested_branch_dag.py
[2024-04-20T06:02:53.375+0000] {processor.py:758} INFO - Processing file /home/airflow/.local/lib/python3.7/site-packages/airflow/example_dags/example_nested_branch_dag.py for tasks to queue
[2024-04-20T06:02:53.375+0000] {logging_mixin.py:117} INFO - [2024-04-20T06:02:53.375+0000] {dagbag.py:525} INFO - Filling up the DagBag from /home/airflow/.local/lib/python3.7/site-packages/airflow/example_dags/example_nested_branch_dag.py
[2024-04-20T06:02:53.397+0000] {processor.py:768} INFO - DAG(s) dict_keys(['example_nested_branch_dag']) retrieved from /home/airflow/.local/lib/python3.7/site-packages/airflow/example_dags/example_nested_branch_dag.py
[2024-04-20T06:02:53.431+0000] {logging_mixin.py:117} INFO - [2024-04-20T06:02:53.431+0000] {dag.py:2573} INFO - Sync 1 DAGs
[2024-04-20T06:02:53.454+0000] {logging_mixin.py:117} INFO - [2024-04-20T06:02:53.453+0000] {dag.py:3328} INFO - Setting next_dagrun for example_nested_branch_dag to 2024-04-19T00:00:00+00:00, run_after=2024-04-20T00:00:00+00:00
[2024-04-20T06:02:53.473+0000] {processor.py:178} INFO - Processing /home/airflow/.local/lib/python3.7/site-packages/airflow/example_dags/example_nested_branch_dag.py took 0.101 seconds
[2024-04-20T06:03:24.147+0000] {processor.py:156} INFO - Started process (PID=3200) to work on /home/airflow/.local/lib/python3.7/site-packages/airflow/example_dags/example_nested_branch_dag.py
[2024-04-20T06:03:24.162+0000] {processor.py:758} INFO - Processing file /home/airflow/.local/lib/python3.7/site-packages/airflow/example_dags/example_nested_branch_dag.py for tasks to queue
[2024-04-20T06:03:24.163+0000] {logging_mixin.py:117} INFO - [2024-04-20T06:03:24.163+0000] {dagbag.py:525} INFO - Filling up the DagBag from /home/airflow/.local/lib/python3.7/site-packages/airflow/example_dags/example_nested_branch_dag.py
[2024-04-20T06:03:24.257+0000] {processor.py:768} INFO - DAG(s) dict_keys(['example_nested_branch_dag']) retrieved from /home/airflow/.local/lib/python3.7/site-packages/airflow/example_dags/example_nested_branch_dag.py
[2024-04-20T06:03:24.390+0000] {logging_mixin.py:117} INFO - [2024-04-20T06:03:24.390+0000] {dag.py:2573} INFO - Sync 1 DAGs
[2024-04-20T06:03:24.447+0000] {logging_mixin.py:117} INFO - [2024-04-20T06:03:24.447+0000] {dag.py:3328} INFO - Setting next_dagrun for example_nested_branch_dag to 2024-04-19T00:00:00+00:00, run_after=2024-04-20T00:00:00+00:00
[2024-04-20T06:03:24.471+0000] {processor.py:178} INFO - Processing /home/airflow/.local/lib/python3.7/site-packages/airflow/example_dags/example_nested_branch_dag.py took 0.338 seconds
