[2024-04-20T05:31:43.606+0000] {processor.py:156} INFO - Started process (PID=235) to work on /home/airflow/.local/lib/python3.7/site-packages/airflow/example_dags/example_skip_dag.py
[2024-04-20T05:31:43.609+0000] {processor.py:758} INFO - Processing file /home/airflow/.local/lib/python3.7/site-packages/airflow/example_dags/example_skip_dag.py for tasks to queue
[2024-04-20T05:31:43.610+0000] {logging_mixin.py:117} INFO - [2024-04-20T05:31:43.610+0000] {dagbag.py:525} INFO - Filling up the DagBag from /home/airflow/.local/lib/python3.7/site-packages/airflow/example_dags/example_skip_dag.py
[2024-04-20T05:31:43.699+0000] {processor.py:768} INFO - DAG(s) dict_keys(['example_skip_dag']) retrieved from /home/airflow/.local/lib/python3.7/site-packages/airflow/example_dags/example_skip_dag.py
[2024-04-20T05:31:45.246+0000] {logging_mixin.py:117} INFO - [2024-04-20T05:31:45.246+0000] {manager.py:507} INFO - Created Permission View: can delete on DAG:example_skip_dag
[2024-04-20T05:31:45.276+0000] {logging_mixin.py:117} INFO - [2024-04-20T05:31:45.275+0000] {manager.py:507} INFO - Created Permission View: can edit on DAG:example_skip_dag
[2024-04-20T05:31:45.306+0000] {logging_mixin.py:117} INFO - [2024-04-20T05:31:45.306+0000] {manager.py:507} INFO - Created Permission View: can read on DAG:example_skip_dag
[2024-04-20T05:31:45.307+0000] {logging_mixin.py:117} INFO - [2024-04-20T05:31:45.307+0000] {dag.py:2573} INFO - Sync 1 DAGs
[2024-04-20T05:31:45.348+0000] {logging_mixin.py:117} INFO - [2024-04-20T05:31:45.348+0000] {dag.py:2594} INFO - Creating ORM DAG for example_skip_dag
[2024-04-20T05:31:45.425+0000] {logging_mixin.py:117} INFO - [2024-04-20T05:31:45.425+0000] {dag.py:3328} INFO - Setting next_dagrun for example_skip_dag to 2024-04-19T05:31:45.425044+00:00, run_after=2024-04-20T05:31:45.425044+00:00
[2024-04-20T05:31:45.561+0000] {processor.py:178} INFO - Processing /home/airflow/.local/lib/python3.7/site-packages/airflow/example_dags/example_skip_dag.py took 1.967 seconds
[2024-04-20T05:32:16.066+0000] {processor.py:156} INFO - Started process (PID=441) to work on /home/airflow/.local/lib/python3.7/site-packages/airflow/example_dags/example_skip_dag.py
[2024-04-20T05:32:16.067+0000] {processor.py:758} INFO - Processing file /home/airflow/.local/lib/python3.7/site-packages/airflow/example_dags/example_skip_dag.py for tasks to queue
[2024-04-20T05:32:16.067+0000] {logging_mixin.py:117} INFO - [2024-04-20T05:32:16.067+0000] {dagbag.py:525} INFO - Filling up the DagBag from /home/airflow/.local/lib/python3.7/site-packages/airflow/example_dags/example_skip_dag.py
[2024-04-20T05:32:16.081+0000] {processor.py:768} INFO - DAG(s) dict_keys(['example_skip_dag']) retrieved from /home/airflow/.local/lib/python3.7/site-packages/airflow/example_dags/example_skip_dag.py
[2024-04-20T05:32:16.114+0000] {logging_mixin.py:117} INFO - [2024-04-20T05:32:16.114+0000] {dag.py:2573} INFO - Sync 1 DAGs
[2024-04-20T05:32:16.134+0000] {logging_mixin.py:117} INFO - [2024-04-20T05:32:16.134+0000] {dag.py:3328} INFO - Setting next_dagrun for example_skip_dag to 2024-04-19T05:32:16.134385+00:00, run_after=2024-04-20T05:32:16.134385+00:00
[2024-04-20T05:32:16.155+0000] {processor.py:178} INFO - Processing /home/airflow/.local/lib/python3.7/site-packages/airflow/example_dags/example_skip_dag.py took 0.091 seconds
[2024-04-20T05:32:46.406+0000] {processor.py:156} INFO - Started process (PID=667) to work on /home/airflow/.local/lib/python3.7/site-packages/airflow/example_dags/example_skip_dag.py
[2024-04-20T05:32:46.407+0000] {processor.py:758} INFO - Processing file /home/airflow/.local/lib/python3.7/site-packages/airflow/example_dags/example_skip_dag.py for tasks to queue
[2024-04-20T05:32:46.407+0000] {logging_mixin.py:117} INFO - [2024-04-20T05:32:46.407+0000] {dagbag.py:525} INFO - Filling up the DagBag from /home/airflow/.local/lib/python3.7/site-packages/airflow/example_dags/example_skip_dag.py
[2024-04-20T05:32:46.419+0000] {processor.py:768} INFO - DAG(s) dict_keys(['example_skip_dag']) retrieved from /home/airflow/.local/lib/python3.7/site-packages/airflow/example_dags/example_skip_dag.py
[2024-04-20T05:32:46.454+0000] {logging_mixin.py:117} INFO - [2024-04-20T05:32:46.454+0000] {dag.py:2573} INFO - Sync 1 DAGs
[2024-04-20T05:32:46.609+0000] {logging_mixin.py:117} INFO - [2024-04-20T05:32:46.609+0000] {dag.py:3328} INFO - Setting next_dagrun for example_skip_dag to 2024-04-19T05:32:46.608943+00:00, run_after=2024-04-20T05:32:46.608943+00:00
[2024-04-20T05:32:46.629+0000] {processor.py:178} INFO - Processing /home/airflow/.local/lib/python3.7/site-packages/airflow/example_dags/example_skip_dag.py took 0.225 seconds
[2024-04-20T05:33:16.873+0000] {processor.py:156} INFO - Started process (PID=891) to work on /home/airflow/.local/lib/python3.7/site-packages/airflow/example_dags/example_skip_dag.py
[2024-04-20T05:33:16.878+0000] {processor.py:758} INFO - Processing file /home/airflow/.local/lib/python3.7/site-packages/airflow/example_dags/example_skip_dag.py for tasks to queue
[2024-04-20T05:33:16.879+0000] {logging_mixin.py:117} INFO - [2024-04-20T05:33:16.879+0000] {dagbag.py:525} INFO - Filling up the DagBag from /home/airflow/.local/lib/python3.7/site-packages/airflow/example_dags/example_skip_dag.py
[2024-04-20T05:33:16.914+0000] {processor.py:768} INFO - DAG(s) dict_keys(['example_skip_dag']) retrieved from /home/airflow/.local/lib/python3.7/site-packages/airflow/example_dags/example_skip_dag.py
[2024-04-20T05:33:17.060+0000] {logging_mixin.py:117} INFO - [2024-04-20T05:33:17.059+0000] {dag.py:2573} INFO - Sync 1 DAGs
[2024-04-20T05:33:17.270+0000] {logging_mixin.py:117} INFO - [2024-04-20T05:33:17.270+0000] {dag.py:3328} INFO - Setting next_dagrun for example_skip_dag to 2024-04-19T05:33:17.269874+00:00, run_after=2024-04-20T05:33:17.269874+00:00
[2024-04-20T05:33:17.294+0000] {processor.py:178} INFO - Processing /home/airflow/.local/lib/python3.7/site-packages/airflow/example_dags/example_skip_dag.py took 0.425 seconds
[2024-04-20T05:33:47.425+0000] {processor.py:156} INFO - Started process (PID=1099) to work on /home/airflow/.local/lib/python3.7/site-packages/airflow/example_dags/example_skip_dag.py
[2024-04-20T05:33:47.426+0000] {processor.py:758} INFO - Processing file /home/airflow/.local/lib/python3.7/site-packages/airflow/example_dags/example_skip_dag.py for tasks to queue
[2024-04-20T05:33:47.427+0000] {logging_mixin.py:117} INFO - [2024-04-20T05:33:47.426+0000] {dagbag.py:525} INFO - Filling up the DagBag from /home/airflow/.local/lib/python3.7/site-packages/airflow/example_dags/example_skip_dag.py
[2024-04-20T05:33:47.438+0000] {processor.py:768} INFO - DAG(s) dict_keys(['example_skip_dag']) retrieved from /home/airflow/.local/lib/python3.7/site-packages/airflow/example_dags/example_skip_dag.py
[2024-04-20T05:33:47.623+0000] {logging_mixin.py:117} INFO - [2024-04-20T05:33:47.623+0000] {dag.py:2573} INFO - Sync 1 DAGs
[2024-04-20T05:33:47.650+0000] {logging_mixin.py:117} INFO - [2024-04-20T05:33:47.650+0000] {dag.py:3328} INFO - Setting next_dagrun for example_skip_dag to 2024-04-19T05:33:47.649750+00:00, run_after=2024-04-20T05:33:47.649750+00:00
[2024-04-20T05:33:47.682+0000] {processor.py:178} INFO - Processing /home/airflow/.local/lib/python3.7/site-packages/airflow/example_dags/example_skip_dag.py took 0.259 seconds
[2024-04-20T05:34:18.247+0000] {processor.py:156} INFO - Started process (PID=1317) to work on /home/airflow/.local/lib/python3.7/site-packages/airflow/example_dags/example_skip_dag.py
[2024-04-20T05:34:18.247+0000] {processor.py:758} INFO - Processing file /home/airflow/.local/lib/python3.7/site-packages/airflow/example_dags/example_skip_dag.py for tasks to queue
[2024-04-20T05:34:18.248+0000] {logging_mixin.py:117} INFO - [2024-04-20T05:34:18.248+0000] {dagbag.py:525} INFO - Filling up the DagBag from /home/airflow/.local/lib/python3.7/site-packages/airflow/example_dags/example_skip_dag.py
[2024-04-20T05:34:18.274+0000] {processor.py:768} INFO - DAG(s) dict_keys(['example_skip_dag']) retrieved from /home/airflow/.local/lib/python3.7/site-packages/airflow/example_dags/example_skip_dag.py
[2024-04-20T05:34:18.585+0000] {logging_mixin.py:117} INFO - [2024-04-20T05:34:18.585+0000] {dag.py:2573} INFO - Sync 1 DAGs
[2024-04-20T05:34:18.615+0000] {logging_mixin.py:117} INFO - [2024-04-20T05:34:18.614+0000] {dag.py:3328} INFO - Setting next_dagrun for example_skip_dag to 2024-04-19T05:34:18.614673+00:00, run_after=2024-04-20T05:34:18.614673+00:00
[2024-04-20T05:34:18.655+0000] {processor.py:178} INFO - Processing /home/airflow/.local/lib/python3.7/site-packages/airflow/example_dags/example_skip_dag.py took 0.412 seconds
[2024-04-20T05:34:49.127+0000] {processor.py:156} INFO - Started process (PID=1526) to work on /home/airflow/.local/lib/python3.7/site-packages/airflow/example_dags/example_skip_dag.py
[2024-04-20T05:34:49.127+0000] {processor.py:758} INFO - Processing file /home/airflow/.local/lib/python3.7/site-packages/airflow/example_dags/example_skip_dag.py for tasks to queue
[2024-04-20T05:34:49.128+0000] {logging_mixin.py:117} INFO - [2024-04-20T05:34:49.128+0000] {dagbag.py:525} INFO - Filling up the DagBag from /home/airflow/.local/lib/python3.7/site-packages/airflow/example_dags/example_skip_dag.py
[2024-04-20T05:34:49.282+0000] {processor.py:768} INFO - DAG(s) dict_keys(['example_skip_dag']) retrieved from /home/airflow/.local/lib/python3.7/site-packages/airflow/example_dags/example_skip_dag.py
[2024-04-20T05:34:49.329+0000] {logging_mixin.py:117} INFO - [2024-04-20T05:34:49.329+0000] {dag.py:2573} INFO - Sync 1 DAGs
[2024-04-20T05:34:49.361+0000] {logging_mixin.py:117} INFO - [2024-04-20T05:34:49.361+0000] {dag.py:3328} INFO - Setting next_dagrun for example_skip_dag to 2024-04-19T05:34:49.361379+00:00, run_after=2024-04-20T05:34:49.361379+00:00
[2024-04-20T05:34:49.388+0000] {processor.py:178} INFO - Processing /home/airflow/.local/lib/python3.7/site-packages/airflow/example_dags/example_skip_dag.py took 0.264 seconds
[2024-04-20T05:35:19.852+0000] {processor.py:156} INFO - Started process (PID=1743) to work on /home/airflow/.local/lib/python3.7/site-packages/airflow/example_dags/example_skip_dag.py
[2024-04-20T05:35:19.853+0000] {processor.py:758} INFO - Processing file /home/airflow/.local/lib/python3.7/site-packages/airflow/example_dags/example_skip_dag.py for tasks to queue
[2024-04-20T05:35:19.853+0000] {logging_mixin.py:117} INFO - [2024-04-20T05:35:19.853+0000] {dagbag.py:525} INFO - Filling up the DagBag from /home/airflow/.local/lib/python3.7/site-packages/airflow/example_dags/example_skip_dag.py
[2024-04-20T05:35:19.908+0000] {processor.py:768} INFO - DAG(s) dict_keys(['example_skip_dag']) retrieved from /home/airflow/.local/lib/python3.7/site-packages/airflow/example_dags/example_skip_dag.py
[2024-04-20T05:35:20.018+0000] {logging_mixin.py:117} INFO - [2024-04-20T05:35:20.017+0000] {dag.py:2573} INFO - Sync 1 DAGs
[2024-04-20T05:35:20.092+0000] {logging_mixin.py:117} INFO - [2024-04-20T05:35:20.092+0000] {dag.py:3328} INFO - Setting next_dagrun for example_skip_dag to 2024-04-19T05:35:20.092357+00:00, run_after=2024-04-20T05:35:20.092357+00:00
[2024-04-20T05:35:20.126+0000] {processor.py:178} INFO - Processing /home/airflow/.local/lib/python3.7/site-packages/airflow/example_dags/example_skip_dag.py took 0.281 seconds
[2024-04-20T05:35:50.471+0000] {processor.py:156} INFO - Started process (PID=1952) to work on /home/airflow/.local/lib/python3.7/site-packages/airflow/example_dags/example_skip_dag.py
[2024-04-20T05:35:50.471+0000] {processor.py:758} INFO - Processing file /home/airflow/.local/lib/python3.7/site-packages/airflow/example_dags/example_skip_dag.py for tasks to queue
[2024-04-20T05:35:50.472+0000] {logging_mixin.py:117} INFO - [2024-04-20T05:35:50.472+0000] {dagbag.py:525} INFO - Filling up the DagBag from /home/airflow/.local/lib/python3.7/site-packages/airflow/example_dags/example_skip_dag.py
[2024-04-20T05:35:50.485+0000] {processor.py:768} INFO - DAG(s) dict_keys(['example_skip_dag']) retrieved from /home/airflow/.local/lib/python3.7/site-packages/airflow/example_dags/example_skip_dag.py
[2024-04-20T05:35:50.524+0000] {logging_mixin.py:117} INFO - [2024-04-20T05:35:50.524+0000] {dag.py:2573} INFO - Sync 1 DAGs
[2024-04-20T05:35:50.548+0000] {logging_mixin.py:117} INFO - [2024-04-20T05:35:50.548+0000] {dag.py:3328} INFO - Setting next_dagrun for example_skip_dag to 2024-04-19T05:35:50.546966+00:00, run_after=2024-04-20T05:35:50.546966+00:00
[2024-04-20T05:35:50.583+0000] {processor.py:178} INFO - Processing /home/airflow/.local/lib/python3.7/site-packages/airflow/example_dags/example_skip_dag.py took 0.116 seconds
[2024-04-20T05:36:20.705+0000] {processor.py:156} INFO - Started process (PID=2166) to work on /home/airflow/.local/lib/python3.7/site-packages/airflow/example_dags/example_skip_dag.py
[2024-04-20T05:36:20.705+0000] {processor.py:758} INFO - Processing file /home/airflow/.local/lib/python3.7/site-packages/airflow/example_dags/example_skip_dag.py for tasks to queue
[2024-04-20T05:36:20.706+0000] {logging_mixin.py:117} INFO - [2024-04-20T05:36:20.706+0000] {dagbag.py:525} INFO - Filling up the DagBag from /home/airflow/.local/lib/python3.7/site-packages/airflow/example_dags/example_skip_dag.py
[2024-04-20T05:36:20.721+0000] {processor.py:768} INFO - DAG(s) dict_keys(['example_skip_dag']) retrieved from /home/airflow/.local/lib/python3.7/site-packages/airflow/example_dags/example_skip_dag.py
[2024-04-20T05:36:20.756+0000] {logging_mixin.py:117} INFO - [2024-04-20T05:36:20.756+0000] {dag.py:2573} INFO - Sync 1 DAGs
[2024-04-20T05:36:20.776+0000] {logging_mixin.py:117} INFO - [2024-04-20T05:36:20.776+0000] {dag.py:3328} INFO - Setting next_dagrun for example_skip_dag to 2024-04-19T05:36:20.776622+00:00, run_after=2024-04-20T05:36:20.776622+00:00
[2024-04-20T05:36:20.797+0000] {processor.py:178} INFO - Processing /home/airflow/.local/lib/python3.7/site-packages/airflow/example_dags/example_skip_dag.py took 0.095 seconds
[2024-04-20T05:36:51.874+0000] {processor.py:156} INFO - Started process (PID=2409) to work on /home/airflow/.local/lib/python3.7/site-packages/airflow/example_dags/example_skip_dag.py
[2024-04-20T05:36:51.874+0000] {processor.py:758} INFO - Processing file /home/airflow/.local/lib/python3.7/site-packages/airflow/example_dags/example_skip_dag.py for tasks to queue
[2024-04-20T05:36:51.875+0000] {logging_mixin.py:117} INFO - [2024-04-20T05:36:51.875+0000] {dagbag.py:525} INFO - Filling up the DagBag from /home/airflow/.local/lib/python3.7/site-packages/airflow/example_dags/example_skip_dag.py
[2024-04-20T05:36:51.905+0000] {processor.py:768} INFO - DAG(s) dict_keys(['example_skip_dag']) retrieved from /home/airflow/.local/lib/python3.7/site-packages/airflow/example_dags/example_skip_dag.py
[2024-04-20T05:36:51.982+0000] {logging_mixin.py:117} INFO - [2024-04-20T05:36:51.982+0000] {dag.py:2573} INFO - Sync 1 DAGs
[2024-04-20T05:36:52.088+0000] {logging_mixin.py:117} INFO - [2024-04-20T05:36:52.088+0000] {dag.py:3328} INFO - Setting next_dagrun for example_skip_dag to 2024-04-19T05:36:52.088158+00:00, run_after=2024-04-20T05:36:52.088158+00:00
[2024-04-20T05:36:52.213+0000] {processor.py:178} INFO - Processing /home/airflow/.local/lib/python3.7/site-packages/airflow/example_dags/example_skip_dag.py took 0.342 seconds
[2024-04-20T05:37:22.518+0000] {processor.py:156} INFO - Started process (PID=2692) to work on /home/airflow/.local/lib/python3.7/site-packages/airflow/example_dags/example_skip_dag.py
[2024-04-20T05:37:22.519+0000] {processor.py:758} INFO - Processing file /home/airflow/.local/lib/python3.7/site-packages/airflow/example_dags/example_skip_dag.py for tasks to queue
[2024-04-20T05:37:22.519+0000] {logging_mixin.py:117} INFO - [2024-04-20T05:37:22.519+0000] {dagbag.py:525} INFO - Filling up the DagBag from /home/airflow/.local/lib/python3.7/site-packages/airflow/example_dags/example_skip_dag.py
[2024-04-20T05:37:22.538+0000] {processor.py:768} INFO - DAG(s) dict_keys(['example_skip_dag']) retrieved from /home/airflow/.local/lib/python3.7/site-packages/airflow/example_dags/example_skip_dag.py
[2024-04-20T05:37:22.587+0000] {logging_mixin.py:117} INFO - [2024-04-20T05:37:22.587+0000] {dag.py:2573} INFO - Sync 1 DAGs
[2024-04-20T05:37:22.625+0000] {logging_mixin.py:117} INFO - [2024-04-20T05:37:22.625+0000] {dag.py:3328} INFO - Setting next_dagrun for example_skip_dag to 2024-04-19T05:37:22.624744+00:00, run_after=2024-04-20T05:37:22.624744+00:00
[2024-04-20T05:37:22.693+0000] {processor.py:178} INFO - Processing /home/airflow/.local/lib/python3.7/site-packages/airflow/example_dags/example_skip_dag.py took 0.178 seconds
[2024-04-20T05:37:53.241+0000] {processor.py:156} INFO - Started process (PID=2926) to work on /home/airflow/.local/lib/python3.7/site-packages/airflow/example_dags/example_skip_dag.py
[2024-04-20T05:37:53.248+0000] {processor.py:758} INFO - Processing file /home/airflow/.local/lib/python3.7/site-packages/airflow/example_dags/example_skip_dag.py for tasks to queue
[2024-04-20T05:37:53.249+0000] {logging_mixin.py:117} INFO - [2024-04-20T05:37:53.249+0000] {dagbag.py:525} INFO - Filling up the DagBag from /home/airflow/.local/lib/python3.7/site-packages/airflow/example_dags/example_skip_dag.py
[2024-04-20T05:37:53.273+0000] {processor.py:768} INFO - DAG(s) dict_keys(['example_skip_dag']) retrieved from /home/airflow/.local/lib/python3.7/site-packages/airflow/example_dags/example_skip_dag.py
[2024-04-20T05:37:53.399+0000] {logging_mixin.py:117} INFO - [2024-04-20T05:37:53.397+0000] {dag.py:2573} INFO - Sync 1 DAGs
[2024-04-20T05:37:53.517+0000] {logging_mixin.py:117} INFO - [2024-04-20T05:37:53.517+0000] {dag.py:3328} INFO - Setting next_dagrun for example_skip_dag to 2024-04-19T05:37:53.516696+00:00, run_after=2024-04-20T05:37:53.516696+00:00
[2024-04-20T05:37:53.596+0000] {processor.py:178} INFO - Processing /home/airflow/.local/lib/python3.7/site-packages/airflow/example_dags/example_skip_dag.py took 0.360 seconds
[2024-04-20T05:38:24.542+0000] {processor.py:156} INFO - Started process (PID=3148) to work on /home/airflow/.local/lib/python3.7/site-packages/airflow/example_dags/example_skip_dag.py
[2024-04-20T05:38:24.543+0000] {processor.py:758} INFO - Processing file /home/airflow/.local/lib/python3.7/site-packages/airflow/example_dags/example_skip_dag.py for tasks to queue
[2024-04-20T05:38:24.543+0000] {logging_mixin.py:117} INFO - [2024-04-20T05:38:24.543+0000] {dagbag.py:525} INFO - Filling up the DagBag from /home/airflow/.local/lib/python3.7/site-packages/airflow/example_dags/example_skip_dag.py
[2024-04-20T05:38:24.578+0000] {processor.py:768} INFO - DAG(s) dict_keys(['example_skip_dag']) retrieved from /home/airflow/.local/lib/python3.7/site-packages/airflow/example_dags/example_skip_dag.py
[2024-04-20T05:38:24.758+0000] {logging_mixin.py:117} INFO - [2024-04-20T05:38:24.758+0000] {dag.py:2573} INFO - Sync 1 DAGs
[2024-04-20T05:38:24.837+0000] {logging_mixin.py:117} INFO - [2024-04-20T05:38:24.837+0000] {dag.py:3328} INFO - Setting next_dagrun for example_skip_dag to 2024-04-19T05:38:24.837522+00:00, run_after=2024-04-20T05:38:24.837522+00:00
[2024-04-20T05:38:24.880+0000] {processor.py:178} INFO - Processing /home/airflow/.local/lib/python3.7/site-packages/airflow/example_dags/example_skip_dag.py took 0.341 seconds
[2024-04-20T05:38:55.117+0000] {processor.py:156} INFO - Started process (PID=3376) to work on /home/airflow/.local/lib/python3.7/site-packages/airflow/example_dags/example_skip_dag.py
[2024-04-20T05:38:55.120+0000] {processor.py:758} INFO - Processing file /home/airflow/.local/lib/python3.7/site-packages/airflow/example_dags/example_skip_dag.py for tasks to queue
[2024-04-20T05:38:55.120+0000] {logging_mixin.py:117} INFO - [2024-04-20T05:38:55.120+0000] {dagbag.py:525} INFO - Filling up the DagBag from /home/airflow/.local/lib/python3.7/site-packages/airflow/example_dags/example_skip_dag.py
[2024-04-20T05:38:55.139+0000] {processor.py:768} INFO - DAG(s) dict_keys(['example_skip_dag']) retrieved from /home/airflow/.local/lib/python3.7/site-packages/airflow/example_dags/example_skip_dag.py
[2024-04-20T05:38:55.188+0000] {logging_mixin.py:117} INFO - [2024-04-20T05:38:55.187+0000] {dag.py:2573} INFO - Sync 1 DAGs
[2024-04-20T05:38:55.219+0000] {logging_mixin.py:117} INFO - [2024-04-20T05:38:55.219+0000] {dag.py:3328} INFO - Setting next_dagrun for example_skip_dag to 2024-04-19T05:38:55.219163+00:00, run_after=2024-04-20T05:38:55.219163+00:00
[2024-04-20T05:38:55.243+0000] {processor.py:178} INFO - Processing /home/airflow/.local/lib/python3.7/site-packages/airflow/example_dags/example_skip_dag.py took 0.129 seconds
[2024-04-20T05:39:25.822+0000] {processor.py:156} INFO - Started process (PID=3614) to work on /home/airflow/.local/lib/python3.7/site-packages/airflow/example_dags/example_skip_dag.py
[2024-04-20T05:39:25.824+0000] {processor.py:758} INFO - Processing file /home/airflow/.local/lib/python3.7/site-packages/airflow/example_dags/example_skip_dag.py for tasks to queue
[2024-04-20T05:39:25.825+0000] {logging_mixin.py:117} INFO - [2024-04-20T05:39:25.825+0000] {dagbag.py:525} INFO - Filling up the DagBag from /home/airflow/.local/lib/python3.7/site-packages/airflow/example_dags/example_skip_dag.py
[2024-04-20T05:39:25.926+0000] {processor.py:768} INFO - DAG(s) dict_keys(['example_skip_dag']) retrieved from /home/airflow/.local/lib/python3.7/site-packages/airflow/example_dags/example_skip_dag.py
[2024-04-20T05:39:26.036+0000] {logging_mixin.py:117} INFO - [2024-04-20T05:39:26.036+0000] {dag.py:2573} INFO - Sync 1 DAGs
[2024-04-20T05:39:26.095+0000] {logging_mixin.py:117} INFO - [2024-04-20T05:39:26.095+0000] {dag.py:3328} INFO - Setting next_dagrun for example_skip_dag to 2024-04-19T05:39:26.095484+00:00, run_after=2024-04-20T05:39:26.095484+00:00
[2024-04-20T05:39:26.204+0000] {processor.py:178} INFO - Processing /home/airflow/.local/lib/python3.7/site-packages/airflow/example_dags/example_skip_dag.py took 0.388 seconds
[2024-04-20T05:39:56.779+0000] {processor.py:156} INFO - Started process (PID=3846) to work on /home/airflow/.local/lib/python3.7/site-packages/airflow/example_dags/example_skip_dag.py
[2024-04-20T05:39:56.782+0000] {processor.py:758} INFO - Processing file /home/airflow/.local/lib/python3.7/site-packages/airflow/example_dags/example_skip_dag.py for tasks to queue
[2024-04-20T05:39:56.786+0000] {logging_mixin.py:117} INFO - [2024-04-20T05:39:56.786+0000] {dagbag.py:525} INFO - Filling up the DagBag from /home/airflow/.local/lib/python3.7/site-packages/airflow/example_dags/example_skip_dag.py
[2024-04-20T05:39:56.819+0000] {processor.py:768} INFO - DAG(s) dict_keys(['example_skip_dag']) retrieved from /home/airflow/.local/lib/python3.7/site-packages/airflow/example_dags/example_skip_dag.py
[2024-04-20T05:39:56.906+0000] {logging_mixin.py:117} INFO - [2024-04-20T05:39:56.906+0000] {dag.py:2573} INFO - Sync 1 DAGs
[2024-04-20T05:39:56.943+0000] {logging_mixin.py:117} INFO - [2024-04-20T05:39:56.939+0000] {dag.py:3328} INFO - Setting next_dagrun for example_skip_dag to 2024-04-19T05:39:56.939243+00:00, run_after=2024-04-20T05:39:56.939243+00:00
[2024-04-20T05:39:56.985+0000] {processor.py:178} INFO - Processing /home/airflow/.local/lib/python3.7/site-packages/airflow/example_dags/example_skip_dag.py took 0.210 seconds
[2024-04-20T05:40:27.450+0000] {processor.py:156} INFO - Started process (PID=4073) to work on /home/airflow/.local/lib/python3.7/site-packages/airflow/example_dags/example_skip_dag.py
[2024-04-20T05:40:27.451+0000] {processor.py:758} INFO - Processing file /home/airflow/.local/lib/python3.7/site-packages/airflow/example_dags/example_skip_dag.py for tasks to queue
[2024-04-20T05:40:27.452+0000] {logging_mixin.py:117} INFO - [2024-04-20T05:40:27.452+0000] {dagbag.py:525} INFO - Filling up the DagBag from /home/airflow/.local/lib/python3.7/site-packages/airflow/example_dags/example_skip_dag.py
[2024-04-20T05:40:27.499+0000] {processor.py:768} INFO - DAG(s) dict_keys(['example_skip_dag']) retrieved from /home/airflow/.local/lib/python3.7/site-packages/airflow/example_dags/example_skip_dag.py
[2024-04-20T05:40:27.617+0000] {logging_mixin.py:117} INFO - [2024-04-20T05:40:27.617+0000] {dag.py:2573} INFO - Sync 1 DAGs
[2024-04-20T05:40:27.652+0000] {logging_mixin.py:117} INFO - [2024-04-20T05:40:27.652+0000] {dag.py:3328} INFO - Setting next_dagrun for example_skip_dag to 2024-04-19T05:40:27.649696+00:00, run_after=2024-04-20T05:40:27.649696+00:00
[2024-04-20T05:40:27.705+0000] {processor.py:178} INFO - Processing /home/airflow/.local/lib/python3.7/site-packages/airflow/example_dags/example_skip_dag.py took 0.262 seconds
[2024-04-20T05:40:58.073+0000] {processor.py:156} INFO - Started process (PID=4305) to work on /home/airflow/.local/lib/python3.7/site-packages/airflow/example_dags/example_skip_dag.py
[2024-04-20T05:40:58.076+0000] {processor.py:758} INFO - Processing file /home/airflow/.local/lib/python3.7/site-packages/airflow/example_dags/example_skip_dag.py for tasks to queue
[2024-04-20T05:40:58.077+0000] {logging_mixin.py:117} INFO - [2024-04-20T05:40:58.077+0000] {dagbag.py:525} INFO - Filling up the DagBag from /home/airflow/.local/lib/python3.7/site-packages/airflow/example_dags/example_skip_dag.py
[2024-04-20T05:40:58.106+0000] {processor.py:768} INFO - DAG(s) dict_keys(['example_skip_dag']) retrieved from /home/airflow/.local/lib/python3.7/site-packages/airflow/example_dags/example_skip_dag.py
[2024-04-20T05:40:58.163+0000] {logging_mixin.py:117} INFO - [2024-04-20T05:40:58.162+0000] {dag.py:2573} INFO - Sync 1 DAGs
[2024-04-20T05:40:58.228+0000] {logging_mixin.py:117} INFO - [2024-04-20T05:40:58.228+0000] {dag.py:3328} INFO - Setting next_dagrun for example_skip_dag to 2024-04-19T05:40:58.228087+00:00, run_after=2024-04-20T05:40:58.228087+00:00
[2024-04-20T05:40:58.264+0000] {processor.py:178} INFO - Processing /home/airflow/.local/lib/python3.7/site-packages/airflow/example_dags/example_skip_dag.py took 0.206 seconds
[2024-04-20T05:41:28.851+0000] {processor.py:156} INFO - Started process (PID=4524) to work on /home/airflow/.local/lib/python3.7/site-packages/airflow/example_dags/example_skip_dag.py
[2024-04-20T05:41:28.852+0000] {processor.py:758} INFO - Processing file /home/airflow/.local/lib/python3.7/site-packages/airflow/example_dags/example_skip_dag.py for tasks to queue
[2024-04-20T05:41:28.853+0000] {logging_mixin.py:117} INFO - [2024-04-20T05:41:28.853+0000] {dagbag.py:525} INFO - Filling up the DagBag from /home/airflow/.local/lib/python3.7/site-packages/airflow/example_dags/example_skip_dag.py
[2024-04-20T05:41:28.870+0000] {processor.py:768} INFO - DAG(s) dict_keys(['example_skip_dag']) retrieved from /home/airflow/.local/lib/python3.7/site-packages/airflow/example_dags/example_skip_dag.py
[2024-04-20T05:41:28.936+0000] {logging_mixin.py:117} INFO - [2024-04-20T05:41:28.935+0000] {dag.py:2573} INFO - Sync 1 DAGs
[2024-04-20T05:41:29.040+0000] {logging_mixin.py:117} INFO - [2024-04-20T05:41:29.040+0000] {dag.py:3328} INFO - Setting next_dagrun for example_skip_dag to 2024-04-19T05:41:29.040485+00:00, run_after=2024-04-20T05:41:29.040485+00:00
[2024-04-20T05:41:29.066+0000] {processor.py:178} INFO - Processing /home/airflow/.local/lib/python3.7/site-packages/airflow/example_dags/example_skip_dag.py took 0.218 seconds
[2024-04-20T05:41:59.596+0000] {processor.py:156} INFO - Started process (PID=4751) to work on /home/airflow/.local/lib/python3.7/site-packages/airflow/example_dags/example_skip_dag.py
[2024-04-20T05:41:59.597+0000] {processor.py:758} INFO - Processing file /home/airflow/.local/lib/python3.7/site-packages/airflow/example_dags/example_skip_dag.py for tasks to queue
[2024-04-20T05:41:59.597+0000] {logging_mixin.py:117} INFO - [2024-04-20T05:41:59.597+0000] {dagbag.py:525} INFO - Filling up the DagBag from /home/airflow/.local/lib/python3.7/site-packages/airflow/example_dags/example_skip_dag.py
[2024-04-20T05:41:59.617+0000] {processor.py:768} INFO - DAG(s) dict_keys(['example_skip_dag']) retrieved from /home/airflow/.local/lib/python3.7/site-packages/airflow/example_dags/example_skip_dag.py
[2024-04-20T05:41:59.668+0000] {logging_mixin.py:117} INFO - [2024-04-20T05:41:59.667+0000] {dag.py:2573} INFO - Sync 1 DAGs
[2024-04-20T05:41:59.707+0000] {logging_mixin.py:117} INFO - [2024-04-20T05:41:59.707+0000] {dag.py:3328} INFO - Setting next_dagrun for example_skip_dag to 2024-04-19T05:41:59.706846+00:00, run_after=2024-04-20T05:41:59.706846+00:00
[2024-04-20T05:41:59.735+0000] {processor.py:178} INFO - Processing /home/airflow/.local/lib/python3.7/site-packages/airflow/example_dags/example_skip_dag.py took 0.143 seconds
[2024-04-20T05:42:29.998+0000] {processor.py:156} INFO - Started process (PID=5020) to work on /home/airflow/.local/lib/python3.7/site-packages/airflow/example_dags/example_skip_dag.py
[2024-04-20T05:42:29.999+0000] {processor.py:758} INFO - Processing file /home/airflow/.local/lib/python3.7/site-packages/airflow/example_dags/example_skip_dag.py for tasks to queue
[2024-04-20T05:42:30.000+0000] {logging_mixin.py:117} INFO - [2024-04-20T05:42:30.000+0000] {dagbag.py:525} INFO - Filling up the DagBag from /home/airflow/.local/lib/python3.7/site-packages/airflow/example_dags/example_skip_dag.py
[2024-04-20T05:42:30.029+0000] {processor.py:768} INFO - DAG(s) dict_keys(['example_skip_dag']) retrieved from /home/airflow/.local/lib/python3.7/site-packages/airflow/example_dags/example_skip_dag.py
[2024-04-20T05:42:30.109+0000] {logging_mixin.py:117} INFO - [2024-04-20T05:42:30.109+0000] {dag.py:2573} INFO - Sync 1 DAGs
[2024-04-20T05:42:30.140+0000] {logging_mixin.py:117} INFO - [2024-04-20T05:42:30.140+0000] {dag.py:3328} INFO - Setting next_dagrun for example_skip_dag to 2024-04-19T05:42:30.140101+00:00, run_after=2024-04-20T05:42:30.140101+00:00
[2024-04-20T05:42:30.165+0000] {processor.py:178} INFO - Processing /home/airflow/.local/lib/python3.7/site-packages/airflow/example_dags/example_skip_dag.py took 0.171 seconds
[2024-04-20T05:43:00.377+0000] {processor.py:156} INFO - Started process (PID=5246) to work on /home/airflow/.local/lib/python3.7/site-packages/airflow/example_dags/example_skip_dag.py
[2024-04-20T05:43:00.378+0000] {processor.py:758} INFO - Processing file /home/airflow/.local/lib/python3.7/site-packages/airflow/example_dags/example_skip_dag.py for tasks to queue
[2024-04-20T05:43:00.379+0000] {logging_mixin.py:117} INFO - [2024-04-20T05:43:00.379+0000] {dagbag.py:525} INFO - Filling up the DagBag from /home/airflow/.local/lib/python3.7/site-packages/airflow/example_dags/example_skip_dag.py
[2024-04-20T05:43:00.399+0000] {processor.py:768} INFO - DAG(s) dict_keys(['example_skip_dag']) retrieved from /home/airflow/.local/lib/python3.7/site-packages/airflow/example_dags/example_skip_dag.py
[2024-04-20T05:43:00.446+0000] {logging_mixin.py:117} INFO - [2024-04-20T05:43:00.446+0000] {dag.py:2573} INFO - Sync 1 DAGs
[2024-04-20T05:43:00.479+0000] {logging_mixin.py:117} INFO - [2024-04-20T05:43:00.479+0000] {dag.py:3328} INFO - Setting next_dagrun for example_skip_dag to 2024-04-19T05:43:00.478743+00:00, run_after=2024-04-20T05:43:00.478743+00:00
[2024-04-20T05:43:00.504+0000] {processor.py:178} INFO - Processing /home/airflow/.local/lib/python3.7/site-packages/airflow/example_dags/example_skip_dag.py took 0.130 seconds
[2024-04-20T05:43:30.924+0000] {processor.py:156} INFO - Started process (PID=5517) to work on /home/airflow/.local/lib/python3.7/site-packages/airflow/example_dags/example_skip_dag.py
[2024-04-20T05:43:30.925+0000] {processor.py:758} INFO - Processing file /home/airflow/.local/lib/python3.7/site-packages/airflow/example_dags/example_skip_dag.py for tasks to queue
[2024-04-20T05:43:30.926+0000] {logging_mixin.py:117} INFO - [2024-04-20T05:43:30.926+0000] {dagbag.py:525} INFO - Filling up the DagBag from /home/airflow/.local/lib/python3.7/site-packages/airflow/example_dags/example_skip_dag.py
[2024-04-20T05:43:30.943+0000] {processor.py:768} INFO - DAG(s) dict_keys(['example_skip_dag']) retrieved from /home/airflow/.local/lib/python3.7/site-packages/airflow/example_dags/example_skip_dag.py
[2024-04-20T05:43:30.993+0000] {logging_mixin.py:117} INFO - [2024-04-20T05:43:30.993+0000] {dag.py:2573} INFO - Sync 1 DAGs
[2024-04-20T05:43:31.025+0000] {logging_mixin.py:117} INFO - [2024-04-20T05:43:31.025+0000] {dag.py:3328} INFO - Setting next_dagrun for example_skip_dag to 2024-04-19T05:43:31.025319+00:00, run_after=2024-04-20T05:43:31.025319+00:00
[2024-04-20T05:43:31.050+0000] {processor.py:178} INFO - Processing /home/airflow/.local/lib/python3.7/site-packages/airflow/example_dags/example_skip_dag.py took 0.129 seconds
[2024-04-20T05:44:01.811+0000] {processor.py:156} INFO - Started process (PID=5751) to work on /home/airflow/.local/lib/python3.7/site-packages/airflow/example_dags/example_skip_dag.py
[2024-04-20T05:44:01.812+0000] {processor.py:758} INFO - Processing file /home/airflow/.local/lib/python3.7/site-packages/airflow/example_dags/example_skip_dag.py for tasks to queue
[2024-04-20T05:44:01.839+0000] {logging_mixin.py:117} INFO - [2024-04-20T05:44:01.838+0000] {dagbag.py:525} INFO - Filling up the DagBag from /home/airflow/.local/lib/python3.7/site-packages/airflow/example_dags/example_skip_dag.py
[2024-04-20T05:44:02.057+0000] {processor.py:768} INFO - DAG(s) dict_keys(['example_skip_dag']) retrieved from /home/airflow/.local/lib/python3.7/site-packages/airflow/example_dags/example_skip_dag.py
[2024-04-20T05:44:02.489+0000] {logging_mixin.py:117} INFO - [2024-04-20T05:44:02.488+0000] {dag.py:2573} INFO - Sync 1 DAGs
[2024-04-20T05:44:02.707+0000] {logging_mixin.py:117} INFO - [2024-04-20T05:44:02.707+0000] {dag.py:3328} INFO - Setting next_dagrun for example_skip_dag to 2024-04-19T05:44:02.706879+00:00, run_after=2024-04-20T05:44:02.706879+00:00
[2024-04-20T05:44:02.790+0000] {processor.py:178} INFO - Processing /home/airflow/.local/lib/python3.7/site-packages/airflow/example_dags/example_skip_dag.py took 1.030 seconds
[2024-04-20T05:44:33.732+0000] {processor.py:156} INFO - Started process (PID=5991) to work on /home/airflow/.local/lib/python3.7/site-packages/airflow/example_dags/example_skip_dag.py
[2024-04-20T05:44:33.733+0000] {processor.py:758} INFO - Processing file /home/airflow/.local/lib/python3.7/site-packages/airflow/example_dags/example_skip_dag.py for tasks to queue
[2024-04-20T05:44:33.734+0000] {logging_mixin.py:117} INFO - [2024-04-20T05:44:33.734+0000] {dagbag.py:525} INFO - Filling up the DagBag from /home/airflow/.local/lib/python3.7/site-packages/airflow/example_dags/example_skip_dag.py
[2024-04-20T05:44:33.751+0000] {processor.py:768} INFO - DAG(s) dict_keys(['example_skip_dag']) retrieved from /home/airflow/.local/lib/python3.7/site-packages/airflow/example_dags/example_skip_dag.py
[2024-04-20T05:44:33.798+0000] {logging_mixin.py:117} INFO - [2024-04-20T05:44:33.798+0000] {dag.py:2573} INFO - Sync 1 DAGs
[2024-04-20T05:44:33.832+0000] {logging_mixin.py:117} INFO - [2024-04-20T05:44:33.832+0000] {dag.py:3328} INFO - Setting next_dagrun for example_skip_dag to 2024-04-19T05:44:33.831997+00:00, run_after=2024-04-20T05:44:33.831997+00:00
[2024-04-20T05:44:33.859+0000] {processor.py:178} INFO - Processing /home/airflow/.local/lib/python3.7/site-packages/airflow/example_dags/example_skip_dag.py took 0.129 seconds
[2024-04-20T05:45:04.144+0000] {processor.py:156} INFO - Started process (PID=6268) to work on /home/airflow/.local/lib/python3.7/site-packages/airflow/example_dags/example_skip_dag.py
[2024-04-20T05:45:04.145+0000] {processor.py:758} INFO - Processing file /home/airflow/.local/lib/python3.7/site-packages/airflow/example_dags/example_skip_dag.py for tasks to queue
[2024-04-20T05:45:04.146+0000] {logging_mixin.py:117} INFO - [2024-04-20T05:45:04.146+0000] {dagbag.py:525} INFO - Filling up the DagBag from /home/airflow/.local/lib/python3.7/site-packages/airflow/example_dags/example_skip_dag.py
[2024-04-20T05:45:04.169+0000] {processor.py:768} INFO - DAG(s) dict_keys(['example_skip_dag']) retrieved from /home/airflow/.local/lib/python3.7/site-packages/airflow/example_dags/example_skip_dag.py
[2024-04-20T05:45:04.309+0000] {logging_mixin.py:117} INFO - [2024-04-20T05:45:04.309+0000] {dag.py:2573} INFO - Sync 1 DAGs
[2024-04-20T05:45:04.368+0000] {logging_mixin.py:117} INFO - [2024-04-20T05:45:04.368+0000] {dag.py:3328} INFO - Setting next_dagrun for example_skip_dag to 2024-04-19T05:45:04.368261+00:00, run_after=2024-04-20T05:45:04.368261+00:00
[2024-04-20T05:45:04.390+0000] {processor.py:178} INFO - Processing /home/airflow/.local/lib/python3.7/site-packages/airflow/example_dags/example_skip_dag.py took 0.249 seconds
[2024-04-20T05:45:35.293+0000] {processor.py:156} INFO - Started process (PID=6521) to work on /home/airflow/.local/lib/python3.7/site-packages/airflow/example_dags/example_skip_dag.py
[2024-04-20T05:45:35.298+0000] {processor.py:758} INFO - Processing file /home/airflow/.local/lib/python3.7/site-packages/airflow/example_dags/example_skip_dag.py for tasks to queue
[2024-04-20T05:45:35.298+0000] {logging_mixin.py:117} INFO - [2024-04-20T05:45:35.298+0000] {dagbag.py:525} INFO - Filling up the DagBag from /home/airflow/.local/lib/python3.7/site-packages/airflow/example_dags/example_skip_dag.py
[2024-04-20T05:45:35.336+0000] {processor.py:768} INFO - DAG(s) dict_keys(['example_skip_dag']) retrieved from /home/airflow/.local/lib/python3.7/site-packages/airflow/example_dags/example_skip_dag.py
[2024-04-20T05:45:35.492+0000] {logging_mixin.py:117} INFO - [2024-04-20T05:45:35.492+0000] {dag.py:2573} INFO - Sync 1 DAGs
[2024-04-20T05:45:35.626+0000] {logging_mixin.py:117} INFO - [2024-04-20T05:45:35.626+0000] {dag.py:3328} INFO - Setting next_dagrun for example_skip_dag to 2024-04-19T05:45:35.626014+00:00, run_after=2024-04-20T05:45:35.626014+00:00
[2024-04-20T05:45:35.666+0000] {processor.py:178} INFO - Processing /home/airflow/.local/lib/python3.7/site-packages/airflow/example_dags/example_skip_dag.py took 0.376 seconds
[2024-04-20T05:46:06.369+0000] {processor.py:156} INFO - Started process (PID=6793) to work on /home/airflow/.local/lib/python3.7/site-packages/airflow/example_dags/example_skip_dag.py
[2024-04-20T05:46:06.369+0000] {processor.py:758} INFO - Processing file /home/airflow/.local/lib/python3.7/site-packages/airflow/example_dags/example_skip_dag.py for tasks to queue
[2024-04-20T05:46:06.370+0000] {logging_mixin.py:117} INFO - [2024-04-20T05:46:06.370+0000] {dagbag.py:525} INFO - Filling up the DagBag from /home/airflow/.local/lib/python3.7/site-packages/airflow/example_dags/example_skip_dag.py
[2024-04-20T05:46:06.396+0000] {processor.py:768} INFO - DAG(s) dict_keys(['example_skip_dag']) retrieved from /home/airflow/.local/lib/python3.7/site-packages/airflow/example_dags/example_skip_dag.py
[2024-04-20T05:46:06.454+0000] {logging_mixin.py:117} INFO - [2024-04-20T05:46:06.454+0000] {dag.py:2573} INFO - Sync 1 DAGs
[2024-04-20T05:46:06.494+0000] {logging_mixin.py:117} INFO - [2024-04-20T05:46:06.494+0000] {dag.py:3328} INFO - Setting next_dagrun for example_skip_dag to 2024-04-19T05:46:06.493772+00:00, run_after=2024-04-20T05:46:06.493772+00:00
[2024-04-20T05:46:06.525+0000] {processor.py:178} INFO - Processing /home/airflow/.local/lib/python3.7/site-packages/airflow/example_dags/example_skip_dag.py took 0.160 seconds
[2024-04-20T05:46:36.676+0000] {processor.py:156} INFO - Started process (PID=7036) to work on /home/airflow/.local/lib/python3.7/site-packages/airflow/example_dags/example_skip_dag.py
[2024-04-20T05:46:36.677+0000] {processor.py:758} INFO - Processing file /home/airflow/.local/lib/python3.7/site-packages/airflow/example_dags/example_skip_dag.py for tasks to queue
[2024-04-20T05:46:36.678+0000] {logging_mixin.py:117} INFO - [2024-04-20T05:46:36.678+0000] {dagbag.py:525} INFO - Filling up the DagBag from /home/airflow/.local/lib/python3.7/site-packages/airflow/example_dags/example_skip_dag.py
[2024-04-20T05:46:36.698+0000] {processor.py:768} INFO - DAG(s) dict_keys(['example_skip_dag']) retrieved from /home/airflow/.local/lib/python3.7/site-packages/airflow/example_dags/example_skip_dag.py
[2024-04-20T05:46:36.750+0000] {logging_mixin.py:117} INFO - [2024-04-20T05:46:36.749+0000] {dag.py:2573} INFO - Sync 1 DAGs
[2024-04-20T05:46:36.800+0000] {logging_mixin.py:117} INFO - [2024-04-20T05:46:36.799+0000] {dag.py:3328} INFO - Setting next_dagrun for example_skip_dag to 2024-04-19T05:46:36.799295+00:00, run_after=2024-04-20T05:46:36.799295+00:00
[2024-04-20T05:46:36.824+0000] {processor.py:178} INFO - Processing /home/airflow/.local/lib/python3.7/site-packages/airflow/example_dags/example_skip_dag.py took 0.152 seconds
[2024-04-20T05:47:07.475+0000] {processor.py:156} INFO - Started process (PID=7285) to work on /home/airflow/.local/lib/python3.7/site-packages/airflow/example_dags/example_skip_dag.py
[2024-04-20T05:47:07.476+0000] {processor.py:758} INFO - Processing file /home/airflow/.local/lib/python3.7/site-packages/airflow/example_dags/example_skip_dag.py for tasks to queue
[2024-04-20T05:47:07.476+0000] {logging_mixin.py:117} INFO - [2024-04-20T05:47:07.476+0000] {dagbag.py:525} INFO - Filling up the DagBag from /home/airflow/.local/lib/python3.7/site-packages/airflow/example_dags/example_skip_dag.py
[2024-04-20T05:47:07.494+0000] {processor.py:768} INFO - DAG(s) dict_keys(['example_skip_dag']) retrieved from /home/airflow/.local/lib/python3.7/site-packages/airflow/example_dags/example_skip_dag.py
[2024-04-20T05:47:07.543+0000] {logging_mixin.py:117} INFO - [2024-04-20T05:47:07.543+0000] {dag.py:2573} INFO - Sync 1 DAGs
[2024-04-20T05:47:07.574+0000] {logging_mixin.py:117} INFO - [2024-04-20T05:47:07.574+0000] {dag.py:3328} INFO - Setting next_dagrun for example_skip_dag to 2024-04-19T05:47:07.574324+00:00, run_after=2024-04-20T05:47:07.574324+00:00
[2024-04-20T05:47:07.598+0000] {processor.py:178} INFO - Processing /home/airflow/.local/lib/python3.7/site-packages/airflow/example_dags/example_skip_dag.py took 0.126 seconds
[2024-04-20T05:47:37.923+0000] {processor.py:156} INFO - Started process (PID=7547) to work on /home/airflow/.local/lib/python3.7/site-packages/airflow/example_dags/example_skip_dag.py
[2024-04-20T05:47:37.923+0000] {processor.py:758} INFO - Processing file /home/airflow/.local/lib/python3.7/site-packages/airflow/example_dags/example_skip_dag.py for tasks to queue
[2024-04-20T05:47:37.924+0000] {logging_mixin.py:117} INFO - [2024-04-20T05:47:37.924+0000] {dagbag.py:525} INFO - Filling up the DagBag from /home/airflow/.local/lib/python3.7/site-packages/airflow/example_dags/example_skip_dag.py
[2024-04-20T05:47:37.941+0000] {processor.py:768} INFO - DAG(s) dict_keys(['example_skip_dag']) retrieved from /home/airflow/.local/lib/python3.7/site-packages/airflow/example_dags/example_skip_dag.py
[2024-04-20T05:47:38.006+0000] {logging_mixin.py:117} INFO - [2024-04-20T05:47:38.006+0000] {dag.py:2573} INFO - Sync 1 DAGs
[2024-04-20T05:47:38.038+0000] {logging_mixin.py:117} INFO - [2024-04-20T05:47:38.038+0000] {dag.py:3328} INFO - Setting next_dagrun for example_skip_dag to 2024-04-19T05:47:38.037776+00:00, run_after=2024-04-20T05:47:38.037776+00:00
[2024-04-20T05:47:38.065+0000] {processor.py:178} INFO - Processing /home/airflow/.local/lib/python3.7/site-packages/airflow/example_dags/example_skip_dag.py took 0.145 seconds
[2024-04-20T05:48:08.568+0000] {processor.py:156} INFO - Started process (PID=7807) to work on /home/airflow/.local/lib/python3.7/site-packages/airflow/example_dags/example_skip_dag.py
[2024-04-20T05:48:08.569+0000] {processor.py:758} INFO - Processing file /home/airflow/.local/lib/python3.7/site-packages/airflow/example_dags/example_skip_dag.py for tasks to queue
[2024-04-20T05:48:08.569+0000] {logging_mixin.py:117} INFO - [2024-04-20T05:48:08.569+0000] {dagbag.py:525} INFO - Filling up the DagBag from /home/airflow/.local/lib/python3.7/site-packages/airflow/example_dags/example_skip_dag.py
[2024-04-20T05:48:08.587+0000] {processor.py:768} INFO - DAG(s) dict_keys(['example_skip_dag']) retrieved from /home/airflow/.local/lib/python3.7/site-packages/airflow/example_dags/example_skip_dag.py
[2024-04-20T05:48:08.637+0000] {logging_mixin.py:117} INFO - [2024-04-20T05:48:08.636+0000] {dag.py:2573} INFO - Sync 1 DAGs
[2024-04-20T05:48:08.668+0000] {logging_mixin.py:117} INFO - [2024-04-20T05:48:08.668+0000] {dag.py:3328} INFO - Setting next_dagrun for example_skip_dag to 2024-04-19T05:48:08.668087+00:00, run_after=2024-04-20T05:48:08.668087+00:00
[2024-04-20T05:48:08.714+0000] {processor.py:178} INFO - Processing /home/airflow/.local/lib/python3.7/site-packages/airflow/example_dags/example_skip_dag.py took 0.149 seconds
[2024-04-20T05:48:39.053+0000] {processor.py:156} INFO - Started process (PID=8025) to work on /home/airflow/.local/lib/python3.7/site-packages/airflow/example_dags/example_skip_dag.py
[2024-04-20T05:48:39.054+0000] {processor.py:758} INFO - Processing file /home/airflow/.local/lib/python3.7/site-packages/airflow/example_dags/example_skip_dag.py for tasks to queue
[2024-04-20T05:48:39.055+0000] {logging_mixin.py:117} INFO - [2024-04-20T05:48:39.055+0000] {dagbag.py:525} INFO - Filling up the DagBag from /home/airflow/.local/lib/python3.7/site-packages/airflow/example_dags/example_skip_dag.py
[2024-04-20T05:48:39.072+0000] {processor.py:768} INFO - DAG(s) dict_keys(['example_skip_dag']) retrieved from /home/airflow/.local/lib/python3.7/site-packages/airflow/example_dags/example_skip_dag.py
[2024-04-20T05:48:39.123+0000] {logging_mixin.py:117} INFO - [2024-04-20T05:48:39.123+0000] {dag.py:2573} INFO - Sync 1 DAGs
[2024-04-20T05:48:39.167+0000] {logging_mixin.py:117} INFO - [2024-04-20T05:48:39.167+0000] {dag.py:3328} INFO - Setting next_dagrun for example_skip_dag to 2024-04-19T05:48:39.166888+00:00, run_after=2024-04-20T05:48:39.166888+00:00
[2024-04-20T05:48:39.192+0000] {processor.py:178} INFO - Processing /home/airflow/.local/lib/python3.7/site-packages/airflow/example_dags/example_skip_dag.py took 0.142 seconds
[2024-04-20T05:49:09.419+0000] {processor.py:156} INFO - Started process (PID=8267) to work on /home/airflow/.local/lib/python3.7/site-packages/airflow/example_dags/example_skip_dag.py
[2024-04-20T05:49:09.420+0000] {processor.py:758} INFO - Processing file /home/airflow/.local/lib/python3.7/site-packages/airflow/example_dags/example_skip_dag.py for tasks to queue
[2024-04-20T05:49:09.421+0000] {logging_mixin.py:117} INFO - [2024-04-20T05:49:09.421+0000] {dagbag.py:525} INFO - Filling up the DagBag from /home/airflow/.local/lib/python3.7/site-packages/airflow/example_dags/example_skip_dag.py
[2024-04-20T05:49:09.525+0000] {processor.py:768} INFO - DAG(s) dict_keys(['example_skip_dag']) retrieved from /home/airflow/.local/lib/python3.7/site-packages/airflow/example_dags/example_skip_dag.py
[2024-04-20T05:49:09.702+0000] {logging_mixin.py:117} INFO - [2024-04-20T05:49:09.702+0000] {dag.py:2573} INFO - Sync 1 DAGs
[2024-04-20T05:49:09.762+0000] {logging_mixin.py:117} INFO - [2024-04-20T05:49:09.762+0000] {dag.py:3328} INFO - Setting next_dagrun for example_skip_dag to 2024-04-19T05:49:09.761590+00:00, run_after=2024-04-20T05:49:09.761590+00:00
[2024-04-20T05:49:09.810+0000] {processor.py:178} INFO - Processing /home/airflow/.local/lib/python3.7/site-packages/airflow/example_dags/example_skip_dag.py took 0.395 seconds
[2024-04-20T05:49:40.610+0000] {processor.py:156} INFO - Started process (PID=8506) to work on /home/airflow/.local/lib/python3.7/site-packages/airflow/example_dags/example_skip_dag.py
[2024-04-20T05:49:40.610+0000] {processor.py:758} INFO - Processing file /home/airflow/.local/lib/python3.7/site-packages/airflow/example_dags/example_skip_dag.py for tasks to queue
[2024-04-20T05:49:40.611+0000] {logging_mixin.py:117} INFO - [2024-04-20T05:49:40.611+0000] {dagbag.py:525} INFO - Filling up the DagBag from /home/airflow/.local/lib/python3.7/site-packages/airflow/example_dags/example_skip_dag.py
[2024-04-20T05:49:40.633+0000] {processor.py:768} INFO - DAG(s) dict_keys(['example_skip_dag']) retrieved from /home/airflow/.local/lib/python3.7/site-packages/airflow/example_dags/example_skip_dag.py
[2024-04-20T05:49:40.692+0000] {logging_mixin.py:117} INFO - [2024-04-20T05:49:40.692+0000] {dag.py:2573} INFO - Sync 1 DAGs
[2024-04-20T05:49:40.756+0000] {logging_mixin.py:117} INFO - [2024-04-20T05:49:40.755+0000] {dag.py:3328} INFO - Setting next_dagrun for example_skip_dag to 2024-04-19T05:49:40.755713+00:00, run_after=2024-04-20T05:49:40.755713+00:00
[2024-04-20T05:49:40.784+0000] {processor.py:178} INFO - Processing /home/airflow/.local/lib/python3.7/site-packages/airflow/example_dags/example_skip_dag.py took 0.177 seconds
[2024-04-20T05:50:11.099+0000] {processor.py:156} INFO - Started process (PID=8738) to work on /home/airflow/.local/lib/python3.7/site-packages/airflow/example_dags/example_skip_dag.py
[2024-04-20T05:50:11.099+0000] {processor.py:758} INFO - Processing file /home/airflow/.local/lib/python3.7/site-packages/airflow/example_dags/example_skip_dag.py for tasks to queue
[2024-04-20T05:50:11.100+0000] {logging_mixin.py:117} INFO - [2024-04-20T05:50:11.100+0000] {dagbag.py:525} INFO - Filling up the DagBag from /home/airflow/.local/lib/python3.7/site-packages/airflow/example_dags/example_skip_dag.py
[2024-04-20T05:50:11.128+0000] {processor.py:768} INFO - DAG(s) dict_keys(['example_skip_dag']) retrieved from /home/airflow/.local/lib/python3.7/site-packages/airflow/example_dags/example_skip_dag.py
[2024-04-20T05:50:11.164+0000] {logging_mixin.py:117} INFO - [2024-04-20T05:50:11.164+0000] {dag.py:2573} INFO - Sync 1 DAGs
[2024-04-20T05:50:11.186+0000] {logging_mixin.py:117} INFO - [2024-04-20T05:50:11.186+0000] {dag.py:3328} INFO - Setting next_dagrun for example_skip_dag to 2024-04-19T05:50:11.186038+00:00, run_after=2024-04-20T05:50:11.186038+00:00
[2024-04-20T05:50:11.205+0000] {processor.py:178} INFO - Processing /home/airflow/.local/lib/python3.7/site-packages/airflow/example_dags/example_skip_dag.py took 0.110 seconds
[2024-04-20T05:50:41.710+0000] {processor.py:156} INFO - Started process (PID=8969) to work on /home/airflow/.local/lib/python3.7/site-packages/airflow/example_dags/example_skip_dag.py
[2024-04-20T05:50:41.710+0000] {processor.py:758} INFO - Processing file /home/airflow/.local/lib/python3.7/site-packages/airflow/example_dags/example_skip_dag.py for tasks to queue
[2024-04-20T05:50:41.711+0000] {logging_mixin.py:117} INFO - [2024-04-20T05:50:41.711+0000] {dagbag.py:525} INFO - Filling up the DagBag from /home/airflow/.local/lib/python3.7/site-packages/airflow/example_dags/example_skip_dag.py
[2024-04-20T05:50:41.728+0000] {processor.py:768} INFO - DAG(s) dict_keys(['example_skip_dag']) retrieved from /home/airflow/.local/lib/python3.7/site-packages/airflow/example_dags/example_skip_dag.py
[2024-04-20T05:50:41.773+0000] {logging_mixin.py:117} INFO - [2024-04-20T05:50:41.773+0000] {dag.py:2573} INFO - Sync 1 DAGs
[2024-04-20T05:50:41.813+0000] {logging_mixin.py:117} INFO - [2024-04-20T05:50:41.813+0000] {dag.py:3328} INFO - Setting next_dagrun for example_skip_dag to 2024-04-19T05:50:41.813464+00:00, run_after=2024-04-20T05:50:41.813464+00:00
[2024-04-20T05:50:41.853+0000] {processor.py:178} INFO - Processing /home/airflow/.local/lib/python3.7/site-packages/airflow/example_dags/example_skip_dag.py took 0.146 seconds
[2024-04-20T05:51:12.138+0000] {processor.py:156} INFO - Started process (PID=9198) to work on /home/airflow/.local/lib/python3.7/site-packages/airflow/example_dags/example_skip_dag.py
[2024-04-20T05:51:12.138+0000] {processor.py:758} INFO - Processing file /home/airflow/.local/lib/python3.7/site-packages/airflow/example_dags/example_skip_dag.py for tasks to queue
[2024-04-20T05:51:12.139+0000] {logging_mixin.py:117} INFO - [2024-04-20T05:51:12.139+0000] {dagbag.py:525} INFO - Filling up the DagBag from /home/airflow/.local/lib/python3.7/site-packages/airflow/example_dags/example_skip_dag.py
[2024-04-20T05:51:12.157+0000] {processor.py:768} INFO - DAG(s) dict_keys(['example_skip_dag']) retrieved from /home/airflow/.local/lib/python3.7/site-packages/airflow/example_dags/example_skip_dag.py
[2024-04-20T05:51:12.204+0000] {logging_mixin.py:117} INFO - [2024-04-20T05:51:12.204+0000] {dag.py:2573} INFO - Sync 1 DAGs
[2024-04-20T05:51:12.236+0000] {logging_mixin.py:117} INFO - [2024-04-20T05:51:12.236+0000] {dag.py:3328} INFO - Setting next_dagrun for example_skip_dag to 2024-04-19T05:51:12.235862+00:00, run_after=2024-04-20T05:51:12.235862+00:00
[2024-04-20T05:51:12.277+0000] {processor.py:178} INFO - Processing /home/airflow/.local/lib/python3.7/site-packages/airflow/example_dags/example_skip_dag.py took 0.143 seconds
[2024-04-20T05:51:42.578+0000] {processor.py:156} INFO - Started process (PID=9419) to work on /home/airflow/.local/lib/python3.7/site-packages/airflow/example_dags/example_skip_dag.py
[2024-04-20T05:51:42.579+0000] {processor.py:758} INFO - Processing file /home/airflow/.local/lib/python3.7/site-packages/airflow/example_dags/example_skip_dag.py for tasks to queue
[2024-04-20T05:51:42.579+0000] {logging_mixin.py:117} INFO - [2024-04-20T05:51:42.579+0000] {dagbag.py:525} INFO - Filling up the DagBag from /home/airflow/.local/lib/python3.7/site-packages/airflow/example_dags/example_skip_dag.py
[2024-04-20T05:51:42.591+0000] {processor.py:768} INFO - DAG(s) dict_keys(['example_skip_dag']) retrieved from /home/airflow/.local/lib/python3.7/site-packages/airflow/example_dags/example_skip_dag.py
[2024-04-20T05:51:42.626+0000] {logging_mixin.py:117} INFO - [2024-04-20T05:51:42.626+0000] {dag.py:2573} INFO - Sync 1 DAGs
[2024-04-20T05:51:42.648+0000] {logging_mixin.py:117} INFO - [2024-04-20T05:51:42.648+0000] {dag.py:3328} INFO - Setting next_dagrun for example_skip_dag to 2024-04-19T05:51:42.647983+00:00, run_after=2024-04-20T05:51:42.647983+00:00
[2024-04-20T05:51:42.671+0000] {processor.py:178} INFO - Processing /home/airflow/.local/lib/python3.7/site-packages/airflow/example_dags/example_skip_dag.py took 0.095 seconds
[2024-04-20T05:52:13.263+0000] {processor.py:156} INFO - Started process (PID=9652) to work on /home/airflow/.local/lib/python3.7/site-packages/airflow/example_dags/example_skip_dag.py
[2024-04-20T05:52:13.264+0000] {processor.py:758} INFO - Processing file /home/airflow/.local/lib/python3.7/site-packages/airflow/example_dags/example_skip_dag.py for tasks to queue
[2024-04-20T05:52:13.265+0000] {logging_mixin.py:117} INFO - [2024-04-20T05:52:13.264+0000] {dagbag.py:525} INFO - Filling up the DagBag from /home/airflow/.local/lib/python3.7/site-packages/airflow/example_dags/example_skip_dag.py
[2024-04-20T05:52:13.281+0000] {processor.py:768} INFO - DAG(s) dict_keys(['example_skip_dag']) retrieved from /home/airflow/.local/lib/python3.7/site-packages/airflow/example_dags/example_skip_dag.py
[2024-04-20T05:52:13.387+0000] {logging_mixin.py:117} INFO - [2024-04-20T05:52:13.387+0000] {dag.py:2573} INFO - Sync 1 DAGs
[2024-04-20T05:52:13.642+0000] {logging_mixin.py:117} INFO - [2024-04-20T05:52:13.642+0000] {dag.py:3328} INFO - Setting next_dagrun for example_skip_dag to 2024-04-19T05:52:13.642475+00:00, run_after=2024-04-20T05:52:13.642475+00:00
[2024-04-20T05:52:13.705+0000] {processor.py:178} INFO - Processing /home/airflow/.local/lib/python3.7/site-packages/airflow/example_dags/example_skip_dag.py took 0.445 seconds
[2024-04-20T05:52:43.816+0000] {processor.py:156} INFO - Started process (PID=9876) to work on /home/airflow/.local/lib/python3.7/site-packages/airflow/example_dags/example_skip_dag.py
[2024-04-20T05:52:43.817+0000] {processor.py:758} INFO - Processing file /home/airflow/.local/lib/python3.7/site-packages/airflow/example_dags/example_skip_dag.py for tasks to queue
[2024-04-20T05:52:43.817+0000] {logging_mixin.py:117} INFO - [2024-04-20T05:52:43.817+0000] {dagbag.py:525} INFO - Filling up the DagBag from /home/airflow/.local/lib/python3.7/site-packages/airflow/example_dags/example_skip_dag.py
[2024-04-20T05:52:43.836+0000] {processor.py:768} INFO - DAG(s) dict_keys(['example_skip_dag']) retrieved from /home/airflow/.local/lib/python3.7/site-packages/airflow/example_dags/example_skip_dag.py
[2024-04-20T05:52:43.932+0000] {logging_mixin.py:117} INFO - [2024-04-20T05:52:43.932+0000] {dag.py:2573} INFO - Sync 1 DAGs
[2024-04-20T05:52:43.966+0000] {logging_mixin.py:117} INFO - [2024-04-20T05:52:43.966+0000] {dag.py:3328} INFO - Setting next_dagrun for example_skip_dag to 2024-04-19T05:52:43.966344+00:00, run_after=2024-04-20T05:52:43.966344+00:00
[2024-04-20T05:52:44.000+0000] {processor.py:178} INFO - Processing /home/airflow/.local/lib/python3.7/site-packages/airflow/example_dags/example_skip_dag.py took 0.187 seconds
[2024-04-20T05:53:14.545+0000] {processor.py:156} INFO - Started process (PID=10103) to work on /home/airflow/.local/lib/python3.7/site-packages/airflow/example_dags/example_skip_dag.py
[2024-04-20T05:53:14.559+0000] {processor.py:758} INFO - Processing file /home/airflow/.local/lib/python3.7/site-packages/airflow/example_dags/example_skip_dag.py for tasks to queue
[2024-04-20T05:53:14.564+0000] {logging_mixin.py:117} INFO - [2024-04-20T05:53:14.560+0000] {dagbag.py:525} INFO - Filling up the DagBag from /home/airflow/.local/lib/python3.7/site-packages/airflow/example_dags/example_skip_dag.py
[2024-04-20T05:53:14.585+0000] {processor.py:768} INFO - DAG(s) dict_keys(['example_skip_dag']) retrieved from /home/airflow/.local/lib/python3.7/site-packages/airflow/example_dags/example_skip_dag.py
[2024-04-20T05:53:14.804+0000] {logging_mixin.py:117} INFO - [2024-04-20T05:53:14.804+0000] {dag.py:2573} INFO - Sync 1 DAGs
[2024-04-20T05:53:14.853+0000] {logging_mixin.py:117} INFO - [2024-04-20T05:53:14.853+0000] {dag.py:3328} INFO - Setting next_dagrun for example_skip_dag to 2024-04-19T05:53:14.853326+00:00, run_after=2024-04-20T05:53:14.853326+00:00
[2024-04-20T05:53:14.893+0000] {processor.py:178} INFO - Processing /home/airflow/.local/lib/python3.7/site-packages/airflow/example_dags/example_skip_dag.py took 0.352 seconds
[2024-04-20T05:53:45.017+0000] {processor.py:156} INFO - Started process (PID=10332) to work on /home/airflow/.local/lib/python3.7/site-packages/airflow/example_dags/example_skip_dag.py
[2024-04-20T05:53:45.017+0000] {processor.py:758} INFO - Processing file /home/airflow/.local/lib/python3.7/site-packages/airflow/example_dags/example_skip_dag.py for tasks to queue
[2024-04-20T05:53:45.018+0000] {logging_mixin.py:117} INFO - [2024-04-20T05:53:45.018+0000] {dagbag.py:525} INFO - Filling up the DagBag from /home/airflow/.local/lib/python3.7/site-packages/airflow/example_dags/example_skip_dag.py
[2024-04-20T05:53:45.032+0000] {processor.py:768} INFO - DAG(s) dict_keys(['example_skip_dag']) retrieved from /home/airflow/.local/lib/python3.7/site-packages/airflow/example_dags/example_skip_dag.py
[2024-04-20T05:53:45.075+0000] {logging_mixin.py:117} INFO - [2024-04-20T05:53:45.075+0000] {dag.py:2573} INFO - Sync 1 DAGs
[2024-04-20T05:53:45.104+0000] {logging_mixin.py:117} INFO - [2024-04-20T05:53:45.104+0000] {dag.py:3328} INFO - Setting next_dagrun for example_skip_dag to 2024-04-19T05:53:45.103848+00:00, run_after=2024-04-20T05:53:45.103848+00:00
[2024-04-20T05:53:45.124+0000] {processor.py:178} INFO - Processing /home/airflow/.local/lib/python3.7/site-packages/airflow/example_dags/example_skip_dag.py took 0.109 seconds
[2024-04-20T05:54:15.493+0000] {processor.py:156} INFO - Started process (PID=10570) to work on /home/airflow/.local/lib/python3.7/site-packages/airflow/example_dags/example_skip_dag.py
[2024-04-20T05:54:15.495+0000] {processor.py:758} INFO - Processing file /home/airflow/.local/lib/python3.7/site-packages/airflow/example_dags/example_skip_dag.py for tasks to queue
[2024-04-20T05:54:15.496+0000] {logging_mixin.py:117} INFO - [2024-04-20T05:54:15.496+0000] {dagbag.py:525} INFO - Filling up the DagBag from /home/airflow/.local/lib/python3.7/site-packages/airflow/example_dags/example_skip_dag.py
[2024-04-20T05:54:15.535+0000] {processor.py:768} INFO - DAG(s) dict_keys(['example_skip_dag']) retrieved from /home/airflow/.local/lib/python3.7/site-packages/airflow/example_dags/example_skip_dag.py
[2024-04-20T05:54:15.627+0000] {logging_mixin.py:117} INFO - [2024-04-20T05:54:15.626+0000] {dag.py:2573} INFO - Sync 1 DAGs
[2024-04-20T05:54:15.716+0000] {logging_mixin.py:117} INFO - [2024-04-20T05:54:15.714+0000] {dag.py:3328} INFO - Setting next_dagrun for example_skip_dag to 2024-04-19T05:54:15.714409+00:00, run_after=2024-04-20T05:54:15.714409+00:00
[2024-04-20T05:54:15.756+0000] {processor.py:178} INFO - Processing /home/airflow/.local/lib/python3.7/site-packages/airflow/example_dags/example_skip_dag.py took 0.266 seconds
[2024-04-20T05:54:46.100+0000] {processor.py:156} INFO - Started process (PID=10793) to work on /home/airflow/.local/lib/python3.7/site-packages/airflow/example_dags/example_skip_dag.py
[2024-04-20T05:54:46.101+0000] {processor.py:758} INFO - Processing file /home/airflow/.local/lib/python3.7/site-packages/airflow/example_dags/example_skip_dag.py for tasks to queue
[2024-04-20T05:54:46.101+0000] {logging_mixin.py:117} INFO - [2024-04-20T05:54:46.101+0000] {dagbag.py:525} INFO - Filling up the DagBag from /home/airflow/.local/lib/python3.7/site-packages/airflow/example_dags/example_skip_dag.py
[2024-04-20T05:54:46.120+0000] {processor.py:768} INFO - DAG(s) dict_keys(['example_skip_dag']) retrieved from /home/airflow/.local/lib/python3.7/site-packages/airflow/example_dags/example_skip_dag.py
[2024-04-20T05:54:46.179+0000] {logging_mixin.py:117} INFO - [2024-04-20T05:54:46.179+0000] {dag.py:2573} INFO - Sync 1 DAGs
[2024-04-20T05:54:46.234+0000] {logging_mixin.py:117} INFO - [2024-04-20T05:54:46.234+0000] {dag.py:3328} INFO - Setting next_dagrun for example_skip_dag to 2024-04-19T05:54:46.234307+00:00, run_after=2024-04-20T05:54:46.234307+00:00
[2024-04-20T05:54:46.257+0000] {processor.py:178} INFO - Processing /home/airflow/.local/lib/python3.7/site-packages/airflow/example_dags/example_skip_dag.py took 0.169 seconds
[2024-04-20T05:55:16.942+0000] {processor.py:156} INFO - Started process (PID=11021) to work on /home/airflow/.local/lib/python3.7/site-packages/airflow/example_dags/example_skip_dag.py
[2024-04-20T05:55:16.943+0000] {processor.py:758} INFO - Processing file /home/airflow/.local/lib/python3.7/site-packages/airflow/example_dags/example_skip_dag.py for tasks to queue
[2024-04-20T05:55:16.944+0000] {logging_mixin.py:117} INFO - [2024-04-20T05:55:16.944+0000] {dagbag.py:525} INFO - Filling up the DagBag from /home/airflow/.local/lib/python3.7/site-packages/airflow/example_dags/example_skip_dag.py
[2024-04-20T05:55:16.961+0000] {processor.py:768} INFO - DAG(s) dict_keys(['example_skip_dag']) retrieved from /home/airflow/.local/lib/python3.7/site-packages/airflow/example_dags/example_skip_dag.py
[2024-04-20T05:55:17.026+0000] {logging_mixin.py:117} INFO - [2024-04-20T05:55:17.026+0000] {dag.py:2573} INFO - Sync 1 DAGs
[2024-04-20T05:55:17.068+0000] {logging_mixin.py:117} INFO - [2024-04-20T05:55:17.068+0000] {dag.py:3328} INFO - Setting next_dagrun for example_skip_dag to 2024-04-19T05:55:17.068485+00:00, run_after=2024-04-20T05:55:17.068485+00:00
[2024-04-20T05:55:17.120+0000] {processor.py:178} INFO - Processing /home/airflow/.local/lib/python3.7/site-packages/airflow/example_dags/example_skip_dag.py took 0.181 seconds
[2024-04-20T05:56:37.941+0000] {processor.py:156} INFO - Started process (PID=231) to work on /home/airflow/.local/lib/python3.7/site-packages/airflow/example_dags/example_skip_dag.py
[2024-04-20T05:56:37.943+0000] {processor.py:758} INFO - Processing file /home/airflow/.local/lib/python3.7/site-packages/airflow/example_dags/example_skip_dag.py for tasks to queue
[2024-04-20T05:56:37.946+0000] {logging_mixin.py:117} INFO - [2024-04-20T05:56:37.946+0000] {dagbag.py:525} INFO - Filling up the DagBag from /home/airflow/.local/lib/python3.7/site-packages/airflow/example_dags/example_skip_dag.py
[2024-04-20T05:56:38.015+0000] {processor.py:768} INFO - DAG(s) dict_keys(['example_skip_dag']) retrieved from /home/airflow/.local/lib/python3.7/site-packages/airflow/example_dags/example_skip_dag.py
[2024-04-20T05:56:38.111+0000] {logging_mixin.py:117} INFO - [2024-04-20T05:56:38.111+0000] {dag.py:2573} INFO - Sync 1 DAGs
[2024-04-20T05:56:38.223+0000] {logging_mixin.py:117} INFO - [2024-04-20T05:56:38.223+0000] {dag.py:3328} INFO - Setting next_dagrun for example_skip_dag to 2024-04-19T05:56:38.222879+00:00, run_after=2024-04-20T05:56:38.222879+00:00
[2024-04-20T05:56:38.264+0000] {processor.py:178} INFO - Processing /home/airflow/.local/lib/python3.7/site-packages/airflow/example_dags/example_skip_dag.py took 0.338 seconds
[2024-04-20T05:57:09.343+0000] {processor.py:156} INFO - Started process (PID=449) to work on /home/airflow/.local/lib/python3.7/site-packages/airflow/example_dags/example_skip_dag.py
[2024-04-20T05:57:09.344+0000] {processor.py:758} INFO - Processing file /home/airflow/.local/lib/python3.7/site-packages/airflow/example_dags/example_skip_dag.py for tasks to queue
[2024-04-20T05:57:09.344+0000] {logging_mixin.py:117} INFO - [2024-04-20T05:57:09.344+0000] {dagbag.py:525} INFO - Filling up the DagBag from /home/airflow/.local/lib/python3.7/site-packages/airflow/example_dags/example_skip_dag.py
[2024-04-20T05:57:09.392+0000] {processor.py:768} INFO - DAG(s) dict_keys(['example_skip_dag']) retrieved from /home/airflow/.local/lib/python3.7/site-packages/airflow/example_dags/example_skip_dag.py
[2024-04-20T05:57:09.496+0000] {logging_mixin.py:117} INFO - [2024-04-20T05:57:09.495+0000] {dag.py:2573} INFO - Sync 1 DAGs
[2024-04-20T05:57:09.563+0000] {logging_mixin.py:117} INFO - [2024-04-20T05:57:09.562+0000] {dag.py:3328} INFO - Setting next_dagrun for example_skip_dag to 2024-04-19T05:57:09.562615+00:00, run_after=2024-04-20T05:57:09.562615+00:00
[2024-04-20T05:57:09.653+0000] {processor.py:178} INFO - Processing /home/airflow/.local/lib/python3.7/site-packages/airflow/example_dags/example_skip_dag.py took 0.314 seconds
[2024-04-20T05:57:40.100+0000] {processor.py:156} INFO - Started process (PID=677) to work on /home/airflow/.local/lib/python3.7/site-packages/airflow/example_dags/example_skip_dag.py
[2024-04-20T05:57:40.101+0000] {processor.py:758} INFO - Processing file /home/airflow/.local/lib/python3.7/site-packages/airflow/example_dags/example_skip_dag.py for tasks to queue
[2024-04-20T05:57:40.101+0000] {logging_mixin.py:117} INFO - [2024-04-20T05:57:40.101+0000] {dagbag.py:525} INFO - Filling up the DagBag from /home/airflow/.local/lib/python3.7/site-packages/airflow/example_dags/example_skip_dag.py
[2024-04-20T05:57:40.118+0000] {processor.py:768} INFO - DAG(s) dict_keys(['example_skip_dag']) retrieved from /home/airflow/.local/lib/python3.7/site-packages/airflow/example_dags/example_skip_dag.py
[2024-04-20T05:57:40.177+0000] {logging_mixin.py:117} INFO - [2024-04-20T05:57:40.177+0000] {dag.py:2573} INFO - Sync 1 DAGs
[2024-04-20T05:57:40.356+0000] {logging_mixin.py:117} INFO - [2024-04-20T05:57:40.356+0000] {dag.py:3328} INFO - Setting next_dagrun for example_skip_dag to 2024-04-19T05:57:40.355887+00:00, run_after=2024-04-20T05:57:40.355887+00:00
[2024-04-20T05:57:40.389+0000] {processor.py:178} INFO - Processing /home/airflow/.local/lib/python3.7/site-packages/airflow/example_dags/example_skip_dag.py took 0.291 seconds
[2024-04-20T05:58:10.991+0000] {processor.py:156} INFO - Started process (PID=900) to work on /home/airflow/.local/lib/python3.7/site-packages/airflow/example_dags/example_skip_dag.py
[2024-04-20T05:58:10.991+0000] {processor.py:758} INFO - Processing file /home/airflow/.local/lib/python3.7/site-packages/airflow/example_dags/example_skip_dag.py for tasks to queue
[2024-04-20T05:58:10.992+0000] {logging_mixin.py:117} INFO - [2024-04-20T05:58:10.992+0000] {dagbag.py:525} INFO - Filling up the DagBag from /home/airflow/.local/lib/python3.7/site-packages/airflow/example_dags/example_skip_dag.py
[2024-04-20T05:58:11.034+0000] {processor.py:768} INFO - DAG(s) dict_keys(['example_skip_dag']) retrieved from /home/airflow/.local/lib/python3.7/site-packages/airflow/example_dags/example_skip_dag.py
[2024-04-20T05:58:11.107+0000] {logging_mixin.py:117} INFO - [2024-04-20T05:58:11.107+0000] {dag.py:2573} INFO - Sync 1 DAGs
[2024-04-20T05:58:11.292+0000] {logging_mixin.py:117} INFO - [2024-04-20T05:58:11.292+0000] {dag.py:3328} INFO - Setting next_dagrun for example_skip_dag to 2024-04-19T05:58:11.292256+00:00, run_after=2024-04-20T05:58:11.292256+00:00
[2024-04-20T05:58:11.334+0000] {processor.py:178} INFO - Processing /home/airflow/.local/lib/python3.7/site-packages/airflow/example_dags/example_skip_dag.py took 0.348 seconds
[2024-04-20T05:58:41.893+0000] {processor.py:156} INFO - Started process (PID=1121) to work on /home/airflow/.local/lib/python3.7/site-packages/airflow/example_dags/example_skip_dag.py
[2024-04-20T05:58:41.894+0000] {processor.py:758} INFO - Processing file /home/airflow/.local/lib/python3.7/site-packages/airflow/example_dags/example_skip_dag.py for tasks to queue
[2024-04-20T05:58:41.894+0000] {logging_mixin.py:117} INFO - [2024-04-20T05:58:41.894+0000] {dagbag.py:525} INFO - Filling up the DagBag from /home/airflow/.local/lib/python3.7/site-packages/airflow/example_dags/example_skip_dag.py
[2024-04-20T05:58:41.911+0000] {processor.py:768} INFO - DAG(s) dict_keys(['example_skip_dag']) retrieved from /home/airflow/.local/lib/python3.7/site-packages/airflow/example_dags/example_skip_dag.py
[2024-04-20T05:58:42.134+0000] {logging_mixin.py:117} INFO - [2024-04-20T05:58:42.133+0000] {dag.py:2573} INFO - Sync 1 DAGs
[2024-04-20T05:58:42.165+0000] {logging_mixin.py:117} INFO - [2024-04-20T05:58:42.165+0000] {dag.py:3328} INFO - Setting next_dagrun for example_skip_dag to 2024-04-19T05:58:42.165389+00:00, run_after=2024-04-20T05:58:42.165389+00:00
[2024-04-20T05:58:42.189+0000] {processor.py:178} INFO - Processing /home/airflow/.local/lib/python3.7/site-packages/airflow/example_dags/example_skip_dag.py took 0.299 seconds
[2024-04-20T05:59:12.608+0000] {processor.py:156} INFO - Started process (PID=1349) to work on /home/airflow/.local/lib/python3.7/site-packages/airflow/example_dags/example_skip_dag.py
[2024-04-20T05:59:12.609+0000] {processor.py:758} INFO - Processing file /home/airflow/.local/lib/python3.7/site-packages/airflow/example_dags/example_skip_dag.py for tasks to queue
[2024-04-20T05:59:12.610+0000] {logging_mixin.py:117} INFO - [2024-04-20T05:59:12.609+0000] {dagbag.py:525} INFO - Filling up the DagBag from /home/airflow/.local/lib/python3.7/site-packages/airflow/example_dags/example_skip_dag.py
[2024-04-20T05:59:12.625+0000] {processor.py:768} INFO - DAG(s) dict_keys(['example_skip_dag']) retrieved from /home/airflow/.local/lib/python3.7/site-packages/airflow/example_dags/example_skip_dag.py
[2024-04-20T05:59:12.827+0000] {logging_mixin.py:117} INFO - [2024-04-20T05:59:12.827+0000] {dag.py:2573} INFO - Sync 1 DAGs
[2024-04-20T05:59:12.858+0000] {logging_mixin.py:117} INFO - [2024-04-20T05:59:12.858+0000] {dag.py:3328} INFO - Setting next_dagrun for example_skip_dag to 2024-04-19T05:59:12.858533+00:00, run_after=2024-04-20T05:59:12.858533+00:00
[2024-04-20T05:59:12.900+0000] {processor.py:178} INFO - Processing /home/airflow/.local/lib/python3.7/site-packages/airflow/example_dags/example_skip_dag.py took 0.295 seconds
[2024-04-20T05:59:44.191+0000] {processor.py:156} INFO - Started process (PID=1567) to work on /home/airflow/.local/lib/python3.7/site-packages/airflow/example_dags/example_skip_dag.py
[2024-04-20T05:59:44.195+0000] {processor.py:758} INFO - Processing file /home/airflow/.local/lib/python3.7/site-packages/airflow/example_dags/example_skip_dag.py for tasks to queue
[2024-04-20T05:59:44.196+0000] {logging_mixin.py:117} INFO - [2024-04-20T05:59:44.195+0000] {dagbag.py:525} INFO - Filling up the DagBag from /home/airflow/.local/lib/python3.7/site-packages/airflow/example_dags/example_skip_dag.py
[2024-04-20T05:59:44.397+0000] {processor.py:768} INFO - DAG(s) dict_keys(['example_skip_dag']) retrieved from /home/airflow/.local/lib/python3.7/site-packages/airflow/example_dags/example_skip_dag.py
[2024-04-20T05:59:44.437+0000] {logging_mixin.py:117} INFO - [2024-04-20T05:59:44.436+0000] {dag.py:2573} INFO - Sync 1 DAGs
[2024-04-20T05:59:44.470+0000] {logging_mixin.py:117} INFO - [2024-04-20T05:59:44.470+0000] {dag.py:3328} INFO - Setting next_dagrun for example_skip_dag to 2024-04-19T05:59:44.470302+00:00, run_after=2024-04-20T05:59:44.470302+00:00
[2024-04-20T05:59:44.489+0000] {processor.py:178} INFO - Processing /home/airflow/.local/lib/python3.7/site-packages/airflow/example_dags/example_skip_dag.py took 0.318 seconds
[2024-04-20T06:00:14.582+0000] {processor.py:156} INFO - Started process (PID=1793) to work on /home/airflow/.local/lib/python3.7/site-packages/airflow/example_dags/example_skip_dag.py
[2024-04-20T06:00:14.583+0000] {processor.py:758} INFO - Processing file /home/airflow/.local/lib/python3.7/site-packages/airflow/example_dags/example_skip_dag.py for tasks to queue
[2024-04-20T06:00:14.584+0000] {logging_mixin.py:117} INFO - [2024-04-20T06:00:14.583+0000] {dagbag.py:525} INFO - Filling up the DagBag from /home/airflow/.local/lib/python3.7/site-packages/airflow/example_dags/example_skip_dag.py
[2024-04-20T06:00:14.604+0000] {processor.py:768} INFO - DAG(s) dict_keys(['example_skip_dag']) retrieved from /home/airflow/.local/lib/python3.7/site-packages/airflow/example_dags/example_skip_dag.py
[2024-04-20T06:00:14.689+0000] {logging_mixin.py:117} INFO - [2024-04-20T06:00:14.689+0000] {dag.py:2573} INFO - Sync 1 DAGs
[2024-04-20T06:00:14.719+0000] {logging_mixin.py:117} INFO - [2024-04-20T06:00:14.719+0000] {dag.py:3328} INFO - Setting next_dagrun for example_skip_dag to 2024-04-19T06:00:14.718840+00:00, run_after=2024-04-20T06:00:14.718840+00:00
[2024-04-20T06:00:14.743+0000] {processor.py:178} INFO - Processing /home/airflow/.local/lib/python3.7/site-packages/airflow/example_dags/example_skip_dag.py took 0.164 seconds
[2024-04-20T06:00:45.033+0000] {processor.py:156} INFO - Started process (PID=2023) to work on /home/airflow/.local/lib/python3.7/site-packages/airflow/example_dags/example_skip_dag.py
[2024-04-20T06:00:45.033+0000] {processor.py:758} INFO - Processing file /home/airflow/.local/lib/python3.7/site-packages/airflow/example_dags/example_skip_dag.py for tasks to queue
[2024-04-20T06:00:45.035+0000] {logging_mixin.py:117} INFO - [2024-04-20T06:00:45.034+0000] {dagbag.py:525} INFO - Filling up the DagBag from /home/airflow/.local/lib/python3.7/site-packages/airflow/example_dags/example_skip_dag.py
[2024-04-20T06:00:45.048+0000] {processor.py:768} INFO - DAG(s) dict_keys(['example_skip_dag']) retrieved from /home/airflow/.local/lib/python3.7/site-packages/airflow/example_dags/example_skip_dag.py
[2024-04-20T06:00:45.083+0000] {logging_mixin.py:117} INFO - [2024-04-20T06:00:45.083+0000] {dag.py:2573} INFO - Sync 1 DAGs
[2024-04-20T06:00:45.104+0000] {logging_mixin.py:117} INFO - [2024-04-20T06:00:45.103+0000] {dag.py:3328} INFO - Setting next_dagrun for example_skip_dag to 2024-04-19T06:00:45.103696+00:00, run_after=2024-04-20T06:00:45.103696+00:00
[2024-04-20T06:00:45.124+0000] {processor.py:178} INFO - Processing /home/airflow/.local/lib/python3.7/site-packages/airflow/example_dags/example_skip_dag.py took 0.095 seconds
[2024-04-20T06:01:15.599+0000] {processor.py:156} INFO - Started process (PID=2241) to work on /home/airflow/.local/lib/python3.7/site-packages/airflow/example_dags/example_skip_dag.py
[2024-04-20T06:01:15.599+0000] {processor.py:758} INFO - Processing file /home/airflow/.local/lib/python3.7/site-packages/airflow/example_dags/example_skip_dag.py for tasks to queue
[2024-04-20T06:01:15.600+0000] {logging_mixin.py:117} INFO - [2024-04-20T06:01:15.600+0000] {dagbag.py:525} INFO - Filling up the DagBag from /home/airflow/.local/lib/python3.7/site-packages/airflow/example_dags/example_skip_dag.py
[2024-04-20T06:01:15.615+0000] {processor.py:768} INFO - DAG(s) dict_keys(['example_skip_dag']) retrieved from /home/airflow/.local/lib/python3.7/site-packages/airflow/example_dags/example_skip_dag.py
[2024-04-20T06:01:15.672+0000] {logging_mixin.py:117} INFO - [2024-04-20T06:01:15.672+0000] {dag.py:2573} INFO - Sync 1 DAGs
[2024-04-20T06:01:15.694+0000] {logging_mixin.py:117} INFO - [2024-04-20T06:01:15.694+0000] {dag.py:3328} INFO - Setting next_dagrun for example_skip_dag to 2024-04-19T06:01:15.694227+00:00, run_after=2024-04-20T06:01:15.694227+00:00
[2024-04-20T06:01:15.716+0000] {processor.py:178} INFO - Processing /home/airflow/.local/lib/python3.7/site-packages/airflow/example_dags/example_skip_dag.py took 0.121 seconds
[2024-04-20T06:01:46.224+0000] {processor.py:156} INFO - Started process (PID=2469) to work on /home/airflow/.local/lib/python3.7/site-packages/airflow/example_dags/example_skip_dag.py
[2024-04-20T06:01:46.225+0000] {processor.py:758} INFO - Processing file /home/airflow/.local/lib/python3.7/site-packages/airflow/example_dags/example_skip_dag.py for tasks to queue
[2024-04-20T06:01:46.225+0000] {logging_mixin.py:117} INFO - [2024-04-20T06:01:46.225+0000] {dagbag.py:525} INFO - Filling up the DagBag from /home/airflow/.local/lib/python3.7/site-packages/airflow/example_dags/example_skip_dag.py
[2024-04-20T06:01:46.239+0000] {processor.py:768} INFO - DAG(s) dict_keys(['example_skip_dag']) retrieved from /home/airflow/.local/lib/python3.7/site-packages/airflow/example_dags/example_skip_dag.py
[2024-04-20T06:01:46.274+0000] {logging_mixin.py:117} INFO - [2024-04-20T06:01:46.274+0000] {dag.py:2573} INFO - Sync 1 DAGs
[2024-04-20T06:01:46.296+0000] {logging_mixin.py:117} INFO - [2024-04-20T06:01:46.296+0000] {dag.py:3328} INFO - Setting next_dagrun for example_skip_dag to 2024-04-19T06:01:46.295932+00:00, run_after=2024-04-20T06:01:46.295932+00:00
[2024-04-20T06:01:46.315+0000] {processor.py:178} INFO - Processing /home/airflow/.local/lib/python3.7/site-packages/airflow/example_dags/example_skip_dag.py took 0.094 seconds
[2024-04-20T06:02:17.399+0000] {processor.py:156} INFO - Started process (PID=2695) to work on /home/airflow/.local/lib/python3.7/site-packages/airflow/example_dags/example_skip_dag.py
[2024-04-20T06:02:17.400+0000] {processor.py:758} INFO - Processing file /home/airflow/.local/lib/python3.7/site-packages/airflow/example_dags/example_skip_dag.py for tasks to queue
[2024-04-20T06:02:17.401+0000] {logging_mixin.py:117} INFO - [2024-04-20T06:02:17.400+0000] {dagbag.py:525} INFO - Filling up the DagBag from /home/airflow/.local/lib/python3.7/site-packages/airflow/example_dags/example_skip_dag.py
[2024-04-20T06:02:17.424+0000] {processor.py:768} INFO - DAG(s) dict_keys(['example_skip_dag']) retrieved from /home/airflow/.local/lib/python3.7/site-packages/airflow/example_dags/example_skip_dag.py
[2024-04-20T06:02:17.477+0000] {logging_mixin.py:117} INFO - [2024-04-20T06:02:17.477+0000] {dag.py:2573} INFO - Sync 1 DAGs
[2024-04-20T06:02:17.504+0000] {logging_mixin.py:117} INFO - [2024-04-20T06:02:17.504+0000] {dag.py:3328} INFO - Setting next_dagrun for example_skip_dag to 2024-04-19T06:02:17.504285+00:00, run_after=2024-04-20T06:02:17.504285+00:00
[2024-04-20T06:02:17.530+0000] {processor.py:178} INFO - Processing /home/airflow/.local/lib/python3.7/site-packages/airflow/example_dags/example_skip_dag.py took 0.134 seconds
[2024-04-20T06:02:48.735+0000] {processor.py:156} INFO - Started process (PID=2913) to work on /home/airflow/.local/lib/python3.7/site-packages/airflow/example_dags/example_skip_dag.py
[2024-04-20T06:02:48.738+0000] {processor.py:758} INFO - Processing file /home/airflow/.local/lib/python3.7/site-packages/airflow/example_dags/example_skip_dag.py for tasks to queue
[2024-04-20T06:02:48.739+0000] {logging_mixin.py:117} INFO - [2024-04-20T06:02:48.738+0000] {dagbag.py:525} INFO - Filling up the DagBag from /home/airflow/.local/lib/python3.7/site-packages/airflow/example_dags/example_skip_dag.py
[2024-04-20T06:02:48.781+0000] {processor.py:768} INFO - DAG(s) dict_keys(['example_skip_dag']) retrieved from /home/airflow/.local/lib/python3.7/site-packages/airflow/example_dags/example_skip_dag.py
[2024-04-20T06:02:48.831+0000] {logging_mixin.py:117} INFO - [2024-04-20T06:02:48.831+0000] {dag.py:2573} INFO - Sync 1 DAGs
[2024-04-20T06:02:48.864+0000] {logging_mixin.py:117} INFO - [2024-04-20T06:02:48.863+0000] {dag.py:3328} INFO - Setting next_dagrun for example_skip_dag to 2024-04-19T06:02:48.863684+00:00, run_after=2024-04-20T06:02:48.863684+00:00
[2024-04-20T06:02:48.893+0000] {processor.py:178} INFO - Processing /home/airflow/.local/lib/python3.7/site-packages/airflow/example_dags/example_skip_dag.py took 0.177 seconds
[2024-04-20T06:03:19.117+0000] {processor.py:156} INFO - Started process (PID=3142) to work on /home/airflow/.local/lib/python3.7/site-packages/airflow/example_dags/example_skip_dag.py
[2024-04-20T06:03:19.118+0000] {processor.py:758} INFO - Processing file /home/airflow/.local/lib/python3.7/site-packages/airflow/example_dags/example_skip_dag.py for tasks to queue
[2024-04-20T06:03:19.118+0000] {logging_mixin.py:117} INFO - [2024-04-20T06:03:19.118+0000] {dagbag.py:525} INFO - Filling up the DagBag from /home/airflow/.local/lib/python3.7/site-packages/airflow/example_dags/example_skip_dag.py
[2024-04-20T06:03:19.132+0000] {processor.py:768} INFO - DAG(s) dict_keys(['example_skip_dag']) retrieved from /home/airflow/.local/lib/python3.7/site-packages/airflow/example_dags/example_skip_dag.py
[2024-04-20T06:03:19.182+0000] {logging_mixin.py:117} INFO - [2024-04-20T06:03:19.182+0000] {dag.py:2573} INFO - Sync 1 DAGs
[2024-04-20T06:03:19.201+0000] {logging_mixin.py:117} INFO - [2024-04-20T06:03:19.201+0000] {dag.py:3328} INFO - Setting next_dagrun for example_skip_dag to 2024-04-19T06:03:19.201685+00:00, run_after=2024-04-20T06:03:19.201685+00:00
[2024-04-20T06:03:19.222+0000] {processor.py:178} INFO - Processing /home/airflow/.local/lib/python3.7/site-packages/airflow/example_dags/example_skip_dag.py took 0.106 seconds
