[2024-04-20T05:31:50.285+0000] {processor.py:156} INFO - Started process (PID=270) to work on /home/airflow/.local/lib/python3.7/site-packages/airflow/example_dags/example_python_operator.py
[2024-04-20T05:31:50.286+0000] {processor.py:758} INFO - Processing file /home/airflow/.local/lib/python3.7/site-packages/airflow/example_dags/example_python_operator.py for tasks to queue
[2024-04-20T05:31:50.286+0000] {logging_mixin.py:117} INFO - [2024-04-20T05:31:50.286+0000] {dagbag.py:525} INFO - Filling up the DagBag from /home/airflow/.local/lib/python3.7/site-packages/airflow/example_dags/example_python_operator.py
[2024-04-20T05:31:50.369+0000] {processor.py:768} INFO - DAG(s) dict_keys(['example_python_operator']) retrieved from /home/airflow/.local/lib/python3.7/site-packages/airflow/example_dags/example_python_operator.py
[2024-04-20T05:31:51.265+0000] {logging_mixin.py:117} INFO - [2024-04-20T05:31:51.265+0000] {manager.py:507} INFO - Created Permission View: can delete on DAG:example_python_operator
[2024-04-20T05:31:51.311+0000] {logging_mixin.py:117} INFO - [2024-04-20T05:31:51.310+0000] {manager.py:507} INFO - Created Permission View: can edit on DAG:example_python_operator
[2024-04-20T05:31:51.330+0000] {logging_mixin.py:117} INFO - [2024-04-20T05:31:51.330+0000] {manager.py:507} INFO - Created Permission View: can read on DAG:example_python_operator
[2024-04-20T05:31:51.330+0000] {logging_mixin.py:117} INFO - [2024-04-20T05:31:51.330+0000] {dag.py:2573} INFO - Sync 1 DAGs
[2024-04-20T05:31:51.384+0000] {logging_mixin.py:117} INFO - [2024-04-20T05:31:51.383+0000] {dag.py:2594} INFO - Creating ORM DAG for example_python_operator
[2024-04-20T05:31:51.419+0000] {logging_mixin.py:117} INFO - [2024-04-20T05:31:51.418+0000] {dag.py:3328} INFO - Setting next_dagrun for example_python_operator to None, run_after=None
[2024-04-20T05:31:51.466+0000] {processor.py:178} INFO - Processing /home/airflow/.local/lib/python3.7/site-packages/airflow/example_dags/example_python_operator.py took 1.193 seconds
[2024-04-20T05:32:21.930+0000] {processor.py:156} INFO - Started process (PID=484) to work on /home/airflow/.local/lib/python3.7/site-packages/airflow/example_dags/example_python_operator.py
[2024-04-20T05:32:21.931+0000] {processor.py:758} INFO - Processing file /home/airflow/.local/lib/python3.7/site-packages/airflow/example_dags/example_python_operator.py for tasks to queue
[2024-04-20T05:32:21.932+0000] {logging_mixin.py:117} INFO - [2024-04-20T05:32:21.932+0000] {dagbag.py:525} INFO - Filling up the DagBag from /home/airflow/.local/lib/python3.7/site-packages/airflow/example_dags/example_python_operator.py
[2024-04-20T05:32:22.014+0000] {processor.py:768} INFO - DAG(s) dict_keys(['example_python_operator']) retrieved from /home/airflow/.local/lib/python3.7/site-packages/airflow/example_dags/example_python_operator.py
[2024-04-20T05:32:22.109+0000] {logging_mixin.py:117} INFO - [2024-04-20T05:32:22.109+0000] {dag.py:2573} INFO - Sync 1 DAGs
[2024-04-20T05:32:22.442+0000] {logging_mixin.py:117} INFO - [2024-04-20T05:32:22.442+0000] {dag.py:3328} INFO - Setting next_dagrun for example_python_operator to None, run_after=None
[2024-04-20T05:32:22.482+0000] {processor.py:178} INFO - Processing /home/airflow/.local/lib/python3.7/site-packages/airflow/example_dags/example_python_operator.py took 0.555 seconds
[2024-04-20T05:32:53.381+0000] {processor.py:156} INFO - Started process (PID=709) to work on /home/airflow/.local/lib/python3.7/site-packages/airflow/example_dags/example_python_operator.py
[2024-04-20T05:32:53.381+0000] {processor.py:758} INFO - Processing file /home/airflow/.local/lib/python3.7/site-packages/airflow/example_dags/example_python_operator.py for tasks to queue
[2024-04-20T05:32:53.382+0000] {logging_mixin.py:117} INFO - [2024-04-20T05:32:53.382+0000] {dagbag.py:525} INFO - Filling up the DagBag from /home/airflow/.local/lib/python3.7/site-packages/airflow/example_dags/example_python_operator.py
[2024-04-20T05:32:53.426+0000] {processor.py:768} INFO - DAG(s) dict_keys(['example_python_operator']) retrieved from /home/airflow/.local/lib/python3.7/site-packages/airflow/example_dags/example_python_operator.py
[2024-04-20T05:32:53.501+0000] {logging_mixin.py:117} INFO - [2024-04-20T05:32:53.501+0000] {dag.py:2573} INFO - Sync 1 DAGs
[2024-04-20T05:32:53.969+0000] {logging_mixin.py:117} INFO - [2024-04-20T05:32:53.969+0000] {dag.py:3328} INFO - Setting next_dagrun for example_python_operator to None, run_after=None
[2024-04-20T05:32:54.008+0000] {processor.py:178} INFO - Processing /home/airflow/.local/lib/python3.7/site-packages/airflow/example_dags/example_python_operator.py took 0.630 seconds
[2024-04-20T05:33:24.806+0000] {processor.py:156} INFO - Started process (PID=924) to work on /home/airflow/.local/lib/python3.7/site-packages/airflow/example_dags/example_python_operator.py
[2024-04-20T05:33:24.807+0000] {processor.py:758} INFO - Processing file /home/airflow/.local/lib/python3.7/site-packages/airflow/example_dags/example_python_operator.py for tasks to queue
[2024-04-20T05:33:24.807+0000] {logging_mixin.py:117} INFO - [2024-04-20T05:33:24.807+0000] {dagbag.py:525} INFO - Filling up the DagBag from /home/airflow/.local/lib/python3.7/site-packages/airflow/example_dags/example_python_operator.py
[2024-04-20T05:33:24.838+0000] {processor.py:768} INFO - DAG(s) dict_keys(['example_python_operator']) retrieved from /home/airflow/.local/lib/python3.7/site-packages/airflow/example_dags/example_python_operator.py
[2024-04-20T05:33:25.026+0000] {logging_mixin.py:117} INFO - [2024-04-20T05:33:25.026+0000] {dag.py:2573} INFO - Sync 1 DAGs
[2024-04-20T05:33:25.078+0000] {logging_mixin.py:117} INFO - [2024-04-20T05:33:25.078+0000] {dag.py:3328} INFO - Setting next_dagrun for example_python_operator to None, run_after=None
[2024-04-20T05:33:25.115+0000] {processor.py:178} INFO - Processing /home/airflow/.local/lib/python3.7/site-packages/airflow/example_dags/example_python_operator.py took 0.312 seconds
[2024-04-20T05:33:55.632+0000] {processor.py:156} INFO - Started process (PID=1141) to work on /home/airflow/.local/lib/python3.7/site-packages/airflow/example_dags/example_python_operator.py
[2024-04-20T05:33:55.633+0000] {processor.py:758} INFO - Processing file /home/airflow/.local/lib/python3.7/site-packages/airflow/example_dags/example_python_operator.py for tasks to queue
[2024-04-20T05:33:55.633+0000] {logging_mixin.py:117} INFO - [2024-04-20T05:33:55.633+0000] {dagbag.py:525} INFO - Filling up the DagBag from /home/airflow/.local/lib/python3.7/site-packages/airflow/example_dags/example_python_operator.py
[2024-04-20T05:33:55.667+0000] {processor.py:768} INFO - DAG(s) dict_keys(['example_python_operator']) retrieved from /home/airflow/.local/lib/python3.7/site-packages/airflow/example_dags/example_python_operator.py
[2024-04-20T05:33:55.863+0000] {logging_mixin.py:117} INFO - [2024-04-20T05:33:55.863+0000] {dag.py:2573} INFO - Sync 1 DAGs
[2024-04-20T05:33:55.895+0000] {logging_mixin.py:117} INFO - [2024-04-20T05:33:55.895+0000] {dag.py:3328} INFO - Setting next_dagrun for example_python_operator to None, run_after=None
[2024-04-20T05:33:55.921+0000] {processor.py:178} INFO - Processing /home/airflow/.local/lib/python3.7/site-packages/airflow/example_dags/example_python_operator.py took 0.292 seconds
[2024-04-20T05:34:26.023+0000] {processor.py:156} INFO - Started process (PID=1350) to work on /home/airflow/.local/lib/python3.7/site-packages/airflow/example_dags/example_python_operator.py
[2024-04-20T05:34:26.024+0000] {processor.py:758} INFO - Processing file /home/airflow/.local/lib/python3.7/site-packages/airflow/example_dags/example_python_operator.py for tasks to queue
[2024-04-20T05:34:26.024+0000] {logging_mixin.py:117} INFO - [2024-04-20T05:34:26.024+0000] {dagbag.py:525} INFO - Filling up the DagBag from /home/airflow/.local/lib/python3.7/site-packages/airflow/example_dags/example_python_operator.py
[2024-04-20T05:34:26.238+0000] {processor.py:768} INFO - DAG(s) dict_keys(['example_python_operator']) retrieved from /home/airflow/.local/lib/python3.7/site-packages/airflow/example_dags/example_python_operator.py
[2024-04-20T05:34:26.280+0000] {logging_mixin.py:117} INFO - [2024-04-20T05:34:26.279+0000] {dag.py:2573} INFO - Sync 1 DAGs
[2024-04-20T05:34:26.310+0000] {logging_mixin.py:117} INFO - [2024-04-20T05:34:26.310+0000] {dag.py:3328} INFO - Setting next_dagrun for example_python_operator to None, run_after=None
[2024-04-20T05:34:26.333+0000] {processor.py:178} INFO - Processing /home/airflow/.local/lib/python3.7/site-packages/airflow/example_dags/example_python_operator.py took 0.314 seconds
[2024-04-20T05:34:56.613+0000] {processor.py:156} INFO - Started process (PID=1569) to work on /home/airflow/.local/lib/python3.7/site-packages/airflow/example_dags/example_python_operator.py
[2024-04-20T05:34:56.613+0000] {processor.py:758} INFO - Processing file /home/airflow/.local/lib/python3.7/site-packages/airflow/example_dags/example_python_operator.py for tasks to queue
[2024-04-20T05:34:56.614+0000] {logging_mixin.py:117} INFO - [2024-04-20T05:34:56.614+0000] {dagbag.py:525} INFO - Filling up the DagBag from /home/airflow/.local/lib/python3.7/site-packages/airflow/example_dags/example_python_operator.py
[2024-04-20T05:34:56.645+0000] {processor.py:768} INFO - DAG(s) dict_keys(['example_python_operator']) retrieved from /home/airflow/.local/lib/python3.7/site-packages/airflow/example_dags/example_python_operator.py
[2024-04-20T05:34:56.714+0000] {logging_mixin.py:117} INFO - [2024-04-20T05:34:56.714+0000] {dag.py:2573} INFO - Sync 1 DAGs
[2024-04-20T05:34:56.743+0000] {logging_mixin.py:117} INFO - [2024-04-20T05:34:56.743+0000] {dag.py:3328} INFO - Setting next_dagrun for example_python_operator to None, run_after=None
[2024-04-20T05:34:56.766+0000] {processor.py:178} INFO - Processing /home/airflow/.local/lib/python3.7/site-packages/airflow/example_dags/example_python_operator.py took 0.303 seconds
[2024-04-20T05:35:27.414+0000] {processor.py:156} INFO - Started process (PID=1777) to work on /home/airflow/.local/lib/python3.7/site-packages/airflow/example_dags/example_python_operator.py
[2024-04-20T05:35:27.414+0000] {processor.py:758} INFO - Processing file /home/airflow/.local/lib/python3.7/site-packages/airflow/example_dags/example_python_operator.py for tasks to queue
[2024-04-20T05:35:27.415+0000] {logging_mixin.py:117} INFO - [2024-04-20T05:35:27.415+0000] {dagbag.py:525} INFO - Filling up the DagBag from /home/airflow/.local/lib/python3.7/site-packages/airflow/example_dags/example_python_operator.py
[2024-04-20T05:35:27.450+0000] {processor.py:768} INFO - DAG(s) dict_keys(['example_python_operator']) retrieved from /home/airflow/.local/lib/python3.7/site-packages/airflow/example_dags/example_python_operator.py
[2024-04-20T05:35:27.501+0000] {logging_mixin.py:117} INFO - [2024-04-20T05:35:27.501+0000] {dag.py:2573} INFO - Sync 1 DAGs
[2024-04-20T05:35:27.535+0000] {logging_mixin.py:117} INFO - [2024-04-20T05:35:27.535+0000] {dag.py:3328} INFO - Setting next_dagrun for example_python_operator to None, run_after=None
[2024-04-20T05:35:27.562+0000] {processor.py:178} INFO - Processing /home/airflow/.local/lib/python3.7/site-packages/airflow/example_dags/example_python_operator.py took 0.151 seconds
[2024-04-20T05:35:58.198+0000] {processor.py:156} INFO - Started process (PID=1994) to work on /home/airflow/.local/lib/python3.7/site-packages/airflow/example_dags/example_python_operator.py
[2024-04-20T05:35:58.198+0000] {processor.py:758} INFO - Processing file /home/airflow/.local/lib/python3.7/site-packages/airflow/example_dags/example_python_operator.py for tasks to queue
[2024-04-20T05:35:58.199+0000] {logging_mixin.py:117} INFO - [2024-04-20T05:35:58.199+0000] {dagbag.py:525} INFO - Filling up the DagBag from /home/airflow/.local/lib/python3.7/site-packages/airflow/example_dags/example_python_operator.py
[2024-04-20T05:35:58.233+0000] {processor.py:768} INFO - DAG(s) dict_keys(['example_python_operator']) retrieved from /home/airflow/.local/lib/python3.7/site-packages/airflow/example_dags/example_python_operator.py
[2024-04-20T05:35:58.288+0000] {logging_mixin.py:117} INFO - [2024-04-20T05:35:58.288+0000] {dag.py:2573} INFO - Sync 1 DAGs
[2024-04-20T05:35:58.319+0000] {logging_mixin.py:117} INFO - [2024-04-20T05:35:58.319+0000] {dag.py:3328} INFO - Setting next_dagrun for example_python_operator to None, run_after=None
[2024-04-20T05:35:58.346+0000] {processor.py:178} INFO - Processing /home/airflow/.local/lib/python3.7/site-packages/airflow/example_dags/example_python_operator.py took 0.152 seconds
[2024-04-20T05:36:28.456+0000] {processor.py:156} INFO - Started process (PID=2200) to work on /home/airflow/.local/lib/python3.7/site-packages/airflow/example_dags/example_python_operator.py
[2024-04-20T05:36:28.456+0000] {processor.py:758} INFO - Processing file /home/airflow/.local/lib/python3.7/site-packages/airflow/example_dags/example_python_operator.py for tasks to queue
[2024-04-20T05:36:28.457+0000] {logging_mixin.py:117} INFO - [2024-04-20T05:36:28.457+0000] {dagbag.py:525} INFO - Filling up the DagBag from /home/airflow/.local/lib/python3.7/site-packages/airflow/example_dags/example_python_operator.py
[2024-04-20T05:36:28.488+0000] {processor.py:768} INFO - DAG(s) dict_keys(['example_python_operator']) retrieved from /home/airflow/.local/lib/python3.7/site-packages/airflow/example_dags/example_python_operator.py
[2024-04-20T05:36:28.537+0000] {logging_mixin.py:117} INFO - [2024-04-20T05:36:28.537+0000] {dag.py:2573} INFO - Sync 1 DAGs
[2024-04-20T05:36:28.570+0000] {logging_mixin.py:117} INFO - [2024-04-20T05:36:28.570+0000] {dag.py:3328} INFO - Setting next_dagrun for example_python_operator to None, run_after=None
[2024-04-20T05:36:28.595+0000] {processor.py:178} INFO - Processing /home/airflow/.local/lib/python3.7/site-packages/airflow/example_dags/example_python_operator.py took 0.144 seconds
[2024-04-20T05:36:58.974+0000] {processor.py:156} INFO - Started process (PID=2473) to work on /home/airflow/.local/lib/python3.7/site-packages/airflow/example_dags/example_python_operator.py
[2024-04-20T05:36:58.975+0000] {processor.py:758} INFO - Processing file /home/airflow/.local/lib/python3.7/site-packages/airflow/example_dags/example_python_operator.py for tasks to queue
[2024-04-20T05:36:58.975+0000] {logging_mixin.py:117} INFO - [2024-04-20T05:36:58.975+0000] {dagbag.py:525} INFO - Filling up the DagBag from /home/airflow/.local/lib/python3.7/site-packages/airflow/example_dags/example_python_operator.py
[2024-04-20T05:36:59.010+0000] {processor.py:768} INFO - DAG(s) dict_keys(['example_python_operator']) retrieved from /home/airflow/.local/lib/python3.7/site-packages/airflow/example_dags/example_python_operator.py
[2024-04-20T05:36:59.075+0000] {logging_mixin.py:117} INFO - [2024-04-20T05:36:59.075+0000] {dag.py:2573} INFO - Sync 1 DAGs
[2024-04-20T05:36:59.106+0000] {logging_mixin.py:117} INFO - [2024-04-20T05:36:59.106+0000] {dag.py:3328} INFO - Setting next_dagrun for example_python_operator to None, run_after=None
[2024-04-20T05:36:59.130+0000] {processor.py:178} INFO - Processing /home/airflow/.local/lib/python3.7/site-packages/airflow/example_dags/example_python_operator.py took 0.159 seconds
[2024-04-20T05:37:29.542+0000] {processor.py:156} INFO - Started process (PID=2744) to work on /home/airflow/.local/lib/python3.7/site-packages/airflow/example_dags/example_python_operator.py
[2024-04-20T05:37:29.543+0000] {processor.py:758} INFO - Processing file /home/airflow/.local/lib/python3.7/site-packages/airflow/example_dags/example_python_operator.py for tasks to queue
[2024-04-20T05:37:29.543+0000] {logging_mixin.py:117} INFO - [2024-04-20T05:37:29.543+0000] {dagbag.py:525} INFO - Filling up the DagBag from /home/airflow/.local/lib/python3.7/site-packages/airflow/example_dags/example_python_operator.py
[2024-04-20T05:37:29.607+0000] {processor.py:768} INFO - DAG(s) dict_keys(['example_python_operator']) retrieved from /home/airflow/.local/lib/python3.7/site-packages/airflow/example_dags/example_python_operator.py
[2024-04-20T05:37:29.702+0000] {logging_mixin.py:117} INFO - [2024-04-20T05:37:29.702+0000] {dag.py:2573} INFO - Sync 1 DAGs
[2024-04-20T05:37:29.737+0000] {logging_mixin.py:117} INFO - [2024-04-20T05:37:29.737+0000] {dag.py:3328} INFO - Setting next_dagrun for example_python_operator to None, run_after=None
[2024-04-20T05:37:29.772+0000] {processor.py:178} INFO - Processing /home/airflow/.local/lib/python3.7/site-packages/airflow/example_dags/example_python_operator.py took 0.234 seconds
[2024-04-20T05:38:00.327+0000] {processor.py:156} INFO - Started process (PID=2965) to work on /home/airflow/.local/lib/python3.7/site-packages/airflow/example_dags/example_python_operator.py
[2024-04-20T05:38:00.327+0000] {processor.py:758} INFO - Processing file /home/airflow/.local/lib/python3.7/site-packages/airflow/example_dags/example_python_operator.py for tasks to queue
[2024-04-20T05:38:00.328+0000] {logging_mixin.py:117} INFO - [2024-04-20T05:38:00.328+0000] {dagbag.py:525} INFO - Filling up the DagBag from /home/airflow/.local/lib/python3.7/site-packages/airflow/example_dags/example_python_operator.py
[2024-04-20T05:38:00.370+0000] {processor.py:768} INFO - DAG(s) dict_keys(['example_python_operator']) retrieved from /home/airflow/.local/lib/python3.7/site-packages/airflow/example_dags/example_python_operator.py
[2024-04-20T05:38:00.420+0000] {logging_mixin.py:117} INFO - [2024-04-20T05:38:00.420+0000] {dag.py:2573} INFO - Sync 1 DAGs
[2024-04-20T05:38:00.456+0000] {logging_mixin.py:117} INFO - [2024-04-20T05:38:00.456+0000] {dag.py:3328} INFO - Setting next_dagrun for example_python_operator to None, run_after=None
[2024-04-20T05:38:00.497+0000] {processor.py:178} INFO - Processing /home/airflow/.local/lib/python3.7/site-packages/airflow/example_dags/example_python_operator.py took 0.176 seconds
[2024-04-20T05:38:30.894+0000] {processor.py:156} INFO - Started process (PID=3195) to work on /home/airflow/.local/lib/python3.7/site-packages/airflow/example_dags/example_python_operator.py
[2024-04-20T05:38:30.895+0000] {processor.py:758} INFO - Processing file /home/airflow/.local/lib/python3.7/site-packages/airflow/example_dags/example_python_operator.py for tasks to queue
[2024-04-20T05:38:30.896+0000] {logging_mixin.py:117} INFO - [2024-04-20T05:38:30.896+0000] {dagbag.py:525} INFO - Filling up the DagBag from /home/airflow/.local/lib/python3.7/site-packages/airflow/example_dags/example_python_operator.py
[2024-04-20T05:38:30.941+0000] {processor.py:768} INFO - DAG(s) dict_keys(['example_python_operator']) retrieved from /home/airflow/.local/lib/python3.7/site-packages/airflow/example_dags/example_python_operator.py
[2024-04-20T05:38:30.993+0000] {logging_mixin.py:117} INFO - [2024-04-20T05:38:30.993+0000] {dag.py:2573} INFO - Sync 1 DAGs
[2024-04-20T05:38:31.025+0000] {logging_mixin.py:117} INFO - [2024-04-20T05:38:31.025+0000] {dag.py:3328} INFO - Setting next_dagrun for example_python_operator to None, run_after=None
[2024-04-20T05:38:31.048+0000] {processor.py:178} INFO - Processing /home/airflow/.local/lib/python3.7/site-packages/airflow/example_dags/example_python_operator.py took 0.157 seconds
[2024-04-20T05:39:01.883+0000] {processor.py:156} INFO - Started process (PID=3420) to work on /home/airflow/.local/lib/python3.7/site-packages/airflow/example_dags/example_python_operator.py
[2024-04-20T05:39:01.883+0000] {processor.py:758} INFO - Processing file /home/airflow/.local/lib/python3.7/site-packages/airflow/example_dags/example_python_operator.py for tasks to queue
[2024-04-20T05:39:01.884+0000] {logging_mixin.py:117} INFO - [2024-04-20T05:39:01.884+0000] {dagbag.py:525} INFO - Filling up the DagBag from /home/airflow/.local/lib/python3.7/site-packages/airflow/example_dags/example_python_operator.py
[2024-04-20T05:39:01.921+0000] {processor.py:768} INFO - DAG(s) dict_keys(['example_python_operator']) retrieved from /home/airflow/.local/lib/python3.7/site-packages/airflow/example_dags/example_python_operator.py
[2024-04-20T05:39:02.046+0000] {logging_mixin.py:117} INFO - [2024-04-20T05:39:02.046+0000] {dag.py:2573} INFO - Sync 1 DAGs
[2024-04-20T05:39:02.125+0000] {logging_mixin.py:117} INFO - [2024-04-20T05:39:02.124+0000] {dag.py:3328} INFO - Setting next_dagrun for example_python_operator to None, run_after=None
[2024-04-20T05:39:02.168+0000] {processor.py:178} INFO - Processing /home/airflow/.local/lib/python3.7/site-packages/airflow/example_dags/example_python_operator.py took 0.288 seconds
[2024-04-20T05:39:32.588+0000] {processor.py:156} INFO - Started process (PID=3657) to work on /home/airflow/.local/lib/python3.7/site-packages/airflow/example_dags/example_python_operator.py
[2024-04-20T05:39:32.598+0000] {processor.py:758} INFO - Processing file /home/airflow/.local/lib/python3.7/site-packages/airflow/example_dags/example_python_operator.py for tasks to queue
[2024-04-20T05:39:32.599+0000] {logging_mixin.py:117} INFO - [2024-04-20T05:39:32.599+0000] {dagbag.py:525} INFO - Filling up the DagBag from /home/airflow/.local/lib/python3.7/site-packages/airflow/example_dags/example_python_operator.py
[2024-04-20T05:39:32.692+0000] {processor.py:768} INFO - DAG(s) dict_keys(['example_python_operator']) retrieved from /home/airflow/.local/lib/python3.7/site-packages/airflow/example_dags/example_python_operator.py
[2024-04-20T05:39:32.763+0000] {logging_mixin.py:117} INFO - [2024-04-20T05:39:32.762+0000] {dag.py:2573} INFO - Sync 1 DAGs
[2024-04-20T05:39:32.793+0000] {logging_mixin.py:117} INFO - [2024-04-20T05:39:32.793+0000] {dag.py:3328} INFO - Setting next_dagrun for example_python_operator to None, run_after=None
[2024-04-20T05:39:32.816+0000] {processor.py:178} INFO - Processing /home/airflow/.local/lib/python3.7/site-packages/airflow/example_dags/example_python_operator.py took 0.235 seconds
[2024-04-20T05:40:03.009+0000] {processor.py:156} INFO - Started process (PID=3889) to work on /home/airflow/.local/lib/python3.7/site-packages/airflow/example_dags/example_python_operator.py
[2024-04-20T05:40:03.009+0000] {processor.py:758} INFO - Processing file /home/airflow/.local/lib/python3.7/site-packages/airflow/example_dags/example_python_operator.py for tasks to queue
[2024-04-20T05:40:03.010+0000] {logging_mixin.py:117} INFO - [2024-04-20T05:40:03.010+0000] {dagbag.py:525} INFO - Filling up the DagBag from /home/airflow/.local/lib/python3.7/site-packages/airflow/example_dags/example_python_operator.py
[2024-04-20T05:40:03.042+0000] {processor.py:768} INFO - DAG(s) dict_keys(['example_python_operator']) retrieved from /home/airflow/.local/lib/python3.7/site-packages/airflow/example_dags/example_python_operator.py
[2024-04-20T05:40:03.089+0000] {logging_mixin.py:117} INFO - [2024-04-20T05:40:03.088+0000] {dag.py:2573} INFO - Sync 1 DAGs
[2024-04-20T05:40:03.118+0000] {logging_mixin.py:117} INFO - [2024-04-20T05:40:03.118+0000] {dag.py:3328} INFO - Setting next_dagrun for example_python_operator to None, run_after=None
[2024-04-20T05:40:03.145+0000] {processor.py:178} INFO - Processing /home/airflow/.local/lib/python3.7/site-packages/airflow/example_dags/example_python_operator.py took 0.139 seconds
[2024-04-20T05:40:33.367+0000] {processor.py:156} INFO - Started process (PID=4106) to work on /home/airflow/.local/lib/python3.7/site-packages/airflow/example_dags/example_python_operator.py
[2024-04-20T05:40:33.368+0000] {processor.py:758} INFO - Processing file /home/airflow/.local/lib/python3.7/site-packages/airflow/example_dags/example_python_operator.py for tasks to queue
[2024-04-20T05:40:33.369+0000] {logging_mixin.py:117} INFO - [2024-04-20T05:40:33.369+0000] {dagbag.py:525} INFO - Filling up the DagBag from /home/airflow/.local/lib/python3.7/site-packages/airflow/example_dags/example_python_operator.py
[2024-04-20T05:40:33.400+0000] {processor.py:768} INFO - DAG(s) dict_keys(['example_python_operator']) retrieved from /home/airflow/.local/lib/python3.7/site-packages/airflow/example_dags/example_python_operator.py
[2024-04-20T05:40:33.447+0000] {logging_mixin.py:117} INFO - [2024-04-20T05:40:33.447+0000] {dag.py:2573} INFO - Sync 1 DAGs
[2024-04-20T05:40:33.480+0000] {logging_mixin.py:117} INFO - [2024-04-20T05:40:33.479+0000] {dag.py:3328} INFO - Setting next_dagrun for example_python_operator to None, run_after=None
[2024-04-20T05:40:33.503+0000] {processor.py:178} INFO - Processing /home/airflow/.local/lib/python3.7/site-packages/airflow/example_dags/example_python_operator.py took 0.139 seconds
[2024-04-20T05:41:03.868+0000] {processor.py:156} INFO - Started process (PID=4337) to work on /home/airflow/.local/lib/python3.7/site-packages/airflow/example_dags/example_python_operator.py
[2024-04-20T05:41:03.869+0000] {processor.py:758} INFO - Processing file /home/airflow/.local/lib/python3.7/site-packages/airflow/example_dags/example_python_operator.py for tasks to queue
[2024-04-20T05:41:03.869+0000] {logging_mixin.py:117} INFO - [2024-04-20T05:41:03.869+0000] {dagbag.py:525} INFO - Filling up the DagBag from /home/airflow/.local/lib/python3.7/site-packages/airflow/example_dags/example_python_operator.py
[2024-04-20T05:41:03.908+0000] {processor.py:768} INFO - DAG(s) dict_keys(['example_python_operator']) retrieved from /home/airflow/.local/lib/python3.7/site-packages/airflow/example_dags/example_python_operator.py
[2024-04-20T05:41:03.961+0000] {logging_mixin.py:117} INFO - [2024-04-20T05:41:03.960+0000] {dag.py:2573} INFO - Sync 1 DAGs
[2024-04-20T05:41:03.991+0000] {logging_mixin.py:117} INFO - [2024-04-20T05:41:03.991+0000] {dag.py:3328} INFO - Setting next_dagrun for example_python_operator to None, run_after=None
[2024-04-20T05:41:04.015+0000] {processor.py:178} INFO - Processing /home/airflow/.local/lib/python3.7/site-packages/airflow/example_dags/example_python_operator.py took 0.154 seconds
[2024-04-20T05:41:34.621+0000] {processor.py:156} INFO - Started process (PID=4566) to work on /home/airflow/.local/lib/python3.7/site-packages/airflow/example_dags/example_python_operator.py
[2024-04-20T05:41:34.622+0000] {processor.py:758} INFO - Processing file /home/airflow/.local/lib/python3.7/site-packages/airflow/example_dags/example_python_operator.py for tasks to queue
[2024-04-20T05:41:34.622+0000] {logging_mixin.py:117} INFO - [2024-04-20T05:41:34.622+0000] {dagbag.py:525} INFO - Filling up the DagBag from /home/airflow/.local/lib/python3.7/site-packages/airflow/example_dags/example_python_operator.py
[2024-04-20T05:41:34.656+0000] {processor.py:768} INFO - DAG(s) dict_keys(['example_python_operator']) retrieved from /home/airflow/.local/lib/python3.7/site-packages/airflow/example_dags/example_python_operator.py
[2024-04-20T05:41:34.710+0000] {logging_mixin.py:117} INFO - [2024-04-20T05:41:34.710+0000] {dag.py:2573} INFO - Sync 1 DAGs
[2024-04-20T05:41:34.744+0000] {logging_mixin.py:117} INFO - [2024-04-20T05:41:34.744+0000] {dag.py:3328} INFO - Setting next_dagrun for example_python_operator to None, run_after=None
[2024-04-20T05:41:34.769+0000] {processor.py:178} INFO - Processing /home/airflow/.local/lib/python3.7/site-packages/airflow/example_dags/example_python_operator.py took 0.152 seconds
[2024-04-20T05:42:05.552+0000] {processor.py:156} INFO - Started process (PID=4784) to work on /home/airflow/.local/lib/python3.7/site-packages/airflow/example_dags/example_python_operator.py
[2024-04-20T05:42:05.552+0000] {processor.py:758} INFO - Processing file /home/airflow/.local/lib/python3.7/site-packages/airflow/example_dags/example_python_operator.py for tasks to queue
[2024-04-20T05:42:05.554+0000] {logging_mixin.py:117} INFO - [2024-04-20T05:42:05.554+0000] {dagbag.py:525} INFO - Filling up the DagBag from /home/airflow/.local/lib/python3.7/site-packages/airflow/example_dags/example_python_operator.py
[2024-04-20T05:42:05.585+0000] {processor.py:768} INFO - DAG(s) dict_keys(['example_python_operator']) retrieved from /home/airflow/.local/lib/python3.7/site-packages/airflow/example_dags/example_python_operator.py
[2024-04-20T05:42:05.633+0000] {logging_mixin.py:117} INFO - [2024-04-20T05:42:05.633+0000] {dag.py:2573} INFO - Sync 1 DAGs
[2024-04-20T05:42:05.668+0000] {logging_mixin.py:117} INFO - [2024-04-20T05:42:05.668+0000] {dag.py:3328} INFO - Setting next_dagrun for example_python_operator to None, run_after=None
[2024-04-20T05:42:05.704+0000] {processor.py:178} INFO - Processing /home/airflow/.local/lib/python3.7/site-packages/airflow/example_dags/example_python_operator.py took 0.156 seconds
[2024-04-20T05:42:35.741+0000] {processor.py:156} INFO - Started process (PID=5060) to work on /home/airflow/.local/lib/python3.7/site-packages/airflow/example_dags/example_python_operator.py
[2024-04-20T05:42:35.741+0000] {processor.py:758} INFO - Processing file /home/airflow/.local/lib/python3.7/site-packages/airflow/example_dags/example_python_operator.py for tasks to queue
[2024-04-20T05:42:35.742+0000] {logging_mixin.py:117} INFO - [2024-04-20T05:42:35.742+0000] {dagbag.py:525} INFO - Filling up the DagBag from /home/airflow/.local/lib/python3.7/site-packages/airflow/example_dags/example_python_operator.py
[2024-04-20T05:42:35.766+0000] {processor.py:768} INFO - DAG(s) dict_keys(['example_python_operator']) retrieved from /home/airflow/.local/lib/python3.7/site-packages/airflow/example_dags/example_python_operator.py
[2024-04-20T05:42:35.800+0000] {logging_mixin.py:117} INFO - [2024-04-20T05:42:35.800+0000] {dag.py:2573} INFO - Sync 1 DAGs
[2024-04-20T05:42:35.820+0000] {logging_mixin.py:117} INFO - [2024-04-20T05:42:35.820+0000] {dag.py:3328} INFO - Setting next_dagrun for example_python_operator to None, run_after=None
[2024-04-20T05:42:35.841+0000] {processor.py:178} INFO - Processing /home/airflow/.local/lib/python3.7/site-packages/airflow/example_dags/example_python_operator.py took 0.103 seconds
[2024-04-20T05:43:06.137+0000] {processor.py:156} INFO - Started process (PID=5295) to work on /home/airflow/.local/lib/python3.7/site-packages/airflow/example_dags/example_python_operator.py
[2024-04-20T05:43:06.138+0000] {processor.py:758} INFO - Processing file /home/airflow/.local/lib/python3.7/site-packages/airflow/example_dags/example_python_operator.py for tasks to queue
[2024-04-20T05:43:06.138+0000] {logging_mixin.py:117} INFO - [2024-04-20T05:43:06.138+0000] {dagbag.py:525} INFO - Filling up the DagBag from /home/airflow/.local/lib/python3.7/site-packages/airflow/example_dags/example_python_operator.py
[2024-04-20T05:43:06.172+0000] {processor.py:768} INFO - DAG(s) dict_keys(['example_python_operator']) retrieved from /home/airflow/.local/lib/python3.7/site-packages/airflow/example_dags/example_python_operator.py
[2024-04-20T05:43:06.270+0000] {logging_mixin.py:117} INFO - [2024-04-20T05:43:06.270+0000] {dag.py:2573} INFO - Sync 1 DAGs
[2024-04-20T05:43:06.313+0000] {logging_mixin.py:117} INFO - [2024-04-20T05:43:06.313+0000] {dag.py:3328} INFO - Setting next_dagrun for example_python_operator to None, run_after=None
[2024-04-20T05:43:06.338+0000] {processor.py:178} INFO - Processing /home/airflow/.local/lib/python3.7/site-packages/airflow/example_dags/example_python_operator.py took 0.205 seconds
[2024-04-20T05:43:37.134+0000] {processor.py:156} INFO - Started process (PID=5557) to work on /home/airflow/.local/lib/python3.7/site-packages/airflow/example_dags/example_python_operator.py
[2024-04-20T05:43:37.135+0000] {processor.py:758} INFO - Processing file /home/airflow/.local/lib/python3.7/site-packages/airflow/example_dags/example_python_operator.py for tasks to queue
[2024-04-20T05:43:37.136+0000] {logging_mixin.py:117} INFO - [2024-04-20T05:43:37.136+0000] {dagbag.py:525} INFO - Filling up the DagBag from /home/airflow/.local/lib/python3.7/site-packages/airflow/example_dags/example_python_operator.py
[2024-04-20T05:43:37.170+0000] {processor.py:768} INFO - DAG(s) dict_keys(['example_python_operator']) retrieved from /home/airflow/.local/lib/python3.7/site-packages/airflow/example_dags/example_python_operator.py
[2024-04-20T05:43:37.270+0000] {logging_mixin.py:117} INFO - [2024-04-20T05:43:37.270+0000] {dag.py:2573} INFO - Sync 1 DAGs
[2024-04-20T05:43:37.312+0000] {logging_mixin.py:117} INFO - [2024-04-20T05:43:37.312+0000] {dag.py:3328} INFO - Setting next_dagrun for example_python_operator to None, run_after=None
[2024-04-20T05:43:37.351+0000] {processor.py:178} INFO - Processing /home/airflow/.local/lib/python3.7/site-packages/airflow/example_dags/example_python_operator.py took 0.220 seconds
[2024-04-20T05:44:07.437+0000] {processor.py:156} INFO - Started process (PID=5788) to work on /home/airflow/.local/lib/python3.7/site-packages/airflow/example_dags/example_python_operator.py
[2024-04-20T05:44:07.437+0000] {processor.py:758} INFO - Processing file /home/airflow/.local/lib/python3.7/site-packages/airflow/example_dags/example_python_operator.py for tasks to queue
[2024-04-20T05:44:07.438+0000] {logging_mixin.py:117} INFO - [2024-04-20T05:44:07.438+0000] {dagbag.py:525} INFO - Filling up the DagBag from /home/airflow/.local/lib/python3.7/site-packages/airflow/example_dags/example_python_operator.py
[2024-04-20T05:44:07.460+0000] {processor.py:768} INFO - DAG(s) dict_keys(['example_python_operator']) retrieved from /home/airflow/.local/lib/python3.7/site-packages/airflow/example_dags/example_python_operator.py
[2024-04-20T05:44:07.494+0000] {logging_mixin.py:117} INFO - [2024-04-20T05:44:07.493+0000] {dag.py:2573} INFO - Sync 1 DAGs
[2024-04-20T05:44:07.513+0000] {logging_mixin.py:117} INFO - [2024-04-20T05:44:07.513+0000] {dag.py:3328} INFO - Setting next_dagrun for example_python_operator to None, run_after=None
[2024-04-20T05:44:07.533+0000] {processor.py:178} INFO - Processing /home/airflow/.local/lib/python3.7/site-packages/airflow/example_dags/example_python_operator.py took 0.099 seconds
[2024-04-20T05:44:38.640+0000] {processor.py:156} INFO - Started process (PID=6046) to work on /home/airflow/.local/lib/python3.7/site-packages/airflow/example_dags/example_python_operator.py
[2024-04-20T05:44:38.642+0000] {processor.py:758} INFO - Processing file /home/airflow/.local/lib/python3.7/site-packages/airflow/example_dags/example_python_operator.py for tasks to queue
[2024-04-20T05:44:38.643+0000] {logging_mixin.py:117} INFO - [2024-04-20T05:44:38.642+0000] {dagbag.py:525} INFO - Filling up the DagBag from /home/airflow/.local/lib/python3.7/site-packages/airflow/example_dags/example_python_operator.py
[2024-04-20T05:44:38.682+0000] {processor.py:768} INFO - DAG(s) dict_keys(['example_python_operator']) retrieved from /home/airflow/.local/lib/python3.7/site-packages/airflow/example_dags/example_python_operator.py
[2024-04-20T05:44:38.755+0000] {logging_mixin.py:117} INFO - [2024-04-20T05:44:38.755+0000] {dag.py:2573} INFO - Sync 1 DAGs
[2024-04-20T05:44:38.818+0000] {logging_mixin.py:117} INFO - [2024-04-20T05:44:38.818+0000] {dag.py:3328} INFO - Setting next_dagrun for example_python_operator to None, run_after=None
[2024-04-20T05:44:38.853+0000] {processor.py:178} INFO - Processing /home/airflow/.local/lib/python3.7/site-packages/airflow/example_dags/example_python_operator.py took 0.221 seconds
[2024-04-20T05:45:09.035+0000] {processor.py:156} INFO - Started process (PID=6308) to work on /home/airflow/.local/lib/python3.7/site-packages/airflow/example_dags/example_python_operator.py
[2024-04-20T05:45:09.035+0000] {processor.py:758} INFO - Processing file /home/airflow/.local/lib/python3.7/site-packages/airflow/example_dags/example_python_operator.py for tasks to queue
[2024-04-20T05:45:09.036+0000] {logging_mixin.py:117} INFO - [2024-04-20T05:45:09.035+0000] {dagbag.py:525} INFO - Filling up the DagBag from /home/airflow/.local/lib/python3.7/site-packages/airflow/example_dags/example_python_operator.py
[2024-04-20T05:45:09.058+0000] {processor.py:768} INFO - DAG(s) dict_keys(['example_python_operator']) retrieved from /home/airflow/.local/lib/python3.7/site-packages/airflow/example_dags/example_python_operator.py
[2024-04-20T05:45:09.093+0000] {logging_mixin.py:117} INFO - [2024-04-20T05:45:09.093+0000] {dag.py:2573} INFO - Sync 1 DAGs
[2024-04-20T05:45:09.112+0000] {logging_mixin.py:117} INFO - [2024-04-20T05:45:09.112+0000] {dag.py:3328} INFO - Setting next_dagrun for example_python_operator to None, run_after=None
[2024-04-20T05:45:09.131+0000] {processor.py:178} INFO - Processing /home/airflow/.local/lib/python3.7/site-packages/airflow/example_dags/example_python_operator.py took 0.099 seconds
[2024-04-20T05:45:39.456+0000] {processor.py:156} INFO - Started process (PID=6573) to work on /home/airflow/.local/lib/python3.7/site-packages/airflow/example_dags/example_python_operator.py
[2024-04-20T05:45:39.457+0000] {processor.py:758} INFO - Processing file /home/airflow/.local/lib/python3.7/site-packages/airflow/example_dags/example_python_operator.py for tasks to queue
[2024-04-20T05:45:39.457+0000] {logging_mixin.py:117} INFO - [2024-04-20T05:45:39.457+0000] {dagbag.py:525} INFO - Filling up the DagBag from /home/airflow/.local/lib/python3.7/site-packages/airflow/example_dags/example_python_operator.py
[2024-04-20T05:45:39.494+0000] {processor.py:768} INFO - DAG(s) dict_keys(['example_python_operator']) retrieved from /home/airflow/.local/lib/python3.7/site-packages/airflow/example_dags/example_python_operator.py
[2024-04-20T05:45:39.544+0000] {logging_mixin.py:117} INFO - [2024-04-20T05:45:39.544+0000] {dag.py:2573} INFO - Sync 1 DAGs
[2024-04-20T05:45:39.575+0000] {logging_mixin.py:117} INFO - [2024-04-20T05:45:39.575+0000] {dag.py:3328} INFO - Setting next_dagrun for example_python_operator to None, run_after=None
[2024-04-20T05:45:39.601+0000] {processor.py:178} INFO - Processing /home/airflow/.local/lib/python3.7/site-packages/airflow/example_dags/example_python_operator.py took 0.148 seconds
[2024-04-20T05:46:10.631+0000] {processor.py:156} INFO - Started process (PID=6833) to work on /home/airflow/.local/lib/python3.7/site-packages/airflow/example_dags/example_python_operator.py
[2024-04-20T05:46:10.632+0000] {processor.py:758} INFO - Processing file /home/airflow/.local/lib/python3.7/site-packages/airflow/example_dags/example_python_operator.py for tasks to queue
[2024-04-20T05:46:10.633+0000] {logging_mixin.py:117} INFO - [2024-04-20T05:46:10.633+0000] {dagbag.py:525} INFO - Filling up the DagBag from /home/airflow/.local/lib/python3.7/site-packages/airflow/example_dags/example_python_operator.py
[2024-04-20T05:46:10.672+0000] {processor.py:768} INFO - DAG(s) dict_keys(['example_python_operator']) retrieved from /home/airflow/.local/lib/python3.7/site-packages/airflow/example_dags/example_python_operator.py
[2024-04-20T05:46:10.736+0000] {logging_mixin.py:117} INFO - [2024-04-20T05:46:10.736+0000] {dag.py:2573} INFO - Sync 1 DAGs
[2024-04-20T05:46:10.769+0000] {logging_mixin.py:117} INFO - [2024-04-20T05:46:10.769+0000] {dag.py:3328} INFO - Setting next_dagrun for example_python_operator to None, run_after=None
[2024-04-20T05:46:10.797+0000] {processor.py:178} INFO - Processing /home/airflow/.local/lib/python3.7/site-packages/airflow/example_dags/example_python_operator.py took 0.170 seconds
[2024-04-20T05:46:41.494+0000] {processor.py:156} INFO - Started process (PID=7079) to work on /home/airflow/.local/lib/python3.7/site-packages/airflow/example_dags/example_python_operator.py
[2024-04-20T05:46:41.495+0000] {processor.py:758} INFO - Processing file /home/airflow/.local/lib/python3.7/site-packages/airflow/example_dags/example_python_operator.py for tasks to queue
[2024-04-20T05:46:41.495+0000] {logging_mixin.py:117} INFO - [2024-04-20T05:46:41.495+0000] {dagbag.py:525} INFO - Filling up the DagBag from /home/airflow/.local/lib/python3.7/site-packages/airflow/example_dags/example_python_operator.py
[2024-04-20T05:46:41.526+0000] {processor.py:768} INFO - DAG(s) dict_keys(['example_python_operator']) retrieved from /home/airflow/.local/lib/python3.7/site-packages/airflow/example_dags/example_python_operator.py
[2024-04-20T05:46:41.577+0000] {logging_mixin.py:117} INFO - [2024-04-20T05:46:41.577+0000] {dag.py:2573} INFO - Sync 1 DAGs
[2024-04-20T05:46:41.608+0000] {logging_mixin.py:117} INFO - [2024-04-20T05:46:41.608+0000] {dag.py:3328} INFO - Setting next_dagrun for example_python_operator to None, run_after=None
[2024-04-20T05:46:41.631+0000] {processor.py:178} INFO - Processing /home/airflow/.local/lib/python3.7/site-packages/airflow/example_dags/example_python_operator.py took 0.141 seconds
[2024-04-20T05:47:12.088+0000] {processor.py:156} INFO - Started process (PID=7327) to work on /home/airflow/.local/lib/python3.7/site-packages/airflow/example_dags/example_python_operator.py
[2024-04-20T05:47:12.089+0000] {processor.py:758} INFO - Processing file /home/airflow/.local/lib/python3.7/site-packages/airflow/example_dags/example_python_operator.py for tasks to queue
[2024-04-20T05:47:12.089+0000] {logging_mixin.py:117} INFO - [2024-04-20T05:47:12.089+0000] {dagbag.py:525} INFO - Filling up the DagBag from /home/airflow/.local/lib/python3.7/site-packages/airflow/example_dags/example_python_operator.py
[2024-04-20T05:47:12.120+0000] {processor.py:768} INFO - DAG(s) dict_keys(['example_python_operator']) retrieved from /home/airflow/.local/lib/python3.7/site-packages/airflow/example_dags/example_python_operator.py
[2024-04-20T05:47:12.176+0000] {logging_mixin.py:117} INFO - [2024-04-20T05:47:12.175+0000] {dag.py:2573} INFO - Sync 1 DAGs
[2024-04-20T05:47:12.206+0000] {logging_mixin.py:117} INFO - [2024-04-20T05:47:12.206+0000] {dag.py:3328} INFO - Setting next_dagrun for example_python_operator to None, run_after=None
[2024-04-20T05:47:12.231+0000] {processor.py:178} INFO - Processing /home/airflow/.local/lib/python3.7/site-packages/airflow/example_dags/example_python_operator.py took 0.146 seconds
[2024-04-20T05:47:42.968+0000] {processor.py:156} INFO - Started process (PID=7589) to work on /home/airflow/.local/lib/python3.7/site-packages/airflow/example_dags/example_python_operator.py
[2024-04-20T05:47:42.968+0000] {processor.py:758} INFO - Processing file /home/airflow/.local/lib/python3.7/site-packages/airflow/example_dags/example_python_operator.py for tasks to queue
[2024-04-20T05:47:42.969+0000] {logging_mixin.py:117} INFO - [2024-04-20T05:47:42.969+0000] {dagbag.py:525} INFO - Filling up the DagBag from /home/airflow/.local/lib/python3.7/site-packages/airflow/example_dags/example_python_operator.py
[2024-04-20T05:47:43.006+0000] {processor.py:768} INFO - DAG(s) dict_keys(['example_python_operator']) retrieved from /home/airflow/.local/lib/python3.7/site-packages/airflow/example_dags/example_python_operator.py
[2024-04-20T05:47:43.106+0000] {logging_mixin.py:117} INFO - [2024-04-20T05:47:43.106+0000] {dag.py:2573} INFO - Sync 1 DAGs
[2024-04-20T05:47:43.160+0000] {logging_mixin.py:117} INFO - [2024-04-20T05:47:43.160+0000] {dag.py:3328} INFO - Setting next_dagrun for example_python_operator to None, run_after=None
[2024-04-20T05:47:43.203+0000] {processor.py:178} INFO - Processing /home/airflow/.local/lib/python3.7/site-packages/airflow/example_dags/example_python_operator.py took 0.241 seconds
[2024-04-20T05:48:13.548+0000] {processor.py:156} INFO - Started process (PID=7840) to work on /home/airflow/.local/lib/python3.7/site-packages/airflow/example_dags/example_python_operator.py
[2024-04-20T05:48:13.549+0000] {processor.py:758} INFO - Processing file /home/airflow/.local/lib/python3.7/site-packages/airflow/example_dags/example_python_operator.py for tasks to queue
[2024-04-20T05:48:13.550+0000] {logging_mixin.py:117} INFO - [2024-04-20T05:48:13.550+0000] {dagbag.py:525} INFO - Filling up the DagBag from /home/airflow/.local/lib/python3.7/site-packages/airflow/example_dags/example_python_operator.py
[2024-04-20T05:48:13.591+0000] {processor.py:768} INFO - DAG(s) dict_keys(['example_python_operator']) retrieved from /home/airflow/.local/lib/python3.7/site-packages/airflow/example_dags/example_python_operator.py
[2024-04-20T05:48:13.645+0000] {logging_mixin.py:117} INFO - [2024-04-20T05:48:13.645+0000] {dag.py:2573} INFO - Sync 1 DAGs
[2024-04-20T05:48:13.678+0000] {logging_mixin.py:117} INFO - [2024-04-20T05:48:13.678+0000] {dag.py:3328} INFO - Setting next_dagrun for example_python_operator to None, run_after=None
[2024-04-20T05:48:13.703+0000] {processor.py:178} INFO - Processing /home/airflow/.local/lib/python3.7/site-packages/airflow/example_dags/example_python_operator.py took 0.159 seconds
[2024-04-20T05:48:43.964+0000] {processor.py:156} INFO - Started process (PID=8067) to work on /home/airflow/.local/lib/python3.7/site-packages/airflow/example_dags/example_python_operator.py
[2024-04-20T05:48:43.965+0000] {processor.py:758} INFO - Processing file /home/airflow/.local/lib/python3.7/site-packages/airflow/example_dags/example_python_operator.py for tasks to queue
[2024-04-20T05:48:43.966+0000] {logging_mixin.py:117} INFO - [2024-04-20T05:48:43.966+0000] {dagbag.py:525} INFO - Filling up the DagBag from /home/airflow/.local/lib/python3.7/site-packages/airflow/example_dags/example_python_operator.py
[2024-04-20T05:48:43.998+0000] {processor.py:768} INFO - DAG(s) dict_keys(['example_python_operator']) retrieved from /home/airflow/.local/lib/python3.7/site-packages/airflow/example_dags/example_python_operator.py
[2024-04-20T05:48:44.056+0000] {logging_mixin.py:117} INFO - [2024-04-20T05:48:44.056+0000] {dag.py:2573} INFO - Sync 1 DAGs
[2024-04-20T05:48:44.090+0000] {logging_mixin.py:117} INFO - [2024-04-20T05:48:44.089+0000] {dag.py:3328} INFO - Setting next_dagrun for example_python_operator to None, run_after=None
[2024-04-20T05:48:44.114+0000] {processor.py:178} INFO - Processing /home/airflow/.local/lib/python3.7/site-packages/airflow/example_dags/example_python_operator.py took 0.153 seconds
[2024-04-20T05:49:14.425+0000] {processor.py:156} INFO - Started process (PID=8302) to work on /home/airflow/.local/lib/python3.7/site-packages/airflow/example_dags/example_python_operator.py
[2024-04-20T05:49:14.426+0000] {processor.py:758} INFO - Processing file /home/airflow/.local/lib/python3.7/site-packages/airflow/example_dags/example_python_operator.py for tasks to queue
[2024-04-20T05:49:14.427+0000] {logging_mixin.py:117} INFO - [2024-04-20T05:49:14.426+0000] {dagbag.py:525} INFO - Filling up the DagBag from /home/airflow/.local/lib/python3.7/site-packages/airflow/example_dags/example_python_operator.py
[2024-04-20T05:49:14.457+0000] {processor.py:768} INFO - DAG(s) dict_keys(['example_python_operator']) retrieved from /home/airflow/.local/lib/python3.7/site-packages/airflow/example_dags/example_python_operator.py
[2024-04-20T05:49:14.505+0000] {logging_mixin.py:117} INFO - [2024-04-20T05:49:14.505+0000] {dag.py:2573} INFO - Sync 1 DAGs
[2024-04-20T05:49:14.539+0000] {logging_mixin.py:117} INFO - [2024-04-20T05:49:14.538+0000] {dag.py:3328} INFO - Setting next_dagrun for example_python_operator to None, run_after=None
[2024-04-20T05:49:14.571+0000] {processor.py:178} INFO - Processing /home/airflow/.local/lib/python3.7/site-packages/airflow/example_dags/example_python_operator.py took 0.149 seconds
[2024-04-20T05:49:44.738+0000] {processor.py:156} INFO - Started process (PID=8541) to work on /home/airflow/.local/lib/python3.7/site-packages/airflow/example_dags/example_python_operator.py
[2024-04-20T05:49:44.748+0000] {processor.py:758} INFO - Processing file /home/airflow/.local/lib/python3.7/site-packages/airflow/example_dags/example_python_operator.py for tasks to queue
[2024-04-20T05:49:44.749+0000] {logging_mixin.py:117} INFO - [2024-04-20T05:49:44.748+0000] {dagbag.py:525} INFO - Filling up the DagBag from /home/airflow/.local/lib/python3.7/site-packages/airflow/example_dags/example_python_operator.py
[2024-04-20T05:49:44.810+0000] {processor.py:768} INFO - DAG(s) dict_keys(['example_python_operator']) retrieved from /home/airflow/.local/lib/python3.7/site-packages/airflow/example_dags/example_python_operator.py
[2024-04-20T05:49:44.868+0000] {logging_mixin.py:117} INFO - [2024-04-20T05:49:44.868+0000] {dag.py:2573} INFO - Sync 1 DAGs
[2024-04-20T05:49:44.919+0000] {logging_mixin.py:117} INFO - [2024-04-20T05:49:44.919+0000] {dag.py:3328} INFO - Setting next_dagrun for example_python_operator to None, run_after=None
[2024-04-20T05:49:44.943+0000] {processor.py:178} INFO - Processing /home/airflow/.local/lib/python3.7/site-packages/airflow/example_dags/example_python_operator.py took 0.208 seconds
[2024-04-20T05:50:15.547+0000] {processor.py:156} INFO - Started process (PID=8786) to work on /home/airflow/.local/lib/python3.7/site-packages/airflow/example_dags/example_python_operator.py
[2024-04-20T05:50:15.548+0000] {processor.py:758} INFO - Processing file /home/airflow/.local/lib/python3.7/site-packages/airflow/example_dags/example_python_operator.py for tasks to queue
[2024-04-20T05:50:15.549+0000] {logging_mixin.py:117} INFO - [2024-04-20T05:50:15.549+0000] {dagbag.py:525} INFO - Filling up the DagBag from /home/airflow/.local/lib/python3.7/site-packages/airflow/example_dags/example_python_operator.py
[2024-04-20T05:50:15.657+0000] {processor.py:768} INFO - DAG(s) dict_keys(['example_python_operator']) retrieved from /home/airflow/.local/lib/python3.7/site-packages/airflow/example_dags/example_python_operator.py
[2024-04-20T05:50:15.784+0000] {logging_mixin.py:117} INFO - [2024-04-20T05:50:15.784+0000] {dag.py:2573} INFO - Sync 1 DAGs
[2024-04-20T05:50:15.857+0000] {logging_mixin.py:117} INFO - [2024-04-20T05:50:15.856+0000] {dag.py:3328} INFO - Setting next_dagrun for example_python_operator to None, run_after=None
[2024-04-20T05:50:15.882+0000] {processor.py:178} INFO - Processing /home/airflow/.local/lib/python3.7/site-packages/airflow/example_dags/example_python_operator.py took 0.345 seconds
[2024-04-20T05:50:46.356+0000] {processor.py:156} INFO - Started process (PID=9004) to work on /home/airflow/.local/lib/python3.7/site-packages/airflow/example_dags/example_python_operator.py
[2024-04-20T05:50:46.357+0000] {processor.py:758} INFO - Processing file /home/airflow/.local/lib/python3.7/site-packages/airflow/example_dags/example_python_operator.py for tasks to queue
[2024-04-20T05:50:46.358+0000] {logging_mixin.py:117} INFO - [2024-04-20T05:50:46.357+0000] {dagbag.py:525} INFO - Filling up the DagBag from /home/airflow/.local/lib/python3.7/site-packages/airflow/example_dags/example_python_operator.py
[2024-04-20T05:50:46.399+0000] {processor.py:768} INFO - DAG(s) dict_keys(['example_python_operator']) retrieved from /home/airflow/.local/lib/python3.7/site-packages/airflow/example_dags/example_python_operator.py
[2024-04-20T05:50:46.504+0000] {logging_mixin.py:117} INFO - [2024-04-20T05:50:46.504+0000] {dag.py:2573} INFO - Sync 1 DAGs
[2024-04-20T05:50:46.551+0000] {logging_mixin.py:117} INFO - [2024-04-20T05:50:46.551+0000] {dag.py:3328} INFO - Setting next_dagrun for example_python_operator to None, run_after=None
[2024-04-20T05:50:46.588+0000] {processor.py:178} INFO - Processing /home/airflow/.local/lib/python3.7/site-packages/airflow/example_dags/example_python_operator.py took 0.235 seconds
[2024-04-20T05:51:17.086+0000] {processor.py:156} INFO - Started process (PID=9233) to work on /home/airflow/.local/lib/python3.7/site-packages/airflow/example_dags/example_python_operator.py
[2024-04-20T05:51:17.087+0000] {processor.py:758} INFO - Processing file /home/airflow/.local/lib/python3.7/site-packages/airflow/example_dags/example_python_operator.py for tasks to queue
[2024-04-20T05:51:17.087+0000] {logging_mixin.py:117} INFO - [2024-04-20T05:51:17.087+0000] {dagbag.py:525} INFO - Filling up the DagBag from /home/airflow/.local/lib/python3.7/site-packages/airflow/example_dags/example_python_operator.py
[2024-04-20T05:51:17.119+0000] {processor.py:768} INFO - DAG(s) dict_keys(['example_python_operator']) retrieved from /home/airflow/.local/lib/python3.7/site-packages/airflow/example_dags/example_python_operator.py
[2024-04-20T05:51:17.181+0000] {logging_mixin.py:117} INFO - [2024-04-20T05:51:17.181+0000] {dag.py:2573} INFO - Sync 1 DAGs
[2024-04-20T05:51:17.209+0000] {logging_mixin.py:117} INFO - [2024-04-20T05:51:17.209+0000] {dag.py:3328} INFO - Setting next_dagrun for example_python_operator to None, run_after=None
[2024-04-20T05:51:17.254+0000] {processor.py:178} INFO - Processing /home/airflow/.local/lib/python3.7/site-packages/airflow/example_dags/example_python_operator.py took 0.171 seconds
[2024-04-20T05:51:47.535+0000] {processor.py:156} INFO - Started process (PID=9468) to work on /home/airflow/.local/lib/python3.7/site-packages/airflow/example_dags/example_python_operator.py
[2024-04-20T05:51:47.536+0000] {processor.py:758} INFO - Processing file /home/airflow/.local/lib/python3.7/site-packages/airflow/example_dags/example_python_operator.py for tasks to queue
[2024-04-20T05:51:47.537+0000] {logging_mixin.py:117} INFO - [2024-04-20T05:51:47.537+0000] {dagbag.py:525} INFO - Filling up the DagBag from /home/airflow/.local/lib/python3.7/site-packages/airflow/example_dags/example_python_operator.py
[2024-04-20T05:51:47.568+0000] {processor.py:768} INFO - DAG(s) dict_keys(['example_python_operator']) retrieved from /home/airflow/.local/lib/python3.7/site-packages/airflow/example_dags/example_python_operator.py
[2024-04-20T05:51:47.617+0000] {logging_mixin.py:117} INFO - [2024-04-20T05:51:47.616+0000] {dag.py:2573} INFO - Sync 1 DAGs
[2024-04-20T05:51:47.647+0000] {logging_mixin.py:117} INFO - [2024-04-20T05:51:47.647+0000] {dag.py:3328} INFO - Setting next_dagrun for example_python_operator to None, run_after=None
[2024-04-20T05:51:47.670+0000] {processor.py:178} INFO - Processing /home/airflow/.local/lib/python3.7/site-packages/airflow/example_dags/example_python_operator.py took 0.139 seconds
[2024-04-20T05:52:18.349+0000] {processor.py:156} INFO - Started process (PID=9687) to work on /home/airflow/.local/lib/python3.7/site-packages/airflow/example_dags/example_python_operator.py
[2024-04-20T05:52:18.350+0000] {processor.py:758} INFO - Processing file /home/airflow/.local/lib/python3.7/site-packages/airflow/example_dags/example_python_operator.py for tasks to queue
[2024-04-20T05:52:18.350+0000] {logging_mixin.py:117} INFO - [2024-04-20T05:52:18.350+0000] {dagbag.py:525} INFO - Filling up the DagBag from /home/airflow/.local/lib/python3.7/site-packages/airflow/example_dags/example_python_operator.py
[2024-04-20T05:52:18.381+0000] {processor.py:768} INFO - DAG(s) dict_keys(['example_python_operator']) retrieved from /home/airflow/.local/lib/python3.7/site-packages/airflow/example_dags/example_python_operator.py
[2024-04-20T05:52:18.431+0000] {logging_mixin.py:117} INFO - [2024-04-20T05:52:18.431+0000] {dag.py:2573} INFO - Sync 1 DAGs
[2024-04-20T05:52:18.459+0000] {logging_mixin.py:117} INFO - [2024-04-20T05:52:18.459+0000] {dag.py:3328} INFO - Setting next_dagrun for example_python_operator to None, run_after=None
[2024-04-20T05:52:18.483+0000] {processor.py:178} INFO - Processing /home/airflow/.local/lib/python3.7/site-packages/airflow/example_dags/example_python_operator.py took 0.138 seconds
[2024-04-20T05:52:48.787+0000] {processor.py:156} INFO - Started process (PID=9914) to work on /home/airflow/.local/lib/python3.7/site-packages/airflow/example_dags/example_python_operator.py
[2024-04-20T05:52:48.788+0000] {processor.py:758} INFO - Processing file /home/airflow/.local/lib/python3.7/site-packages/airflow/example_dags/example_python_operator.py for tasks to queue
[2024-04-20T05:52:48.788+0000] {logging_mixin.py:117} INFO - [2024-04-20T05:52:48.788+0000] {dagbag.py:525} INFO - Filling up the DagBag from /home/airflow/.local/lib/python3.7/site-packages/airflow/example_dags/example_python_operator.py
[2024-04-20T05:52:48.820+0000] {processor.py:768} INFO - DAG(s) dict_keys(['example_python_operator']) retrieved from /home/airflow/.local/lib/python3.7/site-packages/airflow/example_dags/example_python_operator.py
[2024-04-20T05:52:48.872+0000] {logging_mixin.py:117} INFO - [2024-04-20T05:52:48.872+0000] {dag.py:2573} INFO - Sync 1 DAGs
[2024-04-20T05:52:48.902+0000] {logging_mixin.py:117} INFO - [2024-04-20T05:52:48.902+0000] {dag.py:3328} INFO - Setting next_dagrun for example_python_operator to None, run_after=None
[2024-04-20T05:52:48.934+0000] {processor.py:178} INFO - Processing /home/airflow/.local/lib/python3.7/site-packages/airflow/example_dags/example_python_operator.py took 0.152 seconds
[2024-04-20T05:53:19.380+0000] {processor.py:156} INFO - Started process (PID=10151) to work on /home/airflow/.local/lib/python3.7/site-packages/airflow/example_dags/example_python_operator.py
[2024-04-20T05:53:19.381+0000] {processor.py:758} INFO - Processing file /home/airflow/.local/lib/python3.7/site-packages/airflow/example_dags/example_python_operator.py for tasks to queue
[2024-04-20T05:53:19.382+0000] {logging_mixin.py:117} INFO - [2024-04-20T05:53:19.382+0000] {dagbag.py:525} INFO - Filling up the DagBag from /home/airflow/.local/lib/python3.7/site-packages/airflow/example_dags/example_python_operator.py
[2024-04-20T05:53:19.414+0000] {processor.py:768} INFO - DAG(s) dict_keys(['example_python_operator']) retrieved from /home/airflow/.local/lib/python3.7/site-packages/airflow/example_dags/example_python_operator.py
[2024-04-20T05:53:19.468+0000] {logging_mixin.py:117} INFO - [2024-04-20T05:53:19.467+0000] {dag.py:2573} INFO - Sync 1 DAGs
[2024-04-20T05:53:19.498+0000] {logging_mixin.py:117} INFO - [2024-04-20T05:53:19.498+0000] {dag.py:3328} INFO - Setting next_dagrun for example_python_operator to None, run_after=None
[2024-04-20T05:53:19.524+0000] {processor.py:178} INFO - Processing /home/airflow/.local/lib/python3.7/site-packages/airflow/example_dags/example_python_operator.py took 0.147 seconds
[2024-04-20T05:53:49.968+0000] {processor.py:156} INFO - Started process (PID=10370) to work on /home/airflow/.local/lib/python3.7/site-packages/airflow/example_dags/example_python_operator.py
[2024-04-20T05:53:49.969+0000] {processor.py:758} INFO - Processing file /home/airflow/.local/lib/python3.7/site-packages/airflow/example_dags/example_python_operator.py for tasks to queue
[2024-04-20T05:53:49.970+0000] {logging_mixin.py:117} INFO - [2024-04-20T05:53:49.969+0000] {dagbag.py:525} INFO - Filling up the DagBag from /home/airflow/.local/lib/python3.7/site-packages/airflow/example_dags/example_python_operator.py
[2024-04-20T05:53:50.002+0000] {processor.py:768} INFO - DAG(s) dict_keys(['example_python_operator']) retrieved from /home/airflow/.local/lib/python3.7/site-packages/airflow/example_dags/example_python_operator.py
[2024-04-20T05:53:50.062+0000] {logging_mixin.py:117} INFO - [2024-04-20T05:53:50.061+0000] {dag.py:2573} INFO - Sync 1 DAGs
[2024-04-20T05:53:50.100+0000] {logging_mixin.py:117} INFO - [2024-04-20T05:53:50.100+0000] {dag.py:3328} INFO - Setting next_dagrun for example_python_operator to None, run_after=None
[2024-04-20T05:53:50.127+0000] {processor.py:178} INFO - Processing /home/airflow/.local/lib/python3.7/site-packages/airflow/example_dags/example_python_operator.py took 0.163 seconds
[2024-04-20T05:54:20.221+0000] {processor.py:156} INFO - Started process (PID=10608) to work on /home/airflow/.local/lib/python3.7/site-packages/airflow/example_dags/example_python_operator.py
[2024-04-20T05:54:20.222+0000] {processor.py:758} INFO - Processing file /home/airflow/.local/lib/python3.7/site-packages/airflow/example_dags/example_python_operator.py for tasks to queue
[2024-04-20T05:54:20.223+0000] {logging_mixin.py:117} INFO - [2024-04-20T05:54:20.223+0000] {dagbag.py:525} INFO - Filling up the DagBag from /home/airflow/.local/lib/python3.7/site-packages/airflow/example_dags/example_python_operator.py
[2024-04-20T05:54:20.254+0000] {processor.py:768} INFO - DAG(s) dict_keys(['example_python_operator']) retrieved from /home/airflow/.local/lib/python3.7/site-packages/airflow/example_dags/example_python_operator.py
[2024-04-20T05:54:20.303+0000] {logging_mixin.py:117} INFO - [2024-04-20T05:54:20.302+0000] {dag.py:2573} INFO - Sync 1 DAGs
[2024-04-20T05:54:20.333+0000] {logging_mixin.py:117} INFO - [2024-04-20T05:54:20.333+0000] {dag.py:3328} INFO - Setting next_dagrun for example_python_operator to None, run_after=None
[2024-04-20T05:54:20.357+0000] {processor.py:178} INFO - Processing /home/airflow/.local/lib/python3.7/site-packages/airflow/example_dags/example_python_operator.py took 0.139 seconds
[2024-04-20T05:54:51.192+0000] {processor.py:156} INFO - Started process (PID=10841) to work on /home/airflow/.local/lib/python3.7/site-packages/airflow/example_dags/example_python_operator.py
[2024-04-20T05:54:51.192+0000] {processor.py:758} INFO - Processing file /home/airflow/.local/lib/python3.7/site-packages/airflow/example_dags/example_python_operator.py for tasks to queue
[2024-04-20T05:54:51.193+0000] {logging_mixin.py:117} INFO - [2024-04-20T05:54:51.193+0000] {dagbag.py:525} INFO - Filling up the DagBag from /home/airflow/.local/lib/python3.7/site-packages/airflow/example_dags/example_python_operator.py
[2024-04-20T05:54:51.234+0000] {processor.py:768} INFO - DAG(s) dict_keys(['example_python_operator']) retrieved from /home/airflow/.local/lib/python3.7/site-packages/airflow/example_dags/example_python_operator.py
[2024-04-20T05:54:51.287+0000] {logging_mixin.py:117} INFO - [2024-04-20T05:54:51.287+0000] {dag.py:2573} INFO - Sync 1 DAGs
[2024-04-20T05:54:51.347+0000] {logging_mixin.py:117} INFO - [2024-04-20T05:54:51.347+0000] {dag.py:3328} INFO - Setting next_dagrun for example_python_operator to None, run_after=None
[2024-04-20T05:54:51.378+0000] {processor.py:178} INFO - Processing /home/airflow/.local/lib/python3.7/site-packages/airflow/example_dags/example_python_operator.py took 0.190 seconds
[2024-04-20T05:55:21.877+0000] {processor.py:156} INFO - Started process (PID=11059) to work on /home/airflow/.local/lib/python3.7/site-packages/airflow/example_dags/example_python_operator.py
[2024-04-20T05:55:21.878+0000] {processor.py:758} INFO - Processing file /home/airflow/.local/lib/python3.7/site-packages/airflow/example_dags/example_python_operator.py for tasks to queue
[2024-04-20T05:55:21.879+0000] {logging_mixin.py:117} INFO - [2024-04-20T05:55:21.879+0000] {dagbag.py:525} INFO - Filling up the DagBag from /home/airflow/.local/lib/python3.7/site-packages/airflow/example_dags/example_python_operator.py
[2024-04-20T05:55:21.912+0000] {processor.py:768} INFO - DAG(s) dict_keys(['example_python_operator']) retrieved from /home/airflow/.local/lib/python3.7/site-packages/airflow/example_dags/example_python_operator.py
[2024-04-20T05:55:21.968+0000] {logging_mixin.py:117} INFO - [2024-04-20T05:55:21.968+0000] {dag.py:2573} INFO - Sync 1 DAGs
[2024-04-20T05:55:22.012+0000] {logging_mixin.py:117} INFO - [2024-04-20T05:55:22.011+0000] {dag.py:3328} INFO - Setting next_dagrun for example_python_operator to None, run_after=None
[2024-04-20T05:55:22.037+0000] {processor.py:178} INFO - Processing /home/airflow/.local/lib/python3.7/site-packages/airflow/example_dags/example_python_operator.py took 0.163 seconds
[2024-04-20T05:56:40.147+0000] {processor.py:156} INFO - Started process (PID=266) to work on /home/airflow/.local/lib/python3.7/site-packages/airflow/example_dags/example_python_operator.py
[2024-04-20T05:56:40.167+0000] {processor.py:758} INFO - Processing file /home/airflow/.local/lib/python3.7/site-packages/airflow/example_dags/example_python_operator.py for tasks to queue
[2024-04-20T05:56:40.168+0000] {logging_mixin.py:117} INFO - [2024-04-20T05:56:40.167+0000] {dagbag.py:525} INFO - Filling up the DagBag from /home/airflow/.local/lib/python3.7/site-packages/airflow/example_dags/example_python_operator.py
[2024-04-20T05:56:40.363+0000] {processor.py:768} INFO - DAG(s) dict_keys(['example_python_operator']) retrieved from /home/airflow/.local/lib/python3.7/site-packages/airflow/example_dags/example_python_operator.py
[2024-04-20T05:56:40.469+0000] {logging_mixin.py:117} INFO - [2024-04-20T05:56:40.469+0000] {dag.py:2573} INFO - Sync 1 DAGs
[2024-04-20T05:56:40.567+0000] {logging_mixin.py:117} INFO - [2024-04-20T05:56:40.566+0000] {dag.py:3328} INFO - Setting next_dagrun for example_python_operator to None, run_after=None
[2024-04-20T05:56:40.759+0000] {processor.py:178} INFO - Processing /home/airflow/.local/lib/python3.7/site-packages/airflow/example_dags/example_python_operator.py took 0.624 seconds
[2024-04-20T05:57:12.128+0000] {processor.py:156} INFO - Started process (PID=493) to work on /home/airflow/.local/lib/python3.7/site-packages/airflow/example_dags/example_python_operator.py
[2024-04-20T05:57:12.129+0000] {processor.py:758} INFO - Processing file /home/airflow/.local/lib/python3.7/site-packages/airflow/example_dags/example_python_operator.py for tasks to queue
[2024-04-20T05:57:12.129+0000] {logging_mixin.py:117} INFO - [2024-04-20T05:57:12.129+0000] {dagbag.py:525} INFO - Filling up the DagBag from /home/airflow/.local/lib/python3.7/site-packages/airflow/example_dags/example_python_operator.py
[2024-04-20T05:57:12.167+0000] {processor.py:768} INFO - DAG(s) dict_keys(['example_python_operator']) retrieved from /home/airflow/.local/lib/python3.7/site-packages/airflow/example_dags/example_python_operator.py
[2024-04-20T05:57:12.213+0000] {logging_mixin.py:117} INFO - [2024-04-20T05:57:12.213+0000] {dag.py:2573} INFO - Sync 1 DAGs
[2024-04-20T05:57:12.459+0000] {logging_mixin.py:117} INFO - [2024-04-20T05:57:12.459+0000] {dag.py:3328} INFO - Setting next_dagrun for example_python_operator to None, run_after=None
[2024-04-20T05:57:12.490+0000] {processor.py:178} INFO - Processing /home/airflow/.local/lib/python3.7/site-packages/airflow/example_dags/example_python_operator.py took 0.366 seconds
[2024-04-20T05:57:43.240+0000] {processor.py:156} INFO - Started process (PID=712) to work on /home/airflow/.local/lib/python3.7/site-packages/airflow/example_dags/example_python_operator.py
[2024-04-20T05:57:43.241+0000] {processor.py:758} INFO - Processing file /home/airflow/.local/lib/python3.7/site-packages/airflow/example_dags/example_python_operator.py for tasks to queue
[2024-04-20T05:57:43.241+0000] {logging_mixin.py:117} INFO - [2024-04-20T05:57:43.241+0000] {dagbag.py:525} INFO - Filling up the DagBag from /home/airflow/.local/lib/python3.7/site-packages/airflow/example_dags/example_python_operator.py
[2024-04-20T05:57:43.275+0000] {processor.py:768} INFO - DAG(s) dict_keys(['example_python_operator']) retrieved from /home/airflow/.local/lib/python3.7/site-packages/airflow/example_dags/example_python_operator.py
[2024-04-20T05:57:43.321+0000] {logging_mixin.py:117} INFO - [2024-04-20T05:57:43.320+0000] {dag.py:2573} INFO - Sync 1 DAGs
[2024-04-20T05:57:43.573+0000] {logging_mixin.py:117} INFO - [2024-04-20T05:57:43.573+0000] {dag.py:3328} INFO - Setting next_dagrun for example_python_operator to None, run_after=None
[2024-04-20T05:57:43.597+0000] {processor.py:178} INFO - Processing /home/airflow/.local/lib/python3.7/site-packages/airflow/example_dags/example_python_operator.py took 0.360 seconds
[2024-04-20T05:58:14.264+0000] {processor.py:156} INFO - Started process (PID=937) to work on /home/airflow/.local/lib/python3.7/site-packages/airflow/example_dags/example_python_operator.py
[2024-04-20T05:58:14.270+0000] {processor.py:758} INFO - Processing file /home/airflow/.local/lib/python3.7/site-packages/airflow/example_dags/example_python_operator.py for tasks to queue
[2024-04-20T05:58:14.271+0000] {logging_mixin.py:117} INFO - [2024-04-20T05:58:14.271+0000] {dagbag.py:525} INFO - Filling up the DagBag from /home/airflow/.local/lib/python3.7/site-packages/airflow/example_dags/example_python_operator.py
[2024-04-20T05:58:14.304+0000] {processor.py:768} INFO - DAG(s) dict_keys(['example_python_operator']) retrieved from /home/airflow/.local/lib/python3.7/site-packages/airflow/example_dags/example_python_operator.py
[2024-04-20T05:58:14.502+0000] {logging_mixin.py:117} INFO - [2024-04-20T05:58:14.502+0000] {dag.py:2573} INFO - Sync 1 DAGs
[2024-04-20T05:58:14.537+0000] {logging_mixin.py:117} INFO - [2024-04-20T05:58:14.537+0000] {dag.py:3328} INFO - Setting next_dagrun for example_python_operator to None, run_after=None
[2024-04-20T05:58:14.572+0000] {processor.py:178} INFO - Processing /home/airflow/.local/lib/python3.7/site-packages/airflow/example_dags/example_python_operator.py took 0.311 seconds
[2024-04-20T05:58:45.157+0000] {processor.py:156} INFO - Started process (PID=1155) to work on /home/airflow/.local/lib/python3.7/site-packages/airflow/example_dags/example_python_operator.py
[2024-04-20T05:58:45.162+0000] {processor.py:758} INFO - Processing file /home/airflow/.local/lib/python3.7/site-packages/airflow/example_dags/example_python_operator.py for tasks to queue
[2024-04-20T05:58:45.163+0000] {logging_mixin.py:117} INFO - [2024-04-20T05:58:45.163+0000] {dagbag.py:525} INFO - Filling up the DagBag from /home/airflow/.local/lib/python3.7/site-packages/airflow/example_dags/example_python_operator.py
[2024-04-20T05:58:45.264+0000] {processor.py:768} INFO - DAG(s) dict_keys(['example_python_operator']) retrieved from /home/airflow/.local/lib/python3.7/site-packages/airflow/example_dags/example_python_operator.py
[2024-04-20T05:58:45.550+0000] {logging_mixin.py:117} INFO - [2024-04-20T05:58:45.550+0000] {dag.py:2573} INFO - Sync 1 DAGs
[2024-04-20T05:58:45.576+0000] {logging_mixin.py:117} INFO - [2024-04-20T05:58:45.576+0000] {dag.py:3328} INFO - Setting next_dagrun for example_python_operator to None, run_after=None
[2024-04-20T05:58:45.600+0000] {processor.py:178} INFO - Processing /home/airflow/.local/lib/python3.7/site-packages/airflow/example_dags/example_python_operator.py took 0.454 seconds
[2024-04-20T05:59:16.190+0000] {processor.py:156} INFO - Started process (PID=1384) to work on /home/airflow/.local/lib/python3.7/site-packages/airflow/example_dags/example_python_operator.py
[2024-04-20T05:59:16.190+0000] {processor.py:758} INFO - Processing file /home/airflow/.local/lib/python3.7/site-packages/airflow/example_dags/example_python_operator.py for tasks to queue
[2024-04-20T05:59:16.191+0000] {logging_mixin.py:117} INFO - [2024-04-20T05:59:16.191+0000] {dagbag.py:525} INFO - Filling up the DagBag from /home/airflow/.local/lib/python3.7/site-packages/airflow/example_dags/example_python_operator.py
[2024-04-20T05:59:16.379+0000] {processor.py:768} INFO - DAG(s) dict_keys(['example_python_operator']) retrieved from /home/airflow/.local/lib/python3.7/site-packages/airflow/example_dags/example_python_operator.py
[2024-04-20T05:59:16.418+0000] {logging_mixin.py:117} INFO - [2024-04-20T05:59:16.418+0000] {dag.py:2573} INFO - Sync 1 DAGs
[2024-04-20T05:59:16.449+0000] {logging_mixin.py:117} INFO - [2024-04-20T05:59:16.449+0000] {dag.py:3328} INFO - Setting next_dagrun for example_python_operator to None, run_after=None
[2024-04-20T05:59:16.482+0000] {processor.py:178} INFO - Processing /home/airflow/.local/lib/python3.7/site-packages/airflow/example_dags/example_python_operator.py took 0.295 seconds
[2024-04-20T05:59:46.923+0000] {processor.py:156} INFO - Started process (PID=1611) to work on /home/airflow/.local/lib/python3.7/site-packages/airflow/example_dags/example_python_operator.py
[2024-04-20T05:59:46.923+0000] {processor.py:758} INFO - Processing file /home/airflow/.local/lib/python3.7/site-packages/airflow/example_dags/example_python_operator.py for tasks to queue
[2024-04-20T05:59:46.924+0000] {logging_mixin.py:117} INFO - [2024-04-20T05:59:46.924+0000] {dagbag.py:525} INFO - Filling up the DagBag from /home/airflow/.local/lib/python3.7/site-packages/airflow/example_dags/example_python_operator.py
[2024-04-20T05:59:46.952+0000] {processor.py:768} INFO - DAG(s) dict_keys(['example_python_operator']) retrieved from /home/airflow/.local/lib/python3.7/site-packages/airflow/example_dags/example_python_operator.py
[2024-04-20T05:59:46.995+0000] {logging_mixin.py:117} INFO - [2024-04-20T05:59:46.995+0000] {dag.py:2573} INFO - Sync 1 DAGs
[2024-04-20T05:59:47.024+0000] {logging_mixin.py:117} INFO - [2024-04-20T05:59:47.024+0000] {dag.py:3328} INFO - Setting next_dagrun for example_python_operator to None, run_after=None
[2024-04-20T05:59:47.048+0000] {processor.py:178} INFO - Processing /home/airflow/.local/lib/python3.7/site-packages/airflow/example_dags/example_python_operator.py took 0.274 seconds
[2024-04-20T06:00:17.682+0000] {processor.py:156} INFO - Started process (PID=1831) to work on /home/airflow/.local/lib/python3.7/site-packages/airflow/example_dags/example_python_operator.py
[2024-04-20T06:00:17.683+0000] {processor.py:758} INFO - Processing file /home/airflow/.local/lib/python3.7/site-packages/airflow/example_dags/example_python_operator.py for tasks to queue
[2024-04-20T06:00:17.684+0000] {logging_mixin.py:117} INFO - [2024-04-20T06:00:17.684+0000] {dagbag.py:525} INFO - Filling up the DagBag from /home/airflow/.local/lib/python3.7/site-packages/airflow/example_dags/example_python_operator.py
[2024-04-20T06:00:17.750+0000] {processor.py:768} INFO - DAG(s) dict_keys(['example_python_operator']) retrieved from /home/airflow/.local/lib/python3.7/site-packages/airflow/example_dags/example_python_operator.py
[2024-04-20T06:00:17.858+0000] {logging_mixin.py:117} INFO - [2024-04-20T06:00:17.858+0000] {dag.py:2573} INFO - Sync 1 DAGs
[2024-04-20T06:00:17.912+0000] {logging_mixin.py:117} INFO - [2024-04-20T06:00:17.912+0000] {dag.py:3328} INFO - Setting next_dagrun for example_python_operator to None, run_after=None
[2024-04-20T06:00:18.020+0000] {processor.py:178} INFO - Processing /home/airflow/.local/lib/python3.7/site-packages/airflow/example_dags/example_python_operator.py took 0.341 seconds
[2024-04-20T06:00:48.783+0000] {processor.py:156} INFO - Started process (PID=2058) to work on /home/airflow/.local/lib/python3.7/site-packages/airflow/example_dags/example_python_operator.py
[2024-04-20T06:00:48.784+0000] {processor.py:758} INFO - Processing file /home/airflow/.local/lib/python3.7/site-packages/airflow/example_dags/example_python_operator.py for tasks to queue
[2024-04-20T06:00:48.784+0000] {logging_mixin.py:117} INFO - [2024-04-20T06:00:48.784+0000] {dagbag.py:525} INFO - Filling up the DagBag from /home/airflow/.local/lib/python3.7/site-packages/airflow/example_dags/example_python_operator.py
[2024-04-20T06:00:48.825+0000] {processor.py:768} INFO - DAG(s) dict_keys(['example_python_operator']) retrieved from /home/airflow/.local/lib/python3.7/site-packages/airflow/example_dags/example_python_operator.py
[2024-04-20T06:00:48.886+0000] {logging_mixin.py:117} INFO - [2024-04-20T06:00:48.886+0000] {dag.py:2573} INFO - Sync 1 DAGs
[2024-04-20T06:00:48.918+0000] {logging_mixin.py:117} INFO - [2024-04-20T06:00:48.918+0000] {dag.py:3328} INFO - Setting next_dagrun for example_python_operator to None, run_after=None
[2024-04-20T06:00:48.958+0000] {processor.py:178} INFO - Processing /home/airflow/.local/lib/python3.7/site-packages/airflow/example_dags/example_python_operator.py took 0.178 seconds
[2024-04-20T06:01:19.313+0000] {processor.py:156} INFO - Started process (PID=2284) to work on /home/airflow/.local/lib/python3.7/site-packages/airflow/example_dags/example_python_operator.py
[2024-04-20T06:01:19.314+0000] {processor.py:758} INFO - Processing file /home/airflow/.local/lib/python3.7/site-packages/airflow/example_dags/example_python_operator.py for tasks to queue
[2024-04-20T06:01:19.314+0000] {logging_mixin.py:117} INFO - [2024-04-20T06:01:19.314+0000] {dagbag.py:525} INFO - Filling up the DagBag from /home/airflow/.local/lib/python3.7/site-packages/airflow/example_dags/example_python_operator.py
[2024-04-20T06:01:19.367+0000] {processor.py:768} INFO - DAG(s) dict_keys(['example_python_operator']) retrieved from /home/airflow/.local/lib/python3.7/site-packages/airflow/example_dags/example_python_operator.py
[2024-04-20T06:01:19.461+0000] {logging_mixin.py:117} INFO - [2024-04-20T06:01:19.461+0000] {dag.py:2573} INFO - Sync 1 DAGs
[2024-04-20T06:01:19.494+0000] {logging_mixin.py:117} INFO - [2024-04-20T06:01:19.494+0000] {dag.py:3328} INFO - Setting next_dagrun for example_python_operator to None, run_after=None
[2024-04-20T06:01:19.520+0000] {processor.py:178} INFO - Processing /home/airflow/.local/lib/python3.7/site-packages/airflow/example_dags/example_python_operator.py took 0.212 seconds
[2024-04-20T06:01:49.982+0000] {processor.py:156} INFO - Started process (PID=2504) to work on /home/airflow/.local/lib/python3.7/site-packages/airflow/example_dags/example_python_operator.py
[2024-04-20T06:01:49.982+0000] {processor.py:758} INFO - Processing file /home/airflow/.local/lib/python3.7/site-packages/airflow/example_dags/example_python_operator.py for tasks to queue
[2024-04-20T06:01:49.983+0000] {logging_mixin.py:117} INFO - [2024-04-20T06:01:49.983+0000] {dagbag.py:525} INFO - Filling up the DagBag from /home/airflow/.local/lib/python3.7/site-packages/airflow/example_dags/example_python_operator.py
[2024-04-20T06:01:50.005+0000] {processor.py:768} INFO - DAG(s) dict_keys(['example_python_operator']) retrieved from /home/airflow/.local/lib/python3.7/site-packages/airflow/example_dags/example_python_operator.py
[2024-04-20T06:01:50.041+0000] {logging_mixin.py:117} INFO - [2024-04-20T06:01:50.041+0000] {dag.py:2573} INFO - Sync 1 DAGs
[2024-04-20T06:01:50.070+0000] {logging_mixin.py:117} INFO - [2024-04-20T06:01:50.070+0000] {dag.py:3328} INFO - Setting next_dagrun for example_python_operator to None, run_after=None
[2024-04-20T06:01:50.091+0000] {processor.py:178} INFO - Processing /home/airflow/.local/lib/python3.7/site-packages/airflow/example_dags/example_python_operator.py took 0.112 seconds
[2024-04-20T06:02:21.004+0000] {processor.py:156} INFO - Started process (PID=2730) to work on /home/airflow/.local/lib/python3.7/site-packages/airflow/example_dags/example_python_operator.py
[2024-04-20T06:02:21.005+0000] {processor.py:758} INFO - Processing file /home/airflow/.local/lib/python3.7/site-packages/airflow/example_dags/example_python_operator.py for tasks to queue
[2024-04-20T06:02:21.005+0000] {logging_mixin.py:117} INFO - [2024-04-20T06:02:21.005+0000] {dagbag.py:525} INFO - Filling up the DagBag from /home/airflow/.local/lib/python3.7/site-packages/airflow/example_dags/example_python_operator.py
[2024-04-20T06:02:21.037+0000] {processor.py:768} INFO - DAG(s) dict_keys(['example_python_operator']) retrieved from /home/airflow/.local/lib/python3.7/site-packages/airflow/example_dags/example_python_operator.py
[2024-04-20T06:02:21.091+0000] {logging_mixin.py:117} INFO - [2024-04-20T06:02:21.091+0000] {dag.py:2573} INFO - Sync 1 DAGs
[2024-04-20T06:02:21.133+0000] {logging_mixin.py:117} INFO - [2024-04-20T06:02:21.133+0000] {dag.py:3328} INFO - Setting next_dagrun for example_python_operator to None, run_after=None
[2024-04-20T06:02:21.161+0000] {processor.py:178} INFO - Processing /home/airflow/.local/lib/python3.7/site-packages/airflow/example_dags/example_python_operator.py took 0.161 seconds
[2024-04-20T06:02:51.902+0000] {processor.py:156} INFO - Started process (PID=2958) to work on /home/airflow/.local/lib/python3.7/site-packages/airflow/example_dags/example_python_operator.py
[2024-04-20T06:02:51.903+0000] {processor.py:758} INFO - Processing file /home/airflow/.local/lib/python3.7/site-packages/airflow/example_dags/example_python_operator.py for tasks to queue
[2024-04-20T06:02:51.904+0000] {logging_mixin.py:117} INFO - [2024-04-20T06:02:51.903+0000] {dagbag.py:525} INFO - Filling up the DagBag from /home/airflow/.local/lib/python3.7/site-packages/airflow/example_dags/example_python_operator.py
[2024-04-20T06:02:51.937+0000] {processor.py:768} INFO - DAG(s) dict_keys(['example_python_operator']) retrieved from /home/airflow/.local/lib/python3.7/site-packages/airflow/example_dags/example_python_operator.py
[2024-04-20T06:02:51.988+0000] {logging_mixin.py:117} INFO - [2024-04-20T06:02:51.987+0000] {dag.py:2573} INFO - Sync 1 DAGs
[2024-04-20T06:02:52.016+0000] {logging_mixin.py:117} INFO - [2024-04-20T06:02:52.016+0000] {dag.py:3328} INFO - Setting next_dagrun for example_python_operator to None, run_after=None
[2024-04-20T06:02:52.045+0000] {processor.py:178} INFO - Processing /home/airflow/.local/lib/python3.7/site-packages/airflow/example_dags/example_python_operator.py took 0.146 seconds
[2024-04-20T06:03:22.914+0000] {processor.py:156} INFO - Started process (PID=3175) to work on /home/airflow/.local/lib/python3.7/site-packages/airflow/example_dags/example_python_operator.py
[2024-04-20T06:03:22.915+0000] {processor.py:758} INFO - Processing file /home/airflow/.local/lib/python3.7/site-packages/airflow/example_dags/example_python_operator.py for tasks to queue
[2024-04-20T06:03:22.916+0000] {logging_mixin.py:117} INFO - [2024-04-20T06:03:22.915+0000] {dagbag.py:525} INFO - Filling up the DagBag from /home/airflow/.local/lib/python3.7/site-packages/airflow/example_dags/example_python_operator.py
[2024-04-20T06:03:23.046+0000] {processor.py:768} INFO - DAG(s) dict_keys(['example_python_operator']) retrieved from /home/airflow/.local/lib/python3.7/site-packages/airflow/example_dags/example_python_operator.py
[2024-04-20T06:03:23.136+0000] {logging_mixin.py:117} INFO - [2024-04-20T06:03:23.136+0000] {dag.py:2573} INFO - Sync 1 DAGs
[2024-04-20T06:03:23.182+0000] {logging_mixin.py:117} INFO - [2024-04-20T06:03:23.182+0000] {dag.py:3328} INFO - Setting next_dagrun for example_python_operator to None, run_after=None
[2024-04-20T06:03:23.267+0000] {processor.py:178} INFO - Processing /home/airflow/.local/lib/python3.7/site-packages/airflow/example_dags/example_python_operator.py took 0.364 seconds
