[2024-04-20T05:31:46.938+0000] {processor.py:156} INFO - Started process (PID=250) to work on /home/airflow/.local/lib/python3.7/site-packages/airflow/example_dags/example_short_circuit_decorator.py
[2024-04-20T05:31:46.939+0000] {processor.py:758} INFO - Processing file /home/airflow/.local/lib/python3.7/site-packages/airflow/example_dags/example_short_circuit_decorator.py for tasks to queue
[2024-04-20T05:31:46.940+0000] {logging_mixin.py:117} INFO - [2024-04-20T05:31:46.940+0000] {dagbag.py:525} INFO - Filling up the DagBag from /home/airflow/.local/lib/python3.7/site-packages/airflow/example_dags/example_short_circuit_decorator.py
[2024-04-20T05:31:47.083+0000] {processor.py:768} INFO - DAG(s) dict_keys(['example_short_circuit_decorator']) retrieved from /home/airflow/.local/lib/python3.7/site-packages/airflow/example_dags/example_short_circuit_decorator.py
[2024-04-20T05:31:48.321+0000] {logging_mixin.py:117} INFO - [2024-04-20T05:31:48.320+0000] {manager.py:507} INFO - Created Permission View: can delete on DAG:example_short_circuit_decorator
[2024-04-20T05:31:48.353+0000] {logging_mixin.py:117} INFO - [2024-04-20T05:31:48.353+0000] {manager.py:507} INFO - Created Permission View: can edit on DAG:example_short_circuit_decorator
[2024-04-20T05:31:48.378+0000] {logging_mixin.py:117} INFO - [2024-04-20T05:31:48.378+0000] {manager.py:507} INFO - Created Permission View: can read on DAG:example_short_circuit_decorator
[2024-04-20T05:31:48.379+0000] {logging_mixin.py:117} INFO - [2024-04-20T05:31:48.379+0000] {dag.py:2573} INFO - Sync 1 DAGs
[2024-04-20T05:31:48.416+0000] {logging_mixin.py:117} INFO - [2024-04-20T05:31:48.416+0000] {dag.py:2594} INFO - Creating ORM DAG for example_short_circuit_decorator
[2024-04-20T05:31:48.451+0000] {logging_mixin.py:117} INFO - [2024-04-20T05:31:48.451+0000] {dag.py:3328} INFO - Setting next_dagrun for example_short_circuit_decorator to 2024-04-19T05:31:48.450880+00:00, run_after=2024-04-20T05:31:48.450880+00:00
[2024-04-20T05:31:48.529+0000] {processor.py:178} INFO - Processing /home/airflow/.local/lib/python3.7/site-packages/airflow/example_dags/example_short_circuit_decorator.py took 1.621 seconds
[2024-04-20T05:32:19.210+0000] {processor.py:156} INFO - Started process (PID=464) to work on /home/airflow/.local/lib/python3.7/site-packages/airflow/example_dags/example_short_circuit_decorator.py
[2024-04-20T05:32:19.211+0000] {processor.py:758} INFO - Processing file /home/airflow/.local/lib/python3.7/site-packages/airflow/example_dags/example_short_circuit_decorator.py for tasks to queue
[2024-04-20T05:32:19.212+0000] {logging_mixin.py:117} INFO - [2024-04-20T05:32:19.211+0000] {dagbag.py:525} INFO - Filling up the DagBag from /home/airflow/.local/lib/python3.7/site-packages/airflow/example_dags/example_short_circuit_decorator.py
[2024-04-20T05:32:19.248+0000] {processor.py:768} INFO - DAG(s) dict_keys(['example_short_circuit_decorator']) retrieved from /home/airflow/.local/lib/python3.7/site-packages/airflow/example_dags/example_short_circuit_decorator.py
[2024-04-20T05:32:19.294+0000] {logging_mixin.py:117} INFO - [2024-04-20T05:32:19.293+0000] {dag.py:2573} INFO - Sync 1 DAGs
[2024-04-20T05:32:19.483+0000] {logging_mixin.py:117} INFO - [2024-04-20T05:32:19.483+0000] {dag.py:3328} INFO - Setting next_dagrun for example_short_circuit_decorator to 2024-04-19T05:32:19.482969+00:00, run_after=2024-04-20T05:32:19.482969+00:00
[2024-04-20T05:32:19.508+0000] {processor.py:178} INFO - Processing /home/airflow/.local/lib/python3.7/site-packages/airflow/example_dags/example_short_circuit_decorator.py took 0.301 seconds
[2024-04-20T05:32:49.674+0000] {processor.py:156} INFO - Started process (PID=677) to work on /home/airflow/.local/lib/python3.7/site-packages/airflow/example_dags/example_short_circuit_decorator.py
[2024-04-20T05:32:49.674+0000] {processor.py:758} INFO - Processing file /home/airflow/.local/lib/python3.7/site-packages/airflow/example_dags/example_short_circuit_decorator.py for tasks to queue
[2024-04-20T05:32:49.675+0000] {logging_mixin.py:117} INFO - [2024-04-20T05:32:49.675+0000] {dagbag.py:525} INFO - Filling up the DagBag from /home/airflow/.local/lib/python3.7/site-packages/airflow/example_dags/example_short_circuit_decorator.py
[2024-04-20T05:32:49.696+0000] {processor.py:768} INFO - DAG(s) dict_keys(['example_short_circuit_decorator']) retrieved from /home/airflow/.local/lib/python3.7/site-packages/airflow/example_dags/example_short_circuit_decorator.py
[2024-04-20T05:32:49.733+0000] {logging_mixin.py:117} INFO - [2024-04-20T05:32:49.733+0000] {dag.py:2573} INFO - Sync 1 DAGs
[2024-04-20T05:32:49.867+0000] {logging_mixin.py:117} INFO - [2024-04-20T05:32:49.866+0000] {dag.py:3328} INFO - Setting next_dagrun for example_short_circuit_decorator to 2024-04-19T05:32:49.866728+00:00, run_after=2024-04-20T05:32:49.866728+00:00
[2024-04-20T05:32:49.885+0000] {processor.py:178} INFO - Processing /home/airflow/.local/lib/python3.7/site-packages/airflow/example_dags/example_short_circuit_decorator.py took 0.214 seconds
[2024-04-20T05:33:20.116+0000] {processor.py:156} INFO - Started process (PID=901) to work on /home/airflow/.local/lib/python3.7/site-packages/airflow/example_dags/example_short_circuit_decorator.py
[2024-04-20T05:33:20.117+0000] {processor.py:758} INFO - Processing file /home/airflow/.local/lib/python3.7/site-packages/airflow/example_dags/example_short_circuit_decorator.py for tasks to queue
[2024-04-20T05:33:20.117+0000] {logging_mixin.py:117} INFO - [2024-04-20T05:33:20.117+0000] {dagbag.py:525} INFO - Filling up the DagBag from /home/airflow/.local/lib/python3.7/site-packages/airflow/example_dags/example_short_circuit_decorator.py
[2024-04-20T05:33:20.139+0000] {processor.py:768} INFO - DAG(s) dict_keys(['example_short_circuit_decorator']) retrieved from /home/airflow/.local/lib/python3.7/site-packages/airflow/example_dags/example_short_circuit_decorator.py
[2024-04-20T05:33:20.288+0000] {logging_mixin.py:117} INFO - [2024-04-20T05:33:20.287+0000] {dag.py:2573} INFO - Sync 1 DAGs
[2024-04-20T05:33:20.308+0000] {logging_mixin.py:117} INFO - [2024-04-20T05:33:20.308+0000] {dag.py:3328} INFO - Setting next_dagrun for example_short_circuit_decorator to 2024-04-19T05:33:20.308206+00:00, run_after=2024-04-20T05:33:20.308206+00:00
[2024-04-20T05:33:20.327+0000] {processor.py:178} INFO - Processing /home/airflow/.local/lib/python3.7/site-packages/airflow/example_dags/example_short_circuit_decorator.py took 0.213 seconds
[2024-04-20T05:33:50.733+0000] {processor.py:156} INFO - Started process (PID=1109) to work on /home/airflow/.local/lib/python3.7/site-packages/airflow/example_dags/example_short_circuit_decorator.py
[2024-04-20T05:33:50.734+0000] {processor.py:758} INFO - Processing file /home/airflow/.local/lib/python3.7/site-packages/airflow/example_dags/example_short_circuit_decorator.py for tasks to queue
[2024-04-20T05:33:50.734+0000] {logging_mixin.py:117} INFO - [2024-04-20T05:33:50.734+0000] {dagbag.py:525} INFO - Filling up the DagBag from /home/airflow/.local/lib/python3.7/site-packages/airflow/example_dags/example_short_circuit_decorator.py
[2024-04-20T05:33:50.755+0000] {processor.py:768} INFO - DAG(s) dict_keys(['example_short_circuit_decorator']) retrieved from /home/airflow/.local/lib/python3.7/site-packages/airflow/example_dags/example_short_circuit_decorator.py
[2024-04-20T05:33:50.920+0000] {logging_mixin.py:117} INFO - [2024-04-20T05:33:50.919+0000] {dag.py:2573} INFO - Sync 1 DAGs
[2024-04-20T05:33:50.948+0000] {logging_mixin.py:117} INFO - [2024-04-20T05:33:50.948+0000] {dag.py:3328} INFO - Setting next_dagrun for example_short_circuit_decorator to 2024-04-19T05:33:50.947784+00:00, run_after=2024-04-20T05:33:50.947784+00:00
[2024-04-20T05:33:50.972+0000] {processor.py:178} INFO - Processing /home/airflow/.local/lib/python3.7/site-packages/airflow/example_dags/example_short_circuit_decorator.py took 0.241 seconds
[2024-04-20T05:34:21.351+0000] {processor.py:156} INFO - Started process (PID=1327) to work on /home/airflow/.local/lib/python3.7/site-packages/airflow/example_dags/example_short_circuit_decorator.py
[2024-04-20T05:34:21.351+0000] {processor.py:758} INFO - Processing file /home/airflow/.local/lib/python3.7/site-packages/airflow/example_dags/example_short_circuit_decorator.py for tasks to queue
[2024-04-20T05:34:21.352+0000] {logging_mixin.py:117} INFO - [2024-04-20T05:34:21.352+0000] {dagbag.py:525} INFO - Filling up the DagBag from /home/airflow/.local/lib/python3.7/site-packages/airflow/example_dags/example_short_circuit_decorator.py
[2024-04-20T05:34:21.486+0000] {processor.py:768} INFO - DAG(s) dict_keys(['example_short_circuit_decorator']) retrieved from /home/airflow/.local/lib/python3.7/site-packages/airflow/example_dags/example_short_circuit_decorator.py
[2024-04-20T05:34:21.516+0000] {logging_mixin.py:117} INFO - [2024-04-20T05:34:21.515+0000] {dag.py:2573} INFO - Sync 1 DAGs
[2024-04-20T05:34:21.536+0000] {logging_mixin.py:117} INFO - [2024-04-20T05:34:21.535+0000] {dag.py:3328} INFO - Setting next_dagrun for example_short_circuit_decorator to 2024-04-19T05:34:21.535693+00:00, run_after=2024-04-20T05:34:21.535693+00:00
[2024-04-20T05:34:21.554+0000] {processor.py:178} INFO - Processing /home/airflow/.local/lib/python3.7/site-packages/airflow/example_dags/example_short_circuit_decorator.py took 0.206 seconds
[2024-04-20T05:34:52.166+0000] {processor.py:156} INFO - Started process (PID=1539) to work on /home/airflow/.local/lib/python3.7/site-packages/airflow/example_dags/example_short_circuit_decorator.py
[2024-04-20T05:34:52.166+0000] {processor.py:758} INFO - Processing file /home/airflow/.local/lib/python3.7/site-packages/airflow/example_dags/example_short_circuit_decorator.py for tasks to queue
[2024-04-20T05:34:52.167+0000] {logging_mixin.py:117} INFO - [2024-04-20T05:34:52.167+0000] {dagbag.py:525} INFO - Filling up the DagBag from /home/airflow/.local/lib/python3.7/site-packages/airflow/example_dags/example_short_circuit_decorator.py
[2024-04-20T05:34:52.373+0000] {processor.py:768} INFO - DAG(s) dict_keys(['example_short_circuit_decorator']) retrieved from /home/airflow/.local/lib/python3.7/site-packages/airflow/example_dags/example_short_circuit_decorator.py
[2024-04-20T05:34:52.431+0000] {logging_mixin.py:117} INFO - [2024-04-20T05:34:52.431+0000] {dag.py:2573} INFO - Sync 1 DAGs
[2024-04-20T05:34:52.467+0000] {logging_mixin.py:117} INFO - [2024-04-20T05:34:52.467+0000] {dag.py:3328} INFO - Setting next_dagrun for example_short_circuit_decorator to 2024-04-19T05:34:52.466915+00:00, run_after=2024-04-20T05:34:52.466915+00:00
[2024-04-20T05:34:52.492+0000] {processor.py:178} INFO - Processing /home/airflow/.local/lib/python3.7/site-packages/airflow/example_dags/example_short_circuit_decorator.py took 0.330 seconds
[2024-04-20T05:35:22.933+0000] {processor.py:156} INFO - Started process (PID=1757) to work on /home/airflow/.local/lib/python3.7/site-packages/airflow/example_dags/example_short_circuit_decorator.py
[2024-04-20T05:35:22.934+0000] {processor.py:758} INFO - Processing file /home/airflow/.local/lib/python3.7/site-packages/airflow/example_dags/example_short_circuit_decorator.py for tasks to queue
[2024-04-20T05:35:22.935+0000] {logging_mixin.py:117} INFO - [2024-04-20T05:35:22.934+0000] {dagbag.py:525} INFO - Filling up the DagBag from /home/airflow/.local/lib/python3.7/site-packages/airflow/example_dags/example_short_circuit_decorator.py
[2024-04-20T05:35:22.969+0000] {processor.py:768} INFO - DAG(s) dict_keys(['example_short_circuit_decorator']) retrieved from /home/airflow/.local/lib/python3.7/site-packages/airflow/example_dags/example_short_circuit_decorator.py
[2024-04-20T05:35:23.036+0000] {logging_mixin.py:117} INFO - [2024-04-20T05:35:23.035+0000] {dag.py:2573} INFO - Sync 1 DAGs
[2024-04-20T05:35:23.101+0000] {logging_mixin.py:117} INFO - [2024-04-20T05:35:23.100+0000] {dag.py:3328} INFO - Setting next_dagrun for example_short_circuit_decorator to 2024-04-19T05:35:23.100665+00:00, run_after=2024-04-20T05:35:23.100665+00:00
[2024-04-20T05:35:23.135+0000] {processor.py:178} INFO - Processing /home/airflow/.local/lib/python3.7/site-packages/airflow/example_dags/example_short_circuit_decorator.py took 0.205 seconds
[2024-04-20T05:35:53.525+0000] {processor.py:156} INFO - Started process (PID=1963) to work on /home/airflow/.local/lib/python3.7/site-packages/airflow/example_dags/example_short_circuit_decorator.py
[2024-04-20T05:35:53.526+0000] {processor.py:758} INFO - Processing file /home/airflow/.local/lib/python3.7/site-packages/airflow/example_dags/example_short_circuit_decorator.py for tasks to queue
[2024-04-20T05:35:53.527+0000] {logging_mixin.py:117} INFO - [2024-04-20T05:35:53.527+0000] {dagbag.py:525} INFO - Filling up the DagBag from /home/airflow/.local/lib/python3.7/site-packages/airflow/example_dags/example_short_circuit_decorator.py
[2024-04-20T05:35:53.600+0000] {processor.py:768} INFO - DAG(s) dict_keys(['example_short_circuit_decorator']) retrieved from /home/airflow/.local/lib/python3.7/site-packages/airflow/example_dags/example_short_circuit_decorator.py
[2024-04-20T05:35:53.762+0000] {logging_mixin.py:117} INFO - [2024-04-20T05:35:53.762+0000] {dag.py:2573} INFO - Sync 1 DAGs
[2024-04-20T05:35:53.833+0000] {logging_mixin.py:117} INFO - [2024-04-20T05:35:53.833+0000] {dag.py:3328} INFO - Setting next_dagrun for example_short_circuit_decorator to 2024-04-19T05:35:53.833304+00:00, run_after=2024-04-20T05:35:53.833304+00:00
[2024-04-20T05:35:53.894+0000] {processor.py:178} INFO - Processing /home/airflow/.local/lib/python3.7/site-packages/airflow/example_dags/example_short_circuit_decorator.py took 0.374 seconds
[2024-04-20T05:36:24.860+0000] {processor.py:156} INFO - Started process (PID=2180) to work on /home/airflow/.local/lib/python3.7/site-packages/airflow/example_dags/example_short_circuit_decorator.py
[2024-04-20T05:36:24.861+0000] {processor.py:758} INFO - Processing file /home/airflow/.local/lib/python3.7/site-packages/airflow/example_dags/example_short_circuit_decorator.py for tasks to queue
[2024-04-20T05:36:24.861+0000] {logging_mixin.py:117} INFO - [2024-04-20T05:36:24.861+0000] {dagbag.py:525} INFO - Filling up the DagBag from /home/airflow/.local/lib/python3.7/site-packages/airflow/example_dags/example_short_circuit_decorator.py
[2024-04-20T05:36:24.900+0000] {processor.py:768} INFO - DAG(s) dict_keys(['example_short_circuit_decorator']) retrieved from /home/airflow/.local/lib/python3.7/site-packages/airflow/example_dags/example_short_circuit_decorator.py
[2024-04-20T05:36:24.951+0000] {logging_mixin.py:117} INFO - [2024-04-20T05:36:24.951+0000] {dag.py:2573} INFO - Sync 1 DAGs
[2024-04-20T05:36:25.015+0000] {logging_mixin.py:117} INFO - [2024-04-20T05:36:25.014+0000] {dag.py:3328} INFO - Setting next_dagrun for example_short_circuit_decorator to 2024-04-19T05:36:25.014638+00:00, run_after=2024-04-20T05:36:25.014638+00:00
[2024-04-20T05:36:25.057+0000] {processor.py:178} INFO - Processing /home/airflow/.local/lib/python3.7/site-packages/airflow/example_dags/example_short_circuit_decorator.py took 0.200 seconds
[2024-04-20T05:36:55.520+0000] {processor.py:156} INFO - Started process (PID=2443) to work on /home/airflow/.local/lib/python3.7/site-packages/airflow/example_dags/example_short_circuit_decorator.py
[2024-04-20T05:36:55.521+0000] {processor.py:758} INFO - Processing file /home/airflow/.local/lib/python3.7/site-packages/airflow/example_dags/example_short_circuit_decorator.py for tasks to queue
[2024-04-20T05:36:55.521+0000] {logging_mixin.py:117} INFO - [2024-04-20T05:36:55.521+0000] {dagbag.py:525} INFO - Filling up the DagBag from /home/airflow/.local/lib/python3.7/site-packages/airflow/example_dags/example_short_circuit_decorator.py
[2024-04-20T05:36:55.554+0000] {processor.py:768} INFO - DAG(s) dict_keys(['example_short_circuit_decorator']) retrieved from /home/airflow/.local/lib/python3.7/site-packages/airflow/example_dags/example_short_circuit_decorator.py
[2024-04-20T05:36:55.608+0000] {logging_mixin.py:117} INFO - [2024-04-20T05:36:55.608+0000] {dag.py:2573} INFO - Sync 1 DAGs
[2024-04-20T05:36:55.638+0000] {logging_mixin.py:117} INFO - [2024-04-20T05:36:55.638+0000] {dag.py:3328} INFO - Setting next_dagrun for example_short_circuit_decorator to 2024-04-19T05:36:55.638321+00:00, run_after=2024-04-20T05:36:55.638321+00:00
[2024-04-20T05:36:55.663+0000] {processor.py:178} INFO - Processing /home/airflow/.local/lib/python3.7/site-packages/airflow/example_dags/example_short_circuit_decorator.py took 0.146 seconds
[2024-04-20T05:37:26.144+0000] {processor.py:156} INFO - Started process (PID=2717) to work on /home/airflow/.local/lib/python3.7/site-packages/airflow/example_dags/example_short_circuit_decorator.py
[2024-04-20T05:37:26.144+0000] {processor.py:758} INFO - Processing file /home/airflow/.local/lib/python3.7/site-packages/airflow/example_dags/example_short_circuit_decorator.py for tasks to queue
[2024-04-20T05:37:26.145+0000] {logging_mixin.py:117} INFO - [2024-04-20T05:37:26.145+0000] {dagbag.py:525} INFO - Filling up the DagBag from /home/airflow/.local/lib/python3.7/site-packages/airflow/example_dags/example_short_circuit_decorator.py
[2024-04-20T05:37:26.175+0000] {processor.py:768} INFO - DAG(s) dict_keys(['example_short_circuit_decorator']) retrieved from /home/airflow/.local/lib/python3.7/site-packages/airflow/example_dags/example_short_circuit_decorator.py
[2024-04-20T05:37:26.224+0000] {logging_mixin.py:117} INFO - [2024-04-20T05:37:26.224+0000] {dag.py:2573} INFO - Sync 1 DAGs
[2024-04-20T05:37:26.262+0000] {logging_mixin.py:117} INFO - [2024-04-20T05:37:26.262+0000] {dag.py:3328} INFO - Setting next_dagrun for example_short_circuit_decorator to 2024-04-19T05:37:26.262020+00:00, run_after=2024-04-20T05:37:26.262020+00:00
[2024-04-20T05:37:26.295+0000] {processor.py:178} INFO - Processing /home/airflow/.local/lib/python3.7/site-packages/airflow/example_dags/example_short_circuit_decorator.py took 0.155 seconds
[2024-04-20T05:37:56.887+0000] {processor.py:156} INFO - Started process (PID=2946) to work on /home/airflow/.local/lib/python3.7/site-packages/airflow/example_dags/example_short_circuit_decorator.py
[2024-04-20T05:37:56.893+0000] {processor.py:758} INFO - Processing file /home/airflow/.local/lib/python3.7/site-packages/airflow/example_dags/example_short_circuit_decorator.py for tasks to queue
[2024-04-20T05:37:56.894+0000] {logging_mixin.py:117} INFO - [2024-04-20T05:37:56.893+0000] {dagbag.py:525} INFO - Filling up the DagBag from /home/airflow/.local/lib/python3.7/site-packages/airflow/example_dags/example_short_circuit_decorator.py
[2024-04-20T05:37:56.940+0000] {processor.py:768} INFO - DAG(s) dict_keys(['example_short_circuit_decorator']) retrieved from /home/airflow/.local/lib/python3.7/site-packages/airflow/example_dags/example_short_circuit_decorator.py
[2024-04-20T05:37:56.991+0000] {logging_mixin.py:117} INFO - [2024-04-20T05:37:56.991+0000] {dag.py:2573} INFO - Sync 1 DAGs
[2024-04-20T05:37:57.021+0000] {logging_mixin.py:117} INFO - [2024-04-20T05:37:57.020+0000] {dag.py:3328} INFO - Setting next_dagrun for example_short_circuit_decorator to 2024-04-19T05:37:57.020701+00:00, run_after=2024-04-20T05:37:57.020701+00:00
[2024-04-20T05:37:57.045+0000] {processor.py:178} INFO - Processing /home/airflow/.local/lib/python3.7/site-packages/airflow/example_dags/example_short_circuit_decorator.py took 0.168 seconds
[2024-04-20T05:38:27.612+0000] {processor.py:156} INFO - Started process (PID=3177) to work on /home/airflow/.local/lib/python3.7/site-packages/airflow/example_dags/example_short_circuit_decorator.py
[2024-04-20T05:38:27.613+0000] {processor.py:758} INFO - Processing file /home/airflow/.local/lib/python3.7/site-packages/airflow/example_dags/example_short_circuit_decorator.py for tasks to queue
[2024-04-20T05:38:27.613+0000] {logging_mixin.py:117} INFO - [2024-04-20T05:38:27.613+0000] {dagbag.py:525} INFO - Filling up the DagBag from /home/airflow/.local/lib/python3.7/site-packages/airflow/example_dags/example_short_circuit_decorator.py
[2024-04-20T05:38:27.646+0000] {processor.py:768} INFO - DAG(s) dict_keys(['example_short_circuit_decorator']) retrieved from /home/airflow/.local/lib/python3.7/site-packages/airflow/example_dags/example_short_circuit_decorator.py
[2024-04-20T05:38:27.697+0000] {logging_mixin.py:117} INFO - [2024-04-20T05:38:27.697+0000] {dag.py:2573} INFO - Sync 1 DAGs
[2024-04-20T05:38:27.731+0000] {logging_mixin.py:117} INFO - [2024-04-20T05:38:27.731+0000] {dag.py:3328} INFO - Setting next_dagrun for example_short_circuit_decorator to 2024-04-19T05:38:27.730978+00:00, run_after=2024-04-20T05:38:27.730978+00:00
[2024-04-20T05:38:27.756+0000] {processor.py:178} INFO - Processing /home/airflow/.local/lib/python3.7/site-packages/airflow/example_dags/example_short_circuit_decorator.py took 0.148 seconds
[2024-04-20T05:38:58.307+0000] {processor.py:156} INFO - Started process (PID=3394) to work on /home/airflow/.local/lib/python3.7/site-packages/airflow/example_dags/example_short_circuit_decorator.py
[2024-04-20T05:38:58.308+0000] {processor.py:758} INFO - Processing file /home/airflow/.local/lib/python3.7/site-packages/airflow/example_dags/example_short_circuit_decorator.py for tasks to queue
[2024-04-20T05:38:58.309+0000] {logging_mixin.py:117} INFO - [2024-04-20T05:38:58.309+0000] {dagbag.py:525} INFO - Filling up the DagBag from /home/airflow/.local/lib/python3.7/site-packages/airflow/example_dags/example_short_circuit_decorator.py
[2024-04-20T05:38:58.341+0000] {processor.py:768} INFO - DAG(s) dict_keys(['example_short_circuit_decorator']) retrieved from /home/airflow/.local/lib/python3.7/site-packages/airflow/example_dags/example_short_circuit_decorator.py
[2024-04-20T05:38:58.431+0000] {logging_mixin.py:117} INFO - [2024-04-20T05:38:58.430+0000] {dag.py:2573} INFO - Sync 1 DAGs
[2024-04-20T05:38:58.470+0000] {logging_mixin.py:117} INFO - [2024-04-20T05:38:58.470+0000] {dag.py:3328} INFO - Setting next_dagrun for example_short_circuit_decorator to 2024-04-19T05:38:58.470100+00:00, run_after=2024-04-20T05:38:58.470100+00:00
[2024-04-20T05:38:58.504+0000] {processor.py:178} INFO - Processing /home/airflow/.local/lib/python3.7/site-packages/airflow/example_dags/example_short_circuit_decorator.py took 0.200 seconds
[2024-04-20T05:39:29.124+0000] {processor.py:156} INFO - Started process (PID=3632) to work on /home/airflow/.local/lib/python3.7/site-packages/airflow/example_dags/example_short_circuit_decorator.py
[2024-04-20T05:39:29.125+0000] {processor.py:758} INFO - Processing file /home/airflow/.local/lib/python3.7/site-packages/airflow/example_dags/example_short_circuit_decorator.py for tasks to queue
[2024-04-20T05:39:29.126+0000] {logging_mixin.py:117} INFO - [2024-04-20T05:39:29.125+0000] {dagbag.py:525} INFO - Filling up the DagBag from /home/airflow/.local/lib/python3.7/site-packages/airflow/example_dags/example_short_circuit_decorator.py
[2024-04-20T05:39:29.164+0000] {processor.py:768} INFO - DAG(s) dict_keys(['example_short_circuit_decorator']) retrieved from /home/airflow/.local/lib/python3.7/site-packages/airflow/example_dags/example_short_circuit_decorator.py
[2024-04-20T05:39:29.214+0000] {logging_mixin.py:117} INFO - [2024-04-20T05:39:29.214+0000] {dag.py:2573} INFO - Sync 1 DAGs
[2024-04-20T05:39:29.246+0000] {logging_mixin.py:117} INFO - [2024-04-20T05:39:29.246+0000] {dag.py:3328} INFO - Setting next_dagrun for example_short_circuit_decorator to 2024-04-19T05:39:29.245811+00:00, run_after=2024-04-20T05:39:29.245811+00:00
[2024-04-20T05:39:29.269+0000] {processor.py:178} INFO - Processing /home/airflow/.local/lib/python3.7/site-packages/airflow/example_dags/example_short_circuit_decorator.py took 0.148 seconds
[2024-04-20T05:40:00.140+0000] {processor.py:156} INFO - Started process (PID=3869) to work on /home/airflow/.local/lib/python3.7/site-packages/airflow/example_dags/example_short_circuit_decorator.py
[2024-04-20T05:40:00.146+0000] {processor.py:758} INFO - Processing file /home/airflow/.local/lib/python3.7/site-packages/airflow/example_dags/example_short_circuit_decorator.py for tasks to queue
[2024-04-20T05:40:00.147+0000] {logging_mixin.py:117} INFO - [2024-04-20T05:40:00.146+0000] {dagbag.py:525} INFO - Filling up the DagBag from /home/airflow/.local/lib/python3.7/site-packages/airflow/example_dags/example_short_circuit_decorator.py
[2024-04-20T05:40:00.208+0000] {processor.py:768} INFO - DAG(s) dict_keys(['example_short_circuit_decorator']) retrieved from /home/airflow/.local/lib/python3.7/site-packages/airflow/example_dags/example_short_circuit_decorator.py
[2024-04-20T05:40:00.310+0000] {logging_mixin.py:117} INFO - [2024-04-20T05:40:00.310+0000] {dag.py:2573} INFO - Sync 1 DAGs
[2024-04-20T05:40:00.387+0000] {logging_mixin.py:117} INFO - [2024-04-20T05:40:00.386+0000] {dag.py:3328} INFO - Setting next_dagrun for example_short_circuit_decorator to 2024-04-19T05:40:00.386636+00:00, run_after=2024-04-20T05:40:00.386636+00:00
[2024-04-20T05:40:00.433+0000] {processor.py:178} INFO - Processing /home/airflow/.local/lib/python3.7/site-packages/airflow/example_dags/example_short_circuit_decorator.py took 0.292 seconds
[2024-04-20T05:40:30.854+0000] {processor.py:156} INFO - Started process (PID=4086) to work on /home/airflow/.local/lib/python3.7/site-packages/airflow/example_dags/example_short_circuit_decorator.py
[2024-04-20T05:40:30.866+0000] {processor.py:758} INFO - Processing file /home/airflow/.local/lib/python3.7/site-packages/airflow/example_dags/example_short_circuit_decorator.py for tasks to queue
[2024-04-20T05:40:30.867+0000] {logging_mixin.py:117} INFO - [2024-04-20T05:40:30.866+0000] {dagbag.py:525} INFO - Filling up the DagBag from /home/airflow/.local/lib/python3.7/site-packages/airflow/example_dags/example_short_circuit_decorator.py
[2024-04-20T05:40:30.945+0000] {processor.py:768} INFO - DAG(s) dict_keys(['example_short_circuit_decorator']) retrieved from /home/airflow/.local/lib/python3.7/site-packages/airflow/example_dags/example_short_circuit_decorator.py
[2024-04-20T05:40:31.110+0000] {logging_mixin.py:117} INFO - [2024-04-20T05:40:31.110+0000] {dag.py:2573} INFO - Sync 1 DAGs
[2024-04-20T05:40:31.220+0000] {logging_mixin.py:117} INFO - [2024-04-20T05:40:31.220+0000] {dag.py:3328} INFO - Setting next_dagrun for example_short_circuit_decorator to 2024-04-19T05:40:31.219749+00:00, run_after=2024-04-20T05:40:31.219749+00:00
[2024-04-20T05:40:31.291+0000] {processor.py:178} INFO - Processing /home/airflow/.local/lib/python3.7/site-packages/airflow/example_dags/example_short_circuit_decorator.py took 0.446 seconds
[2024-04-20T05:41:02.298+0000] {processor.py:156} INFO - Started process (PID=4315) to work on /home/airflow/.local/lib/python3.7/site-packages/airflow/example_dags/example_short_circuit_decorator.py
[2024-04-20T05:41:02.299+0000] {processor.py:758} INFO - Processing file /home/airflow/.local/lib/python3.7/site-packages/airflow/example_dags/example_short_circuit_decorator.py for tasks to queue
[2024-04-20T05:41:02.299+0000] {logging_mixin.py:117} INFO - [2024-04-20T05:41:02.299+0000] {dagbag.py:525} INFO - Filling up the DagBag from /home/airflow/.local/lib/python3.7/site-packages/airflow/example_dags/example_short_circuit_decorator.py
[2024-04-20T05:41:02.320+0000] {processor.py:768} INFO - DAG(s) dict_keys(['example_short_circuit_decorator']) retrieved from /home/airflow/.local/lib/python3.7/site-packages/airflow/example_dags/example_short_circuit_decorator.py
[2024-04-20T05:41:02.366+0000] {logging_mixin.py:117} INFO - [2024-04-20T05:41:02.365+0000] {dag.py:2573} INFO - Sync 1 DAGs
[2024-04-20T05:41:02.400+0000] {logging_mixin.py:117} INFO - [2024-04-20T05:41:02.399+0000] {dag.py:3328} INFO - Setting next_dagrun for example_short_circuit_decorator to 2024-04-19T05:41:02.399561+00:00, run_after=2024-04-20T05:41:02.399561+00:00
[2024-04-20T05:41:02.418+0000] {processor.py:178} INFO - Processing /home/airflow/.local/lib/python3.7/site-packages/airflow/example_dags/example_short_circuit_decorator.py took 0.123 seconds
[2024-04-20T05:41:33.097+0000] {processor.py:156} INFO - Started process (PID=4546) to work on /home/airflow/.local/lib/python3.7/site-packages/airflow/example_dags/example_short_circuit_decorator.py
[2024-04-20T05:41:33.097+0000] {processor.py:758} INFO - Processing file /home/airflow/.local/lib/python3.7/site-packages/airflow/example_dags/example_short_circuit_decorator.py for tasks to queue
[2024-04-20T05:41:33.098+0000] {logging_mixin.py:117} INFO - [2024-04-20T05:41:33.098+0000] {dagbag.py:525} INFO - Filling up the DagBag from /home/airflow/.local/lib/python3.7/site-packages/airflow/example_dags/example_short_circuit_decorator.py
[2024-04-20T05:41:33.128+0000] {processor.py:768} INFO - DAG(s) dict_keys(['example_short_circuit_decorator']) retrieved from /home/airflow/.local/lib/python3.7/site-packages/airflow/example_dags/example_short_circuit_decorator.py
[2024-04-20T05:41:33.179+0000] {logging_mixin.py:117} INFO - [2024-04-20T05:41:33.179+0000] {dag.py:2573} INFO - Sync 1 DAGs
[2024-04-20T05:41:33.212+0000] {logging_mixin.py:117} INFO - [2024-04-20T05:41:33.211+0000] {dag.py:3328} INFO - Setting next_dagrun for example_short_circuit_decorator to 2024-04-19T05:41:33.211516+00:00, run_after=2024-04-20T05:41:33.211516+00:00
[2024-04-20T05:41:33.237+0000] {processor.py:178} INFO - Processing /home/airflow/.local/lib/python3.7/site-packages/airflow/example_dags/example_short_circuit_decorator.py took 0.145 seconds
[2024-04-20T05:42:03.828+0000] {processor.py:156} INFO - Started process (PID=4764) to work on /home/airflow/.local/lib/python3.7/site-packages/airflow/example_dags/example_short_circuit_decorator.py
[2024-04-20T05:42:03.829+0000] {processor.py:758} INFO - Processing file /home/airflow/.local/lib/python3.7/site-packages/airflow/example_dags/example_short_circuit_decorator.py for tasks to queue
[2024-04-20T05:42:03.829+0000] {logging_mixin.py:117} INFO - [2024-04-20T05:42:03.829+0000] {dagbag.py:525} INFO - Filling up the DagBag from /home/airflow/.local/lib/python3.7/site-packages/airflow/example_dags/example_short_circuit_decorator.py
[2024-04-20T05:42:03.859+0000] {processor.py:768} INFO - DAG(s) dict_keys(['example_short_circuit_decorator']) retrieved from /home/airflow/.local/lib/python3.7/site-packages/airflow/example_dags/example_short_circuit_decorator.py
[2024-04-20T05:42:03.960+0000] {logging_mixin.py:117} INFO - [2024-04-20T05:42:03.960+0000] {dag.py:2573} INFO - Sync 1 DAGs
[2024-04-20T05:42:04.023+0000] {logging_mixin.py:117} INFO - [2024-04-20T05:42:04.022+0000] {dag.py:3328} INFO - Setting next_dagrun for example_short_circuit_decorator to 2024-04-19T05:42:04.022625+00:00, run_after=2024-04-20T05:42:04.022625+00:00
[2024-04-20T05:42:04.065+0000] {processor.py:178} INFO - Processing /home/airflow/.local/lib/python3.7/site-packages/airflow/example_dags/example_short_circuit_decorator.py took 0.240 seconds
[2024-04-20T05:42:34.290+0000] {processor.py:156} INFO - Started process (PID=5040) to work on /home/airflow/.local/lib/python3.7/site-packages/airflow/example_dags/example_short_circuit_decorator.py
[2024-04-20T05:42:34.291+0000] {processor.py:758} INFO - Processing file /home/airflow/.local/lib/python3.7/site-packages/airflow/example_dags/example_short_circuit_decorator.py for tasks to queue
[2024-04-20T05:42:34.291+0000] {logging_mixin.py:117} INFO - [2024-04-20T05:42:34.291+0000] {dagbag.py:525} INFO - Filling up the DagBag from /home/airflow/.local/lib/python3.7/site-packages/airflow/example_dags/example_short_circuit_decorator.py
[2024-04-20T05:42:34.312+0000] {processor.py:768} INFO - DAG(s) dict_keys(['example_short_circuit_decorator']) retrieved from /home/airflow/.local/lib/python3.7/site-packages/airflow/example_dags/example_short_circuit_decorator.py
[2024-04-20T05:42:34.353+0000] {logging_mixin.py:117} INFO - [2024-04-20T05:42:34.353+0000] {dag.py:2573} INFO - Sync 1 DAGs
[2024-04-20T05:42:34.393+0000] {logging_mixin.py:117} INFO - [2024-04-20T05:42:34.393+0000] {dag.py:3328} INFO - Setting next_dagrun for example_short_circuit_decorator to 2024-04-19T05:42:34.392859+00:00, run_after=2024-04-20T05:42:34.392859+00:00
[2024-04-20T05:42:34.429+0000] {processor.py:178} INFO - Processing /home/airflow/.local/lib/python3.7/site-packages/airflow/example_dags/example_short_circuit_decorator.py took 0.142 seconds
[2024-04-20T05:43:04.607+0000] {processor.py:156} INFO - Started process (PID=5269) to work on /home/airflow/.local/lib/python3.7/site-packages/airflow/example_dags/example_short_circuit_decorator.py
[2024-04-20T05:43:04.610+0000] {processor.py:758} INFO - Processing file /home/airflow/.local/lib/python3.7/site-packages/airflow/example_dags/example_short_circuit_decorator.py for tasks to queue
[2024-04-20T05:43:04.611+0000] {logging_mixin.py:117} INFO - [2024-04-20T05:43:04.611+0000] {dagbag.py:525} INFO - Filling up the DagBag from /home/airflow/.local/lib/python3.7/site-packages/airflow/example_dags/example_short_circuit_decorator.py
[2024-04-20T05:43:04.660+0000] {processor.py:768} INFO - DAG(s) dict_keys(['example_short_circuit_decorator']) retrieved from /home/airflow/.local/lib/python3.7/site-packages/airflow/example_dags/example_short_circuit_decorator.py
[2024-04-20T05:43:04.725+0000] {logging_mixin.py:117} INFO - [2024-04-20T05:43:04.725+0000] {dag.py:2573} INFO - Sync 1 DAGs
[2024-04-20T05:43:04.756+0000] {logging_mixin.py:117} INFO - [2024-04-20T05:43:04.756+0000] {dag.py:3328} INFO - Setting next_dagrun for example_short_circuit_decorator to 2024-04-19T05:43:04.755911+00:00, run_after=2024-04-20T05:43:04.755911+00:00
[2024-04-20T05:43:04.784+0000] {processor.py:178} INFO - Processing /home/airflow/.local/lib/python3.7/site-packages/airflow/example_dags/example_short_circuit_decorator.py took 0.184 seconds
[2024-04-20T05:43:35.130+0000] {processor.py:156} INFO - Started process (PID=5532) to work on /home/airflow/.local/lib/python3.7/site-packages/airflow/example_dags/example_short_circuit_decorator.py
[2024-04-20T05:43:35.131+0000] {processor.py:758} INFO - Processing file /home/airflow/.local/lib/python3.7/site-packages/airflow/example_dags/example_short_circuit_decorator.py for tasks to queue
[2024-04-20T05:43:35.131+0000] {logging_mixin.py:117} INFO - [2024-04-20T05:43:35.131+0000] {dagbag.py:525} INFO - Filling up the DagBag from /home/airflow/.local/lib/python3.7/site-packages/airflow/example_dags/example_short_circuit_decorator.py
[2024-04-20T05:43:35.155+0000] {processor.py:768} INFO - DAG(s) dict_keys(['example_short_circuit_decorator']) retrieved from /home/airflow/.local/lib/python3.7/site-packages/airflow/example_dags/example_short_circuit_decorator.py
[2024-04-20T05:43:35.192+0000] {logging_mixin.py:117} INFO - [2024-04-20T05:43:35.191+0000] {dag.py:2573} INFO - Sync 1 DAGs
[2024-04-20T05:43:35.213+0000] {logging_mixin.py:117} INFO - [2024-04-20T05:43:35.213+0000] {dag.py:3328} INFO - Setting next_dagrun for example_short_circuit_decorator to 2024-04-19T05:43:35.213364+00:00, run_after=2024-04-20T05:43:35.213364+00:00
[2024-04-20T05:43:35.232+0000] {processor.py:178} INFO - Processing /home/airflow/.local/lib/python3.7/site-packages/airflow/example_dags/example_short_circuit_decorator.py took 0.104 seconds
[2024-04-20T05:44:05.877+0000] {processor.py:156} INFO - Started process (PID=5763) to work on /home/airflow/.local/lib/python3.7/site-packages/airflow/example_dags/example_short_circuit_decorator.py
[2024-04-20T05:44:05.877+0000] {processor.py:758} INFO - Processing file /home/airflow/.local/lib/python3.7/site-packages/airflow/example_dags/example_short_circuit_decorator.py for tasks to queue
[2024-04-20T05:44:05.878+0000] {logging_mixin.py:117} INFO - [2024-04-20T05:44:05.878+0000] {dagbag.py:525} INFO - Filling up the DagBag from /home/airflow/.local/lib/python3.7/site-packages/airflow/example_dags/example_short_circuit_decorator.py
[2024-04-20T05:44:05.901+0000] {processor.py:768} INFO - DAG(s) dict_keys(['example_short_circuit_decorator']) retrieved from /home/airflow/.local/lib/python3.7/site-packages/airflow/example_dags/example_short_circuit_decorator.py
[2024-04-20T05:44:05.941+0000] {logging_mixin.py:117} INFO - [2024-04-20T05:44:05.941+0000] {dag.py:2573} INFO - Sync 1 DAGs
[2024-04-20T05:44:05.962+0000] {logging_mixin.py:117} INFO - [2024-04-20T05:44:05.962+0000] {dag.py:3328} INFO - Setting next_dagrun for example_short_circuit_decorator to 2024-04-19T05:44:05.961825+00:00, run_after=2024-04-20T05:44:05.961825+00:00
[2024-04-20T05:44:05.980+0000] {processor.py:178} INFO - Processing /home/airflow/.local/lib/python3.7/site-packages/airflow/example_dags/example_short_circuit_decorator.py took 0.107 seconds
[2024-04-20T05:44:36.991+0000] {processor.py:156} INFO - Started process (PID=6011) to work on /home/airflow/.local/lib/python3.7/site-packages/airflow/example_dags/example_short_circuit_decorator.py
[2024-04-20T05:44:36.991+0000] {processor.py:758} INFO - Processing file /home/airflow/.local/lib/python3.7/site-packages/airflow/example_dags/example_short_circuit_decorator.py for tasks to queue
[2024-04-20T05:44:36.992+0000] {logging_mixin.py:117} INFO - [2024-04-20T05:44:36.992+0000] {dagbag.py:525} INFO - Filling up the DagBag from /home/airflow/.local/lib/python3.7/site-packages/airflow/example_dags/example_short_circuit_decorator.py
[2024-04-20T05:44:37.024+0000] {processor.py:768} INFO - DAG(s) dict_keys(['example_short_circuit_decorator']) retrieved from /home/airflow/.local/lib/python3.7/site-packages/airflow/example_dags/example_short_circuit_decorator.py
[2024-04-20T05:44:37.077+0000] {logging_mixin.py:117} INFO - [2024-04-20T05:44:37.077+0000] {dag.py:2573} INFO - Sync 1 DAGs
[2024-04-20T05:44:37.110+0000] {logging_mixin.py:117} INFO - [2024-04-20T05:44:37.110+0000] {dag.py:3328} INFO - Setting next_dagrun for example_short_circuit_decorator to 2024-04-19T05:44:37.110025+00:00, run_after=2024-04-20T05:44:37.110025+00:00
[2024-04-20T05:44:37.136+0000] {processor.py:178} INFO - Processing /home/airflow/.local/lib/python3.7/site-packages/airflow/example_dags/example_short_circuit_decorator.py took 0.148 seconds
[2024-04-20T05:45:07.450+0000] {processor.py:156} INFO - Started process (PID=6283) to work on /home/airflow/.local/lib/python3.7/site-packages/airflow/example_dags/example_short_circuit_decorator.py
[2024-04-20T05:45:07.451+0000] {processor.py:758} INFO - Processing file /home/airflow/.local/lib/python3.7/site-packages/airflow/example_dags/example_short_circuit_decorator.py for tasks to queue
[2024-04-20T05:45:07.451+0000] {logging_mixin.py:117} INFO - [2024-04-20T05:45:07.451+0000] {dagbag.py:525} INFO - Filling up the DagBag from /home/airflow/.local/lib/python3.7/site-packages/airflow/example_dags/example_short_circuit_decorator.py
[2024-04-20T05:45:07.472+0000] {processor.py:768} INFO - DAG(s) dict_keys(['example_short_circuit_decorator']) retrieved from /home/airflow/.local/lib/python3.7/site-packages/airflow/example_dags/example_short_circuit_decorator.py
[2024-04-20T05:45:07.507+0000] {logging_mixin.py:117} INFO - [2024-04-20T05:45:07.507+0000] {dag.py:2573} INFO - Sync 1 DAGs
[2024-04-20T05:45:07.527+0000] {logging_mixin.py:117} INFO - [2024-04-20T05:45:07.527+0000] {dag.py:3328} INFO - Setting next_dagrun for example_short_circuit_decorator to 2024-04-19T05:45:07.527117+00:00, run_after=2024-04-20T05:45:07.527117+00:00
[2024-04-20T05:45:07.553+0000] {processor.py:178} INFO - Processing /home/airflow/.local/lib/python3.7/site-packages/airflow/example_dags/example_short_circuit_decorator.py took 0.105 seconds
[2024-04-20T05:45:37.744+0000] {processor.py:156} INFO - Started process (PID=6545) to work on /home/airflow/.local/lib/python3.7/site-packages/airflow/example_dags/example_short_circuit_decorator.py
[2024-04-20T05:45:37.745+0000] {processor.py:758} INFO - Processing file /home/airflow/.local/lib/python3.7/site-packages/airflow/example_dags/example_short_circuit_decorator.py for tasks to queue
[2024-04-20T05:45:37.745+0000] {logging_mixin.py:117} INFO - [2024-04-20T05:45:37.745+0000] {dagbag.py:525} INFO - Filling up the DagBag from /home/airflow/.local/lib/python3.7/site-packages/airflow/example_dags/example_short_circuit_decorator.py
[2024-04-20T05:45:37.766+0000] {processor.py:768} INFO - DAG(s) dict_keys(['example_short_circuit_decorator']) retrieved from /home/airflow/.local/lib/python3.7/site-packages/airflow/example_dags/example_short_circuit_decorator.py
[2024-04-20T05:45:37.812+0000] {logging_mixin.py:117} INFO - [2024-04-20T05:45:37.812+0000] {dag.py:2573} INFO - Sync 1 DAGs
[2024-04-20T05:45:37.844+0000] {logging_mixin.py:117} INFO - [2024-04-20T05:45:37.844+0000] {dag.py:3328} INFO - Setting next_dagrun for example_short_circuit_decorator to 2024-04-19T05:45:37.844287+00:00, run_after=2024-04-20T05:45:37.844287+00:00
[2024-04-20T05:45:37.874+0000] {processor.py:178} INFO - Processing /home/airflow/.local/lib/python3.7/site-packages/airflow/example_dags/example_short_circuit_decorator.py took 0.132 seconds
[2024-04-20T05:46:08.647+0000] {processor.py:156} INFO - Started process (PID=6803) to work on /home/airflow/.local/lib/python3.7/site-packages/airflow/example_dags/example_short_circuit_decorator.py
[2024-04-20T05:46:08.648+0000] {processor.py:758} INFO - Processing file /home/airflow/.local/lib/python3.7/site-packages/airflow/example_dags/example_short_circuit_decorator.py for tasks to queue
[2024-04-20T05:46:08.653+0000] {logging_mixin.py:117} INFO - [2024-04-20T05:46:08.653+0000] {dagbag.py:525} INFO - Filling up the DagBag from /home/airflow/.local/lib/python3.7/site-packages/airflow/example_dags/example_short_circuit_decorator.py
[2024-04-20T05:46:08.724+0000] {processor.py:768} INFO - DAG(s) dict_keys(['example_short_circuit_decorator']) retrieved from /home/airflow/.local/lib/python3.7/site-packages/airflow/example_dags/example_short_circuit_decorator.py
[2024-04-20T05:46:08.834+0000] {logging_mixin.py:117} INFO - [2024-04-20T05:46:08.834+0000] {dag.py:2573} INFO - Sync 1 DAGs
[2024-04-20T05:46:08.890+0000] {logging_mixin.py:117} INFO - [2024-04-20T05:46:08.890+0000] {dag.py:3328} INFO - Setting next_dagrun for example_short_circuit_decorator to 2024-04-19T05:46:08.890195+00:00, run_after=2024-04-20T05:46:08.890195+00:00
[2024-04-20T05:46:08.941+0000] {processor.py:178} INFO - Processing /home/airflow/.local/lib/python3.7/site-packages/airflow/example_dags/example_short_circuit_decorator.py took 0.307 seconds
[2024-04-20T05:46:39.921+0000] {processor.py:156} INFO - Started process (PID=7054) to work on /home/airflow/.local/lib/python3.7/site-packages/airflow/example_dags/example_short_circuit_decorator.py
[2024-04-20T05:46:39.922+0000] {processor.py:758} INFO - Processing file /home/airflow/.local/lib/python3.7/site-packages/airflow/example_dags/example_short_circuit_decorator.py for tasks to queue
[2024-04-20T05:46:39.923+0000] {logging_mixin.py:117} INFO - [2024-04-20T05:46:39.923+0000] {dagbag.py:525} INFO - Filling up the DagBag from /home/airflow/.local/lib/python3.7/site-packages/airflow/example_dags/example_short_circuit_decorator.py
[2024-04-20T05:46:39.957+0000] {processor.py:768} INFO - DAG(s) dict_keys(['example_short_circuit_decorator']) retrieved from /home/airflow/.local/lib/python3.7/site-packages/airflow/example_dags/example_short_circuit_decorator.py
[2024-04-20T05:46:40.008+0000] {logging_mixin.py:117} INFO - [2024-04-20T05:46:40.008+0000] {dag.py:2573} INFO - Sync 1 DAGs
[2024-04-20T05:46:40.041+0000] {logging_mixin.py:117} INFO - [2024-04-20T05:46:40.041+0000] {dag.py:3328} INFO - Setting next_dagrun for example_short_circuit_decorator to 2024-04-19T05:46:40.041025+00:00, run_after=2024-04-20T05:46:40.041025+00:00
[2024-04-20T05:46:40.066+0000] {processor.py:178} INFO - Processing /home/airflow/.local/lib/python3.7/site-packages/airflow/example_dags/example_short_circuit_decorator.py took 0.148 seconds
[2024-04-20T05:47:10.675+0000] {processor.py:156} INFO - Started process (PID=7304) to work on /home/airflow/.local/lib/python3.7/site-packages/airflow/example_dags/example_short_circuit_decorator.py
[2024-04-20T05:47:10.675+0000] {processor.py:758} INFO - Processing file /home/airflow/.local/lib/python3.7/site-packages/airflow/example_dags/example_short_circuit_decorator.py for tasks to queue
[2024-04-20T05:47:10.676+0000] {logging_mixin.py:117} INFO - [2024-04-20T05:47:10.676+0000] {dagbag.py:525} INFO - Filling up the DagBag from /home/airflow/.local/lib/python3.7/site-packages/airflow/example_dags/example_short_circuit_decorator.py
[2024-04-20T05:47:10.706+0000] {processor.py:768} INFO - DAG(s) dict_keys(['example_short_circuit_decorator']) retrieved from /home/airflow/.local/lib/python3.7/site-packages/airflow/example_dags/example_short_circuit_decorator.py
[2024-04-20T05:47:10.761+0000] {logging_mixin.py:117} INFO - [2024-04-20T05:47:10.761+0000] {dag.py:2573} INFO - Sync 1 DAGs
[2024-04-20T05:47:10.793+0000] {logging_mixin.py:117} INFO - [2024-04-20T05:47:10.793+0000] {dag.py:3328} INFO - Setting next_dagrun for example_short_circuit_decorator to 2024-04-19T05:47:10.793371+00:00, run_after=2024-04-20T05:47:10.793371+00:00
[2024-04-20T05:47:10.821+0000] {processor.py:178} INFO - Processing /home/airflow/.local/lib/python3.7/site-packages/airflow/example_dags/example_short_circuit_decorator.py took 0.149 seconds
[2024-04-20T05:47:41.151+0000] {processor.py:156} INFO - Started process (PID=7557) to work on /home/airflow/.local/lib/python3.7/site-packages/airflow/example_dags/example_short_circuit_decorator.py
[2024-04-20T05:47:41.153+0000] {processor.py:758} INFO - Processing file /home/airflow/.local/lib/python3.7/site-packages/airflow/example_dags/example_short_circuit_decorator.py for tasks to queue
[2024-04-20T05:47:41.158+0000] {logging_mixin.py:117} INFO - [2024-04-20T05:47:41.158+0000] {dagbag.py:525} INFO - Filling up the DagBag from /home/airflow/.local/lib/python3.7/site-packages/airflow/example_dags/example_short_circuit_decorator.py
[2024-04-20T05:47:41.241+0000] {processor.py:768} INFO - DAG(s) dict_keys(['example_short_circuit_decorator']) retrieved from /home/airflow/.local/lib/python3.7/site-packages/airflow/example_dags/example_short_circuit_decorator.py
[2024-04-20T05:47:41.354+0000] {logging_mixin.py:117} INFO - [2024-04-20T05:47:41.354+0000] {dag.py:2573} INFO - Sync 1 DAGs
[2024-04-20T05:47:41.409+0000] {logging_mixin.py:117} INFO - [2024-04-20T05:47:41.409+0000] {dag.py:3328} INFO - Setting next_dagrun for example_short_circuit_decorator to 2024-04-19T05:47:41.409289+00:00, run_after=2024-04-20T05:47:41.409289+00:00
[2024-04-20T05:47:41.444+0000] {processor.py:178} INFO - Processing /home/airflow/.local/lib/python3.7/site-packages/airflow/example_dags/example_short_circuit_decorator.py took 0.300 seconds
[2024-04-20T05:48:11.807+0000] {processor.py:156} INFO - Started process (PID=7817) to work on /home/airflow/.local/lib/python3.7/site-packages/airflow/example_dags/example_short_circuit_decorator.py
[2024-04-20T05:48:11.807+0000] {processor.py:758} INFO - Processing file /home/airflow/.local/lib/python3.7/site-packages/airflow/example_dags/example_short_circuit_decorator.py for tasks to queue
[2024-04-20T05:48:11.808+0000] {logging_mixin.py:117} INFO - [2024-04-20T05:48:11.808+0000] {dagbag.py:525} INFO - Filling up the DagBag from /home/airflow/.local/lib/python3.7/site-packages/airflow/example_dags/example_short_circuit_decorator.py
[2024-04-20T05:48:11.839+0000] {processor.py:768} INFO - DAG(s) dict_keys(['example_short_circuit_decorator']) retrieved from /home/airflow/.local/lib/python3.7/site-packages/airflow/example_dags/example_short_circuit_decorator.py
[2024-04-20T05:48:11.930+0000] {logging_mixin.py:117} INFO - [2024-04-20T05:48:11.930+0000] {dag.py:2573} INFO - Sync 1 DAGs
[2024-04-20T05:48:11.972+0000] {logging_mixin.py:117} INFO - [2024-04-20T05:48:11.972+0000] {dag.py:3328} INFO - Setting next_dagrun for example_short_circuit_decorator to 2024-04-19T05:48:11.972406+00:00, run_after=2024-04-20T05:48:11.972406+00:00
[2024-04-20T05:48:12.008+0000] {processor.py:178} INFO - Processing /home/airflow/.local/lib/python3.7/site-packages/airflow/example_dags/example_short_circuit_decorator.py took 0.205 seconds
[2024-04-20T05:48:42.275+0000] {processor.py:156} INFO - Started process (PID=8044) to work on /home/airflow/.local/lib/python3.7/site-packages/airflow/example_dags/example_short_circuit_decorator.py
[2024-04-20T05:48:42.276+0000] {processor.py:758} INFO - Processing file /home/airflow/.local/lib/python3.7/site-packages/airflow/example_dags/example_short_circuit_decorator.py for tasks to queue
[2024-04-20T05:48:42.276+0000] {logging_mixin.py:117} INFO - [2024-04-20T05:48:42.276+0000] {dagbag.py:525} INFO - Filling up the DagBag from /home/airflow/.local/lib/python3.7/site-packages/airflow/example_dags/example_short_circuit_decorator.py
[2024-04-20T05:48:42.335+0000] {processor.py:768} INFO - DAG(s) dict_keys(['example_short_circuit_decorator']) retrieved from /home/airflow/.local/lib/python3.7/site-packages/airflow/example_dags/example_short_circuit_decorator.py
[2024-04-20T05:48:42.432+0000] {logging_mixin.py:117} INFO - [2024-04-20T05:48:42.432+0000] {dag.py:2573} INFO - Sync 1 DAGs
[2024-04-20T05:48:42.464+0000] {logging_mixin.py:117} INFO - [2024-04-20T05:48:42.464+0000] {dag.py:3328} INFO - Setting next_dagrun for example_short_circuit_decorator to 2024-04-19T05:48:42.463801+00:00, run_after=2024-04-20T05:48:42.463801+00:00
[2024-04-20T05:48:42.489+0000] {processor.py:178} INFO - Processing /home/airflow/.local/lib/python3.7/site-packages/airflow/example_dags/example_short_circuit_decorator.py took 0.218 seconds
[2024-04-20T05:49:12.863+0000] {processor.py:156} INFO - Started process (PID=8279) to work on /home/airflow/.local/lib/python3.7/site-packages/airflow/example_dags/example_short_circuit_decorator.py
[2024-04-20T05:49:12.863+0000] {processor.py:758} INFO - Processing file /home/airflow/.local/lib/python3.7/site-packages/airflow/example_dags/example_short_circuit_decorator.py for tasks to queue
[2024-04-20T05:49:12.865+0000] {logging_mixin.py:117} INFO - [2024-04-20T05:49:12.865+0000] {dagbag.py:525} INFO - Filling up the DagBag from /home/airflow/.local/lib/python3.7/site-packages/airflow/example_dags/example_short_circuit_decorator.py
[2024-04-20T05:49:12.895+0000] {processor.py:768} INFO - DAG(s) dict_keys(['example_short_circuit_decorator']) retrieved from /home/airflow/.local/lib/python3.7/site-packages/airflow/example_dags/example_short_circuit_decorator.py
[2024-04-20T05:49:12.945+0000] {logging_mixin.py:117} INFO - [2024-04-20T05:49:12.945+0000] {dag.py:2573} INFO - Sync 1 DAGs
[2024-04-20T05:49:12.976+0000] {logging_mixin.py:117} INFO - [2024-04-20T05:49:12.976+0000] {dag.py:3328} INFO - Setting next_dagrun for example_short_circuit_decorator to 2024-04-19T05:49:12.976295+00:00, run_after=2024-04-20T05:49:12.976295+00:00
[2024-04-20T05:49:13.001+0000] {processor.py:178} INFO - Processing /home/airflow/.local/lib/python3.7/site-packages/airflow/example_dags/example_short_circuit_decorator.py took 0.141 seconds
[2024-04-20T05:49:43.137+0000] {processor.py:156} INFO - Started process (PID=8518) to work on /home/airflow/.local/lib/python3.7/site-packages/airflow/example_dags/example_short_circuit_decorator.py
[2024-04-20T05:49:43.138+0000] {processor.py:758} INFO - Processing file /home/airflow/.local/lib/python3.7/site-packages/airflow/example_dags/example_short_circuit_decorator.py for tasks to queue
[2024-04-20T05:49:43.139+0000] {logging_mixin.py:117} INFO - [2024-04-20T05:49:43.139+0000] {dagbag.py:525} INFO - Filling up the DagBag from /home/airflow/.local/lib/python3.7/site-packages/airflow/example_dags/example_short_circuit_decorator.py
[2024-04-20T05:49:43.168+0000] {processor.py:768} INFO - DAG(s) dict_keys(['example_short_circuit_decorator']) retrieved from /home/airflow/.local/lib/python3.7/site-packages/airflow/example_dags/example_short_circuit_decorator.py
[2024-04-20T05:49:43.216+0000] {logging_mixin.py:117} INFO - [2024-04-20T05:49:43.216+0000] {dag.py:2573} INFO - Sync 1 DAGs
[2024-04-20T05:49:43.252+0000] {logging_mixin.py:117} INFO - [2024-04-20T05:49:43.252+0000] {dag.py:3328} INFO - Setting next_dagrun for example_short_circuit_decorator to 2024-04-19T05:49:43.251916+00:00, run_after=2024-04-20T05:49:43.251916+00:00
[2024-04-20T05:49:43.285+0000] {processor.py:178} INFO - Processing /home/airflow/.local/lib/python3.7/site-packages/airflow/example_dags/example_short_circuit_decorator.py took 0.152 seconds
[2024-04-20T05:50:13.447+0000] {processor.py:156} INFO - Started process (PID=8763) to work on /home/airflow/.local/lib/python3.7/site-packages/airflow/example_dags/example_short_circuit_decorator.py
[2024-04-20T05:50:13.447+0000] {processor.py:758} INFO - Processing file /home/airflow/.local/lib/python3.7/site-packages/airflow/example_dags/example_short_circuit_decorator.py for tasks to queue
[2024-04-20T05:50:13.448+0000] {logging_mixin.py:117} INFO - [2024-04-20T05:50:13.448+0000] {dagbag.py:525} INFO - Filling up the DagBag from /home/airflow/.local/lib/python3.7/site-packages/airflow/example_dags/example_short_circuit_decorator.py
[2024-04-20T05:50:13.503+0000] {processor.py:768} INFO - DAG(s) dict_keys(['example_short_circuit_decorator']) retrieved from /home/airflow/.local/lib/python3.7/site-packages/airflow/example_dags/example_short_circuit_decorator.py
[2024-04-20T05:50:13.561+0000] {logging_mixin.py:117} INFO - [2024-04-20T05:50:13.561+0000] {dag.py:2573} INFO - Sync 1 DAGs
[2024-04-20T05:50:13.595+0000] {logging_mixin.py:117} INFO - [2024-04-20T05:50:13.595+0000] {dag.py:3328} INFO - Setting next_dagrun for example_short_circuit_decorator to 2024-04-19T05:50:13.595230+00:00, run_after=2024-04-20T05:50:13.595230+00:00
[2024-04-20T05:50:13.618+0000] {processor.py:178} INFO - Processing /home/airflow/.local/lib/python3.7/site-packages/airflow/example_dags/example_short_circuit_decorator.py took 0.174 seconds
[2024-04-20T05:50:44.085+0000] {processor.py:156} INFO - Started process (PID=8981) to work on /home/airflow/.local/lib/python3.7/site-packages/airflow/example_dags/example_short_circuit_decorator.py
[2024-04-20T05:50:44.086+0000] {processor.py:758} INFO - Processing file /home/airflow/.local/lib/python3.7/site-packages/airflow/example_dags/example_short_circuit_decorator.py for tasks to queue
[2024-04-20T05:50:44.087+0000] {logging_mixin.py:117} INFO - [2024-04-20T05:50:44.087+0000] {dagbag.py:525} INFO - Filling up the DagBag from /home/airflow/.local/lib/python3.7/site-packages/airflow/example_dags/example_short_circuit_decorator.py
[2024-04-20T05:50:44.118+0000] {processor.py:768} INFO - DAG(s) dict_keys(['example_short_circuit_decorator']) retrieved from /home/airflow/.local/lib/python3.7/site-packages/airflow/example_dags/example_short_circuit_decorator.py
[2024-04-20T05:50:44.169+0000] {logging_mixin.py:117} INFO - [2024-04-20T05:50:44.168+0000] {dag.py:2573} INFO - Sync 1 DAGs
[2024-04-20T05:50:44.197+0000] {logging_mixin.py:117} INFO - [2024-04-20T05:50:44.197+0000] {dag.py:3328} INFO - Setting next_dagrun for example_short_circuit_decorator to 2024-04-19T05:50:44.196840+00:00, run_after=2024-04-20T05:50:44.196840+00:00
[2024-04-20T05:50:44.224+0000] {processor.py:178} INFO - Processing /home/airflow/.local/lib/python3.7/site-packages/airflow/example_dags/example_short_circuit_decorator.py took 0.142 seconds
[2024-04-20T05:51:14.639+0000] {processor.py:156} INFO - Started process (PID=9210) to work on /home/airflow/.local/lib/python3.7/site-packages/airflow/example_dags/example_short_circuit_decorator.py
[2024-04-20T05:51:14.640+0000] {processor.py:758} INFO - Processing file /home/airflow/.local/lib/python3.7/site-packages/airflow/example_dags/example_short_circuit_decorator.py for tasks to queue
[2024-04-20T05:51:14.640+0000] {logging_mixin.py:117} INFO - [2024-04-20T05:51:14.640+0000] {dagbag.py:525} INFO - Filling up the DagBag from /home/airflow/.local/lib/python3.7/site-packages/airflow/example_dags/example_short_circuit_decorator.py
[2024-04-20T05:51:14.671+0000] {processor.py:768} INFO - DAG(s) dict_keys(['example_short_circuit_decorator']) retrieved from /home/airflow/.local/lib/python3.7/site-packages/airflow/example_dags/example_short_circuit_decorator.py
[2024-04-20T05:51:14.723+0000] {logging_mixin.py:117} INFO - [2024-04-20T05:51:14.723+0000] {dag.py:2573} INFO - Sync 1 DAGs
[2024-04-20T05:51:14.754+0000] {logging_mixin.py:117} INFO - [2024-04-20T05:51:14.753+0000] {dag.py:3328} INFO - Setting next_dagrun for example_short_circuit_decorator to 2024-04-19T05:51:14.753644+00:00, run_after=2024-04-20T05:51:14.753644+00:00
[2024-04-20T05:51:14.779+0000] {processor.py:178} INFO - Processing /home/airflow/.local/lib/python3.7/site-packages/airflow/example_dags/example_short_circuit_decorator.py took 0.144 seconds
[2024-04-20T05:51:44.917+0000] {processor.py:156} INFO - Started process (PID=9445) to work on /home/airflow/.local/lib/python3.7/site-packages/airflow/example_dags/example_short_circuit_decorator.py
[2024-04-20T05:51:44.918+0000] {processor.py:758} INFO - Processing file /home/airflow/.local/lib/python3.7/site-packages/airflow/example_dags/example_short_circuit_decorator.py for tasks to queue
[2024-04-20T05:51:44.919+0000] {logging_mixin.py:117} INFO - [2024-04-20T05:51:44.919+0000] {dagbag.py:525} INFO - Filling up the DagBag from /home/airflow/.local/lib/python3.7/site-packages/airflow/example_dags/example_short_circuit_decorator.py
[2024-04-20T05:51:44.951+0000] {processor.py:768} INFO - DAG(s) dict_keys(['example_short_circuit_decorator']) retrieved from /home/airflow/.local/lib/python3.7/site-packages/airflow/example_dags/example_short_circuit_decorator.py
[2024-04-20T05:51:45.011+0000] {logging_mixin.py:117} INFO - [2024-04-20T05:51:45.011+0000] {dag.py:2573} INFO - Sync 1 DAGs
[2024-04-20T05:51:45.050+0000] {logging_mixin.py:117} INFO - [2024-04-20T05:51:45.050+0000] {dag.py:3328} INFO - Setting next_dagrun for example_short_circuit_decorator to 2024-04-19T05:51:45.049922+00:00, run_after=2024-04-20T05:51:45.049922+00:00
[2024-04-20T05:51:45.079+0000] {processor.py:178} INFO - Processing /home/airflow/.local/lib/python3.7/site-packages/airflow/example_dags/example_short_circuit_decorator.py took 0.165 seconds
[2024-04-20T05:52:15.411+0000] {processor.py:156} INFO - Started process (PID=9664) to work on /home/airflow/.local/lib/python3.7/site-packages/airflow/example_dags/example_short_circuit_decorator.py
[2024-04-20T05:52:15.411+0000] {processor.py:758} INFO - Processing file /home/airflow/.local/lib/python3.7/site-packages/airflow/example_dags/example_short_circuit_decorator.py for tasks to queue
[2024-04-20T05:52:15.425+0000] {logging_mixin.py:117} INFO - [2024-04-20T05:52:15.425+0000] {dagbag.py:525} INFO - Filling up the DagBag from /home/airflow/.local/lib/python3.7/site-packages/airflow/example_dags/example_short_circuit_decorator.py
[2024-04-20T05:52:15.591+0000] {processor.py:768} INFO - DAG(s) dict_keys(['example_short_circuit_decorator']) retrieved from /home/airflow/.local/lib/python3.7/site-packages/airflow/example_dags/example_short_circuit_decorator.py
[2024-04-20T05:52:15.751+0000] {logging_mixin.py:117} INFO - [2024-04-20T05:52:15.750+0000] {dag.py:2573} INFO - Sync 1 DAGs
[2024-04-20T05:52:15.955+0000] {logging_mixin.py:117} INFO - [2024-04-20T05:52:15.954+0000] {dag.py:3328} INFO - Setting next_dagrun for example_short_circuit_decorator to 2024-04-19T05:52:15.954533+00:00, run_after=2024-04-20T05:52:15.954533+00:00
[2024-04-20T05:52:16.026+0000] {processor.py:178} INFO - Processing /home/airflow/.local/lib/python3.7/site-packages/airflow/example_dags/example_short_circuit_decorator.py took 0.677 seconds
[2024-04-20T05:52:46.275+0000] {processor.py:156} INFO - Started process (PID=9891) to work on /home/airflow/.local/lib/python3.7/site-packages/airflow/example_dags/example_short_circuit_decorator.py
[2024-04-20T05:52:46.275+0000] {processor.py:758} INFO - Processing file /home/airflow/.local/lib/python3.7/site-packages/airflow/example_dags/example_short_circuit_decorator.py for tasks to queue
[2024-04-20T05:52:46.276+0000] {logging_mixin.py:117} INFO - [2024-04-20T05:52:46.276+0000] {dagbag.py:525} INFO - Filling up the DagBag from /home/airflow/.local/lib/python3.7/site-packages/airflow/example_dags/example_short_circuit_decorator.py
[2024-04-20T05:52:46.307+0000] {processor.py:768} INFO - DAG(s) dict_keys(['example_short_circuit_decorator']) retrieved from /home/airflow/.local/lib/python3.7/site-packages/airflow/example_dags/example_short_circuit_decorator.py
[2024-04-20T05:52:46.364+0000] {logging_mixin.py:117} INFO - [2024-04-20T05:52:46.363+0000] {dag.py:2573} INFO - Sync 1 DAGs
[2024-04-20T05:52:46.395+0000] {logging_mixin.py:117} INFO - [2024-04-20T05:52:46.395+0000] {dag.py:3328} INFO - Setting next_dagrun for example_short_circuit_decorator to 2024-04-19T05:52:46.394925+00:00, run_after=2024-04-20T05:52:46.394925+00:00
[2024-04-20T05:52:46.419+0000] {processor.py:178} INFO - Processing /home/airflow/.local/lib/python3.7/site-packages/airflow/example_dags/example_short_circuit_decorator.py took 0.147 seconds
[2024-04-20T05:53:17.076+0000] {processor.py:156} INFO - Started process (PID=10118) to work on /home/airflow/.local/lib/python3.7/site-packages/airflow/example_dags/example_short_circuit_decorator.py
[2024-04-20T05:53:17.077+0000] {processor.py:758} INFO - Processing file /home/airflow/.local/lib/python3.7/site-packages/airflow/example_dags/example_short_circuit_decorator.py for tasks to queue
[2024-04-20T05:53:17.078+0000] {logging_mixin.py:117} INFO - [2024-04-20T05:53:17.078+0000] {dagbag.py:525} INFO - Filling up the DagBag from /home/airflow/.local/lib/python3.7/site-packages/airflow/example_dags/example_short_circuit_decorator.py
[2024-04-20T05:53:17.134+0000] {processor.py:768} INFO - DAG(s) dict_keys(['example_short_circuit_decorator']) retrieved from /home/airflow/.local/lib/python3.7/site-packages/airflow/example_dags/example_short_circuit_decorator.py
[2024-04-20T05:53:17.185+0000] {logging_mixin.py:117} INFO - [2024-04-20T05:53:17.185+0000] {dag.py:2573} INFO - Sync 1 DAGs
[2024-04-20T05:53:17.215+0000] {logging_mixin.py:117} INFO - [2024-04-20T05:53:17.214+0000] {dag.py:3328} INFO - Setting next_dagrun for example_short_circuit_decorator to 2024-04-19T05:53:17.214701+00:00, run_after=2024-04-20T05:53:17.214701+00:00
[2024-04-20T05:53:17.237+0000] {processor.py:178} INFO - Processing /home/airflow/.local/lib/python3.7/site-packages/airflow/example_dags/example_short_circuit_decorator.py took 0.172 seconds
[2024-04-20T05:53:47.407+0000] {processor.py:156} INFO - Started process (PID=10347) to work on /home/airflow/.local/lib/python3.7/site-packages/airflow/example_dags/example_short_circuit_decorator.py
[2024-04-20T05:53:47.408+0000] {processor.py:758} INFO - Processing file /home/airflow/.local/lib/python3.7/site-packages/airflow/example_dags/example_short_circuit_decorator.py for tasks to queue
[2024-04-20T05:53:47.408+0000] {logging_mixin.py:117} INFO - [2024-04-20T05:53:47.408+0000] {dagbag.py:525} INFO - Filling up the DagBag from /home/airflow/.local/lib/python3.7/site-packages/airflow/example_dags/example_short_circuit_decorator.py
[2024-04-20T05:53:47.439+0000] {processor.py:768} INFO - DAG(s) dict_keys(['example_short_circuit_decorator']) retrieved from /home/airflow/.local/lib/python3.7/site-packages/airflow/example_dags/example_short_circuit_decorator.py
[2024-04-20T05:53:47.496+0000] {logging_mixin.py:117} INFO - [2024-04-20T05:53:47.496+0000] {dag.py:2573} INFO - Sync 1 DAGs
[2024-04-20T05:53:47.527+0000] {logging_mixin.py:117} INFO - [2024-04-20T05:53:47.527+0000] {dag.py:3328} INFO - Setting next_dagrun for example_short_circuit_decorator to 2024-04-19T05:53:47.527446+00:00, run_after=2024-04-20T05:53:47.527446+00:00
[2024-04-20T05:53:47.551+0000] {processor.py:178} INFO - Processing /home/airflow/.local/lib/python3.7/site-packages/airflow/example_dags/example_short_circuit_decorator.py took 0.147 seconds
[2024-04-20T05:54:17.839+0000] {processor.py:156} INFO - Started process (PID=10585) to work on /home/airflow/.local/lib/python3.7/site-packages/airflow/example_dags/example_short_circuit_decorator.py
[2024-04-20T05:54:17.840+0000] {processor.py:758} INFO - Processing file /home/airflow/.local/lib/python3.7/site-packages/airflow/example_dags/example_short_circuit_decorator.py for tasks to queue
[2024-04-20T05:54:17.841+0000] {logging_mixin.py:117} INFO - [2024-04-20T05:54:17.841+0000] {dagbag.py:525} INFO - Filling up the DagBag from /home/airflow/.local/lib/python3.7/site-packages/airflow/example_dags/example_short_circuit_decorator.py
[2024-04-20T05:54:17.881+0000] {processor.py:768} INFO - DAG(s) dict_keys(['example_short_circuit_decorator']) retrieved from /home/airflow/.local/lib/python3.7/site-packages/airflow/example_dags/example_short_circuit_decorator.py
[2024-04-20T05:54:17.930+0000] {logging_mixin.py:117} INFO - [2024-04-20T05:54:17.930+0000] {dag.py:2573} INFO - Sync 1 DAGs
[2024-04-20T05:54:17.963+0000] {logging_mixin.py:117} INFO - [2024-04-20T05:54:17.963+0000] {dag.py:3328} INFO - Setting next_dagrun for example_short_circuit_decorator to 2024-04-19T05:54:17.963303+00:00, run_after=2024-04-20T05:54:17.963303+00:00
[2024-04-20T05:54:17.987+0000] {processor.py:178} INFO - Processing /home/airflow/.local/lib/python3.7/site-packages/airflow/example_dags/example_short_circuit_decorator.py took 0.151 seconds
[2024-04-20T05:54:48.328+0000] {processor.py:156} INFO - Started process (PID=10808) to work on /home/airflow/.local/lib/python3.7/site-packages/airflow/example_dags/example_short_circuit_decorator.py
[2024-04-20T05:54:48.329+0000] {processor.py:758} INFO - Processing file /home/airflow/.local/lib/python3.7/site-packages/airflow/example_dags/example_short_circuit_decorator.py for tasks to queue
[2024-04-20T05:54:48.331+0000] {logging_mixin.py:117} INFO - [2024-04-20T05:54:48.331+0000] {dagbag.py:525} INFO - Filling up the DagBag from /home/airflow/.local/lib/python3.7/site-packages/airflow/example_dags/example_short_circuit_decorator.py
[2024-04-20T05:54:48.408+0000] {processor.py:768} INFO - DAG(s) dict_keys(['example_short_circuit_decorator']) retrieved from /home/airflow/.local/lib/python3.7/site-packages/airflow/example_dags/example_short_circuit_decorator.py
[2024-04-20T05:54:48.479+0000] {logging_mixin.py:117} INFO - [2024-04-20T05:54:48.479+0000] {dag.py:2573} INFO - Sync 1 DAGs
[2024-04-20T05:54:48.514+0000] {logging_mixin.py:117} INFO - [2024-04-20T05:54:48.513+0000] {dag.py:3328} INFO - Setting next_dagrun for example_short_circuit_decorator to 2024-04-19T05:54:48.513602+00:00, run_after=2024-04-20T05:54:48.513602+00:00
[2024-04-20T05:54:48.550+0000] {processor.py:178} INFO - Processing /home/airflow/.local/lib/python3.7/site-packages/airflow/example_dags/example_short_circuit_decorator.py took 0.225 seconds
[2024-04-20T05:55:19.162+0000] {processor.py:156} INFO - Started process (PID=11036) to work on /home/airflow/.local/lib/python3.7/site-packages/airflow/example_dags/example_short_circuit_decorator.py
[2024-04-20T05:55:19.163+0000] {processor.py:758} INFO - Processing file /home/airflow/.local/lib/python3.7/site-packages/airflow/example_dags/example_short_circuit_decorator.py for tasks to queue
[2024-04-20T05:55:19.164+0000] {logging_mixin.py:117} INFO - [2024-04-20T05:55:19.164+0000] {dagbag.py:525} INFO - Filling up the DagBag from /home/airflow/.local/lib/python3.7/site-packages/airflow/example_dags/example_short_circuit_decorator.py
[2024-04-20T05:55:19.194+0000] {processor.py:768} INFO - DAG(s) dict_keys(['example_short_circuit_decorator']) retrieved from /home/airflow/.local/lib/python3.7/site-packages/airflow/example_dags/example_short_circuit_decorator.py
[2024-04-20T05:55:19.249+0000] {logging_mixin.py:117} INFO - [2024-04-20T05:55:19.249+0000] {dag.py:2573} INFO - Sync 1 DAGs
[2024-04-20T05:55:19.303+0000] {logging_mixin.py:117} INFO - [2024-04-20T05:55:19.303+0000] {dag.py:3328} INFO - Setting next_dagrun for example_short_circuit_decorator to 2024-04-19T05:55:19.303100+00:00, run_after=2024-04-20T05:55:19.303100+00:00
[2024-04-20T05:55:19.335+0000] {processor.py:178} INFO - Processing /home/airflow/.local/lib/python3.7/site-packages/airflow/example_dags/example_short_circuit_decorator.py took 0.175 seconds
[2024-04-20T05:56:38.622+0000] {processor.py:156} INFO - Started process (PID=246) to work on /home/airflow/.local/lib/python3.7/site-packages/airflow/example_dags/example_short_circuit_decorator.py
[2024-04-20T05:56:38.632+0000] {processor.py:758} INFO - Processing file /home/airflow/.local/lib/python3.7/site-packages/airflow/example_dags/example_short_circuit_decorator.py for tasks to queue
[2024-04-20T05:56:38.633+0000] {logging_mixin.py:117} INFO - [2024-04-20T05:56:38.633+0000] {dagbag.py:525} INFO - Filling up the DagBag from /home/airflow/.local/lib/python3.7/site-packages/airflow/example_dags/example_short_circuit_decorator.py
[2024-04-20T05:56:38.733+0000] {processor.py:768} INFO - DAG(s) dict_keys(['example_short_circuit_decorator']) retrieved from /home/airflow/.local/lib/python3.7/site-packages/airflow/example_dags/example_short_circuit_decorator.py
[2024-04-20T05:56:38.821+0000] {logging_mixin.py:117} INFO - [2024-04-20T05:56:38.821+0000] {dag.py:2573} INFO - Sync 1 DAGs
[2024-04-20T05:56:38.852+0000] {logging_mixin.py:117} INFO - [2024-04-20T05:56:38.852+0000] {dag.py:3328} INFO - Setting next_dagrun for example_short_circuit_decorator to 2024-04-19T05:56:38.852111+00:00, run_after=2024-04-20T05:56:38.852111+00:00
[2024-04-20T05:56:38.886+0000] {processor.py:178} INFO - Processing /home/airflow/.local/lib/python3.7/site-packages/airflow/example_dags/example_short_circuit_decorator.py took 0.271 seconds
[2024-04-20T05:57:09.742+0000] {processor.py:156} INFO - Started process (PID=459) to work on /home/airflow/.local/lib/python3.7/site-packages/airflow/example_dags/example_short_circuit_decorator.py
[2024-04-20T05:57:09.743+0000] {processor.py:758} INFO - Processing file /home/airflow/.local/lib/python3.7/site-packages/airflow/example_dags/example_short_circuit_decorator.py for tasks to queue
[2024-04-20T05:57:09.743+0000] {logging_mixin.py:117} INFO - [2024-04-20T05:57:09.743+0000] {dagbag.py:525} INFO - Filling up the DagBag from /home/airflow/.local/lib/python3.7/site-packages/airflow/example_dags/example_short_circuit_decorator.py
[2024-04-20T05:57:09.778+0000] {processor.py:768} INFO - DAG(s) dict_keys(['example_short_circuit_decorator']) retrieved from /home/airflow/.local/lib/python3.7/site-packages/airflow/example_dags/example_short_circuit_decorator.py
[2024-04-20T05:57:09.889+0000] {logging_mixin.py:117} INFO - [2024-04-20T05:57:09.888+0000] {dag.py:2573} INFO - Sync 1 DAGs
[2024-04-20T05:57:10.430+0000] {logging_mixin.py:117} INFO - [2024-04-20T05:57:10.430+0000] {dag.py:3328} INFO - Setting next_dagrun for example_short_circuit_decorator to 2024-04-19T05:57:10.428110+00:00, run_after=2024-04-20T05:57:10.428110+00:00
[2024-04-20T05:57:10.624+0000] {processor.py:178} INFO - Processing /home/airflow/.local/lib/python3.7/site-packages/airflow/example_dags/example_short_circuit_decorator.py took 0.886 seconds
[2024-04-20T05:57:41.202+0000] {processor.py:156} INFO - Started process (PID=687) to work on /home/airflow/.local/lib/python3.7/site-packages/airflow/example_dags/example_short_circuit_decorator.py
[2024-04-20T05:57:41.203+0000] {processor.py:758} INFO - Processing file /home/airflow/.local/lib/python3.7/site-packages/airflow/example_dags/example_short_circuit_decorator.py for tasks to queue
[2024-04-20T05:57:41.203+0000] {logging_mixin.py:117} INFO - [2024-04-20T05:57:41.203+0000] {dagbag.py:525} INFO - Filling up the DagBag from /home/airflow/.local/lib/python3.7/site-packages/airflow/example_dags/example_short_circuit_decorator.py
[2024-04-20T05:57:41.233+0000] {processor.py:768} INFO - DAG(s) dict_keys(['example_short_circuit_decorator']) retrieved from /home/airflow/.local/lib/python3.7/site-packages/airflow/example_dags/example_short_circuit_decorator.py
[2024-04-20T05:57:41.290+0000] {logging_mixin.py:117} INFO - [2024-04-20T05:57:41.290+0000] {dag.py:2573} INFO - Sync 1 DAGs
[2024-04-20T05:57:41.462+0000] {logging_mixin.py:117} INFO - [2024-04-20T05:57:41.462+0000] {dag.py:3328} INFO - Setting next_dagrun for example_short_circuit_decorator to 2024-04-19T05:57:41.461913+00:00, run_after=2024-04-20T05:57:41.461913+00:00
[2024-04-20T05:57:41.485+0000] {processor.py:178} INFO - Processing /home/airflow/.local/lib/python3.7/site-packages/airflow/example_dags/example_short_circuit_decorator.py took 0.286 seconds
[2024-04-20T05:58:12.169+0000] {processor.py:156} INFO - Started process (PID=911) to work on /home/airflow/.local/lib/python3.7/site-packages/airflow/example_dags/example_short_circuit_decorator.py
[2024-04-20T05:58:12.172+0000] {processor.py:758} INFO - Processing file /home/airflow/.local/lib/python3.7/site-packages/airflow/example_dags/example_short_circuit_decorator.py for tasks to queue
[2024-04-20T05:58:12.177+0000] {logging_mixin.py:117} INFO - [2024-04-20T05:58:12.177+0000] {dagbag.py:525} INFO - Filling up the DagBag from /home/airflow/.local/lib/python3.7/site-packages/airflow/example_dags/example_short_circuit_decorator.py
[2024-04-20T05:58:12.251+0000] {processor.py:768} INFO - DAG(s) dict_keys(['example_short_circuit_decorator']) retrieved from /home/airflow/.local/lib/python3.7/site-packages/airflow/example_dags/example_short_circuit_decorator.py
[2024-04-20T05:58:12.824+0000] {logging_mixin.py:117} INFO - [2024-04-20T05:58:12.823+0000] {dag.py:2573} INFO - Sync 1 DAGs
[2024-04-20T05:58:12.900+0000] {logging_mixin.py:117} INFO - [2024-04-20T05:58:12.900+0000] {dag.py:3328} INFO - Setting next_dagrun for example_short_circuit_decorator to 2024-04-19T05:58:12.899938+00:00, run_after=2024-04-20T05:58:12.899938+00:00
[2024-04-20T05:58:12.986+0000] {processor.py:178} INFO - Processing /home/airflow/.local/lib/python3.7/site-packages/airflow/example_dags/example_short_circuit_decorator.py took 0.833 seconds
[2024-04-20T05:58:43.166+0000] {processor.py:156} INFO - Started process (PID=1131) to work on /home/airflow/.local/lib/python3.7/site-packages/airflow/example_dags/example_short_circuit_decorator.py
[2024-04-20T05:58:43.166+0000] {processor.py:758} INFO - Processing file /home/airflow/.local/lib/python3.7/site-packages/airflow/example_dags/example_short_circuit_decorator.py for tasks to queue
[2024-04-20T05:58:43.168+0000] {logging_mixin.py:117} INFO - [2024-04-20T05:58:43.168+0000] {dagbag.py:525} INFO - Filling up the DagBag from /home/airflow/.local/lib/python3.7/site-packages/airflow/example_dags/example_short_circuit_decorator.py
[2024-04-20T05:58:43.210+0000] {processor.py:768} INFO - DAG(s) dict_keys(['example_short_circuit_decorator']) retrieved from /home/airflow/.local/lib/python3.7/site-packages/airflow/example_dags/example_short_circuit_decorator.py
[2024-04-20T05:58:43.726+0000] {logging_mixin.py:117} INFO - [2024-04-20T05:58:43.726+0000] {dag.py:2573} INFO - Sync 1 DAGs
[2024-04-20T05:58:43.758+0000] {logging_mixin.py:117} INFO - [2024-04-20T05:58:43.758+0000] {dag.py:3328} INFO - Setting next_dagrun for example_short_circuit_decorator to 2024-04-19T05:58:43.758064+00:00, run_after=2024-04-20T05:58:43.758064+00:00
[2024-04-20T05:58:43.803+0000] {processor.py:178} INFO - Processing /home/airflow/.local/lib/python3.7/site-packages/airflow/example_dags/example_short_circuit_decorator.py took 0.641 seconds
[2024-04-20T05:59:13.953+0000] {processor.py:156} INFO - Started process (PID=1359) to work on /home/airflow/.local/lib/python3.7/site-packages/airflow/example_dags/example_short_circuit_decorator.py
[2024-04-20T05:59:13.953+0000] {processor.py:758} INFO - Processing file /home/airflow/.local/lib/python3.7/site-packages/airflow/example_dags/example_short_circuit_decorator.py for tasks to queue
[2024-04-20T05:59:13.955+0000] {logging_mixin.py:117} INFO - [2024-04-20T05:59:13.955+0000] {dagbag.py:525} INFO - Filling up the DagBag from /home/airflow/.local/lib/python3.7/site-packages/airflow/example_dags/example_short_circuit_decorator.py
[2024-04-20T05:59:14.209+0000] {processor.py:768} INFO - DAG(s) dict_keys(['example_short_circuit_decorator']) retrieved from /home/airflow/.local/lib/python3.7/site-packages/airflow/example_dags/example_short_circuit_decorator.py
[2024-04-20T05:59:14.289+0000] {logging_mixin.py:117} INFO - [2024-04-20T05:59:14.289+0000] {dag.py:2573} INFO - Sync 1 DAGs
[2024-04-20T05:59:14.355+0000] {logging_mixin.py:117} INFO - [2024-04-20T05:59:14.355+0000] {dag.py:3328} INFO - Setting next_dagrun for example_short_circuit_decorator to 2024-04-19T05:59:14.355082+00:00, run_after=2024-04-20T05:59:14.355082+00:00
[2024-04-20T05:59:14.380+0000] {processor.py:178} INFO - Processing /home/airflow/.local/lib/python3.7/site-packages/airflow/example_dags/example_short_circuit_decorator.py took 0.431 seconds
[2024-04-20T05:59:44.538+0000] {processor.py:156} INFO - Started process (PID=1577) to work on /home/airflow/.local/lib/python3.7/site-packages/airflow/example_dags/example_short_circuit_decorator.py
[2024-04-20T05:59:44.539+0000] {processor.py:758} INFO - Processing file /home/airflow/.local/lib/python3.7/site-packages/airflow/example_dags/example_short_circuit_decorator.py for tasks to queue
[2024-04-20T05:59:44.539+0000] {logging_mixin.py:117} INFO - [2024-04-20T05:59:44.539+0000] {dagbag.py:525} INFO - Filling up the DagBag from /home/airflow/.local/lib/python3.7/site-packages/airflow/example_dags/example_short_circuit_decorator.py
[2024-04-20T05:59:44.868+0000] {processor.py:768} INFO - DAG(s) dict_keys(['example_short_circuit_decorator']) retrieved from /home/airflow/.local/lib/python3.7/site-packages/airflow/example_dags/example_short_circuit_decorator.py
[2024-04-20T05:59:44.962+0000] {logging_mixin.py:117} INFO - [2024-04-20T05:59:44.962+0000] {dag.py:2573} INFO - Sync 1 DAGs
[2024-04-20T05:59:45.013+0000] {logging_mixin.py:117} INFO - [2024-04-20T05:59:45.013+0000] {dag.py:3328} INFO - Setting next_dagrun for example_short_circuit_decorator to 2024-04-19T05:59:45.013255+00:00, run_after=2024-04-20T05:59:45.013255+00:00
[2024-04-20T05:59:45.040+0000] {processor.py:178} INFO - Processing /home/airflow/.local/lib/python3.7/site-packages/airflow/example_dags/example_short_circuit_decorator.py took 0.509 seconds
[2024-04-20T06:00:15.805+0000] {processor.py:156} INFO - Started process (PID=1803) to work on /home/airflow/.local/lib/python3.7/site-packages/airflow/example_dags/example_short_circuit_decorator.py
[2024-04-20T06:00:15.806+0000] {processor.py:758} INFO - Processing file /home/airflow/.local/lib/python3.7/site-packages/airflow/example_dags/example_short_circuit_decorator.py for tasks to queue
[2024-04-20T06:00:15.807+0000] {logging_mixin.py:117} INFO - [2024-04-20T06:00:15.807+0000] {dagbag.py:525} INFO - Filling up the DagBag from /home/airflow/.local/lib/python3.7/site-packages/airflow/example_dags/example_short_circuit_decorator.py
[2024-04-20T06:00:15.879+0000] {processor.py:768} INFO - DAG(s) dict_keys(['example_short_circuit_decorator']) retrieved from /home/airflow/.local/lib/python3.7/site-packages/airflow/example_dags/example_short_circuit_decorator.py
[2024-04-20T06:00:15.959+0000] {logging_mixin.py:117} INFO - [2024-04-20T06:00:15.959+0000] {dag.py:2573} INFO - Sync 1 DAGs
[2024-04-20T06:00:15.988+0000] {logging_mixin.py:117} INFO - [2024-04-20T06:00:15.988+0000] {dag.py:3328} INFO - Setting next_dagrun for example_short_circuit_decorator to 2024-04-19T06:00:15.987891+00:00, run_after=2024-04-20T06:00:15.987891+00:00
[2024-04-20T06:00:16.009+0000] {processor.py:178} INFO - Processing /home/airflow/.local/lib/python3.7/site-packages/airflow/example_dags/example_short_circuit_decorator.py took 0.207 seconds
[2024-04-20T06:00:46.064+0000] {processor.py:156} INFO - Started process (PID=2031) to work on /home/airflow/.local/lib/python3.7/site-packages/airflow/example_dags/example_short_circuit_decorator.py
[2024-04-20T06:00:46.065+0000] {processor.py:758} INFO - Processing file /home/airflow/.local/lib/python3.7/site-packages/airflow/example_dags/example_short_circuit_decorator.py for tasks to queue
[2024-04-20T06:00:46.066+0000] {logging_mixin.py:117} INFO - [2024-04-20T06:00:46.066+0000] {dagbag.py:525} INFO - Filling up the DagBag from /home/airflow/.local/lib/python3.7/site-packages/airflow/example_dags/example_short_circuit_decorator.py
[2024-04-20T06:00:46.097+0000] {processor.py:768} INFO - DAG(s) dict_keys(['example_short_circuit_decorator']) retrieved from /home/airflow/.local/lib/python3.7/site-packages/airflow/example_dags/example_short_circuit_decorator.py
[2024-04-20T06:00:46.154+0000] {logging_mixin.py:117} INFO - [2024-04-20T06:00:46.154+0000] {dag.py:2573} INFO - Sync 1 DAGs
[2024-04-20T06:00:46.182+0000] {logging_mixin.py:117} INFO - [2024-04-20T06:00:46.182+0000] {dag.py:3328} INFO - Setting next_dagrun for example_short_circuit_decorator to 2024-04-19T06:00:46.182031+00:00, run_after=2024-04-20T06:00:46.182031+00:00
[2024-04-20T06:00:46.211+0000] {processor.py:178} INFO - Processing /home/airflow/.local/lib/python3.7/site-packages/airflow/example_dags/example_short_circuit_decorator.py took 0.151 seconds
[2024-04-20T06:01:16.694+0000] {processor.py:156} INFO - Started process (PID=2248) to work on /home/airflow/.local/lib/python3.7/site-packages/airflow/example_dags/example_short_circuit_decorator.py
[2024-04-20T06:01:16.698+0000] {processor.py:758} INFO - Processing file /home/airflow/.local/lib/python3.7/site-packages/airflow/example_dags/example_short_circuit_decorator.py for tasks to queue
[2024-04-20T06:01:16.701+0000] {logging_mixin.py:117} INFO - [2024-04-20T06:01:16.701+0000] {dagbag.py:525} INFO - Filling up the DagBag from /home/airflow/.local/lib/python3.7/site-packages/airflow/example_dags/example_short_circuit_decorator.py
[2024-04-20T06:01:16.906+0000] {processor.py:768} INFO - DAG(s) dict_keys(['example_short_circuit_decorator']) retrieved from /home/airflow/.local/lib/python3.7/site-packages/airflow/example_dags/example_short_circuit_decorator.py
[2024-04-20T06:01:17.251+0000] {logging_mixin.py:117} INFO - [2024-04-20T06:01:17.251+0000] {dag.py:2573} INFO - Sync 1 DAGs
[2024-04-20T06:01:17.356+0000] {logging_mixin.py:117} INFO - [2024-04-20T06:01:17.356+0000] {dag.py:3328} INFO - Setting next_dagrun for example_short_circuit_decorator to 2024-04-19T06:01:17.355717+00:00, run_after=2024-04-20T06:01:17.355717+00:00
[2024-04-20T06:01:17.423+0000] {processor.py:178} INFO - Processing /home/airflow/.local/lib/python3.7/site-packages/airflow/example_dags/example_short_circuit_decorator.py took 0.742 seconds
[2024-04-20T06:01:48.258+0000] {processor.py:156} INFO - Started process (PID=2477) to work on /home/airflow/.local/lib/python3.7/site-packages/airflow/example_dags/example_short_circuit_decorator.py
[2024-04-20T06:01:48.259+0000] {processor.py:758} INFO - Processing file /home/airflow/.local/lib/python3.7/site-packages/airflow/example_dags/example_short_circuit_decorator.py for tasks to queue
[2024-04-20T06:01:48.260+0000] {logging_mixin.py:117} INFO - [2024-04-20T06:01:48.260+0000] {dagbag.py:525} INFO - Filling up the DagBag from /home/airflow/.local/lib/python3.7/site-packages/airflow/example_dags/example_short_circuit_decorator.py
[2024-04-20T06:01:48.290+0000] {processor.py:768} INFO - DAG(s) dict_keys(['example_short_circuit_decorator']) retrieved from /home/airflow/.local/lib/python3.7/site-packages/airflow/example_dags/example_short_circuit_decorator.py
[2024-04-20T06:01:48.344+0000] {logging_mixin.py:117} INFO - [2024-04-20T06:01:48.343+0000] {dag.py:2573} INFO - Sync 1 DAGs
[2024-04-20T06:01:48.375+0000] {logging_mixin.py:117} INFO - [2024-04-20T06:01:48.375+0000] {dag.py:3328} INFO - Setting next_dagrun for example_short_circuit_decorator to 2024-04-19T06:01:48.375492+00:00, run_after=2024-04-20T06:01:48.375492+00:00
[2024-04-20T06:01:48.402+0000] {processor.py:178} INFO - Processing /home/airflow/.local/lib/python3.7/site-packages/airflow/example_dags/example_short_circuit_decorator.py took 0.147 seconds
[2024-04-20T06:02:18.503+0000] {processor.py:156} INFO - Started process (PID=2705) to work on /home/airflow/.local/lib/python3.7/site-packages/airflow/example_dags/example_short_circuit_decorator.py
[2024-04-20T06:02:18.504+0000] {processor.py:758} INFO - Processing file /home/airflow/.local/lib/python3.7/site-packages/airflow/example_dags/example_short_circuit_decorator.py for tasks to queue
[2024-04-20T06:02:18.504+0000] {logging_mixin.py:117} INFO - [2024-04-20T06:02:18.504+0000] {dagbag.py:525} INFO - Filling up the DagBag from /home/airflow/.local/lib/python3.7/site-packages/airflow/example_dags/example_short_circuit_decorator.py
[2024-04-20T06:02:18.544+0000] {processor.py:768} INFO - DAG(s) dict_keys(['example_short_circuit_decorator']) retrieved from /home/airflow/.local/lib/python3.7/site-packages/airflow/example_dags/example_short_circuit_decorator.py
[2024-04-20T06:02:18.604+0000] {logging_mixin.py:117} INFO - [2024-04-20T06:02:18.604+0000] {dag.py:2573} INFO - Sync 1 DAGs
[2024-04-20T06:02:18.636+0000] {logging_mixin.py:117} INFO - [2024-04-20T06:02:18.636+0000] {dag.py:3328} INFO - Setting next_dagrun for example_short_circuit_decorator to 2024-04-19T06:02:18.636348+00:00, run_after=2024-04-20T06:02:18.636348+00:00
[2024-04-20T06:02:18.665+0000] {processor.py:178} INFO - Processing /home/airflow/.local/lib/python3.7/site-packages/airflow/example_dags/example_short_circuit_decorator.py took 0.165 seconds
[2024-04-20T06:02:48.965+0000] {processor.py:156} INFO - Started process (PID=2923) to work on /home/airflow/.local/lib/python3.7/site-packages/airflow/example_dags/example_short_circuit_decorator.py
[2024-04-20T06:02:48.974+0000] {processor.py:758} INFO - Processing file /home/airflow/.local/lib/python3.7/site-packages/airflow/example_dags/example_short_circuit_decorator.py for tasks to queue
[2024-04-20T06:02:48.975+0000] {logging_mixin.py:117} INFO - [2024-04-20T06:02:48.975+0000] {dagbag.py:525} INFO - Filling up the DagBag from /home/airflow/.local/lib/python3.7/site-packages/airflow/example_dags/example_short_circuit_decorator.py
[2024-04-20T06:02:49.077+0000] {processor.py:768} INFO - DAG(s) dict_keys(['example_short_circuit_decorator']) retrieved from /home/airflow/.local/lib/python3.7/site-packages/airflow/example_dags/example_short_circuit_decorator.py
[2024-04-20T06:02:49.349+0000] {logging_mixin.py:117} INFO - [2024-04-20T06:02:49.349+0000] {dag.py:2573} INFO - Sync 1 DAGs
[2024-04-20T06:02:49.382+0000] {logging_mixin.py:117} INFO - [2024-04-20T06:02:49.382+0000] {dag.py:3328} INFO - Setting next_dagrun for example_short_circuit_decorator to 2024-04-19T06:02:49.382070+00:00, run_after=2024-04-20T06:02:49.382070+00:00
[2024-04-20T06:02:49.434+0000] {processor.py:178} INFO - Processing /home/airflow/.local/lib/python3.7/site-packages/airflow/example_dags/example_short_circuit_decorator.py took 0.472 seconds
[2024-04-20T06:03:20.257+0000] {processor.py:156} INFO - Started process (PID=3152) to work on /home/airflow/.local/lib/python3.7/site-packages/airflow/example_dags/example_short_circuit_decorator.py
[2024-04-20T06:03:20.258+0000] {processor.py:758} INFO - Processing file /home/airflow/.local/lib/python3.7/site-packages/airflow/example_dags/example_short_circuit_decorator.py for tasks to queue
[2024-04-20T06:03:20.258+0000] {logging_mixin.py:117} INFO - [2024-04-20T06:03:20.258+0000] {dagbag.py:525} INFO - Filling up the DagBag from /home/airflow/.local/lib/python3.7/site-packages/airflow/example_dags/example_short_circuit_decorator.py
[2024-04-20T06:03:20.289+0000] {processor.py:768} INFO - DAG(s) dict_keys(['example_short_circuit_decorator']) retrieved from /home/airflow/.local/lib/python3.7/site-packages/airflow/example_dags/example_short_circuit_decorator.py
[2024-04-20T06:03:20.341+0000] {logging_mixin.py:117} INFO - [2024-04-20T06:03:20.340+0000] {dag.py:2573} INFO - Sync 1 DAGs
[2024-04-20T06:03:20.394+0000] {logging_mixin.py:117} INFO - [2024-04-20T06:03:20.394+0000] {dag.py:3328} INFO - Setting next_dagrun for example_short_circuit_decorator to 2024-04-19T06:03:20.394196+00:00, run_after=2024-04-20T06:03:20.394196+00:00
[2024-04-20T06:03:20.430+0000] {processor.py:178} INFO - Processing /home/airflow/.local/lib/python3.7/site-packages/airflow/example_dags/example_short_circuit_decorator.py took 0.176 seconds
