[2024-04-20T05:31:40.523+0000] {processor.py:156} INFO - Started process (PID=205) to work on /home/airflow/.local/lib/python3.7/site-packages/airflow/example_dags/example_task_group_decorator.py
[2024-04-20T05:31:40.532+0000] {processor.py:758} INFO - Processing file /home/airflow/.local/lib/python3.7/site-packages/airflow/example_dags/example_task_group_decorator.py for tasks to queue
[2024-04-20T05:31:40.533+0000] {logging_mixin.py:117} INFO - [2024-04-20T05:31:40.533+0000] {dagbag.py:525} INFO - Filling up the DagBag from /home/airflow/.local/lib/python3.7/site-packages/airflow/example_dags/example_task_group_decorator.py
[2024-04-20T05:31:40.642+0000] {processor.py:768} INFO - DAG(s) dict_keys(['example_task_group_decorator']) retrieved from /home/airflow/.local/lib/python3.7/site-packages/airflow/example_dags/example_task_group_decorator.py
[2024-04-20T05:31:41.303+0000] {logging_mixin.py:117} INFO - [2024-04-20T05:31:41.303+0000] {manager.py:507} INFO - Created Permission View: can delete on DAG:example_task_group_decorator
[2024-04-20T05:31:41.326+0000] {logging_mixin.py:117} INFO - [2024-04-20T05:31:41.326+0000] {manager.py:507} INFO - Created Permission View: can edit on DAG:example_task_group_decorator
[2024-04-20T05:31:41.339+0000] {logging_mixin.py:117} INFO - [2024-04-20T05:31:41.339+0000] {manager.py:507} INFO - Created Permission View: can read on DAG:example_task_group_decorator
[2024-04-20T05:31:41.339+0000] {logging_mixin.py:117} INFO - [2024-04-20T05:31:41.339+0000] {dag.py:2573} INFO - Sync 1 DAGs
[2024-04-20T05:31:41.377+0000] {logging_mixin.py:117} INFO - [2024-04-20T05:31:41.377+0000] {dag.py:2594} INFO - Creating ORM DAG for example_task_group_decorator
[2024-04-20T05:31:41.407+0000] {logging_mixin.py:117} INFO - [2024-04-20T05:31:41.406+0000] {dag.py:3328} INFO - Setting next_dagrun for example_task_group_decorator to 2024-04-19T05:31:41.406666+00:00, run_after=2024-04-20T05:31:41.406666+00:00
[2024-04-20T05:31:41.436+0000] {processor.py:178} INFO - Processing /home/airflow/.local/lib/python3.7/site-packages/airflow/example_dags/example_task_group_decorator.py took 0.922 seconds
[2024-04-20T05:32:11.532+0000] {processor.py:156} INFO - Started process (PID=421) to work on /home/airflow/.local/lib/python3.7/site-packages/airflow/example_dags/example_task_group_decorator.py
[2024-04-20T05:32:11.533+0000] {processor.py:758} INFO - Processing file /home/airflow/.local/lib/python3.7/site-packages/airflow/example_dags/example_task_group_decorator.py for tasks to queue
[2024-04-20T05:32:11.533+0000] {logging_mixin.py:117} INFO - [2024-04-20T05:32:11.533+0000] {dagbag.py:525} INFO - Filling up the DagBag from /home/airflow/.local/lib/python3.7/site-packages/airflow/example_dags/example_task_group_decorator.py
[2024-04-20T05:32:11.564+0000] {processor.py:768} INFO - DAG(s) dict_keys(['example_task_group_decorator']) retrieved from /home/airflow/.local/lib/python3.7/site-packages/airflow/example_dags/example_task_group_decorator.py
[2024-04-20T05:32:11.598+0000] {logging_mixin.py:117} INFO - [2024-04-20T05:32:11.598+0000] {dag.py:2573} INFO - Sync 1 DAGs
[2024-04-20T05:32:11.741+0000] {logging_mixin.py:117} INFO - [2024-04-20T05:32:11.741+0000] {dag.py:3328} INFO - Setting next_dagrun for example_task_group_decorator to 2024-04-19T05:32:11.741650+00:00, run_after=2024-04-20T05:32:11.741650+00:00
[2024-04-20T05:32:11.765+0000] {processor.py:178} INFO - Processing /home/airflow/.local/lib/python3.7/site-packages/airflow/example_dags/example_task_group_decorator.py took 0.235 seconds
[2024-04-20T05:32:41.929+0000] {processor.py:156} INFO - Started process (PID=645) to work on /home/airflow/.local/lib/python3.7/site-packages/airflow/example_dags/example_task_group_decorator.py
[2024-04-20T05:32:41.930+0000] {processor.py:758} INFO - Processing file /home/airflow/.local/lib/python3.7/site-packages/airflow/example_dags/example_task_group_decorator.py for tasks to queue
[2024-04-20T05:32:41.931+0000] {logging_mixin.py:117} INFO - [2024-04-20T05:32:41.930+0000] {dagbag.py:525} INFO - Filling up the DagBag from /home/airflow/.local/lib/python3.7/site-packages/airflow/example_dags/example_task_group_decorator.py
[2024-04-20T05:32:42.024+0000] {processor.py:768} INFO - DAG(s) dict_keys(['example_task_group_decorator']) retrieved from /home/airflow/.local/lib/python3.7/site-packages/airflow/example_dags/example_task_group_decorator.py
[2024-04-20T05:32:42.127+0000] {logging_mixin.py:117} INFO - [2024-04-20T05:32:42.127+0000] {dag.py:2573} INFO - Sync 1 DAGs
[2024-04-20T05:32:42.432+0000] {logging_mixin.py:117} INFO - [2024-04-20T05:32:42.432+0000] {dag.py:3328} INFO - Setting next_dagrun for example_task_group_decorator to 2024-04-19T05:32:42.431917+00:00, run_after=2024-04-20T05:32:42.431917+00:00
[2024-04-20T05:32:42.479+0000] {processor.py:178} INFO - Processing /home/airflow/.local/lib/python3.7/site-packages/airflow/example_dags/example_task_group_decorator.py took 0.553 seconds
[2024-04-20T05:33:12.757+0000] {processor.py:156} INFO - Started process (PID=860) to work on /home/airflow/.local/lib/python3.7/site-packages/airflow/example_dags/example_task_group_decorator.py
[2024-04-20T05:33:12.758+0000] {processor.py:758} INFO - Processing file /home/airflow/.local/lib/python3.7/site-packages/airflow/example_dags/example_task_group_decorator.py for tasks to queue
[2024-04-20T05:33:12.759+0000] {logging_mixin.py:117} INFO - [2024-04-20T05:33:12.758+0000] {dagbag.py:525} INFO - Filling up the DagBag from /home/airflow/.local/lib/python3.7/site-packages/airflow/example_dags/example_task_group_decorator.py
[2024-04-20T05:33:12.800+0000] {processor.py:768} INFO - DAG(s) dict_keys(['example_task_group_decorator']) retrieved from /home/airflow/.local/lib/python3.7/site-packages/airflow/example_dags/example_task_group_decorator.py
[2024-04-20T05:33:12.996+0000] {logging_mixin.py:117} INFO - [2024-04-20T05:33:12.995+0000] {dag.py:2573} INFO - Sync 1 DAGs
[2024-04-20T05:33:13.025+0000] {logging_mixin.py:117} INFO - [2024-04-20T05:33:13.025+0000] {dag.py:3328} INFO - Setting next_dagrun for example_task_group_decorator to 2024-04-19T05:33:13.024850+00:00, run_after=2024-04-20T05:33:13.024850+00:00
[2024-04-20T05:33:13.049+0000] {processor.py:178} INFO - Processing /home/airflow/.local/lib/python3.7/site-packages/airflow/example_dags/example_task_group_decorator.py took 0.295 seconds
[2024-04-20T05:33:43.413+0000] {processor.py:156} INFO - Started process (PID=1077) to work on /home/airflow/.local/lib/python3.7/site-packages/airflow/example_dags/example_task_group_decorator.py
[2024-04-20T05:33:43.414+0000] {processor.py:758} INFO - Processing file /home/airflow/.local/lib/python3.7/site-packages/airflow/example_dags/example_task_group_decorator.py for tasks to queue
[2024-04-20T05:33:43.414+0000] {logging_mixin.py:117} INFO - [2024-04-20T05:33:43.414+0000] {dagbag.py:525} INFO - Filling up the DagBag from /home/airflow/.local/lib/python3.7/site-packages/airflow/example_dags/example_task_group_decorator.py
[2024-04-20T05:33:43.459+0000] {processor.py:768} INFO - DAG(s) dict_keys(['example_task_group_decorator']) retrieved from /home/airflow/.local/lib/python3.7/site-packages/airflow/example_dags/example_task_group_decorator.py
[2024-04-20T05:33:43.705+0000] {logging_mixin.py:117} INFO - [2024-04-20T05:33:43.705+0000] {dag.py:2573} INFO - Sync 1 DAGs
[2024-04-20T05:33:43.755+0000] {logging_mixin.py:117} INFO - [2024-04-20T05:33:43.754+0000] {dag.py:3328} INFO - Setting next_dagrun for example_task_group_decorator to 2024-04-19T05:33:43.754642+00:00, run_after=2024-04-20T05:33:43.754642+00:00
[2024-04-20T05:33:43.796+0000] {processor.py:178} INFO - Processing /home/airflow/.local/lib/python3.7/site-packages/airflow/example_dags/example_task_group_decorator.py took 0.387 seconds
[2024-04-20T05:34:14.620+0000] {processor.py:156} INFO - Started process (PID=1286) to work on /home/airflow/.local/lib/python3.7/site-packages/airflow/example_dags/example_task_group_decorator.py
[2024-04-20T05:34:14.620+0000] {processor.py:758} INFO - Processing file /home/airflow/.local/lib/python3.7/site-packages/airflow/example_dags/example_task_group_decorator.py for tasks to queue
[2024-04-20T05:34:14.621+0000] {logging_mixin.py:117} INFO - [2024-04-20T05:34:14.621+0000] {dagbag.py:525} INFO - Filling up the DagBag from /home/airflow/.local/lib/python3.7/site-packages/airflow/example_dags/example_task_group_decorator.py
[2024-04-20T05:34:14.820+0000] {processor.py:768} INFO - DAG(s) dict_keys(['example_task_group_decorator']) retrieved from /home/airflow/.local/lib/python3.7/site-packages/airflow/example_dags/example_task_group_decorator.py
[2024-04-20T05:34:14.866+0000] {logging_mixin.py:117} INFO - [2024-04-20T05:34:14.866+0000] {dag.py:2573} INFO - Sync 1 DAGs
[2024-04-20T05:34:14.896+0000] {logging_mixin.py:117} INFO - [2024-04-20T05:34:14.895+0000] {dag.py:3328} INFO - Setting next_dagrun for example_task_group_decorator to 2024-04-19T05:34:14.895729+00:00, run_after=2024-04-20T05:34:14.895729+00:00
[2024-04-20T05:34:14.922+0000] {processor.py:178} INFO - Processing /home/airflow/.local/lib/python3.7/site-packages/airflow/example_dags/example_task_group_decorator.py took 0.305 seconds
[2024-04-20T05:34:45.182+0000] {processor.py:156} INFO - Started process (PID=1504) to work on /home/airflow/.local/lib/python3.7/site-packages/airflow/example_dags/example_task_group_decorator.py
[2024-04-20T05:34:45.182+0000] {processor.py:758} INFO - Processing file /home/airflow/.local/lib/python3.7/site-packages/airflow/example_dags/example_task_group_decorator.py for tasks to queue
[2024-04-20T05:34:45.184+0000] {logging_mixin.py:117} INFO - [2024-04-20T05:34:45.184+0000] {dagbag.py:525} INFO - Filling up the DagBag from /home/airflow/.local/lib/python3.7/site-packages/airflow/example_dags/example_task_group_decorator.py
[2024-04-20T05:34:45.417+0000] {processor.py:768} INFO - DAG(s) dict_keys(['example_task_group_decorator']) retrieved from /home/airflow/.local/lib/python3.7/site-packages/airflow/example_dags/example_task_group_decorator.py
[2024-04-20T05:34:45.472+0000] {logging_mixin.py:117} INFO - [2024-04-20T05:34:45.472+0000] {dag.py:2573} INFO - Sync 1 DAGs
[2024-04-20T05:34:45.502+0000] {logging_mixin.py:117} INFO - [2024-04-20T05:34:45.502+0000] {dag.py:3328} INFO - Setting next_dagrun for example_task_group_decorator to 2024-04-19T05:34:45.501922+00:00, run_after=2024-04-20T05:34:45.501922+00:00
[2024-04-20T05:34:45.526+0000] {processor.py:178} INFO - Processing /home/airflow/.local/lib/python3.7/site-packages/airflow/example_dags/example_task_group_decorator.py took 0.347 seconds
[2024-04-20T05:35:16.269+0000] {processor.py:156} INFO - Started process (PID=1713) to work on /home/airflow/.local/lib/python3.7/site-packages/airflow/example_dags/example_task_group_decorator.py
[2024-04-20T05:35:16.270+0000] {processor.py:758} INFO - Processing file /home/airflow/.local/lib/python3.7/site-packages/airflow/example_dags/example_task_group_decorator.py for tasks to queue
[2024-04-20T05:35:16.270+0000] {logging_mixin.py:117} INFO - [2024-04-20T05:35:16.270+0000] {dagbag.py:525} INFO - Filling up the DagBag from /home/airflow/.local/lib/python3.7/site-packages/airflow/example_dags/example_task_group_decorator.py
[2024-04-20T05:35:16.315+0000] {processor.py:768} INFO - DAG(s) dict_keys(['example_task_group_decorator']) retrieved from /home/airflow/.local/lib/python3.7/site-packages/airflow/example_dags/example_task_group_decorator.py
[2024-04-20T05:35:16.372+0000] {logging_mixin.py:117} INFO - [2024-04-20T05:35:16.372+0000] {dag.py:2573} INFO - Sync 1 DAGs
[2024-04-20T05:35:16.405+0000] {logging_mixin.py:117} INFO - [2024-04-20T05:35:16.405+0000] {dag.py:3328} INFO - Setting next_dagrun for example_task_group_decorator to 2024-04-19T05:35:16.405351+00:00, run_after=2024-04-20T05:35:16.405351+00:00
[2024-04-20T05:35:16.431+0000] {processor.py:178} INFO - Processing /home/airflow/.local/lib/python3.7/site-packages/airflow/example_dags/example_task_group_decorator.py took 0.166 seconds
[2024-04-20T05:35:46.817+0000] {processor.py:156} INFO - Started process (PID=1930) to work on /home/airflow/.local/lib/python3.7/site-packages/airflow/example_dags/example_task_group_decorator.py
[2024-04-20T05:35:46.818+0000] {processor.py:758} INFO - Processing file /home/airflow/.local/lib/python3.7/site-packages/airflow/example_dags/example_task_group_decorator.py for tasks to queue
[2024-04-20T05:35:46.819+0000] {logging_mixin.py:117} INFO - [2024-04-20T05:35:46.818+0000] {dagbag.py:525} INFO - Filling up the DagBag from /home/airflow/.local/lib/python3.7/site-packages/airflow/example_dags/example_task_group_decorator.py
[2024-04-20T05:35:46.901+0000] {processor.py:768} INFO - DAG(s) dict_keys(['example_task_group_decorator']) retrieved from /home/airflow/.local/lib/python3.7/site-packages/airflow/example_dags/example_task_group_decorator.py
[2024-04-20T05:35:46.953+0000] {logging_mixin.py:117} INFO - [2024-04-20T05:35:46.953+0000] {dag.py:2573} INFO - Sync 1 DAGs
[2024-04-20T05:35:46.985+0000] {logging_mixin.py:117} INFO - [2024-04-20T05:35:46.985+0000] {dag.py:3328} INFO - Setting next_dagrun for example_task_group_decorator to 2024-04-19T05:35:46.984905+00:00, run_after=2024-04-20T05:35:46.984905+00:00
[2024-04-20T05:35:47.018+0000] {processor.py:178} INFO - Processing /home/airflow/.local/lib/python3.7/site-packages/airflow/example_dags/example_task_group_decorator.py took 0.204 seconds
[2024-04-20T05:36:18.042+0000] {processor.py:156} INFO - Started process (PID=2136) to work on /home/airflow/.local/lib/python3.7/site-packages/airflow/example_dags/example_task_group_decorator.py
[2024-04-20T05:36:18.043+0000] {processor.py:758} INFO - Processing file /home/airflow/.local/lib/python3.7/site-packages/airflow/example_dags/example_task_group_decorator.py for tasks to queue
[2024-04-20T05:36:18.043+0000] {logging_mixin.py:117} INFO - [2024-04-20T05:36:18.043+0000] {dagbag.py:525} INFO - Filling up the DagBag from /home/airflow/.local/lib/python3.7/site-packages/airflow/example_dags/example_task_group_decorator.py
[2024-04-20T05:36:18.347+0000] {processor.py:768} INFO - DAG(s) dict_keys(['example_task_group_decorator']) retrieved from /home/airflow/.local/lib/python3.7/site-packages/airflow/example_dags/example_task_group_decorator.py
[2024-04-20T05:36:18.522+0000] {logging_mixin.py:117} INFO - [2024-04-20T05:36:18.522+0000] {dag.py:2573} INFO - Sync 1 DAGs
[2024-04-20T05:36:18.627+0000] {logging_mixin.py:117} INFO - [2024-04-20T05:36:18.626+0000] {dag.py:3328} INFO - Setting next_dagrun for example_task_group_decorator to 2024-04-19T05:36:18.626638+00:00, run_after=2024-04-20T05:36:18.626638+00:00
[2024-04-20T05:36:18.742+0000] {processor.py:178} INFO - Processing /home/airflow/.local/lib/python3.7/site-packages/airflow/example_dags/example_task_group_decorator.py took 0.739 seconds
[2024-04-20T05:36:49.325+0000] {processor.py:156} INFO - Started process (PID=2381) to work on /home/airflow/.local/lib/python3.7/site-packages/airflow/example_dags/example_task_group_decorator.py
[2024-04-20T05:36:49.326+0000] {processor.py:758} INFO - Processing file /home/airflow/.local/lib/python3.7/site-packages/airflow/example_dags/example_task_group_decorator.py for tasks to queue
[2024-04-20T05:36:49.327+0000] {logging_mixin.py:117} INFO - [2024-04-20T05:36:49.327+0000] {dagbag.py:525} INFO - Filling up the DagBag from /home/airflow/.local/lib/python3.7/site-packages/airflow/example_dags/example_task_group_decorator.py
[2024-04-20T05:36:49.383+0000] {processor.py:768} INFO - DAG(s) dict_keys(['example_task_group_decorator']) retrieved from /home/airflow/.local/lib/python3.7/site-packages/airflow/example_dags/example_task_group_decorator.py
[2024-04-20T05:36:49.428+0000] {logging_mixin.py:117} INFO - [2024-04-20T05:36:49.428+0000] {dag.py:2573} INFO - Sync 1 DAGs
[2024-04-20T05:36:49.448+0000] {logging_mixin.py:117} INFO - [2024-04-20T05:36:49.448+0000] {dag.py:3328} INFO - Setting next_dagrun for example_task_group_decorator to 2024-04-19T05:36:49.448608+00:00, run_after=2024-04-20T05:36:49.448608+00:00
[2024-04-20T05:36:49.467+0000] {processor.py:178} INFO - Processing /home/airflow/.local/lib/python3.7/site-packages/airflow/example_dags/example_task_group_decorator.py took 0.145 seconds
[2024-04-20T05:37:19.635+0000] {processor.py:156} INFO - Started process (PID=2662) to work on /home/airflow/.local/lib/python3.7/site-packages/airflow/example_dags/example_task_group_decorator.py
[2024-04-20T05:37:19.636+0000] {processor.py:758} INFO - Processing file /home/airflow/.local/lib/python3.7/site-packages/airflow/example_dags/example_task_group_decorator.py for tasks to queue
[2024-04-20T05:37:19.636+0000] {logging_mixin.py:117} INFO - [2024-04-20T05:37:19.636+0000] {dagbag.py:525} INFO - Filling up the DagBag from /home/airflow/.local/lib/python3.7/site-packages/airflow/example_dags/example_task_group_decorator.py
[2024-04-20T05:37:19.783+0000] {processor.py:768} INFO - DAG(s) dict_keys(['example_task_group_decorator']) retrieved from /home/airflow/.local/lib/python3.7/site-packages/airflow/example_dags/example_task_group_decorator.py
[2024-04-20T05:37:19.857+0000] {logging_mixin.py:117} INFO - [2024-04-20T05:37:19.857+0000] {dag.py:2573} INFO - Sync 1 DAGs
[2024-04-20T05:37:19.908+0000] {logging_mixin.py:117} INFO - [2024-04-20T05:37:19.908+0000] {dag.py:3328} INFO - Setting next_dagrun for example_task_group_decorator to 2024-04-19T05:37:19.908096+00:00, run_after=2024-04-20T05:37:19.908096+00:00
[2024-04-20T05:37:19.963+0000] {processor.py:178} INFO - Processing /home/airflow/.local/lib/python3.7/site-packages/airflow/example_dags/example_task_group_decorator.py took 0.331 seconds
[2024-04-20T05:37:50.343+0000] {processor.py:156} INFO - Started process (PID=2896) to work on /home/airflow/.local/lib/python3.7/site-packages/airflow/example_dags/example_task_group_decorator.py
[2024-04-20T05:37:50.344+0000] {processor.py:758} INFO - Processing file /home/airflow/.local/lib/python3.7/site-packages/airflow/example_dags/example_task_group_decorator.py for tasks to queue
[2024-04-20T05:37:50.345+0000] {logging_mixin.py:117} INFO - [2024-04-20T05:37:50.344+0000] {dagbag.py:525} INFO - Filling up the DagBag from /home/airflow/.local/lib/python3.7/site-packages/airflow/example_dags/example_task_group_decorator.py
[2024-04-20T05:37:50.389+0000] {processor.py:768} INFO - DAG(s) dict_keys(['example_task_group_decorator']) retrieved from /home/airflow/.local/lib/python3.7/site-packages/airflow/example_dags/example_task_group_decorator.py
[2024-04-20T05:37:50.459+0000] {logging_mixin.py:117} INFO - [2024-04-20T05:37:50.458+0000] {dag.py:2573} INFO - Sync 1 DAGs
[2024-04-20T05:37:50.491+0000] {logging_mixin.py:117} INFO - [2024-04-20T05:37:50.491+0000] {dag.py:3328} INFO - Setting next_dagrun for example_task_group_decorator to 2024-04-19T05:37:50.491549+00:00, run_after=2024-04-20T05:37:50.491549+00:00
[2024-04-20T05:37:50.526+0000] {processor.py:178} INFO - Processing /home/airflow/.local/lib/python3.7/site-packages/airflow/example_dags/example_task_group_decorator.py took 0.187 seconds
[2024-04-20T05:38:20.833+0000] {processor.py:156} INFO - Started process (PID=3123) to work on /home/airflow/.local/lib/python3.7/site-packages/airflow/example_dags/example_task_group_decorator.py
[2024-04-20T05:38:20.834+0000] {processor.py:758} INFO - Processing file /home/airflow/.local/lib/python3.7/site-packages/airflow/example_dags/example_task_group_decorator.py for tasks to queue
[2024-04-20T05:38:20.834+0000] {logging_mixin.py:117} INFO - [2024-04-20T05:38:20.834+0000] {dagbag.py:525} INFO - Filling up the DagBag from /home/airflow/.local/lib/python3.7/site-packages/airflow/example_dags/example_task_group_decorator.py
[2024-04-20T05:38:20.863+0000] {processor.py:768} INFO - DAG(s) dict_keys(['example_task_group_decorator']) retrieved from /home/airflow/.local/lib/python3.7/site-packages/airflow/example_dags/example_task_group_decorator.py
[2024-04-20T05:38:20.899+0000] {logging_mixin.py:117} INFO - [2024-04-20T05:38:20.899+0000] {dag.py:2573} INFO - Sync 1 DAGs
[2024-04-20T05:38:20.920+0000] {logging_mixin.py:117} INFO - [2024-04-20T05:38:20.920+0000] {dag.py:3328} INFO - Setting next_dagrun for example_task_group_decorator to 2024-04-19T05:38:20.920124+00:00, run_after=2024-04-20T05:38:20.920124+00:00
[2024-04-20T05:38:20.940+0000] {processor.py:178} INFO - Processing /home/airflow/.local/lib/python3.7/site-packages/airflow/example_dags/example_task_group_decorator.py took 0.110 seconds
[2024-04-20T05:38:51.555+0000] {processor.py:156} INFO - Started process (PID=3353) to work on /home/airflow/.local/lib/python3.7/site-packages/airflow/example_dags/example_task_group_decorator.py
[2024-04-20T05:38:51.556+0000] {processor.py:758} INFO - Processing file /home/airflow/.local/lib/python3.7/site-packages/airflow/example_dags/example_task_group_decorator.py for tasks to queue
[2024-04-20T05:38:51.556+0000] {logging_mixin.py:117} INFO - [2024-04-20T05:38:51.556+0000] {dagbag.py:525} INFO - Filling up the DagBag from /home/airflow/.local/lib/python3.7/site-packages/airflow/example_dags/example_task_group_decorator.py
[2024-04-20T05:38:51.629+0000] {processor.py:768} INFO - DAG(s) dict_keys(['example_task_group_decorator']) retrieved from /home/airflow/.local/lib/python3.7/site-packages/airflow/example_dags/example_task_group_decorator.py
[2024-04-20T05:38:51.683+0000] {logging_mixin.py:117} INFO - [2024-04-20T05:38:51.683+0000] {dag.py:2573} INFO - Sync 1 DAGs
[2024-04-20T05:38:51.714+0000] {logging_mixin.py:117} INFO - [2024-04-20T05:38:51.713+0000] {dag.py:3328} INFO - Setting next_dagrun for example_task_group_decorator to 2024-04-19T05:38:51.713646+00:00, run_after=2024-04-20T05:38:51.713646+00:00
[2024-04-20T05:38:51.737+0000] {processor.py:178} INFO - Processing /home/airflow/.local/lib/python3.7/site-packages/airflow/example_dags/example_task_group_decorator.py took 0.185 seconds
[2024-04-20T05:39:21.845+0000] {processor.py:156} INFO - Started process (PID=3575) to work on /home/airflow/.local/lib/python3.7/site-packages/airflow/example_dags/example_task_group_decorator.py
[2024-04-20T05:39:21.846+0000] {processor.py:758} INFO - Processing file /home/airflow/.local/lib/python3.7/site-packages/airflow/example_dags/example_task_group_decorator.py for tasks to queue
[2024-04-20T05:39:21.846+0000] {logging_mixin.py:117} INFO - [2024-04-20T05:39:21.846+0000] {dagbag.py:525} INFO - Filling up the DagBag from /home/airflow/.local/lib/python3.7/site-packages/airflow/example_dags/example_task_group_decorator.py
[2024-04-20T05:39:21.884+0000] {processor.py:768} INFO - DAG(s) dict_keys(['example_task_group_decorator']) retrieved from /home/airflow/.local/lib/python3.7/site-packages/airflow/example_dags/example_task_group_decorator.py
[2024-04-20T05:39:21.948+0000] {logging_mixin.py:117} INFO - [2024-04-20T05:39:21.947+0000] {dag.py:2573} INFO - Sync 1 DAGs
[2024-04-20T05:39:21.978+0000] {logging_mixin.py:117} INFO - [2024-04-20T05:39:21.978+0000] {dag.py:3328} INFO - Setting next_dagrun for example_task_group_decorator to 2024-04-19T05:39:21.978025+00:00, run_after=2024-04-20T05:39:21.978025+00:00
[2024-04-20T05:39:22.003+0000] {processor.py:178} INFO - Processing /home/airflow/.local/lib/python3.7/site-packages/airflow/example_dags/example_task_group_decorator.py took 0.160 seconds
[2024-04-20T05:39:52.500+0000] {processor.py:156} INFO - Started process (PID=3821) to work on /home/airflow/.local/lib/python3.7/site-packages/airflow/example_dags/example_task_group_decorator.py
[2024-04-20T05:39:52.501+0000] {processor.py:758} INFO - Processing file /home/airflow/.local/lib/python3.7/site-packages/airflow/example_dags/example_task_group_decorator.py for tasks to queue
[2024-04-20T05:39:52.501+0000] {logging_mixin.py:117} INFO - [2024-04-20T05:39:52.501+0000] {dagbag.py:525} INFO - Filling up the DagBag from /home/airflow/.local/lib/python3.7/site-packages/airflow/example_dags/example_task_group_decorator.py
[2024-04-20T05:39:52.546+0000] {processor.py:768} INFO - DAG(s) dict_keys(['example_task_group_decorator']) retrieved from /home/airflow/.local/lib/python3.7/site-packages/airflow/example_dags/example_task_group_decorator.py
[2024-04-20T05:39:52.600+0000] {logging_mixin.py:117} INFO - [2024-04-20T05:39:52.600+0000] {dag.py:2573} INFO - Sync 1 DAGs
[2024-04-20T05:39:52.636+0000] {logging_mixin.py:117} INFO - [2024-04-20T05:39:52.636+0000] {dag.py:3328} INFO - Setting next_dagrun for example_task_group_decorator to 2024-04-19T05:39:52.635928+00:00, run_after=2024-04-20T05:39:52.635928+00:00
[2024-04-20T05:39:52.665+0000] {processor.py:178} INFO - Processing /home/airflow/.local/lib/python3.7/site-packages/airflow/example_dags/example_task_group_decorator.py took 0.168 seconds
[2024-04-20T05:40:22.765+0000] {processor.py:156} INFO - Started process (PID=4040) to work on /home/airflow/.local/lib/python3.7/site-packages/airflow/example_dags/example_task_group_decorator.py
[2024-04-20T05:40:22.766+0000] {processor.py:758} INFO - Processing file /home/airflow/.local/lib/python3.7/site-packages/airflow/example_dags/example_task_group_decorator.py for tasks to queue
[2024-04-20T05:40:22.766+0000] {logging_mixin.py:117} INFO - [2024-04-20T05:40:22.766+0000] {dagbag.py:525} INFO - Filling up the DagBag from /home/airflow/.local/lib/python3.7/site-packages/airflow/example_dags/example_task_group_decorator.py
[2024-04-20T05:40:22.808+0000] {processor.py:768} INFO - DAG(s) dict_keys(['example_task_group_decorator']) retrieved from /home/airflow/.local/lib/python3.7/site-packages/airflow/example_dags/example_task_group_decorator.py
[2024-04-20T05:40:22.895+0000] {logging_mixin.py:117} INFO - [2024-04-20T05:40:22.894+0000] {dag.py:2573} INFO - Sync 1 DAGs
[2024-04-20T05:40:22.930+0000] {logging_mixin.py:117} INFO - [2024-04-20T05:40:22.930+0000] {dag.py:3328} INFO - Setting next_dagrun for example_task_group_decorator to 2024-04-19T05:40:22.930438+00:00, run_after=2024-04-20T05:40:22.930438+00:00
[2024-04-20T05:40:22.955+0000] {processor.py:178} INFO - Processing /home/airflow/.local/lib/python3.7/site-packages/airflow/example_dags/example_task_group_decorator.py took 0.193 seconds
[2024-04-20T05:40:53.390+0000] {processor.py:156} INFO - Started process (PID=4270) to work on /home/airflow/.local/lib/python3.7/site-packages/airflow/example_dags/example_task_group_decorator.py
[2024-04-20T05:40:53.390+0000] {processor.py:758} INFO - Processing file /home/airflow/.local/lib/python3.7/site-packages/airflow/example_dags/example_task_group_decorator.py for tasks to queue
[2024-04-20T05:40:53.391+0000] {logging_mixin.py:117} INFO - [2024-04-20T05:40:53.391+0000] {dagbag.py:525} INFO - Filling up the DagBag from /home/airflow/.local/lib/python3.7/site-packages/airflow/example_dags/example_task_group_decorator.py
[2024-04-20T05:40:53.501+0000] {processor.py:768} INFO - DAG(s) dict_keys(['example_task_group_decorator']) retrieved from /home/airflow/.local/lib/python3.7/site-packages/airflow/example_dags/example_task_group_decorator.py
[2024-04-20T05:40:53.554+0000] {logging_mixin.py:117} INFO - [2024-04-20T05:40:53.554+0000] {dag.py:2573} INFO - Sync 1 DAGs
[2024-04-20T05:40:53.584+0000] {logging_mixin.py:117} INFO - [2024-04-20T05:40:53.583+0000] {dag.py:3328} INFO - Setting next_dagrun for example_task_group_decorator to 2024-04-19T05:40:53.583591+00:00, run_after=2024-04-20T05:40:53.583591+00:00
[2024-04-20T05:40:53.615+0000] {processor.py:178} INFO - Processing /home/airflow/.local/lib/python3.7/site-packages/airflow/example_dags/example_task_group_decorator.py took 0.229 seconds
[2024-04-20T05:41:24.306+0000] {processor.py:156} INFO - Started process (PID=4502) to work on /home/airflow/.local/lib/python3.7/site-packages/airflow/example_dags/example_task_group_decorator.py
[2024-04-20T05:41:24.307+0000] {processor.py:758} INFO - Processing file /home/airflow/.local/lib/python3.7/site-packages/airflow/example_dags/example_task_group_decorator.py for tasks to queue
[2024-04-20T05:41:24.307+0000] {logging_mixin.py:117} INFO - [2024-04-20T05:41:24.307+0000] {dagbag.py:525} INFO - Filling up the DagBag from /home/airflow/.local/lib/python3.7/site-packages/airflow/example_dags/example_task_group_decorator.py
[2024-04-20T05:41:24.354+0000] {processor.py:768} INFO - DAG(s) dict_keys(['example_task_group_decorator']) retrieved from /home/airflow/.local/lib/python3.7/site-packages/airflow/example_dags/example_task_group_decorator.py
[2024-04-20T05:41:24.411+0000] {logging_mixin.py:117} INFO - [2024-04-20T05:41:24.411+0000] {dag.py:2573} INFO - Sync 1 DAGs
[2024-04-20T05:41:24.445+0000] {logging_mixin.py:117} INFO - [2024-04-20T05:41:24.445+0000] {dag.py:3328} INFO - Setting next_dagrun for example_task_group_decorator to 2024-04-19T05:41:24.445204+00:00, run_after=2024-04-20T05:41:24.445204+00:00
[2024-04-20T05:41:24.470+0000] {processor.py:178} INFO - Processing /home/airflow/.local/lib/python3.7/site-packages/airflow/example_dags/example_task_group_decorator.py took 0.167 seconds
[2024-04-20T05:41:54.847+0000] {processor.py:156} INFO - Started process (PID=4727) to work on /home/airflow/.local/lib/python3.7/site-packages/airflow/example_dags/example_task_group_decorator.py
[2024-04-20T05:41:54.848+0000] {processor.py:758} INFO - Processing file /home/airflow/.local/lib/python3.7/site-packages/airflow/example_dags/example_task_group_decorator.py for tasks to queue
[2024-04-20T05:41:54.848+0000] {logging_mixin.py:117} INFO - [2024-04-20T05:41:54.848+0000] {dagbag.py:525} INFO - Filling up the DagBag from /home/airflow/.local/lib/python3.7/site-packages/airflow/example_dags/example_task_group_decorator.py
[2024-04-20T05:41:54.941+0000] {processor.py:768} INFO - DAG(s) dict_keys(['example_task_group_decorator']) retrieved from /home/airflow/.local/lib/python3.7/site-packages/airflow/example_dags/example_task_group_decorator.py
[2024-04-20T05:41:55.072+0000] {logging_mixin.py:117} INFO - [2024-04-20T05:41:55.072+0000] {dag.py:2573} INFO - Sync 1 DAGs
[2024-04-20T05:41:55.139+0000] {logging_mixin.py:117} INFO - [2024-04-20T05:41:55.138+0000] {dag.py:3328} INFO - Setting next_dagrun for example_task_group_decorator to 2024-04-19T05:41:55.138629+00:00, run_after=2024-04-20T05:41:55.138629+00:00
[2024-04-20T05:41:55.178+0000] {processor.py:178} INFO - Processing /home/airflow/.local/lib/python3.7/site-packages/airflow/example_dags/example_task_group_decorator.py took 0.335 seconds
[2024-04-20T05:42:26.106+0000] {processor.py:156} INFO - Started process (PID=4984) to work on /home/airflow/.local/lib/python3.7/site-packages/airflow/example_dags/example_task_group_decorator.py
[2024-04-20T05:42:26.107+0000] {processor.py:758} INFO - Processing file /home/airflow/.local/lib/python3.7/site-packages/airflow/example_dags/example_task_group_decorator.py for tasks to queue
[2024-04-20T05:42:26.107+0000] {logging_mixin.py:117} INFO - [2024-04-20T05:42:26.107+0000] {dagbag.py:525} INFO - Filling up the DagBag from /home/airflow/.local/lib/python3.7/site-packages/airflow/example_dags/example_task_group_decorator.py
[2024-04-20T05:42:26.153+0000] {processor.py:768} INFO - DAG(s) dict_keys(['example_task_group_decorator']) retrieved from /home/airflow/.local/lib/python3.7/site-packages/airflow/example_dags/example_task_group_decorator.py
[2024-04-20T05:42:26.228+0000] {logging_mixin.py:117} INFO - [2024-04-20T05:42:26.228+0000] {dag.py:2573} INFO - Sync 1 DAGs
[2024-04-20T05:42:26.270+0000] {logging_mixin.py:117} INFO - [2024-04-20T05:42:26.270+0000] {dag.py:3328} INFO - Setting next_dagrun for example_task_group_decorator to 2024-04-19T05:42:26.270051+00:00, run_after=2024-04-20T05:42:26.270051+00:00
[2024-04-20T05:42:26.294+0000] {processor.py:178} INFO - Processing /home/airflow/.local/lib/python3.7/site-packages/airflow/example_dags/example_task_group_decorator.py took 0.191 seconds
[2024-04-20T05:42:56.814+0000] {processor.py:156} INFO - Started process (PID=5221) to work on /home/airflow/.local/lib/python3.7/site-packages/airflow/example_dags/example_task_group_decorator.py
[2024-04-20T05:42:56.815+0000] {processor.py:758} INFO - Processing file /home/airflow/.local/lib/python3.7/site-packages/airflow/example_dags/example_task_group_decorator.py for tasks to queue
[2024-04-20T05:42:56.815+0000] {logging_mixin.py:117} INFO - [2024-04-20T05:42:56.815+0000] {dagbag.py:525} INFO - Filling up the DagBag from /home/airflow/.local/lib/python3.7/site-packages/airflow/example_dags/example_task_group_decorator.py
[2024-04-20T05:42:56.860+0000] {processor.py:768} INFO - DAG(s) dict_keys(['example_task_group_decorator']) retrieved from /home/airflow/.local/lib/python3.7/site-packages/airflow/example_dags/example_task_group_decorator.py
[2024-04-20T05:42:56.915+0000] {logging_mixin.py:117} INFO - [2024-04-20T05:42:56.915+0000] {dag.py:2573} INFO - Sync 1 DAGs
[2024-04-20T05:42:56.949+0000] {logging_mixin.py:117} INFO - [2024-04-20T05:42:56.949+0000] {dag.py:3328} INFO - Setting next_dagrun for example_task_group_decorator to 2024-04-19T05:42:56.949125+00:00, run_after=2024-04-20T05:42:56.949125+00:00
[2024-04-20T05:42:56.995+0000] {processor.py:178} INFO - Processing /home/airflow/.local/lib/python3.7/site-packages/airflow/example_dags/example_task_group_decorator.py took 0.184 seconds
[2024-04-20T05:43:27.238+0000] {processor.py:156} INFO - Started process (PID=5492) to work on /home/airflow/.local/lib/python3.7/site-packages/airflow/example_dags/example_task_group_decorator.py
[2024-04-20T05:43:27.239+0000] {processor.py:758} INFO - Processing file /home/airflow/.local/lib/python3.7/site-packages/airflow/example_dags/example_task_group_decorator.py for tasks to queue
[2024-04-20T05:43:27.239+0000] {logging_mixin.py:117} INFO - [2024-04-20T05:43:27.239+0000] {dagbag.py:525} INFO - Filling up the DagBag from /home/airflow/.local/lib/python3.7/site-packages/airflow/example_dags/example_task_group_decorator.py
[2024-04-20T05:43:27.291+0000] {processor.py:768} INFO - DAG(s) dict_keys(['example_task_group_decorator']) retrieved from /home/airflow/.local/lib/python3.7/site-packages/airflow/example_dags/example_task_group_decorator.py
[2024-04-20T05:43:27.344+0000] {logging_mixin.py:117} INFO - [2024-04-20T05:43:27.344+0000] {dag.py:2573} INFO - Sync 1 DAGs
[2024-04-20T05:43:27.374+0000] {logging_mixin.py:117} INFO - [2024-04-20T05:43:27.373+0000] {dag.py:3328} INFO - Setting next_dagrun for example_task_group_decorator to 2024-04-19T05:43:27.373598+00:00, run_after=2024-04-20T05:43:27.373598+00:00
[2024-04-20T05:43:27.397+0000] {processor.py:178} INFO - Processing /home/airflow/.local/lib/python3.7/site-packages/airflow/example_dags/example_task_group_decorator.py took 0.163 seconds
[2024-04-20T05:43:57.607+0000] {processor.py:156} INFO - Started process (PID=5719) to work on /home/airflow/.local/lib/python3.7/site-packages/airflow/example_dags/example_task_group_decorator.py
[2024-04-20T05:43:57.608+0000] {processor.py:758} INFO - Processing file /home/airflow/.local/lib/python3.7/site-packages/airflow/example_dags/example_task_group_decorator.py for tasks to queue
[2024-04-20T05:43:57.608+0000] {logging_mixin.py:117} INFO - [2024-04-20T05:43:57.608+0000] {dagbag.py:525} INFO - Filling up the DagBag from /home/airflow/.local/lib/python3.7/site-packages/airflow/example_dags/example_task_group_decorator.py
[2024-04-20T05:43:57.637+0000] {processor.py:768} INFO - DAG(s) dict_keys(['example_task_group_decorator']) retrieved from /home/airflow/.local/lib/python3.7/site-packages/airflow/example_dags/example_task_group_decorator.py
[2024-04-20T05:43:57.672+0000] {logging_mixin.py:117} INFO - [2024-04-20T05:43:57.672+0000] {dag.py:2573} INFO - Sync 1 DAGs
[2024-04-20T05:43:57.691+0000] {logging_mixin.py:117} INFO - [2024-04-20T05:43:57.691+0000] {dag.py:3328} INFO - Setting next_dagrun for example_task_group_decorator to 2024-04-19T05:43:57.691431+00:00, run_after=2024-04-20T05:43:57.691431+00:00
[2024-04-20T05:43:57.712+0000] {processor.py:178} INFO - Processing /home/airflow/.local/lib/python3.7/site-packages/airflow/example_dags/example_task_group_decorator.py took 0.107 seconds
[2024-04-20T05:44:28.044+0000] {processor.py:156} INFO - Started process (PID=5961) to work on /home/airflow/.local/lib/python3.7/site-packages/airflow/example_dags/example_task_group_decorator.py
[2024-04-20T05:44:28.044+0000] {processor.py:758} INFO - Processing file /home/airflow/.local/lib/python3.7/site-packages/airflow/example_dags/example_task_group_decorator.py for tasks to queue
[2024-04-20T05:44:28.045+0000] {logging_mixin.py:117} INFO - [2024-04-20T05:44:28.044+0000] {dagbag.py:525} INFO - Filling up the DagBag from /home/airflow/.local/lib/python3.7/site-packages/airflow/example_dags/example_task_group_decorator.py
[2024-04-20T05:44:28.073+0000] {processor.py:768} INFO - DAG(s) dict_keys(['example_task_group_decorator']) retrieved from /home/airflow/.local/lib/python3.7/site-packages/airflow/example_dags/example_task_group_decorator.py
[2024-04-20T05:44:28.108+0000] {logging_mixin.py:117} INFO - [2024-04-20T05:44:28.108+0000] {dag.py:2573} INFO - Sync 1 DAGs
[2024-04-20T05:44:28.129+0000] {logging_mixin.py:117} INFO - [2024-04-20T05:44:28.129+0000] {dag.py:3328} INFO - Setting next_dagrun for example_task_group_decorator to 2024-04-19T05:44:28.129385+00:00, run_after=2024-04-20T05:44:28.129385+00:00
[2024-04-20T05:44:28.153+0000] {processor.py:178} INFO - Processing /home/airflow/.local/lib/python3.7/site-packages/airflow/example_dags/example_task_group_decorator.py took 0.112 seconds
[2024-04-20T05:44:58.222+0000] {processor.py:156} INFO - Started process (PID=6224) to work on /home/airflow/.local/lib/python3.7/site-packages/airflow/example_dags/example_task_group_decorator.py
[2024-04-20T05:44:58.223+0000] {processor.py:758} INFO - Processing file /home/airflow/.local/lib/python3.7/site-packages/airflow/example_dags/example_task_group_decorator.py for tasks to queue
[2024-04-20T05:44:58.223+0000] {logging_mixin.py:117} INFO - [2024-04-20T05:44:58.223+0000] {dagbag.py:525} INFO - Filling up the DagBag from /home/airflow/.local/lib/python3.7/site-packages/airflow/example_dags/example_task_group_decorator.py
[2024-04-20T05:44:58.252+0000] {processor.py:768} INFO - DAG(s) dict_keys(['example_task_group_decorator']) retrieved from /home/airflow/.local/lib/python3.7/site-packages/airflow/example_dags/example_task_group_decorator.py
[2024-04-20T05:44:58.288+0000] {logging_mixin.py:117} INFO - [2024-04-20T05:44:58.288+0000] {dag.py:2573} INFO - Sync 1 DAGs
[2024-04-20T05:44:58.308+0000] {logging_mixin.py:117} INFO - [2024-04-20T05:44:58.308+0000] {dag.py:3328} INFO - Setting next_dagrun for example_task_group_decorator to 2024-04-19T05:44:58.308171+00:00, run_after=2024-04-20T05:44:58.308171+00:00
[2024-04-20T05:44:58.338+0000] {processor.py:178} INFO - Processing /home/airflow/.local/lib/python3.7/site-packages/airflow/example_dags/example_task_group_decorator.py took 0.118 seconds
[2024-04-20T05:45:28.657+0000] {processor.py:156} INFO - Started process (PID=6481) to work on /home/airflow/.local/lib/python3.7/site-packages/airflow/example_dags/example_task_group_decorator.py
[2024-04-20T05:45:28.658+0000] {processor.py:758} INFO - Processing file /home/airflow/.local/lib/python3.7/site-packages/airflow/example_dags/example_task_group_decorator.py for tasks to queue
[2024-04-20T05:45:28.658+0000] {logging_mixin.py:117} INFO - [2024-04-20T05:45:28.658+0000] {dagbag.py:525} INFO - Filling up the DagBag from /home/airflow/.local/lib/python3.7/site-packages/airflow/example_dags/example_task_group_decorator.py
[2024-04-20T05:45:28.686+0000] {processor.py:768} INFO - DAG(s) dict_keys(['example_task_group_decorator']) retrieved from /home/airflow/.local/lib/python3.7/site-packages/airflow/example_dags/example_task_group_decorator.py
[2024-04-20T05:45:28.725+0000] {logging_mixin.py:117} INFO - [2024-04-20T05:45:28.725+0000] {dag.py:2573} INFO - Sync 1 DAGs
[2024-04-20T05:45:28.745+0000] {logging_mixin.py:117} INFO - [2024-04-20T05:45:28.745+0000] {dag.py:3328} INFO - Setting next_dagrun for example_task_group_decorator to 2024-04-19T05:45:28.745473+00:00, run_after=2024-04-20T05:45:28.745473+00:00
[2024-04-20T05:45:28.765+0000] {processor.py:178} INFO - Processing /home/airflow/.local/lib/python3.7/site-packages/airflow/example_dags/example_task_group_decorator.py took 0.110 seconds
[2024-04-20T05:45:58.953+0000] {processor.py:156} INFO - Started process (PID=6754) to work on /home/airflow/.local/lib/python3.7/site-packages/airflow/example_dags/example_task_group_decorator.py
[2024-04-20T05:45:58.953+0000] {processor.py:758} INFO - Processing file /home/airflow/.local/lib/python3.7/site-packages/airflow/example_dags/example_task_group_decorator.py for tasks to queue
[2024-04-20T05:45:58.953+0000] {logging_mixin.py:117} INFO - [2024-04-20T05:45:58.953+0000] {dagbag.py:525} INFO - Filling up the DagBag from /home/airflow/.local/lib/python3.7/site-packages/airflow/example_dags/example_task_group_decorator.py
[2024-04-20T05:45:58.982+0000] {processor.py:768} INFO - DAG(s) dict_keys(['example_task_group_decorator']) retrieved from /home/airflow/.local/lib/python3.7/site-packages/airflow/example_dags/example_task_group_decorator.py
[2024-04-20T05:45:59.017+0000] {logging_mixin.py:117} INFO - [2024-04-20T05:45:59.017+0000] {dag.py:2573} INFO - Sync 1 DAGs
[2024-04-20T05:45:59.041+0000] {logging_mixin.py:117} INFO - [2024-04-20T05:45:59.040+0000] {dag.py:3328} INFO - Setting next_dagrun for example_task_group_decorator to 2024-04-19T05:45:59.040581+00:00, run_after=2024-04-20T05:45:59.040581+00:00
[2024-04-20T05:45:59.063+0000] {processor.py:178} INFO - Processing /home/airflow/.local/lib/python3.7/site-packages/airflow/example_dags/example_task_group_decorator.py took 0.112 seconds
[2024-04-20T05:46:29.787+0000] {processor.py:156} INFO - Started process (PID=6997) to work on /home/airflow/.local/lib/python3.7/site-packages/airflow/example_dags/example_task_group_decorator.py
[2024-04-20T05:46:29.788+0000] {processor.py:758} INFO - Processing file /home/airflow/.local/lib/python3.7/site-packages/airflow/example_dags/example_task_group_decorator.py for tasks to queue
[2024-04-20T05:46:29.788+0000] {logging_mixin.py:117} INFO - [2024-04-20T05:46:29.788+0000] {dagbag.py:525} INFO - Filling up the DagBag from /home/airflow/.local/lib/python3.7/site-packages/airflow/example_dags/example_task_group_decorator.py
[2024-04-20T05:46:29.819+0000] {processor.py:768} INFO - DAG(s) dict_keys(['example_task_group_decorator']) retrieved from /home/airflow/.local/lib/python3.7/site-packages/airflow/example_dags/example_task_group_decorator.py
[2024-04-20T05:46:29.860+0000] {logging_mixin.py:117} INFO - [2024-04-20T05:46:29.860+0000] {dag.py:2573} INFO - Sync 1 DAGs
[2024-04-20T05:46:29.894+0000] {logging_mixin.py:117} INFO - [2024-04-20T05:46:29.894+0000] {dag.py:3328} INFO - Setting next_dagrun for example_task_group_decorator to 2024-04-19T05:46:29.893776+00:00, run_after=2024-04-20T05:46:29.893776+00:00
[2024-04-20T05:46:29.919+0000] {processor.py:178} INFO - Processing /home/airflow/.local/lib/python3.7/site-packages/airflow/example_dags/example_task_group_decorator.py took 0.134 seconds
[2024-04-20T05:47:00.330+0000] {processor.py:156} INFO - Started process (PID=7255) to work on /home/airflow/.local/lib/python3.7/site-packages/airflow/example_dags/example_task_group_decorator.py
[2024-04-20T05:47:00.331+0000] {processor.py:758} INFO - Processing file /home/airflow/.local/lib/python3.7/site-packages/airflow/example_dags/example_task_group_decorator.py for tasks to queue
[2024-04-20T05:47:00.331+0000] {logging_mixin.py:117} INFO - [2024-04-20T05:47:00.331+0000] {dagbag.py:525} INFO - Filling up the DagBag from /home/airflow/.local/lib/python3.7/site-packages/airflow/example_dags/example_task_group_decorator.py
[2024-04-20T05:47:00.362+0000] {processor.py:768} INFO - DAG(s) dict_keys(['example_task_group_decorator']) retrieved from /home/airflow/.local/lib/python3.7/site-packages/airflow/example_dags/example_task_group_decorator.py
[2024-04-20T05:47:00.397+0000] {logging_mixin.py:117} INFO - [2024-04-20T05:47:00.397+0000] {dag.py:2573} INFO - Sync 1 DAGs
[2024-04-20T05:47:00.417+0000] {logging_mixin.py:117} INFO - [2024-04-20T05:47:00.417+0000] {dag.py:3328} INFO - Setting next_dagrun for example_task_group_decorator to 2024-04-19T05:47:00.417507+00:00, run_after=2024-04-20T05:47:00.417507+00:00
[2024-04-20T05:47:00.437+0000] {processor.py:178} INFO - Processing /home/airflow/.local/lib/python3.7/site-packages/airflow/example_dags/example_task_group_decorator.py took 0.109 seconds
[2024-04-20T05:47:30.579+0000] {processor.py:156} INFO - Started process (PID=7498) to work on /home/airflow/.local/lib/python3.7/site-packages/airflow/example_dags/example_task_group_decorator.py
[2024-04-20T05:47:30.580+0000] {processor.py:758} INFO - Processing file /home/airflow/.local/lib/python3.7/site-packages/airflow/example_dags/example_task_group_decorator.py for tasks to queue
[2024-04-20T05:47:30.581+0000] {logging_mixin.py:117} INFO - [2024-04-20T05:47:30.580+0000] {dagbag.py:525} INFO - Filling up the DagBag from /home/airflow/.local/lib/python3.7/site-packages/airflow/example_dags/example_task_group_decorator.py
[2024-04-20T05:47:30.613+0000] {processor.py:768} INFO - DAG(s) dict_keys(['example_task_group_decorator']) retrieved from /home/airflow/.local/lib/python3.7/site-packages/airflow/example_dags/example_task_group_decorator.py
[2024-04-20T05:47:30.650+0000] {logging_mixin.py:117} INFO - [2024-04-20T05:47:30.650+0000] {dag.py:2573} INFO - Sync 1 DAGs
[2024-04-20T05:47:30.670+0000] {logging_mixin.py:117} INFO - [2024-04-20T05:47:30.670+0000] {dag.py:3328} INFO - Setting next_dagrun for example_task_group_decorator to 2024-04-19T05:47:30.669844+00:00, run_after=2024-04-20T05:47:30.669844+00:00
[2024-04-20T05:47:30.691+0000] {processor.py:178} INFO - Processing /home/airflow/.local/lib/python3.7/site-packages/airflow/example_dags/example_task_group_decorator.py took 0.115 seconds
[2024-04-20T05:48:00.909+0000] {processor.py:156} INFO - Started process (PID=7757) to work on /home/airflow/.local/lib/python3.7/site-packages/airflow/example_dags/example_task_group_decorator.py
[2024-04-20T05:48:00.910+0000] {processor.py:758} INFO - Processing file /home/airflow/.local/lib/python3.7/site-packages/airflow/example_dags/example_task_group_decorator.py for tasks to queue
[2024-04-20T05:48:00.910+0000] {logging_mixin.py:117} INFO - [2024-04-20T05:48:00.910+0000] {dagbag.py:525} INFO - Filling up the DagBag from /home/airflow/.local/lib/python3.7/site-packages/airflow/example_dags/example_task_group_decorator.py
[2024-04-20T05:48:00.939+0000] {processor.py:768} INFO - DAG(s) dict_keys(['example_task_group_decorator']) retrieved from /home/airflow/.local/lib/python3.7/site-packages/airflow/example_dags/example_task_group_decorator.py
[2024-04-20T05:48:00.976+0000] {logging_mixin.py:117} INFO - [2024-04-20T05:48:00.976+0000] {dag.py:2573} INFO - Sync 1 DAGs
[2024-04-20T05:48:00.997+0000] {logging_mixin.py:117} INFO - [2024-04-20T05:48:00.997+0000] {dag.py:3328} INFO - Setting next_dagrun for example_task_group_decorator to 2024-04-19T05:48:00.996896+00:00, run_after=2024-04-20T05:48:00.996896+00:00
[2024-04-20T05:48:01.017+0000] {processor.py:178} INFO - Processing /home/airflow/.local/lib/python3.7/site-packages/airflow/example_dags/example_task_group_decorator.py took 0.111 seconds
[2024-04-20T05:48:31.851+0000] {processor.py:156} INFO - Started process (PID=8000) to work on /home/airflow/.local/lib/python3.7/site-packages/airflow/example_dags/example_task_group_decorator.py
[2024-04-20T05:48:31.852+0000] {processor.py:758} INFO - Processing file /home/airflow/.local/lib/python3.7/site-packages/airflow/example_dags/example_task_group_decorator.py for tasks to queue
[2024-04-20T05:48:31.852+0000] {logging_mixin.py:117} INFO - [2024-04-20T05:48:31.852+0000] {dagbag.py:525} INFO - Filling up the DagBag from /home/airflow/.local/lib/python3.7/site-packages/airflow/example_dags/example_task_group_decorator.py
[2024-04-20T05:48:31.880+0000] {processor.py:768} INFO - DAG(s) dict_keys(['example_task_group_decorator']) retrieved from /home/airflow/.local/lib/python3.7/site-packages/airflow/example_dags/example_task_group_decorator.py
[2024-04-20T05:48:31.918+0000] {logging_mixin.py:117} INFO - [2024-04-20T05:48:31.918+0000] {dag.py:2573} INFO - Sync 1 DAGs
[2024-04-20T05:48:31.939+0000] {logging_mixin.py:117} INFO - [2024-04-20T05:48:31.939+0000] {dag.py:3328} INFO - Setting next_dagrun for example_task_group_decorator to 2024-04-19T05:48:31.939180+00:00, run_after=2024-04-20T05:48:31.939180+00:00
[2024-04-20T05:48:31.969+0000] {processor.py:178} INFO - Processing /home/airflow/.local/lib/python3.7/site-packages/airflow/example_dags/example_task_group_decorator.py took 0.120 seconds
[2024-04-20T05:49:02.050+0000] {processor.py:156} INFO - Started process (PID=8229) to work on /home/airflow/.local/lib/python3.7/site-packages/airflow/example_dags/example_task_group_decorator.py
[2024-04-20T05:49:02.050+0000] {processor.py:758} INFO - Processing file /home/airflow/.local/lib/python3.7/site-packages/airflow/example_dags/example_task_group_decorator.py for tasks to queue
[2024-04-20T05:49:02.051+0000] {logging_mixin.py:117} INFO - [2024-04-20T05:49:02.051+0000] {dagbag.py:525} INFO - Filling up the DagBag from /home/airflow/.local/lib/python3.7/site-packages/airflow/example_dags/example_task_group_decorator.py
[2024-04-20T05:49:02.079+0000] {processor.py:768} INFO - DAG(s) dict_keys(['example_task_group_decorator']) retrieved from /home/airflow/.local/lib/python3.7/site-packages/airflow/example_dags/example_task_group_decorator.py
[2024-04-20T05:49:02.114+0000] {logging_mixin.py:117} INFO - [2024-04-20T05:49:02.114+0000] {dag.py:2573} INFO - Sync 1 DAGs
[2024-04-20T05:49:02.134+0000] {logging_mixin.py:117} INFO - [2024-04-20T05:49:02.134+0000] {dag.py:3328} INFO - Setting next_dagrun for example_task_group_decorator to 2024-04-19T05:49:02.134087+00:00, run_after=2024-04-20T05:49:02.134087+00:00
[2024-04-20T05:49:02.153+0000] {processor.py:178} INFO - Processing /home/airflow/.local/lib/python3.7/site-packages/airflow/example_dags/example_task_group_decorator.py took 0.105 seconds
[2024-04-20T05:49:32.968+0000] {processor.py:156} INFO - Started process (PID=8458) to work on /home/airflow/.local/lib/python3.7/site-packages/airflow/example_dags/example_task_group_decorator.py
[2024-04-20T05:49:32.968+0000] {processor.py:758} INFO - Processing file /home/airflow/.local/lib/python3.7/site-packages/airflow/example_dags/example_task_group_decorator.py for tasks to queue
[2024-04-20T05:49:32.968+0000] {logging_mixin.py:117} INFO - [2024-04-20T05:49:32.968+0000] {dagbag.py:525} INFO - Filling up the DagBag from /home/airflow/.local/lib/python3.7/site-packages/airflow/example_dags/example_task_group_decorator.py
[2024-04-20T05:49:32.997+0000] {processor.py:768} INFO - DAG(s) dict_keys(['example_task_group_decorator']) retrieved from /home/airflow/.local/lib/python3.7/site-packages/airflow/example_dags/example_task_group_decorator.py
[2024-04-20T05:49:33.032+0000] {logging_mixin.py:117} INFO - [2024-04-20T05:49:33.032+0000] {dag.py:2573} INFO - Sync 1 DAGs
[2024-04-20T05:49:33.052+0000] {logging_mixin.py:117} INFO - [2024-04-20T05:49:33.052+0000] {dag.py:3328} INFO - Setting next_dagrun for example_task_group_decorator to 2024-04-19T05:49:33.052131+00:00, run_after=2024-04-20T05:49:33.052131+00:00
[2024-04-20T05:49:33.072+0000] {processor.py:178} INFO - Processing /home/airflow/.local/lib/python3.7/site-packages/airflow/example_dags/example_task_group_decorator.py took 0.107 seconds
[2024-04-20T05:50:03.811+0000] {processor.py:156} INFO - Started process (PID=8718) to work on /home/airflow/.local/lib/python3.7/site-packages/airflow/example_dags/example_task_group_decorator.py
[2024-04-20T05:50:03.812+0000] {processor.py:758} INFO - Processing file /home/airflow/.local/lib/python3.7/site-packages/airflow/example_dags/example_task_group_decorator.py for tasks to queue
[2024-04-20T05:50:03.812+0000] {logging_mixin.py:117} INFO - [2024-04-20T05:50:03.812+0000] {dagbag.py:525} INFO - Filling up the DagBag from /home/airflow/.local/lib/python3.7/site-packages/airflow/example_dags/example_task_group_decorator.py
[2024-04-20T05:50:03.841+0000] {processor.py:768} INFO - DAG(s) dict_keys(['example_task_group_decorator']) retrieved from /home/airflow/.local/lib/python3.7/site-packages/airflow/example_dags/example_task_group_decorator.py
[2024-04-20T05:50:03.876+0000] {logging_mixin.py:117} INFO - [2024-04-20T05:50:03.876+0000] {dag.py:2573} INFO - Sync 1 DAGs
[2024-04-20T05:50:03.896+0000] {logging_mixin.py:117} INFO - [2024-04-20T05:50:03.896+0000] {dag.py:3328} INFO - Setting next_dagrun for example_task_group_decorator to 2024-04-19T05:50:03.896341+00:00, run_after=2024-04-20T05:50:03.896341+00:00
[2024-04-20T05:50:03.916+0000] {processor.py:178} INFO - Processing /home/airflow/.local/lib/python3.7/site-packages/airflow/example_dags/example_task_group_decorator.py took 0.107 seconds
[2024-04-20T05:50:34.436+0000] {processor.py:156} INFO - Started process (PID=8937) to work on /home/airflow/.local/lib/python3.7/site-packages/airflow/example_dags/example_task_group_decorator.py
[2024-04-20T05:50:34.445+0000] {processor.py:758} INFO - Processing file /home/airflow/.local/lib/python3.7/site-packages/airflow/example_dags/example_task_group_decorator.py for tasks to queue
[2024-04-20T05:50:34.446+0000] {logging_mixin.py:117} INFO - [2024-04-20T05:50:34.446+0000] {dagbag.py:525} INFO - Filling up the DagBag from /home/airflow/.local/lib/python3.7/site-packages/airflow/example_dags/example_task_group_decorator.py
[2024-04-20T05:50:34.494+0000] {processor.py:768} INFO - DAG(s) dict_keys(['example_task_group_decorator']) retrieved from /home/airflow/.local/lib/python3.7/site-packages/airflow/example_dags/example_task_group_decorator.py
[2024-04-20T05:50:34.708+0000] {logging_mixin.py:117} INFO - [2024-04-20T05:50:34.700+0000] {dag.py:2573} INFO - Sync 1 DAGs
[2024-04-20T05:50:34.753+0000] {logging_mixin.py:117} INFO - [2024-04-20T05:50:34.753+0000] {dag.py:3328} INFO - Setting next_dagrun for example_task_group_decorator to 2024-04-19T05:50:34.753386+00:00, run_after=2024-04-20T05:50:34.753386+00:00
[2024-04-20T05:50:34.778+0000] {processor.py:178} INFO - Processing /home/airflow/.local/lib/python3.7/site-packages/airflow/example_dags/example_task_group_decorator.py took 0.345 seconds
[2024-04-20T05:51:04.888+0000] {processor.py:156} INFO - Started process (PID=9166) to work on /home/airflow/.local/lib/python3.7/site-packages/airflow/example_dags/example_task_group_decorator.py
[2024-04-20T05:51:04.888+0000] {processor.py:758} INFO - Processing file /home/airflow/.local/lib/python3.7/site-packages/airflow/example_dags/example_task_group_decorator.py for tasks to queue
[2024-04-20T05:51:04.889+0000] {logging_mixin.py:117} INFO - [2024-04-20T05:51:04.889+0000] {dagbag.py:525} INFO - Filling up the DagBag from /home/airflow/.local/lib/python3.7/site-packages/airflow/example_dags/example_task_group_decorator.py
[2024-04-20T05:51:04.918+0000] {processor.py:768} INFO - DAG(s) dict_keys(['example_task_group_decorator']) retrieved from /home/airflow/.local/lib/python3.7/site-packages/airflow/example_dags/example_task_group_decorator.py
[2024-04-20T05:51:04.957+0000] {logging_mixin.py:117} INFO - [2024-04-20T05:51:04.956+0000] {dag.py:2573} INFO - Sync 1 DAGs
[2024-04-20T05:51:04.976+0000] {logging_mixin.py:117} INFO - [2024-04-20T05:51:04.976+0000] {dag.py:3328} INFO - Setting next_dagrun for example_task_group_decorator to 2024-04-19T05:51:04.976374+00:00, run_after=2024-04-20T05:51:04.976374+00:00
[2024-04-20T05:51:04.995+0000] {processor.py:178} INFO - Processing /home/airflow/.local/lib/python3.7/site-packages/airflow/example_dags/example_task_group_decorator.py took 0.110 seconds
[2024-04-20T05:51:35.252+0000] {processor.py:156} INFO - Started process (PID=9399) to work on /home/airflow/.local/lib/python3.7/site-packages/airflow/example_dags/example_task_group_decorator.py
[2024-04-20T05:51:35.252+0000] {processor.py:758} INFO - Processing file /home/airflow/.local/lib/python3.7/site-packages/airflow/example_dags/example_task_group_decorator.py for tasks to queue
[2024-04-20T05:51:35.253+0000] {logging_mixin.py:117} INFO - [2024-04-20T05:51:35.253+0000] {dagbag.py:525} INFO - Filling up the DagBag from /home/airflow/.local/lib/python3.7/site-packages/airflow/example_dags/example_task_group_decorator.py
[2024-04-20T05:51:35.282+0000] {processor.py:768} INFO - DAG(s) dict_keys(['example_task_group_decorator']) retrieved from /home/airflow/.local/lib/python3.7/site-packages/airflow/example_dags/example_task_group_decorator.py
[2024-04-20T05:51:35.316+0000] {logging_mixin.py:117} INFO - [2024-04-20T05:51:35.316+0000] {dag.py:2573} INFO - Sync 1 DAGs
[2024-04-20T05:51:35.336+0000] {logging_mixin.py:117} INFO - [2024-04-20T05:51:35.336+0000] {dag.py:3328} INFO - Setting next_dagrun for example_task_group_decorator to 2024-04-19T05:51:35.336588+00:00, run_after=2024-04-20T05:51:35.336588+00:00
[2024-04-20T05:51:35.357+0000] {processor.py:178} INFO - Processing /home/airflow/.local/lib/python3.7/site-packages/airflow/example_dags/example_task_group_decorator.py took 0.108 seconds
[2024-04-20T05:52:06.108+0000] {processor.py:156} INFO - Started process (PID=9620) to work on /home/airflow/.local/lib/python3.7/site-packages/airflow/example_dags/example_task_group_decorator.py
[2024-04-20T05:52:06.108+0000] {processor.py:758} INFO - Processing file /home/airflow/.local/lib/python3.7/site-packages/airflow/example_dags/example_task_group_decorator.py for tasks to queue
[2024-04-20T05:52:06.109+0000] {logging_mixin.py:117} INFO - [2024-04-20T05:52:06.109+0000] {dagbag.py:525} INFO - Filling up the DagBag from /home/airflow/.local/lib/python3.7/site-packages/airflow/example_dags/example_task_group_decorator.py
[2024-04-20T05:52:06.137+0000] {processor.py:768} INFO - DAG(s) dict_keys(['example_task_group_decorator']) retrieved from /home/airflow/.local/lib/python3.7/site-packages/airflow/example_dags/example_task_group_decorator.py
[2024-04-20T05:52:06.172+0000] {logging_mixin.py:117} INFO - [2024-04-20T05:52:06.172+0000] {dag.py:2573} INFO - Sync 1 DAGs
[2024-04-20T05:52:06.193+0000] {logging_mixin.py:117} INFO - [2024-04-20T05:52:06.192+0000] {dag.py:3328} INFO - Setting next_dagrun for example_task_group_decorator to 2024-04-19T05:52:06.192802+00:00, run_after=2024-04-20T05:52:06.192802+00:00
[2024-04-20T05:52:06.212+0000] {processor.py:178} INFO - Processing /home/airflow/.local/lib/python3.7/site-packages/airflow/example_dags/example_task_group_decorator.py took 0.106 seconds
[2024-04-20T05:52:36.501+0000] {processor.py:156} INFO - Started process (PID=9847) to work on /home/airflow/.local/lib/python3.7/site-packages/airflow/example_dags/example_task_group_decorator.py
[2024-04-20T05:52:36.502+0000] {processor.py:758} INFO - Processing file /home/airflow/.local/lib/python3.7/site-packages/airflow/example_dags/example_task_group_decorator.py for tasks to queue
[2024-04-20T05:52:36.503+0000] {logging_mixin.py:117} INFO - [2024-04-20T05:52:36.503+0000] {dagbag.py:525} INFO - Filling up the DagBag from /home/airflow/.local/lib/python3.7/site-packages/airflow/example_dags/example_task_group_decorator.py
[2024-04-20T05:52:36.533+0000] {processor.py:768} INFO - DAG(s) dict_keys(['example_task_group_decorator']) retrieved from /home/airflow/.local/lib/python3.7/site-packages/airflow/example_dags/example_task_group_decorator.py
[2024-04-20T05:52:36.570+0000] {logging_mixin.py:117} INFO - [2024-04-20T05:52:36.570+0000] {dag.py:2573} INFO - Sync 1 DAGs
[2024-04-20T05:52:36.590+0000] {logging_mixin.py:117} INFO - [2024-04-20T05:52:36.590+0000] {dag.py:3328} INFO - Setting next_dagrun for example_task_group_decorator to 2024-04-19T05:52:36.590066+00:00, run_after=2024-04-20T05:52:36.590066+00:00
[2024-04-20T05:52:36.611+0000] {processor.py:178} INFO - Processing /home/airflow/.local/lib/python3.7/site-packages/airflow/example_dags/example_task_group_decorator.py took 0.112 seconds
[2024-04-20T05:53:07.117+0000] {processor.py:156} INFO - Started process (PID=10081) to work on /home/airflow/.local/lib/python3.7/site-packages/airflow/example_dags/example_task_group_decorator.py
[2024-04-20T05:53:07.117+0000] {processor.py:758} INFO - Processing file /home/airflow/.local/lib/python3.7/site-packages/airflow/example_dags/example_task_group_decorator.py for tasks to queue
[2024-04-20T05:53:07.118+0000] {logging_mixin.py:117} INFO - [2024-04-20T05:53:07.118+0000] {dagbag.py:525} INFO - Filling up the DagBag from /home/airflow/.local/lib/python3.7/site-packages/airflow/example_dags/example_task_group_decorator.py
[2024-04-20T05:53:07.208+0000] {processor.py:768} INFO - DAG(s) dict_keys(['example_task_group_decorator']) retrieved from /home/airflow/.local/lib/python3.7/site-packages/airflow/example_dags/example_task_group_decorator.py
[2024-04-20T05:53:07.273+0000] {logging_mixin.py:117} INFO - [2024-04-20T05:53:07.273+0000] {dag.py:2573} INFO - Sync 1 DAGs
[2024-04-20T05:53:07.299+0000] {logging_mixin.py:117} INFO - [2024-04-20T05:53:07.299+0000] {dag.py:3328} INFO - Setting next_dagrun for example_task_group_decorator to 2024-04-19T05:53:07.299255+00:00, run_after=2024-04-20T05:53:07.299255+00:00
[2024-04-20T05:53:07.320+0000] {processor.py:178} INFO - Processing /home/airflow/.local/lib/python3.7/site-packages/airflow/example_dags/example_task_group_decorator.py took 0.206 seconds
[2024-04-20T05:53:37.571+0000] {processor.py:156} INFO - Started process (PID=10303) to work on /home/airflow/.local/lib/python3.7/site-packages/airflow/example_dags/example_task_group_decorator.py
[2024-04-20T05:53:37.572+0000] {processor.py:758} INFO - Processing file /home/airflow/.local/lib/python3.7/site-packages/airflow/example_dags/example_task_group_decorator.py for tasks to queue
[2024-04-20T05:53:37.573+0000] {logging_mixin.py:117} INFO - [2024-04-20T05:53:37.572+0000] {dagbag.py:525} INFO - Filling up the DagBag from /home/airflow/.local/lib/python3.7/site-packages/airflow/example_dags/example_task_group_decorator.py
[2024-04-20T05:53:37.621+0000] {processor.py:768} INFO - DAG(s) dict_keys(['example_task_group_decorator']) retrieved from /home/airflow/.local/lib/python3.7/site-packages/airflow/example_dags/example_task_group_decorator.py
[2024-04-20T05:53:37.670+0000] {logging_mixin.py:117} INFO - [2024-04-20T05:53:37.670+0000] {dag.py:2573} INFO - Sync 1 DAGs
[2024-04-20T05:53:37.701+0000] {logging_mixin.py:117} INFO - [2024-04-20T05:53:37.701+0000] {dag.py:3328} INFO - Setting next_dagrun for example_task_group_decorator to 2024-04-19T05:53:37.700892+00:00, run_after=2024-04-20T05:53:37.700892+00:00
[2024-04-20T05:53:37.729+0000] {processor.py:178} INFO - Processing /home/airflow/.local/lib/python3.7/site-packages/airflow/example_dags/example_task_group_decorator.py took 0.160 seconds
[2024-04-20T05:54:08.120+0000] {processor.py:156} INFO - Started process (PID=10540) to work on /home/airflow/.local/lib/python3.7/site-packages/airflow/example_dags/example_task_group_decorator.py
[2024-04-20T05:54:08.124+0000] {processor.py:758} INFO - Processing file /home/airflow/.local/lib/python3.7/site-packages/airflow/example_dags/example_task_group_decorator.py for tasks to queue
[2024-04-20T05:54:08.125+0000] {logging_mixin.py:117} INFO - [2024-04-20T05:54:08.125+0000] {dagbag.py:525} INFO - Filling up the DagBag from /home/airflow/.local/lib/python3.7/site-packages/airflow/example_dags/example_task_group_decorator.py
[2024-04-20T05:54:08.175+0000] {processor.py:768} INFO - DAG(s) dict_keys(['example_task_group_decorator']) retrieved from /home/airflow/.local/lib/python3.7/site-packages/airflow/example_dags/example_task_group_decorator.py
[2024-04-20T05:54:08.251+0000] {logging_mixin.py:117} INFO - [2024-04-20T05:54:08.251+0000] {dag.py:2573} INFO - Sync 1 DAGs
[2024-04-20T05:54:08.273+0000] {logging_mixin.py:117} INFO - [2024-04-20T05:54:08.273+0000] {dag.py:3328} INFO - Setting next_dagrun for example_task_group_decorator to 2024-04-19T05:54:08.273089+00:00, run_after=2024-04-20T05:54:08.273089+00:00
[2024-04-20T05:54:08.291+0000] {processor.py:178} INFO - Processing /home/airflow/.local/lib/python3.7/site-packages/airflow/example_dags/example_task_group_decorator.py took 0.179 seconds
[2024-04-20T05:54:38.768+0000] {processor.py:156} INFO - Started process (PID=10764) to work on /home/airflow/.local/lib/python3.7/site-packages/airflow/example_dags/example_task_group_decorator.py
[2024-04-20T05:54:38.768+0000] {processor.py:758} INFO - Processing file /home/airflow/.local/lib/python3.7/site-packages/airflow/example_dags/example_task_group_decorator.py for tasks to queue
[2024-04-20T05:54:38.769+0000] {logging_mixin.py:117} INFO - [2024-04-20T05:54:38.769+0000] {dagbag.py:525} INFO - Filling up the DagBag from /home/airflow/.local/lib/python3.7/site-packages/airflow/example_dags/example_task_group_decorator.py
[2024-04-20T05:54:38.797+0000] {processor.py:768} INFO - DAG(s) dict_keys(['example_task_group_decorator']) retrieved from /home/airflow/.local/lib/python3.7/site-packages/airflow/example_dags/example_task_group_decorator.py
[2024-04-20T05:54:38.833+0000] {logging_mixin.py:117} INFO - [2024-04-20T05:54:38.833+0000] {dag.py:2573} INFO - Sync 1 DAGs
[2024-04-20T05:54:38.853+0000] {logging_mixin.py:117} INFO - [2024-04-20T05:54:38.853+0000] {dag.py:3328} INFO - Setting next_dagrun for example_task_group_decorator to 2024-04-19T05:54:38.852925+00:00, run_after=2024-04-20T05:54:38.852925+00:00
[2024-04-20T05:54:38.871+0000] {processor.py:178} INFO - Processing /home/airflow/.local/lib/python3.7/site-packages/airflow/example_dags/example_task_group_decorator.py took 0.106 seconds
[2024-04-20T05:55:09.343+0000] {processor.py:156} INFO - Started process (PID=10990) to work on /home/airflow/.local/lib/python3.7/site-packages/airflow/example_dags/example_task_group_decorator.py
[2024-04-20T05:55:09.350+0000] {processor.py:758} INFO - Processing file /home/airflow/.local/lib/python3.7/site-packages/airflow/example_dags/example_task_group_decorator.py for tasks to queue
[2024-04-20T05:55:09.351+0000] {logging_mixin.py:117} INFO - [2024-04-20T05:55:09.350+0000] {dagbag.py:525} INFO - Filling up the DagBag from /home/airflow/.local/lib/python3.7/site-packages/airflow/example_dags/example_task_group_decorator.py
[2024-04-20T05:55:09.460+0000] {processor.py:768} INFO - DAG(s) dict_keys(['example_task_group_decorator']) retrieved from /home/airflow/.local/lib/python3.7/site-packages/airflow/example_dags/example_task_group_decorator.py
[2024-04-20T05:55:09.626+0000] {logging_mixin.py:117} INFO - [2024-04-20T05:55:09.626+0000] {dag.py:2573} INFO - Sync 1 DAGs
[2024-04-20T05:55:09.687+0000] {logging_mixin.py:117} INFO - [2024-04-20T05:55:09.687+0000] {dag.py:3328} INFO - Setting next_dagrun for example_task_group_decorator to 2024-04-19T05:55:09.687188+00:00, run_after=2024-04-20T05:55:09.687188+00:00
[2024-04-20T05:55:09.724+0000] {processor.py:178} INFO - Processing /home/airflow/.local/lib/python3.7/site-packages/airflow/example_dags/example_task_group_decorator.py took 0.384 seconds
[2024-04-20T05:55:40.416+0000] {processor.py:156} INFO - Started process (PID=11221) to work on /home/airflow/.local/lib/python3.7/site-packages/airflow/example_dags/example_task_group_decorator.py
[2024-04-20T05:55:40.416+0000] {processor.py:758} INFO - Processing file /home/airflow/.local/lib/python3.7/site-packages/airflow/example_dags/example_task_group_decorator.py for tasks to queue
[2024-04-20T05:55:40.417+0000] {logging_mixin.py:117} INFO - [2024-04-20T05:55:40.417+0000] {dagbag.py:525} INFO - Filling up the DagBag from /home/airflow/.local/lib/python3.7/site-packages/airflow/example_dags/example_task_group_decorator.py
[2024-04-20T05:55:40.449+0000] {processor.py:768} INFO - DAG(s) dict_keys(['example_task_group_decorator']) retrieved from /home/airflow/.local/lib/python3.7/site-packages/airflow/example_dags/example_task_group_decorator.py
[2024-04-20T05:55:40.485+0000] {logging_mixin.py:117} INFO - [2024-04-20T05:55:40.485+0000] {dag.py:2573} INFO - Sync 1 DAGs
[2024-04-20T05:55:40.505+0000] {logging_mixin.py:117} INFO - [2024-04-20T05:55:40.505+0000] {dag.py:3328} INFO - Setting next_dagrun for example_task_group_decorator to 2024-04-19T05:55:40.505615+00:00, run_after=2024-04-20T05:55:40.505615+00:00
[2024-04-20T05:55:40.525+0000] {processor.py:178} INFO - Processing /home/airflow/.local/lib/python3.7/site-packages/airflow/example_dags/example_task_group_decorator.py took 0.111 seconds
[2024-04-20T05:56:36.811+0000] {processor.py:156} INFO - Started process (PID=211) to work on /home/airflow/.local/lib/python3.7/site-packages/airflow/example_dags/example_task_group_decorator.py
[2024-04-20T05:56:36.814+0000] {processor.py:758} INFO - Processing file /home/airflow/.local/lib/python3.7/site-packages/airflow/example_dags/example_task_group_decorator.py for tasks to queue
[2024-04-20T05:56:36.815+0000] {logging_mixin.py:117} INFO - [2024-04-20T05:56:36.815+0000] {dagbag.py:525} INFO - Filling up the DagBag from /home/airflow/.local/lib/python3.7/site-packages/airflow/example_dags/example_task_group_decorator.py
[2024-04-20T05:56:36.937+0000] {processor.py:768} INFO - DAG(s) dict_keys(['example_task_group_decorator']) retrieved from /home/airflow/.local/lib/python3.7/site-packages/airflow/example_dags/example_task_group_decorator.py
[2024-04-20T05:56:37.067+0000] {logging_mixin.py:117} INFO - [2024-04-20T05:56:37.067+0000] {dag.py:2573} INFO - Sync 1 DAGs
[2024-04-20T05:56:37.131+0000] {logging_mixin.py:117} INFO - [2024-04-20T05:56:37.130+0000] {dag.py:3328} INFO - Setting next_dagrun for example_task_group_decorator to 2024-04-19T05:56:37.130598+00:00, run_after=2024-04-20T05:56:37.130598+00:00
[2024-04-20T05:56:37.199+0000] {processor.py:178} INFO - Processing /home/airflow/.local/lib/python3.7/site-packages/airflow/example_dags/example_task_group_decorator.py took 0.407 seconds
[2024-04-20T05:57:07.512+0000] {processor.py:156} INFO - Started process (PID=429) to work on /home/airflow/.local/lib/python3.7/site-packages/airflow/example_dags/example_task_group_decorator.py
[2024-04-20T05:57:07.513+0000] {processor.py:758} INFO - Processing file /home/airflow/.local/lib/python3.7/site-packages/airflow/example_dags/example_task_group_decorator.py for tasks to queue
[2024-04-20T05:57:07.513+0000] {logging_mixin.py:117} INFO - [2024-04-20T05:57:07.513+0000] {dagbag.py:525} INFO - Filling up the DagBag from /home/airflow/.local/lib/python3.7/site-packages/airflow/example_dags/example_task_group_decorator.py
[2024-04-20T05:57:07.561+0000] {processor.py:768} INFO - DAG(s) dict_keys(['example_task_group_decorator']) retrieved from /home/airflow/.local/lib/python3.7/site-packages/airflow/example_dags/example_task_group_decorator.py
[2024-04-20T05:57:07.618+0000] {logging_mixin.py:117} INFO - [2024-04-20T05:57:07.617+0000] {dag.py:2573} INFO - Sync 1 DAGs
[2024-04-20T05:57:08.028+0000] {logging_mixin.py:117} INFO - [2024-04-20T05:57:08.027+0000] {dag.py:3328} INFO - Setting next_dagrun for example_task_group_decorator to 2024-04-19T05:57:08.027581+00:00, run_after=2024-04-20T05:57:08.027581+00:00
[2024-04-20T05:57:08.106+0000] {processor.py:178} INFO - Processing /home/airflow/.local/lib/python3.7/site-packages/airflow/example_dags/example_task_group_decorator.py took 0.597 seconds
[2024-04-20T05:57:38.591+0000] {processor.py:156} INFO - Started process (PID=652) to work on /home/airflow/.local/lib/python3.7/site-packages/airflow/example_dags/example_task_group_decorator.py
[2024-04-20T05:57:38.594+0000] {processor.py:758} INFO - Processing file /home/airflow/.local/lib/python3.7/site-packages/airflow/example_dags/example_task_group_decorator.py for tasks to queue
[2024-04-20T05:57:38.595+0000] {logging_mixin.py:117} INFO - [2024-04-20T05:57:38.595+0000] {dagbag.py:525} INFO - Filling up the DagBag from /home/airflow/.local/lib/python3.7/site-packages/airflow/example_dags/example_task_group_decorator.py
[2024-04-20T05:57:38.691+0000] {processor.py:768} INFO - DAG(s) dict_keys(['example_task_group_decorator']) retrieved from /home/airflow/.local/lib/python3.7/site-packages/airflow/example_dags/example_task_group_decorator.py
[2024-04-20T05:57:38.921+0000] {logging_mixin.py:117} INFO - [2024-04-20T05:57:38.917+0000] {dag.py:2573} INFO - Sync 1 DAGs
[2024-04-20T05:57:39.251+0000] {logging_mixin.py:117} INFO - [2024-04-20T05:57:39.250+0000] {dag.py:3328} INFO - Setting next_dagrun for example_task_group_decorator to 2024-04-19T05:57:39.250602+00:00, run_after=2024-04-20T05:57:39.250602+00:00
[2024-04-20T05:57:39.313+0000] {processor.py:178} INFO - Processing /home/airflow/.local/lib/python3.7/site-packages/airflow/example_dags/example_task_group_decorator.py took 0.725 seconds
[2024-04-20T05:58:09.516+0000] {processor.py:156} INFO - Started process (PID=869) to work on /home/airflow/.local/lib/python3.7/site-packages/airflow/example_dags/example_task_group_decorator.py
[2024-04-20T05:58:09.522+0000] {processor.py:758} INFO - Processing file /home/airflow/.local/lib/python3.7/site-packages/airflow/example_dags/example_task_group_decorator.py for tasks to queue
[2024-04-20T05:58:09.525+0000] {logging_mixin.py:117} INFO - [2024-04-20T05:58:09.525+0000] {dagbag.py:525} INFO - Filling up the DagBag from /home/airflow/.local/lib/python3.7/site-packages/airflow/example_dags/example_task_group_decorator.py
[2024-04-20T05:58:09.673+0000] {processor.py:768} INFO - DAG(s) dict_keys(['example_task_group_decorator']) retrieved from /home/airflow/.local/lib/python3.7/site-packages/airflow/example_dags/example_task_group_decorator.py
[2024-04-20T05:58:10.036+0000] {logging_mixin.py:117} INFO - [2024-04-20T05:58:10.036+0000] {dag.py:2573} INFO - Sync 1 DAGs
[2024-04-20T05:58:10.099+0000] {logging_mixin.py:117} INFO - [2024-04-20T05:58:10.099+0000] {dag.py:3328} INFO - Setting next_dagrun for example_task_group_decorator to 2024-04-19T05:58:10.098917+00:00, run_after=2024-04-20T05:58:10.098917+00:00
[2024-04-20T05:58:10.180+0000] {processor.py:178} INFO - Processing /home/airflow/.local/lib/python3.7/site-packages/airflow/example_dags/example_task_group_decorator.py took 0.668 seconds
[2024-04-20T05:58:40.991+0000] {processor.py:156} INFO - Started process (PID=1101) to work on /home/airflow/.local/lib/python3.7/site-packages/airflow/example_dags/example_task_group_decorator.py
[2024-04-20T05:58:40.992+0000] {processor.py:758} INFO - Processing file /home/airflow/.local/lib/python3.7/site-packages/airflow/example_dags/example_task_group_decorator.py for tasks to queue
[2024-04-20T05:58:40.992+0000] {logging_mixin.py:117} INFO - [2024-04-20T05:58:40.992+0000] {dagbag.py:525} INFO - Filling up the DagBag from /home/airflow/.local/lib/python3.7/site-packages/airflow/example_dags/example_task_group_decorator.py
[2024-04-20T05:58:41.035+0000] {processor.py:768} INFO - DAG(s) dict_keys(['example_task_group_decorator']) retrieved from /home/airflow/.local/lib/python3.7/site-packages/airflow/example_dags/example_task_group_decorator.py
[2024-04-20T05:58:41.347+0000] {logging_mixin.py:117} INFO - [2024-04-20T05:58:41.347+0000] {dag.py:2573} INFO - Sync 1 DAGs
[2024-04-20T05:58:41.377+0000] {logging_mixin.py:117} INFO - [2024-04-20T05:58:41.376+0000] {dag.py:3328} INFO - Setting next_dagrun for example_task_group_decorator to 2024-04-19T05:58:41.376694+00:00, run_after=2024-04-20T05:58:41.376694+00:00
[2024-04-20T05:58:41.401+0000] {processor.py:178} INFO - Processing /home/airflow/.local/lib/python3.7/site-packages/airflow/example_dags/example_task_group_decorator.py took 0.414 seconds
[2024-04-20T05:59:11.863+0000] {processor.py:156} INFO - Started process (PID=1329) to work on /home/airflow/.local/lib/python3.7/site-packages/airflow/example_dags/example_task_group_decorator.py
[2024-04-20T05:59:11.864+0000] {processor.py:758} INFO - Processing file /home/airflow/.local/lib/python3.7/site-packages/airflow/example_dags/example_task_group_decorator.py for tasks to queue
[2024-04-20T05:59:11.865+0000] {logging_mixin.py:117} INFO - [2024-04-20T05:59:11.865+0000] {dagbag.py:525} INFO - Filling up the DagBag from /home/airflow/.local/lib/python3.7/site-packages/airflow/example_dags/example_task_group_decorator.py
[2024-04-20T05:59:12.124+0000] {processor.py:768} INFO - DAG(s) dict_keys(['example_task_group_decorator']) retrieved from /home/airflow/.local/lib/python3.7/site-packages/airflow/example_dags/example_task_group_decorator.py
[2024-04-20T05:59:12.166+0000] {logging_mixin.py:117} INFO - [2024-04-20T05:59:12.166+0000] {dag.py:2573} INFO - Sync 1 DAGs
[2024-04-20T05:59:12.197+0000] {logging_mixin.py:117} INFO - [2024-04-20T05:59:12.196+0000] {dag.py:3328} INFO - Setting next_dagrun for example_task_group_decorator to 2024-04-19T05:59:12.196629+00:00, run_after=2024-04-20T05:59:12.196629+00:00
[2024-04-20T05:59:12.228+0000] {processor.py:178} INFO - Processing /home/airflow/.local/lib/python3.7/site-packages/airflow/example_dags/example_task_group_decorator.py took 0.371 seconds
[2024-04-20T05:59:42.852+0000] {processor.py:156} INFO - Started process (PID=1549) to work on /home/airflow/.local/lib/python3.7/site-packages/airflow/example_dags/example_task_group_decorator.py
[2024-04-20T05:59:42.855+0000] {processor.py:758} INFO - Processing file /home/airflow/.local/lib/python3.7/site-packages/airflow/example_dags/example_task_group_decorator.py for tasks to queue
[2024-04-20T05:59:42.857+0000] {logging_mixin.py:117} INFO - [2024-04-20T05:59:42.857+0000] {dagbag.py:525} INFO - Filling up the DagBag from /home/airflow/.local/lib/python3.7/site-packages/airflow/example_dags/example_task_group_decorator.py
[2024-04-20T05:59:43.254+0000] {processor.py:768} INFO - DAG(s) dict_keys(['example_task_group_decorator']) retrieved from /home/airflow/.local/lib/python3.7/site-packages/airflow/example_dags/example_task_group_decorator.py
[2024-04-20T05:59:43.363+0000] {logging_mixin.py:117} INFO - [2024-04-20T05:59:43.363+0000] {dag.py:2573} INFO - Sync 1 DAGs
[2024-04-20T05:59:43.420+0000] {logging_mixin.py:117} INFO - [2024-04-20T05:59:43.420+0000] {dag.py:3328} INFO - Setting next_dagrun for example_task_group_decorator to 2024-04-19T05:59:43.420170+00:00, run_after=2024-04-20T05:59:43.420170+00:00
[2024-04-20T05:59:43.469+0000] {processor.py:178} INFO - Processing /home/airflow/.local/lib/python3.7/site-packages/airflow/example_dags/example_task_group_decorator.py took 0.637 seconds
[2024-04-20T06:00:14.199+0000] {processor.py:156} INFO - Started process (PID=1776) to work on /home/airflow/.local/lib/python3.7/site-packages/airflow/example_dags/example_task_group_decorator.py
[2024-04-20T06:00:14.200+0000] {processor.py:758} INFO - Processing file /home/airflow/.local/lib/python3.7/site-packages/airflow/example_dags/example_task_group_decorator.py for tasks to queue
[2024-04-20T06:00:14.200+0000] {logging_mixin.py:117} INFO - [2024-04-20T06:00:14.200+0000] {dagbag.py:525} INFO - Filling up the DagBag from /home/airflow/.local/lib/python3.7/site-packages/airflow/example_dags/example_task_group_decorator.py
[2024-04-20T06:00:14.250+0000] {processor.py:768} INFO - DAG(s) dict_keys(['example_task_group_decorator']) retrieved from /home/airflow/.local/lib/python3.7/site-packages/airflow/example_dags/example_task_group_decorator.py
[2024-04-20T06:00:14.301+0000] {logging_mixin.py:117} INFO - [2024-04-20T06:00:14.300+0000] {dag.py:2573} INFO - Sync 1 DAGs
[2024-04-20T06:00:14.332+0000] {logging_mixin.py:117} INFO - [2024-04-20T06:00:14.332+0000] {dag.py:3328} INFO - Setting next_dagrun for example_task_group_decorator to 2024-04-19T06:00:14.331779+00:00, run_after=2024-04-20T06:00:14.331779+00:00
[2024-04-20T06:00:14.356+0000] {processor.py:178} INFO - Processing /home/airflow/.local/lib/python3.7/site-packages/airflow/example_dags/example_task_group_decorator.py took 0.160 seconds
[2024-04-20T06:00:44.676+0000] {processor.py:156} INFO - Started process (PID=2003) to work on /home/airflow/.local/lib/python3.7/site-packages/airflow/example_dags/example_task_group_decorator.py
[2024-04-20T06:00:44.677+0000] {processor.py:758} INFO - Processing file /home/airflow/.local/lib/python3.7/site-packages/airflow/example_dags/example_task_group_decorator.py for tasks to queue
[2024-04-20T06:00:44.677+0000] {logging_mixin.py:117} INFO - [2024-04-20T06:00:44.677+0000] {dagbag.py:525} INFO - Filling up the DagBag from /home/airflow/.local/lib/python3.7/site-packages/airflow/example_dags/example_task_group_decorator.py
[2024-04-20T06:00:44.719+0000] {processor.py:768} INFO - DAG(s) dict_keys(['example_task_group_decorator']) retrieved from /home/airflow/.local/lib/python3.7/site-packages/airflow/example_dags/example_task_group_decorator.py
[2024-04-20T06:00:44.767+0000] {logging_mixin.py:117} INFO - [2024-04-20T06:00:44.767+0000] {dag.py:2573} INFO - Sync 1 DAGs
[2024-04-20T06:00:44.799+0000] {logging_mixin.py:117} INFO - [2024-04-20T06:00:44.799+0000] {dag.py:3328} INFO - Setting next_dagrun for example_task_group_decorator to 2024-04-19T06:00:44.799458+00:00, run_after=2024-04-20T06:00:44.799458+00:00
[2024-04-20T06:00:44.824+0000] {processor.py:178} INFO - Processing /home/airflow/.local/lib/python3.7/site-packages/airflow/example_dags/example_task_group_decorator.py took 0.151 seconds
[2024-04-20T06:01:15.133+0000] {processor.py:156} INFO - Started process (PID=2221) to work on /home/airflow/.local/lib/python3.7/site-packages/airflow/example_dags/example_task_group_decorator.py
[2024-04-20T06:01:15.134+0000] {processor.py:758} INFO - Processing file /home/airflow/.local/lib/python3.7/site-packages/airflow/example_dags/example_task_group_decorator.py for tasks to queue
[2024-04-20T06:01:15.134+0000] {logging_mixin.py:117} INFO - [2024-04-20T06:01:15.134+0000] {dagbag.py:525} INFO - Filling up the DagBag from /home/airflow/.local/lib/python3.7/site-packages/airflow/example_dags/example_task_group_decorator.py
[2024-04-20T06:01:15.178+0000] {processor.py:768} INFO - DAG(s) dict_keys(['example_task_group_decorator']) retrieved from /home/airflow/.local/lib/python3.7/site-packages/airflow/example_dags/example_task_group_decorator.py
[2024-04-20T06:01:15.229+0000] {logging_mixin.py:117} INFO - [2024-04-20T06:01:15.228+0000] {dag.py:2573} INFO - Sync 1 DAGs
[2024-04-20T06:01:15.284+0000] {logging_mixin.py:117} INFO - [2024-04-20T06:01:15.284+0000] {dag.py:3328} INFO - Setting next_dagrun for example_task_group_decorator to 2024-04-19T06:01:15.283891+00:00, run_after=2024-04-20T06:01:15.283891+00:00
[2024-04-20T06:01:15.312+0000] {processor.py:178} INFO - Processing /home/airflow/.local/lib/python3.7/site-packages/airflow/example_dags/example_task_group_decorator.py took 0.183 seconds
[2024-04-20T06:01:45.863+0000] {processor.py:156} INFO - Started process (PID=2449) to work on /home/airflow/.local/lib/python3.7/site-packages/airflow/example_dags/example_task_group_decorator.py
[2024-04-20T06:01:45.864+0000] {processor.py:758} INFO - Processing file /home/airflow/.local/lib/python3.7/site-packages/airflow/example_dags/example_task_group_decorator.py for tasks to queue
[2024-04-20T06:01:45.865+0000] {logging_mixin.py:117} INFO - [2024-04-20T06:01:45.865+0000] {dagbag.py:525} INFO - Filling up the DagBag from /home/airflow/.local/lib/python3.7/site-packages/airflow/example_dags/example_task_group_decorator.py
[2024-04-20T06:01:45.912+0000] {processor.py:768} INFO - DAG(s) dict_keys(['example_task_group_decorator']) retrieved from /home/airflow/.local/lib/python3.7/site-packages/airflow/example_dags/example_task_group_decorator.py
[2024-04-20T06:01:45.969+0000] {logging_mixin.py:117} INFO - [2024-04-20T06:01:45.969+0000] {dag.py:2573} INFO - Sync 1 DAGs
[2024-04-20T06:01:46.005+0000] {logging_mixin.py:117} INFO - [2024-04-20T06:01:46.005+0000] {dag.py:3328} INFO - Setting next_dagrun for example_task_group_decorator to 2024-04-19T06:01:46.005002+00:00, run_after=2024-04-20T06:01:46.005002+00:00
[2024-04-20T06:01:46.030+0000] {processor.py:178} INFO - Processing /home/airflow/.local/lib/python3.7/site-packages/airflow/example_dags/example_task_group_decorator.py took 0.170 seconds
[2024-04-20T06:02:16.836+0000] {processor.py:156} INFO - Started process (PID=2677) to work on /home/airflow/.local/lib/python3.7/site-packages/airflow/example_dags/example_task_group_decorator.py
[2024-04-20T06:02:16.836+0000] {processor.py:758} INFO - Processing file /home/airflow/.local/lib/python3.7/site-packages/airflow/example_dags/example_task_group_decorator.py for tasks to queue
[2024-04-20T06:02:16.837+0000] {logging_mixin.py:117} INFO - [2024-04-20T06:02:16.837+0000] {dagbag.py:525} INFO - Filling up the DagBag from /home/airflow/.local/lib/python3.7/site-packages/airflow/example_dags/example_task_group_decorator.py
[2024-04-20T06:02:16.878+0000] {processor.py:768} INFO - DAG(s) dict_keys(['example_task_group_decorator']) retrieved from /home/airflow/.local/lib/python3.7/site-packages/airflow/example_dags/example_task_group_decorator.py
[2024-04-20T06:02:17.047+0000] {logging_mixin.py:117} INFO - [2024-04-20T06:02:17.038+0000] {dag.py:2573} INFO - Sync 1 DAGs
[2024-04-20T06:02:17.120+0000] {logging_mixin.py:117} INFO - [2024-04-20T06:02:17.120+0000] {dag.py:3328} INFO - Setting next_dagrun for example_task_group_decorator to 2024-04-19T06:02:17.120017+00:00, run_after=2024-04-20T06:02:17.120017+00:00
[2024-04-20T06:02:17.163+0000] {processor.py:178} INFO - Processing /home/airflow/.local/lib/python3.7/site-packages/airflow/example_dags/example_task_group_decorator.py took 0.332 seconds
[2024-04-20T06:02:47.979+0000] {processor.py:156} INFO - Started process (PID=2895) to work on /home/airflow/.local/lib/python3.7/site-packages/airflow/example_dags/example_task_group_decorator.py
[2024-04-20T06:02:47.986+0000] {processor.py:758} INFO - Processing file /home/airflow/.local/lib/python3.7/site-packages/airflow/example_dags/example_task_group_decorator.py for tasks to queue
[2024-04-20T06:02:47.987+0000] {logging_mixin.py:117} INFO - [2024-04-20T06:02:47.987+0000] {dagbag.py:525} INFO - Filling up the DagBag from /home/airflow/.local/lib/python3.7/site-packages/airflow/example_dags/example_task_group_decorator.py
[2024-04-20T06:02:48.078+0000] {processor.py:768} INFO - DAG(s) dict_keys(['example_task_group_decorator']) retrieved from /home/airflow/.local/lib/python3.7/site-packages/airflow/example_dags/example_task_group_decorator.py
[2024-04-20T06:02:48.198+0000] {logging_mixin.py:117} INFO - [2024-04-20T06:02:48.198+0000] {dag.py:2573} INFO - Sync 1 DAGs
[2024-04-20T06:02:48.258+0000] {logging_mixin.py:117} INFO - [2024-04-20T06:02:48.257+0000] {dag.py:3328} INFO - Setting next_dagrun for example_task_group_decorator to 2024-04-19T06:02:48.257573+00:00, run_after=2024-04-20T06:02:48.257573+00:00
[2024-04-20T06:02:48.290+0000] {processor.py:178} INFO - Processing /home/airflow/.local/lib/python3.7/site-packages/airflow/example_dags/example_task_group_decorator.py took 0.322 seconds
[2024-04-20T06:03:18.773+0000] {processor.py:156} INFO - Started process (PID=3122) to work on /home/airflow/.local/lib/python3.7/site-packages/airflow/example_dags/example_task_group_decorator.py
[2024-04-20T06:03:18.774+0000] {processor.py:758} INFO - Processing file /home/airflow/.local/lib/python3.7/site-packages/airflow/example_dags/example_task_group_decorator.py for tasks to queue
[2024-04-20T06:03:18.774+0000] {logging_mixin.py:117} INFO - [2024-04-20T06:03:18.774+0000] {dagbag.py:525} INFO - Filling up the DagBag from /home/airflow/.local/lib/python3.7/site-packages/airflow/example_dags/example_task_group_decorator.py
[2024-04-20T06:03:18.816+0000] {processor.py:768} INFO - DAG(s) dict_keys(['example_task_group_decorator']) retrieved from /home/airflow/.local/lib/python3.7/site-packages/airflow/example_dags/example_task_group_decorator.py
[2024-04-20T06:03:18.867+0000] {logging_mixin.py:117} INFO - [2024-04-20T06:03:18.866+0000] {dag.py:2573} INFO - Sync 1 DAGs
[2024-04-20T06:03:18.899+0000] {logging_mixin.py:117} INFO - [2024-04-20T06:03:18.899+0000] {dag.py:3328} INFO - Setting next_dagrun for example_task_group_decorator to 2024-04-19T06:03:18.899170+00:00, run_after=2024-04-20T06:03:18.899170+00:00
[2024-04-20T06:03:18.928+0000] {processor.py:178} INFO - Processing /home/airflow/.local/lib/python3.7/site-packages/airflow/example_dags/example_task_group_decorator.py took 0.159 seconds
