[2024-04-20T05:31:56.756+0000] {processor.py:156} INFO - Started process (PID=310) to work on /home/airflow/.local/lib/python3.7/site-packages/airflow/example_dags/example_trigger_target_dag.py
[2024-04-20T05:31:56.756+0000] {processor.py:758} INFO - Processing file /home/airflow/.local/lib/python3.7/site-packages/airflow/example_dags/example_trigger_target_dag.py for tasks to queue
[2024-04-20T05:31:56.759+0000] {logging_mixin.py:117} INFO - [2024-04-20T05:31:56.759+0000] {dagbag.py:525} INFO - Filling up the DagBag from /home/airflow/.local/lib/python3.7/site-packages/airflow/example_dags/example_trigger_target_dag.py
[2024-04-20T05:31:56.870+0000] {processor.py:768} INFO - DAG(s) dict_keys(['example_trigger_target_dag']) retrieved from /home/airflow/.local/lib/python3.7/site-packages/airflow/example_dags/example_trigger_target_dag.py
[2024-04-20T05:31:58.312+0000] {logging_mixin.py:117} INFO - [2024-04-20T05:31:58.312+0000] {manager.py:507} INFO - Created Permission View: can delete on DAG:example_trigger_target_dag
[2024-04-20T05:31:58.381+0000] {logging_mixin.py:117} INFO - [2024-04-20T05:31:58.380+0000] {manager.py:507} INFO - Created Permission View: can edit on DAG:example_trigger_target_dag
[2024-04-20T05:31:58.414+0000] {logging_mixin.py:117} INFO - [2024-04-20T05:31:58.414+0000] {manager.py:507} INFO - Created Permission View: can read on DAG:example_trigger_target_dag
[2024-04-20T05:31:58.414+0000] {logging_mixin.py:117} INFO - [2024-04-20T05:31:58.414+0000] {dag.py:2573} INFO - Sync 1 DAGs
[2024-04-20T05:31:58.477+0000] {logging_mixin.py:117} INFO - [2024-04-20T05:31:58.477+0000] {dag.py:2594} INFO - Creating ORM DAG for example_trigger_target_dag
[2024-04-20T05:31:58.558+0000] {logging_mixin.py:117} INFO - [2024-04-20T05:31:58.558+0000] {dag.py:3328} INFO - Setting next_dagrun for example_trigger_target_dag to None, run_after=None
[2024-04-20T05:31:58.626+0000] {processor.py:178} INFO - Processing /home/airflow/.local/lib/python3.7/site-packages/airflow/example_dags/example_trigger_target_dag.py took 1.878 seconds
[2024-04-20T05:32:28.859+0000] {processor.py:156} INFO - Started process (PID=537) to work on /home/airflow/.local/lib/python3.7/site-packages/airflow/example_dags/example_trigger_target_dag.py
[2024-04-20T05:32:28.860+0000] {processor.py:758} INFO - Processing file /home/airflow/.local/lib/python3.7/site-packages/airflow/example_dags/example_trigger_target_dag.py for tasks to queue
[2024-04-20T05:32:28.861+0000] {logging_mixin.py:117} INFO - [2024-04-20T05:32:28.860+0000] {dagbag.py:525} INFO - Filling up the DagBag from /home/airflow/.local/lib/python3.7/site-packages/airflow/example_dags/example_trigger_target_dag.py
[2024-04-20T05:32:28.890+0000] {processor.py:768} INFO - DAG(s) dict_keys(['example_trigger_target_dag']) retrieved from /home/airflow/.local/lib/python3.7/site-packages/airflow/example_dags/example_trigger_target_dag.py
[2024-04-20T05:32:28.951+0000] {logging_mixin.py:117} INFO - [2024-04-20T05:32:28.950+0000] {dag.py:2573} INFO - Sync 1 DAGs
[2024-04-20T05:32:29.197+0000] {logging_mixin.py:117} INFO - [2024-04-20T05:32:29.197+0000] {dag.py:3328} INFO - Setting next_dagrun for example_trigger_target_dag to None, run_after=None
[2024-04-20T05:32:29.222+0000] {processor.py:178} INFO - Processing /home/airflow/.local/lib/python3.7/site-packages/airflow/example_dags/example_trigger_target_dag.py took 0.365 seconds
[2024-04-20T05:32:59.664+0000] {processor.py:156} INFO - Started process (PID=752) to work on /home/airflow/.local/lib/python3.7/site-packages/airflow/example_dags/example_trigger_target_dag.py
[2024-04-20T05:32:59.665+0000] {processor.py:758} INFO - Processing file /home/airflow/.local/lib/python3.7/site-packages/airflow/example_dags/example_trigger_target_dag.py for tasks to queue
[2024-04-20T05:32:59.666+0000] {logging_mixin.py:117} INFO - [2024-04-20T05:32:59.665+0000] {dagbag.py:525} INFO - Filling up the DagBag from /home/airflow/.local/lib/python3.7/site-packages/airflow/example_dags/example_trigger_target_dag.py
[2024-04-20T05:32:59.693+0000] {processor.py:768} INFO - DAG(s) dict_keys(['example_trigger_target_dag']) retrieved from /home/airflow/.local/lib/python3.7/site-packages/airflow/example_dags/example_trigger_target_dag.py
[2024-04-20T05:32:59.937+0000] {logging_mixin.py:117} INFO - [2024-04-20T05:32:59.936+0000] {dag.py:2573} INFO - Sync 1 DAGs
[2024-04-20T05:33:00.008+0000] {logging_mixin.py:117} INFO - [2024-04-20T05:33:00.007+0000] {dag.py:3328} INFO - Setting next_dagrun for example_trigger_target_dag to None, run_after=None
[2024-04-20T05:33:00.081+0000] {processor.py:178} INFO - Processing /home/airflow/.local/lib/python3.7/site-packages/airflow/example_dags/example_trigger_target_dag.py took 0.420 seconds
[2024-04-20T05:33:30.415+0000] {processor.py:156} INFO - Started process (PID=975) to work on /home/airflow/.local/lib/python3.7/site-packages/airflow/example_dags/example_trigger_target_dag.py
[2024-04-20T05:33:30.416+0000] {processor.py:758} INFO - Processing file /home/airflow/.local/lib/python3.7/site-packages/airflow/example_dags/example_trigger_target_dag.py for tasks to queue
[2024-04-20T05:33:30.417+0000] {logging_mixin.py:117} INFO - [2024-04-20T05:33:30.416+0000] {dagbag.py:525} INFO - Filling up the DagBag from /home/airflow/.local/lib/python3.7/site-packages/airflow/example_dags/example_trigger_target_dag.py
[2024-04-20T05:33:30.487+0000] {processor.py:768} INFO - DAG(s) dict_keys(['example_trigger_target_dag']) retrieved from /home/airflow/.local/lib/python3.7/site-packages/airflow/example_dags/example_trigger_target_dag.py
[2024-04-20T05:33:30.971+0000] {logging_mixin.py:117} INFO - [2024-04-20T05:33:30.971+0000] {dag.py:2573} INFO - Sync 1 DAGs
[2024-04-20T05:33:31.027+0000] {logging_mixin.py:117} INFO - [2024-04-20T05:33:31.026+0000] {dag.py:3328} INFO - Setting next_dagrun for example_trigger_target_dag to None, run_after=None
[2024-04-20T05:33:31.077+0000] {processor.py:178} INFO - Processing /home/airflow/.local/lib/python3.7/site-packages/airflow/example_dags/example_trigger_target_dag.py took 0.665 seconds
[2024-04-20T05:34:01.954+0000] {processor.py:156} INFO - Started process (PID=1183) to work on /home/airflow/.local/lib/python3.7/site-packages/airflow/example_dags/example_trigger_target_dag.py
[2024-04-20T05:34:01.955+0000] {processor.py:758} INFO - Processing file /home/airflow/.local/lib/python3.7/site-packages/airflow/example_dags/example_trigger_target_dag.py for tasks to queue
[2024-04-20T05:34:01.956+0000] {logging_mixin.py:117} INFO - [2024-04-20T05:34:01.955+0000] {dagbag.py:525} INFO - Filling up the DagBag from /home/airflow/.local/lib/python3.7/site-packages/airflow/example_dags/example_trigger_target_dag.py
[2024-04-20T05:34:01.983+0000] {processor.py:768} INFO - DAG(s) dict_keys(['example_trigger_target_dag']) retrieved from /home/airflow/.local/lib/python3.7/site-packages/airflow/example_dags/example_trigger_target_dag.py
[2024-04-20T05:34:02.214+0000] {logging_mixin.py:117} INFO - [2024-04-20T05:34:02.214+0000] {dag.py:2573} INFO - Sync 1 DAGs
[2024-04-20T05:34:02.241+0000] {logging_mixin.py:117} INFO - [2024-04-20T05:34:02.241+0000] {dag.py:3328} INFO - Setting next_dagrun for example_trigger_target_dag to None, run_after=None
[2024-04-20T05:34:02.271+0000] {processor.py:178} INFO - Processing /home/airflow/.local/lib/python3.7/site-packages/airflow/example_dags/example_trigger_target_dag.py took 0.320 seconds
[2024-04-20T05:34:33.162+0000] {processor.py:156} INFO - Started process (PID=1402) to work on /home/airflow/.local/lib/python3.7/site-packages/airflow/example_dags/example_trigger_target_dag.py
[2024-04-20T05:34:33.163+0000] {processor.py:758} INFO - Processing file /home/airflow/.local/lib/python3.7/site-packages/airflow/example_dags/example_trigger_target_dag.py for tasks to queue
[2024-04-20T05:34:33.163+0000] {logging_mixin.py:117} INFO - [2024-04-20T05:34:33.163+0000] {dagbag.py:525} INFO - Filling up the DagBag from /home/airflow/.local/lib/python3.7/site-packages/airflow/example_dags/example_trigger_target_dag.py
[2024-04-20T05:34:33.405+0000] {processor.py:768} INFO - DAG(s) dict_keys(['example_trigger_target_dag']) retrieved from /home/airflow/.local/lib/python3.7/site-packages/airflow/example_dags/example_trigger_target_dag.py
[2024-04-20T05:34:33.444+0000] {logging_mixin.py:117} INFO - [2024-04-20T05:34:33.444+0000] {dag.py:2573} INFO - Sync 1 DAGs
[2024-04-20T05:34:33.472+0000] {logging_mixin.py:117} INFO - [2024-04-20T05:34:33.472+0000] {dag.py:3328} INFO - Setting next_dagrun for example_trigger_target_dag to None, run_after=None
[2024-04-20T05:34:33.501+0000] {processor.py:178} INFO - Processing /home/airflow/.local/lib/python3.7/site-packages/airflow/example_dags/example_trigger_target_dag.py took 0.342 seconds
[2024-04-20T05:35:03.690+0000] {processor.py:156} INFO - Started process (PID=1611) to work on /home/airflow/.local/lib/python3.7/site-packages/airflow/example_dags/example_trigger_target_dag.py
[2024-04-20T05:35:03.691+0000] {processor.py:758} INFO - Processing file /home/airflow/.local/lib/python3.7/site-packages/airflow/example_dags/example_trigger_target_dag.py for tasks to queue
[2024-04-20T05:35:03.691+0000] {logging_mixin.py:117} INFO - [2024-04-20T05:35:03.691+0000] {dagbag.py:525} INFO - Filling up the DagBag from /home/airflow/.local/lib/python3.7/site-packages/airflow/example_dags/example_trigger_target_dag.py
[2024-04-20T05:35:03.719+0000] {processor.py:768} INFO - DAG(s) dict_keys(['example_trigger_target_dag']) retrieved from /home/airflow/.local/lib/python3.7/site-packages/airflow/example_dags/example_trigger_target_dag.py
[2024-04-20T05:35:03.787+0000] {logging_mixin.py:117} INFO - [2024-04-20T05:35:03.786+0000] {dag.py:2573} INFO - Sync 1 DAGs
[2024-04-20T05:35:03.850+0000] {logging_mixin.py:117} INFO - [2024-04-20T05:35:03.850+0000] {dag.py:3328} INFO - Setting next_dagrun for example_trigger_target_dag to None, run_after=None
[2024-04-20T05:35:03.893+0000] {processor.py:178} INFO - Processing /home/airflow/.local/lib/python3.7/site-packages/airflow/example_dags/example_trigger_target_dag.py took 0.207 seconds
[2024-04-20T05:35:34.451+0000] {processor.py:156} INFO - Started process (PID=1828) to work on /home/airflow/.local/lib/python3.7/site-packages/airflow/example_dags/example_trigger_target_dag.py
[2024-04-20T05:35:34.452+0000] {processor.py:758} INFO - Processing file /home/airflow/.local/lib/python3.7/site-packages/airflow/example_dags/example_trigger_target_dag.py for tasks to queue
[2024-04-20T05:35:34.453+0000] {logging_mixin.py:117} INFO - [2024-04-20T05:35:34.453+0000] {dagbag.py:525} INFO - Filling up the DagBag from /home/airflow/.local/lib/python3.7/site-packages/airflow/example_dags/example_trigger_target_dag.py
[2024-04-20T05:35:34.496+0000] {processor.py:768} INFO - DAG(s) dict_keys(['example_trigger_target_dag']) retrieved from /home/airflow/.local/lib/python3.7/site-packages/airflow/example_dags/example_trigger_target_dag.py
[2024-04-20T05:35:34.547+0000] {logging_mixin.py:117} INFO - [2024-04-20T05:35:34.547+0000] {dag.py:2573} INFO - Sync 1 DAGs
[2024-04-20T05:35:34.579+0000] {logging_mixin.py:117} INFO - [2024-04-20T05:35:34.579+0000] {dag.py:3328} INFO - Setting next_dagrun for example_trigger_target_dag to None, run_after=None
[2024-04-20T05:35:34.610+0000] {processor.py:178} INFO - Processing /home/airflow/.local/lib/python3.7/site-packages/airflow/example_dags/example_trigger_target_dag.py took 0.165 seconds
[2024-04-20T05:36:05.070+0000] {processor.py:156} INFO - Started process (PID=2036) to work on /home/airflow/.local/lib/python3.7/site-packages/airflow/example_dags/example_trigger_target_dag.py
[2024-04-20T05:36:05.071+0000] {processor.py:758} INFO - Processing file /home/airflow/.local/lib/python3.7/site-packages/airflow/example_dags/example_trigger_target_dag.py for tasks to queue
[2024-04-20T05:36:05.071+0000] {logging_mixin.py:117} INFO - [2024-04-20T05:36:05.071+0000] {dagbag.py:525} INFO - Filling up the DagBag from /home/airflow/.local/lib/python3.7/site-packages/airflow/example_dags/example_trigger_target_dag.py
[2024-04-20T05:36:05.100+0000] {processor.py:768} INFO - DAG(s) dict_keys(['example_trigger_target_dag']) retrieved from /home/airflow/.local/lib/python3.7/site-packages/airflow/example_dags/example_trigger_target_dag.py
[2024-04-20T05:36:05.152+0000] {logging_mixin.py:117} INFO - [2024-04-20T05:36:05.152+0000] {dag.py:2573} INFO - Sync 1 DAGs
[2024-04-20T05:36:05.204+0000] {logging_mixin.py:117} INFO - [2024-04-20T05:36:05.203+0000] {dag.py:3328} INFO - Setting next_dagrun for example_trigger_target_dag to None, run_after=None
[2024-04-20T05:36:05.253+0000] {processor.py:178} INFO - Processing /home/airflow/.local/lib/python3.7/site-packages/airflow/example_dags/example_trigger_target_dag.py took 0.186 seconds
[2024-04-20T05:36:35.408+0000] {processor.py:156} INFO - Started process (PID=2252) to work on /home/airflow/.local/lib/python3.7/site-packages/airflow/example_dags/example_trigger_target_dag.py
[2024-04-20T05:36:35.409+0000] {processor.py:758} INFO - Processing file /home/airflow/.local/lib/python3.7/site-packages/airflow/example_dags/example_trigger_target_dag.py for tasks to queue
[2024-04-20T05:36:35.410+0000] {logging_mixin.py:117} INFO - [2024-04-20T05:36:35.410+0000] {dagbag.py:525} INFO - Filling up the DagBag from /home/airflow/.local/lib/python3.7/site-packages/airflow/example_dags/example_trigger_target_dag.py
[2024-04-20T05:36:35.440+0000] {processor.py:768} INFO - DAG(s) dict_keys(['example_trigger_target_dag']) retrieved from /home/airflow/.local/lib/python3.7/site-packages/airflow/example_dags/example_trigger_target_dag.py
[2024-04-20T05:36:35.514+0000] {logging_mixin.py:117} INFO - [2024-04-20T05:36:35.514+0000] {dag.py:2573} INFO - Sync 1 DAGs
[2024-04-20T05:36:35.584+0000] {logging_mixin.py:117} INFO - [2024-04-20T05:36:35.584+0000] {dag.py:3328} INFO - Setting next_dagrun for example_trigger_target_dag to None, run_after=None
[2024-04-20T05:36:35.619+0000] {processor.py:178} INFO - Processing /home/airflow/.local/lib/python3.7/site-packages/airflow/example_dags/example_trigger_target_dag.py took 0.214 seconds
[2024-04-20T05:37:06.281+0000] {processor.py:156} INFO - Started process (PID=2534) to work on /home/airflow/.local/lib/python3.7/site-packages/airflow/example_dags/example_trigger_target_dag.py
[2024-04-20T05:37:06.283+0000] {processor.py:758} INFO - Processing file /home/airflow/.local/lib/python3.7/site-packages/airflow/example_dags/example_trigger_target_dag.py for tasks to queue
[2024-04-20T05:37:06.284+0000] {logging_mixin.py:117} INFO - [2024-04-20T05:37:06.284+0000] {dagbag.py:525} INFO - Filling up the DagBag from /home/airflow/.local/lib/python3.7/site-packages/airflow/example_dags/example_trigger_target_dag.py
[2024-04-20T05:37:06.326+0000] {processor.py:768} INFO - DAG(s) dict_keys(['example_trigger_target_dag']) retrieved from /home/airflow/.local/lib/python3.7/site-packages/airflow/example_dags/example_trigger_target_dag.py
[2024-04-20T05:37:06.407+0000] {logging_mixin.py:117} INFO - [2024-04-20T05:37:06.407+0000] {dag.py:2573} INFO - Sync 1 DAGs
[2024-04-20T05:37:06.442+0000] {logging_mixin.py:117} INFO - [2024-04-20T05:37:06.441+0000] {dag.py:3328} INFO - Setting next_dagrun for example_trigger_target_dag to None, run_after=None
[2024-04-20T05:37:06.474+0000] {processor.py:178} INFO - Processing /home/airflow/.local/lib/python3.7/site-packages/airflow/example_dags/example_trigger_target_dag.py took 0.196 seconds
[2024-04-20T05:37:36.692+0000] {processor.py:156} INFO - Started process (PID=2788) to work on /home/airflow/.local/lib/python3.7/site-packages/airflow/example_dags/example_trigger_target_dag.py
[2024-04-20T05:37:36.692+0000] {processor.py:758} INFO - Processing file /home/airflow/.local/lib/python3.7/site-packages/airflow/example_dags/example_trigger_target_dag.py for tasks to queue
[2024-04-20T05:37:36.693+0000] {logging_mixin.py:117} INFO - [2024-04-20T05:37:36.693+0000] {dagbag.py:525} INFO - Filling up the DagBag from /home/airflow/.local/lib/python3.7/site-packages/airflow/example_dags/example_trigger_target_dag.py
[2024-04-20T05:37:36.721+0000] {processor.py:768} INFO - DAG(s) dict_keys(['example_trigger_target_dag']) retrieved from /home/airflow/.local/lib/python3.7/site-packages/airflow/example_dags/example_trigger_target_dag.py
[2024-04-20T05:37:36.769+0000] {logging_mixin.py:117} INFO - [2024-04-20T05:37:36.769+0000] {dag.py:2573} INFO - Sync 1 DAGs
[2024-04-20T05:37:36.805+0000] {logging_mixin.py:117} INFO - [2024-04-20T05:37:36.805+0000] {dag.py:3328} INFO - Setting next_dagrun for example_trigger_target_dag to None, run_after=None
[2024-04-20T05:37:36.828+0000] {processor.py:178} INFO - Processing /home/airflow/.local/lib/python3.7/site-packages/airflow/example_dags/example_trigger_target_dag.py took 0.139 seconds
[2024-04-20T05:38:06.869+0000] {processor.py:156} INFO - Started process (PID=3016) to work on /home/airflow/.local/lib/python3.7/site-packages/airflow/example_dags/example_trigger_target_dag.py
[2024-04-20T05:38:06.870+0000] {processor.py:758} INFO - Processing file /home/airflow/.local/lib/python3.7/site-packages/airflow/example_dags/example_trigger_target_dag.py for tasks to queue
[2024-04-20T05:38:06.871+0000] {logging_mixin.py:117} INFO - [2024-04-20T05:38:06.870+0000] {dagbag.py:525} INFO - Filling up the DagBag from /home/airflow/.local/lib/python3.7/site-packages/airflow/example_dags/example_trigger_target_dag.py
[2024-04-20T05:38:06.898+0000] {processor.py:768} INFO - DAG(s) dict_keys(['example_trigger_target_dag']) retrieved from /home/airflow/.local/lib/python3.7/site-packages/airflow/example_dags/example_trigger_target_dag.py
[2024-04-20T05:38:06.944+0000] {logging_mixin.py:117} INFO - [2024-04-20T05:38:06.944+0000] {dag.py:2573} INFO - Sync 1 DAGs
[2024-04-20T05:38:06.980+0000] {logging_mixin.py:117} INFO - [2024-04-20T05:38:06.980+0000] {dag.py:3328} INFO - Setting next_dagrun for example_trigger_target_dag to None, run_after=None
[2024-04-20T05:38:07.009+0000] {processor.py:178} INFO - Processing /home/airflow/.local/lib/python3.7/site-packages/airflow/example_dags/example_trigger_target_dag.py took 0.143 seconds
[2024-04-20T05:38:37.366+0000] {processor.py:156} INFO - Started process (PID=3233) to work on /home/airflow/.local/lib/python3.7/site-packages/airflow/example_dags/example_trigger_target_dag.py
[2024-04-20T05:38:37.367+0000] {processor.py:758} INFO - Processing file /home/airflow/.local/lib/python3.7/site-packages/airflow/example_dags/example_trigger_target_dag.py for tasks to queue
[2024-04-20T05:38:37.367+0000] {logging_mixin.py:117} INFO - [2024-04-20T05:38:37.367+0000] {dagbag.py:525} INFO - Filling up the DagBag from /home/airflow/.local/lib/python3.7/site-packages/airflow/example_dags/example_trigger_target_dag.py
[2024-04-20T05:38:37.398+0000] {processor.py:768} INFO - DAG(s) dict_keys(['example_trigger_target_dag']) retrieved from /home/airflow/.local/lib/python3.7/site-packages/airflow/example_dags/example_trigger_target_dag.py
[2024-04-20T05:38:37.446+0000] {logging_mixin.py:117} INFO - [2024-04-20T05:38:37.446+0000] {dag.py:2573} INFO - Sync 1 DAGs
[2024-04-20T05:38:37.482+0000] {logging_mixin.py:117} INFO - [2024-04-20T05:38:37.481+0000] {dag.py:3328} INFO - Setting next_dagrun for example_trigger_target_dag to None, run_after=None
[2024-04-20T05:38:37.512+0000] {processor.py:178} INFO - Processing /home/airflow/.local/lib/python3.7/site-packages/airflow/example_dags/example_trigger_target_dag.py took 0.149 seconds
[2024-04-20T05:39:07.786+0000] {processor.py:156} INFO - Started process (PID=3464) to work on /home/airflow/.local/lib/python3.7/site-packages/airflow/example_dags/example_trigger_target_dag.py
[2024-04-20T05:39:07.786+0000] {processor.py:758} INFO - Processing file /home/airflow/.local/lib/python3.7/site-packages/airflow/example_dags/example_trigger_target_dag.py for tasks to queue
[2024-04-20T05:39:07.787+0000] {logging_mixin.py:117} INFO - [2024-04-20T05:39:07.787+0000] {dagbag.py:525} INFO - Filling up the DagBag from /home/airflow/.local/lib/python3.7/site-packages/airflow/example_dags/example_trigger_target_dag.py
[2024-04-20T05:39:07.817+0000] {processor.py:768} INFO - DAG(s) dict_keys(['example_trigger_target_dag']) retrieved from /home/airflow/.local/lib/python3.7/site-packages/airflow/example_dags/example_trigger_target_dag.py
[2024-04-20T05:39:07.866+0000] {logging_mixin.py:117} INFO - [2024-04-20T05:39:07.866+0000] {dag.py:2573} INFO - Sync 1 DAGs
[2024-04-20T05:39:07.898+0000] {logging_mixin.py:117} INFO - [2024-04-20T05:39:07.898+0000] {dag.py:3328} INFO - Setting next_dagrun for example_trigger_target_dag to None, run_after=None
[2024-04-20T05:39:07.922+0000] {processor.py:178} INFO - Processing /home/airflow/.local/lib/python3.7/site-packages/airflow/example_dags/example_trigger_target_dag.py took 0.139 seconds
[2024-04-20T05:39:38.789+0000] {processor.py:156} INFO - Started process (PID=3710) to work on /home/airflow/.local/lib/python3.7/site-packages/airflow/example_dags/example_trigger_target_dag.py
[2024-04-20T05:39:38.790+0000] {processor.py:758} INFO - Processing file /home/airflow/.local/lib/python3.7/site-packages/airflow/example_dags/example_trigger_target_dag.py for tasks to queue
[2024-04-20T05:39:38.790+0000] {logging_mixin.py:117} INFO - [2024-04-20T05:39:38.790+0000] {dagbag.py:525} INFO - Filling up the DagBag from /home/airflow/.local/lib/python3.7/site-packages/airflow/example_dags/example_trigger_target_dag.py
[2024-04-20T05:39:38.817+0000] {processor.py:768} INFO - DAG(s) dict_keys(['example_trigger_target_dag']) retrieved from /home/airflow/.local/lib/python3.7/site-packages/airflow/example_dags/example_trigger_target_dag.py
[2024-04-20T05:39:38.869+0000] {logging_mixin.py:117} INFO - [2024-04-20T05:39:38.869+0000] {dag.py:2573} INFO - Sync 1 DAGs
[2024-04-20T05:39:38.904+0000] {logging_mixin.py:117} INFO - [2024-04-20T05:39:38.903+0000] {dag.py:3328} INFO - Setting next_dagrun for example_trigger_target_dag to None, run_after=None
[2024-04-20T05:39:38.930+0000] {processor.py:178} INFO - Processing /home/airflow/.local/lib/python3.7/site-packages/airflow/example_dags/example_trigger_target_dag.py took 0.144 seconds
[2024-04-20T05:40:09.735+0000] {processor.py:156} INFO - Started process (PID=3929) to work on /home/airflow/.local/lib/python3.7/site-packages/airflow/example_dags/example_trigger_target_dag.py
[2024-04-20T05:40:09.736+0000] {processor.py:758} INFO - Processing file /home/airflow/.local/lib/python3.7/site-packages/airflow/example_dags/example_trigger_target_dag.py for tasks to queue
[2024-04-20T05:40:09.736+0000] {logging_mixin.py:117} INFO - [2024-04-20T05:40:09.736+0000] {dagbag.py:525} INFO - Filling up the DagBag from /home/airflow/.local/lib/python3.7/site-packages/airflow/example_dags/example_trigger_target_dag.py
[2024-04-20T05:40:09.764+0000] {processor.py:768} INFO - DAG(s) dict_keys(['example_trigger_target_dag']) retrieved from /home/airflow/.local/lib/python3.7/site-packages/airflow/example_dags/example_trigger_target_dag.py
[2024-04-20T05:40:09.810+0000] {logging_mixin.py:117} INFO - [2024-04-20T05:40:09.809+0000] {dag.py:2573} INFO - Sync 1 DAGs
[2024-04-20T05:40:09.841+0000] {logging_mixin.py:117} INFO - [2024-04-20T05:40:09.841+0000] {dag.py:3328} INFO - Setting next_dagrun for example_trigger_target_dag to None, run_after=None
[2024-04-20T05:40:09.886+0000] {processor.py:178} INFO - Processing /home/airflow/.local/lib/python3.7/site-packages/airflow/example_dags/example_trigger_target_dag.py took 0.154 seconds
[2024-04-20T05:40:40.525+0000] {processor.py:156} INFO - Started process (PID=4154) to work on /home/airflow/.local/lib/python3.7/site-packages/airflow/example_dags/example_trigger_target_dag.py
[2024-04-20T05:40:40.525+0000] {processor.py:758} INFO - Processing file /home/airflow/.local/lib/python3.7/site-packages/airflow/example_dags/example_trigger_target_dag.py for tasks to queue
[2024-04-20T05:40:40.526+0000] {logging_mixin.py:117} INFO - [2024-04-20T05:40:40.526+0000] {dagbag.py:525} INFO - Filling up the DagBag from /home/airflow/.local/lib/python3.7/site-packages/airflow/example_dags/example_trigger_target_dag.py
[2024-04-20T05:40:40.554+0000] {processor.py:768} INFO - DAG(s) dict_keys(['example_trigger_target_dag']) retrieved from /home/airflow/.local/lib/python3.7/site-packages/airflow/example_dags/example_trigger_target_dag.py
[2024-04-20T05:40:40.603+0000] {logging_mixin.py:117} INFO - [2024-04-20T05:40:40.602+0000] {dag.py:2573} INFO - Sync 1 DAGs
[2024-04-20T05:40:40.659+0000] {logging_mixin.py:117} INFO - [2024-04-20T05:40:40.659+0000] {dag.py:3328} INFO - Setting next_dagrun for example_trigger_target_dag to None, run_after=None
[2024-04-20T05:40:40.724+0000] {processor.py:178} INFO - Processing /home/airflow/.local/lib/python3.7/site-packages/airflow/example_dags/example_trigger_target_dag.py took 0.202 seconds
[2024-04-20T05:41:10.818+0000] {processor.py:156} INFO - Started process (PID=4385) to work on /home/airflow/.local/lib/python3.7/site-packages/airflow/example_dags/example_trigger_target_dag.py
[2024-04-20T05:41:10.819+0000] {processor.py:758} INFO - Processing file /home/airflow/.local/lib/python3.7/site-packages/airflow/example_dags/example_trigger_target_dag.py for tasks to queue
[2024-04-20T05:41:10.819+0000] {logging_mixin.py:117} INFO - [2024-04-20T05:41:10.819+0000] {dagbag.py:525} INFO - Filling up the DagBag from /home/airflow/.local/lib/python3.7/site-packages/airflow/example_dags/example_trigger_target_dag.py
[2024-04-20T05:41:10.847+0000] {processor.py:768} INFO - DAG(s) dict_keys(['example_trigger_target_dag']) retrieved from /home/airflow/.local/lib/python3.7/site-packages/airflow/example_dags/example_trigger_target_dag.py
[2024-04-20T05:41:10.882+0000] {logging_mixin.py:117} INFO - [2024-04-20T05:41:10.881+0000] {dag.py:2573} INFO - Sync 1 DAGs
[2024-04-20T05:41:10.901+0000] {logging_mixin.py:117} INFO - [2024-04-20T05:41:10.901+0000] {dag.py:3328} INFO - Setting next_dagrun for example_trigger_target_dag to None, run_after=None
[2024-04-20T05:41:10.919+0000] {processor.py:178} INFO - Processing /home/airflow/.local/lib/python3.7/site-packages/airflow/example_dags/example_trigger_target_dag.py took 0.103 seconds
[2024-04-20T05:41:41.331+0000] {processor.py:156} INFO - Started process (PID=4603) to work on /home/airflow/.local/lib/python3.7/site-packages/airflow/example_dags/example_trigger_target_dag.py
[2024-04-20T05:41:41.332+0000] {processor.py:758} INFO - Processing file /home/airflow/.local/lib/python3.7/site-packages/airflow/example_dags/example_trigger_target_dag.py for tasks to queue
[2024-04-20T05:41:41.332+0000] {logging_mixin.py:117} INFO - [2024-04-20T05:41:41.332+0000] {dagbag.py:525} INFO - Filling up the DagBag from /home/airflow/.local/lib/python3.7/site-packages/airflow/example_dags/example_trigger_target_dag.py
[2024-04-20T05:41:41.360+0000] {processor.py:768} INFO - DAG(s) dict_keys(['example_trigger_target_dag']) retrieved from /home/airflow/.local/lib/python3.7/site-packages/airflow/example_dags/example_trigger_target_dag.py
[2024-04-20T05:41:41.410+0000] {logging_mixin.py:117} INFO - [2024-04-20T05:41:41.410+0000] {dag.py:2573} INFO - Sync 1 DAGs
[2024-04-20T05:41:41.440+0000] {logging_mixin.py:117} INFO - [2024-04-20T05:41:41.440+0000] {dag.py:3328} INFO - Setting next_dagrun for example_trigger_target_dag to None, run_after=None
[2024-04-20T05:41:41.465+0000] {processor.py:178} INFO - Processing /home/airflow/.local/lib/python3.7/site-packages/airflow/example_dags/example_trigger_target_dag.py took 0.137 seconds
[2024-04-20T05:42:11.687+0000] {processor.py:156} INFO - Started process (PID=4845) to work on /home/airflow/.local/lib/python3.7/site-packages/airflow/example_dags/example_trigger_target_dag.py
[2024-04-20T05:42:11.687+0000] {processor.py:758} INFO - Processing file /home/airflow/.local/lib/python3.7/site-packages/airflow/example_dags/example_trigger_target_dag.py for tasks to queue
[2024-04-20T05:42:11.688+0000] {logging_mixin.py:117} INFO - [2024-04-20T05:42:11.688+0000] {dagbag.py:525} INFO - Filling up the DagBag from /home/airflow/.local/lib/python3.7/site-packages/airflow/example_dags/example_trigger_target_dag.py
[2024-04-20T05:42:11.708+0000] {processor.py:768} INFO - DAG(s) dict_keys(['example_trigger_target_dag']) retrieved from /home/airflow/.local/lib/python3.7/site-packages/airflow/example_dags/example_trigger_target_dag.py
[2024-04-20T05:42:11.744+0000] {logging_mixin.py:117} INFO - [2024-04-20T05:42:11.744+0000] {dag.py:2573} INFO - Sync 1 DAGs
[2024-04-20T05:42:11.768+0000] {logging_mixin.py:117} INFO - [2024-04-20T05:42:11.768+0000] {dag.py:3328} INFO - Setting next_dagrun for example_trigger_target_dag to None, run_after=None
[2024-04-20T05:42:11.794+0000] {processor.py:178} INFO - Processing /home/airflow/.local/lib/python3.7/site-packages/airflow/example_dags/example_trigger_target_dag.py took 0.110 seconds
[2024-04-20T05:42:42.085+0000] {processor.py:156} INFO - Started process (PID=5110) to work on /home/airflow/.local/lib/python3.7/site-packages/airflow/example_dags/example_trigger_target_dag.py
[2024-04-20T05:42:42.086+0000] {processor.py:758} INFO - Processing file /home/airflow/.local/lib/python3.7/site-packages/airflow/example_dags/example_trigger_target_dag.py for tasks to queue
[2024-04-20T05:42:42.086+0000] {logging_mixin.py:117} INFO - [2024-04-20T05:42:42.086+0000] {dagbag.py:525} INFO - Filling up the DagBag from /home/airflow/.local/lib/python3.7/site-packages/airflow/example_dags/example_trigger_target_dag.py
[2024-04-20T05:42:42.106+0000] {processor.py:768} INFO - DAG(s) dict_keys(['example_trigger_target_dag']) retrieved from /home/airflow/.local/lib/python3.7/site-packages/airflow/example_dags/example_trigger_target_dag.py
[2024-04-20T05:42:42.139+0000] {logging_mixin.py:117} INFO - [2024-04-20T05:42:42.138+0000] {dag.py:2573} INFO - Sync 1 DAGs
[2024-04-20T05:42:42.161+0000] {logging_mixin.py:117} INFO - [2024-04-20T05:42:42.160+0000] {dag.py:3328} INFO - Setting next_dagrun for example_trigger_target_dag to None, run_after=None
[2024-04-20T05:42:42.180+0000] {processor.py:178} INFO - Processing /home/airflow/.local/lib/python3.7/site-packages/airflow/example_dags/example_trigger_target_dag.py took 0.097 seconds
[2024-04-20T05:43:12.836+0000] {processor.py:156} INFO - Started process (PID=5347) to work on /home/airflow/.local/lib/python3.7/site-packages/airflow/example_dags/example_trigger_target_dag.py
[2024-04-20T05:43:12.836+0000] {processor.py:758} INFO - Processing file /home/airflow/.local/lib/python3.7/site-packages/airflow/example_dags/example_trigger_target_dag.py for tasks to queue
[2024-04-20T05:43:12.837+0000] {logging_mixin.py:117} INFO - [2024-04-20T05:43:12.837+0000] {dagbag.py:525} INFO - Filling up the DagBag from /home/airflow/.local/lib/python3.7/site-packages/airflow/example_dags/example_trigger_target_dag.py
[2024-04-20T05:43:12.856+0000] {processor.py:768} INFO - DAG(s) dict_keys(['example_trigger_target_dag']) retrieved from /home/airflow/.local/lib/python3.7/site-packages/airflow/example_dags/example_trigger_target_dag.py
[2024-04-20T05:43:12.894+0000] {logging_mixin.py:117} INFO - [2024-04-20T05:43:12.894+0000] {dag.py:2573} INFO - Sync 1 DAGs
[2024-04-20T05:43:12.913+0000] {logging_mixin.py:117} INFO - [2024-04-20T05:43:12.913+0000] {dag.py:3328} INFO - Setting next_dagrun for example_trigger_target_dag to None, run_after=None
[2024-04-20T05:43:12.932+0000] {processor.py:178} INFO - Processing /home/airflow/.local/lib/python3.7/site-packages/airflow/example_dags/example_trigger_target_dag.py took 0.099 seconds
[2024-04-20T05:43:43.081+0000] {processor.py:156} INFO - Started process (PID=5606) to work on /home/airflow/.local/lib/python3.7/site-packages/airflow/example_dags/example_trigger_target_dag.py
[2024-04-20T05:43:43.081+0000] {processor.py:758} INFO - Processing file /home/airflow/.local/lib/python3.7/site-packages/airflow/example_dags/example_trigger_target_dag.py for tasks to queue
[2024-04-20T05:43:43.082+0000] {logging_mixin.py:117} INFO - [2024-04-20T05:43:43.082+0000] {dagbag.py:525} INFO - Filling up the DagBag from /home/airflow/.local/lib/python3.7/site-packages/airflow/example_dags/example_trigger_target_dag.py
[2024-04-20T05:43:43.102+0000] {processor.py:768} INFO - DAG(s) dict_keys(['example_trigger_target_dag']) retrieved from /home/airflow/.local/lib/python3.7/site-packages/airflow/example_dags/example_trigger_target_dag.py
[2024-04-20T05:43:43.136+0000] {logging_mixin.py:117} INFO - [2024-04-20T05:43:43.136+0000] {dag.py:2573} INFO - Sync 1 DAGs
[2024-04-20T05:43:43.155+0000] {logging_mixin.py:117} INFO - [2024-04-20T05:43:43.155+0000] {dag.py:3328} INFO - Setting next_dagrun for example_trigger_target_dag to None, run_after=None
[2024-04-20T05:43:43.174+0000] {processor.py:178} INFO - Processing /home/airflow/.local/lib/python3.7/site-packages/airflow/example_dags/example_trigger_target_dag.py took 0.096 seconds
[2024-04-20T05:44:14.170+0000] {processor.py:156} INFO - Started process (PID=5828) to work on /home/airflow/.local/lib/python3.7/site-packages/airflow/example_dags/example_trigger_target_dag.py
[2024-04-20T05:44:14.170+0000] {processor.py:758} INFO - Processing file /home/airflow/.local/lib/python3.7/site-packages/airflow/example_dags/example_trigger_target_dag.py for tasks to queue
[2024-04-20T05:44:14.171+0000] {logging_mixin.py:117} INFO - [2024-04-20T05:44:14.171+0000] {dagbag.py:525} INFO - Filling up the DagBag from /home/airflow/.local/lib/python3.7/site-packages/airflow/example_dags/example_trigger_target_dag.py
[2024-04-20T05:44:14.199+0000] {processor.py:768} INFO - DAG(s) dict_keys(['example_trigger_target_dag']) retrieved from /home/airflow/.local/lib/python3.7/site-packages/airflow/example_dags/example_trigger_target_dag.py
[2024-04-20T05:44:14.247+0000] {logging_mixin.py:117} INFO - [2024-04-20T05:44:14.246+0000] {dag.py:2573} INFO - Sync 1 DAGs
[2024-04-20T05:44:14.279+0000] {logging_mixin.py:117} INFO - [2024-04-20T05:44:14.279+0000] {dag.py:3328} INFO - Setting next_dagrun for example_trigger_target_dag to None, run_after=None
[2024-04-20T05:44:14.303+0000] {processor.py:178} INFO - Processing /home/airflow/.local/lib/python3.7/site-packages/airflow/example_dags/example_trigger_target_dag.py took 0.136 seconds
[2024-04-20T05:44:44.436+0000] {processor.py:156} INFO - Started process (PID=6094) to work on /home/airflow/.local/lib/python3.7/site-packages/airflow/example_dags/example_trigger_target_dag.py
[2024-04-20T05:44:44.437+0000] {processor.py:758} INFO - Processing file /home/airflow/.local/lib/python3.7/site-packages/airflow/example_dags/example_trigger_target_dag.py for tasks to queue
[2024-04-20T05:44:44.437+0000] {logging_mixin.py:117} INFO - [2024-04-20T05:44:44.437+0000] {dagbag.py:525} INFO - Filling up the DagBag from /home/airflow/.local/lib/python3.7/site-packages/airflow/example_dags/example_trigger_target_dag.py
[2024-04-20T05:44:44.458+0000] {processor.py:768} INFO - DAG(s) dict_keys(['example_trigger_target_dag']) retrieved from /home/airflow/.local/lib/python3.7/site-packages/airflow/example_dags/example_trigger_target_dag.py
[2024-04-20T05:44:44.493+0000] {logging_mixin.py:117} INFO - [2024-04-20T05:44:44.493+0000] {dag.py:2573} INFO - Sync 1 DAGs
[2024-04-20T05:44:44.519+0000] {logging_mixin.py:117} INFO - [2024-04-20T05:44:44.519+0000] {dag.py:3328} INFO - Setting next_dagrun for example_trigger_target_dag to None, run_after=None
[2024-04-20T05:44:44.538+0000] {processor.py:178} INFO - Processing /home/airflow/.local/lib/python3.7/site-packages/airflow/example_dags/example_trigger_target_dag.py took 0.105 seconds
[2024-04-20T05:45:14.821+0000] {processor.py:156} INFO - Started process (PID=6352) to work on /home/airflow/.local/lib/python3.7/site-packages/airflow/example_dags/example_trigger_target_dag.py
[2024-04-20T05:45:14.821+0000] {processor.py:758} INFO - Processing file /home/airflow/.local/lib/python3.7/site-packages/airflow/example_dags/example_trigger_target_dag.py for tasks to queue
[2024-04-20T05:45:14.822+0000] {logging_mixin.py:117} INFO - [2024-04-20T05:45:14.822+0000] {dagbag.py:525} INFO - Filling up the DagBag from /home/airflow/.local/lib/python3.7/site-packages/airflow/example_dags/example_trigger_target_dag.py
[2024-04-20T05:45:14.842+0000] {processor.py:768} INFO - DAG(s) dict_keys(['example_trigger_target_dag']) retrieved from /home/airflow/.local/lib/python3.7/site-packages/airflow/example_dags/example_trigger_target_dag.py
[2024-04-20T05:45:14.875+0000] {logging_mixin.py:117} INFO - [2024-04-20T05:45:14.875+0000] {dag.py:2573} INFO - Sync 1 DAGs
[2024-04-20T05:45:14.895+0000] {logging_mixin.py:117} INFO - [2024-04-20T05:45:14.895+0000] {dag.py:3328} INFO - Setting next_dagrun for example_trigger_target_dag to None, run_after=None
[2024-04-20T05:45:14.913+0000] {processor.py:178} INFO - Processing /home/airflow/.local/lib/python3.7/site-packages/airflow/example_dags/example_trigger_target_dag.py took 0.095 seconds
[2024-04-20T05:45:45.211+0000] {processor.py:156} INFO - Started process (PID=6618) to work on /home/airflow/.local/lib/python3.7/site-packages/airflow/example_dags/example_trigger_target_dag.py
[2024-04-20T05:45:45.212+0000] {processor.py:758} INFO - Processing file /home/airflow/.local/lib/python3.7/site-packages/airflow/example_dags/example_trigger_target_dag.py for tasks to queue
[2024-04-20T05:45:45.213+0000] {logging_mixin.py:117} INFO - [2024-04-20T05:45:45.213+0000] {dagbag.py:525} INFO - Filling up the DagBag from /home/airflow/.local/lib/python3.7/site-packages/airflow/example_dags/example_trigger_target_dag.py
[2024-04-20T05:45:45.239+0000] {processor.py:768} INFO - DAG(s) dict_keys(['example_trigger_target_dag']) retrieved from /home/airflow/.local/lib/python3.7/site-packages/airflow/example_dags/example_trigger_target_dag.py
[2024-04-20T05:45:45.282+0000] {logging_mixin.py:117} INFO - [2024-04-20T05:45:45.282+0000] {dag.py:2573} INFO - Sync 1 DAGs
[2024-04-20T05:45:45.303+0000] {logging_mixin.py:117} INFO - [2024-04-20T05:45:45.302+0000] {dag.py:3328} INFO - Setting next_dagrun for example_trigger_target_dag to None, run_after=None
[2024-04-20T05:45:45.321+0000] {processor.py:178} INFO - Processing /home/airflow/.local/lib/python3.7/site-packages/airflow/example_dags/example_trigger_target_dag.py took 0.114 seconds
[2024-04-20T05:46:15.570+0000] {processor.py:156} INFO - Started process (PID=6872) to work on /home/airflow/.local/lib/python3.7/site-packages/airflow/example_dags/example_trigger_target_dag.py
[2024-04-20T05:46:15.571+0000] {processor.py:758} INFO - Processing file /home/airflow/.local/lib/python3.7/site-packages/airflow/example_dags/example_trigger_target_dag.py for tasks to queue
[2024-04-20T05:46:15.571+0000] {logging_mixin.py:117} INFO - [2024-04-20T05:46:15.571+0000] {dagbag.py:525} INFO - Filling up the DagBag from /home/airflow/.local/lib/python3.7/site-packages/airflow/example_dags/example_trigger_target_dag.py
[2024-04-20T05:46:15.598+0000] {processor.py:768} INFO - DAG(s) dict_keys(['example_trigger_target_dag']) retrieved from /home/airflow/.local/lib/python3.7/site-packages/airflow/example_dags/example_trigger_target_dag.py
[2024-04-20T05:46:15.698+0000] {logging_mixin.py:117} INFO - [2024-04-20T05:46:15.698+0000] {dag.py:2573} INFO - Sync 1 DAGs
[2024-04-20T05:46:15.729+0000] {logging_mixin.py:117} INFO - [2024-04-20T05:46:15.729+0000] {dag.py:3328} INFO - Setting next_dagrun for example_trigger_target_dag to None, run_after=None
[2024-04-20T05:46:15.749+0000] {processor.py:178} INFO - Processing /home/airflow/.local/lib/python3.7/site-packages/airflow/example_dags/example_trigger_target_dag.py took 0.182 seconds
[2024-04-20T05:46:46.217+0000] {processor.py:156} INFO - Started process (PID=7135) to work on /home/airflow/.local/lib/python3.7/site-packages/airflow/example_dags/example_trigger_target_dag.py
[2024-04-20T05:46:46.218+0000] {processor.py:758} INFO - Processing file /home/airflow/.local/lib/python3.7/site-packages/airflow/example_dags/example_trigger_target_dag.py for tasks to queue
[2024-04-20T05:46:46.219+0000] {logging_mixin.py:117} INFO - [2024-04-20T05:46:46.219+0000] {dagbag.py:525} INFO - Filling up the DagBag from /home/airflow/.local/lib/python3.7/site-packages/airflow/example_dags/example_trigger_target_dag.py
[2024-04-20T05:46:46.246+0000] {processor.py:768} INFO - DAG(s) dict_keys(['example_trigger_target_dag']) retrieved from /home/airflow/.local/lib/python3.7/site-packages/airflow/example_dags/example_trigger_target_dag.py
[2024-04-20T05:46:46.294+0000] {logging_mixin.py:117} INFO - [2024-04-20T05:46:46.294+0000] {dag.py:2573} INFO - Sync 1 DAGs
[2024-04-20T05:46:46.325+0000] {logging_mixin.py:117} INFO - [2024-04-20T05:46:46.325+0000] {dag.py:3328} INFO - Setting next_dagrun for example_trigger_target_dag to None, run_after=None
[2024-04-20T05:46:46.349+0000] {processor.py:178} INFO - Processing /home/airflow/.local/lib/python3.7/site-packages/airflow/example_dags/example_trigger_target_dag.py took 0.135 seconds
[2024-04-20T05:47:16.936+0000] {processor.py:156} INFO - Started process (PID=7371) to work on /home/airflow/.local/lib/python3.7/site-packages/airflow/example_dags/example_trigger_target_dag.py
[2024-04-20T05:47:16.937+0000] {processor.py:758} INFO - Processing file /home/airflow/.local/lib/python3.7/site-packages/airflow/example_dags/example_trigger_target_dag.py for tasks to queue
[2024-04-20T05:47:16.942+0000] {logging_mixin.py:117} INFO - [2024-04-20T05:47:16.942+0000] {dagbag.py:525} INFO - Filling up the DagBag from /home/airflow/.local/lib/python3.7/site-packages/airflow/example_dags/example_trigger_target_dag.py
[2024-04-20T05:47:17.030+0000] {processor.py:768} INFO - DAG(s) dict_keys(['example_trigger_target_dag']) retrieved from /home/airflow/.local/lib/python3.7/site-packages/airflow/example_dags/example_trigger_target_dag.py
[2024-04-20T05:47:17.138+0000] {logging_mixin.py:117} INFO - [2024-04-20T05:47:17.138+0000] {dag.py:2573} INFO - Sync 1 DAGs
[2024-04-20T05:47:17.174+0000] {logging_mixin.py:117} INFO - [2024-04-20T05:47:17.174+0000] {dag.py:3328} INFO - Setting next_dagrun for example_trigger_target_dag to None, run_after=None
[2024-04-20T05:47:17.197+0000] {processor.py:178} INFO - Processing /home/airflow/.local/lib/python3.7/site-packages/airflow/example_dags/example_trigger_target_dag.py took 0.266 seconds
[2024-04-20T05:47:47.782+0000] {processor.py:156} INFO - Started process (PID=7628) to work on /home/airflow/.local/lib/python3.7/site-packages/airflow/example_dags/example_trigger_target_dag.py
[2024-04-20T05:47:47.783+0000] {processor.py:758} INFO - Processing file /home/airflow/.local/lib/python3.7/site-packages/airflow/example_dags/example_trigger_target_dag.py for tasks to queue
[2024-04-20T05:47:47.783+0000] {logging_mixin.py:117} INFO - [2024-04-20T05:47:47.783+0000] {dagbag.py:525} INFO - Filling up the DagBag from /home/airflow/.local/lib/python3.7/site-packages/airflow/example_dags/example_trigger_target_dag.py
[2024-04-20T05:47:47.803+0000] {processor.py:768} INFO - DAG(s) dict_keys(['example_trigger_target_dag']) retrieved from /home/airflow/.local/lib/python3.7/site-packages/airflow/example_dags/example_trigger_target_dag.py
[2024-04-20T05:47:47.848+0000] {logging_mixin.py:117} INFO - [2024-04-20T05:47:47.848+0000] {dag.py:2573} INFO - Sync 1 DAGs
[2024-04-20T05:47:47.870+0000] {logging_mixin.py:117} INFO - [2024-04-20T05:47:47.869+0000] {dag.py:3328} INFO - Setting next_dagrun for example_trigger_target_dag to None, run_after=None
[2024-04-20T05:47:47.889+0000] {processor.py:178} INFO - Processing /home/airflow/.local/lib/python3.7/site-packages/airflow/example_dags/example_trigger_target_dag.py took 0.109 seconds
[2024-04-20T05:48:18.145+0000] {processor.py:156} INFO - Started process (PID=7886) to work on /home/airflow/.local/lib/python3.7/site-packages/airflow/example_dags/example_trigger_target_dag.py
[2024-04-20T05:48:18.145+0000] {processor.py:758} INFO - Processing file /home/airflow/.local/lib/python3.7/site-packages/airflow/example_dags/example_trigger_target_dag.py for tasks to queue
[2024-04-20T05:48:18.146+0000] {logging_mixin.py:117} INFO - [2024-04-20T05:48:18.146+0000] {dagbag.py:525} INFO - Filling up the DagBag from /home/airflow/.local/lib/python3.7/site-packages/airflow/example_dags/example_trigger_target_dag.py
[2024-04-20T05:48:18.174+0000] {processor.py:768} INFO - DAG(s) dict_keys(['example_trigger_target_dag']) retrieved from /home/airflow/.local/lib/python3.7/site-packages/airflow/example_dags/example_trigger_target_dag.py
[2024-04-20T05:48:18.234+0000] {logging_mixin.py:117} INFO - [2024-04-20T05:48:18.234+0000] {dag.py:2573} INFO - Sync 1 DAGs
[2024-04-20T05:48:18.271+0000] {logging_mixin.py:117} INFO - [2024-04-20T05:48:18.271+0000] {dag.py:3328} INFO - Setting next_dagrun for example_trigger_target_dag to None, run_after=None
[2024-04-20T05:48:18.327+0000] {processor.py:178} INFO - Processing /home/airflow/.local/lib/python3.7/site-packages/airflow/example_dags/example_trigger_target_dag.py took 0.186 seconds
[2024-04-20T05:48:48.592+0000] {processor.py:156} INFO - Started process (PID=8109) to work on /home/airflow/.local/lib/python3.7/site-packages/airflow/example_dags/example_trigger_target_dag.py
[2024-04-20T05:48:48.595+0000] {processor.py:758} INFO - Processing file /home/airflow/.local/lib/python3.7/site-packages/airflow/example_dags/example_trigger_target_dag.py for tasks to queue
[2024-04-20T05:48:48.595+0000] {logging_mixin.py:117} INFO - [2024-04-20T05:48:48.595+0000] {dagbag.py:525} INFO - Filling up the DagBag from /home/airflow/.local/lib/python3.7/site-packages/airflow/example_dags/example_trigger_target_dag.py
[2024-04-20T05:48:48.622+0000] {processor.py:768} INFO - DAG(s) dict_keys(['example_trigger_target_dag']) retrieved from /home/airflow/.local/lib/python3.7/site-packages/airflow/example_dags/example_trigger_target_dag.py
[2024-04-20T05:48:48.698+0000] {logging_mixin.py:117} INFO - [2024-04-20T05:48:48.698+0000] {dag.py:2573} INFO - Sync 1 DAGs
[2024-04-20T05:48:48.730+0000] {logging_mixin.py:117} INFO - [2024-04-20T05:48:48.730+0000] {dag.py:3328} INFO - Setting next_dagrun for example_trigger_target_dag to None, run_after=None
[2024-04-20T05:48:48.753+0000] {processor.py:178} INFO - Processing /home/airflow/.local/lib/python3.7/site-packages/airflow/example_dags/example_trigger_target_dag.py took 0.165 seconds
[2024-04-20T05:49:19.180+0000] {processor.py:156} INFO - Started process (PID=8349) to work on /home/airflow/.local/lib/python3.7/site-packages/airflow/example_dags/example_trigger_target_dag.py
[2024-04-20T05:49:19.180+0000] {processor.py:758} INFO - Processing file /home/airflow/.local/lib/python3.7/site-packages/airflow/example_dags/example_trigger_target_dag.py for tasks to queue
[2024-04-20T05:49:19.181+0000] {logging_mixin.py:117} INFO - [2024-04-20T05:49:19.181+0000] {dagbag.py:525} INFO - Filling up the DagBag from /home/airflow/.local/lib/python3.7/site-packages/airflow/example_dags/example_trigger_target_dag.py
[2024-04-20T05:49:19.200+0000] {processor.py:768} INFO - DAG(s) dict_keys(['example_trigger_target_dag']) retrieved from /home/airflow/.local/lib/python3.7/site-packages/airflow/example_dags/example_trigger_target_dag.py
[2024-04-20T05:49:19.234+0000] {logging_mixin.py:117} INFO - [2024-04-20T05:49:19.234+0000] {dag.py:2573} INFO - Sync 1 DAGs
[2024-04-20T05:49:19.254+0000] {logging_mixin.py:117} INFO - [2024-04-20T05:49:19.254+0000] {dag.py:3328} INFO - Setting next_dagrun for example_trigger_target_dag to None, run_after=None
[2024-04-20T05:49:19.273+0000] {processor.py:178} INFO - Processing /home/airflow/.local/lib/python3.7/site-packages/airflow/example_dags/example_trigger_target_dag.py took 0.096 seconds
[2024-04-20T05:49:49.769+0000] {processor.py:156} INFO - Started process (PID=8595) to work on /home/airflow/.local/lib/python3.7/site-packages/airflow/example_dags/example_trigger_target_dag.py
[2024-04-20T05:49:49.774+0000] {processor.py:758} INFO - Processing file /home/airflow/.local/lib/python3.7/site-packages/airflow/example_dags/example_trigger_target_dag.py for tasks to queue
[2024-04-20T05:49:49.775+0000] {logging_mixin.py:117} INFO - [2024-04-20T05:49:49.775+0000] {dagbag.py:525} INFO - Filling up the DagBag from /home/airflow/.local/lib/python3.7/site-packages/airflow/example_dags/example_trigger_target_dag.py
[2024-04-20T05:49:49.808+0000] {processor.py:768} INFO - DAG(s) dict_keys(['example_trigger_target_dag']) retrieved from /home/airflow/.local/lib/python3.7/site-packages/airflow/example_dags/example_trigger_target_dag.py
[2024-04-20T05:49:49.916+0000] {logging_mixin.py:117} INFO - [2024-04-20T05:49:49.916+0000] {dag.py:2573} INFO - Sync 1 DAGs
[2024-04-20T05:49:49.962+0000] {logging_mixin.py:117} INFO - [2024-04-20T05:49:49.962+0000] {dag.py:3328} INFO - Setting next_dagrun for example_trigger_target_dag to None, run_after=None
[2024-04-20T05:49:49.992+0000] {processor.py:178} INFO - Processing /home/airflow/.local/lib/python3.7/site-packages/airflow/example_dags/example_trigger_target_dag.py took 0.226 seconds
[2024-04-20T05:50:20.359+0000] {processor.py:156} INFO - Started process (PID=8828) to work on /home/airflow/.local/lib/python3.7/site-packages/airflow/example_dags/example_trigger_target_dag.py
[2024-04-20T05:50:20.373+0000] {processor.py:758} INFO - Processing file /home/airflow/.local/lib/python3.7/site-packages/airflow/example_dags/example_trigger_target_dag.py for tasks to queue
[2024-04-20T05:50:20.374+0000] {logging_mixin.py:117} INFO - [2024-04-20T05:50:20.374+0000] {dagbag.py:525} INFO - Filling up the DagBag from /home/airflow/.local/lib/python3.7/site-packages/airflow/example_dags/example_trigger_target_dag.py
[2024-04-20T05:50:20.412+0000] {processor.py:768} INFO - DAG(s) dict_keys(['example_trigger_target_dag']) retrieved from /home/airflow/.local/lib/python3.7/site-packages/airflow/example_dags/example_trigger_target_dag.py
[2024-04-20T05:50:20.549+0000] {logging_mixin.py:117} INFO - [2024-04-20T05:50:20.548+0000] {dag.py:2573} INFO - Sync 1 DAGs
[2024-04-20T05:50:20.597+0000] {logging_mixin.py:117} INFO - [2024-04-20T05:50:20.597+0000] {dag.py:3328} INFO - Setting next_dagrun for example_trigger_target_dag to None, run_after=None
[2024-04-20T05:50:20.633+0000] {processor.py:178} INFO - Processing /home/airflow/.local/lib/python3.7/site-packages/airflow/example_dags/example_trigger_target_dag.py took 0.278 seconds
[2024-04-20T05:50:51.192+0000] {processor.py:156} INFO - Started process (PID=9056) to work on /home/airflow/.local/lib/python3.7/site-packages/airflow/example_dags/example_trigger_target_dag.py
[2024-04-20T05:50:51.193+0000] {processor.py:758} INFO - Processing file /home/airflow/.local/lib/python3.7/site-packages/airflow/example_dags/example_trigger_target_dag.py for tasks to queue
[2024-04-20T05:50:51.193+0000] {logging_mixin.py:117} INFO - [2024-04-20T05:50:51.193+0000] {dagbag.py:525} INFO - Filling up the DagBag from /home/airflow/.local/lib/python3.7/site-packages/airflow/example_dags/example_trigger_target_dag.py
[2024-04-20T05:50:51.223+0000] {processor.py:768} INFO - DAG(s) dict_keys(['example_trigger_target_dag']) retrieved from /home/airflow/.local/lib/python3.7/site-packages/airflow/example_dags/example_trigger_target_dag.py
[2024-04-20T05:50:51.274+0000] {logging_mixin.py:117} INFO - [2024-04-20T05:50:51.274+0000] {dag.py:2573} INFO - Sync 1 DAGs
[2024-04-20T05:50:51.312+0000] {logging_mixin.py:117} INFO - [2024-04-20T05:50:51.312+0000] {dag.py:3328} INFO - Setting next_dagrun for example_trigger_target_dag to None, run_after=None
[2024-04-20T05:50:51.339+0000] {processor.py:178} INFO - Processing /home/airflow/.local/lib/python3.7/site-packages/airflow/example_dags/example_trigger_target_dag.py took 0.149 seconds
[2024-04-20T05:51:21.677+0000] {processor.py:156} INFO - Started process (PID=9283) to work on /home/airflow/.local/lib/python3.7/site-packages/airflow/example_dags/example_trigger_target_dag.py
[2024-04-20T05:51:21.677+0000] {processor.py:758} INFO - Processing file /home/airflow/.local/lib/python3.7/site-packages/airflow/example_dags/example_trigger_target_dag.py for tasks to queue
[2024-04-20T05:51:21.678+0000] {logging_mixin.py:117} INFO - [2024-04-20T05:51:21.678+0000] {dagbag.py:525} INFO - Filling up the DagBag from /home/airflow/.local/lib/python3.7/site-packages/airflow/example_dags/example_trigger_target_dag.py
[2024-04-20T05:51:21.705+0000] {processor.py:768} INFO - DAG(s) dict_keys(['example_trigger_target_dag']) retrieved from /home/airflow/.local/lib/python3.7/site-packages/airflow/example_dags/example_trigger_target_dag.py
[2024-04-20T05:51:21.793+0000] {logging_mixin.py:117} INFO - [2024-04-20T05:51:21.792+0000] {dag.py:2573} INFO - Sync 1 DAGs
[2024-04-20T05:51:21.828+0000] {logging_mixin.py:117} INFO - [2024-04-20T05:51:21.828+0000] {dag.py:3328} INFO - Setting next_dagrun for example_trigger_target_dag to None, run_after=None
[2024-04-20T05:51:21.870+0000] {processor.py:178} INFO - Processing /home/airflow/.local/lib/python3.7/site-packages/airflow/example_dags/example_trigger_target_dag.py took 0.197 seconds
[2024-04-20T05:51:52.077+0000] {processor.py:156} INFO - Started process (PID=9505) to work on /home/airflow/.local/lib/python3.7/site-packages/airflow/example_dags/example_trigger_target_dag.py
[2024-04-20T05:51:52.078+0000] {processor.py:758} INFO - Processing file /home/airflow/.local/lib/python3.7/site-packages/airflow/example_dags/example_trigger_target_dag.py for tasks to queue
[2024-04-20T05:51:52.078+0000] {logging_mixin.py:117} INFO - [2024-04-20T05:51:52.078+0000] {dagbag.py:525} INFO - Filling up the DagBag from /home/airflow/.local/lib/python3.7/site-packages/airflow/example_dags/example_trigger_target_dag.py
[2024-04-20T05:51:52.097+0000] {processor.py:768} INFO - DAG(s) dict_keys(['example_trigger_target_dag']) retrieved from /home/airflow/.local/lib/python3.7/site-packages/airflow/example_dags/example_trigger_target_dag.py
[2024-04-20T05:51:52.131+0000] {logging_mixin.py:117} INFO - [2024-04-20T05:51:52.131+0000] {dag.py:2573} INFO - Sync 1 DAGs
[2024-04-20T05:51:52.151+0000] {logging_mixin.py:117} INFO - [2024-04-20T05:51:52.151+0000] {dag.py:3328} INFO - Setting next_dagrun for example_trigger_target_dag to None, run_after=None
[2024-04-20T05:51:52.169+0000] {processor.py:178} INFO - Processing /home/airflow/.local/lib/python3.7/site-packages/airflow/example_dags/example_trigger_target_dag.py took 0.095 seconds
[2024-04-20T05:52:22.253+0000] {processor.py:156} INFO - Started process (PID=9733) to work on /home/airflow/.local/lib/python3.7/site-packages/airflow/example_dags/example_trigger_target_dag.py
[2024-04-20T05:52:22.253+0000] {processor.py:758} INFO - Processing file /home/airflow/.local/lib/python3.7/site-packages/airflow/example_dags/example_trigger_target_dag.py for tasks to queue
[2024-04-20T05:52:22.254+0000] {logging_mixin.py:117} INFO - [2024-04-20T05:52:22.254+0000] {dagbag.py:525} INFO - Filling up the DagBag from /home/airflow/.local/lib/python3.7/site-packages/airflow/example_dags/example_trigger_target_dag.py
[2024-04-20T05:52:22.273+0000] {processor.py:768} INFO - DAG(s) dict_keys(['example_trigger_target_dag']) retrieved from /home/airflow/.local/lib/python3.7/site-packages/airflow/example_dags/example_trigger_target_dag.py
[2024-04-20T05:52:22.306+0000] {logging_mixin.py:117} INFO - [2024-04-20T05:52:22.306+0000] {dag.py:2573} INFO - Sync 1 DAGs
[2024-04-20T05:52:22.331+0000] {logging_mixin.py:117} INFO - [2024-04-20T05:52:22.331+0000] {dag.py:3328} INFO - Setting next_dagrun for example_trigger_target_dag to None, run_after=None
[2024-04-20T05:52:22.358+0000] {processor.py:178} INFO - Processing /home/airflow/.local/lib/python3.7/site-packages/airflow/example_dags/example_trigger_target_dag.py took 0.107 seconds
[2024-04-20T05:52:52.546+0000] {processor.py:156} INFO - Started process (PID=9949) to work on /home/airflow/.local/lib/python3.7/site-packages/airflow/example_dags/example_trigger_target_dag.py
[2024-04-20T05:52:52.547+0000] {processor.py:758} INFO - Processing file /home/airflow/.local/lib/python3.7/site-packages/airflow/example_dags/example_trigger_target_dag.py for tasks to queue
[2024-04-20T05:52:52.547+0000] {logging_mixin.py:117} INFO - [2024-04-20T05:52:52.547+0000] {dagbag.py:525} INFO - Filling up the DagBag from /home/airflow/.local/lib/python3.7/site-packages/airflow/example_dags/example_trigger_target_dag.py
[2024-04-20T05:52:52.575+0000] {processor.py:768} INFO - DAG(s) dict_keys(['example_trigger_target_dag']) retrieved from /home/airflow/.local/lib/python3.7/site-packages/airflow/example_dags/example_trigger_target_dag.py
[2024-04-20T05:52:52.621+0000] {logging_mixin.py:117} INFO - [2024-04-20T05:52:52.621+0000] {dag.py:2573} INFO - Sync 1 DAGs
[2024-04-20T05:52:52.653+0000] {logging_mixin.py:117} INFO - [2024-04-20T05:52:52.653+0000] {dag.py:3328} INFO - Setting next_dagrun for example_trigger_target_dag to None, run_after=None
[2024-04-20T05:52:52.676+0000] {processor.py:178} INFO - Processing /home/airflow/.local/lib/python3.7/site-packages/airflow/example_dags/example_trigger_target_dag.py took 0.133 seconds
[2024-04-20T05:53:22.967+0000] {processor.py:156} INFO - Started process (PID=10186) to work on /home/airflow/.local/lib/python3.7/site-packages/airflow/example_dags/example_trigger_target_dag.py
[2024-04-20T05:53:22.968+0000] {processor.py:758} INFO - Processing file /home/airflow/.local/lib/python3.7/site-packages/airflow/example_dags/example_trigger_target_dag.py for tasks to queue
[2024-04-20T05:53:22.969+0000] {logging_mixin.py:117} INFO - [2024-04-20T05:53:22.968+0000] {dagbag.py:525} INFO - Filling up the DagBag from /home/airflow/.local/lib/python3.7/site-packages/airflow/example_dags/example_trigger_target_dag.py
[2024-04-20T05:53:22.996+0000] {processor.py:768} INFO - DAG(s) dict_keys(['example_trigger_target_dag']) retrieved from /home/airflow/.local/lib/python3.7/site-packages/airflow/example_dags/example_trigger_target_dag.py
[2024-04-20T05:53:23.056+0000] {logging_mixin.py:117} INFO - [2024-04-20T05:53:23.056+0000] {dag.py:2573} INFO - Sync 1 DAGs
[2024-04-20T05:53:23.086+0000] {logging_mixin.py:117} INFO - [2024-04-20T05:53:23.086+0000] {dag.py:3328} INFO - Setting next_dagrun for example_trigger_target_dag to None, run_after=None
[2024-04-20T05:53:23.110+0000] {processor.py:178} INFO - Processing /home/airflow/.local/lib/python3.7/site-packages/airflow/example_dags/example_trigger_target_dag.py took 0.146 seconds
[2024-04-20T05:53:53.736+0000] {processor.py:156} INFO - Started process (PID=10414) to work on /home/airflow/.local/lib/python3.7/site-packages/airflow/example_dags/example_trigger_target_dag.py
[2024-04-20T05:53:53.736+0000] {processor.py:758} INFO - Processing file /home/airflow/.local/lib/python3.7/site-packages/airflow/example_dags/example_trigger_target_dag.py for tasks to queue
[2024-04-20T05:53:53.737+0000] {logging_mixin.py:117} INFO - [2024-04-20T05:53:53.737+0000] {dagbag.py:525} INFO - Filling up the DagBag from /home/airflow/.local/lib/python3.7/site-packages/airflow/example_dags/example_trigger_target_dag.py
[2024-04-20T05:53:53.771+0000] {processor.py:768} INFO - DAG(s) dict_keys(['example_trigger_target_dag']) retrieved from /home/airflow/.local/lib/python3.7/site-packages/airflow/example_dags/example_trigger_target_dag.py
[2024-04-20T05:53:53.818+0000] {logging_mixin.py:117} INFO - [2024-04-20T05:53:53.818+0000] {dag.py:2573} INFO - Sync 1 DAGs
[2024-04-20T05:53:53.854+0000] {logging_mixin.py:117} INFO - [2024-04-20T05:53:53.854+0000] {dag.py:3328} INFO - Setting next_dagrun for example_trigger_target_dag to None, run_after=None
[2024-04-20T05:53:53.879+0000] {processor.py:178} INFO - Processing /home/airflow/.local/lib/python3.7/site-packages/airflow/example_dags/example_trigger_target_dag.py took 0.147 seconds
[2024-04-20T05:54:24.287+0000] {processor.py:156} INFO - Started process (PID=10648) to work on /home/airflow/.local/lib/python3.7/site-packages/airflow/example_dags/example_trigger_target_dag.py
[2024-04-20T05:54:24.288+0000] {processor.py:758} INFO - Processing file /home/airflow/.local/lib/python3.7/site-packages/airflow/example_dags/example_trigger_target_dag.py for tasks to queue
[2024-04-20T05:54:24.288+0000] {logging_mixin.py:117} INFO - [2024-04-20T05:54:24.288+0000] {dagbag.py:525} INFO - Filling up the DagBag from /home/airflow/.local/lib/python3.7/site-packages/airflow/example_dags/example_trigger_target_dag.py
[2024-04-20T05:54:24.317+0000] {processor.py:768} INFO - DAG(s) dict_keys(['example_trigger_target_dag']) retrieved from /home/airflow/.local/lib/python3.7/site-packages/airflow/example_dags/example_trigger_target_dag.py
[2024-04-20T05:54:24.363+0000] {logging_mixin.py:117} INFO - [2024-04-20T05:54:24.363+0000] {dag.py:2573} INFO - Sync 1 DAGs
[2024-04-20T05:54:24.405+0000] {logging_mixin.py:117} INFO - [2024-04-20T05:54:24.404+0000] {dag.py:3328} INFO - Setting next_dagrun for example_trigger_target_dag to None, run_after=None
[2024-04-20T05:54:24.455+0000] {processor.py:178} INFO - Processing /home/airflow/.local/lib/python3.7/site-packages/airflow/example_dags/example_trigger_target_dag.py took 0.171 seconds
[2024-04-20T05:54:54.998+0000] {processor.py:156} INFO - Started process (PID=10875) to work on /home/airflow/.local/lib/python3.7/site-packages/airflow/example_dags/example_trigger_target_dag.py
[2024-04-20T05:54:55.000+0000] {processor.py:758} INFO - Processing file /home/airflow/.local/lib/python3.7/site-packages/airflow/example_dags/example_trigger_target_dag.py for tasks to queue
[2024-04-20T05:54:55.001+0000] {logging_mixin.py:117} INFO - [2024-04-20T05:54:55.001+0000] {dagbag.py:525} INFO - Filling up the DagBag from /home/airflow/.local/lib/python3.7/site-packages/airflow/example_dags/example_trigger_target_dag.py
[2024-04-20T05:54:55.108+0000] {processor.py:768} INFO - DAG(s) dict_keys(['example_trigger_target_dag']) retrieved from /home/airflow/.local/lib/python3.7/site-packages/airflow/example_dags/example_trigger_target_dag.py
[2024-04-20T05:54:55.188+0000] {logging_mixin.py:117} INFO - [2024-04-20T05:54:55.187+0000] {dag.py:2573} INFO - Sync 1 DAGs
[2024-04-20T05:54:55.216+0000] {logging_mixin.py:117} INFO - [2024-04-20T05:54:55.216+0000] {dag.py:3328} INFO - Setting next_dagrun for example_trigger_target_dag to None, run_after=None
[2024-04-20T05:54:55.238+0000] {processor.py:178} INFO - Processing /home/airflow/.local/lib/python3.7/site-packages/airflow/example_dags/example_trigger_target_dag.py took 0.247 seconds
[2024-04-20T05:55:25.522+0000] {processor.py:156} INFO - Started process (PID=11101) to work on /home/airflow/.local/lib/python3.7/site-packages/airflow/example_dags/example_trigger_target_dag.py
[2024-04-20T05:55:25.523+0000] {processor.py:758} INFO - Processing file /home/airflow/.local/lib/python3.7/site-packages/airflow/example_dags/example_trigger_target_dag.py for tasks to queue
[2024-04-20T05:55:25.524+0000] {logging_mixin.py:117} INFO - [2024-04-20T05:55:25.523+0000] {dagbag.py:525} INFO - Filling up the DagBag from /home/airflow/.local/lib/python3.7/site-packages/airflow/example_dags/example_trigger_target_dag.py
[2024-04-20T05:55:25.575+0000] {processor.py:768} INFO - DAG(s) dict_keys(['example_trigger_target_dag']) retrieved from /home/airflow/.local/lib/python3.7/site-packages/airflow/example_dags/example_trigger_target_dag.py
[2024-04-20T05:55:25.658+0000] {logging_mixin.py:117} INFO - [2024-04-20T05:55:25.658+0000] {dag.py:2573} INFO - Sync 1 DAGs
[2024-04-20T05:55:25.706+0000] {logging_mixin.py:117} INFO - [2024-04-20T05:55:25.706+0000] {dag.py:3328} INFO - Setting next_dagrun for example_trigger_target_dag to None, run_after=None
[2024-04-20T05:55:25.736+0000] {processor.py:178} INFO - Processing /home/airflow/.local/lib/python3.7/site-packages/airflow/example_dags/example_trigger_target_dag.py took 0.217 seconds
[2024-04-20T05:56:45.481+0000] {processor.py:156} INFO - Started process (PID=315) to work on /home/airflow/.local/lib/python3.7/site-packages/airflow/example_dags/example_trigger_target_dag.py
[2024-04-20T05:56:45.490+0000] {processor.py:758} INFO - Processing file /home/airflow/.local/lib/python3.7/site-packages/airflow/example_dags/example_trigger_target_dag.py for tasks to queue
[2024-04-20T05:56:45.491+0000] {logging_mixin.py:117} INFO - [2024-04-20T05:56:45.491+0000] {dagbag.py:525} INFO - Filling up the DagBag from /home/airflow/.local/lib/python3.7/site-packages/airflow/example_dags/example_trigger_target_dag.py
[2024-04-20T05:56:45.602+0000] {processor.py:768} INFO - DAG(s) dict_keys(['example_trigger_target_dag']) retrieved from /home/airflow/.local/lib/python3.7/site-packages/airflow/example_dags/example_trigger_target_dag.py
[2024-04-20T05:56:45.768+0000] {logging_mixin.py:117} INFO - [2024-04-20T05:56:45.768+0000] {dag.py:2573} INFO - Sync 1 DAGs
[2024-04-20T05:56:45.875+0000] {logging_mixin.py:117} INFO - [2024-04-20T05:56:45.875+0000] {dag.py:3328} INFO - Setting next_dagrun for example_trigger_target_dag to None, run_after=None
[2024-04-20T05:56:46.502+0000] {processor.py:178} INFO - Processing /home/airflow/.local/lib/python3.7/site-packages/airflow/example_dags/example_trigger_target_dag.py took 1.025 seconds
[2024-04-20T05:57:17.134+0000] {processor.py:156} INFO - Started process (PID=535) to work on /home/airflow/.local/lib/python3.7/site-packages/airflow/example_dags/example_trigger_target_dag.py
[2024-04-20T05:57:17.134+0000] {processor.py:758} INFO - Processing file /home/airflow/.local/lib/python3.7/site-packages/airflow/example_dags/example_trigger_target_dag.py for tasks to queue
[2024-04-20T05:57:17.135+0000] {logging_mixin.py:117} INFO - [2024-04-20T05:57:17.135+0000] {dagbag.py:525} INFO - Filling up the DagBag from /home/airflow/.local/lib/python3.7/site-packages/airflow/example_dags/example_trigger_target_dag.py
[2024-04-20T05:57:17.164+0000] {processor.py:768} INFO - DAG(s) dict_keys(['example_trigger_target_dag']) retrieved from /home/airflow/.local/lib/python3.7/site-packages/airflow/example_dags/example_trigger_target_dag.py
[2024-04-20T05:57:17.209+0000] {logging_mixin.py:117} INFO - [2024-04-20T05:57:17.209+0000] {dag.py:2573} INFO - Sync 1 DAGs
[2024-04-20T05:57:17.392+0000] {logging_mixin.py:117} INFO - [2024-04-20T05:57:17.392+0000] {dag.py:3328} INFO - Setting next_dagrun for example_trigger_target_dag to None, run_after=None
[2024-04-20T05:57:17.456+0000] {processor.py:178} INFO - Processing /home/airflow/.local/lib/python3.7/site-packages/airflow/example_dags/example_trigger_target_dag.py took 0.325 seconds
[2024-04-20T05:57:47.799+0000] {processor.py:156} INFO - Started process (PID=754) to work on /home/airflow/.local/lib/python3.7/site-packages/airflow/example_dags/example_trigger_target_dag.py
[2024-04-20T05:57:47.800+0000] {processor.py:758} INFO - Processing file /home/airflow/.local/lib/python3.7/site-packages/airflow/example_dags/example_trigger_target_dag.py for tasks to queue
[2024-04-20T05:57:47.801+0000] {logging_mixin.py:117} INFO - [2024-04-20T05:57:47.801+0000] {dagbag.py:525} INFO - Filling up the DagBag from /home/airflow/.local/lib/python3.7/site-packages/airflow/example_dags/example_trigger_target_dag.py
[2024-04-20T05:57:47.828+0000] {processor.py:768} INFO - DAG(s) dict_keys(['example_trigger_target_dag']) retrieved from /home/airflow/.local/lib/python3.7/site-packages/airflow/example_dags/example_trigger_target_dag.py
[2024-04-20T05:57:48.116+0000] {logging_mixin.py:117} INFO - [2024-04-20T05:57:48.115+0000] {dag.py:2573} INFO - Sync 1 DAGs
[2024-04-20T05:57:48.144+0000] {logging_mixin.py:117} INFO - [2024-04-20T05:57:48.144+0000] {dag.py:3328} INFO - Setting next_dagrun for example_trigger_target_dag to None, run_after=None
[2024-04-20T05:57:48.170+0000] {processor.py:178} INFO - Processing /home/airflow/.local/lib/python3.7/site-packages/airflow/example_dags/example_trigger_target_dag.py took 0.374 seconds
[2024-04-20T05:58:18.351+0000] {processor.py:156} INFO - Started process (PID=979) to work on /home/airflow/.local/lib/python3.7/site-packages/airflow/example_dags/example_trigger_target_dag.py
[2024-04-20T05:58:18.352+0000] {processor.py:758} INFO - Processing file /home/airflow/.local/lib/python3.7/site-packages/airflow/example_dags/example_trigger_target_dag.py for tasks to queue
[2024-04-20T05:58:18.352+0000] {logging_mixin.py:117} INFO - [2024-04-20T05:58:18.352+0000] {dagbag.py:525} INFO - Filling up the DagBag from /home/airflow/.local/lib/python3.7/site-packages/airflow/example_dags/example_trigger_target_dag.py
[2024-04-20T05:58:18.379+0000] {processor.py:768} INFO - DAG(s) dict_keys(['example_trigger_target_dag']) retrieved from /home/airflow/.local/lib/python3.7/site-packages/airflow/example_dags/example_trigger_target_dag.py
[2024-04-20T05:58:18.572+0000] {logging_mixin.py:117} INFO - [2024-04-20T05:58:18.572+0000] {dag.py:2573} INFO - Sync 1 DAGs
[2024-04-20T05:58:18.600+0000] {logging_mixin.py:117} INFO - [2024-04-20T05:58:18.600+0000] {dag.py:3328} INFO - Setting next_dagrun for example_trigger_target_dag to None, run_after=None
[2024-04-20T05:58:18.624+0000] {processor.py:178} INFO - Processing /home/airflow/.local/lib/python3.7/site-packages/airflow/example_dags/example_trigger_target_dag.py took 0.276 seconds
[2024-04-20T05:58:49.031+0000] {processor.py:156} INFO - Started process (PID=1207) to work on /home/airflow/.local/lib/python3.7/site-packages/airflow/example_dags/example_trigger_target_dag.py
[2024-04-20T05:58:49.031+0000] {processor.py:758} INFO - Processing file /home/airflow/.local/lib/python3.7/site-packages/airflow/example_dags/example_trigger_target_dag.py for tasks to queue
[2024-04-20T05:58:49.032+0000] {logging_mixin.py:117} INFO - [2024-04-20T05:58:49.032+0000] {dagbag.py:525} INFO - Filling up the DagBag from /home/airflow/.local/lib/python3.7/site-packages/airflow/example_dags/example_trigger_target_dag.py
[2024-04-20T05:58:49.060+0000] {processor.py:768} INFO - DAG(s) dict_keys(['example_trigger_target_dag']) retrieved from /home/airflow/.local/lib/python3.7/site-packages/airflow/example_dags/example_trigger_target_dag.py
[2024-04-20T05:58:49.266+0000] {logging_mixin.py:117} INFO - [2024-04-20T05:58:49.266+0000] {dag.py:2573} INFO - Sync 1 DAGs
[2024-04-20T05:58:49.296+0000] {logging_mixin.py:117} INFO - [2024-04-20T05:58:49.295+0000] {dag.py:3328} INFO - Setting next_dagrun for example_trigger_target_dag to None, run_after=None
[2024-04-20T05:58:49.322+0000] {processor.py:178} INFO - Processing /home/airflow/.local/lib/python3.7/site-packages/airflow/example_dags/example_trigger_target_dag.py took 0.295 seconds
[2024-04-20T05:59:19.696+0000] {processor.py:156} INFO - Started process (PID=1426) to work on /home/airflow/.local/lib/python3.7/site-packages/airflow/example_dags/example_trigger_target_dag.py
[2024-04-20T05:59:19.697+0000] {processor.py:758} INFO - Processing file /home/airflow/.local/lib/python3.7/site-packages/airflow/example_dags/example_trigger_target_dag.py for tasks to queue
[2024-04-20T05:59:19.698+0000] {logging_mixin.py:117} INFO - [2024-04-20T05:59:19.698+0000] {dagbag.py:525} INFO - Filling up the DagBag from /home/airflow/.local/lib/python3.7/site-packages/airflow/example_dags/example_trigger_target_dag.py
[2024-04-20T05:59:20.419+0000] {processor.py:768} INFO - DAG(s) dict_keys(['example_trigger_target_dag']) retrieved from /home/airflow/.local/lib/python3.7/site-packages/airflow/example_dags/example_trigger_target_dag.py
[2024-04-20T05:59:20.502+0000] {logging_mixin.py:117} INFO - [2024-04-20T05:59:20.502+0000] {dag.py:2573} INFO - Sync 1 DAGs
[2024-04-20T05:59:20.570+0000] {logging_mixin.py:117} INFO - [2024-04-20T05:59:20.570+0000] {dag.py:3328} INFO - Setting next_dagrun for example_trigger_target_dag to None, run_after=None
[2024-04-20T05:59:20.614+0000] {processor.py:178} INFO - Processing /home/airflow/.local/lib/python3.7/site-packages/airflow/example_dags/example_trigger_target_dag.py took 0.921 seconds
[2024-04-20T05:59:51.062+0000] {processor.py:156} INFO - Started process (PID=1656) to work on /home/airflow/.local/lib/python3.7/site-packages/airflow/example_dags/example_trigger_target_dag.py
[2024-04-20T05:59:51.063+0000] {processor.py:758} INFO - Processing file /home/airflow/.local/lib/python3.7/site-packages/airflow/example_dags/example_trigger_target_dag.py for tasks to queue
[2024-04-20T05:59:51.064+0000] {logging_mixin.py:117} INFO - [2024-04-20T05:59:51.064+0000] {dagbag.py:525} INFO - Filling up the DagBag from /home/airflow/.local/lib/python3.7/site-packages/airflow/example_dags/example_trigger_target_dag.py
[2024-04-20T05:59:51.092+0000] {processor.py:768} INFO - DAG(s) dict_keys(['example_trigger_target_dag']) retrieved from /home/airflow/.local/lib/python3.7/site-packages/airflow/example_dags/example_trigger_target_dag.py
[2024-04-20T05:59:51.138+0000] {logging_mixin.py:117} INFO - [2024-04-20T05:59:51.138+0000] {dag.py:2573} INFO - Sync 1 DAGs
[2024-04-20T05:59:51.169+0000] {logging_mixin.py:117} INFO - [2024-04-20T05:59:51.168+0000] {dag.py:3328} INFO - Setting next_dagrun for example_trigger_target_dag to None, run_after=None
[2024-04-20T05:59:51.193+0000] {processor.py:178} INFO - Processing /home/airflow/.local/lib/python3.7/site-packages/airflow/example_dags/example_trigger_target_dag.py took 0.135 seconds
[2024-04-20T06:00:21.823+0000] {processor.py:156} INFO - Started process (PID=1883) to work on /home/airflow/.local/lib/python3.7/site-packages/airflow/example_dags/example_trigger_target_dag.py
[2024-04-20T06:00:21.824+0000] {processor.py:758} INFO - Processing file /home/airflow/.local/lib/python3.7/site-packages/airflow/example_dags/example_trigger_target_dag.py for tasks to queue
[2024-04-20T06:00:21.824+0000] {logging_mixin.py:117} INFO - [2024-04-20T06:00:21.824+0000] {dagbag.py:525} INFO - Filling up the DagBag from /home/airflow/.local/lib/python3.7/site-packages/airflow/example_dags/example_trigger_target_dag.py
[2024-04-20T06:00:21.851+0000] {processor.py:768} INFO - DAG(s) dict_keys(['example_trigger_target_dag']) retrieved from /home/airflow/.local/lib/python3.7/site-packages/airflow/example_dags/example_trigger_target_dag.py
[2024-04-20T06:00:21.898+0000] {logging_mixin.py:117} INFO - [2024-04-20T06:00:21.897+0000] {dag.py:2573} INFO - Sync 1 DAGs
[2024-04-20T06:00:21.930+0000] {logging_mixin.py:117} INFO - [2024-04-20T06:00:21.930+0000] {dag.py:3328} INFO - Setting next_dagrun for example_trigger_target_dag to None, run_after=None
[2024-04-20T06:00:21.956+0000] {processor.py:178} INFO - Processing /home/airflow/.local/lib/python3.7/site-packages/airflow/example_dags/example_trigger_target_dag.py took 0.137 seconds
[2024-04-20T06:00:52.706+0000] {processor.py:156} INFO - Started process (PID=2100) to work on /home/airflow/.local/lib/python3.7/site-packages/airflow/example_dags/example_trigger_target_dag.py
[2024-04-20T06:00:52.708+0000] {processor.py:758} INFO - Processing file /home/airflow/.local/lib/python3.7/site-packages/airflow/example_dags/example_trigger_target_dag.py for tasks to queue
[2024-04-20T06:00:52.708+0000] {logging_mixin.py:117} INFO - [2024-04-20T06:00:52.708+0000] {dagbag.py:525} INFO - Filling up the DagBag from /home/airflow/.local/lib/python3.7/site-packages/airflow/example_dags/example_trigger_target_dag.py
[2024-04-20T06:00:52.868+0000] {processor.py:768} INFO - DAG(s) dict_keys(['example_trigger_target_dag']) retrieved from /home/airflow/.local/lib/python3.7/site-packages/airflow/example_dags/example_trigger_target_dag.py
[2024-04-20T06:00:52.937+0000] {logging_mixin.py:117} INFO - [2024-04-20T06:00:52.937+0000] {dag.py:2573} INFO - Sync 1 DAGs
[2024-04-20T06:00:53.002+0000] {logging_mixin.py:117} INFO - [2024-04-20T06:00:53.002+0000] {dag.py:3328} INFO - Setting next_dagrun for example_trigger_target_dag to None, run_after=None
[2024-04-20T06:00:53.035+0000] {processor.py:178} INFO - Processing /home/airflow/.local/lib/python3.7/site-packages/airflow/example_dags/example_trigger_target_dag.py took 0.348 seconds
[2024-04-20T06:01:23.173+0000] {processor.py:156} INFO - Started process (PID=2328) to work on /home/airflow/.local/lib/python3.7/site-packages/airflow/example_dags/example_trigger_target_dag.py
[2024-04-20T06:01:23.174+0000] {processor.py:758} INFO - Processing file /home/airflow/.local/lib/python3.7/site-packages/airflow/example_dags/example_trigger_target_dag.py for tasks to queue
[2024-04-20T06:01:23.175+0000] {logging_mixin.py:117} INFO - [2024-04-20T06:01:23.175+0000] {dagbag.py:525} INFO - Filling up the DagBag from /home/airflow/.local/lib/python3.7/site-packages/airflow/example_dags/example_trigger_target_dag.py
[2024-04-20T06:01:23.203+0000] {processor.py:768} INFO - DAG(s) dict_keys(['example_trigger_target_dag']) retrieved from /home/airflow/.local/lib/python3.7/site-packages/airflow/example_dags/example_trigger_target_dag.py
[2024-04-20T06:01:23.250+0000] {logging_mixin.py:117} INFO - [2024-04-20T06:01:23.249+0000] {dag.py:2573} INFO - Sync 1 DAGs
[2024-04-20T06:01:23.284+0000] {logging_mixin.py:117} INFO - [2024-04-20T06:01:23.284+0000] {dag.py:3328} INFO - Setting next_dagrun for example_trigger_target_dag to None, run_after=None
[2024-04-20T06:01:23.331+0000] {processor.py:178} INFO - Processing /home/airflow/.local/lib/python3.7/site-packages/airflow/example_dags/example_trigger_target_dag.py took 0.161 seconds
[2024-04-20T06:01:53.405+0000] {processor.py:156} INFO - Started process (PID=2558) to work on /home/airflow/.local/lib/python3.7/site-packages/airflow/example_dags/example_trigger_target_dag.py
[2024-04-20T06:01:53.405+0000] {processor.py:758} INFO - Processing file /home/airflow/.local/lib/python3.7/site-packages/airflow/example_dags/example_trigger_target_dag.py for tasks to queue
[2024-04-20T06:01:53.410+0000] {logging_mixin.py:117} INFO - [2024-04-20T06:01:53.410+0000] {dagbag.py:525} INFO - Filling up the DagBag from /home/airflow/.local/lib/python3.7/site-packages/airflow/example_dags/example_trigger_target_dag.py
[2024-04-20T06:01:53.441+0000] {processor.py:768} INFO - DAG(s) dict_keys(['example_trigger_target_dag']) retrieved from /home/airflow/.local/lib/python3.7/site-packages/airflow/example_dags/example_trigger_target_dag.py
[2024-04-20T06:01:53.502+0000] {logging_mixin.py:117} INFO - [2024-04-20T06:01:53.502+0000] {dag.py:2573} INFO - Sync 1 DAGs
[2024-04-20T06:01:53.532+0000] {logging_mixin.py:117} INFO - [2024-04-20T06:01:53.531+0000] {dag.py:3328} INFO - Setting next_dagrun for example_trigger_target_dag to None, run_after=None
[2024-04-20T06:01:53.560+0000] {processor.py:178} INFO - Processing /home/airflow/.local/lib/python3.7/site-packages/airflow/example_dags/example_trigger_target_dag.py took 0.159 seconds
[2024-04-20T06:02:23.822+0000] {processor.py:156} INFO - Started process (PID=2775) to work on /home/airflow/.local/lib/python3.7/site-packages/airflow/example_dags/example_trigger_target_dag.py
[2024-04-20T06:02:23.823+0000] {processor.py:758} INFO - Processing file /home/airflow/.local/lib/python3.7/site-packages/airflow/example_dags/example_trigger_target_dag.py for tasks to queue
[2024-04-20T06:02:23.823+0000] {logging_mixin.py:117} INFO - [2024-04-20T06:02:23.823+0000] {dagbag.py:525} INFO - Filling up the DagBag from /home/airflow/.local/lib/python3.7/site-packages/airflow/example_dags/example_trigger_target_dag.py
[2024-04-20T06:02:23.861+0000] {processor.py:768} INFO - DAG(s) dict_keys(['example_trigger_target_dag']) retrieved from /home/airflow/.local/lib/python3.7/site-packages/airflow/example_dags/example_trigger_target_dag.py
[2024-04-20T06:02:23.927+0000] {logging_mixin.py:117} INFO - [2024-04-20T06:02:23.927+0000] {dag.py:2573} INFO - Sync 1 DAGs
[2024-04-20T06:02:23.985+0000] {logging_mixin.py:117} INFO - [2024-04-20T06:02:23.985+0000] {dag.py:3328} INFO - Setting next_dagrun for example_trigger_target_dag to None, run_after=None
[2024-04-20T06:02:24.011+0000] {processor.py:178} INFO - Processing /home/airflow/.local/lib/python3.7/site-packages/airflow/example_dags/example_trigger_target_dag.py took 0.193 seconds
[2024-04-20T06:02:54.699+0000] {processor.py:156} INFO - Started process (PID=3003) to work on /home/airflow/.local/lib/python3.7/site-packages/airflow/example_dags/example_trigger_target_dag.py
[2024-04-20T06:02:54.699+0000] {processor.py:758} INFO - Processing file /home/airflow/.local/lib/python3.7/site-packages/airflow/example_dags/example_trigger_target_dag.py for tasks to queue
[2024-04-20T06:02:54.700+0000] {logging_mixin.py:117} INFO - [2024-04-20T06:02:54.700+0000] {dagbag.py:525} INFO - Filling up the DagBag from /home/airflow/.local/lib/python3.7/site-packages/airflow/example_dags/example_trigger_target_dag.py
[2024-04-20T06:02:54.728+0000] {processor.py:768} INFO - DAG(s) dict_keys(['example_trigger_target_dag']) retrieved from /home/airflow/.local/lib/python3.7/site-packages/airflow/example_dags/example_trigger_target_dag.py
[2024-04-20T06:02:54.774+0000] {logging_mixin.py:117} INFO - [2024-04-20T06:02:54.774+0000] {dag.py:2573} INFO - Sync 1 DAGs
[2024-04-20T06:02:54.807+0000] {logging_mixin.py:117} INFO - [2024-04-20T06:02:54.807+0000] {dag.py:3328} INFO - Setting next_dagrun for example_trigger_target_dag to None, run_after=None
[2024-04-20T06:02:54.830+0000] {processor.py:178} INFO - Processing /home/airflow/.local/lib/python3.7/site-packages/airflow/example_dags/example_trigger_target_dag.py took 0.135 seconds
[2024-04-20T06:03:25.972+0000] {processor.py:156} INFO - Started process (PID=3229) to work on /home/airflow/.local/lib/python3.7/site-packages/airflow/example_dags/example_trigger_target_dag.py
[2024-04-20T06:03:25.974+0000] {processor.py:758} INFO - Processing file /home/airflow/.local/lib/python3.7/site-packages/airflow/example_dags/example_trigger_target_dag.py for tasks to queue
[2024-04-20T06:03:25.975+0000] {logging_mixin.py:117} INFO - [2024-04-20T06:03:25.974+0000] {dagbag.py:525} INFO - Filling up the DagBag from /home/airflow/.local/lib/python3.7/site-packages/airflow/example_dags/example_trigger_target_dag.py
[2024-04-20T06:03:26.030+0000] {processor.py:768} INFO - DAG(s) dict_keys(['example_trigger_target_dag']) retrieved from /home/airflow/.local/lib/python3.7/site-packages/airflow/example_dags/example_trigger_target_dag.py
[2024-04-20T06:03:26.079+0000] {logging_mixin.py:117} INFO - [2024-04-20T06:03:26.079+0000] {dag.py:2573} INFO - Sync 1 DAGs
[2024-04-20T06:03:26.112+0000] {logging_mixin.py:117} INFO - [2024-04-20T06:03:26.112+0000] {dag.py:3328} INFO - Setting next_dagrun for example_trigger_target_dag to None, run_after=None
[2024-04-20T06:03:26.148+0000] {processor.py:178} INFO - Processing /home/airflow/.local/lib/python3.7/site-packages/airflow/example_dags/example_trigger_target_dag.py took 0.180 seconds
