[2024-04-20T05:31:50.052+0000] {processor.py:156} INFO - Started process (PID=265) to work on /home/airflow/.local/lib/python3.7/site-packages/airflow/example_dags/example_dag_decorator.py
[2024-04-20T05:31:50.054+0000] {processor.py:758} INFO - Processing file /home/airflow/.local/lib/python3.7/site-packages/airflow/example_dags/example_dag_decorator.py for tasks to queue
[2024-04-20T05:31:50.058+0000] {logging_mixin.py:117} INFO - [2024-04-20T05:31:50.058+0000] {dagbag.py:525} INFO - Filling up the DagBag from /home/airflow/.local/lib/python3.7/site-packages/airflow/example_dags/example_dag_decorator.py
[2024-04-20T05:31:50.141+0000] {processor.py:768} INFO - DAG(s) dict_keys(['example_dag_decorator']) retrieved from /home/airflow/.local/lib/python3.7/site-packages/airflow/example_dags/example_dag_decorator.py
[2024-04-20T05:31:50.942+0000] {logging_mixin.py:117} INFO - [2024-04-20T05:31:50.937+0000] {manager.py:507} INFO - Created Permission View: can delete on DAG:example_dag_decorator
[2024-04-20T05:31:50.970+0000] {logging_mixin.py:117} INFO - [2024-04-20T05:31:50.970+0000] {manager.py:507} INFO - Created Permission View: can edit on DAG:example_dag_decorator
[2024-04-20T05:31:50.987+0000] {logging_mixin.py:117} INFO - [2024-04-20T05:31:50.986+0000] {manager.py:507} INFO - Created Permission View: can read on DAG:example_dag_decorator
[2024-04-20T05:31:50.987+0000] {logging_mixin.py:117} INFO - [2024-04-20T05:31:50.987+0000] {dag.py:2573} INFO - Sync 1 DAGs
[2024-04-20T05:31:51.030+0000] {logging_mixin.py:117} INFO - [2024-04-20T05:31:51.030+0000] {dag.py:2594} INFO - Creating ORM DAG for example_dag_decorator
[2024-04-20T05:31:51.071+0000] {logging_mixin.py:117} INFO - [2024-04-20T05:31:51.071+0000] {dag.py:3328} INFO - Setting next_dagrun for example_dag_decorator to None, run_after=None
[2024-04-20T05:31:51.119+0000] {processor.py:178} INFO - Processing /home/airflow/.local/lib/python3.7/site-packages/airflow/example_dags/example_dag_decorator.py took 1.069 seconds
[2024-04-20T05:32:21.917+0000] {processor.py:156} INFO - Started process (PID=482) to work on /home/airflow/.local/lib/python3.7/site-packages/airflow/example_dags/example_dag_decorator.py
[2024-04-20T05:32:21.920+0000] {processor.py:758} INFO - Processing file /home/airflow/.local/lib/python3.7/site-packages/airflow/example_dags/example_dag_decorator.py for tasks to queue
[2024-04-20T05:32:21.920+0000] {logging_mixin.py:117} INFO - [2024-04-20T05:32:21.920+0000] {dagbag.py:525} INFO - Filling up the DagBag from /home/airflow/.local/lib/python3.7/site-packages/airflow/example_dags/example_dag_decorator.py
[2024-04-20T05:32:22.019+0000] {processor.py:768} INFO - DAG(s) dict_keys(['example_dag_decorator']) retrieved from /home/airflow/.local/lib/python3.7/site-packages/airflow/example_dags/example_dag_decorator.py
[2024-04-20T05:32:22.394+0000] {logging_mixin.py:117} INFO - [2024-04-20T05:32:22.394+0000] {dag.py:2573} INFO - Sync 1 DAGs
[2024-04-20T05:32:22.451+0000] {logging_mixin.py:117} INFO - [2024-04-20T05:32:22.450+0000] {dag.py:3328} INFO - Setting next_dagrun for example_dag_decorator to None, run_after=None
[2024-04-20T05:32:22.494+0000] {processor.py:178} INFO - Processing /home/airflow/.local/lib/python3.7/site-packages/airflow/example_dags/example_dag_decorator.py took 0.581 seconds
[2024-04-20T05:32:53.373+0000] {processor.py:156} INFO - Started process (PID=707) to work on /home/airflow/.local/lib/python3.7/site-packages/airflow/example_dags/example_dag_decorator.py
[2024-04-20T05:32:53.374+0000] {processor.py:758} INFO - Processing file /home/airflow/.local/lib/python3.7/site-packages/airflow/example_dags/example_dag_decorator.py for tasks to queue
[2024-04-20T05:32:53.387+0000] {logging_mixin.py:117} INFO - [2024-04-20T05:32:53.387+0000] {dagbag.py:525} INFO - Filling up the DagBag from /home/airflow/.local/lib/python3.7/site-packages/airflow/example_dags/example_dag_decorator.py
[2024-04-20T05:32:53.453+0000] {processor.py:768} INFO - DAG(s) dict_keys(['example_dag_decorator']) retrieved from /home/airflow/.local/lib/python3.7/site-packages/airflow/example_dags/example_dag_decorator.py
[2024-04-20T05:32:54.067+0000] {logging_mixin.py:117} INFO - [2024-04-20T05:32:54.067+0000] {dag.py:2573} INFO - Sync 1 DAGs
[2024-04-20T05:32:54.137+0000] {logging_mixin.py:117} INFO - [2024-04-20T05:32:54.136+0000] {dag.py:3328} INFO - Setting next_dagrun for example_dag_decorator to None, run_after=None
[2024-04-20T05:32:54.183+0000] {processor.py:178} INFO - Processing /home/airflow/.local/lib/python3.7/site-packages/airflow/example_dags/example_dag_decorator.py took 0.814 seconds
[2024-04-20T05:33:24.792+0000] {processor.py:156} INFO - Started process (PID=921) to work on /home/airflow/.local/lib/python3.7/site-packages/airflow/example_dags/example_dag_decorator.py
[2024-04-20T05:33:24.792+0000] {processor.py:758} INFO - Processing file /home/airflow/.local/lib/python3.7/site-packages/airflow/example_dags/example_dag_decorator.py for tasks to queue
[2024-04-20T05:33:24.793+0000] {logging_mixin.py:117} INFO - [2024-04-20T05:33:24.793+0000] {dagbag.py:525} INFO - Filling up the DagBag from /home/airflow/.local/lib/python3.7/site-packages/airflow/example_dags/example_dag_decorator.py
[2024-04-20T05:33:24.827+0000] {processor.py:768} INFO - DAG(s) dict_keys(['example_dag_decorator']) retrieved from /home/airflow/.local/lib/python3.7/site-packages/airflow/example_dags/example_dag_decorator.py
[2024-04-20T05:33:25.080+0000] {logging_mixin.py:117} INFO - [2024-04-20T05:33:25.080+0000] {dag.py:2573} INFO - Sync 1 DAGs
[2024-04-20T05:33:25.148+0000] {logging_mixin.py:117} INFO - [2024-04-20T05:33:25.148+0000] {dag.py:3328} INFO - Setting next_dagrun for example_dag_decorator to None, run_after=None
[2024-04-20T05:33:25.186+0000] {processor.py:178} INFO - Processing /home/airflow/.local/lib/python3.7/site-packages/airflow/example_dags/example_dag_decorator.py took 0.398 seconds
[2024-04-20T05:33:55.619+0000] {processor.py:156} INFO - Started process (PID=1138) to work on /home/airflow/.local/lib/python3.7/site-packages/airflow/example_dags/example_dag_decorator.py
[2024-04-20T05:33:55.620+0000] {processor.py:758} INFO - Processing file /home/airflow/.local/lib/python3.7/site-packages/airflow/example_dags/example_dag_decorator.py for tasks to queue
[2024-04-20T05:33:55.621+0000] {logging_mixin.py:117} INFO - [2024-04-20T05:33:55.621+0000] {dagbag.py:525} INFO - Filling up the DagBag from /home/airflow/.local/lib/python3.7/site-packages/airflow/example_dags/example_dag_decorator.py
[2024-04-20T05:33:55.656+0000] {processor.py:768} INFO - DAG(s) dict_keys(['example_dag_decorator']) retrieved from /home/airflow/.local/lib/python3.7/site-packages/airflow/example_dags/example_dag_decorator.py
[2024-04-20T05:33:55.907+0000] {logging_mixin.py:117} INFO - [2024-04-20T05:33:55.907+0000] {dag.py:2573} INFO - Sync 1 DAGs
[2024-04-20T05:33:55.933+0000] {logging_mixin.py:117} INFO - [2024-04-20T05:33:55.933+0000] {dag.py:3328} INFO - Setting next_dagrun for example_dag_decorator to None, run_after=None
[2024-04-20T05:33:55.958+0000] {processor.py:178} INFO - Processing /home/airflow/.local/lib/python3.7/site-packages/airflow/example_dags/example_dag_decorator.py took 0.342 seconds
[2024-04-20T05:34:26.013+0000] {processor.py:156} INFO - Started process (PID=1347) to work on /home/airflow/.local/lib/python3.7/site-packages/airflow/example_dags/example_dag_decorator.py
[2024-04-20T05:34:26.013+0000] {processor.py:758} INFO - Processing file /home/airflow/.local/lib/python3.7/site-packages/airflow/example_dags/example_dag_decorator.py for tasks to queue
[2024-04-20T05:34:26.014+0000] {logging_mixin.py:117} INFO - [2024-04-20T05:34:26.014+0000] {dagbag.py:525} INFO - Filling up the DagBag from /home/airflow/.local/lib/python3.7/site-packages/airflow/example_dags/example_dag_decorator.py
[2024-04-20T05:34:26.203+0000] {processor.py:768} INFO - DAG(s) dict_keys(['example_dag_decorator']) retrieved from /home/airflow/.local/lib/python3.7/site-packages/airflow/example_dags/example_dag_decorator.py
[2024-04-20T05:34:26.295+0000] {logging_mixin.py:117} INFO - [2024-04-20T05:34:26.295+0000] {dag.py:2573} INFO - Sync 1 DAGs
[2024-04-20T05:34:26.327+0000] {logging_mixin.py:117} INFO - [2024-04-20T05:34:26.326+0000] {dag.py:3328} INFO - Setting next_dagrun for example_dag_decorator to None, run_after=None
[2024-04-20T05:34:26.351+0000] {processor.py:178} INFO - Processing /home/airflow/.local/lib/python3.7/site-packages/airflow/example_dags/example_dag_decorator.py took 0.341 seconds
[2024-04-20T05:34:56.613+0000] {processor.py:156} INFO - Started process (PID=1566) to work on /home/airflow/.local/lib/python3.7/site-packages/airflow/example_dags/example_dag_decorator.py
[2024-04-20T05:34:56.613+0000] {processor.py:758} INFO - Processing file /home/airflow/.local/lib/python3.7/site-packages/airflow/example_dags/example_dag_decorator.py for tasks to queue
[2024-04-20T05:34:56.614+0000] {logging_mixin.py:117} INFO - [2024-04-20T05:34:56.614+0000] {dagbag.py:525} INFO - Filling up the DagBag from /home/airflow/.local/lib/python3.7/site-packages/airflow/example_dags/example_dag_decorator.py
[2024-04-20T05:34:56.643+0000] {processor.py:768} INFO - DAG(s) dict_keys(['example_dag_decorator']) retrieved from /home/airflow/.local/lib/python3.7/site-packages/airflow/example_dags/example_dag_decorator.py
[2024-04-20T05:34:56.743+0000] {logging_mixin.py:117} INFO - [2024-04-20T05:34:56.742+0000] {dag.py:2573} INFO - Sync 1 DAGs
[2024-04-20T05:34:56.769+0000] {logging_mixin.py:117} INFO - [2024-04-20T05:34:56.769+0000] {dag.py:3328} INFO - Setting next_dagrun for example_dag_decorator to None, run_after=None
[2024-04-20T05:34:56.793+0000] {processor.py:178} INFO - Processing /home/airflow/.local/lib/python3.7/site-packages/airflow/example_dags/example_dag_decorator.py took 0.338 seconds
[2024-04-20T05:35:27.375+0000] {processor.py:156} INFO - Started process (PID=1774) to work on /home/airflow/.local/lib/python3.7/site-packages/airflow/example_dags/example_dag_decorator.py
[2024-04-20T05:35:27.376+0000] {processor.py:758} INFO - Processing file /home/airflow/.local/lib/python3.7/site-packages/airflow/example_dags/example_dag_decorator.py for tasks to queue
[2024-04-20T05:35:27.377+0000] {logging_mixin.py:117} INFO - [2024-04-20T05:35:27.377+0000] {dagbag.py:525} INFO - Filling up the DagBag from /home/airflow/.local/lib/python3.7/site-packages/airflow/example_dags/example_dag_decorator.py
[2024-04-20T05:35:27.415+0000] {processor.py:768} INFO - DAG(s) dict_keys(['example_dag_decorator']) retrieved from /home/airflow/.local/lib/python3.7/site-packages/airflow/example_dags/example_dag_decorator.py
[2024-04-20T05:35:27.523+0000] {logging_mixin.py:117} INFO - [2024-04-20T05:35:27.523+0000] {dag.py:2573} INFO - Sync 1 DAGs
[2024-04-20T05:35:27.553+0000] {logging_mixin.py:117} INFO - [2024-04-20T05:35:27.553+0000] {dag.py:3328} INFO - Setting next_dagrun for example_dag_decorator to None, run_after=None
[2024-04-20T05:35:27.581+0000] {processor.py:178} INFO - Processing /home/airflow/.local/lib/python3.7/site-packages/airflow/example_dags/example_dag_decorator.py took 0.209 seconds
[2024-04-20T05:35:58.179+0000] {processor.py:156} INFO - Started process (PID=1991) to work on /home/airflow/.local/lib/python3.7/site-packages/airflow/example_dags/example_dag_decorator.py
[2024-04-20T05:35:58.179+0000] {processor.py:758} INFO - Processing file /home/airflow/.local/lib/python3.7/site-packages/airflow/example_dags/example_dag_decorator.py for tasks to queue
[2024-04-20T05:35:58.180+0000] {logging_mixin.py:117} INFO - [2024-04-20T05:35:58.180+0000] {dagbag.py:525} INFO - Filling up the DagBag from /home/airflow/.local/lib/python3.7/site-packages/airflow/example_dags/example_dag_decorator.py
[2024-04-20T05:35:58.218+0000] {processor.py:768} INFO - DAG(s) dict_keys(['example_dag_decorator']) retrieved from /home/airflow/.local/lib/python3.7/site-packages/airflow/example_dags/example_dag_decorator.py
[2024-04-20T05:35:58.346+0000] {logging_mixin.py:117} INFO - [2024-04-20T05:35:58.346+0000] {dag.py:2573} INFO - Sync 1 DAGs
[2024-04-20T05:35:58.372+0000] {logging_mixin.py:117} INFO - [2024-04-20T05:35:58.372+0000] {dag.py:3328} INFO - Setting next_dagrun for example_dag_decorator to None, run_after=None
[2024-04-20T05:35:58.403+0000] {processor.py:178} INFO - Processing /home/airflow/.local/lib/python3.7/site-packages/airflow/example_dags/example_dag_decorator.py took 0.227 seconds
[2024-04-20T05:36:28.445+0000] {processor.py:156} INFO - Started process (PID=2197) to work on /home/airflow/.local/lib/python3.7/site-packages/airflow/example_dags/example_dag_decorator.py
[2024-04-20T05:36:28.445+0000] {processor.py:758} INFO - Processing file /home/airflow/.local/lib/python3.7/site-packages/airflow/example_dags/example_dag_decorator.py for tasks to queue
[2024-04-20T05:36:28.446+0000] {logging_mixin.py:117} INFO - [2024-04-20T05:36:28.446+0000] {dagbag.py:525} INFO - Filling up the DagBag from /home/airflow/.local/lib/python3.7/site-packages/airflow/example_dags/example_dag_decorator.py
[2024-04-20T05:36:28.481+0000] {processor.py:768} INFO - DAG(s) dict_keys(['example_dag_decorator']) retrieved from /home/airflow/.local/lib/python3.7/site-packages/airflow/example_dags/example_dag_decorator.py
[2024-04-20T05:36:28.583+0000] {logging_mixin.py:117} INFO - [2024-04-20T05:36:28.583+0000] {dag.py:2573} INFO - Sync 1 DAGs
[2024-04-20T05:36:28.611+0000] {logging_mixin.py:117} INFO - [2024-04-20T05:36:28.611+0000] {dag.py:3328} INFO - Setting next_dagrun for example_dag_decorator to None, run_after=None
[2024-04-20T05:36:28.638+0000] {processor.py:178} INFO - Processing /home/airflow/.local/lib/python3.7/site-packages/airflow/example_dags/example_dag_decorator.py took 0.197 seconds
[2024-04-20T05:36:58.900+0000] {processor.py:156} INFO - Started process (PID=2468) to work on /home/airflow/.local/lib/python3.7/site-packages/airflow/example_dags/example_dag_decorator.py
[2024-04-20T05:36:58.900+0000] {processor.py:758} INFO - Processing file /home/airflow/.local/lib/python3.7/site-packages/airflow/example_dags/example_dag_decorator.py for tasks to queue
[2024-04-20T05:36:58.901+0000] {logging_mixin.py:117} INFO - [2024-04-20T05:36:58.901+0000] {dagbag.py:525} INFO - Filling up the DagBag from /home/airflow/.local/lib/python3.7/site-packages/airflow/example_dags/example_dag_decorator.py
[2024-04-20T05:36:58.941+0000] {processor.py:768} INFO - DAG(s) dict_keys(['example_dag_decorator']) retrieved from /home/airflow/.local/lib/python3.7/site-packages/airflow/example_dags/example_dag_decorator.py
[2024-04-20T05:36:59.045+0000] {logging_mixin.py:117} INFO - [2024-04-20T05:36:59.045+0000] {dag.py:2573} INFO - Sync 1 DAGs
[2024-04-20T05:36:59.077+0000] {logging_mixin.py:117} INFO - [2024-04-20T05:36:59.077+0000] {dag.py:3328} INFO - Setting next_dagrun for example_dag_decorator to None, run_after=None
[2024-04-20T05:36:59.102+0000] {processor.py:178} INFO - Processing /home/airflow/.local/lib/python3.7/site-packages/airflow/example_dags/example_dag_decorator.py took 0.206 seconds
[2024-04-20T05:37:29.536+0000] {processor.py:156} INFO - Started process (PID=2743) to work on /home/airflow/.local/lib/python3.7/site-packages/airflow/example_dags/example_dag_decorator.py
[2024-04-20T05:37:29.537+0000] {processor.py:758} INFO - Processing file /home/airflow/.local/lib/python3.7/site-packages/airflow/example_dags/example_dag_decorator.py for tasks to queue
[2024-04-20T05:37:29.537+0000] {logging_mixin.py:117} INFO - [2024-04-20T05:37:29.537+0000] {dagbag.py:525} INFO - Filling up the DagBag from /home/airflow/.local/lib/python3.7/site-packages/airflow/example_dags/example_dag_decorator.py
[2024-04-20T05:37:29.577+0000] {processor.py:768} INFO - DAG(s) dict_keys(['example_dag_decorator']) retrieved from /home/airflow/.local/lib/python3.7/site-packages/airflow/example_dags/example_dag_decorator.py
[2024-04-20T05:37:29.720+0000] {logging_mixin.py:117} INFO - [2024-04-20T05:37:29.720+0000] {dag.py:2573} INFO - Sync 1 DAGs
[2024-04-20T05:37:29.766+0000] {logging_mixin.py:117} INFO - [2024-04-20T05:37:29.766+0000] {dag.py:3328} INFO - Setting next_dagrun for example_dag_decorator to None, run_after=None
[2024-04-20T05:37:29.815+0000] {processor.py:178} INFO - Processing /home/airflow/.local/lib/python3.7/site-packages/airflow/example_dags/example_dag_decorator.py took 0.282 seconds
[2024-04-20T05:38:00.328+0000] {processor.py:156} INFO - Started process (PID=2963) to work on /home/airflow/.local/lib/python3.7/site-packages/airflow/example_dags/example_dag_decorator.py
[2024-04-20T05:38:00.333+0000] {processor.py:758} INFO - Processing file /home/airflow/.local/lib/python3.7/site-packages/airflow/example_dags/example_dag_decorator.py for tasks to queue
[2024-04-20T05:38:00.333+0000] {logging_mixin.py:117} INFO - [2024-04-20T05:38:00.333+0000] {dagbag.py:525} INFO - Filling up the DagBag from /home/airflow/.local/lib/python3.7/site-packages/airflow/example_dags/example_dag_decorator.py
[2024-04-20T05:38:00.379+0000] {processor.py:768} INFO - DAG(s) dict_keys(['example_dag_decorator']) retrieved from /home/airflow/.local/lib/python3.7/site-packages/airflow/example_dags/example_dag_decorator.py
[2024-04-20T05:38:00.477+0000] {logging_mixin.py:117} INFO - [2024-04-20T05:38:00.477+0000] {dag.py:2573} INFO - Sync 1 DAGs
[2024-04-20T05:38:00.506+0000] {logging_mixin.py:117} INFO - [2024-04-20T05:38:00.506+0000] {dag.py:3328} INFO - Setting next_dagrun for example_dag_decorator to None, run_after=None
[2024-04-20T05:38:00.532+0000] {processor.py:178} INFO - Processing /home/airflow/.local/lib/python3.7/site-packages/airflow/example_dags/example_dag_decorator.py took 0.217 seconds
[2024-04-20T05:38:30.882+0000] {processor.py:156} INFO - Started process (PID=3192) to work on /home/airflow/.local/lib/python3.7/site-packages/airflow/example_dags/example_dag_decorator.py
[2024-04-20T05:38:30.882+0000] {processor.py:758} INFO - Processing file /home/airflow/.local/lib/python3.7/site-packages/airflow/example_dags/example_dag_decorator.py for tasks to queue
[2024-04-20T05:38:30.883+0000] {logging_mixin.py:117} INFO - [2024-04-20T05:38:30.883+0000] {dagbag.py:525} INFO - Filling up the DagBag from /home/airflow/.local/lib/python3.7/site-packages/airflow/example_dags/example_dag_decorator.py
[2024-04-20T05:38:30.920+0000] {processor.py:768} INFO - DAG(s) dict_keys(['example_dag_decorator']) retrieved from /home/airflow/.local/lib/python3.7/site-packages/airflow/example_dags/example_dag_decorator.py
[2024-04-20T05:38:31.022+0000] {logging_mixin.py:117} INFO - [2024-04-20T05:38:31.022+0000] {dag.py:2573} INFO - Sync 1 DAGs
[2024-04-20T05:38:31.050+0000] {logging_mixin.py:117} INFO - [2024-04-20T05:38:31.049+0000] {dag.py:3328} INFO - Setting next_dagrun for example_dag_decorator to None, run_after=None
[2024-04-20T05:38:31.075+0000] {processor.py:178} INFO - Processing /home/airflow/.local/lib/python3.7/site-packages/airflow/example_dags/example_dag_decorator.py took 0.197 seconds
[2024-04-20T05:39:01.882+0000] {processor.py:156} INFO - Started process (PID=3419) to work on /home/airflow/.local/lib/python3.7/site-packages/airflow/example_dags/example_dag_decorator.py
[2024-04-20T05:39:01.882+0000] {processor.py:758} INFO - Processing file /home/airflow/.local/lib/python3.7/site-packages/airflow/example_dags/example_dag_decorator.py for tasks to queue
[2024-04-20T05:39:01.883+0000] {logging_mixin.py:117} INFO - [2024-04-20T05:39:01.883+0000] {dagbag.py:525} INFO - Filling up the DagBag from /home/airflow/.local/lib/python3.7/site-packages/airflow/example_dags/example_dag_decorator.py
[2024-04-20T05:39:01.919+0000] {processor.py:768} INFO - DAG(s) dict_keys(['example_dag_decorator']) retrieved from /home/airflow/.local/lib/python3.7/site-packages/airflow/example_dags/example_dag_decorator.py
[2024-04-20T05:39:02.027+0000] {logging_mixin.py:117} INFO - [2024-04-20T05:39:02.027+0000] {dag.py:2573} INFO - Sync 1 DAGs
[2024-04-20T05:39:02.061+0000] {logging_mixin.py:117} INFO - [2024-04-20T05:39:02.060+0000] {dag.py:3328} INFO - Setting next_dagrun for example_dag_decorator to None, run_after=None
[2024-04-20T05:39:02.114+0000] {processor.py:178} INFO - Processing /home/airflow/.local/lib/python3.7/site-packages/airflow/example_dags/example_dag_decorator.py took 0.236 seconds
[2024-04-20T05:39:32.558+0000] {processor.py:156} INFO - Started process (PID=3654) to work on /home/airflow/.local/lib/python3.7/site-packages/airflow/example_dags/example_dag_decorator.py
[2024-04-20T05:39:32.560+0000] {processor.py:758} INFO - Processing file /home/airflow/.local/lib/python3.7/site-packages/airflow/example_dags/example_dag_decorator.py for tasks to queue
[2024-04-20T05:39:32.560+0000] {logging_mixin.py:117} INFO - [2024-04-20T05:39:32.560+0000] {dagbag.py:525} INFO - Filling up the DagBag from /home/airflow/.local/lib/python3.7/site-packages/airflow/example_dags/example_dag_decorator.py
[2024-04-20T05:39:32.624+0000] {processor.py:768} INFO - DAG(s) dict_keys(['example_dag_decorator']) retrieved from /home/airflow/.local/lib/python3.7/site-packages/airflow/example_dags/example_dag_decorator.py
[2024-04-20T05:39:32.772+0000] {logging_mixin.py:117} INFO - [2024-04-20T05:39:32.772+0000] {dag.py:2573} INFO - Sync 1 DAGs
[2024-04-20T05:39:32.802+0000] {logging_mixin.py:117} INFO - [2024-04-20T05:39:32.802+0000] {dag.py:3328} INFO - Setting next_dagrun for example_dag_decorator to None, run_after=None
[2024-04-20T05:39:32.825+0000] {processor.py:178} INFO - Processing /home/airflow/.local/lib/python3.7/site-packages/airflow/example_dags/example_dag_decorator.py took 0.273 seconds
[2024-04-20T05:40:02.995+0000] {processor.py:156} INFO - Started process (PID=3886) to work on /home/airflow/.local/lib/python3.7/site-packages/airflow/example_dags/example_dag_decorator.py
[2024-04-20T05:40:02.996+0000] {processor.py:758} INFO - Processing file /home/airflow/.local/lib/python3.7/site-packages/airflow/example_dags/example_dag_decorator.py for tasks to queue
[2024-04-20T05:40:02.996+0000] {logging_mixin.py:117} INFO - [2024-04-20T05:40:02.996+0000] {dagbag.py:525} INFO - Filling up the DagBag from /home/airflow/.local/lib/python3.7/site-packages/airflow/example_dags/example_dag_decorator.py
[2024-04-20T05:40:03.031+0000] {processor.py:768} INFO - DAG(s) dict_keys(['example_dag_decorator']) retrieved from /home/airflow/.local/lib/python3.7/site-packages/airflow/example_dags/example_dag_decorator.py
[2024-04-20T05:40:03.133+0000] {logging_mixin.py:117} INFO - [2024-04-20T05:40:03.133+0000] {dag.py:2573} INFO - Sync 1 DAGs
[2024-04-20T05:40:03.162+0000] {logging_mixin.py:117} INFO - [2024-04-20T05:40:03.162+0000] {dag.py:3328} INFO - Setting next_dagrun for example_dag_decorator to None, run_after=None
[2024-04-20T05:40:03.188+0000] {processor.py:178} INFO - Processing /home/airflow/.local/lib/python3.7/site-packages/airflow/example_dags/example_dag_decorator.py took 0.195 seconds
[2024-04-20T05:40:33.359+0000] {processor.py:156} INFO - Started process (PID=4103) to work on /home/airflow/.local/lib/python3.7/site-packages/airflow/example_dags/example_dag_decorator.py
[2024-04-20T05:40:33.359+0000] {processor.py:758} INFO - Processing file /home/airflow/.local/lib/python3.7/site-packages/airflow/example_dags/example_dag_decorator.py for tasks to queue
[2024-04-20T05:40:33.360+0000] {logging_mixin.py:117} INFO - [2024-04-20T05:40:33.360+0000] {dagbag.py:525} INFO - Filling up the DagBag from /home/airflow/.local/lib/python3.7/site-packages/airflow/example_dags/example_dag_decorator.py
[2024-04-20T05:40:33.395+0000] {processor.py:768} INFO - DAG(s) dict_keys(['example_dag_decorator']) retrieved from /home/airflow/.local/lib/python3.7/site-packages/airflow/example_dags/example_dag_decorator.py
[2024-04-20T05:40:33.500+0000] {logging_mixin.py:117} INFO - [2024-04-20T05:40:33.500+0000] {dag.py:2573} INFO - Sync 1 DAGs
[2024-04-20T05:40:33.527+0000] {logging_mixin.py:117} INFO - [2024-04-20T05:40:33.527+0000] {dag.py:3328} INFO - Setting next_dagrun for example_dag_decorator to None, run_after=None
[2024-04-20T05:40:33.554+0000] {processor.py:178} INFO - Processing /home/airflow/.local/lib/python3.7/site-packages/airflow/example_dags/example_dag_decorator.py took 0.198 seconds
[2024-04-20T05:41:03.849+0000] {processor.py:156} INFO - Started process (PID=4335) to work on /home/airflow/.local/lib/python3.7/site-packages/airflow/example_dags/example_dag_decorator.py
[2024-04-20T05:41:03.850+0000] {processor.py:758} INFO - Processing file /home/airflow/.local/lib/python3.7/site-packages/airflow/example_dags/example_dag_decorator.py for tasks to queue
[2024-04-20T05:41:03.850+0000] {logging_mixin.py:117} INFO - [2024-04-20T05:41:03.850+0000] {dagbag.py:525} INFO - Filling up the DagBag from /home/airflow/.local/lib/python3.7/site-packages/airflow/example_dags/example_dag_decorator.py
[2024-04-20T05:41:03.893+0000] {processor.py:768} INFO - DAG(s) dict_keys(['example_dag_decorator']) retrieved from /home/airflow/.local/lib/python3.7/site-packages/airflow/example_dags/example_dag_decorator.py
[2024-04-20T05:41:04.016+0000] {logging_mixin.py:117} INFO - [2024-04-20T05:41:04.016+0000] {dag.py:2573} INFO - Sync 1 DAGs
[2024-04-20T05:41:04.046+0000] {logging_mixin.py:117} INFO - [2024-04-20T05:41:04.046+0000] {dag.py:3328} INFO - Setting next_dagrun for example_dag_decorator to None, run_after=None
[2024-04-20T05:41:04.075+0000] {processor.py:178} INFO - Processing /home/airflow/.local/lib/python3.7/site-packages/airflow/example_dags/example_dag_decorator.py took 0.230 seconds
[2024-04-20T05:41:34.611+0000] {processor.py:156} INFO - Started process (PID=4563) to work on /home/airflow/.local/lib/python3.7/site-packages/airflow/example_dags/example_dag_decorator.py
[2024-04-20T05:41:34.611+0000] {processor.py:758} INFO - Processing file /home/airflow/.local/lib/python3.7/site-packages/airflow/example_dags/example_dag_decorator.py for tasks to queue
[2024-04-20T05:41:34.612+0000] {logging_mixin.py:117} INFO - [2024-04-20T05:41:34.612+0000] {dagbag.py:525} INFO - Filling up the DagBag from /home/airflow/.local/lib/python3.7/site-packages/airflow/example_dags/example_dag_decorator.py
[2024-04-20T05:41:34.648+0000] {processor.py:768} INFO - DAG(s) dict_keys(['example_dag_decorator']) retrieved from /home/airflow/.local/lib/python3.7/site-packages/airflow/example_dags/example_dag_decorator.py
[2024-04-20T05:41:34.761+0000] {logging_mixin.py:117} INFO - [2024-04-20T05:41:34.761+0000] {dag.py:2573} INFO - Sync 1 DAGs
[2024-04-20T05:41:34.792+0000] {logging_mixin.py:117} INFO - [2024-04-20T05:41:34.791+0000] {dag.py:3328} INFO - Setting next_dagrun for example_dag_decorator to None, run_after=None
[2024-04-20T05:41:34.818+0000] {processor.py:178} INFO - Processing /home/airflow/.local/lib/python3.7/site-packages/airflow/example_dags/example_dag_decorator.py took 0.211 seconds
[2024-04-20T05:42:05.542+0000] {processor.py:156} INFO - Started process (PID=4781) to work on /home/airflow/.local/lib/python3.7/site-packages/airflow/example_dags/example_dag_decorator.py
[2024-04-20T05:42:05.543+0000] {processor.py:758} INFO - Processing file /home/airflow/.local/lib/python3.7/site-packages/airflow/example_dags/example_dag_decorator.py for tasks to queue
[2024-04-20T05:42:05.543+0000] {logging_mixin.py:117} INFO - [2024-04-20T05:42:05.543+0000] {dagbag.py:525} INFO - Filling up the DagBag from /home/airflow/.local/lib/python3.7/site-packages/airflow/example_dags/example_dag_decorator.py
[2024-04-20T05:42:05.579+0000] {processor.py:768} INFO - DAG(s) dict_keys(['example_dag_decorator']) retrieved from /home/airflow/.local/lib/python3.7/site-packages/airflow/example_dags/example_dag_decorator.py
[2024-04-20T05:42:05.682+0000] {logging_mixin.py:117} INFO - [2024-04-20T05:42:05.682+0000] {dag.py:2573} INFO - Sync 1 DAGs
[2024-04-20T05:42:05.710+0000] {logging_mixin.py:117} INFO - [2024-04-20T05:42:05.710+0000] {dag.py:3328} INFO - Setting next_dagrun for example_dag_decorator to None, run_after=None
[2024-04-20T05:42:05.735+0000] {processor.py:178} INFO - Processing /home/airflow/.local/lib/python3.7/site-packages/airflow/example_dags/example_dag_decorator.py took 0.195 seconds
[2024-04-20T05:42:35.866+0000] {processor.py:156} INFO - Started process (PID=5065) to work on /home/airflow/.local/lib/python3.7/site-packages/airflow/example_dags/example_dag_decorator.py
[2024-04-20T05:42:35.867+0000] {processor.py:758} INFO - Processing file /home/airflow/.local/lib/python3.7/site-packages/airflow/example_dags/example_dag_decorator.py for tasks to queue
[2024-04-20T05:42:35.867+0000] {logging_mixin.py:117} INFO - [2024-04-20T05:42:35.867+0000] {dagbag.py:525} INFO - Filling up the DagBag from /home/airflow/.local/lib/python3.7/site-packages/airflow/example_dags/example_dag_decorator.py
[2024-04-20T05:42:35.892+0000] {processor.py:768} INFO - DAG(s) dict_keys(['example_dag_decorator']) retrieved from /home/airflow/.local/lib/python3.7/site-packages/airflow/example_dags/example_dag_decorator.py
[2024-04-20T05:42:35.996+0000] {logging_mixin.py:117} INFO - [2024-04-20T05:42:35.995+0000] {dag.py:2573} INFO - Sync 1 DAGs
[2024-04-20T05:42:36.020+0000] {logging_mixin.py:117} INFO - [2024-04-20T05:42:36.020+0000] {dag.py:3328} INFO - Setting next_dagrun for example_dag_decorator to None, run_after=None
[2024-04-20T05:42:36.041+0000] {processor.py:178} INFO - Processing /home/airflow/.local/lib/python3.7/site-packages/airflow/example_dags/example_dag_decorator.py took 0.177 seconds
[2024-04-20T05:43:06.132+0000] {processor.py:156} INFO - Started process (PID=5292) to work on /home/airflow/.local/lib/python3.7/site-packages/airflow/example_dags/example_dag_decorator.py
[2024-04-20T05:43:06.132+0000] {processor.py:758} INFO - Processing file /home/airflow/.local/lib/python3.7/site-packages/airflow/example_dags/example_dag_decorator.py for tasks to queue
[2024-04-20T05:43:06.133+0000] {logging_mixin.py:117} INFO - [2024-04-20T05:43:06.133+0000] {dagbag.py:525} INFO - Filling up the DagBag from /home/airflow/.local/lib/python3.7/site-packages/airflow/example_dags/example_dag_decorator.py
[2024-04-20T05:43:06.201+0000] {processor.py:768} INFO - DAG(s) dict_keys(['example_dag_decorator']) retrieved from /home/airflow/.local/lib/python3.7/site-packages/airflow/example_dags/example_dag_decorator.py
[2024-04-20T05:43:06.344+0000] {logging_mixin.py:117} INFO - [2024-04-20T05:43:06.343+0000] {dag.py:2573} INFO - Sync 1 DAGs
[2024-04-20T05:43:06.372+0000] {logging_mixin.py:117} INFO - [2024-04-20T05:43:06.372+0000] {dag.py:3328} INFO - Setting next_dagrun for example_dag_decorator to None, run_after=None
[2024-04-20T05:43:06.403+0000] {processor.py:178} INFO - Processing /home/airflow/.local/lib/python3.7/site-packages/airflow/example_dags/example_dag_decorator.py took 0.274 seconds
[2024-04-20T05:43:36.849+0000] {processor.py:156} INFO - Started process (PID=5552) to work on /home/airflow/.local/lib/python3.7/site-packages/airflow/example_dags/example_dag_decorator.py
[2024-04-20T05:43:36.850+0000] {processor.py:758} INFO - Processing file /home/airflow/.local/lib/python3.7/site-packages/airflow/example_dags/example_dag_decorator.py for tasks to queue
[2024-04-20T05:43:36.850+0000] {logging_mixin.py:117} INFO - [2024-04-20T05:43:36.850+0000] {dagbag.py:525} INFO - Filling up the DagBag from /home/airflow/.local/lib/python3.7/site-packages/airflow/example_dags/example_dag_decorator.py
[2024-04-20T05:43:36.887+0000] {processor.py:768} INFO - DAG(s) dict_keys(['example_dag_decorator']) retrieved from /home/airflow/.local/lib/python3.7/site-packages/airflow/example_dags/example_dag_decorator.py
[2024-04-20T05:43:37.016+0000] {logging_mixin.py:117} INFO - [2024-04-20T05:43:37.016+0000] {dag.py:2573} INFO - Sync 1 DAGs
[2024-04-20T05:43:37.057+0000] {logging_mixin.py:117} INFO - [2024-04-20T05:43:37.056+0000] {dag.py:3328} INFO - Setting next_dagrun for example_dag_decorator to None, run_after=None
[2024-04-20T05:43:37.086+0000] {processor.py:178} INFO - Processing /home/airflow/.local/lib/python3.7/site-packages/airflow/example_dags/example_dag_decorator.py took 0.242 seconds
[2024-04-20T05:44:07.273+0000] {processor.py:156} INFO - Started process (PID=5781) to work on /home/airflow/.local/lib/python3.7/site-packages/airflow/example_dags/example_dag_decorator.py
[2024-04-20T05:44:07.273+0000] {processor.py:758} INFO - Processing file /home/airflow/.local/lib/python3.7/site-packages/airflow/example_dags/example_dag_decorator.py for tasks to queue
[2024-04-20T05:44:07.274+0000] {logging_mixin.py:117} INFO - [2024-04-20T05:44:07.274+0000] {dagbag.py:525} INFO - Filling up the DagBag from /home/airflow/.local/lib/python3.7/site-packages/airflow/example_dags/example_dag_decorator.py
[2024-04-20T05:44:07.307+0000] {processor.py:768} INFO - DAG(s) dict_keys(['example_dag_decorator']) retrieved from /home/airflow/.local/lib/python3.7/site-packages/airflow/example_dags/example_dag_decorator.py
[2024-04-20T05:44:07.375+0000] {logging_mixin.py:117} INFO - [2024-04-20T05:44:07.375+0000] {dag.py:2573} INFO - Sync 1 DAGs
[2024-04-20T05:44:07.393+0000] {logging_mixin.py:117} INFO - [2024-04-20T05:44:07.393+0000] {dag.py:3328} INFO - Setting next_dagrun for example_dag_decorator to None, run_after=None
[2024-04-20T05:44:07.412+0000] {processor.py:178} INFO - Processing /home/airflow/.local/lib/python3.7/site-packages/airflow/example_dags/example_dag_decorator.py took 0.143 seconds
[2024-04-20T05:44:37.946+0000] {processor.py:156} INFO - Started process (PID=6029) to work on /home/airflow/.local/lib/python3.7/site-packages/airflow/example_dags/example_dag_decorator.py
[2024-04-20T05:44:37.947+0000] {processor.py:758} INFO - Processing file /home/airflow/.local/lib/python3.7/site-packages/airflow/example_dags/example_dag_decorator.py for tasks to queue
[2024-04-20T05:44:37.947+0000] {logging_mixin.py:117} INFO - [2024-04-20T05:44:37.947+0000] {dagbag.py:525} INFO - Filling up the DagBag from /home/airflow/.local/lib/python3.7/site-packages/airflow/example_dags/example_dag_decorator.py
[2024-04-20T05:44:38.051+0000] {processor.py:768} INFO - DAG(s) dict_keys(['example_dag_decorator']) retrieved from /home/airflow/.local/lib/python3.7/site-packages/airflow/example_dags/example_dag_decorator.py
[2024-04-20T05:44:38.502+0000] {logging_mixin.py:117} INFO - [2024-04-20T05:44:38.502+0000] {dag.py:2573} INFO - Sync 1 DAGs
[2024-04-20T05:44:38.563+0000] {logging_mixin.py:117} INFO - [2024-04-20T05:44:38.563+0000] {dag.py:3328} INFO - Setting next_dagrun for example_dag_decorator to None, run_after=None
[2024-04-20T05:44:38.598+0000] {processor.py:178} INFO - Processing /home/airflow/.local/lib/python3.7/site-packages/airflow/example_dags/example_dag_decorator.py took 0.668 seconds
[2024-04-20T05:45:08.795+0000] {processor.py:156} INFO - Started process (PID=6301) to work on /home/airflow/.local/lib/python3.7/site-packages/airflow/example_dags/example_dag_decorator.py
[2024-04-20T05:45:08.796+0000] {processor.py:758} INFO - Processing file /home/airflow/.local/lib/python3.7/site-packages/airflow/example_dags/example_dag_decorator.py for tasks to queue
[2024-04-20T05:45:08.797+0000] {logging_mixin.py:117} INFO - [2024-04-20T05:45:08.797+0000] {dagbag.py:525} INFO - Filling up the DagBag from /home/airflow/.local/lib/python3.7/site-packages/airflow/example_dags/example_dag_decorator.py
[2024-04-20T05:45:08.832+0000] {processor.py:768} INFO - DAG(s) dict_keys(['example_dag_decorator']) retrieved from /home/airflow/.local/lib/python3.7/site-packages/airflow/example_dags/example_dag_decorator.py
[2024-04-20T05:45:08.948+0000] {logging_mixin.py:117} INFO - [2024-04-20T05:45:08.948+0000] {dag.py:2573} INFO - Sync 1 DAGs
[2024-04-20T05:45:08.981+0000] {logging_mixin.py:117} INFO - [2024-04-20T05:45:08.981+0000] {dag.py:3328} INFO - Setting next_dagrun for example_dag_decorator to None, run_after=None
[2024-04-20T05:45:09.009+0000] {processor.py:178} INFO - Processing /home/airflow/.local/lib/python3.7/site-packages/airflow/example_dags/example_dag_decorator.py took 0.218 seconds
[2024-04-20T05:45:39.094+0000] {processor.py:156} INFO - Started process (PID=6562) to work on /home/airflow/.local/lib/python3.7/site-packages/airflow/example_dags/example_dag_decorator.py
[2024-04-20T05:45:39.095+0000] {processor.py:758} INFO - Processing file /home/airflow/.local/lib/python3.7/site-packages/airflow/example_dags/example_dag_decorator.py for tasks to queue
[2024-04-20T05:45:39.095+0000] {logging_mixin.py:117} INFO - [2024-04-20T05:45:39.095+0000] {dagbag.py:525} INFO - Filling up the DagBag from /home/airflow/.local/lib/python3.7/site-packages/airflow/example_dags/example_dag_decorator.py
[2024-04-20T05:45:39.174+0000] {processor.py:768} INFO - DAG(s) dict_keys(['example_dag_decorator']) retrieved from /home/airflow/.local/lib/python3.7/site-packages/airflow/example_dags/example_dag_decorator.py
[2024-04-20T05:45:39.282+0000] {logging_mixin.py:117} INFO - [2024-04-20T05:45:39.281+0000] {dag.py:2573} INFO - Sync 1 DAGs
[2024-04-20T05:45:39.313+0000] {logging_mixin.py:117} INFO - [2024-04-20T05:45:39.313+0000] {dag.py:3328} INFO - Setting next_dagrun for example_dag_decorator to None, run_after=None
[2024-04-20T05:45:39.342+0000] {processor.py:178} INFO - Processing /home/airflow/.local/lib/python3.7/site-packages/airflow/example_dags/example_dag_decorator.py took 0.255 seconds
[2024-04-20T05:46:10.252+0000] {processor.py:156} INFO - Started process (PID=6821) to work on /home/airflow/.local/lib/python3.7/site-packages/airflow/example_dags/example_dag_decorator.py
[2024-04-20T05:46:10.253+0000] {processor.py:758} INFO - Processing file /home/airflow/.local/lib/python3.7/site-packages/airflow/example_dags/example_dag_decorator.py for tasks to queue
[2024-04-20T05:46:10.253+0000] {logging_mixin.py:117} INFO - [2024-04-20T05:46:10.253+0000] {dagbag.py:525} INFO - Filling up the DagBag from /home/airflow/.local/lib/python3.7/site-packages/airflow/example_dags/example_dag_decorator.py
[2024-04-20T05:46:10.288+0000] {processor.py:768} INFO - DAG(s) dict_keys(['example_dag_decorator']) retrieved from /home/airflow/.local/lib/python3.7/site-packages/airflow/example_dags/example_dag_decorator.py
[2024-04-20T05:46:10.485+0000] {logging_mixin.py:117} INFO - [2024-04-20T05:46:10.484+0000] {dag.py:2573} INFO - Sync 1 DAGs
[2024-04-20T05:46:10.531+0000] {logging_mixin.py:117} INFO - [2024-04-20T05:46:10.530+0000] {dag.py:3328} INFO - Setting next_dagrun for example_dag_decorator to None, run_after=None
[2024-04-20T05:46:10.574+0000] {processor.py:178} INFO - Processing /home/airflow/.local/lib/python3.7/site-packages/airflow/example_dags/example_dag_decorator.py took 0.325 seconds
[2024-04-20T05:46:41.289+0000] {processor.py:156} INFO - Started process (PID=7074) to work on /home/airflow/.local/lib/python3.7/site-packages/airflow/example_dags/example_dag_decorator.py
[2024-04-20T05:46:41.290+0000] {processor.py:758} INFO - Processing file /home/airflow/.local/lib/python3.7/site-packages/airflow/example_dags/example_dag_decorator.py for tasks to queue
[2024-04-20T05:46:41.291+0000] {logging_mixin.py:117} INFO - [2024-04-20T05:46:41.290+0000] {dagbag.py:525} INFO - Filling up the DagBag from /home/airflow/.local/lib/python3.7/site-packages/airflow/example_dags/example_dag_decorator.py
[2024-04-20T05:46:41.340+0000] {processor.py:768} INFO - DAG(s) dict_keys(['example_dag_decorator']) retrieved from /home/airflow/.local/lib/python3.7/site-packages/airflow/example_dags/example_dag_decorator.py
[2024-04-20T05:46:41.448+0000] {logging_mixin.py:117} INFO - [2024-04-20T05:46:41.448+0000] {dag.py:2573} INFO - Sync 1 DAGs
[2024-04-20T05:46:41.476+0000] {logging_mixin.py:117} INFO - [2024-04-20T05:46:41.476+0000] {dag.py:3328} INFO - Setting next_dagrun for example_dag_decorator to None, run_after=None
[2024-04-20T05:46:41.500+0000] {processor.py:178} INFO - Processing /home/airflow/.local/lib/python3.7/site-packages/airflow/example_dags/example_dag_decorator.py took 0.215 seconds
[2024-04-20T05:47:11.855+0000] {processor.py:156} INFO - Started process (PID=7322) to work on /home/airflow/.local/lib/python3.7/site-packages/airflow/example_dags/example_dag_decorator.py
[2024-04-20T05:47:11.855+0000] {processor.py:758} INFO - Processing file /home/airflow/.local/lib/python3.7/site-packages/airflow/example_dags/example_dag_decorator.py for tasks to queue
[2024-04-20T05:47:11.856+0000] {logging_mixin.py:117} INFO - [2024-04-20T05:47:11.856+0000] {dagbag.py:525} INFO - Filling up the DagBag from /home/airflow/.local/lib/python3.7/site-packages/airflow/example_dags/example_dag_decorator.py
[2024-04-20T05:47:11.891+0000] {processor.py:768} INFO - DAG(s) dict_keys(['example_dag_decorator']) retrieved from /home/airflow/.local/lib/python3.7/site-packages/airflow/example_dags/example_dag_decorator.py
[2024-04-20T05:47:11.996+0000] {logging_mixin.py:117} INFO - [2024-04-20T05:47:11.996+0000] {dag.py:2573} INFO - Sync 1 DAGs
[2024-04-20T05:47:12.027+0000] {logging_mixin.py:117} INFO - [2024-04-20T05:47:12.027+0000] {dag.py:3328} INFO - Setting next_dagrun for example_dag_decorator to None, run_after=None
[2024-04-20T05:47:12.052+0000] {processor.py:178} INFO - Processing /home/airflow/.local/lib/python3.7/site-packages/airflow/example_dags/example_dag_decorator.py took 0.201 seconds
[2024-04-20T05:47:42.661+0000] {processor.py:156} INFO - Started process (PID=7575) to work on /home/airflow/.local/lib/python3.7/site-packages/airflow/example_dags/example_dag_decorator.py
[2024-04-20T05:47:42.661+0000] {processor.py:758} INFO - Processing file /home/airflow/.local/lib/python3.7/site-packages/airflow/example_dags/example_dag_decorator.py for tasks to queue
[2024-04-20T05:47:42.662+0000] {logging_mixin.py:117} INFO - [2024-04-20T05:47:42.662+0000] {dagbag.py:525} INFO - Filling up the DagBag from /home/airflow/.local/lib/python3.7/site-packages/airflow/example_dags/example_dag_decorator.py
[2024-04-20T05:47:42.710+0000] {processor.py:768} INFO - DAG(s) dict_keys(['example_dag_decorator']) retrieved from /home/airflow/.local/lib/python3.7/site-packages/airflow/example_dags/example_dag_decorator.py
[2024-04-20T05:47:42.919+0000] {logging_mixin.py:117} INFO - [2024-04-20T05:47:42.919+0000] {dag.py:2573} INFO - Sync 1 DAGs
[2024-04-20T05:47:42.978+0000] {logging_mixin.py:117} INFO - [2024-04-20T05:47:42.978+0000] {dag.py:3328} INFO - Setting next_dagrun for example_dag_decorator to None, run_after=None
[2024-04-20T05:47:43.014+0000] {processor.py:178} INFO - Processing /home/airflow/.local/lib/python3.7/site-packages/airflow/example_dags/example_dag_decorator.py took 0.358 seconds
[2024-04-20T05:48:13.333+0000] {processor.py:156} INFO - Started process (PID=7835) to work on /home/airflow/.local/lib/python3.7/site-packages/airflow/example_dags/example_dag_decorator.py
[2024-04-20T05:48:13.333+0000] {processor.py:758} INFO - Processing file /home/airflow/.local/lib/python3.7/site-packages/airflow/example_dags/example_dag_decorator.py for tasks to queue
[2024-04-20T05:48:13.334+0000] {logging_mixin.py:117} INFO - [2024-04-20T05:48:13.334+0000] {dagbag.py:525} INFO - Filling up the DagBag from /home/airflow/.local/lib/python3.7/site-packages/airflow/example_dags/example_dag_decorator.py
[2024-04-20T05:48:13.379+0000] {processor.py:768} INFO - DAG(s) dict_keys(['example_dag_decorator']) retrieved from /home/airflow/.local/lib/python3.7/site-packages/airflow/example_dags/example_dag_decorator.py
[2024-04-20T05:48:13.481+0000] {logging_mixin.py:117} INFO - [2024-04-20T05:48:13.481+0000] {dag.py:2573} INFO - Sync 1 DAGs
[2024-04-20T05:48:13.525+0000] {logging_mixin.py:117} INFO - [2024-04-20T05:48:13.525+0000] {dag.py:3328} INFO - Setting next_dagrun for example_dag_decorator to None, run_after=None
[2024-04-20T05:48:13.581+0000] {processor.py:178} INFO - Processing /home/airflow/.local/lib/python3.7/site-packages/airflow/example_dags/example_dag_decorator.py took 0.251 seconds
[2024-04-20T05:48:43.703+0000] {processor.py:156} INFO - Started process (PID=8062) to work on /home/airflow/.local/lib/python3.7/site-packages/airflow/example_dags/example_dag_decorator.py
[2024-04-20T05:48:43.703+0000] {processor.py:758} INFO - Processing file /home/airflow/.local/lib/python3.7/site-packages/airflow/example_dags/example_dag_decorator.py for tasks to queue
[2024-04-20T05:48:43.704+0000] {logging_mixin.py:117} INFO - [2024-04-20T05:48:43.704+0000] {dagbag.py:525} INFO - Filling up the DagBag from /home/airflow/.local/lib/python3.7/site-packages/airflow/example_dags/example_dag_decorator.py
[2024-04-20T05:48:43.739+0000] {processor.py:768} INFO - DAG(s) dict_keys(['example_dag_decorator']) retrieved from /home/airflow/.local/lib/python3.7/site-packages/airflow/example_dags/example_dag_decorator.py
[2024-04-20T05:48:43.912+0000] {logging_mixin.py:117} INFO - [2024-04-20T05:48:43.912+0000] {dag.py:2573} INFO - Sync 1 DAGs
[2024-04-20T05:48:43.940+0000] {logging_mixin.py:117} INFO - [2024-04-20T05:48:43.940+0000] {dag.py:3328} INFO - Setting next_dagrun for example_dag_decorator to None, run_after=None
[2024-04-20T05:48:43.968+0000] {processor.py:178} INFO - Processing /home/airflow/.local/lib/python3.7/site-packages/airflow/example_dags/example_dag_decorator.py took 0.268 seconds
[2024-04-20T05:49:14.238+0000] {processor.py:156} INFO - Started process (PID=8297) to work on /home/airflow/.local/lib/python3.7/site-packages/airflow/example_dags/example_dag_decorator.py
[2024-04-20T05:49:14.239+0000] {processor.py:758} INFO - Processing file /home/airflow/.local/lib/python3.7/site-packages/airflow/example_dags/example_dag_decorator.py for tasks to queue
[2024-04-20T05:49:14.239+0000] {logging_mixin.py:117} INFO - [2024-04-20T05:49:14.239+0000] {dagbag.py:525} INFO - Filling up the DagBag from /home/airflow/.local/lib/python3.7/site-packages/airflow/example_dags/example_dag_decorator.py
[2024-04-20T05:49:14.276+0000] {processor.py:768} INFO - DAG(s) dict_keys(['example_dag_decorator']) retrieved from /home/airflow/.local/lib/python3.7/site-packages/airflow/example_dags/example_dag_decorator.py
[2024-04-20T05:49:14.378+0000] {logging_mixin.py:117} INFO - [2024-04-20T05:49:14.377+0000] {dag.py:2573} INFO - Sync 1 DAGs
[2024-04-20T05:49:14.407+0000] {logging_mixin.py:117} INFO - [2024-04-20T05:49:14.406+0000] {dag.py:3328} INFO - Setting next_dagrun for example_dag_decorator to None, run_after=None
[2024-04-20T05:49:14.432+0000] {processor.py:178} INFO - Processing /home/airflow/.local/lib/python3.7/site-packages/airflow/example_dags/example_dag_decorator.py took 0.197 seconds
[2024-04-20T05:49:44.732+0000] {processor.py:156} INFO - Started process (PID=8538) to work on /home/airflow/.local/lib/python3.7/site-packages/airflow/example_dags/example_dag_decorator.py
[2024-04-20T05:49:44.733+0000] {processor.py:758} INFO - Processing file /home/airflow/.local/lib/python3.7/site-packages/airflow/example_dags/example_dag_decorator.py for tasks to queue
[2024-04-20T05:49:44.733+0000] {logging_mixin.py:117} INFO - [2024-04-20T05:49:44.733+0000] {dagbag.py:525} INFO - Filling up the DagBag from /home/airflow/.local/lib/python3.7/site-packages/airflow/example_dags/example_dag_decorator.py
[2024-04-20T05:49:44.770+0000] {processor.py:768} INFO - DAG(s) dict_keys(['example_dag_decorator']) retrieved from /home/airflow/.local/lib/python3.7/site-packages/airflow/example_dags/example_dag_decorator.py
[2024-04-20T05:49:44.875+0000] {logging_mixin.py:117} INFO - [2024-04-20T05:49:44.874+0000] {dag.py:2573} INFO - Sync 1 DAGs
[2024-04-20T05:49:44.912+0000] {logging_mixin.py:117} INFO - [2024-04-20T05:49:44.912+0000] {dag.py:3328} INFO - Setting next_dagrun for example_dag_decorator to None, run_after=None
[2024-04-20T05:49:44.937+0000] {processor.py:178} INFO - Processing /home/airflow/.local/lib/python3.7/site-packages/airflow/example_dags/example_dag_decorator.py took 0.209 seconds
[2024-04-20T05:50:15.053+0000] {processor.py:156} INFO - Started process (PID=8781) to work on /home/airflow/.local/lib/python3.7/site-packages/airflow/example_dags/example_dag_decorator.py
[2024-04-20T05:50:15.054+0000] {processor.py:758} INFO - Processing file /home/airflow/.local/lib/python3.7/site-packages/airflow/example_dags/example_dag_decorator.py for tasks to queue
[2024-04-20T05:50:15.055+0000] {logging_mixin.py:117} INFO - [2024-04-20T05:50:15.055+0000] {dagbag.py:525} INFO - Filling up the DagBag from /home/airflow/.local/lib/python3.7/site-packages/airflow/example_dags/example_dag_decorator.py
[2024-04-20T05:50:15.125+0000] {processor.py:768} INFO - DAG(s) dict_keys(['example_dag_decorator']) retrieved from /home/airflow/.local/lib/python3.7/site-packages/airflow/example_dags/example_dag_decorator.py
[2024-04-20T05:50:15.282+0000] {logging_mixin.py:117} INFO - [2024-04-20T05:50:15.282+0000] {dag.py:2573} INFO - Sync 1 DAGs
[2024-04-20T05:50:15.311+0000] {logging_mixin.py:117} INFO - [2024-04-20T05:50:15.311+0000] {dag.py:3328} INFO - Setting next_dagrun for example_dag_decorator to None, run_after=None
[2024-04-20T05:50:15.391+0000] {processor.py:178} INFO - Processing /home/airflow/.local/lib/python3.7/site-packages/airflow/example_dags/example_dag_decorator.py took 0.341 seconds
[2024-04-20T05:50:46.127+0000] {processor.py:156} INFO - Started process (PID=8999) to work on /home/airflow/.local/lib/python3.7/site-packages/airflow/example_dags/example_dag_decorator.py
[2024-04-20T05:50:46.127+0000] {processor.py:758} INFO - Processing file /home/airflow/.local/lib/python3.7/site-packages/airflow/example_dags/example_dag_decorator.py for tasks to queue
[2024-04-20T05:50:46.128+0000] {logging_mixin.py:117} INFO - [2024-04-20T05:50:46.128+0000] {dagbag.py:525} INFO - Filling up the DagBag from /home/airflow/.local/lib/python3.7/site-packages/airflow/example_dags/example_dag_decorator.py
[2024-04-20T05:50:46.163+0000] {processor.py:768} INFO - DAG(s) dict_keys(['example_dag_decorator']) retrieved from /home/airflow/.local/lib/python3.7/site-packages/airflow/example_dags/example_dag_decorator.py
[2024-04-20T05:50:46.265+0000] {logging_mixin.py:117} INFO - [2024-04-20T05:50:46.265+0000] {dag.py:2573} INFO - Sync 1 DAGs
[2024-04-20T05:50:46.295+0000] {logging_mixin.py:117} INFO - [2024-04-20T05:50:46.295+0000] {dag.py:3328} INFO - Setting next_dagrun for example_dag_decorator to None, run_after=None
[2024-04-20T05:50:46.320+0000] {processor.py:178} INFO - Processing /home/airflow/.local/lib/python3.7/site-packages/airflow/example_dags/example_dag_decorator.py took 0.199 seconds
[2024-04-20T05:51:16.849+0000] {processor.py:156} INFO - Started process (PID=9228) to work on /home/airflow/.local/lib/python3.7/site-packages/airflow/example_dags/example_dag_decorator.py
[2024-04-20T05:51:16.850+0000] {processor.py:758} INFO - Processing file /home/airflow/.local/lib/python3.7/site-packages/airflow/example_dags/example_dag_decorator.py for tasks to queue
[2024-04-20T05:51:16.850+0000] {logging_mixin.py:117} INFO - [2024-04-20T05:51:16.850+0000] {dagbag.py:525} INFO - Filling up the DagBag from /home/airflow/.local/lib/python3.7/site-packages/airflow/example_dags/example_dag_decorator.py
[2024-04-20T05:51:16.886+0000] {processor.py:768} INFO - DAG(s) dict_keys(['example_dag_decorator']) retrieved from /home/airflow/.local/lib/python3.7/site-packages/airflow/example_dags/example_dag_decorator.py
[2024-04-20T05:51:16.994+0000] {logging_mixin.py:117} INFO - [2024-04-20T05:51:16.994+0000] {dag.py:2573} INFO - Sync 1 DAGs
[2024-04-20T05:51:17.022+0000] {logging_mixin.py:117} INFO - [2024-04-20T05:51:17.022+0000] {dag.py:3328} INFO - Setting next_dagrun for example_dag_decorator to None, run_after=None
[2024-04-20T05:51:17.050+0000] {processor.py:178} INFO - Processing /home/airflow/.local/lib/python3.7/site-packages/airflow/example_dags/example_dag_decorator.py took 0.205 seconds
[2024-04-20T05:51:47.225+0000] {processor.py:156} INFO - Started process (PID=9460) to work on /home/airflow/.local/lib/python3.7/site-packages/airflow/example_dags/example_dag_decorator.py
[2024-04-20T05:51:47.226+0000] {processor.py:758} INFO - Processing file /home/airflow/.local/lib/python3.7/site-packages/airflow/example_dags/example_dag_decorator.py for tasks to queue
[2024-04-20T05:51:47.227+0000] {logging_mixin.py:117} INFO - [2024-04-20T05:51:47.227+0000] {dagbag.py:525} INFO - Filling up the DagBag from /home/airflow/.local/lib/python3.7/site-packages/airflow/example_dags/example_dag_decorator.py
[2024-04-20T05:51:47.281+0000] {processor.py:768} INFO - DAG(s) dict_keys(['example_dag_decorator']) retrieved from /home/airflow/.local/lib/python3.7/site-packages/airflow/example_dags/example_dag_decorator.py
[2024-04-20T05:51:47.440+0000] {logging_mixin.py:117} INFO - [2024-04-20T05:51:47.437+0000] {dag.py:2573} INFO - Sync 1 DAGs
[2024-04-20T05:51:47.469+0000] {logging_mixin.py:117} INFO - [2024-04-20T05:51:47.469+0000] {dag.py:3328} INFO - Setting next_dagrun for example_dag_decorator to None, run_after=None
[2024-04-20T05:51:47.496+0000] {processor.py:178} INFO - Processing /home/airflow/.local/lib/python3.7/site-packages/airflow/example_dags/example_dag_decorator.py took 0.274 seconds
[2024-04-20T05:52:18.114+0000] {processor.py:156} INFO - Started process (PID=9682) to work on /home/airflow/.local/lib/python3.7/site-packages/airflow/example_dags/example_dag_decorator.py
[2024-04-20T05:52:18.114+0000] {processor.py:758} INFO - Processing file /home/airflow/.local/lib/python3.7/site-packages/airflow/example_dags/example_dag_decorator.py for tasks to queue
[2024-04-20T05:52:18.115+0000] {logging_mixin.py:117} INFO - [2024-04-20T05:52:18.115+0000] {dagbag.py:525} INFO - Filling up the DagBag from /home/airflow/.local/lib/python3.7/site-packages/airflow/example_dags/example_dag_decorator.py
[2024-04-20T05:52:18.151+0000] {processor.py:768} INFO - DAG(s) dict_keys(['example_dag_decorator']) retrieved from /home/airflow/.local/lib/python3.7/site-packages/airflow/example_dags/example_dag_decorator.py
[2024-04-20T05:52:18.254+0000] {logging_mixin.py:117} INFO - [2024-04-20T05:52:18.254+0000] {dag.py:2573} INFO - Sync 1 DAGs
[2024-04-20T05:52:18.281+0000] {logging_mixin.py:117} INFO - [2024-04-20T05:52:18.281+0000] {dag.py:3328} INFO - Setting next_dagrun for example_dag_decorator to None, run_after=None
[2024-04-20T05:52:18.309+0000] {processor.py:178} INFO - Processing /home/airflow/.local/lib/python3.7/site-packages/airflow/example_dags/example_dag_decorator.py took 0.199 seconds
[2024-04-20T05:52:48.505+0000] {processor.py:156} INFO - Started process (PID=9909) to work on /home/airflow/.local/lib/python3.7/site-packages/airflow/example_dags/example_dag_decorator.py
[2024-04-20T05:52:48.509+0000] {processor.py:758} INFO - Processing file /home/airflow/.local/lib/python3.7/site-packages/airflow/example_dags/example_dag_decorator.py for tasks to queue
[2024-04-20T05:52:48.510+0000] {logging_mixin.py:117} INFO - [2024-04-20T05:52:48.509+0000] {dagbag.py:525} INFO - Filling up the DagBag from /home/airflow/.local/lib/python3.7/site-packages/airflow/example_dags/example_dag_decorator.py
[2024-04-20T05:52:48.581+0000] {processor.py:768} INFO - DAG(s) dict_keys(['example_dag_decorator']) retrieved from /home/airflow/.local/lib/python3.7/site-packages/airflow/example_dags/example_dag_decorator.py
[2024-04-20T05:52:48.696+0000] {logging_mixin.py:117} INFO - [2024-04-20T05:52:48.695+0000] {dag.py:2573} INFO - Sync 1 DAGs
[2024-04-20T05:52:48.726+0000] {logging_mixin.py:117} INFO - [2024-04-20T05:52:48.726+0000] {dag.py:3328} INFO - Setting next_dagrun for example_dag_decorator to None, run_after=None
[2024-04-20T05:52:48.752+0000] {processor.py:178} INFO - Processing /home/airflow/.local/lib/python3.7/site-packages/airflow/example_dags/example_dag_decorator.py took 0.260 seconds
[2024-04-20T05:53:19.099+0000] {processor.py:156} INFO - Started process (PID=10146) to work on /home/airflow/.local/lib/python3.7/site-packages/airflow/example_dags/example_dag_decorator.py
[2024-04-20T05:53:19.100+0000] {processor.py:758} INFO - Processing file /home/airflow/.local/lib/python3.7/site-packages/airflow/example_dags/example_dag_decorator.py for tasks to queue
[2024-04-20T05:53:19.101+0000] {logging_mixin.py:117} INFO - [2024-04-20T05:53:19.101+0000] {dagbag.py:525} INFO - Filling up the DagBag from /home/airflow/.local/lib/python3.7/site-packages/airflow/example_dags/example_dag_decorator.py
[2024-04-20T05:53:19.140+0000] {processor.py:768} INFO - DAG(s) dict_keys(['example_dag_decorator']) retrieved from /home/airflow/.local/lib/python3.7/site-packages/airflow/example_dags/example_dag_decorator.py
[2024-04-20T05:53:19.291+0000] {logging_mixin.py:117} INFO - [2024-04-20T05:53:19.291+0000] {dag.py:2573} INFO - Sync 1 DAGs
[2024-04-20T05:53:19.319+0000] {logging_mixin.py:117} INFO - [2024-04-20T05:53:19.319+0000] {dag.py:3328} INFO - Setting next_dagrun for example_dag_decorator to None, run_after=None
[2024-04-20T05:53:19.345+0000] {processor.py:178} INFO - Processing /home/airflow/.local/lib/python3.7/site-packages/airflow/example_dags/example_dag_decorator.py took 0.249 seconds
[2024-04-20T05:53:49.621+0000] {processor.py:156} INFO - Started process (PID=10365) to work on /home/airflow/.local/lib/python3.7/site-packages/airflow/example_dags/example_dag_decorator.py
[2024-04-20T05:53:49.623+0000] {processor.py:758} INFO - Processing file /home/airflow/.local/lib/python3.7/site-packages/airflow/example_dags/example_dag_decorator.py for tasks to queue
[2024-04-20T05:53:49.624+0000] {logging_mixin.py:117} INFO - [2024-04-20T05:53:49.624+0000] {dagbag.py:525} INFO - Filling up the DagBag from /home/airflow/.local/lib/python3.7/site-packages/airflow/example_dags/example_dag_decorator.py
[2024-04-20T05:53:49.700+0000] {processor.py:768} INFO - DAG(s) dict_keys(['example_dag_decorator']) retrieved from /home/airflow/.local/lib/python3.7/site-packages/airflow/example_dags/example_dag_decorator.py
[2024-04-20T05:53:49.879+0000] {logging_mixin.py:117} INFO - [2024-04-20T05:53:49.879+0000] {dag.py:2573} INFO - Sync 1 DAGs
[2024-04-20T05:53:49.906+0000] {logging_mixin.py:117} INFO - [2024-04-20T05:53:49.906+0000] {dag.py:3328} INFO - Setting next_dagrun for example_dag_decorator to None, run_after=None
[2024-04-20T05:53:49.933+0000] {processor.py:178} INFO - Processing /home/airflow/.local/lib/python3.7/site-packages/airflow/example_dags/example_dag_decorator.py took 0.316 seconds
[2024-04-20T05:54:20.042+0000] {processor.py:156} INFO - Started process (PID=10600) to work on /home/airflow/.local/lib/python3.7/site-packages/airflow/example_dags/example_dag_decorator.py
[2024-04-20T05:54:20.042+0000] {processor.py:758} INFO - Processing file /home/airflow/.local/lib/python3.7/site-packages/airflow/example_dags/example_dag_decorator.py for tasks to queue
[2024-04-20T05:54:20.043+0000] {logging_mixin.py:117} INFO - [2024-04-20T05:54:20.043+0000] {dagbag.py:525} INFO - Filling up the DagBag from /home/airflow/.local/lib/python3.7/site-packages/airflow/example_dags/example_dag_decorator.py
[2024-04-20T05:54:20.069+0000] {processor.py:768} INFO - DAG(s) dict_keys(['example_dag_decorator']) retrieved from /home/airflow/.local/lib/python3.7/site-packages/airflow/example_dags/example_dag_decorator.py
[2024-04-20T05:54:20.136+0000] {logging_mixin.py:117} INFO - [2024-04-20T05:54:20.136+0000] {dag.py:2573} INFO - Sync 1 DAGs
[2024-04-20T05:54:20.155+0000] {logging_mixin.py:117} INFO - [2024-04-20T05:54:20.155+0000] {dag.py:3328} INFO - Setting next_dagrun for example_dag_decorator to None, run_after=None
[2024-04-20T05:54:20.183+0000] {processor.py:178} INFO - Processing /home/airflow/.local/lib/python3.7/site-packages/airflow/example_dags/example_dag_decorator.py took 0.144 seconds
[2024-04-20T05:54:50.722+0000] {processor.py:156} INFO - Started process (PID=10835) to work on /home/airflow/.local/lib/python3.7/site-packages/airflow/example_dags/example_dag_decorator.py
[2024-04-20T05:54:50.725+0000] {processor.py:758} INFO - Processing file /home/airflow/.local/lib/python3.7/site-packages/airflow/example_dags/example_dag_decorator.py for tasks to queue
[2024-04-20T05:54:50.727+0000] {logging_mixin.py:117} INFO - [2024-04-20T05:54:50.727+0000] {dagbag.py:525} INFO - Filling up the DagBag from /home/airflow/.local/lib/python3.7/site-packages/airflow/example_dags/example_dag_decorator.py
[2024-04-20T05:54:50.799+0000] {processor.py:768} INFO - DAG(s) dict_keys(['example_dag_decorator']) retrieved from /home/airflow/.local/lib/python3.7/site-packages/airflow/example_dags/example_dag_decorator.py
[2024-04-20T05:54:51.004+0000] {logging_mixin.py:117} INFO - [2024-04-20T05:54:51.004+0000] {dag.py:2573} INFO - Sync 1 DAGs
[2024-04-20T05:54:51.073+0000] {logging_mixin.py:117} INFO - [2024-04-20T05:54:51.073+0000] {dag.py:3328} INFO - Setting next_dagrun for example_dag_decorator to None, run_after=None
[2024-04-20T05:54:51.113+0000] {processor.py:178} INFO - Processing /home/airflow/.local/lib/python3.7/site-packages/airflow/example_dags/example_dag_decorator.py took 0.396 seconds
[2024-04-20T05:55:21.432+0000] {processor.py:156} INFO - Started process (PID=11052) to work on /home/airflow/.local/lib/python3.7/site-packages/airflow/example_dags/example_dag_decorator.py
[2024-04-20T05:55:21.433+0000] {processor.py:758} INFO - Processing file /home/airflow/.local/lib/python3.7/site-packages/airflow/example_dags/example_dag_decorator.py for tasks to queue
[2024-04-20T05:55:21.433+0000] {logging_mixin.py:117} INFO - [2024-04-20T05:55:21.433+0000] {dagbag.py:525} INFO - Filling up the DagBag from /home/airflow/.local/lib/python3.7/site-packages/airflow/example_dags/example_dag_decorator.py
[2024-04-20T05:55:21.505+0000] {processor.py:768} INFO - DAG(s) dict_keys(['example_dag_decorator']) retrieved from /home/airflow/.local/lib/python3.7/site-packages/airflow/example_dags/example_dag_decorator.py
[2024-04-20T05:55:21.753+0000] {logging_mixin.py:117} INFO - [2024-04-20T05:55:21.748+0000] {dag.py:2573} INFO - Sync 1 DAGs
[2024-04-20T05:55:21.802+0000] {logging_mixin.py:117} INFO - [2024-04-20T05:55:21.802+0000] {dag.py:3328} INFO - Setting next_dagrun for example_dag_decorator to None, run_after=None
[2024-04-20T05:55:21.838+0000] {processor.py:178} INFO - Processing /home/airflow/.local/lib/python3.7/site-packages/airflow/example_dags/example_dag_decorator.py took 0.409 seconds
[2024-04-20T05:56:40.003+0000] {processor.py:156} INFO - Started process (PID=261) to work on /home/airflow/.local/lib/python3.7/site-packages/airflow/example_dags/example_dag_decorator.py
[2024-04-20T05:56:40.013+0000] {processor.py:758} INFO - Processing file /home/airflow/.local/lib/python3.7/site-packages/airflow/example_dags/example_dag_decorator.py for tasks to queue
[2024-04-20T05:56:40.013+0000] {logging_mixin.py:117} INFO - [2024-04-20T05:56:40.013+0000] {dagbag.py:525} INFO - Filling up the DagBag from /home/airflow/.local/lib/python3.7/site-packages/airflow/example_dags/example_dag_decorator.py
[2024-04-20T05:56:40.242+0000] {processor.py:768} INFO - DAG(s) dict_keys(['example_dag_decorator']) retrieved from /home/airflow/.local/lib/python3.7/site-packages/airflow/example_dags/example_dag_decorator.py
[2024-04-20T05:56:40.946+0000] {logging_mixin.py:117} INFO - [2024-04-20T05:56:40.946+0000] {dag.py:2573} INFO - Sync 1 DAGs
[2024-04-20T05:56:41.027+0000] {logging_mixin.py:117} INFO - [2024-04-20T05:56:41.027+0000] {dag.py:3328} INFO - Setting next_dagrun for example_dag_decorator to None, run_after=None
[2024-04-20T05:56:41.102+0000] {processor.py:178} INFO - Processing /home/airflow/.local/lib/python3.7/site-packages/airflow/example_dags/example_dag_decorator.py took 1.118 seconds
[2024-04-20T05:57:11.891+0000] {processor.py:156} INFO - Started process (PID=488) to work on /home/airflow/.local/lib/python3.7/site-packages/airflow/example_dags/example_dag_decorator.py
[2024-04-20T05:57:11.892+0000] {processor.py:758} INFO - Processing file /home/airflow/.local/lib/python3.7/site-packages/airflow/example_dags/example_dag_decorator.py for tasks to queue
[2024-04-20T05:57:11.892+0000] {logging_mixin.py:117} INFO - [2024-04-20T05:57:11.892+0000] {dagbag.py:525} INFO - Filling up the DagBag from /home/airflow/.local/lib/python3.7/site-packages/airflow/example_dags/example_dag_decorator.py
[2024-04-20T05:57:11.967+0000] {processor.py:768} INFO - DAG(s) dict_keys(['example_dag_decorator']) retrieved from /home/airflow/.local/lib/python3.7/site-packages/airflow/example_dags/example_dag_decorator.py
[2024-04-20T05:57:12.343+0000] {logging_mixin.py:117} INFO - [2024-04-20T05:57:12.343+0000] {dag.py:2573} INFO - Sync 1 DAGs
[2024-04-20T05:57:12.403+0000] {logging_mixin.py:117} INFO - [2024-04-20T05:57:12.403+0000] {dag.py:3328} INFO - Setting next_dagrun for example_dag_decorator to None, run_after=None
[2024-04-20T05:57:12.446+0000] {processor.py:178} INFO - Processing /home/airflow/.local/lib/python3.7/site-packages/airflow/example_dags/example_dag_decorator.py took 0.558 seconds
[2024-04-20T05:57:43.072+0000] {processor.py:156} INFO - Started process (PID=707) to work on /home/airflow/.local/lib/python3.7/site-packages/airflow/example_dags/example_dag_decorator.py
[2024-04-20T05:57:43.072+0000] {processor.py:758} INFO - Processing file /home/airflow/.local/lib/python3.7/site-packages/airflow/example_dags/example_dag_decorator.py for tasks to queue
[2024-04-20T05:57:43.073+0000] {logging_mixin.py:117} INFO - [2024-04-20T05:57:43.073+0000] {dagbag.py:525} INFO - Filling up the DagBag from /home/airflow/.local/lib/python3.7/site-packages/airflow/example_dags/example_dag_decorator.py
[2024-04-20T05:57:43.106+0000] {processor.py:768} INFO - DAG(s) dict_keys(['example_dag_decorator']) retrieved from /home/airflow/.local/lib/python3.7/site-packages/airflow/example_dags/example_dag_decorator.py
[2024-04-20T05:57:43.424+0000] {logging_mixin.py:117} INFO - [2024-04-20T05:57:43.424+0000] {dag.py:2573} INFO - Sync 1 DAGs
[2024-04-20T05:57:43.487+0000] {logging_mixin.py:117} INFO - [2024-04-20T05:57:43.487+0000] {dag.py:3328} INFO - Setting next_dagrun for example_dag_decorator to None, run_after=None
[2024-04-20T05:57:43.527+0000] {processor.py:178} INFO - Processing /home/airflow/.local/lib/python3.7/site-packages/airflow/example_dags/example_dag_decorator.py took 0.459 seconds
[2024-04-20T05:58:13.866+0000] {processor.py:156} INFO - Started process (PID=932) to work on /home/airflow/.local/lib/python3.7/site-packages/airflow/example_dags/example_dag_decorator.py
[2024-04-20T05:58:13.867+0000] {processor.py:758} INFO - Processing file /home/airflow/.local/lib/python3.7/site-packages/airflow/example_dags/example_dag_decorator.py for tasks to queue
[2024-04-20T05:58:13.868+0000] {logging_mixin.py:117} INFO - [2024-04-20T05:58:13.867+0000] {dagbag.py:525} INFO - Filling up the DagBag from /home/airflow/.local/lib/python3.7/site-packages/airflow/example_dags/example_dag_decorator.py
[2024-04-20T05:58:13.999+0000] {processor.py:768} INFO - DAG(s) dict_keys(['example_dag_decorator']) retrieved from /home/airflow/.local/lib/python3.7/site-packages/airflow/example_dags/example_dag_decorator.py
[2024-04-20T05:58:14.397+0000] {logging_mixin.py:117} INFO - [2024-04-20T05:58:14.397+0000] {dag.py:2573} INFO - Sync 1 DAGs
[2024-04-20T05:58:14.424+0000] {logging_mixin.py:117} INFO - [2024-04-20T05:58:14.424+0000] {dag.py:3328} INFO - Setting next_dagrun for example_dag_decorator to None, run_after=None
[2024-04-20T05:58:14.452+0000] {processor.py:178} INFO - Processing /home/airflow/.local/lib/python3.7/site-packages/airflow/example_dags/example_dag_decorator.py took 0.590 seconds
[2024-04-20T05:58:45.141+0000] {processor.py:156} INFO - Started process (PID=1153) to work on /home/airflow/.local/lib/python3.7/site-packages/airflow/example_dags/example_dag_decorator.py
[2024-04-20T05:58:45.142+0000] {processor.py:758} INFO - Processing file /home/airflow/.local/lib/python3.7/site-packages/airflow/example_dags/example_dag_decorator.py for tasks to queue
[2024-04-20T05:58:45.143+0000] {logging_mixin.py:117} INFO - [2024-04-20T05:58:45.143+0000] {dagbag.py:525} INFO - Filling up the DagBag from /home/airflow/.local/lib/python3.7/site-packages/airflow/example_dags/example_dag_decorator.py
[2024-04-20T05:58:45.194+0000] {processor.py:768} INFO - DAG(s) dict_keys(['example_dag_decorator']) retrieved from /home/airflow/.local/lib/python3.7/site-packages/airflow/example_dags/example_dag_decorator.py
[2024-04-20T05:58:45.520+0000] {logging_mixin.py:117} INFO - [2024-04-20T05:58:45.520+0000] {dag.py:2573} INFO - Sync 1 DAGs
[2024-04-20T05:58:45.549+0000] {logging_mixin.py:117} INFO - [2024-04-20T05:58:45.549+0000] {dag.py:3328} INFO - Setting next_dagrun for example_dag_decorator to None, run_after=None
[2024-04-20T05:58:45.575+0000] {processor.py:178} INFO - Processing /home/airflow/.local/lib/python3.7/site-packages/airflow/example_dags/example_dag_decorator.py took 0.436 seconds
[2024-04-20T05:59:16.053+0000] {processor.py:156} INFO - Started process (PID=1379) to work on /home/airflow/.local/lib/python3.7/site-packages/airflow/example_dags/example_dag_decorator.py
[2024-04-20T05:59:16.053+0000] {processor.py:758} INFO - Processing file /home/airflow/.local/lib/python3.7/site-packages/airflow/example_dags/example_dag_decorator.py for tasks to queue
[2024-04-20T05:59:16.054+0000] {logging_mixin.py:117} INFO - [2024-04-20T05:59:16.054+0000] {dagbag.py:525} INFO - Filling up the DagBag from /home/airflow/.local/lib/python3.7/site-packages/airflow/example_dags/example_dag_decorator.py
[2024-04-20T05:59:16.250+0000] {processor.py:768} INFO - DAG(s) dict_keys(['example_dag_decorator']) retrieved from /home/airflow/.local/lib/python3.7/site-packages/airflow/example_dags/example_dag_decorator.py
[2024-04-20T05:59:16.339+0000] {logging_mixin.py:117} INFO - [2024-04-20T05:59:16.339+0000] {dag.py:2573} INFO - Sync 1 DAGs
[2024-04-20T05:59:16.364+0000] {logging_mixin.py:117} INFO - [2024-04-20T05:59:16.364+0000] {dag.py:3328} INFO - Setting next_dagrun for example_dag_decorator to None, run_after=None
[2024-04-20T05:59:16.388+0000] {processor.py:178} INFO - Processing /home/airflow/.local/lib/python3.7/site-packages/airflow/example_dags/example_dag_decorator.py took 0.339 seconds
[2024-04-20T05:59:46.886+0000] {processor.py:156} INFO - Started process (PID=1606) to work on /home/airflow/.local/lib/python3.7/site-packages/airflow/example_dags/example_dag_decorator.py
[2024-04-20T05:59:46.887+0000] {processor.py:758} INFO - Processing file /home/airflow/.local/lib/python3.7/site-packages/airflow/example_dags/example_dag_decorator.py for tasks to queue
[2024-04-20T05:59:46.888+0000] {logging_mixin.py:117} INFO - [2024-04-20T05:59:46.888+0000] {dagbag.py:525} INFO - Filling up the DagBag from /home/airflow/.local/lib/python3.7/site-packages/airflow/example_dags/example_dag_decorator.py
[2024-04-20T05:59:46.913+0000] {processor.py:768} INFO - DAG(s) dict_keys(['example_dag_decorator']) retrieved from /home/airflow/.local/lib/python3.7/site-packages/airflow/example_dags/example_dag_decorator.py
[2024-04-20T05:59:47.008+0000] {logging_mixin.py:117} INFO - [2024-04-20T05:59:47.008+0000] {dag.py:2573} INFO - Sync 1 DAGs
[2024-04-20T05:59:47.036+0000] {logging_mixin.py:117} INFO - [2024-04-20T05:59:47.036+0000] {dag.py:3328} INFO - Setting next_dagrun for example_dag_decorator to None, run_after=None
[2024-04-20T05:59:47.060+0000] {processor.py:178} INFO - Processing /home/airflow/.local/lib/python3.7/site-packages/airflow/example_dags/example_dag_decorator.py took 0.335 seconds
[2024-04-20T06:00:17.436+0000] {processor.py:156} INFO - Started process (PID=1826) to work on /home/airflow/.local/lib/python3.7/site-packages/airflow/example_dags/example_dag_decorator.py
[2024-04-20T06:00:17.437+0000] {processor.py:758} INFO - Processing file /home/airflow/.local/lib/python3.7/site-packages/airflow/example_dags/example_dag_decorator.py for tasks to queue
[2024-04-20T06:00:17.438+0000] {logging_mixin.py:117} INFO - [2024-04-20T06:00:17.437+0000] {dagbag.py:525} INFO - Filling up the DagBag from /home/airflow/.local/lib/python3.7/site-packages/airflow/example_dags/example_dag_decorator.py
[2024-04-20T06:00:17.475+0000] {processor.py:768} INFO - DAG(s) dict_keys(['example_dag_decorator']) retrieved from /home/airflow/.local/lib/python3.7/site-packages/airflow/example_dags/example_dag_decorator.py
[2024-04-20T06:00:17.579+0000] {logging_mixin.py:117} INFO - [2024-04-20T06:00:17.579+0000] {dag.py:2573} INFO - Sync 1 DAGs
[2024-04-20T06:00:17.608+0000] {logging_mixin.py:117} INFO - [2024-04-20T06:00:17.608+0000] {dag.py:3328} INFO - Setting next_dagrun for example_dag_decorator to None, run_after=None
[2024-04-20T06:00:17.634+0000] {processor.py:178} INFO - Processing /home/airflow/.local/lib/python3.7/site-packages/airflow/example_dags/example_dag_decorator.py took 0.202 seconds
[2024-04-20T06:00:48.508+0000] {processor.py:156} INFO - Started process (PID=2051) to work on /home/airflow/.local/lib/python3.7/site-packages/airflow/example_dags/example_dag_decorator.py
[2024-04-20T06:00:48.508+0000] {processor.py:758} INFO - Processing file /home/airflow/.local/lib/python3.7/site-packages/airflow/example_dags/example_dag_decorator.py for tasks to queue
[2024-04-20T06:00:48.509+0000] {logging_mixin.py:117} INFO - [2024-04-20T06:00:48.509+0000] {dagbag.py:525} INFO - Filling up the DagBag from /home/airflow/.local/lib/python3.7/site-packages/airflow/example_dags/example_dag_decorator.py
[2024-04-20T06:00:48.564+0000] {processor.py:768} INFO - DAG(s) dict_keys(['example_dag_decorator']) retrieved from /home/airflow/.local/lib/python3.7/site-packages/airflow/example_dags/example_dag_decorator.py
[2024-04-20T06:00:48.666+0000] {logging_mixin.py:117} INFO - [2024-04-20T06:00:48.666+0000] {dag.py:2573} INFO - Sync 1 DAGs
[2024-04-20T06:00:48.696+0000] {logging_mixin.py:117} INFO - [2024-04-20T06:00:48.696+0000] {dag.py:3328} INFO - Setting next_dagrun for example_dag_decorator to None, run_after=None
[2024-04-20T06:00:48.721+0000] {processor.py:178} INFO - Processing /home/airflow/.local/lib/python3.7/site-packages/airflow/example_dags/example_dag_decorator.py took 0.227 seconds
[2024-04-20T06:01:18.987+0000] {processor.py:156} INFO - Started process (PID=2278) to work on /home/airflow/.local/lib/python3.7/site-packages/airflow/example_dags/example_dag_decorator.py
[2024-04-20T06:01:18.988+0000] {processor.py:758} INFO - Processing file /home/airflow/.local/lib/python3.7/site-packages/airflow/example_dags/example_dag_decorator.py for tasks to queue
[2024-04-20T06:01:18.988+0000] {logging_mixin.py:117} INFO - [2024-04-20T06:01:18.988+0000] {dagbag.py:525} INFO - Filling up the DagBag from /home/airflow/.local/lib/python3.7/site-packages/airflow/example_dags/example_dag_decorator.py
[2024-04-20T06:01:19.045+0000] {processor.py:768} INFO - DAG(s) dict_keys(['example_dag_decorator']) retrieved from /home/airflow/.local/lib/python3.7/site-packages/airflow/example_dags/example_dag_decorator.py
[2024-04-20T06:01:19.146+0000] {logging_mixin.py:117} INFO - [2024-04-20T06:01:19.146+0000] {dag.py:2573} INFO - Sync 1 DAGs
[2024-04-20T06:01:19.171+0000] {logging_mixin.py:117} INFO - [2024-04-20T06:01:19.171+0000] {dag.py:3328} INFO - Setting next_dagrun for example_dag_decorator to None, run_after=None
[2024-04-20T06:01:19.210+0000] {processor.py:178} INFO - Processing /home/airflow/.local/lib/python3.7/site-packages/airflow/example_dags/example_dag_decorator.py took 0.226 seconds
[2024-04-20T06:01:49.725+0000] {processor.py:156} INFO - Started process (PID=2497) to work on /home/airflow/.local/lib/python3.7/site-packages/airflow/example_dags/example_dag_decorator.py
[2024-04-20T06:01:49.726+0000] {processor.py:758} INFO - Processing file /home/airflow/.local/lib/python3.7/site-packages/airflow/example_dags/example_dag_decorator.py for tasks to queue
[2024-04-20T06:01:49.726+0000] {logging_mixin.py:117} INFO - [2024-04-20T06:01:49.726+0000] {dagbag.py:525} INFO - Filling up the DagBag from /home/airflow/.local/lib/python3.7/site-packages/airflow/example_dags/example_dag_decorator.py
[2024-04-20T06:01:49.762+0000] {processor.py:768} INFO - DAG(s) dict_keys(['example_dag_decorator']) retrieved from /home/airflow/.local/lib/python3.7/site-packages/airflow/example_dags/example_dag_decorator.py
[2024-04-20T06:01:49.892+0000] {logging_mixin.py:117} INFO - [2024-04-20T06:01:49.892+0000] {dag.py:2573} INFO - Sync 1 DAGs
[2024-04-20T06:01:49.924+0000] {logging_mixin.py:117} INFO - [2024-04-20T06:01:49.924+0000] {dag.py:3328} INFO - Setting next_dagrun for example_dag_decorator to None, run_after=None
[2024-04-20T06:01:49.949+0000] {processor.py:178} INFO - Processing /home/airflow/.local/lib/python3.7/site-packages/airflow/example_dags/example_dag_decorator.py took 0.229 seconds
[2024-04-20T06:02:20.723+0000] {processor.py:156} INFO - Started process (PID=2725) to work on /home/airflow/.local/lib/python3.7/site-packages/airflow/example_dags/example_dag_decorator.py
[2024-04-20T06:02:20.724+0000] {processor.py:758} INFO - Processing file /home/airflow/.local/lib/python3.7/site-packages/airflow/example_dags/example_dag_decorator.py for tasks to queue
[2024-04-20T06:02:20.725+0000] {logging_mixin.py:117} INFO - [2024-04-20T06:02:20.725+0000] {dagbag.py:525} INFO - Filling up the DagBag from /home/airflow/.local/lib/python3.7/site-packages/airflow/example_dags/example_dag_decorator.py
[2024-04-20T06:02:20.759+0000] {processor.py:768} INFO - DAG(s) dict_keys(['example_dag_decorator']) retrieved from /home/airflow/.local/lib/python3.7/site-packages/airflow/example_dags/example_dag_decorator.py
[2024-04-20T06:02:20.887+0000] {logging_mixin.py:117} INFO - [2024-04-20T06:02:20.887+0000] {dag.py:2573} INFO - Sync 1 DAGs
[2024-04-20T06:02:20.917+0000] {logging_mixin.py:117} INFO - [2024-04-20T06:02:20.917+0000] {dag.py:3328} INFO - Setting next_dagrun for example_dag_decorator to None, run_after=None
[2024-04-20T06:02:20.943+0000] {processor.py:178} INFO - Processing /home/airflow/.local/lib/python3.7/site-packages/airflow/example_dags/example_dag_decorator.py took 0.223 seconds
[2024-04-20T06:02:51.658+0000] {processor.py:156} INFO - Started process (PID=2953) to work on /home/airflow/.local/lib/python3.7/site-packages/airflow/example_dags/example_dag_decorator.py
[2024-04-20T06:02:51.659+0000] {processor.py:758} INFO - Processing file /home/airflow/.local/lib/python3.7/site-packages/airflow/example_dags/example_dag_decorator.py for tasks to queue
[2024-04-20T06:02:51.660+0000] {logging_mixin.py:117} INFO - [2024-04-20T06:02:51.659+0000] {dagbag.py:525} INFO - Filling up the DagBag from /home/airflow/.local/lib/python3.7/site-packages/airflow/example_dags/example_dag_decorator.py
[2024-04-20T06:02:51.700+0000] {processor.py:768} INFO - DAG(s) dict_keys(['example_dag_decorator']) retrieved from /home/airflow/.local/lib/python3.7/site-packages/airflow/example_dags/example_dag_decorator.py
[2024-04-20T06:02:51.805+0000] {logging_mixin.py:117} INFO - [2024-04-20T06:02:51.805+0000] {dag.py:2573} INFO - Sync 1 DAGs
[2024-04-20T06:02:51.834+0000] {logging_mixin.py:117} INFO - [2024-04-20T06:02:51.834+0000] {dag.py:3328} INFO - Setting next_dagrun for example_dag_decorator to None, run_after=None
[2024-04-20T06:02:51.864+0000] {processor.py:178} INFO - Processing /home/airflow/.local/lib/python3.7/site-packages/airflow/example_dags/example_dag_decorator.py took 0.210 seconds
[2024-04-20T06:03:22.550+0000] {processor.py:156} INFO - Started process (PID=3168) to work on /home/airflow/.local/lib/python3.7/site-packages/airflow/example_dags/example_dag_decorator.py
[2024-04-20T06:03:22.559+0000] {processor.py:758} INFO - Processing file /home/airflow/.local/lib/python3.7/site-packages/airflow/example_dags/example_dag_decorator.py for tasks to queue
[2024-04-20T06:03:22.560+0000] {logging_mixin.py:117} INFO - [2024-04-20T06:03:22.560+0000] {dagbag.py:525} INFO - Filling up the DagBag from /home/airflow/.local/lib/python3.7/site-packages/airflow/example_dags/example_dag_decorator.py
[2024-04-20T06:03:22.637+0000] {processor.py:768} INFO - DAG(s) dict_keys(['example_dag_decorator']) retrieved from /home/airflow/.local/lib/python3.7/site-packages/airflow/example_dags/example_dag_decorator.py
[2024-04-20T06:03:22.751+0000] {logging_mixin.py:117} INFO - [2024-04-20T06:03:22.751+0000] {dag.py:2573} INFO - Sync 1 DAGs
[2024-04-20T06:03:22.781+0000] {logging_mixin.py:117} INFO - [2024-04-20T06:03:22.780+0000] {dag.py:3328} INFO - Setting next_dagrun for example_dag_decorator to None, run_after=None
[2024-04-20T06:03:22.825+0000] {processor.py:178} INFO - Processing /home/airflow/.local/lib/python3.7/site-packages/airflow/example_dags/example_dag_decorator.py took 0.279 seconds
