[2024-04-20T05:31:43.954+0000] {processor.py:156} INFO - Started process (PID=240) to work on /home/airflow/.local/lib/python3.7/site-packages/airflow/example_dags/example_short_circuit_operator.py
[2024-04-20T05:31:43.956+0000] {processor.py:758} INFO - Processing file /home/airflow/.local/lib/python3.7/site-packages/airflow/example_dags/example_short_circuit_operator.py for tasks to queue
[2024-04-20T05:31:43.957+0000] {logging_mixin.py:117} INFO - [2024-04-20T05:31:43.957+0000] {dagbag.py:525} INFO - Filling up the DagBag from /home/airflow/.local/lib/python3.7/site-packages/airflow/example_dags/example_short_circuit_operator.py
[2024-04-20T05:31:44.120+0000] {processor.py:768} INFO - DAG(s) dict_keys(['example_short_circuit_operator']) retrieved from /home/airflow/.local/lib/python3.7/site-packages/airflow/example_dags/example_short_circuit_operator.py
[2024-04-20T05:31:46.370+0000] {logging_mixin.py:117} INFO - [2024-04-20T05:31:46.369+0000] {manager.py:507} INFO - Created Permission View: can delete on DAG:example_short_circuit_operator
[2024-04-20T05:31:46.402+0000] {logging_mixin.py:117} INFO - [2024-04-20T05:31:46.402+0000] {manager.py:507} INFO - Created Permission View: can edit on DAG:example_short_circuit_operator
[2024-04-20T05:31:46.438+0000] {logging_mixin.py:117} INFO - [2024-04-20T05:31:46.438+0000] {manager.py:507} INFO - Created Permission View: can read on DAG:example_short_circuit_operator
[2024-04-20T05:31:46.438+0000] {logging_mixin.py:117} INFO - [2024-04-20T05:31:46.438+0000] {dag.py:2573} INFO - Sync 1 DAGs
[2024-04-20T05:31:46.489+0000] {logging_mixin.py:117} INFO - [2024-04-20T05:31:46.489+0000] {dag.py:2594} INFO - Creating ORM DAG for example_short_circuit_operator
[2024-04-20T05:31:46.587+0000] {logging_mixin.py:117} INFO - [2024-04-20T05:31:46.587+0000] {dag.py:3328} INFO - Setting next_dagrun for example_short_circuit_operator to 2024-04-19T05:31:46.586994+00:00, run_after=2024-04-20T05:31:46.586994+00:00
[2024-04-20T05:31:46.685+0000] {processor.py:178} INFO - Processing /home/airflow/.local/lib/python3.7/site-packages/airflow/example_dags/example_short_circuit_operator.py took 2.738 seconds
[2024-04-20T05:32:17.183+0000] {processor.py:156} INFO - Started process (PID=457) to work on /home/airflow/.local/lib/python3.7/site-packages/airflow/example_dags/example_short_circuit_operator.py
[2024-04-20T05:32:17.183+0000] {processor.py:758} INFO - Processing file /home/airflow/.local/lib/python3.7/site-packages/airflow/example_dags/example_short_circuit_operator.py for tasks to queue
[2024-04-20T05:32:17.184+0000] {logging_mixin.py:117} INFO - [2024-04-20T05:32:17.184+0000] {dagbag.py:525} INFO - Filling up the DagBag from /home/airflow/.local/lib/python3.7/site-packages/airflow/example_dags/example_short_circuit_operator.py
[2024-04-20T05:32:17.209+0000] {processor.py:768} INFO - DAG(s) dict_keys(['example_short_circuit_operator']) retrieved from /home/airflow/.local/lib/python3.7/site-packages/airflow/example_dags/example_short_circuit_operator.py
[2024-04-20T05:32:17.259+0000] {logging_mixin.py:117} INFO - [2024-04-20T05:32:17.259+0000] {dag.py:2573} INFO - Sync 1 DAGs
[2024-04-20T05:32:17.290+0000] {logging_mixin.py:117} INFO - [2024-04-20T05:32:17.290+0000] {dag.py:3328} INFO - Setting next_dagrun for example_short_circuit_operator to 2024-04-19T05:32:17.290422+00:00, run_after=2024-04-20T05:32:17.290422+00:00
[2024-04-20T05:32:17.507+0000] {processor.py:178} INFO - Processing /home/airflow/.local/lib/python3.7/site-packages/airflow/example_dags/example_short_circuit_operator.py took 0.327 seconds
[2024-04-20T05:32:47.661+0000] {processor.py:156} INFO - Started process (PID=672) to work on /home/airflow/.local/lib/python3.7/site-packages/airflow/example_dags/example_short_circuit_operator.py
[2024-04-20T05:32:47.661+0000] {processor.py:758} INFO - Processing file /home/airflow/.local/lib/python3.7/site-packages/airflow/example_dags/example_short_circuit_operator.py for tasks to queue
[2024-04-20T05:32:47.662+0000] {logging_mixin.py:117} INFO - [2024-04-20T05:32:47.662+0000] {dagbag.py:525} INFO - Filling up the DagBag from /home/airflow/.local/lib/python3.7/site-packages/airflow/example_dags/example_short_circuit_operator.py
[2024-04-20T05:32:47.676+0000] {processor.py:768} INFO - DAG(s) dict_keys(['example_short_circuit_operator']) retrieved from /home/airflow/.local/lib/python3.7/site-packages/airflow/example_dags/example_short_circuit_operator.py
[2024-04-20T05:32:47.712+0000] {logging_mixin.py:117} INFO - [2024-04-20T05:32:47.711+0000] {dag.py:2573} INFO - Sync 1 DAGs
[2024-04-20T05:32:47.915+0000] {logging_mixin.py:117} INFO - [2024-04-20T05:32:47.914+0000] {dag.py:3328} INFO - Setting next_dagrun for example_short_circuit_operator to 2024-04-19T05:32:47.914715+00:00, run_after=2024-04-20T05:32:47.914715+00:00
[2024-04-20T05:32:47.941+0000] {processor.py:178} INFO - Processing /home/airflow/.local/lib/python3.7/site-packages/airflow/example_dags/example_short_circuit_operator.py took 0.283 seconds
[2024-04-20T05:33:18.103+0000] {processor.py:156} INFO - Started process (PID=896) to work on /home/airflow/.local/lib/python3.7/site-packages/airflow/example_dags/example_short_circuit_operator.py
[2024-04-20T05:33:18.104+0000] {processor.py:758} INFO - Processing file /home/airflow/.local/lib/python3.7/site-packages/airflow/example_dags/example_short_circuit_operator.py for tasks to queue
[2024-04-20T05:33:18.105+0000] {logging_mixin.py:117} INFO - [2024-04-20T05:33:18.104+0000] {dagbag.py:525} INFO - Filling up the DagBag from /home/airflow/.local/lib/python3.7/site-packages/airflow/example_dags/example_short_circuit_operator.py
[2024-04-20T05:33:18.119+0000] {processor.py:768} INFO - DAG(s) dict_keys(['example_short_circuit_operator']) retrieved from /home/airflow/.local/lib/python3.7/site-packages/airflow/example_dags/example_short_circuit_operator.py
[2024-04-20T05:33:18.271+0000] {logging_mixin.py:117} INFO - [2024-04-20T05:33:18.271+0000] {dag.py:2573} INFO - Sync 1 DAGs
[2024-04-20T05:33:18.301+0000] {logging_mixin.py:117} INFO - [2024-04-20T05:33:18.301+0000] {dag.py:3328} INFO - Setting next_dagrun for example_short_circuit_operator to 2024-04-19T05:33:18.301256+00:00, run_after=2024-04-20T05:33:18.301256+00:00
[2024-04-20T05:33:18.320+0000] {processor.py:178} INFO - Processing /home/airflow/.local/lib/python3.7/site-packages/airflow/example_dags/example_short_circuit_operator.py took 0.220 seconds
[2024-04-20T05:33:48.601+0000] {processor.py:156} INFO - Started process (PID=1104) to work on /home/airflow/.local/lib/python3.7/site-packages/airflow/example_dags/example_short_circuit_operator.py
[2024-04-20T05:33:48.601+0000] {processor.py:758} INFO - Processing file /home/airflow/.local/lib/python3.7/site-packages/airflow/example_dags/example_short_circuit_operator.py for tasks to queue
[2024-04-20T05:33:48.602+0000] {logging_mixin.py:117} INFO - [2024-04-20T05:33:48.601+0000] {dagbag.py:525} INFO - Filling up the DagBag from /home/airflow/.local/lib/python3.7/site-packages/airflow/example_dags/example_short_circuit_operator.py
[2024-04-20T05:33:48.616+0000] {processor.py:768} INFO - DAG(s) dict_keys(['example_short_circuit_operator']) retrieved from /home/airflow/.local/lib/python3.7/site-packages/airflow/example_dags/example_short_circuit_operator.py
[2024-04-20T05:33:48.778+0000] {logging_mixin.py:117} INFO - [2024-04-20T05:33:48.778+0000] {dag.py:2573} INFO - Sync 1 DAGs
[2024-04-20T05:33:48.800+0000] {logging_mixin.py:117} INFO - [2024-04-20T05:33:48.800+0000] {dag.py:3328} INFO - Setting next_dagrun for example_short_circuit_operator to 2024-04-19T05:33:48.799926+00:00, run_after=2024-04-20T05:33:48.799926+00:00
[2024-04-20T05:33:48.824+0000] {processor.py:178} INFO - Processing /home/airflow/.local/lib/python3.7/site-packages/airflow/example_dags/example_short_circuit_operator.py took 0.226 seconds
[2024-04-20T05:34:19.337+0000] {processor.py:156} INFO - Started process (PID=1322) to work on /home/airflow/.local/lib/python3.7/site-packages/airflow/example_dags/example_short_circuit_operator.py
[2024-04-20T05:34:19.338+0000] {processor.py:758} INFO - Processing file /home/airflow/.local/lib/python3.7/site-packages/airflow/example_dags/example_short_circuit_operator.py for tasks to queue
[2024-04-20T05:34:19.338+0000] {logging_mixin.py:117} INFO - [2024-04-20T05:34:19.338+0000] {dagbag.py:525} INFO - Filling up the DagBag from /home/airflow/.local/lib/python3.7/site-packages/airflow/example_dags/example_short_circuit_operator.py
[2024-04-20T05:34:19.353+0000] {processor.py:768} INFO - DAG(s) dict_keys(['example_short_circuit_operator']) retrieved from /home/airflow/.local/lib/python3.7/site-packages/airflow/example_dags/example_short_circuit_operator.py
[2024-04-20T05:34:19.498+0000] {logging_mixin.py:117} INFO - [2024-04-20T05:34:19.498+0000] {dag.py:2573} INFO - Sync 1 DAGs
[2024-04-20T05:34:19.517+0000] {logging_mixin.py:117} INFO - [2024-04-20T05:34:19.516+0000] {dag.py:3328} INFO - Setting next_dagrun for example_short_circuit_operator to 2024-04-19T05:34:19.516702+00:00, run_after=2024-04-20T05:34:19.516702+00:00
[2024-04-20T05:34:19.536+0000] {processor.py:178} INFO - Processing /home/airflow/.local/lib/python3.7/site-packages/airflow/example_dags/example_short_circuit_operator.py took 0.201 seconds
[2024-04-20T05:34:50.150+0000] {processor.py:156} INFO - Started process (PID=1531) to work on /home/airflow/.local/lib/python3.7/site-packages/airflow/example_dags/example_short_circuit_operator.py
[2024-04-20T05:34:50.151+0000] {processor.py:758} INFO - Processing file /home/airflow/.local/lib/python3.7/site-packages/airflow/example_dags/example_short_circuit_operator.py for tasks to queue
[2024-04-20T05:34:50.151+0000] {logging_mixin.py:117} INFO - [2024-04-20T05:34:50.151+0000] {dagbag.py:525} INFO - Filling up the DagBag from /home/airflow/.local/lib/python3.7/site-packages/airflow/example_dags/example_short_circuit_operator.py
[2024-04-20T05:34:50.289+0000] {processor.py:768} INFO - DAG(s) dict_keys(['example_short_circuit_operator']) retrieved from /home/airflow/.local/lib/python3.7/site-packages/airflow/example_dags/example_short_circuit_operator.py
[2024-04-20T05:34:50.321+0000] {logging_mixin.py:117} INFO - [2024-04-20T05:34:50.321+0000] {dag.py:2573} INFO - Sync 1 DAGs
[2024-04-20T05:34:50.341+0000] {logging_mixin.py:117} INFO - [2024-04-20T05:34:50.341+0000] {dag.py:3328} INFO - Setting next_dagrun for example_short_circuit_operator to 2024-04-19T05:34:50.340957+00:00, run_after=2024-04-20T05:34:50.340957+00:00
[2024-04-20T05:34:50.363+0000] {processor.py:178} INFO - Processing /home/airflow/.local/lib/python3.7/site-packages/airflow/example_dags/example_short_circuit_operator.py took 0.216 seconds
[2024-04-20T05:35:20.908+0000] {processor.py:156} INFO - Started process (PID=1749) to work on /home/airflow/.local/lib/python3.7/site-packages/airflow/example_dags/example_short_circuit_operator.py
[2024-04-20T05:35:20.908+0000] {processor.py:758} INFO - Processing file /home/airflow/.local/lib/python3.7/site-packages/airflow/example_dags/example_short_circuit_operator.py for tasks to queue
[2024-04-20T05:35:20.909+0000] {logging_mixin.py:117} INFO - [2024-04-20T05:35:20.908+0000] {dagbag.py:525} INFO - Filling up the DagBag from /home/airflow/.local/lib/python3.7/site-packages/airflow/example_dags/example_short_circuit_operator.py
[2024-04-20T05:35:20.922+0000] {processor.py:768} INFO - DAG(s) dict_keys(['example_short_circuit_operator']) retrieved from /home/airflow/.local/lib/python3.7/site-packages/airflow/example_dags/example_short_circuit_operator.py
[2024-04-20T05:35:20.959+0000] {logging_mixin.py:117} INFO - [2024-04-20T05:35:20.958+0000] {dag.py:2573} INFO - Sync 1 DAGs
[2024-04-20T05:35:20.979+0000] {logging_mixin.py:117} INFO - [2024-04-20T05:35:20.979+0000] {dag.py:3328} INFO - Setting next_dagrun for example_short_circuit_operator to 2024-04-19T05:35:20.979137+00:00, run_after=2024-04-20T05:35:20.979137+00:00
[2024-04-20T05:35:20.999+0000] {processor.py:178} INFO - Processing /home/airflow/.local/lib/python3.7/site-packages/airflow/example_dags/example_short_circuit_operator.py took 0.094 seconds
[2024-04-20T05:35:51.475+0000] {processor.py:156} INFO - Started process (PID=1957) to work on /home/airflow/.local/lib/python3.7/site-packages/airflow/example_dags/example_short_circuit_operator.py
[2024-04-20T05:35:51.476+0000] {processor.py:758} INFO - Processing file /home/airflow/.local/lib/python3.7/site-packages/airflow/example_dags/example_short_circuit_operator.py for tasks to queue
[2024-04-20T05:35:51.476+0000] {logging_mixin.py:117} INFO - [2024-04-20T05:35:51.476+0000] {dagbag.py:525} INFO - Filling up the DagBag from /home/airflow/.local/lib/python3.7/site-packages/airflow/example_dags/example_short_circuit_operator.py
[2024-04-20T05:35:51.491+0000] {processor.py:768} INFO - DAG(s) dict_keys(['example_short_circuit_operator']) retrieved from /home/airflow/.local/lib/python3.7/site-packages/airflow/example_dags/example_short_circuit_operator.py
[2024-04-20T05:35:51.528+0000] {logging_mixin.py:117} INFO - [2024-04-20T05:35:51.528+0000] {dag.py:2573} INFO - Sync 1 DAGs
[2024-04-20T05:35:51.549+0000] {logging_mixin.py:117} INFO - [2024-04-20T05:35:51.549+0000] {dag.py:3328} INFO - Setting next_dagrun for example_short_circuit_operator to 2024-04-19T05:35:51.549409+00:00, run_after=2024-04-20T05:35:51.549409+00:00
[2024-04-20T05:35:51.571+0000] {processor.py:178} INFO - Processing /home/airflow/.local/lib/python3.7/site-packages/airflow/example_dags/example_short_circuit_operator.py took 0.099 seconds
[2024-04-20T05:36:21.730+0000] {processor.py:156} INFO - Started process (PID=2172) to work on /home/airflow/.local/lib/python3.7/site-packages/airflow/example_dags/example_short_circuit_operator.py
[2024-04-20T05:36:21.730+0000] {processor.py:758} INFO - Processing file /home/airflow/.local/lib/python3.7/site-packages/airflow/example_dags/example_short_circuit_operator.py for tasks to queue
[2024-04-20T05:36:21.731+0000] {logging_mixin.py:117} INFO - [2024-04-20T05:36:21.731+0000] {dagbag.py:525} INFO - Filling up the DagBag from /home/airflow/.local/lib/python3.7/site-packages/airflow/example_dags/example_short_circuit_operator.py
[2024-04-20T05:36:21.745+0000] {processor.py:768} INFO - DAG(s) dict_keys(['example_short_circuit_operator']) retrieved from /home/airflow/.local/lib/python3.7/site-packages/airflow/example_dags/example_short_circuit_operator.py
[2024-04-20T05:36:21.781+0000] {logging_mixin.py:117} INFO - [2024-04-20T05:36:21.781+0000] {dag.py:2573} INFO - Sync 1 DAGs
[2024-04-20T05:36:21.801+0000] {logging_mixin.py:117} INFO - [2024-04-20T05:36:21.801+0000] {dag.py:3328} INFO - Setting next_dagrun for example_short_circuit_operator to 2024-04-19T05:36:21.801179+00:00, run_after=2024-04-20T05:36:21.801179+00:00
[2024-04-20T05:36:21.826+0000] {processor.py:178} INFO - Processing /home/airflow/.local/lib/python3.7/site-packages/airflow/example_dags/example_short_circuit_operator.py took 0.099 seconds
[2024-04-20T05:36:51.949+0000] {processor.py:156} INFO - Started process (PID=2414) to work on /home/airflow/.local/lib/python3.7/site-packages/airflow/example_dags/example_short_circuit_operator.py
[2024-04-20T05:36:51.950+0000] {processor.py:758} INFO - Processing file /home/airflow/.local/lib/python3.7/site-packages/airflow/example_dags/example_short_circuit_operator.py for tasks to queue
[2024-04-20T05:36:51.951+0000] {logging_mixin.py:117} INFO - [2024-04-20T05:36:51.950+0000] {dagbag.py:525} INFO - Filling up the DagBag from /home/airflow/.local/lib/python3.7/site-packages/airflow/example_dags/example_short_circuit_operator.py
[2024-04-20T05:36:51.998+0000] {processor.py:768} INFO - DAG(s) dict_keys(['example_short_circuit_operator']) retrieved from /home/airflow/.local/lib/python3.7/site-packages/airflow/example_dags/example_short_circuit_operator.py
[2024-04-20T05:36:52.161+0000] {logging_mixin.py:117} INFO - [2024-04-20T05:36:52.161+0000] {dag.py:2573} INFO - Sync 1 DAGs
[2024-04-20T05:36:52.224+0000] {logging_mixin.py:117} INFO - [2024-04-20T05:36:52.224+0000] {dag.py:3328} INFO - Setting next_dagrun for example_short_circuit_operator to 2024-04-19T05:36:52.224434+00:00, run_after=2024-04-20T05:36:52.224434+00:00
[2024-04-20T05:36:52.254+0000] {processor.py:178} INFO - Processing /home/airflow/.local/lib/python3.7/site-packages/airflow/example_dags/example_short_circuit_operator.py took 0.308 seconds
[2024-04-20T05:37:22.640+0000] {processor.py:156} INFO - Started process (PID=2697) to work on /home/airflow/.local/lib/python3.7/site-packages/airflow/example_dags/example_short_circuit_operator.py
[2024-04-20T05:37:22.647+0000] {processor.py:758} INFO - Processing file /home/airflow/.local/lib/python3.7/site-packages/airflow/example_dags/example_short_circuit_operator.py for tasks to queue
[2024-04-20T05:37:22.648+0000] {logging_mixin.py:117} INFO - [2024-04-20T05:37:22.648+0000] {dagbag.py:525} INFO - Filling up the DagBag from /home/airflow/.local/lib/python3.7/site-packages/airflow/example_dags/example_short_circuit_operator.py
[2024-04-20T05:37:22.681+0000] {processor.py:768} INFO - DAG(s) dict_keys(['example_short_circuit_operator']) retrieved from /home/airflow/.local/lib/python3.7/site-packages/airflow/example_dags/example_short_circuit_operator.py
[2024-04-20T05:37:22.757+0000] {logging_mixin.py:117} INFO - [2024-04-20T05:37:22.757+0000] {dag.py:2573} INFO - Sync 1 DAGs
[2024-04-20T05:37:22.872+0000] {logging_mixin.py:117} INFO - [2024-04-20T05:37:22.872+0000] {dag.py:3328} INFO - Setting next_dagrun for example_short_circuit_operator to 2024-04-19T05:37:22.871620+00:00, run_after=2024-04-20T05:37:22.871620+00:00
[2024-04-20T05:37:22.932+0000] {processor.py:178} INFO - Processing /home/airflow/.local/lib/python3.7/site-packages/airflow/example_dags/example_short_circuit_operator.py took 0.297 seconds
[2024-04-20T05:37:53.349+0000] {processor.py:156} INFO - Started process (PID=2931) to work on /home/airflow/.local/lib/python3.7/site-packages/airflow/example_dags/example_short_circuit_operator.py
[2024-04-20T05:37:53.358+0000] {processor.py:758} INFO - Processing file /home/airflow/.local/lib/python3.7/site-packages/airflow/example_dags/example_short_circuit_operator.py for tasks to queue
[2024-04-20T05:37:53.359+0000] {logging_mixin.py:117} INFO - [2024-04-20T05:37:53.359+0000] {dagbag.py:525} INFO - Filling up the DagBag from /home/airflow/.local/lib/python3.7/site-packages/airflow/example_dags/example_short_circuit_operator.py
[2024-04-20T05:37:53.414+0000] {processor.py:768} INFO - DAG(s) dict_keys(['example_short_circuit_operator']) retrieved from /home/airflow/.local/lib/python3.7/site-packages/airflow/example_dags/example_short_circuit_operator.py
[2024-04-20T05:37:53.579+0000] {logging_mixin.py:117} INFO - [2024-04-20T05:37:53.579+0000] {dag.py:2573} INFO - Sync 1 DAGs
[2024-04-20T05:37:53.646+0000] {logging_mixin.py:117} INFO - [2024-04-20T05:37:53.646+0000] {dag.py:3328} INFO - Setting next_dagrun for example_short_circuit_operator to 2024-04-19T05:37:53.646265+00:00, run_after=2024-04-20T05:37:53.646265+00:00
[2024-04-20T05:37:53.668+0000] {processor.py:178} INFO - Processing /home/airflow/.local/lib/python3.7/site-packages/airflow/example_dags/example_short_circuit_operator.py took 0.336 seconds
[2024-04-20T05:38:24.558+0000] {processor.py:156} INFO - Started process (PID=3149) to work on /home/airflow/.local/lib/python3.7/site-packages/airflow/example_dags/example_short_circuit_operator.py
[2024-04-20T05:38:24.564+0000] {processor.py:758} INFO - Processing file /home/airflow/.local/lib/python3.7/site-packages/airflow/example_dags/example_short_circuit_operator.py for tasks to queue
[2024-04-20T05:38:24.565+0000] {logging_mixin.py:117} INFO - [2024-04-20T05:38:24.565+0000] {dagbag.py:525} INFO - Filling up the DagBag from /home/airflow/.local/lib/python3.7/site-packages/airflow/example_dags/example_short_circuit_operator.py
[2024-04-20T05:38:24.624+0000] {processor.py:768} INFO - DAG(s) dict_keys(['example_short_circuit_operator']) retrieved from /home/airflow/.local/lib/python3.7/site-packages/airflow/example_dags/example_short_circuit_operator.py
[2024-04-20T05:38:24.760+0000] {logging_mixin.py:117} INFO - [2024-04-20T05:38:24.760+0000] {dag.py:2573} INFO - Sync 1 DAGs
[2024-04-20T05:38:24.797+0000] {logging_mixin.py:117} INFO - [2024-04-20T05:38:24.797+0000] {dag.py:3328} INFO - Setting next_dagrun for example_short_circuit_operator to 2024-04-19T05:38:24.796880+00:00, run_after=2024-04-20T05:38:24.796880+00:00
[2024-04-20T05:38:24.855+0000] {processor.py:178} INFO - Processing /home/airflow/.local/lib/python3.7/site-packages/airflow/example_dags/example_short_circuit_operator.py took 0.299 seconds
[2024-04-20T05:38:55.130+0000] {processor.py:156} INFO - Started process (PID=3379) to work on /home/airflow/.local/lib/python3.7/site-packages/airflow/example_dags/example_short_circuit_operator.py
[2024-04-20T05:38:55.131+0000] {processor.py:758} INFO - Processing file /home/airflow/.local/lib/python3.7/site-packages/airflow/example_dags/example_short_circuit_operator.py for tasks to queue
[2024-04-20T05:38:55.132+0000] {logging_mixin.py:117} INFO - [2024-04-20T05:38:55.131+0000] {dagbag.py:525} INFO - Filling up the DagBag from /home/airflow/.local/lib/python3.7/site-packages/airflow/example_dags/example_short_circuit_operator.py
[2024-04-20T05:38:55.152+0000] {processor.py:768} INFO - DAG(s) dict_keys(['example_short_circuit_operator']) retrieved from /home/airflow/.local/lib/python3.7/site-packages/airflow/example_dags/example_short_circuit_operator.py
[2024-04-20T05:38:55.200+0000] {logging_mixin.py:117} INFO - [2024-04-20T05:38:55.199+0000] {dag.py:2573} INFO - Sync 1 DAGs
[2024-04-20T05:38:55.230+0000] {logging_mixin.py:117} INFO - [2024-04-20T05:38:55.230+0000] {dag.py:3328} INFO - Setting next_dagrun for example_short_circuit_operator to 2024-04-19T05:38:55.230468+00:00, run_after=2024-04-20T05:38:55.230468+00:00
[2024-04-20T05:38:55.252+0000] {processor.py:178} INFO - Processing /home/airflow/.local/lib/python3.7/site-packages/airflow/example_dags/example_short_circuit_operator.py took 0.124 seconds
[2024-04-20T05:39:25.862+0000] {processor.py:156} INFO - Started process (PID=3616) to work on /home/airflow/.local/lib/python3.7/site-packages/airflow/example_dags/example_short_circuit_operator.py
[2024-04-20T05:39:25.865+0000] {processor.py:758} INFO - Processing file /home/airflow/.local/lib/python3.7/site-packages/airflow/example_dags/example_short_circuit_operator.py for tasks to queue
[2024-04-20T05:39:25.866+0000] {logging_mixin.py:117} INFO - [2024-04-20T05:39:25.866+0000] {dagbag.py:525} INFO - Filling up the DagBag from /home/airflow/.local/lib/python3.7/site-packages/airflow/example_dags/example_short_circuit_operator.py
[2024-04-20T05:39:25.905+0000] {processor.py:768} INFO - DAG(s) dict_keys(['example_short_circuit_operator']) retrieved from /home/airflow/.local/lib/python3.7/site-packages/airflow/example_dags/example_short_circuit_operator.py
[2024-04-20T05:39:25.960+0000] {logging_mixin.py:117} INFO - [2024-04-20T05:39:25.959+0000] {dag.py:2573} INFO - Sync 1 DAGs
[2024-04-20T05:39:26.001+0000] {logging_mixin.py:117} INFO - [2024-04-20T05:39:26.001+0000] {dag.py:3328} INFO - Setting next_dagrun for example_short_circuit_operator to 2024-04-19T05:39:26.000947+00:00, run_after=2024-04-20T05:39:26.000947+00:00
[2024-04-20T05:39:26.030+0000] {processor.py:178} INFO - Processing /home/airflow/.local/lib/python3.7/site-packages/airflow/example_dags/example_short_circuit_operator.py took 0.179 seconds
[2024-04-20T05:39:56.792+0000] {processor.py:156} INFO - Started process (PID=3847) to work on /home/airflow/.local/lib/python3.7/site-packages/airflow/example_dags/example_short_circuit_operator.py
[2024-04-20T05:39:56.798+0000] {processor.py:758} INFO - Processing file /home/airflow/.local/lib/python3.7/site-packages/airflow/example_dags/example_short_circuit_operator.py for tasks to queue
[2024-04-20T05:39:56.799+0000] {logging_mixin.py:117} INFO - [2024-04-20T05:39:56.799+0000] {dagbag.py:525} INFO - Filling up the DagBag from /home/airflow/.local/lib/python3.7/site-packages/airflow/example_dags/example_short_circuit_operator.py
[2024-04-20T05:39:56.833+0000] {processor.py:768} INFO - DAG(s) dict_keys(['example_short_circuit_operator']) retrieved from /home/airflow/.local/lib/python3.7/site-packages/airflow/example_dags/example_short_circuit_operator.py
[2024-04-20T05:39:56.990+0000] {logging_mixin.py:117} INFO - [2024-04-20T05:39:56.990+0000] {dag.py:2573} INFO - Sync 1 DAGs
[2024-04-20T05:39:57.049+0000] {logging_mixin.py:117} INFO - [2024-04-20T05:39:57.049+0000] {dag.py:3328} INFO - Setting next_dagrun for example_short_circuit_operator to 2024-04-19T05:39:57.048843+00:00, run_after=2024-04-20T05:39:57.048843+00:00
[2024-04-20T05:39:57.128+0000] {processor.py:178} INFO - Processing /home/airflow/.local/lib/python3.7/site-packages/airflow/example_dags/example_short_circuit_operator.py took 0.343 seconds
[2024-04-20T05:40:27.472+0000] {processor.py:156} INFO - Started process (PID=4075) to work on /home/airflow/.local/lib/python3.7/site-packages/airflow/example_dags/example_short_circuit_operator.py
[2024-04-20T05:40:27.491+0000] {processor.py:758} INFO - Processing file /home/airflow/.local/lib/python3.7/site-packages/airflow/example_dags/example_short_circuit_operator.py for tasks to queue
[2024-04-20T05:40:27.493+0000] {logging_mixin.py:117} INFO - [2024-04-20T05:40:27.492+0000] {dagbag.py:525} INFO - Filling up the DagBag from /home/airflow/.local/lib/python3.7/site-packages/airflow/example_dags/example_short_circuit_operator.py
[2024-04-20T05:40:27.590+0000] {processor.py:768} INFO - DAG(s) dict_keys(['example_short_circuit_operator']) retrieved from /home/airflow/.local/lib/python3.7/site-packages/airflow/example_dags/example_short_circuit_operator.py
[2024-04-20T05:40:27.645+0000] {logging_mixin.py:117} INFO - [2024-04-20T05:40:27.645+0000] {dag.py:2573} INFO - Sync 1 DAGs
[2024-04-20T05:40:27.713+0000] {logging_mixin.py:117} INFO - [2024-04-20T05:40:27.713+0000] {dag.py:3328} INFO - Setting next_dagrun for example_short_circuit_operator to 2024-04-19T05:40:27.712845+00:00, run_after=2024-04-20T05:40:27.712845+00:00
[2024-04-20T05:40:27.761+0000] {processor.py:178} INFO - Processing /home/airflow/.local/lib/python3.7/site-packages/airflow/example_dags/example_short_circuit_operator.py took 0.308 seconds
[2024-04-20T05:40:58.071+0000] {processor.py:156} INFO - Started process (PID=4306) to work on /home/airflow/.local/lib/python3.7/site-packages/airflow/example_dags/example_short_circuit_operator.py
[2024-04-20T05:40:58.075+0000] {processor.py:758} INFO - Processing file /home/airflow/.local/lib/python3.7/site-packages/airflow/example_dags/example_short_circuit_operator.py for tasks to queue
[2024-04-20T05:40:58.079+0000] {logging_mixin.py:117} INFO - [2024-04-20T05:40:58.078+0000] {dagbag.py:525} INFO - Filling up the DagBag from /home/airflow/.local/lib/python3.7/site-packages/airflow/example_dags/example_short_circuit_operator.py
[2024-04-20T05:40:58.123+0000] {processor.py:768} INFO - DAG(s) dict_keys(['example_short_circuit_operator']) retrieved from /home/airflow/.local/lib/python3.7/site-packages/airflow/example_dags/example_short_circuit_operator.py
[2024-04-20T05:40:58.187+0000] {logging_mixin.py:117} INFO - [2024-04-20T05:40:58.187+0000] {dag.py:2573} INFO - Sync 1 DAGs
[2024-04-20T05:40:58.219+0000] {logging_mixin.py:117} INFO - [2024-04-20T05:40:58.219+0000] {dag.py:3328} INFO - Setting next_dagrun for example_short_circuit_operator to 2024-04-19T05:40:58.218746+00:00, run_after=2024-04-20T05:40:58.218746+00:00
[2024-04-20T05:40:58.242+0000] {processor.py:178} INFO - Processing /home/airflow/.local/lib/python3.7/site-packages/airflow/example_dags/example_short_circuit_operator.py took 0.178 seconds
[2024-04-20T05:41:28.867+0000] {processor.py:156} INFO - Started process (PID=4527) to work on /home/airflow/.local/lib/python3.7/site-packages/airflow/example_dags/example_short_circuit_operator.py
[2024-04-20T05:41:28.868+0000] {processor.py:758} INFO - Processing file /home/airflow/.local/lib/python3.7/site-packages/airflow/example_dags/example_short_circuit_operator.py for tasks to queue
[2024-04-20T05:41:28.868+0000] {logging_mixin.py:117} INFO - [2024-04-20T05:41:28.868+0000] {dagbag.py:525} INFO - Filling up the DagBag from /home/airflow/.local/lib/python3.7/site-packages/airflow/example_dags/example_short_circuit_operator.py
[2024-04-20T05:41:28.888+0000] {processor.py:768} INFO - DAG(s) dict_keys(['example_short_circuit_operator']) retrieved from /home/airflow/.local/lib/python3.7/site-packages/airflow/example_dags/example_short_circuit_operator.py
[2024-04-20T05:41:28.941+0000] {logging_mixin.py:117} INFO - [2024-04-20T05:41:28.941+0000] {dag.py:2573} INFO - Sync 1 DAGs
[2024-04-20T05:41:28.973+0000] {logging_mixin.py:117} INFO - [2024-04-20T05:41:28.973+0000] {dag.py:3328} INFO - Setting next_dagrun for example_short_circuit_operator to 2024-04-19T05:41:28.972906+00:00, run_after=2024-04-20T05:41:28.972906+00:00
[2024-04-20T05:41:29.013+0000] {processor.py:178} INFO - Processing /home/airflow/.local/lib/python3.7/site-packages/airflow/example_dags/example_short_circuit_operator.py took 0.149 seconds
[2024-04-20T05:41:59.617+0000] {processor.py:156} INFO - Started process (PID=4754) to work on /home/airflow/.local/lib/python3.7/site-packages/airflow/example_dags/example_short_circuit_operator.py
[2024-04-20T05:41:59.624+0000] {processor.py:758} INFO - Processing file /home/airflow/.local/lib/python3.7/site-packages/airflow/example_dags/example_short_circuit_operator.py for tasks to queue
[2024-04-20T05:41:59.624+0000] {logging_mixin.py:117} INFO - [2024-04-20T05:41:59.624+0000] {dagbag.py:525} INFO - Filling up the DagBag from /home/airflow/.local/lib/python3.7/site-packages/airflow/example_dags/example_short_circuit_operator.py
[2024-04-20T05:41:59.646+0000] {processor.py:768} INFO - DAG(s) dict_keys(['example_short_circuit_operator']) retrieved from /home/airflow/.local/lib/python3.7/site-packages/airflow/example_dags/example_short_circuit_operator.py
[2024-04-20T05:41:59.717+0000] {logging_mixin.py:117} INFO - [2024-04-20T05:41:59.717+0000] {dag.py:2573} INFO - Sync 1 DAGs
[2024-04-20T05:41:59.745+0000] {logging_mixin.py:117} INFO - [2024-04-20T05:41:59.745+0000] {dag.py:3328} INFO - Setting next_dagrun for example_short_circuit_operator to 2024-04-19T05:41:59.745445+00:00, run_after=2024-04-20T05:41:59.745445+00:00
[2024-04-20T05:41:59.766+0000] {processor.py:178} INFO - Processing /home/airflow/.local/lib/python3.7/site-packages/airflow/example_dags/example_short_circuit_operator.py took 0.152 seconds
[2024-04-20T05:42:30.048+0000] {processor.py:156} INFO - Started process (PID=5023) to work on /home/airflow/.local/lib/python3.7/site-packages/airflow/example_dags/example_short_circuit_operator.py
[2024-04-20T05:42:30.049+0000] {processor.py:758} INFO - Processing file /home/airflow/.local/lib/python3.7/site-packages/airflow/example_dags/example_short_circuit_operator.py for tasks to queue
[2024-04-20T05:42:30.050+0000] {logging_mixin.py:117} INFO - [2024-04-20T05:42:30.050+0000] {dagbag.py:525} INFO - Filling up the DagBag from /home/airflow/.local/lib/python3.7/site-packages/airflow/example_dags/example_short_circuit_operator.py
[2024-04-20T05:42:30.108+0000] {processor.py:768} INFO - DAG(s) dict_keys(['example_short_circuit_operator']) retrieved from /home/airflow/.local/lib/python3.7/site-packages/airflow/example_dags/example_short_circuit_operator.py
[2024-04-20T05:42:30.161+0000] {logging_mixin.py:117} INFO - [2024-04-20T05:42:30.160+0000] {dag.py:2573} INFO - Sync 1 DAGs
[2024-04-20T05:42:30.198+0000] {logging_mixin.py:117} INFO - [2024-04-20T05:42:30.198+0000] {dag.py:3328} INFO - Setting next_dagrun for example_short_circuit_operator to 2024-04-19T05:42:30.197708+00:00, run_after=2024-04-20T05:42:30.197708+00:00
[2024-04-20T05:42:30.233+0000] {processor.py:178} INFO - Processing /home/airflow/.local/lib/python3.7/site-packages/airflow/example_dags/example_short_circuit_operator.py took 0.188 seconds
[2024-04-20T05:43:00.443+0000] {processor.py:156} INFO - Started process (PID=5251) to work on /home/airflow/.local/lib/python3.7/site-packages/airflow/example_dags/example_short_circuit_operator.py
[2024-04-20T05:43:00.444+0000] {processor.py:758} INFO - Processing file /home/airflow/.local/lib/python3.7/site-packages/airflow/example_dags/example_short_circuit_operator.py for tasks to queue
[2024-04-20T05:43:00.444+0000] {logging_mixin.py:117} INFO - [2024-04-20T05:43:00.444+0000] {dagbag.py:525} INFO - Filling up the DagBag from /home/airflow/.local/lib/python3.7/site-packages/airflow/example_dags/example_short_circuit_operator.py
[2024-04-20T05:43:00.465+0000] {processor.py:768} INFO - DAG(s) dict_keys(['example_short_circuit_operator']) retrieved from /home/airflow/.local/lib/python3.7/site-packages/airflow/example_dags/example_short_circuit_operator.py
[2024-04-20T05:43:00.514+0000] {logging_mixin.py:117} INFO - [2024-04-20T05:43:00.514+0000] {dag.py:2573} INFO - Sync 1 DAGs
[2024-04-20T05:43:00.542+0000] {logging_mixin.py:117} INFO - [2024-04-20T05:43:00.542+0000] {dag.py:3328} INFO - Setting next_dagrun for example_short_circuit_operator to 2024-04-19T05:43:00.541955+00:00, run_after=2024-04-20T05:43:00.541955+00:00
[2024-04-20T05:43:00.560+0000] {processor.py:178} INFO - Processing /home/airflow/.local/lib/python3.7/site-packages/airflow/example_dags/example_short_circuit_operator.py took 0.121 seconds
[2024-04-20T05:43:30.940+0000] {processor.py:156} INFO - Started process (PID=5520) to work on /home/airflow/.local/lib/python3.7/site-packages/airflow/example_dags/example_short_circuit_operator.py
[2024-04-20T05:43:30.941+0000] {processor.py:758} INFO - Processing file /home/airflow/.local/lib/python3.7/site-packages/airflow/example_dags/example_short_circuit_operator.py for tasks to queue
[2024-04-20T05:43:30.941+0000] {logging_mixin.py:117} INFO - [2024-04-20T05:43:30.941+0000] {dagbag.py:525} INFO - Filling up the DagBag from /home/airflow/.local/lib/python3.7/site-packages/airflow/example_dags/example_short_circuit_operator.py
[2024-04-20T05:43:30.962+0000] {processor.py:768} INFO - DAG(s) dict_keys(['example_short_circuit_operator']) retrieved from /home/airflow/.local/lib/python3.7/site-packages/airflow/example_dags/example_short_circuit_operator.py
[2024-04-20T05:43:31.013+0000] {logging_mixin.py:117} INFO - [2024-04-20T05:43:31.013+0000] {dag.py:2573} INFO - Sync 1 DAGs
[2024-04-20T05:43:31.042+0000] {logging_mixin.py:117} INFO - [2024-04-20T05:43:31.042+0000] {dag.py:3328} INFO - Setting next_dagrun for example_short_circuit_operator to 2024-04-19T05:43:31.041903+00:00, run_after=2024-04-20T05:43:31.041903+00:00
[2024-04-20T05:43:31.077+0000] {processor.py:178} INFO - Processing /home/airflow/.local/lib/python3.7/site-packages/airflow/example_dags/example_short_circuit_operator.py took 0.140 seconds
[2024-04-20T05:44:01.861+0000] {processor.py:156} INFO - Started process (PID=5754) to work on /home/airflow/.local/lib/python3.7/site-packages/airflow/example_dags/example_short_circuit_operator.py
[2024-04-20T05:44:01.880+0000] {processor.py:758} INFO - Processing file /home/airflow/.local/lib/python3.7/site-packages/airflow/example_dags/example_short_circuit_operator.py for tasks to queue
[2024-04-20T05:44:01.889+0000] {logging_mixin.py:117} INFO - [2024-04-20T05:44:01.881+0000] {dagbag.py:525} INFO - Filling up the DagBag from /home/airflow/.local/lib/python3.7/site-packages/airflow/example_dags/example_short_circuit_operator.py
[2024-04-20T05:44:02.133+0000] {processor.py:768} INFO - DAG(s) dict_keys(['example_short_circuit_operator']) retrieved from /home/airflow/.local/lib/python3.7/site-packages/airflow/example_dags/example_short_circuit_operator.py
[2024-04-20T05:44:02.505+0000] {logging_mixin.py:117} INFO - [2024-04-20T05:44:02.504+0000] {dag.py:2573} INFO - Sync 1 DAGs
[2024-04-20T05:44:02.711+0000] {logging_mixin.py:117} INFO - [2024-04-20T05:44:02.710+0000] {dag.py:3328} INFO - Setting next_dagrun for example_short_circuit_operator to 2024-04-19T05:44:02.710693+00:00, run_after=2024-04-20T05:44:02.710693+00:00
[2024-04-20T05:44:02.791+0000] {processor.py:178} INFO - Processing /home/airflow/.local/lib/python3.7/site-packages/airflow/example_dags/example_short_circuit_operator.py took 0.938 seconds
[2024-04-20T05:44:33.751+0000] {processor.py:156} INFO - Started process (PID=5994) to work on /home/airflow/.local/lib/python3.7/site-packages/airflow/example_dags/example_short_circuit_operator.py
[2024-04-20T05:44:33.751+0000] {processor.py:758} INFO - Processing file /home/airflow/.local/lib/python3.7/site-packages/airflow/example_dags/example_short_circuit_operator.py for tasks to queue
[2024-04-20T05:44:33.752+0000] {logging_mixin.py:117} INFO - [2024-04-20T05:44:33.752+0000] {dagbag.py:525} INFO - Filling up the DagBag from /home/airflow/.local/lib/python3.7/site-packages/airflow/example_dags/example_short_circuit_operator.py
[2024-04-20T05:44:33.791+0000] {processor.py:768} INFO - DAG(s) dict_keys(['example_short_circuit_operator']) retrieved from /home/airflow/.local/lib/python3.7/site-packages/airflow/example_dags/example_short_circuit_operator.py
[2024-04-20T05:44:33.843+0000] {logging_mixin.py:117} INFO - [2024-04-20T05:44:33.843+0000] {dag.py:2573} INFO - Sync 1 DAGs
[2024-04-20T05:44:33.871+0000] {logging_mixin.py:117} INFO - [2024-04-20T05:44:33.871+0000] {dag.py:3328} INFO - Setting next_dagrun for example_short_circuit_operator to 2024-04-19T05:44:33.871249+00:00, run_after=2024-04-20T05:44:33.871249+00:00
[2024-04-20T05:44:33.892+0000] {processor.py:178} INFO - Processing /home/airflow/.local/lib/python3.7/site-packages/airflow/example_dags/example_short_circuit_operator.py took 0.146 seconds
[2024-04-20T05:45:04.153+0000] {processor.py:156} INFO - Started process (PID=6271) to work on /home/airflow/.local/lib/python3.7/site-packages/airflow/example_dags/example_short_circuit_operator.py
[2024-04-20T05:45:04.154+0000] {processor.py:758} INFO - Processing file /home/airflow/.local/lib/python3.7/site-packages/airflow/example_dags/example_short_circuit_operator.py for tasks to queue
[2024-04-20T05:45:04.155+0000] {logging_mixin.py:117} INFO - [2024-04-20T05:45:04.155+0000] {dagbag.py:525} INFO - Filling up the DagBag from /home/airflow/.local/lib/python3.7/site-packages/airflow/example_dags/example_short_circuit_operator.py
[2024-04-20T05:45:04.175+0000] {processor.py:768} INFO - DAG(s) dict_keys(['example_short_circuit_operator']) retrieved from /home/airflow/.local/lib/python3.7/site-packages/airflow/example_dags/example_short_circuit_operator.py
[2024-04-20T05:45:04.291+0000] {logging_mixin.py:117} INFO - [2024-04-20T05:45:04.291+0000] {dag.py:2573} INFO - Sync 1 DAGs
[2024-04-20T05:45:04.360+0000] {logging_mixin.py:117} INFO - [2024-04-20T05:45:04.359+0000] {dag.py:3328} INFO - Setting next_dagrun for example_short_circuit_operator to 2024-04-19T05:45:04.359659+00:00, run_after=2024-04-20T05:45:04.359659+00:00
[2024-04-20T05:45:04.384+0000] {processor.py:178} INFO - Processing /home/airflow/.local/lib/python3.7/site-packages/airflow/example_dags/example_short_circuit_operator.py took 0.233 seconds
[2024-04-20T05:45:35.320+0000] {processor.py:156} INFO - Started process (PID=6523) to work on /home/airflow/.local/lib/python3.7/site-packages/airflow/example_dags/example_short_circuit_operator.py
[2024-04-20T05:45:35.321+0000] {processor.py:758} INFO - Processing file /home/airflow/.local/lib/python3.7/site-packages/airflow/example_dags/example_short_circuit_operator.py for tasks to queue
[2024-04-20T05:45:35.321+0000] {logging_mixin.py:117} INFO - [2024-04-20T05:45:35.321+0000] {dagbag.py:525} INFO - Filling up the DagBag from /home/airflow/.local/lib/python3.7/site-packages/airflow/example_dags/example_short_circuit_operator.py
[2024-04-20T05:45:35.371+0000] {processor.py:768} INFO - DAG(s) dict_keys(['example_short_circuit_operator']) retrieved from /home/airflow/.local/lib/python3.7/site-packages/airflow/example_dags/example_short_circuit_operator.py
[2024-04-20T05:45:35.602+0000] {logging_mixin.py:117} INFO - [2024-04-20T05:45:35.602+0000] {dag.py:2573} INFO - Sync 1 DAGs
[2024-04-20T05:45:35.648+0000] {logging_mixin.py:117} INFO - [2024-04-20T05:45:35.648+0000] {dag.py:3328} INFO - Setting next_dagrun for example_short_circuit_operator to 2024-04-19T05:45:35.647797+00:00, run_after=2024-04-20T05:45:35.647797+00:00
[2024-04-20T05:45:35.678+0000] {processor.py:178} INFO - Processing /home/airflow/.local/lib/python3.7/site-packages/airflow/example_dags/example_short_circuit_operator.py took 0.362 seconds
[2024-04-20T05:46:06.379+0000] {processor.py:156} INFO - Started process (PID=6796) to work on /home/airflow/.local/lib/python3.7/site-packages/airflow/example_dags/example_short_circuit_operator.py
[2024-04-20T05:46:06.380+0000] {processor.py:758} INFO - Processing file /home/airflow/.local/lib/python3.7/site-packages/airflow/example_dags/example_short_circuit_operator.py for tasks to queue
[2024-04-20T05:46:06.381+0000] {logging_mixin.py:117} INFO - [2024-04-20T05:46:06.381+0000] {dagbag.py:525} INFO - Filling up the DagBag from /home/airflow/.local/lib/python3.7/site-packages/airflow/example_dags/example_short_circuit_operator.py
[2024-04-20T05:46:06.434+0000] {processor.py:768} INFO - DAG(s) dict_keys(['example_short_circuit_operator']) retrieved from /home/airflow/.local/lib/python3.7/site-packages/airflow/example_dags/example_short_circuit_operator.py
[2024-04-20T05:46:06.504+0000] {logging_mixin.py:117} INFO - [2024-04-20T05:46:06.504+0000] {dag.py:2573} INFO - Sync 1 DAGs
[2024-04-20T05:46:06.533+0000] {logging_mixin.py:117} INFO - [2024-04-20T05:46:06.533+0000] {dag.py:3328} INFO - Setting next_dagrun for example_short_circuit_operator to 2024-04-19T05:46:06.532916+00:00, run_after=2024-04-20T05:46:06.532916+00:00
[2024-04-20T05:46:06.557+0000] {processor.py:178} INFO - Processing /home/airflow/.local/lib/python3.7/site-packages/airflow/example_dags/example_short_circuit_operator.py took 0.181 seconds
[2024-04-20T05:46:36.707+0000] {processor.py:156} INFO - Started process (PID=7039) to work on /home/airflow/.local/lib/python3.7/site-packages/airflow/example_dags/example_short_circuit_operator.py
[2024-04-20T05:46:36.708+0000] {processor.py:758} INFO - Processing file /home/airflow/.local/lib/python3.7/site-packages/airflow/example_dags/example_short_circuit_operator.py for tasks to queue
[2024-04-20T05:46:36.713+0000] {logging_mixin.py:117} INFO - [2024-04-20T05:46:36.713+0000] {dagbag.py:525} INFO - Filling up the DagBag from /home/airflow/.local/lib/python3.7/site-packages/airflow/example_dags/example_short_circuit_operator.py
[2024-04-20T05:46:36.765+0000] {processor.py:768} INFO - DAG(s) dict_keys(['example_short_circuit_operator']) retrieved from /home/airflow/.local/lib/python3.7/site-packages/airflow/example_dags/example_short_circuit_operator.py
[2024-04-20T05:46:36.816+0000] {logging_mixin.py:117} INFO - [2024-04-20T05:46:36.816+0000] {dag.py:2573} INFO - Sync 1 DAGs
[2024-04-20T05:46:36.848+0000] {logging_mixin.py:117} INFO - [2024-04-20T05:46:36.848+0000] {dag.py:3328} INFO - Setting next_dagrun for example_short_circuit_operator to 2024-04-19T05:46:36.848378+00:00, run_after=2024-04-20T05:46:36.848378+00:00
[2024-04-20T05:46:36.868+0000] {processor.py:178} INFO - Processing /home/airflow/.local/lib/python3.7/site-packages/airflow/example_dags/example_short_circuit_operator.py took 0.169 seconds
[2024-04-20T05:47:07.485+0000] {processor.py:156} INFO - Started process (PID=7288) to work on /home/airflow/.local/lib/python3.7/site-packages/airflow/example_dags/example_short_circuit_operator.py
[2024-04-20T05:47:07.486+0000] {processor.py:758} INFO - Processing file /home/airflow/.local/lib/python3.7/site-packages/airflow/example_dags/example_short_circuit_operator.py for tasks to queue
[2024-04-20T05:47:07.486+0000] {logging_mixin.py:117} INFO - [2024-04-20T05:47:07.486+0000] {dagbag.py:525} INFO - Filling up the DagBag from /home/airflow/.local/lib/python3.7/site-packages/airflow/example_dags/example_short_circuit_operator.py
[2024-04-20T05:47:07.507+0000] {processor.py:768} INFO - DAG(s) dict_keys(['example_short_circuit_operator']) retrieved from /home/airflow/.local/lib/python3.7/site-packages/airflow/example_dags/example_short_circuit_operator.py
[2024-04-20T05:47:07.560+0000] {logging_mixin.py:117} INFO - [2024-04-20T05:47:07.560+0000] {dag.py:2573} INFO - Sync 1 DAGs
[2024-04-20T05:47:07.588+0000] {logging_mixin.py:117} INFO - [2024-04-20T05:47:07.588+0000] {dag.py:3328} INFO - Setting next_dagrun for example_short_circuit_operator to 2024-04-19T05:47:07.588185+00:00, run_after=2024-04-20T05:47:07.588185+00:00
[2024-04-20T05:47:07.610+0000] {processor.py:178} INFO - Processing /home/airflow/.local/lib/python3.7/site-packages/airflow/example_dags/example_short_circuit_operator.py took 0.129 seconds
[2024-04-20T05:47:37.933+0000] {processor.py:156} INFO - Started process (PID=7550) to work on /home/airflow/.local/lib/python3.7/site-packages/airflow/example_dags/example_short_circuit_operator.py
[2024-04-20T05:47:37.933+0000] {processor.py:758} INFO - Processing file /home/airflow/.local/lib/python3.7/site-packages/airflow/example_dags/example_short_circuit_operator.py for tasks to queue
[2024-04-20T05:47:37.934+0000] {logging_mixin.py:117} INFO - [2024-04-20T05:47:37.934+0000] {dagbag.py:525} INFO - Filling up the DagBag from /home/airflow/.local/lib/python3.7/site-packages/airflow/example_dags/example_short_circuit_operator.py
[2024-04-20T05:47:37.967+0000] {processor.py:768} INFO - DAG(s) dict_keys(['example_short_circuit_operator']) retrieved from /home/airflow/.local/lib/python3.7/site-packages/airflow/example_dags/example_short_circuit_operator.py
[2024-04-20T05:47:38.023+0000] {logging_mixin.py:117} INFO - [2024-04-20T05:47:38.022+0000] {dag.py:2573} INFO - Sync 1 DAGs
[2024-04-20T05:47:38.054+0000] {logging_mixin.py:117} INFO - [2024-04-20T05:47:38.054+0000] {dag.py:3328} INFO - Setting next_dagrun for example_short_circuit_operator to 2024-04-19T05:47:38.054216+00:00, run_after=2024-04-20T05:47:38.054216+00:00
[2024-04-20T05:47:38.092+0000] {processor.py:178} INFO - Processing /home/airflow/.local/lib/python3.7/site-packages/airflow/example_dags/example_short_circuit_operator.py took 0.163 seconds
[2024-04-20T05:48:08.577+0000] {processor.py:156} INFO - Started process (PID=7810) to work on /home/airflow/.local/lib/python3.7/site-packages/airflow/example_dags/example_short_circuit_operator.py
[2024-04-20T05:48:08.577+0000] {processor.py:758} INFO - Processing file /home/airflow/.local/lib/python3.7/site-packages/airflow/example_dags/example_short_circuit_operator.py for tasks to queue
[2024-04-20T05:48:08.578+0000] {logging_mixin.py:117} INFO - [2024-04-20T05:48:08.578+0000] {dagbag.py:525} INFO - Filling up the DagBag from /home/airflow/.local/lib/python3.7/site-packages/airflow/example_dags/example_short_circuit_operator.py
[2024-04-20T05:48:08.598+0000] {processor.py:768} INFO - DAG(s) dict_keys(['example_short_circuit_operator']) retrieved from /home/airflow/.local/lib/python3.7/site-packages/airflow/example_dags/example_short_circuit_operator.py
[2024-04-20T05:48:08.647+0000] {logging_mixin.py:117} INFO - [2024-04-20T05:48:08.647+0000] {dag.py:2573} INFO - Sync 1 DAGs
[2024-04-20T05:48:08.699+0000] {logging_mixin.py:117} INFO - [2024-04-20T05:48:08.699+0000] {dag.py:3328} INFO - Setting next_dagrun for example_short_circuit_operator to 2024-04-19T05:48:08.698852+00:00, run_after=2024-04-20T05:48:08.698852+00:00
[2024-04-20T05:48:08.727+0000] {processor.py:178} INFO - Processing /home/airflow/.local/lib/python3.7/site-packages/airflow/example_dags/example_short_circuit_operator.py took 0.154 seconds
[2024-04-20T05:48:39.063+0000] {processor.py:156} INFO - Started process (PID=8028) to work on /home/airflow/.local/lib/python3.7/site-packages/airflow/example_dags/example_short_circuit_operator.py
[2024-04-20T05:48:39.063+0000] {processor.py:758} INFO - Processing file /home/airflow/.local/lib/python3.7/site-packages/airflow/example_dags/example_short_circuit_operator.py for tasks to queue
[2024-04-20T05:48:39.064+0000] {logging_mixin.py:117} INFO - [2024-04-20T05:48:39.064+0000] {dagbag.py:525} INFO - Filling up the DagBag from /home/airflow/.local/lib/python3.7/site-packages/airflow/example_dags/example_short_circuit_operator.py
[2024-04-20T05:48:39.084+0000] {processor.py:768} INFO - DAG(s) dict_keys(['example_short_circuit_operator']) retrieved from /home/airflow/.local/lib/python3.7/site-packages/airflow/example_dags/example_short_circuit_operator.py
[2024-04-20T05:48:39.137+0000] {logging_mixin.py:117} INFO - [2024-04-20T05:48:39.137+0000] {dag.py:2573} INFO - Sync 1 DAGs
[2024-04-20T05:48:39.167+0000] {logging_mixin.py:117} INFO - [2024-04-20T05:48:39.167+0000] {dag.py:3328} INFO - Setting next_dagrun for example_short_circuit_operator to 2024-04-19T05:48:39.166832+00:00, run_after=2024-04-20T05:48:39.166832+00:00
[2024-04-20T05:48:39.197+0000] {processor.py:178} INFO - Processing /home/airflow/.local/lib/python3.7/site-packages/airflow/example_dags/example_short_circuit_operator.py took 0.138 seconds
[2024-04-20T05:49:09.848+0000] {processor.py:156} INFO - Started process (PID=8272) to work on /home/airflow/.local/lib/python3.7/site-packages/airflow/example_dags/example_short_circuit_operator.py
[2024-04-20T05:49:09.849+0000] {processor.py:758} INFO - Processing file /home/airflow/.local/lib/python3.7/site-packages/airflow/example_dags/example_short_circuit_operator.py for tasks to queue
[2024-04-20T05:49:09.849+0000] {logging_mixin.py:117} INFO - [2024-04-20T05:49:09.849+0000] {dagbag.py:525} INFO - Filling up the DagBag from /home/airflow/.local/lib/python3.7/site-packages/airflow/example_dags/example_short_circuit_operator.py
[2024-04-20T05:49:09.870+0000] {processor.py:768} INFO - DAG(s) dict_keys(['example_short_circuit_operator']) retrieved from /home/airflow/.local/lib/python3.7/site-packages/airflow/example_dags/example_short_circuit_operator.py
[2024-04-20T05:49:09.918+0000] {logging_mixin.py:117} INFO - [2024-04-20T05:49:09.918+0000] {dag.py:2573} INFO - Sync 1 DAGs
[2024-04-20T05:49:09.949+0000] {logging_mixin.py:117} INFO - [2024-04-20T05:49:09.949+0000] {dag.py:3328} INFO - Setting next_dagrun for example_short_circuit_operator to 2024-04-19T05:49:09.948960+00:00, run_after=2024-04-20T05:49:09.948960+00:00
[2024-04-20T05:49:09.976+0000] {processor.py:178} INFO - Processing /home/airflow/.local/lib/python3.7/site-packages/airflow/example_dags/example_short_circuit_operator.py took 0.132 seconds
[2024-04-20T05:49:40.859+0000] {processor.py:156} INFO - Started process (PID=8511) to work on /home/airflow/.local/lib/python3.7/site-packages/airflow/example_dags/example_short_circuit_operator.py
[2024-04-20T05:49:40.860+0000] {processor.py:758} INFO - Processing file /home/airflow/.local/lib/python3.7/site-packages/airflow/example_dags/example_short_circuit_operator.py for tasks to queue
[2024-04-20T05:49:40.861+0000] {logging_mixin.py:117} INFO - [2024-04-20T05:49:40.860+0000] {dagbag.py:525} INFO - Filling up the DagBag from /home/airflow/.local/lib/python3.7/site-packages/airflow/example_dags/example_short_circuit_operator.py
[2024-04-20T05:49:40.895+0000] {processor.py:768} INFO - DAG(s) dict_keys(['example_short_circuit_operator']) retrieved from /home/airflow/.local/lib/python3.7/site-packages/airflow/example_dags/example_short_circuit_operator.py
[2024-04-20T05:49:40.998+0000] {logging_mixin.py:117} INFO - [2024-04-20T05:49:40.998+0000] {dag.py:2573} INFO - Sync 1 DAGs
[2024-04-20T05:49:41.048+0000] {logging_mixin.py:117} INFO - [2024-04-20T05:49:41.048+0000] {dag.py:3328} INFO - Setting next_dagrun for example_short_circuit_operator to 2024-04-19T05:49:41.048281+00:00, run_after=2024-04-20T05:49:41.048281+00:00
[2024-04-20T05:49:41.073+0000] {processor.py:178} INFO - Processing /home/airflow/.local/lib/python3.7/site-packages/airflow/example_dags/example_short_circuit_operator.py took 0.217 seconds
[2024-04-20T05:50:11.246+0000] {processor.py:156} INFO - Started process (PID=8746) to work on /home/airflow/.local/lib/python3.7/site-packages/airflow/example_dags/example_short_circuit_operator.py
[2024-04-20T05:50:11.248+0000] {processor.py:758} INFO - Processing file /home/airflow/.local/lib/python3.7/site-packages/airflow/example_dags/example_short_circuit_operator.py for tasks to queue
[2024-04-20T05:50:11.249+0000] {logging_mixin.py:117} INFO - [2024-04-20T05:50:11.249+0000] {dagbag.py:525} INFO - Filling up the DagBag from /home/airflow/.local/lib/python3.7/site-packages/airflow/example_dags/example_short_circuit_operator.py
[2024-04-20T05:50:11.269+0000] {processor.py:768} INFO - DAG(s) dict_keys(['example_short_circuit_operator']) retrieved from /home/airflow/.local/lib/python3.7/site-packages/airflow/example_dags/example_short_circuit_operator.py
[2024-04-20T05:50:11.319+0000] {logging_mixin.py:117} INFO - [2024-04-20T05:50:11.319+0000] {dag.py:2573} INFO - Sync 1 DAGs
[2024-04-20T05:50:11.365+0000] {logging_mixin.py:117} INFO - [2024-04-20T05:50:11.364+0000] {dag.py:3328} INFO - Setting next_dagrun for example_short_circuit_operator to 2024-04-19T05:50:11.364566+00:00, run_after=2024-04-20T05:50:11.364566+00:00
[2024-04-20T05:50:11.402+0000] {processor.py:178} INFO - Processing /home/airflow/.local/lib/python3.7/site-packages/airflow/example_dags/example_short_circuit_operator.py took 0.159 seconds
[2024-04-20T05:50:41.888+0000] {processor.py:156} INFO - Started process (PID=8974) to work on /home/airflow/.local/lib/python3.7/site-packages/airflow/example_dags/example_short_circuit_operator.py
[2024-04-20T05:50:41.889+0000] {processor.py:758} INFO - Processing file /home/airflow/.local/lib/python3.7/site-packages/airflow/example_dags/example_short_circuit_operator.py for tasks to queue
[2024-04-20T05:50:41.890+0000] {logging_mixin.py:117} INFO - [2024-04-20T05:50:41.890+0000] {dagbag.py:525} INFO - Filling up the DagBag from /home/airflow/.local/lib/python3.7/site-packages/airflow/example_dags/example_short_circuit_operator.py
[2024-04-20T05:50:41.914+0000] {processor.py:768} INFO - DAG(s) dict_keys(['example_short_circuit_operator']) retrieved from /home/airflow/.local/lib/python3.7/site-packages/airflow/example_dags/example_short_circuit_operator.py
[2024-04-20T05:50:41.967+0000] {logging_mixin.py:117} INFO - [2024-04-20T05:50:41.967+0000] {dag.py:2573} INFO - Sync 1 DAGs
[2024-04-20T05:50:41.999+0000] {logging_mixin.py:117} INFO - [2024-04-20T05:50:41.998+0000] {dag.py:3328} INFO - Setting next_dagrun for example_short_circuit_operator to 2024-04-19T05:50:41.998683+00:00, run_after=2024-04-20T05:50:41.998683+00:00
[2024-04-20T05:50:42.024+0000] {processor.py:178} INFO - Processing /home/airflow/.local/lib/python3.7/site-packages/airflow/example_dags/example_short_circuit_operator.py took 0.139 seconds
[2024-04-20T05:51:12.381+0000] {processor.py:156} INFO - Started process (PID=9203) to work on /home/airflow/.local/lib/python3.7/site-packages/airflow/example_dags/example_short_circuit_operator.py
[2024-04-20T05:51:12.384+0000] {processor.py:758} INFO - Processing file /home/airflow/.local/lib/python3.7/site-packages/airflow/example_dags/example_short_circuit_operator.py for tasks to queue
[2024-04-20T05:51:12.386+0000] {logging_mixin.py:117} INFO - [2024-04-20T05:51:12.386+0000] {dagbag.py:525} INFO - Filling up the DagBag from /home/airflow/.local/lib/python3.7/site-packages/airflow/example_dags/example_short_circuit_operator.py
[2024-04-20T05:51:12.430+0000] {processor.py:768} INFO - DAG(s) dict_keys(['example_short_circuit_operator']) retrieved from /home/airflow/.local/lib/python3.7/site-packages/airflow/example_dags/example_short_circuit_operator.py
[2024-04-20T05:51:12.506+0000] {logging_mixin.py:117} INFO - [2024-04-20T05:51:12.506+0000] {dag.py:2573} INFO - Sync 1 DAGs
[2024-04-20T05:51:12.540+0000] {logging_mixin.py:117} INFO - [2024-04-20T05:51:12.540+0000] {dag.py:3328} INFO - Setting next_dagrun for example_short_circuit_operator to 2024-04-19T05:51:12.540436+00:00, run_after=2024-04-20T05:51:12.540436+00:00
[2024-04-20T05:51:12.565+0000] {processor.py:178} INFO - Processing /home/airflow/.local/lib/python3.7/site-packages/airflow/example_dags/example_short_circuit_operator.py took 0.187 seconds
[2024-04-20T05:51:42.709+0000] {processor.py:156} INFO - Started process (PID=9427) to work on /home/airflow/.local/lib/python3.7/site-packages/airflow/example_dags/example_short_circuit_operator.py
[2024-04-20T05:51:42.709+0000] {processor.py:758} INFO - Processing file /home/airflow/.local/lib/python3.7/site-packages/airflow/example_dags/example_short_circuit_operator.py for tasks to queue
[2024-04-20T05:51:42.710+0000] {logging_mixin.py:117} INFO - [2024-04-20T05:51:42.710+0000] {dagbag.py:525} INFO - Filling up the DagBag from /home/airflow/.local/lib/python3.7/site-packages/airflow/example_dags/example_short_circuit_operator.py
[2024-04-20T05:51:42.731+0000] {processor.py:768} INFO - DAG(s) dict_keys(['example_short_circuit_operator']) retrieved from /home/airflow/.local/lib/python3.7/site-packages/airflow/example_dags/example_short_circuit_operator.py
[2024-04-20T05:51:42.798+0000] {logging_mixin.py:117} INFO - [2024-04-20T05:51:42.793+0000] {dag.py:2573} INFO - Sync 1 DAGs
[2024-04-20T05:51:42.829+0000] {logging_mixin.py:117} INFO - [2024-04-20T05:51:42.829+0000] {dag.py:3328} INFO - Setting next_dagrun for example_short_circuit_operator to 2024-04-19T05:51:42.829451+00:00, run_after=2024-04-20T05:51:42.829451+00:00
[2024-04-20T05:51:42.856+0000] {processor.py:178} INFO - Processing /home/airflow/.local/lib/python3.7/site-packages/airflow/example_dags/example_short_circuit_operator.py took 0.151 seconds
[2024-04-20T05:52:13.771+0000] {processor.py:156} INFO - Started process (PID=9657) to work on /home/airflow/.local/lib/python3.7/site-packages/airflow/example_dags/example_short_circuit_operator.py
[2024-04-20T05:52:13.772+0000] {processor.py:758} INFO - Processing file /home/airflow/.local/lib/python3.7/site-packages/airflow/example_dags/example_short_circuit_operator.py for tasks to queue
[2024-04-20T05:52:13.773+0000] {logging_mixin.py:117} INFO - [2024-04-20T05:52:13.773+0000] {dagbag.py:525} INFO - Filling up the DagBag from /home/airflow/.local/lib/python3.7/site-packages/airflow/example_dags/example_short_circuit_operator.py
[2024-04-20T05:52:13.797+0000] {processor.py:768} INFO - DAG(s) dict_keys(['example_short_circuit_operator']) retrieved from /home/airflow/.local/lib/python3.7/site-packages/airflow/example_dags/example_short_circuit_operator.py
[2024-04-20T05:52:13.852+0000] {logging_mixin.py:117} INFO - [2024-04-20T05:52:13.852+0000] {dag.py:2573} INFO - Sync 1 DAGs
[2024-04-20T05:52:13.887+0000] {logging_mixin.py:117} INFO - [2024-04-20T05:52:13.887+0000] {dag.py:3328} INFO - Setting next_dagrun for example_short_circuit_operator to 2024-04-19T05:52:13.886871+00:00, run_after=2024-04-20T05:52:13.886871+00:00
[2024-04-20T05:52:13.931+0000] {processor.py:178} INFO - Processing /home/airflow/.local/lib/python3.7/site-packages/airflow/example_dags/example_short_circuit_operator.py took 0.163 seconds
[2024-04-20T05:52:44.064+0000] {processor.py:156} INFO - Started process (PID=9881) to work on /home/airflow/.local/lib/python3.7/site-packages/airflow/example_dags/example_short_circuit_operator.py
[2024-04-20T05:52:44.065+0000] {processor.py:758} INFO - Processing file /home/airflow/.local/lib/python3.7/site-packages/airflow/example_dags/example_short_circuit_operator.py for tasks to queue
[2024-04-20T05:52:44.067+0000] {logging_mixin.py:117} INFO - [2024-04-20T05:52:44.066+0000] {dagbag.py:525} INFO - Filling up the DagBag from /home/airflow/.local/lib/python3.7/site-packages/airflow/example_dags/example_short_circuit_operator.py
[2024-04-20T05:52:44.097+0000] {processor.py:768} INFO - DAG(s) dict_keys(['example_short_circuit_operator']) retrieved from /home/airflow/.local/lib/python3.7/site-packages/airflow/example_dags/example_short_circuit_operator.py
[2024-04-20T05:52:44.179+0000] {logging_mixin.py:117} INFO - [2024-04-20T05:52:44.178+0000] {dag.py:2573} INFO - Sync 1 DAGs
[2024-04-20T05:52:44.207+0000] {logging_mixin.py:117} INFO - [2024-04-20T05:52:44.207+0000] {dag.py:3328} INFO - Setting next_dagrun for example_short_circuit_operator to 2024-04-19T05:52:44.206815+00:00, run_after=2024-04-20T05:52:44.206815+00:00
[2024-04-20T05:52:44.233+0000] {processor.py:178} INFO - Processing /home/airflow/.local/lib/python3.7/site-packages/airflow/example_dags/example_short_circuit_operator.py took 0.174 seconds
[2024-04-20T05:53:14.596+0000] {processor.py:156} INFO - Started process (PID=10106) to work on /home/airflow/.local/lib/python3.7/site-packages/airflow/example_dags/example_short_circuit_operator.py
[2024-04-20T05:53:14.598+0000] {processor.py:758} INFO - Processing file /home/airflow/.local/lib/python3.7/site-packages/airflow/example_dags/example_short_circuit_operator.py for tasks to queue
[2024-04-20T05:53:14.598+0000] {logging_mixin.py:117} INFO - [2024-04-20T05:53:14.598+0000] {dagbag.py:525} INFO - Filling up the DagBag from /home/airflow/.local/lib/python3.7/site-packages/airflow/example_dags/example_short_circuit_operator.py
[2024-04-20T05:53:14.682+0000] {processor.py:768} INFO - DAG(s) dict_keys(['example_short_circuit_operator']) retrieved from /home/airflow/.local/lib/python3.7/site-packages/airflow/example_dags/example_short_circuit_operator.py
[2024-04-20T05:53:14.864+0000] {logging_mixin.py:117} INFO - [2024-04-20T05:53:14.863+0000] {dag.py:2573} INFO - Sync 1 DAGs
[2024-04-20T05:53:14.915+0000] {logging_mixin.py:117} INFO - [2024-04-20T05:53:14.915+0000] {dag.py:3328} INFO - Setting next_dagrun for example_short_circuit_operator to 2024-04-19T05:53:14.914661+00:00, run_after=2024-04-20T05:53:14.914661+00:00
[2024-04-20T05:53:15.007+0000] {processor.py:178} INFO - Processing /home/airflow/.local/lib/python3.7/site-packages/airflow/example_dags/example_short_circuit_operator.py took 0.418 seconds
[2024-04-20T05:53:45.149+0000] {processor.py:156} INFO - Started process (PID=10337) to work on /home/airflow/.local/lib/python3.7/site-packages/airflow/example_dags/example_short_circuit_operator.py
[2024-04-20T05:53:45.149+0000] {processor.py:758} INFO - Processing file /home/airflow/.local/lib/python3.7/site-packages/airflow/example_dags/example_short_circuit_operator.py for tasks to queue
[2024-04-20T05:53:45.150+0000] {logging_mixin.py:117} INFO - [2024-04-20T05:53:45.149+0000] {dagbag.py:525} INFO - Filling up the DagBag from /home/airflow/.local/lib/python3.7/site-packages/airflow/example_dags/example_short_circuit_operator.py
[2024-04-20T05:53:45.164+0000] {processor.py:768} INFO - DAG(s) dict_keys(['example_short_circuit_operator']) retrieved from /home/airflow/.local/lib/python3.7/site-packages/airflow/example_dags/example_short_circuit_operator.py
[2024-04-20T05:53:45.228+0000] {logging_mixin.py:117} INFO - [2024-04-20T05:53:45.228+0000] {dag.py:2573} INFO - Sync 1 DAGs
[2024-04-20T05:53:45.269+0000] {logging_mixin.py:117} INFO - [2024-04-20T05:53:45.268+0000] {dag.py:3328} INFO - Setting next_dagrun for example_short_circuit_operator to 2024-04-19T05:53:45.268521+00:00, run_after=2024-04-20T05:53:45.268521+00:00
[2024-04-20T05:53:45.316+0000] {processor.py:178} INFO - Processing /home/airflow/.local/lib/python3.7/site-packages/airflow/example_dags/example_short_circuit_operator.py took 0.169 seconds
[2024-04-20T05:54:15.531+0000] {processor.py:156} INFO - Started process (PID=10571) to work on /home/airflow/.local/lib/python3.7/site-packages/airflow/example_dags/example_short_circuit_operator.py
[2024-04-20T05:54:15.536+0000] {processor.py:758} INFO - Processing file /home/airflow/.local/lib/python3.7/site-packages/airflow/example_dags/example_short_circuit_operator.py for tasks to queue
[2024-04-20T05:54:15.543+0000] {logging_mixin.py:117} INFO - [2024-04-20T05:54:15.543+0000] {dagbag.py:525} INFO - Filling up the DagBag from /home/airflow/.local/lib/python3.7/site-packages/airflow/example_dags/example_short_circuit_operator.py
[2024-04-20T05:54:15.607+0000] {processor.py:768} INFO - DAG(s) dict_keys(['example_short_circuit_operator']) retrieved from /home/airflow/.local/lib/python3.7/site-packages/airflow/example_dags/example_short_circuit_operator.py
[2024-04-20T05:54:15.706+0000] {logging_mixin.py:117} INFO - [2024-04-20T05:54:15.706+0000] {dag.py:2573} INFO - Sync 1 DAGs
[2024-04-20T05:54:15.762+0000] {logging_mixin.py:117} INFO - [2024-04-20T05:54:15.762+0000] {dag.py:3328} INFO - Setting next_dagrun for example_short_circuit_operator to 2024-04-19T05:54:15.762414+00:00, run_after=2024-04-20T05:54:15.762414+00:00
[2024-04-20T05:54:15.796+0000] {processor.py:178} INFO - Processing /home/airflow/.local/lib/python3.7/site-packages/airflow/example_dags/example_short_circuit_operator.py took 0.280 seconds
[2024-04-20T05:54:46.101+0000] {processor.py:156} INFO - Started process (PID=10795) to work on /home/airflow/.local/lib/python3.7/site-packages/airflow/example_dags/example_short_circuit_operator.py
[2024-04-20T05:54:46.102+0000] {processor.py:758} INFO - Processing file /home/airflow/.local/lib/python3.7/site-packages/airflow/example_dags/example_short_circuit_operator.py for tasks to queue
[2024-04-20T05:54:46.102+0000] {logging_mixin.py:117} INFO - [2024-04-20T05:54:46.102+0000] {dagbag.py:525} INFO - Filling up the DagBag from /home/airflow/.local/lib/python3.7/site-packages/airflow/example_dags/example_short_circuit_operator.py
[2024-04-20T05:54:46.126+0000] {processor.py:768} INFO - DAG(s) dict_keys(['example_short_circuit_operator']) retrieved from /home/airflow/.local/lib/python3.7/site-packages/airflow/example_dags/example_short_circuit_operator.py
[2024-04-20T05:54:46.176+0000] {logging_mixin.py:117} INFO - [2024-04-20T05:54:46.176+0000] {dag.py:2573} INFO - Sync 1 DAGs
[2024-04-20T05:54:46.207+0000] {logging_mixin.py:117} INFO - [2024-04-20T05:54:46.207+0000] {dag.py:3328} INFO - Setting next_dagrun for example_short_circuit_operator to 2024-04-19T05:54:46.207045+00:00, run_after=2024-04-20T05:54:46.207045+00:00
[2024-04-20T05:54:46.231+0000] {processor.py:178} INFO - Processing /home/airflow/.local/lib/python3.7/site-packages/airflow/example_dags/example_short_circuit_operator.py took 0.135 seconds
[2024-04-20T05:55:16.952+0000] {processor.py:156} INFO - Started process (PID=11024) to work on /home/airflow/.local/lib/python3.7/site-packages/airflow/example_dags/example_short_circuit_operator.py
[2024-04-20T05:55:16.953+0000] {processor.py:758} INFO - Processing file /home/airflow/.local/lib/python3.7/site-packages/airflow/example_dags/example_short_circuit_operator.py for tasks to queue
[2024-04-20T05:55:16.954+0000] {logging_mixin.py:117} INFO - [2024-04-20T05:55:16.953+0000] {dagbag.py:525} INFO - Filling up the DagBag from /home/airflow/.local/lib/python3.7/site-packages/airflow/example_dags/example_short_circuit_operator.py
[2024-04-20T05:55:16.974+0000] {processor.py:768} INFO - DAG(s) dict_keys(['example_short_circuit_operator']) retrieved from /home/airflow/.local/lib/python3.7/site-packages/airflow/example_dags/example_short_circuit_operator.py
[2024-04-20T05:55:17.026+0000] {logging_mixin.py:117} INFO - [2024-04-20T05:55:17.026+0000] {dag.py:2573} INFO - Sync 1 DAGs
[2024-04-20T05:55:17.059+0000] {logging_mixin.py:117} INFO - [2024-04-20T05:55:17.059+0000] {dag.py:3328} INFO - Setting next_dagrun for example_short_circuit_operator to 2024-04-19T05:55:17.059322+00:00, run_after=2024-04-20T05:55:17.059322+00:00
[2024-04-20T05:55:17.089+0000] {processor.py:178} INFO - Processing /home/airflow/.local/lib/python3.7/site-packages/airflow/example_dags/example_short_circuit_operator.py took 0.141 seconds
[2024-04-20T05:56:38.276+0000] {processor.py:156} INFO - Started process (PID=236) to work on /home/airflow/.local/lib/python3.7/site-packages/airflow/example_dags/example_short_circuit_operator.py
[2024-04-20T05:56:38.277+0000] {processor.py:758} INFO - Processing file /home/airflow/.local/lib/python3.7/site-packages/airflow/example_dags/example_short_circuit_operator.py for tasks to queue
[2024-04-20T05:56:38.278+0000] {logging_mixin.py:117} INFO - [2024-04-20T05:56:38.277+0000] {dagbag.py:525} INFO - Filling up the DagBag from /home/airflow/.local/lib/python3.7/site-packages/airflow/example_dags/example_short_circuit_operator.py
[2024-04-20T05:56:38.325+0000] {processor.py:768} INFO - DAG(s) dict_keys(['example_short_circuit_operator']) retrieved from /home/airflow/.local/lib/python3.7/site-packages/airflow/example_dags/example_short_circuit_operator.py
[2024-04-20T05:56:38.411+0000] {logging_mixin.py:117} INFO - [2024-04-20T05:56:38.411+0000] {dag.py:2573} INFO - Sync 1 DAGs
[2024-04-20T05:56:38.441+0000] {logging_mixin.py:117} INFO - [2024-04-20T05:56:38.441+0000] {dag.py:3328} INFO - Setting next_dagrun for example_short_circuit_operator to 2024-04-19T05:56:38.441424+00:00, run_after=2024-04-20T05:56:38.441424+00:00
[2024-04-20T05:56:38.507+0000] {processor.py:178} INFO - Processing /home/airflow/.local/lib/python3.7/site-packages/airflow/example_dags/example_short_circuit_operator.py took 0.235 seconds
[2024-04-20T05:57:09.596+0000] {processor.py:156} INFO - Started process (PID=454) to work on /home/airflow/.local/lib/python3.7/site-packages/airflow/example_dags/example_short_circuit_operator.py
[2024-04-20T05:57:09.596+0000] {processor.py:758} INFO - Processing file /home/airflow/.local/lib/python3.7/site-packages/airflow/example_dags/example_short_circuit_operator.py for tasks to queue
[2024-04-20T05:57:09.597+0000] {logging_mixin.py:117} INFO - [2024-04-20T05:57:09.597+0000] {dagbag.py:525} INFO - Filling up the DagBag from /home/airflow/.local/lib/python3.7/site-packages/airflow/example_dags/example_short_circuit_operator.py
[2024-04-20T05:57:09.623+0000] {processor.py:768} INFO - DAG(s) dict_keys(['example_short_circuit_operator']) retrieved from /home/airflow/.local/lib/python3.7/site-packages/airflow/example_dags/example_short_circuit_operator.py
[2024-04-20T05:57:09.690+0000] {logging_mixin.py:117} INFO - [2024-04-20T05:57:09.690+0000] {dag.py:2573} INFO - Sync 1 DAGs
[2024-04-20T05:57:09.722+0000] {logging_mixin.py:117} INFO - [2024-04-20T05:57:09.722+0000] {dag.py:3328} INFO - Setting next_dagrun for example_short_circuit_operator to 2024-04-19T05:57:09.721871+00:00, run_after=2024-04-20T05:57:09.721871+00:00
[2024-04-20T05:57:10.452+0000] {processor.py:178} INFO - Processing /home/airflow/.local/lib/python3.7/site-packages/airflow/example_dags/example_short_circuit_operator.py took 0.861 seconds
[2024-04-20T05:57:41.198+0000] {processor.py:156} INFO - Started process (PID=684) to work on /home/airflow/.local/lib/python3.7/site-packages/airflow/example_dags/example_short_circuit_operator.py
[2024-04-20T05:57:41.199+0000] {processor.py:758} INFO - Processing file /home/airflow/.local/lib/python3.7/site-packages/airflow/example_dags/example_short_circuit_operator.py for tasks to queue
[2024-04-20T05:57:41.199+0000] {logging_mixin.py:117} INFO - [2024-04-20T05:57:41.199+0000] {dagbag.py:525} INFO - Filling up the DagBag from /home/airflow/.local/lib/python3.7/site-packages/airflow/example_dags/example_short_circuit_operator.py
[2024-04-20T05:57:41.220+0000] {processor.py:768} INFO - DAG(s) dict_keys(['example_short_circuit_operator']) retrieved from /home/airflow/.local/lib/python3.7/site-packages/airflow/example_dags/example_short_circuit_operator.py
[2024-04-20T05:57:41.272+0000] {logging_mixin.py:117} INFO - [2024-04-20T05:57:41.272+0000] {dag.py:2573} INFO - Sync 1 DAGs
[2024-04-20T05:57:41.447+0000] {logging_mixin.py:117} INFO - [2024-04-20T05:57:41.447+0000] {dag.py:3328} INFO - Setting next_dagrun for example_short_circuit_operator to 2024-04-19T05:57:41.447035+00:00, run_after=2024-04-20T05:57:41.447035+00:00
[2024-04-20T05:57:41.472+0000] {processor.py:178} INFO - Processing /home/airflow/.local/lib/python3.7/site-packages/airflow/example_dags/example_short_circuit_operator.py took 0.281 seconds
[2024-04-20T05:58:12.148+0000] {processor.py:156} INFO - Started process (PID=909) to work on /home/airflow/.local/lib/python3.7/site-packages/airflow/example_dags/example_short_circuit_operator.py
[2024-04-20T05:58:12.149+0000] {processor.py:758} INFO - Processing file /home/airflow/.local/lib/python3.7/site-packages/airflow/example_dags/example_short_circuit_operator.py for tasks to queue
[2024-04-20T05:58:12.151+0000] {logging_mixin.py:117} INFO - [2024-04-20T05:58:12.150+0000] {dagbag.py:525} INFO - Filling up the DagBag from /home/airflow/.local/lib/python3.7/site-packages/airflow/example_dags/example_short_circuit_operator.py
[2024-04-20T05:58:12.196+0000] {processor.py:768} INFO - DAG(s) dict_keys(['example_short_circuit_operator']) retrieved from /home/airflow/.local/lib/python3.7/site-packages/airflow/example_dags/example_short_circuit_operator.py
[2024-04-20T05:58:12.722+0000] {logging_mixin.py:117} INFO - [2024-04-20T05:58:12.722+0000] {dag.py:2573} INFO - Sync 1 DAGs
[2024-04-20T05:58:12.782+0000] {logging_mixin.py:117} INFO - [2024-04-20T05:58:12.782+0000] {dag.py:3328} INFO - Setting next_dagrun for example_short_circuit_operator to 2024-04-19T05:58:12.782158+00:00, run_after=2024-04-20T05:58:12.782158+00:00
[2024-04-20T05:58:12.850+0000] {processor.py:178} INFO - Processing /home/airflow/.local/lib/python3.7/site-packages/airflow/example_dags/example_short_circuit_operator.py took 0.711 seconds
[2024-04-20T05:58:43.157+0000] {processor.py:156} INFO - Started process (PID=1128) to work on /home/airflow/.local/lib/python3.7/site-packages/airflow/example_dags/example_short_circuit_operator.py
[2024-04-20T05:58:43.157+0000] {processor.py:758} INFO - Processing file /home/airflow/.local/lib/python3.7/site-packages/airflow/example_dags/example_short_circuit_operator.py for tasks to queue
[2024-04-20T05:58:43.158+0000] {logging_mixin.py:117} INFO - [2024-04-20T05:58:43.158+0000] {dagbag.py:525} INFO - Filling up the DagBag from /home/airflow/.local/lib/python3.7/site-packages/airflow/example_dags/example_short_circuit_operator.py
[2024-04-20T05:58:43.179+0000] {processor.py:768} INFO - DAG(s) dict_keys(['example_short_circuit_operator']) retrieved from /home/airflow/.local/lib/python3.7/site-packages/airflow/example_dags/example_short_circuit_operator.py
[2024-04-20T05:58:43.640+0000] {logging_mixin.py:117} INFO - [2024-04-20T05:58:43.640+0000] {dag.py:2573} INFO - Sync 1 DAGs
[2024-04-20T05:58:43.682+0000] {logging_mixin.py:117} INFO - [2024-04-20T05:58:43.682+0000] {dag.py:3328} INFO - Setting next_dagrun for example_short_circuit_operator to 2024-04-19T05:58:43.682031+00:00, run_after=2024-04-20T05:58:43.682031+00:00
[2024-04-20T05:58:43.730+0000] {processor.py:178} INFO - Processing /home/airflow/.local/lib/python3.7/site-packages/airflow/example_dags/example_short_circuit_operator.py took 0.577 seconds
[2024-04-20T05:59:13.943+0000] {processor.py:156} INFO - Started process (PID=1356) to work on /home/airflow/.local/lib/python3.7/site-packages/airflow/example_dags/example_short_circuit_operator.py
[2024-04-20T05:59:13.943+0000] {processor.py:758} INFO - Processing file /home/airflow/.local/lib/python3.7/site-packages/airflow/example_dags/example_short_circuit_operator.py for tasks to queue
[2024-04-20T05:59:13.944+0000] {logging_mixin.py:117} INFO - [2024-04-20T05:59:13.944+0000] {dagbag.py:525} INFO - Filling up the DagBag from /home/airflow/.local/lib/python3.7/site-packages/airflow/example_dags/example_short_circuit_operator.py
[2024-04-20T05:59:13.965+0000] {processor.py:768} INFO - DAG(s) dict_keys(['example_short_circuit_operator']) retrieved from /home/airflow/.local/lib/python3.7/site-packages/airflow/example_dags/example_short_circuit_operator.py
[2024-04-20T05:59:14.219+0000] {logging_mixin.py:117} INFO - [2024-04-20T05:59:14.219+0000] {dag.py:2573} INFO - Sync 1 DAGs
[2024-04-20T05:59:14.279+0000] {logging_mixin.py:117} INFO - [2024-04-20T05:59:14.279+0000] {dag.py:3328} INFO - Setting next_dagrun for example_short_circuit_operator to 2024-04-19T05:59:14.278947+00:00, run_after=2024-04-20T05:59:14.278947+00:00
[2024-04-20T05:59:14.357+0000] {processor.py:178} INFO - Processing /home/airflow/.local/lib/python3.7/site-packages/airflow/example_dags/example_short_circuit_operator.py took 0.418 seconds
[2024-04-20T05:59:44.517+0000] {processor.py:156} INFO - Started process (PID=1574) to work on /home/airflow/.local/lib/python3.7/site-packages/airflow/example_dags/example_short_circuit_operator.py
[2024-04-20T05:59:44.518+0000] {processor.py:758} INFO - Processing file /home/airflow/.local/lib/python3.7/site-packages/airflow/example_dags/example_short_circuit_operator.py for tasks to queue
[2024-04-20T05:59:44.519+0000] {logging_mixin.py:117} INFO - [2024-04-20T05:59:44.518+0000] {dagbag.py:525} INFO - Filling up the DagBag from /home/airflow/.local/lib/python3.7/site-packages/airflow/example_dags/example_short_circuit_operator.py
[2024-04-20T05:59:44.718+0000] {processor.py:768} INFO - DAG(s) dict_keys(['example_short_circuit_operator']) retrieved from /home/airflow/.local/lib/python3.7/site-packages/airflow/example_dags/example_short_circuit_operator.py
[2024-04-20T05:59:44.778+0000] {logging_mixin.py:117} INFO - [2024-04-20T05:59:44.778+0000] {dag.py:2573} INFO - Sync 1 DAGs
[2024-04-20T05:59:44.839+0000] {logging_mixin.py:117} INFO - [2024-04-20T05:59:44.838+0000] {dag.py:3328} INFO - Setting next_dagrun for example_short_circuit_operator to 2024-04-19T05:59:44.838587+00:00, run_after=2024-04-20T05:59:44.838587+00:00
[2024-04-20T05:59:44.902+0000] {processor.py:178} INFO - Processing /home/airflow/.local/lib/python3.7/site-packages/airflow/example_dags/example_short_circuit_operator.py took 0.388 seconds
[2024-04-20T06:00:15.788+0000] {processor.py:156} INFO - Started process (PID=1801) to work on /home/airflow/.local/lib/python3.7/site-packages/airflow/example_dags/example_short_circuit_operator.py
[2024-04-20T06:00:15.796+0000] {processor.py:758} INFO - Processing file /home/airflow/.local/lib/python3.7/site-packages/airflow/example_dags/example_short_circuit_operator.py for tasks to queue
[2024-04-20T06:00:15.801+0000] {logging_mixin.py:117} INFO - [2024-04-20T06:00:15.800+0000] {dagbag.py:525} INFO - Filling up the DagBag from /home/airflow/.local/lib/python3.7/site-packages/airflow/example_dags/example_short_circuit_operator.py
[2024-04-20T06:00:15.826+0000] {processor.py:768} INFO - DAG(s) dict_keys(['example_short_circuit_operator']) retrieved from /home/airflow/.local/lib/python3.7/site-packages/airflow/example_dags/example_short_circuit_operator.py
[2024-04-20T06:00:15.907+0000] {logging_mixin.py:117} INFO - [2024-04-20T06:00:15.907+0000] {dag.py:2573} INFO - Sync 1 DAGs
[2024-04-20T06:00:15.953+0000] {logging_mixin.py:117} INFO - [2024-04-20T06:00:15.953+0000] {dag.py:3328} INFO - Setting next_dagrun for example_short_circuit_operator to 2024-04-19T06:00:15.953240+00:00, run_after=2024-04-20T06:00:15.953240+00:00
[2024-04-20T06:00:15.979+0000] {processor.py:178} INFO - Processing /home/airflow/.local/lib/python3.7/site-packages/airflow/example_dags/example_short_circuit_operator.py took 0.195 seconds
[2024-04-20T06:00:46.054+0000] {processor.py:156} INFO - Started process (PID=2028) to work on /home/airflow/.local/lib/python3.7/site-packages/airflow/example_dags/example_short_circuit_operator.py
[2024-04-20T06:00:46.055+0000] {processor.py:758} INFO - Processing file /home/airflow/.local/lib/python3.7/site-packages/airflow/example_dags/example_short_circuit_operator.py for tasks to queue
[2024-04-20T06:00:46.055+0000] {logging_mixin.py:117} INFO - [2024-04-20T06:00:46.055+0000] {dagbag.py:525} INFO - Filling up the DagBag from /home/airflow/.local/lib/python3.7/site-packages/airflow/example_dags/example_short_circuit_operator.py
[2024-04-20T06:00:46.076+0000] {processor.py:768} INFO - DAG(s) dict_keys(['example_short_circuit_operator']) retrieved from /home/airflow/.local/lib/python3.7/site-packages/airflow/example_dags/example_short_circuit_operator.py
[2024-04-20T06:00:46.129+0000] {logging_mixin.py:117} INFO - [2024-04-20T06:00:46.128+0000] {dag.py:2573} INFO - Sync 1 DAGs
[2024-04-20T06:00:46.163+0000] {logging_mixin.py:117} INFO - [2024-04-20T06:00:46.163+0000] {dag.py:3328} INFO - Setting next_dagrun for example_short_circuit_operator to 2024-04-19T06:00:46.162828+00:00, run_after=2024-04-20T06:00:46.162828+00:00
[2024-04-20T06:00:46.192+0000] {processor.py:178} INFO - Processing /home/airflow/.local/lib/python3.7/site-packages/airflow/example_dags/example_short_circuit_operator.py took 0.142 seconds
[2024-04-20T06:01:16.649+0000] {processor.py:156} INFO - Started process (PID=2246) to work on /home/airflow/.local/lib/python3.7/site-packages/airflow/example_dags/example_short_circuit_operator.py
[2024-04-20T06:01:16.650+0000] {processor.py:758} INFO - Processing file /home/airflow/.local/lib/python3.7/site-packages/airflow/example_dags/example_short_circuit_operator.py for tasks to queue
[2024-04-20T06:01:16.650+0000] {logging_mixin.py:117} INFO - [2024-04-20T06:01:16.650+0000] {dagbag.py:525} INFO - Filling up the DagBag from /home/airflow/.local/lib/python3.7/site-packages/airflow/example_dags/example_short_circuit_operator.py
[2024-04-20T06:01:16.871+0000] {processor.py:768} INFO - DAG(s) dict_keys(['example_short_circuit_operator']) retrieved from /home/airflow/.local/lib/python3.7/site-packages/airflow/example_dags/example_short_circuit_operator.py
[2024-04-20T06:01:17.063+0000] {logging_mixin.py:117} INFO - [2024-04-20T06:01:17.063+0000] {dag.py:2573} INFO - Sync 1 DAGs
[2024-04-20T06:01:17.237+0000] {logging_mixin.py:117} INFO - [2024-04-20T06:01:17.237+0000] {dag.py:3328} INFO - Setting next_dagrun for example_short_circuit_operator to 2024-04-19T06:01:17.236972+00:00, run_after=2024-04-20T06:01:17.236972+00:00
[2024-04-20T06:01:17.384+0000] {processor.py:178} INFO - Processing /home/airflow/.local/lib/python3.7/site-packages/airflow/example_dags/example_short_circuit_operator.py took 0.749 seconds
[2024-04-20T06:01:48.249+0000] {processor.py:156} INFO - Started process (PID=2474) to work on /home/airflow/.local/lib/python3.7/site-packages/airflow/example_dags/example_short_circuit_operator.py
[2024-04-20T06:01:48.250+0000] {processor.py:758} INFO - Processing file /home/airflow/.local/lib/python3.7/site-packages/airflow/example_dags/example_short_circuit_operator.py for tasks to queue
[2024-04-20T06:01:48.251+0000] {logging_mixin.py:117} INFO - [2024-04-20T06:01:48.251+0000] {dagbag.py:525} INFO - Filling up the DagBag from /home/airflow/.local/lib/python3.7/site-packages/airflow/example_dags/example_short_circuit_operator.py
[2024-04-20T06:01:48.272+0000] {processor.py:768} INFO - DAG(s) dict_keys(['example_short_circuit_operator']) retrieved from /home/airflow/.local/lib/python3.7/site-packages/airflow/example_dags/example_short_circuit_operator.py
[2024-04-20T06:01:48.323+0000] {logging_mixin.py:117} INFO - [2024-04-20T06:01:48.322+0000] {dag.py:2573} INFO - Sync 1 DAGs
[2024-04-20T06:01:48.358+0000] {logging_mixin.py:117} INFO - [2024-04-20T06:01:48.358+0000] {dag.py:3328} INFO - Setting next_dagrun for example_short_circuit_operator to 2024-04-19T06:01:48.358502+00:00, run_after=2024-04-20T06:01:48.358502+00:00
[2024-04-20T06:01:48.386+0000] {processor.py:178} INFO - Processing /home/airflow/.local/lib/python3.7/site-packages/airflow/example_dags/example_short_circuit_operator.py took 0.139 seconds
[2024-04-20T06:02:18.492+0000] {processor.py:156} INFO - Started process (PID=2702) to work on /home/airflow/.local/lib/python3.7/site-packages/airflow/example_dags/example_short_circuit_operator.py
[2024-04-20T06:02:18.493+0000] {processor.py:758} INFO - Processing file /home/airflow/.local/lib/python3.7/site-packages/airflow/example_dags/example_short_circuit_operator.py for tasks to queue
[2024-04-20T06:02:18.493+0000] {logging_mixin.py:117} INFO - [2024-04-20T06:02:18.493+0000] {dagbag.py:525} INFO - Filling up the DagBag from /home/airflow/.local/lib/python3.7/site-packages/airflow/example_dags/example_short_circuit_operator.py
[2024-04-20T06:02:18.514+0000] {processor.py:768} INFO - DAG(s) dict_keys(['example_short_circuit_operator']) retrieved from /home/airflow/.local/lib/python3.7/site-packages/airflow/example_dags/example_short_circuit_operator.py
[2024-04-20T06:02:18.572+0000] {logging_mixin.py:117} INFO - [2024-04-20T06:02:18.572+0000] {dag.py:2573} INFO - Sync 1 DAGs
[2024-04-20T06:02:18.619+0000] {logging_mixin.py:117} INFO - [2024-04-20T06:02:18.619+0000] {dag.py:3328} INFO - Setting next_dagrun for example_short_circuit_operator to 2024-04-19T06:02:18.619144+00:00, run_after=2024-04-20T06:02:18.619144+00:00
[2024-04-20T06:02:18.649+0000] {processor.py:178} INFO - Processing /home/airflow/.local/lib/python3.7/site-packages/airflow/example_dags/example_short_circuit_operator.py took 0.160 seconds
[2024-04-20T06:02:48.772+0000] {processor.py:156} INFO - Started process (PID=2918) to work on /home/airflow/.local/lib/python3.7/site-packages/airflow/example_dags/example_short_circuit_operator.py
[2024-04-20T06:02:48.772+0000] {processor.py:758} INFO - Processing file /home/airflow/.local/lib/python3.7/site-packages/airflow/example_dags/example_short_circuit_operator.py for tasks to queue
[2024-04-20T06:02:48.773+0000] {logging_mixin.py:117} INFO - [2024-04-20T06:02:48.773+0000] {dagbag.py:525} INFO - Filling up the DagBag from /home/airflow/.local/lib/python3.7/site-packages/airflow/example_dags/example_short_circuit_operator.py
[2024-04-20T06:02:48.825+0000] {processor.py:768} INFO - DAG(s) dict_keys(['example_short_circuit_operator']) retrieved from /home/airflow/.local/lib/python3.7/site-packages/airflow/example_dags/example_short_circuit_operator.py
[2024-04-20T06:02:48.949+0000] {logging_mixin.py:117} INFO - [2024-04-20T06:02:48.949+0000] {dag.py:2573} INFO - Sync 1 DAGs
[2024-04-20T06:02:49.017+0000] {logging_mixin.py:117} INFO - [2024-04-20T06:02:49.017+0000] {dag.py:3328} INFO - Setting next_dagrun for example_short_circuit_operator to 2024-04-19T06:02:49.015447+00:00, run_after=2024-04-20T06:02:49.015447+00:00
[2024-04-20T06:02:49.128+0000] {processor.py:178} INFO - Processing /home/airflow/.local/lib/python3.7/site-packages/airflow/example_dags/example_short_circuit_operator.py took 0.368 seconds
[2024-04-20T06:03:19.247+0000] {processor.py:156} INFO - Started process (PID=3147) to work on /home/airflow/.local/lib/python3.7/site-packages/airflow/example_dags/example_short_circuit_operator.py
[2024-04-20T06:03:19.248+0000] {processor.py:758} INFO - Processing file /home/airflow/.local/lib/python3.7/site-packages/airflow/example_dags/example_short_circuit_operator.py for tasks to queue
[2024-04-20T06:03:19.248+0000] {logging_mixin.py:117} INFO - [2024-04-20T06:03:19.248+0000] {dagbag.py:525} INFO - Filling up the DagBag from /home/airflow/.local/lib/python3.7/site-packages/airflow/example_dags/example_short_circuit_operator.py
[2024-04-20T06:03:19.263+0000] {processor.py:768} INFO - DAG(s) dict_keys(['example_short_circuit_operator']) retrieved from /home/airflow/.local/lib/python3.7/site-packages/airflow/example_dags/example_short_circuit_operator.py
[2024-04-20T06:03:19.297+0000] {logging_mixin.py:117} INFO - [2024-04-20T06:03:19.297+0000] {dag.py:2573} INFO - Sync 1 DAGs
[2024-04-20T06:03:19.319+0000] {logging_mixin.py:117} INFO - [2024-04-20T06:03:19.318+0000] {dag.py:3328} INFO - Setting next_dagrun for example_short_circuit_operator to 2024-04-19T06:03:19.318668+00:00, run_after=2024-04-20T06:03:19.318668+00:00
[2024-04-20T06:03:19.338+0000] {processor.py:178} INFO - Processing /home/airflow/.local/lib/python3.7/site-packages/airflow/example_dags/example_short_circuit_operator.py took 0.094 seconds
