[2024-04-20T05:31:51.222+0000] {processor.py:156} INFO - Started process (PID=275) to work on /home/airflow/.local/lib/python3.7/site-packages/airflow/example_dags/example_sla_dag.py
[2024-04-20T05:31:51.225+0000] {processor.py:758} INFO - Processing file /home/airflow/.local/lib/python3.7/site-packages/airflow/example_dags/example_sla_dag.py for tasks to queue
[2024-04-20T05:31:51.226+0000] {logging_mixin.py:117} INFO - [2024-04-20T05:31:51.226+0000] {dagbag.py:525} INFO - Filling up the DagBag from /home/airflow/.local/lib/python3.7/site-packages/airflow/example_dags/example_sla_dag.py
[2024-04-20T05:31:51.305+0000] {processor.py:768} INFO - DAG(s) dict_keys(['example_sla_dag']) retrieved from /home/airflow/.local/lib/python3.7/site-packages/airflow/example_dags/example_sla_dag.py
[2024-04-20T05:31:52.223+0000] {logging_mixin.py:117} INFO - [2024-04-20T05:31:52.223+0000] {manager.py:507} INFO - Created Permission View: can delete on DAG:example_sla_dag
[2024-04-20T05:31:52.266+0000] {logging_mixin.py:117} INFO - [2024-04-20T05:31:52.265+0000] {manager.py:507} INFO - Created Permission View: can edit on DAG:example_sla_dag
[2024-04-20T05:31:52.286+0000] {logging_mixin.py:117} INFO - [2024-04-20T05:31:52.286+0000] {manager.py:507} INFO - Created Permission View: can read on DAG:example_sla_dag
[2024-04-20T05:31:52.289+0000] {logging_mixin.py:117} INFO - [2024-04-20T05:31:52.286+0000] {dag.py:2573} INFO - Sync 1 DAGs
[2024-04-20T05:31:52.329+0000] {logging_mixin.py:117} INFO - [2024-04-20T05:31:52.329+0000] {dag.py:2594} INFO - Creating ORM DAG for example_sla_dag
[2024-04-20T05:31:52.419+0000] {logging_mixin.py:117} INFO - [2024-04-20T05:31:52.401+0000] {dag.py:3328} INFO - Setting next_dagrun for example_sla_dag to 2024-04-20T05:28:00+00:00, run_after=2024-04-20T05:30:00+00:00
[2024-04-20T05:31:52.543+0000] {processor.py:178} INFO - Processing /home/airflow/.local/lib/python3.7/site-packages/airflow/example_dags/example_sla_dag.py took 1.330 seconds
[2024-04-20T05:32:23.553+0000] {processor.py:156} INFO - Started process (PID=492) to work on /home/airflow/.local/lib/python3.7/site-packages/airflow/example_dags/example_sla_dag.py
[2024-04-20T05:32:23.554+0000] {processor.py:758} INFO - Processing file /home/airflow/.local/lib/python3.7/site-packages/airflow/example_dags/example_sla_dag.py for tasks to queue
[2024-04-20T05:32:23.555+0000] {logging_mixin.py:117} INFO - [2024-04-20T05:32:23.555+0000] {dagbag.py:525} INFO - Filling up the DagBag from /home/airflow/.local/lib/python3.7/site-packages/airflow/example_dags/example_sla_dag.py
[2024-04-20T05:32:23.584+0000] {processor.py:768} INFO - DAG(s) dict_keys(['example_sla_dag']) retrieved from /home/airflow/.local/lib/python3.7/site-packages/airflow/example_dags/example_sla_dag.py
[2024-04-20T05:32:23.628+0000] {logging_mixin.py:117} INFO - [2024-04-20T05:32:23.628+0000] {dag.py:2573} INFO - Sync 1 DAGs
[2024-04-20T05:32:23.863+0000] {logging_mixin.py:117} INFO - [2024-04-20T05:32:23.863+0000] {dag.py:3328} INFO - Setting next_dagrun for example_sla_dag to 2024-04-20T05:30:00+00:00, run_after=2024-04-20T05:32:00+00:00
[2024-04-20T05:32:23.907+0000] {processor.py:178} INFO - Processing /home/airflow/.local/lib/python3.7/site-packages/airflow/example_dags/example_sla_dag.py took 0.365 seconds
[2024-04-20T05:32:54.106+0000] {processor.py:156} INFO - Started process (PID=715) to work on /home/airflow/.local/lib/python3.7/site-packages/airflow/example_dags/example_sla_dag.py
[2024-04-20T05:32:54.107+0000] {processor.py:758} INFO - Processing file /home/airflow/.local/lib/python3.7/site-packages/airflow/example_dags/example_sla_dag.py for tasks to queue
[2024-04-20T05:32:54.107+0000] {logging_mixin.py:117} INFO - [2024-04-20T05:32:54.107+0000] {dagbag.py:525} INFO - Filling up the DagBag from /home/airflow/.local/lib/python3.7/site-packages/airflow/example_dags/example_sla_dag.py
[2024-04-20T05:32:54.138+0000] {processor.py:768} INFO - DAG(s) dict_keys(['example_sla_dag']) retrieved from /home/airflow/.local/lib/python3.7/site-packages/airflow/example_dags/example_sla_dag.py
[2024-04-20T05:32:54.185+0000] {logging_mixin.py:117} INFO - [2024-04-20T05:32:54.185+0000] {dag.py:2573} INFO - Sync 1 DAGs
[2024-04-20T05:32:54.446+0000] {logging_mixin.py:117} INFO - [2024-04-20T05:32:54.445+0000] {dag.py:3328} INFO - Setting next_dagrun for example_sla_dag to 2024-04-20T05:30:00+00:00, run_after=2024-04-20T05:32:00+00:00
[2024-04-20T05:32:54.479+0000] {processor.py:178} INFO - Processing /home/airflow/.local/lib/python3.7/site-packages/airflow/example_dags/example_sla_dag.py took 0.377 seconds
[2024-04-20T05:33:25.184+0000] {processor.py:156} INFO - Started process (PID=929) to work on /home/airflow/.local/lib/python3.7/site-packages/airflow/example_dags/example_sla_dag.py
[2024-04-20T05:33:25.186+0000] {processor.py:758} INFO - Processing file /home/airflow/.local/lib/python3.7/site-packages/airflow/example_dags/example_sla_dag.py for tasks to queue
[2024-04-20T05:33:25.190+0000] {logging_mixin.py:117} INFO - [2024-04-20T05:33:25.190+0000] {dagbag.py:525} INFO - Filling up the DagBag from /home/airflow/.local/lib/python3.7/site-packages/airflow/example_dags/example_sla_dag.py
[2024-04-20T05:33:25.218+0000] {processor.py:768} INFO - DAG(s) dict_keys(['example_sla_dag']) retrieved from /home/airflow/.local/lib/python3.7/site-packages/airflow/example_dags/example_sla_dag.py
[2024-04-20T05:33:25.424+0000] {logging_mixin.py:117} INFO - [2024-04-20T05:33:25.424+0000] {dag.py:2573} INFO - Sync 1 DAGs
[2024-04-20T05:33:25.484+0000] {logging_mixin.py:117} INFO - [2024-04-20T05:33:25.483+0000] {dag.py:3328} INFO - Setting next_dagrun for example_sla_dag to 2024-04-20T05:30:00+00:00, run_after=2024-04-20T05:32:00+00:00
[2024-04-20T05:33:25.507+0000] {processor.py:178} INFO - Processing /home/airflow/.local/lib/python3.7/site-packages/airflow/example_dags/example_sla_dag.py took 0.333 seconds
[2024-04-20T05:33:55.957+0000] {processor.py:156} INFO - Started process (PID=1146) to work on /home/airflow/.local/lib/python3.7/site-packages/airflow/example_dags/example_sla_dag.py
[2024-04-20T05:33:55.957+0000] {processor.py:758} INFO - Processing file /home/airflow/.local/lib/python3.7/site-packages/airflow/example_dags/example_sla_dag.py for tasks to queue
[2024-04-20T05:33:55.958+0000] {logging_mixin.py:117} INFO - [2024-04-20T05:33:55.958+0000] {dagbag.py:525} INFO - Filling up the DagBag from /home/airflow/.local/lib/python3.7/site-packages/airflow/example_dags/example_sla_dag.py
[2024-04-20T05:33:55.986+0000] {processor.py:768} INFO - DAG(s) dict_keys(['example_sla_dag']) retrieved from /home/airflow/.local/lib/python3.7/site-packages/airflow/example_dags/example_sla_dag.py
[2024-04-20T05:33:56.185+0000] {logging_mixin.py:117} INFO - [2024-04-20T05:33:56.185+0000] {dag.py:2573} INFO - Sync 1 DAGs
[2024-04-20T05:33:56.228+0000] {logging_mixin.py:117} INFO - [2024-04-20T05:33:56.227+0000] {dag.py:3328} INFO - Setting next_dagrun for example_sla_dag to 2024-04-20T05:30:00+00:00, run_after=2024-04-20T05:32:00+00:00
[2024-04-20T05:33:56.256+0000] {processor.py:178} INFO - Processing /home/airflow/.local/lib/python3.7/site-packages/airflow/example_dags/example_sla_dag.py took 0.303 seconds
[2024-04-20T05:34:26.372+0000] {processor.py:156} INFO - Started process (PID=1357) to work on /home/airflow/.local/lib/python3.7/site-packages/airflow/example_dags/example_sla_dag.py
[2024-04-20T05:34:26.373+0000] {processor.py:758} INFO - Processing file /home/airflow/.local/lib/python3.7/site-packages/airflow/example_dags/example_sla_dag.py for tasks to queue
[2024-04-20T05:34:26.373+0000] {logging_mixin.py:117} INFO - [2024-04-20T05:34:26.373+0000] {dagbag.py:525} INFO - Filling up the DagBag from /home/airflow/.local/lib/python3.7/site-packages/airflow/example_dags/example_sla_dag.py
[2024-04-20T05:34:26.566+0000] {processor.py:768} INFO - DAG(s) dict_keys(['example_sla_dag']) retrieved from /home/airflow/.local/lib/python3.7/site-packages/airflow/example_dags/example_sla_dag.py
[2024-04-20T05:34:26.631+0000] {logging_mixin.py:117} INFO - [2024-04-20T05:34:26.630+0000] {dag.py:2573} INFO - Sync 1 DAGs
[2024-04-20T05:34:26.674+0000] {logging_mixin.py:117} INFO - [2024-04-20T05:34:26.674+0000] {dag.py:3328} INFO - Setting next_dagrun for example_sla_dag to 2024-04-20T05:32:00+00:00, run_after=2024-04-20T05:34:00+00:00
[2024-04-20T05:34:26.697+0000] {processor.py:178} INFO - Processing /home/airflow/.local/lib/python3.7/site-packages/airflow/example_dags/example_sla_dag.py took 0.330 seconds
[2024-04-20T05:34:56.972+0000] {processor.py:156} INFO - Started process (PID=1574) to work on /home/airflow/.local/lib/python3.7/site-packages/airflow/example_dags/example_sla_dag.py
[2024-04-20T05:34:56.974+0000] {processor.py:758} INFO - Processing file /home/airflow/.local/lib/python3.7/site-packages/airflow/example_dags/example_sla_dag.py for tasks to queue
[2024-04-20T05:34:56.974+0000] {logging_mixin.py:117} INFO - [2024-04-20T05:34:56.974+0000] {dagbag.py:525} INFO - Filling up the DagBag from /home/airflow/.local/lib/python3.7/site-packages/airflow/example_dags/example_sla_dag.py
[2024-04-20T05:34:57.008+0000] {processor.py:768} INFO - DAG(s) dict_keys(['example_sla_dag']) retrieved from /home/airflow/.local/lib/python3.7/site-packages/airflow/example_dags/example_sla_dag.py
[2024-04-20T05:34:57.058+0000] {logging_mixin.py:117} INFO - [2024-04-20T05:34:57.058+0000] {dag.py:2573} INFO - Sync 1 DAGs
[2024-04-20T05:34:57.092+0000] {logging_mixin.py:117} INFO - [2024-04-20T05:34:57.092+0000] {dag.py:3328} INFO - Setting next_dagrun for example_sla_dag to 2024-04-20T05:32:00+00:00, run_after=2024-04-20T05:34:00+00:00
[2024-04-20T05:34:57.115+0000] {processor.py:178} INFO - Processing /home/airflow/.local/lib/python3.7/site-packages/airflow/example_dags/example_sla_dag.py took 0.145 seconds
[2024-04-20T05:35:27.606+0000] {processor.py:156} INFO - Started process (PID=1784) to work on /home/airflow/.local/lib/python3.7/site-packages/airflow/example_dags/example_sla_dag.py
[2024-04-20T05:35:27.606+0000] {processor.py:758} INFO - Processing file /home/airflow/.local/lib/python3.7/site-packages/airflow/example_dags/example_sla_dag.py for tasks to queue
[2024-04-20T05:35:27.607+0000] {logging_mixin.py:117} INFO - [2024-04-20T05:35:27.607+0000] {dagbag.py:525} INFO - Filling up the DagBag from /home/airflow/.local/lib/python3.7/site-packages/airflow/example_dags/example_sla_dag.py
[2024-04-20T05:35:27.637+0000] {processor.py:768} INFO - DAG(s) dict_keys(['example_sla_dag']) retrieved from /home/airflow/.local/lib/python3.7/site-packages/airflow/example_dags/example_sla_dag.py
[2024-04-20T05:35:27.762+0000] {logging_mixin.py:117} INFO - [2024-04-20T05:35:27.762+0000] {dag.py:2573} INFO - Sync 1 DAGs
[2024-04-20T05:35:27.808+0000] {logging_mixin.py:117} INFO - [2024-04-20T05:35:27.807+0000] {dag.py:3328} INFO - Setting next_dagrun for example_sla_dag to 2024-04-20T05:32:00+00:00, run_after=2024-04-20T05:34:00+00:00
[2024-04-20T05:35:27.836+0000] {processor.py:178} INFO - Processing /home/airflow/.local/lib/python3.7/site-packages/airflow/example_dags/example_sla_dag.py took 0.233 seconds
[2024-04-20T05:35:58.391+0000] {processor.py:156} INFO - Started process (PID=1999) to work on /home/airflow/.local/lib/python3.7/site-packages/airflow/example_dags/example_sla_dag.py
[2024-04-20T05:35:58.391+0000] {processor.py:758} INFO - Processing file /home/airflow/.local/lib/python3.7/site-packages/airflow/example_dags/example_sla_dag.py for tasks to queue
[2024-04-20T05:35:58.394+0000] {logging_mixin.py:117} INFO - [2024-04-20T05:35:58.393+0000] {dagbag.py:525} INFO - Filling up the DagBag from /home/airflow/.local/lib/python3.7/site-packages/airflow/example_dags/example_sla_dag.py
[2024-04-20T05:35:58.421+0000] {processor.py:768} INFO - DAG(s) dict_keys(['example_sla_dag']) retrieved from /home/airflow/.local/lib/python3.7/site-packages/airflow/example_dags/example_sla_dag.py
[2024-04-20T05:35:58.468+0000] {logging_mixin.py:117} INFO - [2024-04-20T05:35:58.467+0000] {dag.py:2573} INFO - Sync 1 DAGs
[2024-04-20T05:35:58.505+0000] {logging_mixin.py:117} INFO - [2024-04-20T05:35:58.505+0000] {dag.py:3328} INFO - Setting next_dagrun for example_sla_dag to 2024-04-20T05:32:00+00:00, run_after=2024-04-20T05:34:00+00:00
[2024-04-20T05:35:58.530+0000] {processor.py:178} INFO - Processing /home/airflow/.local/lib/python3.7/site-packages/airflow/example_dags/example_sla_dag.py took 0.143 seconds
[2024-04-20T05:36:28.633+0000] {processor.py:156} INFO - Started process (PID=2205) to work on /home/airflow/.local/lib/python3.7/site-packages/airflow/example_dags/example_sla_dag.py
[2024-04-20T05:36:28.634+0000] {processor.py:758} INFO - Processing file /home/airflow/.local/lib/python3.7/site-packages/airflow/example_dags/example_sla_dag.py for tasks to queue
[2024-04-20T05:36:28.635+0000] {logging_mixin.py:117} INFO - [2024-04-20T05:36:28.635+0000] {dagbag.py:525} INFO - Filling up the DagBag from /home/airflow/.local/lib/python3.7/site-packages/airflow/example_dags/example_sla_dag.py
[2024-04-20T05:36:28.663+0000] {processor.py:768} INFO - DAG(s) dict_keys(['example_sla_dag']) retrieved from /home/airflow/.local/lib/python3.7/site-packages/airflow/example_dags/example_sla_dag.py
[2024-04-20T05:36:28.708+0000] {logging_mixin.py:117} INFO - [2024-04-20T05:36:28.708+0000] {dag.py:2573} INFO - Sync 1 DAGs
[2024-04-20T05:36:28.748+0000] {logging_mixin.py:117} INFO - [2024-04-20T05:36:28.748+0000] {dag.py:3328} INFO - Setting next_dagrun for example_sla_dag to 2024-04-20T05:34:00+00:00, run_after=2024-04-20T05:36:00+00:00
[2024-04-20T05:36:28.776+0000] {processor.py:178} INFO - Processing /home/airflow/.local/lib/python3.7/site-packages/airflow/example_dags/example_sla_dag.py took 0.146 seconds
[2024-04-20T05:36:59.139+0000] {processor.py:156} INFO - Started process (PID=2478) to work on /home/airflow/.local/lib/python3.7/site-packages/airflow/example_dags/example_sla_dag.py
[2024-04-20T05:36:59.140+0000] {processor.py:758} INFO - Processing file /home/airflow/.local/lib/python3.7/site-packages/airflow/example_dags/example_sla_dag.py for tasks to queue
[2024-04-20T05:36:59.140+0000] {logging_mixin.py:117} INFO - [2024-04-20T05:36:59.140+0000] {dagbag.py:525} INFO - Filling up the DagBag from /home/airflow/.local/lib/python3.7/site-packages/airflow/example_dags/example_sla_dag.py
[2024-04-20T05:36:59.170+0000] {processor.py:768} INFO - DAG(s) dict_keys(['example_sla_dag']) retrieved from /home/airflow/.local/lib/python3.7/site-packages/airflow/example_dags/example_sla_dag.py
[2024-04-20T05:36:59.225+0000] {logging_mixin.py:117} INFO - [2024-04-20T05:36:59.225+0000] {dag.py:2573} INFO - Sync 1 DAGs
[2024-04-20T05:36:59.263+0000] {logging_mixin.py:117} INFO - [2024-04-20T05:36:59.263+0000] {dag.py:3328} INFO - Setting next_dagrun for example_sla_dag to 2024-04-20T05:34:00+00:00, run_after=2024-04-20T05:36:00+00:00
[2024-04-20T05:36:59.286+0000] {processor.py:178} INFO - Processing /home/airflow/.local/lib/python3.7/site-packages/airflow/example_dags/example_sla_dag.py took 0.151 seconds
[2024-04-20T05:37:29.811+0000] {processor.py:156} INFO - Started process (PID=2751) to work on /home/airflow/.local/lib/python3.7/site-packages/airflow/example_dags/example_sla_dag.py
[2024-04-20T05:37:29.812+0000] {processor.py:758} INFO - Processing file /home/airflow/.local/lib/python3.7/site-packages/airflow/example_dags/example_sla_dag.py for tasks to queue
[2024-04-20T05:37:29.812+0000] {logging_mixin.py:117} INFO - [2024-04-20T05:37:29.812+0000] {dagbag.py:525} INFO - Filling up the DagBag from /home/airflow/.local/lib/python3.7/site-packages/airflow/example_dags/example_sla_dag.py
[2024-04-20T05:37:29.847+0000] {processor.py:768} INFO - DAG(s) dict_keys(['example_sla_dag']) retrieved from /home/airflow/.local/lib/python3.7/site-packages/airflow/example_dags/example_sla_dag.py
[2024-04-20T05:37:29.966+0000] {logging_mixin.py:117} INFO - [2024-04-20T05:37:29.966+0000] {dag.py:2573} INFO - Sync 1 DAGs
[2024-04-20T05:37:30.028+0000] {logging_mixin.py:117} INFO - [2024-04-20T05:37:30.028+0000] {dag.py:3328} INFO - Setting next_dagrun for example_sla_dag to 2024-04-20T05:34:00+00:00, run_after=2024-04-20T05:36:00+00:00
[2024-04-20T05:37:30.059+0000] {processor.py:178} INFO - Processing /home/airflow/.local/lib/python3.7/site-packages/airflow/example_dags/example_sla_dag.py took 0.252 seconds
[2024-04-20T05:38:00.533+0000] {processor.py:156} INFO - Started process (PID=2971) to work on /home/airflow/.local/lib/python3.7/site-packages/airflow/example_dags/example_sla_dag.py
[2024-04-20T05:38:00.534+0000] {processor.py:758} INFO - Processing file /home/airflow/.local/lib/python3.7/site-packages/airflow/example_dags/example_sla_dag.py for tasks to queue
[2024-04-20T05:38:00.534+0000] {logging_mixin.py:117} INFO - [2024-04-20T05:38:00.534+0000] {dagbag.py:525} INFO - Filling up the DagBag from /home/airflow/.local/lib/python3.7/site-packages/airflow/example_dags/example_sla_dag.py
[2024-04-20T05:38:00.561+0000] {processor.py:768} INFO - DAG(s) dict_keys(['example_sla_dag']) retrieved from /home/airflow/.local/lib/python3.7/site-packages/airflow/example_dags/example_sla_dag.py
[2024-04-20T05:38:00.606+0000] {logging_mixin.py:117} INFO - [2024-04-20T05:38:00.606+0000] {dag.py:2573} INFO - Sync 1 DAGs
[2024-04-20T05:38:00.644+0000] {logging_mixin.py:117} INFO - [2024-04-20T05:38:00.644+0000] {dag.py:3328} INFO - Setting next_dagrun for example_sla_dag to 2024-04-20T05:36:00+00:00, run_after=2024-04-20T05:38:00+00:00
[2024-04-20T05:38:00.668+0000] {processor.py:178} INFO - Processing /home/airflow/.local/lib/python3.7/site-packages/airflow/example_dags/example_sla_dag.py took 0.140 seconds
[2024-04-20T05:38:31.082+0000] {processor.py:156} INFO - Started process (PID=3200) to work on /home/airflow/.local/lib/python3.7/site-packages/airflow/example_dags/example_sla_dag.py
[2024-04-20T05:38:31.083+0000] {processor.py:758} INFO - Processing file /home/airflow/.local/lib/python3.7/site-packages/airflow/example_dags/example_sla_dag.py for tasks to queue
[2024-04-20T05:38:31.084+0000] {logging_mixin.py:117} INFO - [2024-04-20T05:38:31.083+0000] {dagbag.py:525} INFO - Filling up the DagBag from /home/airflow/.local/lib/python3.7/site-packages/airflow/example_dags/example_sla_dag.py
[2024-04-20T05:38:31.130+0000] {processor.py:768} INFO - DAG(s) dict_keys(['example_sla_dag']) retrieved from /home/airflow/.local/lib/python3.7/site-packages/airflow/example_dags/example_sla_dag.py
[2024-04-20T05:38:31.197+0000] {logging_mixin.py:117} INFO - [2024-04-20T05:38:31.197+0000] {dag.py:2573} INFO - Sync 1 DAGs
[2024-04-20T05:38:31.241+0000] {logging_mixin.py:117} INFO - [2024-04-20T05:38:31.241+0000] {dag.py:3328} INFO - Setting next_dagrun for example_sla_dag to 2024-04-20T05:36:00+00:00, run_after=2024-04-20T05:38:00+00:00
[2024-04-20T05:38:31.262+0000] {processor.py:178} INFO - Processing /home/airflow/.local/lib/python3.7/site-packages/airflow/example_dags/example_sla_dag.py took 0.183 seconds
[2024-04-20T05:39:02.179+0000] {processor.py:156} INFO - Started process (PID=3429) to work on /home/airflow/.local/lib/python3.7/site-packages/airflow/example_dags/example_sla_dag.py
[2024-04-20T05:39:02.179+0000] {processor.py:758} INFO - Processing file /home/airflow/.local/lib/python3.7/site-packages/airflow/example_dags/example_sla_dag.py for tasks to queue
[2024-04-20T05:39:02.180+0000] {logging_mixin.py:117} INFO - [2024-04-20T05:39:02.180+0000] {dagbag.py:525} INFO - Filling up the DagBag from /home/airflow/.local/lib/python3.7/site-packages/airflow/example_dags/example_sla_dag.py
[2024-04-20T05:39:02.207+0000] {processor.py:768} INFO - DAG(s) dict_keys(['example_sla_dag']) retrieved from /home/airflow/.local/lib/python3.7/site-packages/airflow/example_dags/example_sla_dag.py
[2024-04-20T05:39:02.270+0000] {logging_mixin.py:117} INFO - [2024-04-20T05:39:02.270+0000] {dag.py:2573} INFO - Sync 1 DAGs
[2024-04-20T05:39:02.306+0000] {logging_mixin.py:117} INFO - [2024-04-20T05:39:02.306+0000] {dag.py:3328} INFO - Setting next_dagrun for example_sla_dag to 2024-04-20T05:36:00+00:00, run_after=2024-04-20T05:38:00+00:00
[2024-04-20T05:39:02.335+0000] {processor.py:178} INFO - Processing /home/airflow/.local/lib/python3.7/site-packages/airflow/example_dags/example_sla_dag.py took 0.159 seconds
[2024-04-20T05:39:32.846+0000] {processor.py:156} INFO - Started process (PID=3664) to work on /home/airflow/.local/lib/python3.7/site-packages/airflow/example_dags/example_sla_dag.py
[2024-04-20T05:39:32.847+0000] {processor.py:758} INFO - Processing file /home/airflow/.local/lib/python3.7/site-packages/airflow/example_dags/example_sla_dag.py for tasks to queue
[2024-04-20T05:39:32.847+0000] {logging_mixin.py:117} INFO - [2024-04-20T05:39:32.847+0000] {dagbag.py:525} INFO - Filling up the DagBag from /home/airflow/.local/lib/python3.7/site-packages/airflow/example_dags/example_sla_dag.py
[2024-04-20T05:39:32.867+0000] {processor.py:768} INFO - DAG(s) dict_keys(['example_sla_dag']) retrieved from /home/airflow/.local/lib/python3.7/site-packages/airflow/example_dags/example_sla_dag.py
[2024-04-20T05:39:32.901+0000] {logging_mixin.py:117} INFO - [2024-04-20T05:39:32.900+0000] {dag.py:2573} INFO - Sync 1 DAGs
[2024-04-20T05:39:32.923+0000] {logging_mixin.py:117} INFO - [2024-04-20T05:39:32.923+0000] {dag.py:3328} INFO - Setting next_dagrun for example_sla_dag to 2024-04-20T05:36:00+00:00, run_after=2024-04-20T05:38:00+00:00
[2024-04-20T05:39:32.941+0000] {processor.py:178} INFO - Processing /home/airflow/.local/lib/python3.7/site-packages/airflow/example_dags/example_sla_dag.py took 0.097 seconds
[2024-04-20T05:40:03.175+0000] {processor.py:156} INFO - Started process (PID=3894) to work on /home/airflow/.local/lib/python3.7/site-packages/airflow/example_dags/example_sla_dag.py
[2024-04-20T05:40:03.176+0000] {processor.py:758} INFO - Processing file /home/airflow/.local/lib/python3.7/site-packages/airflow/example_dags/example_sla_dag.py for tasks to queue
[2024-04-20T05:40:03.176+0000] {logging_mixin.py:117} INFO - [2024-04-20T05:40:03.176+0000] {dagbag.py:525} INFO - Filling up the DagBag from /home/airflow/.local/lib/python3.7/site-packages/airflow/example_dags/example_sla_dag.py
[2024-04-20T05:40:03.203+0000] {processor.py:768} INFO - DAG(s) dict_keys(['example_sla_dag']) retrieved from /home/airflow/.local/lib/python3.7/site-packages/airflow/example_dags/example_sla_dag.py
[2024-04-20T05:40:03.249+0000] {logging_mixin.py:117} INFO - [2024-04-20T05:40:03.249+0000] {dag.py:2573} INFO - Sync 1 DAGs
[2024-04-20T05:40:03.288+0000] {logging_mixin.py:117} INFO - [2024-04-20T05:40:03.288+0000] {dag.py:3328} INFO - Setting next_dagrun for example_sla_dag to 2024-04-20T05:38:00+00:00, run_after=2024-04-20T05:40:00+00:00
[2024-04-20T05:40:03.313+0000] {processor.py:178} INFO - Processing /home/airflow/.local/lib/python3.7/site-packages/airflow/example_dags/example_sla_dag.py took 0.141 seconds
[2024-04-20T05:40:33.541+0000] {processor.py:156} INFO - Started process (PID=4111) to work on /home/airflow/.local/lib/python3.7/site-packages/airflow/example_dags/example_sla_dag.py
[2024-04-20T05:40:33.542+0000] {processor.py:758} INFO - Processing file /home/airflow/.local/lib/python3.7/site-packages/airflow/example_dags/example_sla_dag.py for tasks to queue
[2024-04-20T05:40:33.543+0000] {logging_mixin.py:117} INFO - [2024-04-20T05:40:33.542+0000] {dagbag.py:525} INFO - Filling up the DagBag from /home/airflow/.local/lib/python3.7/site-packages/airflow/example_dags/example_sla_dag.py
[2024-04-20T05:40:33.570+0000] {processor.py:768} INFO - DAG(s) dict_keys(['example_sla_dag']) retrieved from /home/airflow/.local/lib/python3.7/site-packages/airflow/example_dags/example_sla_dag.py
[2024-04-20T05:40:33.616+0000] {logging_mixin.py:117} INFO - [2024-04-20T05:40:33.616+0000] {dag.py:2573} INFO - Sync 1 DAGs
[2024-04-20T05:40:33.655+0000] {logging_mixin.py:117} INFO - [2024-04-20T05:40:33.655+0000] {dag.py:3328} INFO - Setting next_dagrun for example_sla_dag to 2024-04-20T05:38:00+00:00, run_after=2024-04-20T05:40:00+00:00
[2024-04-20T05:40:33.682+0000] {processor.py:178} INFO - Processing /home/airflow/.local/lib/python3.7/site-packages/airflow/example_dags/example_sla_dag.py took 0.144 seconds
[2024-04-20T05:41:04.050+0000] {processor.py:156} INFO - Started process (PID=4343) to work on /home/airflow/.local/lib/python3.7/site-packages/airflow/example_dags/example_sla_dag.py
[2024-04-20T05:41:04.051+0000] {processor.py:758} INFO - Processing file /home/airflow/.local/lib/python3.7/site-packages/airflow/example_dags/example_sla_dag.py for tasks to queue
[2024-04-20T05:41:04.052+0000] {logging_mixin.py:117} INFO - [2024-04-20T05:41:04.052+0000] {dagbag.py:525} INFO - Filling up the DagBag from /home/airflow/.local/lib/python3.7/site-packages/airflow/example_dags/example_sla_dag.py
[2024-04-20T05:41:04.080+0000] {processor.py:768} INFO - DAG(s) dict_keys(['example_sla_dag']) retrieved from /home/airflow/.local/lib/python3.7/site-packages/airflow/example_dags/example_sla_dag.py
[2024-04-20T05:41:04.134+0000] {logging_mixin.py:117} INFO - [2024-04-20T05:41:04.134+0000] {dag.py:2573} INFO - Sync 1 DAGs
[2024-04-20T05:41:04.204+0000] {logging_mixin.py:117} INFO - [2024-04-20T05:41:04.204+0000] {dag.py:3328} INFO - Setting next_dagrun for example_sla_dag to 2024-04-20T05:38:00+00:00, run_after=2024-04-20T05:40:00+00:00
[2024-04-20T05:41:04.237+0000] {processor.py:178} INFO - Processing /home/airflow/.local/lib/python3.7/site-packages/airflow/example_dags/example_sla_dag.py took 0.190 seconds
[2024-04-20T05:41:34.808+0000] {processor.py:156} INFO - Started process (PID=4571) to work on /home/airflow/.local/lib/python3.7/site-packages/airflow/example_dags/example_sla_dag.py
[2024-04-20T05:41:34.809+0000] {processor.py:758} INFO - Processing file /home/airflow/.local/lib/python3.7/site-packages/airflow/example_dags/example_sla_dag.py for tasks to queue
[2024-04-20T05:41:34.809+0000] {logging_mixin.py:117} INFO - [2024-04-20T05:41:34.809+0000] {dagbag.py:525} INFO - Filling up the DagBag from /home/airflow/.local/lib/python3.7/site-packages/airflow/example_dags/example_sla_dag.py
[2024-04-20T05:41:34.838+0000] {processor.py:768} INFO - DAG(s) dict_keys(['example_sla_dag']) retrieved from /home/airflow/.local/lib/python3.7/site-packages/airflow/example_dags/example_sla_dag.py
[2024-04-20T05:41:34.885+0000] {logging_mixin.py:117} INFO - [2024-04-20T05:41:34.885+0000] {dag.py:2573} INFO - Sync 1 DAGs
[2024-04-20T05:41:34.922+0000] {logging_mixin.py:117} INFO - [2024-04-20T05:41:34.921+0000] {dag.py:3328} INFO - Setting next_dagrun for example_sla_dag to 2024-04-20T05:38:00+00:00, run_after=2024-04-20T05:40:00+00:00
[2024-04-20T05:41:34.955+0000] {processor.py:178} INFO - Processing /home/airflow/.local/lib/python3.7/site-packages/airflow/example_dags/example_sla_dag.py took 0.150 seconds
[2024-04-20T05:42:05.743+0000] {processor.py:156} INFO - Started process (PID=4789) to work on /home/airflow/.local/lib/python3.7/site-packages/airflow/example_dags/example_sla_dag.py
[2024-04-20T05:42:05.743+0000] {processor.py:758} INFO - Processing file /home/airflow/.local/lib/python3.7/site-packages/airflow/example_dags/example_sla_dag.py for tasks to queue
[2024-04-20T05:42:05.744+0000] {logging_mixin.py:117} INFO - [2024-04-20T05:42:05.744+0000] {dagbag.py:525} INFO - Filling up the DagBag from /home/airflow/.local/lib/python3.7/site-packages/airflow/example_dags/example_sla_dag.py
[2024-04-20T05:42:05.771+0000] {processor.py:768} INFO - DAG(s) dict_keys(['example_sla_dag']) retrieved from /home/airflow/.local/lib/python3.7/site-packages/airflow/example_dags/example_sla_dag.py
[2024-04-20T05:42:05.831+0000] {logging_mixin.py:117} INFO - [2024-04-20T05:42:05.831+0000] {dag.py:2573} INFO - Sync 1 DAGs
[2024-04-20T05:42:05.882+0000] {logging_mixin.py:117} INFO - [2024-04-20T05:42:05.882+0000] {dag.py:3328} INFO - Setting next_dagrun for example_sla_dag to 2024-04-20T05:40:00+00:00, run_after=2024-04-20T05:42:00+00:00
[2024-04-20T05:42:05.919+0000] {processor.py:178} INFO - Processing /home/airflow/.local/lib/python3.7/site-packages/airflow/example_dags/example_sla_dag.py took 0.180 seconds
[2024-04-20T05:42:36.065+0000] {processor.py:156} INFO - Started process (PID=5070) to work on /home/airflow/.local/lib/python3.7/site-packages/airflow/example_dags/example_sla_dag.py
[2024-04-20T05:42:36.065+0000] {processor.py:758} INFO - Processing file /home/airflow/.local/lib/python3.7/site-packages/airflow/example_dags/example_sla_dag.py for tasks to queue
[2024-04-20T05:42:36.066+0000] {logging_mixin.py:117} INFO - [2024-04-20T05:42:36.066+0000] {dagbag.py:525} INFO - Filling up the DagBag from /home/airflow/.local/lib/python3.7/site-packages/airflow/example_dags/example_sla_dag.py
[2024-04-20T05:42:36.085+0000] {processor.py:768} INFO - DAG(s) dict_keys(['example_sla_dag']) retrieved from /home/airflow/.local/lib/python3.7/site-packages/airflow/example_dags/example_sla_dag.py
[2024-04-20T05:42:36.118+0000] {logging_mixin.py:117} INFO - [2024-04-20T05:42:36.117+0000] {dag.py:2573} INFO - Sync 1 DAGs
[2024-04-20T05:42:36.141+0000] {logging_mixin.py:117} INFO - [2024-04-20T05:42:36.141+0000] {dag.py:3328} INFO - Setting next_dagrun for example_sla_dag to 2024-04-20T05:40:00+00:00, run_after=2024-04-20T05:42:00+00:00
[2024-04-20T05:42:36.159+0000] {processor.py:178} INFO - Processing /home/airflow/.local/lib/python3.7/site-packages/airflow/example_dags/example_sla_dag.py took 0.097 seconds
[2024-04-20T05:43:06.377+0000] {processor.py:156} INFO - Started process (PID=5300) to work on /home/airflow/.local/lib/python3.7/site-packages/airflow/example_dags/example_sla_dag.py
[2024-04-20T05:43:06.378+0000] {processor.py:758} INFO - Processing file /home/airflow/.local/lib/python3.7/site-packages/airflow/example_dags/example_sla_dag.py for tasks to queue
[2024-04-20T05:43:06.379+0000] {logging_mixin.py:117} INFO - [2024-04-20T05:43:06.378+0000] {dagbag.py:525} INFO - Filling up the DagBag from /home/airflow/.local/lib/python3.7/site-packages/airflow/example_dags/example_sla_dag.py
[2024-04-20T05:43:06.406+0000] {processor.py:768} INFO - DAG(s) dict_keys(['example_sla_dag']) retrieved from /home/airflow/.local/lib/python3.7/site-packages/airflow/example_dags/example_sla_dag.py
[2024-04-20T05:43:06.454+0000] {logging_mixin.py:117} INFO - [2024-04-20T05:43:06.454+0000] {dag.py:2573} INFO - Sync 1 DAGs
[2024-04-20T05:43:06.495+0000] {logging_mixin.py:117} INFO - [2024-04-20T05:43:06.495+0000] {dag.py:3328} INFO - Setting next_dagrun for example_sla_dag to 2024-04-20T05:40:00+00:00, run_after=2024-04-20T05:42:00+00:00
[2024-04-20T05:43:06.519+0000] {processor.py:178} INFO - Processing /home/airflow/.local/lib/python3.7/site-packages/airflow/example_dags/example_sla_dag.py took 0.145 seconds
[2024-04-20T05:43:37.141+0000] {processor.py:156} INFO - Started process (PID=5559) to work on /home/airflow/.local/lib/python3.7/site-packages/airflow/example_dags/example_sla_dag.py
[2024-04-20T05:43:37.150+0000] {processor.py:758} INFO - Processing file /home/airflow/.local/lib/python3.7/site-packages/airflow/example_dags/example_sla_dag.py for tasks to queue
[2024-04-20T05:43:37.151+0000] {logging_mixin.py:117} INFO - [2024-04-20T05:43:37.151+0000] {dagbag.py:525} INFO - Filling up the DagBag from /home/airflow/.local/lib/python3.7/site-packages/airflow/example_dags/example_sla_dag.py
[2024-04-20T05:43:37.201+0000] {processor.py:768} INFO - DAG(s) dict_keys(['example_sla_dag']) retrieved from /home/airflow/.local/lib/python3.7/site-packages/airflow/example_dags/example_sla_dag.py
[2024-04-20T05:43:37.333+0000] {logging_mixin.py:117} INFO - [2024-04-20T05:43:37.333+0000] {dag.py:2573} INFO - Sync 1 DAGs
[2024-04-20T05:43:37.396+0000] {logging_mixin.py:117} INFO - [2024-04-20T05:43:37.396+0000] {dag.py:3328} INFO - Setting next_dagrun for example_sla_dag to 2024-04-20T05:40:00+00:00, run_after=2024-04-20T05:42:00+00:00
[2024-04-20T05:43:37.444+0000] {processor.py:178} INFO - Processing /home/airflow/.local/lib/python3.7/site-packages/airflow/example_dags/example_sla_dag.py took 0.307 seconds
[2024-04-20T05:44:07.557+0000] {processor.py:156} INFO - Started process (PID=5793) to work on /home/airflow/.local/lib/python3.7/site-packages/airflow/example_dags/example_sla_dag.py
[2024-04-20T05:44:07.557+0000] {processor.py:758} INFO - Processing file /home/airflow/.local/lib/python3.7/site-packages/airflow/example_dags/example_sla_dag.py for tasks to queue
[2024-04-20T05:44:07.558+0000] {logging_mixin.py:117} INFO - [2024-04-20T05:44:07.558+0000] {dagbag.py:525} INFO - Filling up the DagBag from /home/airflow/.local/lib/python3.7/site-packages/airflow/example_dags/example_sla_dag.py
[2024-04-20T05:44:07.578+0000] {processor.py:768} INFO - DAG(s) dict_keys(['example_sla_dag']) retrieved from /home/airflow/.local/lib/python3.7/site-packages/airflow/example_dags/example_sla_dag.py
[2024-04-20T05:44:07.613+0000] {logging_mixin.py:117} INFO - [2024-04-20T05:44:07.613+0000] {dag.py:2573} INFO - Sync 1 DAGs
[2024-04-20T05:44:07.637+0000] {logging_mixin.py:117} INFO - [2024-04-20T05:44:07.637+0000] {dag.py:3328} INFO - Setting next_dagrun for example_sla_dag to 2024-04-20T05:42:00+00:00, run_after=2024-04-20T05:44:00+00:00
[2024-04-20T05:44:07.656+0000] {processor.py:178} INFO - Processing /home/airflow/.local/lib/python3.7/site-packages/airflow/example_dags/example_sla_dag.py took 0.102 seconds
[2024-04-20T05:44:38.685+0000] {processor.py:156} INFO - Started process (PID=6050) to work on /home/airflow/.local/lib/python3.7/site-packages/airflow/example_dags/example_sla_dag.py
[2024-04-20T05:44:38.692+0000] {processor.py:758} INFO - Processing file /home/airflow/.local/lib/python3.7/site-packages/airflow/example_dags/example_sla_dag.py for tasks to queue
[2024-04-20T05:44:38.693+0000] {logging_mixin.py:117} INFO - [2024-04-20T05:44:38.693+0000] {dagbag.py:525} INFO - Filling up the DagBag from /home/airflow/.local/lib/python3.7/site-packages/airflow/example_dags/example_sla_dag.py
[2024-04-20T05:44:38.729+0000] {processor.py:768} INFO - DAG(s) dict_keys(['example_sla_dag']) retrieved from /home/airflow/.local/lib/python3.7/site-packages/airflow/example_dags/example_sla_dag.py
[2024-04-20T05:44:38.781+0000] {logging_mixin.py:117} INFO - [2024-04-20T05:44:38.781+0000] {dag.py:2573} INFO - Sync 1 DAGs
[2024-04-20T05:44:38.821+0000] {logging_mixin.py:117} INFO - [2024-04-20T05:44:38.821+0000] {dag.py:3328} INFO - Setting next_dagrun for example_sla_dag to 2024-04-20T05:42:00+00:00, run_after=2024-04-20T05:44:00+00:00
[2024-04-20T05:44:38.853+0000] {processor.py:178} INFO - Processing /home/airflow/.local/lib/python3.7/site-packages/airflow/example_dags/example_sla_dag.py took 0.171 seconds
[2024-04-20T05:45:09.154+0000] {processor.py:156} INFO - Started process (PID=6313) to work on /home/airflow/.local/lib/python3.7/site-packages/airflow/example_dags/example_sla_dag.py
[2024-04-20T05:45:09.154+0000] {processor.py:758} INFO - Processing file /home/airflow/.local/lib/python3.7/site-packages/airflow/example_dags/example_sla_dag.py for tasks to queue
[2024-04-20T05:45:09.155+0000] {logging_mixin.py:117} INFO - [2024-04-20T05:45:09.155+0000] {dagbag.py:525} INFO - Filling up the DagBag from /home/airflow/.local/lib/python3.7/site-packages/airflow/example_dags/example_sla_dag.py
[2024-04-20T05:45:09.175+0000] {processor.py:768} INFO - DAG(s) dict_keys(['example_sla_dag']) retrieved from /home/airflow/.local/lib/python3.7/site-packages/airflow/example_dags/example_sla_dag.py
[2024-04-20T05:45:09.208+0000] {logging_mixin.py:117} INFO - [2024-04-20T05:45:09.208+0000] {dag.py:2573} INFO - Sync 1 DAGs
[2024-04-20T05:45:09.230+0000] {logging_mixin.py:117} INFO - [2024-04-20T05:45:09.230+0000] {dag.py:3328} INFO - Setting next_dagrun for example_sla_dag to 2024-04-20T05:42:00+00:00, run_after=2024-04-20T05:44:00+00:00
[2024-04-20T05:45:09.248+0000] {processor.py:178} INFO - Processing /home/airflow/.local/lib/python3.7/site-packages/airflow/example_dags/example_sla_dag.py took 0.096 seconds
[2024-04-20T05:45:39.563+0000] {processor.py:156} INFO - Started process (PID=6578) to work on /home/airflow/.local/lib/python3.7/site-packages/airflow/example_dags/example_sla_dag.py
[2024-04-20T05:45:39.564+0000] {processor.py:758} INFO - Processing file /home/airflow/.local/lib/python3.7/site-packages/airflow/example_dags/example_sla_dag.py for tasks to queue
[2024-04-20T05:45:39.565+0000] {logging_mixin.py:117} INFO - [2024-04-20T05:45:39.565+0000] {dagbag.py:525} INFO - Filling up the DagBag from /home/airflow/.local/lib/python3.7/site-packages/airflow/example_dags/example_sla_dag.py
[2024-04-20T05:45:39.593+0000] {processor.py:768} INFO - DAG(s) dict_keys(['example_sla_dag']) retrieved from /home/airflow/.local/lib/python3.7/site-packages/airflow/example_dags/example_sla_dag.py
[2024-04-20T05:45:39.641+0000] {logging_mixin.py:117} INFO - [2024-04-20T05:45:39.641+0000] {dag.py:2573} INFO - Sync 1 DAGs
[2024-04-20T05:45:39.677+0000] {logging_mixin.py:117} INFO - [2024-04-20T05:45:39.677+0000] {dag.py:3328} INFO - Setting next_dagrun for example_sla_dag to 2024-04-20T05:42:00+00:00, run_after=2024-04-20T05:44:00+00:00
[2024-04-20T05:45:39.712+0000] {processor.py:178} INFO - Processing /home/airflow/.local/lib/python3.7/site-packages/airflow/example_dags/example_sla_dag.py took 0.152 seconds
[2024-04-20T05:46:10.720+0000] {processor.py:156} INFO - Started process (PID=6838) to work on /home/airflow/.local/lib/python3.7/site-packages/airflow/example_dags/example_sla_dag.py
[2024-04-20T05:46:10.720+0000] {processor.py:758} INFO - Processing file /home/airflow/.local/lib/python3.7/site-packages/airflow/example_dags/example_sla_dag.py for tasks to queue
[2024-04-20T05:46:10.721+0000] {logging_mixin.py:117} INFO - [2024-04-20T05:46:10.721+0000] {dagbag.py:525} INFO - Filling up the DagBag from /home/airflow/.local/lib/python3.7/site-packages/airflow/example_dags/example_sla_dag.py
[2024-04-20T05:46:10.779+0000] {processor.py:768} INFO - DAG(s) dict_keys(['example_sla_dag']) retrieved from /home/airflow/.local/lib/python3.7/site-packages/airflow/example_dags/example_sla_dag.py
[2024-04-20T05:46:10.878+0000] {logging_mixin.py:117} INFO - [2024-04-20T05:46:10.877+0000] {dag.py:2573} INFO - Sync 1 DAGs
[2024-04-20T05:46:10.945+0000] {logging_mixin.py:117} INFO - [2024-04-20T05:46:10.945+0000] {dag.py:3328} INFO - Setting next_dagrun for example_sla_dag to 2024-04-20T05:44:00+00:00, run_after=2024-04-20T05:46:00+00:00
[2024-04-20T05:46:11.062+0000] {processor.py:178} INFO - Processing /home/airflow/.local/lib/python3.7/site-packages/airflow/example_dags/example_sla_dag.py took 0.346 seconds
[2024-04-20T05:46:41.542+0000] {processor.py:156} INFO - Started process (PID=7084) to work on /home/airflow/.local/lib/python3.7/site-packages/airflow/example_dags/example_sla_dag.py
[2024-04-20T05:46:41.543+0000] {processor.py:758} INFO - Processing file /home/airflow/.local/lib/python3.7/site-packages/airflow/example_dags/example_sla_dag.py for tasks to queue
[2024-04-20T05:46:41.543+0000] {logging_mixin.py:117} INFO - [2024-04-20T05:46:41.543+0000] {dagbag.py:525} INFO - Filling up the DagBag from /home/airflow/.local/lib/python3.7/site-packages/airflow/example_dags/example_sla_dag.py
[2024-04-20T05:46:41.575+0000] {processor.py:768} INFO - DAG(s) dict_keys(['example_sla_dag']) retrieved from /home/airflow/.local/lib/python3.7/site-packages/airflow/example_dags/example_sla_dag.py
[2024-04-20T05:46:41.623+0000] {logging_mixin.py:117} INFO - [2024-04-20T05:46:41.623+0000] {dag.py:2573} INFO - Sync 1 DAGs
[2024-04-20T05:46:41.669+0000] {logging_mixin.py:117} INFO - [2024-04-20T05:46:41.669+0000] {dag.py:3328} INFO - Setting next_dagrun for example_sla_dag to 2024-04-20T05:44:00+00:00, run_after=2024-04-20T05:46:00+00:00
[2024-04-20T05:46:41.693+0000] {processor.py:178} INFO - Processing /home/airflow/.local/lib/python3.7/site-packages/airflow/example_dags/example_sla_dag.py took 0.154 seconds
[2024-04-20T05:47:12.120+0000] {processor.py:156} INFO - Started process (PID=7332) to work on /home/airflow/.local/lib/python3.7/site-packages/airflow/example_dags/example_sla_dag.py
[2024-04-20T05:47:12.120+0000] {processor.py:758} INFO - Processing file /home/airflow/.local/lib/python3.7/site-packages/airflow/example_dags/example_sla_dag.py for tasks to queue
[2024-04-20T05:47:12.121+0000] {logging_mixin.py:117} INFO - [2024-04-20T05:47:12.121+0000] {dagbag.py:525} INFO - Filling up the DagBag from /home/airflow/.local/lib/python3.7/site-packages/airflow/example_dags/example_sla_dag.py
[2024-04-20T05:47:12.152+0000] {processor.py:768} INFO - DAG(s) dict_keys(['example_sla_dag']) retrieved from /home/airflow/.local/lib/python3.7/site-packages/airflow/example_dags/example_sla_dag.py
[2024-04-20T05:47:12.201+0000] {logging_mixin.py:117} INFO - [2024-04-20T05:47:12.201+0000] {dag.py:2573} INFO - Sync 1 DAGs
[2024-04-20T05:47:12.234+0000] {logging_mixin.py:117} INFO - [2024-04-20T05:47:12.234+0000] {dag.py:3328} INFO - Setting next_dagrun for example_sla_dag to 2024-04-20T05:44:00+00:00, run_after=2024-04-20T05:46:00+00:00
[2024-04-20T05:47:12.260+0000] {processor.py:178} INFO - Processing /home/airflow/.local/lib/python3.7/site-packages/airflow/example_dags/example_sla_dag.py took 0.144 seconds
[2024-04-20T05:47:43.123+0000] {processor.py:156} INFO - Started process (PID=7594) to work on /home/airflow/.local/lib/python3.7/site-packages/airflow/example_dags/example_sla_dag.py
[2024-04-20T05:47:43.124+0000] {processor.py:758} INFO - Processing file /home/airflow/.local/lib/python3.7/site-packages/airflow/example_dags/example_sla_dag.py for tasks to queue
[2024-04-20T05:47:43.124+0000] {logging_mixin.py:117} INFO - [2024-04-20T05:47:43.124+0000] {dagbag.py:525} INFO - Filling up the DagBag from /home/airflow/.local/lib/python3.7/site-packages/airflow/example_dags/example_sla_dag.py
[2024-04-20T05:47:43.177+0000] {processor.py:768} INFO - DAG(s) dict_keys(['example_sla_dag']) retrieved from /home/airflow/.local/lib/python3.7/site-packages/airflow/example_dags/example_sla_dag.py
[2024-04-20T05:47:43.268+0000] {logging_mixin.py:117} INFO - [2024-04-20T05:47:43.267+0000] {dag.py:2573} INFO - Sync 1 DAGs
[2024-04-20T05:47:43.324+0000] {logging_mixin.py:117} INFO - [2024-04-20T05:47:43.323+0000] {dag.py:3328} INFO - Setting next_dagrun for example_sla_dag to 2024-04-20T05:44:00+00:00, run_after=2024-04-20T05:46:00+00:00
[2024-04-20T05:47:43.374+0000] {processor.py:178} INFO - Processing /home/airflow/.local/lib/python3.7/site-packages/airflow/example_dags/example_sla_dag.py took 0.256 seconds
[2024-04-20T05:48:13.673+0000] {processor.py:156} INFO - Started process (PID=7845) to work on /home/airflow/.local/lib/python3.7/site-packages/airflow/example_dags/example_sla_dag.py
[2024-04-20T05:48:13.674+0000] {processor.py:758} INFO - Processing file /home/airflow/.local/lib/python3.7/site-packages/airflow/example_dags/example_sla_dag.py for tasks to queue
[2024-04-20T05:48:13.675+0000] {logging_mixin.py:117} INFO - [2024-04-20T05:48:13.675+0000] {dagbag.py:525} INFO - Filling up the DagBag from /home/airflow/.local/lib/python3.7/site-packages/airflow/example_dags/example_sla_dag.py
[2024-04-20T05:48:13.703+0000] {processor.py:768} INFO - DAG(s) dict_keys(['example_sla_dag']) retrieved from /home/airflow/.local/lib/python3.7/site-packages/airflow/example_dags/example_sla_dag.py
[2024-04-20T05:48:13.778+0000] {logging_mixin.py:117} INFO - [2024-04-20T05:48:13.778+0000] {dag.py:2573} INFO - Sync 1 DAGs
[2024-04-20T05:48:13.837+0000] {logging_mixin.py:117} INFO - [2024-04-20T05:48:13.837+0000] {dag.py:3328} INFO - Setting next_dagrun for example_sla_dag to 2024-04-20T05:46:00+00:00, run_after=2024-04-20T05:48:00+00:00
[2024-04-20T05:48:13.861+0000] {processor.py:178} INFO - Processing /home/airflow/.local/lib/python3.7/site-packages/airflow/example_dags/example_sla_dag.py took 0.192 seconds
[2024-04-20T05:48:44.006+0000] {processor.py:156} INFO - Started process (PID=8072) to work on /home/airflow/.local/lib/python3.7/site-packages/airflow/example_dags/example_sla_dag.py
[2024-04-20T05:48:44.007+0000] {processor.py:758} INFO - Processing file /home/airflow/.local/lib/python3.7/site-packages/airflow/example_dags/example_sla_dag.py for tasks to queue
[2024-04-20T05:48:44.007+0000] {logging_mixin.py:117} INFO - [2024-04-20T05:48:44.007+0000] {dagbag.py:525} INFO - Filling up the DagBag from /home/airflow/.local/lib/python3.7/site-packages/airflow/example_dags/example_sla_dag.py
[2024-04-20T05:48:44.037+0000] {processor.py:768} INFO - DAG(s) dict_keys(['example_sla_dag']) retrieved from /home/airflow/.local/lib/python3.7/site-packages/airflow/example_dags/example_sla_dag.py
[2024-04-20T05:48:44.086+0000] {logging_mixin.py:117} INFO - [2024-04-20T05:48:44.086+0000] {dag.py:2573} INFO - Sync 1 DAGs
[2024-04-20T05:48:44.119+0000] {logging_mixin.py:117} INFO - [2024-04-20T05:48:44.119+0000] {dag.py:3328} INFO - Setting next_dagrun for example_sla_dag to 2024-04-20T05:46:00+00:00, run_after=2024-04-20T05:48:00+00:00
[2024-04-20T05:48:44.141+0000] {processor.py:178} INFO - Processing /home/airflow/.local/lib/python3.7/site-packages/airflow/example_dags/example_sla_dag.py took 0.138 seconds
[2024-04-20T05:49:14.473+0000] {processor.py:156} INFO - Started process (PID=8307) to work on /home/airflow/.local/lib/python3.7/site-packages/airflow/example_dags/example_sla_dag.py
[2024-04-20T05:49:14.473+0000] {processor.py:758} INFO - Processing file /home/airflow/.local/lib/python3.7/site-packages/airflow/example_dags/example_sla_dag.py for tasks to queue
[2024-04-20T05:49:14.474+0000] {logging_mixin.py:117} INFO - [2024-04-20T05:49:14.474+0000] {dagbag.py:525} INFO - Filling up the DagBag from /home/airflow/.local/lib/python3.7/site-packages/airflow/example_dags/example_sla_dag.py
[2024-04-20T05:49:14.504+0000] {processor.py:768} INFO - DAG(s) dict_keys(['example_sla_dag']) retrieved from /home/airflow/.local/lib/python3.7/site-packages/airflow/example_dags/example_sla_dag.py
[2024-04-20T05:49:14.565+0000] {logging_mixin.py:117} INFO - [2024-04-20T05:49:14.564+0000] {dag.py:2573} INFO - Sync 1 DAGs
[2024-04-20T05:49:14.644+0000] {logging_mixin.py:117} INFO - [2024-04-20T05:49:14.643+0000] {dag.py:3328} INFO - Setting next_dagrun for example_sla_dag to 2024-04-20T05:46:00+00:00, run_after=2024-04-20T05:48:00+00:00
[2024-04-20T05:49:14.694+0000] {processor.py:178} INFO - Processing /home/airflow/.local/lib/python3.7/site-packages/airflow/example_dags/example_sla_dag.py took 0.224 seconds
[2024-04-20T05:49:44.971+0000] {processor.py:156} INFO - Started process (PID=8548) to work on /home/airflow/.local/lib/python3.7/site-packages/airflow/example_dags/example_sla_dag.py
[2024-04-20T05:49:44.972+0000] {processor.py:758} INFO - Processing file /home/airflow/.local/lib/python3.7/site-packages/airflow/example_dags/example_sla_dag.py for tasks to queue
[2024-04-20T05:49:44.972+0000] {logging_mixin.py:117} INFO - [2024-04-20T05:49:44.972+0000] {dagbag.py:525} INFO - Filling up the DagBag from /home/airflow/.local/lib/python3.7/site-packages/airflow/example_dags/example_sla_dag.py
[2024-04-20T05:49:44.996+0000] {processor.py:768} INFO - DAG(s) dict_keys(['example_sla_dag']) retrieved from /home/airflow/.local/lib/python3.7/site-packages/airflow/example_dags/example_sla_dag.py
[2024-04-20T05:49:45.030+0000] {logging_mixin.py:117} INFO - [2024-04-20T05:49:45.030+0000] {dag.py:2573} INFO - Sync 1 DAGs
[2024-04-20T05:49:45.053+0000] {logging_mixin.py:117} INFO - [2024-04-20T05:49:45.053+0000] {dag.py:3328} INFO - Setting next_dagrun for example_sla_dag to 2024-04-20T05:46:00+00:00, run_after=2024-04-20T05:48:00+00:00
[2024-04-20T05:49:45.072+0000] {processor.py:178} INFO - Processing /home/airflow/.local/lib/python3.7/site-packages/airflow/example_dags/example_sla_dag.py took 0.103 seconds
[2024-04-20T05:50:15.794+0000] {processor.py:156} INFO - Started process (PID=8791) to work on /home/airflow/.local/lib/python3.7/site-packages/airflow/example_dags/example_sla_dag.py
[2024-04-20T05:50:15.794+0000] {processor.py:758} INFO - Processing file /home/airflow/.local/lib/python3.7/site-packages/airflow/example_dags/example_sla_dag.py for tasks to queue
[2024-04-20T05:50:15.795+0000] {logging_mixin.py:117} INFO - [2024-04-20T05:50:15.795+0000] {dagbag.py:525} INFO - Filling up the DagBag from /home/airflow/.local/lib/python3.7/site-packages/airflow/example_dags/example_sla_dag.py
[2024-04-20T05:50:15.844+0000] {processor.py:768} INFO - DAG(s) dict_keys(['example_sla_dag']) retrieved from /home/airflow/.local/lib/python3.7/site-packages/airflow/example_dags/example_sla_dag.py
[2024-04-20T05:50:15.891+0000] {logging_mixin.py:117} INFO - [2024-04-20T05:50:15.891+0000] {dag.py:2573} INFO - Sync 1 DAGs
[2024-04-20T05:50:15.930+0000] {logging_mixin.py:117} INFO - [2024-04-20T05:50:15.930+0000] {dag.py:3328} INFO - Setting next_dagrun for example_sla_dag to 2024-04-20T05:48:00+00:00, run_after=2024-04-20T05:50:00+00:00
[2024-04-20T05:50:15.956+0000] {processor.py:178} INFO - Processing /home/airflow/.local/lib/python3.7/site-packages/airflow/example_dags/example_sla_dag.py took 0.166 seconds
[2024-04-20T05:50:46.676+0000] {processor.py:156} INFO - Started process (PID=9019) to work on /home/airflow/.local/lib/python3.7/site-packages/airflow/example_dags/example_sla_dag.py
[2024-04-20T05:50:46.677+0000] {processor.py:758} INFO - Processing file /home/airflow/.local/lib/python3.7/site-packages/airflow/example_dags/example_sla_dag.py for tasks to queue
[2024-04-20T05:50:46.677+0000] {logging_mixin.py:117} INFO - [2024-04-20T05:50:46.677+0000] {dagbag.py:525} INFO - Filling up the DagBag from /home/airflow/.local/lib/python3.7/site-packages/airflow/example_dags/example_sla_dag.py
[2024-04-20T05:50:46.739+0000] {processor.py:768} INFO - DAG(s) dict_keys(['example_sla_dag']) retrieved from /home/airflow/.local/lib/python3.7/site-packages/airflow/example_dags/example_sla_dag.py
[2024-04-20T05:50:46.806+0000] {logging_mixin.py:117} INFO - [2024-04-20T05:50:46.805+0000] {dag.py:2573} INFO - Sync 1 DAGs
[2024-04-20T05:50:46.844+0000] {logging_mixin.py:117} INFO - [2024-04-20T05:50:46.844+0000] {dag.py:3328} INFO - Setting next_dagrun for example_sla_dag to 2024-04-20T05:48:00+00:00, run_after=2024-04-20T05:50:00+00:00
[2024-04-20T05:50:46.871+0000] {processor.py:178} INFO - Processing /home/airflow/.local/lib/python3.7/site-packages/airflow/example_dags/example_sla_dag.py took 0.198 seconds
[2024-04-20T05:51:17.241+0000] {processor.py:156} INFO - Started process (PID=9238) to work on /home/airflow/.local/lib/python3.7/site-packages/airflow/example_dags/example_sla_dag.py
[2024-04-20T05:51:17.241+0000] {processor.py:758} INFO - Processing file /home/airflow/.local/lib/python3.7/site-packages/airflow/example_dags/example_sla_dag.py for tasks to queue
[2024-04-20T05:51:17.242+0000] {logging_mixin.py:117} INFO - [2024-04-20T05:51:17.242+0000] {dagbag.py:525} INFO - Filling up the DagBag from /home/airflow/.local/lib/python3.7/site-packages/airflow/example_dags/example_sla_dag.py
[2024-04-20T05:51:17.276+0000] {processor.py:768} INFO - DAG(s) dict_keys(['example_sla_dag']) retrieved from /home/airflow/.local/lib/python3.7/site-packages/airflow/example_dags/example_sla_dag.py
[2024-04-20T05:51:17.322+0000] {logging_mixin.py:117} INFO - [2024-04-20T05:51:17.322+0000] {dag.py:2573} INFO - Sync 1 DAGs
[2024-04-20T05:51:17.358+0000] {logging_mixin.py:117} INFO - [2024-04-20T05:51:17.358+0000] {dag.py:3328} INFO - Setting next_dagrun for example_sla_dag to 2024-04-20T05:48:00+00:00, run_after=2024-04-20T05:50:00+00:00
[2024-04-20T05:51:17.387+0000] {processor.py:178} INFO - Processing /home/airflow/.local/lib/python3.7/site-packages/airflow/example_dags/example_sla_dag.py took 0.150 seconds
[2024-04-20T05:51:47.676+0000] {processor.py:156} INFO - Started process (PID=9473) to work on /home/airflow/.local/lib/python3.7/site-packages/airflow/example_dags/example_sla_dag.py
[2024-04-20T05:51:47.677+0000] {processor.py:758} INFO - Processing file /home/airflow/.local/lib/python3.7/site-packages/airflow/example_dags/example_sla_dag.py for tasks to queue
[2024-04-20T05:51:47.677+0000] {logging_mixin.py:117} INFO - [2024-04-20T05:51:47.677+0000] {dagbag.py:525} INFO - Filling up the DagBag from /home/airflow/.local/lib/python3.7/site-packages/airflow/example_dags/example_sla_dag.py
[2024-04-20T05:51:47.705+0000] {processor.py:768} INFO - DAG(s) dict_keys(['example_sla_dag']) retrieved from /home/airflow/.local/lib/python3.7/site-packages/airflow/example_dags/example_sla_dag.py
[2024-04-20T05:51:47.754+0000] {logging_mixin.py:117} INFO - [2024-04-20T05:51:47.753+0000] {dag.py:2573} INFO - Sync 1 DAGs
[2024-04-20T05:51:47.792+0000] {logging_mixin.py:117} INFO - [2024-04-20T05:51:47.792+0000] {dag.py:3328} INFO - Setting next_dagrun for example_sla_dag to 2024-04-20T05:48:00+00:00, run_after=2024-04-20T05:50:00+00:00
[2024-04-20T05:51:47.815+0000] {processor.py:178} INFO - Processing /home/airflow/.local/lib/python3.7/site-packages/airflow/example_dags/example_sla_dag.py took 0.143 seconds
[2024-04-20T05:52:18.483+0000] {processor.py:156} INFO - Started process (PID=9692) to work on /home/airflow/.local/lib/python3.7/site-packages/airflow/example_dags/example_sla_dag.py
[2024-04-20T05:52:18.483+0000] {processor.py:758} INFO - Processing file /home/airflow/.local/lib/python3.7/site-packages/airflow/example_dags/example_sla_dag.py for tasks to queue
[2024-04-20T05:52:18.484+0000] {logging_mixin.py:117} INFO - [2024-04-20T05:52:18.484+0000] {dagbag.py:525} INFO - Filling up the DagBag from /home/airflow/.local/lib/python3.7/site-packages/airflow/example_dags/example_sla_dag.py
[2024-04-20T05:52:18.510+0000] {processor.py:768} INFO - DAG(s) dict_keys(['example_sla_dag']) retrieved from /home/airflow/.local/lib/python3.7/site-packages/airflow/example_dags/example_sla_dag.py
[2024-04-20T05:52:18.609+0000] {logging_mixin.py:117} INFO - [2024-04-20T05:52:18.608+0000] {dag.py:2573} INFO - Sync 1 DAGs
[2024-04-20T05:52:18.717+0000] {logging_mixin.py:117} INFO - [2024-04-20T05:52:18.717+0000] {dag.py:3328} INFO - Setting next_dagrun for example_sla_dag to 2024-04-20T05:50:00+00:00, run_after=2024-04-20T05:52:00+00:00
[2024-04-20T05:52:18.768+0000] {processor.py:178} INFO - Processing /home/airflow/.local/lib/python3.7/site-packages/airflow/example_dags/example_sla_dag.py took 0.289 seconds
[2024-04-20T05:52:48.906+0000] {processor.py:156} INFO - Started process (PID=9919) to work on /home/airflow/.local/lib/python3.7/site-packages/airflow/example_dags/example_sla_dag.py
[2024-04-20T05:52:48.907+0000] {processor.py:758} INFO - Processing file /home/airflow/.local/lib/python3.7/site-packages/airflow/example_dags/example_sla_dag.py for tasks to queue
[2024-04-20T05:52:48.907+0000] {logging_mixin.py:117} INFO - [2024-04-20T05:52:48.907+0000] {dagbag.py:525} INFO - Filling up the DagBag from /home/airflow/.local/lib/python3.7/site-packages/airflow/example_dags/example_sla_dag.py
[2024-04-20T05:52:48.935+0000] {processor.py:768} INFO - DAG(s) dict_keys(['example_sla_dag']) retrieved from /home/airflow/.local/lib/python3.7/site-packages/airflow/example_dags/example_sla_dag.py
[2024-04-20T05:52:48.979+0000] {logging_mixin.py:117} INFO - [2024-04-20T05:52:48.979+0000] {dag.py:2573} INFO - Sync 1 DAGs
[2024-04-20T05:52:49.015+0000] {logging_mixin.py:117} INFO - [2024-04-20T05:52:49.015+0000] {dag.py:3328} INFO - Setting next_dagrun for example_sla_dag to 2024-04-20T05:50:00+00:00, run_after=2024-04-20T05:52:00+00:00
[2024-04-20T05:52:49.043+0000] {processor.py:178} INFO - Processing /home/airflow/.local/lib/python3.7/site-packages/airflow/example_dags/example_sla_dag.py took 0.141 seconds
[2024-04-20T05:53:19.539+0000] {processor.py:156} INFO - Started process (PID=10158) to work on /home/airflow/.local/lib/python3.7/site-packages/airflow/example_dags/example_sla_dag.py
[2024-04-20T05:53:19.540+0000] {processor.py:758} INFO - Processing file /home/airflow/.local/lib/python3.7/site-packages/airflow/example_dags/example_sla_dag.py for tasks to queue
[2024-04-20T05:53:19.540+0000] {logging_mixin.py:117} INFO - [2024-04-20T05:53:19.540+0000] {dagbag.py:525} INFO - Filling up the DagBag from /home/airflow/.local/lib/python3.7/site-packages/airflow/example_dags/example_sla_dag.py
[2024-04-20T05:53:19.568+0000] {processor.py:768} INFO - DAG(s) dict_keys(['example_sla_dag']) retrieved from /home/airflow/.local/lib/python3.7/site-packages/airflow/example_dags/example_sla_dag.py
[2024-04-20T05:53:19.616+0000] {logging_mixin.py:117} INFO - [2024-04-20T05:53:19.616+0000] {dag.py:2573} INFO - Sync 1 DAGs
[2024-04-20T05:53:19.655+0000] {logging_mixin.py:117} INFO - [2024-04-20T05:53:19.655+0000] {dag.py:3328} INFO - Setting next_dagrun for example_sla_dag to 2024-04-20T05:50:00+00:00, run_after=2024-04-20T05:52:00+00:00
[2024-04-20T05:53:19.683+0000] {processor.py:178} INFO - Processing /home/airflow/.local/lib/python3.7/site-packages/airflow/example_dags/example_sla_dag.py took 0.146 seconds
[2024-04-20T05:53:50.117+0000] {processor.py:156} INFO - Started process (PID=10375) to work on /home/airflow/.local/lib/python3.7/site-packages/airflow/example_dags/example_sla_dag.py
[2024-04-20T05:53:50.117+0000] {processor.py:758} INFO - Processing file /home/airflow/.local/lib/python3.7/site-packages/airflow/example_dags/example_sla_dag.py for tasks to queue
[2024-04-20T05:53:50.118+0000] {logging_mixin.py:117} INFO - [2024-04-20T05:53:50.118+0000] {dagbag.py:525} INFO - Filling up the DagBag from /home/airflow/.local/lib/python3.7/site-packages/airflow/example_dags/example_sla_dag.py
[2024-04-20T05:53:50.145+0000] {processor.py:768} INFO - DAG(s) dict_keys(['example_sla_dag']) retrieved from /home/airflow/.local/lib/python3.7/site-packages/airflow/example_dags/example_sla_dag.py
[2024-04-20T05:53:50.191+0000] {logging_mixin.py:117} INFO - [2024-04-20T05:53:50.191+0000] {dag.py:2573} INFO - Sync 1 DAGs
[2024-04-20T05:53:50.320+0000] {logging_mixin.py:117} INFO - [2024-04-20T05:53:50.319+0000] {dag.py:3328} INFO - Setting next_dagrun for example_sla_dag to 2024-04-20T05:50:00+00:00, run_after=2024-04-20T05:52:00+00:00
[2024-04-20T05:53:50.406+0000] {processor.py:178} INFO - Processing /home/airflow/.local/lib/python3.7/site-packages/airflow/example_dags/example_sla_dag.py took 0.292 seconds
[2024-04-20T05:54:20.505+0000] {processor.py:156} INFO - Started process (PID=10615) to work on /home/airflow/.local/lib/python3.7/site-packages/airflow/example_dags/example_sla_dag.py
[2024-04-20T05:54:20.505+0000] {processor.py:758} INFO - Processing file /home/airflow/.local/lib/python3.7/site-packages/airflow/example_dags/example_sla_dag.py for tasks to queue
[2024-04-20T05:54:20.506+0000] {logging_mixin.py:117} INFO - [2024-04-20T05:54:20.506+0000] {dagbag.py:525} INFO - Filling up the DagBag from /home/airflow/.local/lib/python3.7/site-packages/airflow/example_dags/example_sla_dag.py
[2024-04-20T05:54:20.537+0000] {processor.py:768} INFO - DAG(s) dict_keys(['example_sla_dag']) retrieved from /home/airflow/.local/lib/python3.7/site-packages/airflow/example_dags/example_sla_dag.py
[2024-04-20T05:54:20.585+0000] {logging_mixin.py:117} INFO - [2024-04-20T05:54:20.584+0000] {dag.py:2573} INFO - Sync 1 DAGs
[2024-04-20T05:54:20.622+0000] {logging_mixin.py:117} INFO - [2024-04-20T05:54:20.621+0000] {dag.py:3328} INFO - Setting next_dagrun for example_sla_dag to 2024-04-20T05:52:00+00:00, run_after=2024-04-20T05:54:00+00:00
[2024-04-20T05:54:20.650+0000] {processor.py:178} INFO - Processing /home/airflow/.local/lib/python3.7/site-packages/airflow/example_dags/example_sla_dag.py took 0.148 seconds
[2024-04-20T05:54:51.407+0000] {processor.py:156} INFO - Started process (PID=10847) to work on /home/airflow/.local/lib/python3.7/site-packages/airflow/example_dags/example_sla_dag.py
[2024-04-20T05:54:51.414+0000] {processor.py:758} INFO - Processing file /home/airflow/.local/lib/python3.7/site-packages/airflow/example_dags/example_sla_dag.py for tasks to queue
[2024-04-20T05:54:51.415+0000] {logging_mixin.py:117} INFO - [2024-04-20T05:54:51.414+0000] {dagbag.py:525} INFO - Filling up the DagBag from /home/airflow/.local/lib/python3.7/site-packages/airflow/example_dags/example_sla_dag.py
[2024-04-20T05:54:51.469+0000] {processor.py:768} INFO - DAG(s) dict_keys(['example_sla_dag']) retrieved from /home/airflow/.local/lib/python3.7/site-packages/airflow/example_dags/example_sla_dag.py
[2024-04-20T05:54:51.564+0000] {logging_mixin.py:117} INFO - [2024-04-20T05:54:51.564+0000] {dag.py:2573} INFO - Sync 1 DAGs
[2024-04-20T05:54:51.679+0000] {logging_mixin.py:117} INFO - [2024-04-20T05:54:51.679+0000] {dag.py:3328} INFO - Setting next_dagrun for example_sla_dag to 2024-04-20T05:52:00+00:00, run_after=2024-04-20T05:54:00+00:00
[2024-04-20T05:54:51.722+0000] {processor.py:178} INFO - Processing /home/airflow/.local/lib/python3.7/site-packages/airflow/example_dags/example_sla_dag.py took 0.319 seconds
[2024-04-20T05:55:22.002+0000] {processor.py:156} INFO - Started process (PID=11064) to work on /home/airflow/.local/lib/python3.7/site-packages/airflow/example_dags/example_sla_dag.py
[2024-04-20T05:55:22.002+0000] {processor.py:758} INFO - Processing file /home/airflow/.local/lib/python3.7/site-packages/airflow/example_dags/example_sla_dag.py for tasks to queue
[2024-04-20T05:55:22.003+0000] {logging_mixin.py:117} INFO - [2024-04-20T05:55:22.003+0000] {dagbag.py:525} INFO - Filling up the DagBag from /home/airflow/.local/lib/python3.7/site-packages/airflow/example_dags/example_sla_dag.py
[2024-04-20T05:55:22.030+0000] {processor.py:768} INFO - DAG(s) dict_keys(['example_sla_dag']) retrieved from /home/airflow/.local/lib/python3.7/site-packages/airflow/example_dags/example_sla_dag.py
[2024-04-20T05:55:22.076+0000] {logging_mixin.py:117} INFO - [2024-04-20T05:55:22.076+0000] {dag.py:2573} INFO - Sync 1 DAGs
[2024-04-20T05:55:22.117+0000] {logging_mixin.py:117} INFO - [2024-04-20T05:55:22.117+0000] {dag.py:3328} INFO - Setting next_dagrun for example_sla_dag to 2024-04-20T05:52:00+00:00, run_after=2024-04-20T05:54:00+00:00
[2024-04-20T05:55:22.141+0000] {processor.py:178} INFO - Processing /home/airflow/.local/lib/python3.7/site-packages/airflow/example_dags/example_sla_dag.py took 0.142 seconds
[2024-04-20T05:56:40.888+0000] {processor.py:156} INFO - Started process (PID=278) to work on /home/airflow/.local/lib/python3.7/site-packages/airflow/example_dags/example_sla_dag.py
[2024-04-20T05:56:40.902+0000] {processor.py:758} INFO - Processing file /home/airflow/.local/lib/python3.7/site-packages/airflow/example_dags/example_sla_dag.py for tasks to queue
[2024-04-20T05:56:40.903+0000] {logging_mixin.py:117} INFO - [2024-04-20T05:56:40.903+0000] {dagbag.py:525} INFO - Filling up the DagBag from /home/airflow/.local/lib/python3.7/site-packages/airflow/example_dags/example_sla_dag.py
[2024-04-20T05:56:41.018+0000] {processor.py:768} INFO - DAG(s) dict_keys(['example_sla_dag']) retrieved from /home/airflow/.local/lib/python3.7/site-packages/airflow/example_dags/example_sla_dag.py
[2024-04-20T05:56:41.136+0000] {logging_mixin.py:117} INFO - [2024-04-20T05:56:41.136+0000] {dag.py:2573} INFO - Sync 1 DAGs
[2024-04-20T05:56:41.254+0000] {logging_mixin.py:117} INFO - [2024-04-20T05:56:41.254+0000] {dag.py:3328} INFO - Setting next_dagrun for example_sla_dag to 2024-04-20T05:54:00+00:00, run_after=2024-04-20T05:56:00+00:00
[2024-04-20T05:56:41.316+0000] {processor.py:178} INFO - Processing /home/airflow/.local/lib/python3.7/site-packages/airflow/example_dags/example_sla_dag.py took 0.436 seconds
[2024-04-20T05:57:12.535+0000] {processor.py:156} INFO - Started process (PID=499) to work on /home/airflow/.local/lib/python3.7/site-packages/airflow/example_dags/example_sla_dag.py
[2024-04-20T05:57:12.535+0000] {processor.py:758} INFO - Processing file /home/airflow/.local/lib/python3.7/site-packages/airflow/example_dags/example_sla_dag.py for tasks to queue
[2024-04-20T05:57:12.536+0000] {logging_mixin.py:117} INFO - [2024-04-20T05:57:12.536+0000] {dagbag.py:525} INFO - Filling up the DagBag from /home/airflow/.local/lib/python3.7/site-packages/airflow/example_dags/example_sla_dag.py
[2024-04-20T05:57:12.600+0000] {processor.py:768} INFO - DAG(s) dict_keys(['example_sla_dag']) retrieved from /home/airflow/.local/lib/python3.7/site-packages/airflow/example_dags/example_sla_dag.py
[2024-04-20T05:57:12.727+0000] {logging_mixin.py:117} INFO - [2024-04-20T05:57:12.727+0000] {dag.py:2573} INFO - Sync 1 DAGs
[2024-04-20T05:57:13.284+0000] {logging_mixin.py:117} INFO - [2024-04-20T05:57:13.283+0000] {dag.py:3328} INFO - Setting next_dagrun for example_sla_dag to 2024-04-20T05:54:00+00:00, run_after=2024-04-20T05:56:00+00:00
[2024-04-20T05:57:13.363+0000] {processor.py:178} INFO - Processing /home/airflow/.local/lib/python3.7/site-packages/airflow/example_dags/example_sla_dag.py took 0.831 seconds
[2024-04-20T05:57:43.643+0000] {processor.py:156} INFO - Started process (PID=722) to work on /home/airflow/.local/lib/python3.7/site-packages/airflow/example_dags/example_sla_dag.py
[2024-04-20T05:57:43.644+0000] {processor.py:758} INFO - Processing file /home/airflow/.local/lib/python3.7/site-packages/airflow/example_dags/example_sla_dag.py for tasks to queue
[2024-04-20T05:57:43.645+0000] {logging_mixin.py:117} INFO - [2024-04-20T05:57:43.644+0000] {dagbag.py:525} INFO - Filling up the DagBag from /home/airflow/.local/lib/python3.7/site-packages/airflow/example_dags/example_sla_dag.py
[2024-04-20T05:57:43.672+0000] {processor.py:768} INFO - DAG(s) dict_keys(['example_sla_dag']) retrieved from /home/airflow/.local/lib/python3.7/site-packages/airflow/example_dags/example_sla_dag.py
[2024-04-20T05:57:43.719+0000] {logging_mixin.py:117} INFO - [2024-04-20T05:57:43.719+0000] {dag.py:2573} INFO - Sync 1 DAGs
[2024-04-20T05:57:43.895+0000] {logging_mixin.py:117} INFO - [2024-04-20T05:57:43.895+0000] {dag.py:3328} INFO - Setting next_dagrun for example_sla_dag to 2024-04-20T05:54:00+00:00, run_after=2024-04-20T05:56:00+00:00
[2024-04-20T05:57:43.923+0000] {processor.py:178} INFO - Processing /home/airflow/.local/lib/python3.7/site-packages/airflow/example_dags/example_sla_dag.py took 0.285 seconds
[2024-04-20T05:58:14.490+0000] {processor.py:156} INFO - Started process (PID=942) to work on /home/airflow/.local/lib/python3.7/site-packages/airflow/example_dags/example_sla_dag.py
[2024-04-20T05:58:14.491+0000] {processor.py:758} INFO - Processing file /home/airflow/.local/lib/python3.7/site-packages/airflow/example_dags/example_sla_dag.py for tasks to queue
[2024-04-20T05:58:14.491+0000] {logging_mixin.py:117} INFO - [2024-04-20T05:58:14.491+0000] {dagbag.py:525} INFO - Filling up the DagBag from /home/airflow/.local/lib/python3.7/site-packages/airflow/example_dags/example_sla_dag.py
[2024-04-20T05:58:14.519+0000] {processor.py:768} INFO - DAG(s) dict_keys(['example_sla_dag']) retrieved from /home/airflow/.local/lib/python3.7/site-packages/airflow/example_dags/example_sla_dag.py
[2024-04-20T05:58:14.893+0000] {logging_mixin.py:117} INFO - [2024-04-20T05:58:14.893+0000] {dag.py:2573} INFO - Sync 1 DAGs
[2024-04-20T05:58:14.927+0000] {logging_mixin.py:117} INFO - [2024-04-20T05:58:14.926+0000] {dag.py:3328} INFO - Setting next_dagrun for example_sla_dag to 2024-04-20T05:56:00+00:00, run_after=2024-04-20T05:58:00+00:00
[2024-04-20T05:58:14.950+0000] {processor.py:178} INFO - Processing /home/airflow/.local/lib/python3.7/site-packages/airflow/example_dags/example_sla_dag.py took 0.464 seconds
[2024-04-20T05:58:45.612+0000] {processor.py:156} INFO - Started process (PID=1162) to work on /home/airflow/.local/lib/python3.7/site-packages/airflow/example_dags/example_sla_dag.py
[2024-04-20T05:58:45.612+0000] {processor.py:758} INFO - Processing file /home/airflow/.local/lib/python3.7/site-packages/airflow/example_dags/example_sla_dag.py for tasks to queue
[2024-04-20T05:58:45.613+0000] {logging_mixin.py:117} INFO - [2024-04-20T05:58:45.613+0000] {dagbag.py:525} INFO - Filling up the DagBag from /home/airflow/.local/lib/python3.7/site-packages/airflow/example_dags/example_sla_dag.py
[2024-04-20T05:58:45.642+0000] {processor.py:768} INFO - DAG(s) dict_keys(['example_sla_dag']) retrieved from /home/airflow/.local/lib/python3.7/site-packages/airflow/example_dags/example_sla_dag.py
[2024-04-20T05:58:45.855+0000] {logging_mixin.py:117} INFO - [2024-04-20T05:58:45.854+0000] {dag.py:2573} INFO - Sync 1 DAGs
[2024-04-20T05:58:45.895+0000] {logging_mixin.py:117} INFO - [2024-04-20T05:58:45.894+0000] {dag.py:3328} INFO - Setting next_dagrun for example_sla_dag to 2024-04-20T05:56:00+00:00, run_after=2024-04-20T05:58:00+00:00
[2024-04-20T05:58:45.919+0000] {processor.py:178} INFO - Processing /home/airflow/.local/lib/python3.7/site-packages/airflow/example_dags/example_sla_dag.py took 0.310 seconds
[2024-04-20T05:59:16.431+0000] {processor.py:156} INFO - Started process (PID=1389) to work on /home/airflow/.local/lib/python3.7/site-packages/airflow/example_dags/example_sla_dag.py
[2024-04-20T05:59:16.432+0000] {processor.py:758} INFO - Processing file /home/airflow/.local/lib/python3.7/site-packages/airflow/example_dags/example_sla_dag.py for tasks to queue
[2024-04-20T05:59:16.432+0000] {logging_mixin.py:117} INFO - [2024-04-20T05:59:16.432+0000] {dagbag.py:525} INFO - Filling up the DagBag from /home/airflow/.local/lib/python3.7/site-packages/airflow/example_dags/example_sla_dag.py
[2024-04-20T05:59:16.632+0000] {processor.py:768} INFO - DAG(s) dict_keys(['example_sla_dag']) retrieved from /home/airflow/.local/lib/python3.7/site-packages/airflow/example_dags/example_sla_dag.py
[2024-04-20T05:59:16.670+0000] {logging_mixin.py:117} INFO - [2024-04-20T05:59:16.670+0000] {dag.py:2573} INFO - Sync 1 DAGs
[2024-04-20T05:59:16.701+0000] {logging_mixin.py:117} INFO - [2024-04-20T05:59:16.700+0000] {dag.py:3328} INFO - Setting next_dagrun for example_sla_dag to 2024-04-20T05:56:00+00:00, run_after=2024-04-20T05:58:00+00:00
[2024-04-20T05:59:16.725+0000] {processor.py:178} INFO - Processing /home/airflow/.local/lib/python3.7/site-packages/airflow/example_dags/example_sla_dag.py took 0.297 seconds
[2024-04-20T05:59:47.249+0000] {processor.py:156} INFO - Started process (PID=1618) to work on /home/airflow/.local/lib/python3.7/site-packages/airflow/example_dags/example_sla_dag.py
[2024-04-20T05:59:47.250+0000] {processor.py:758} INFO - Processing file /home/airflow/.local/lib/python3.7/site-packages/airflow/example_dags/example_sla_dag.py for tasks to queue
[2024-04-20T05:59:47.250+0000] {logging_mixin.py:117} INFO - [2024-04-20T05:59:47.250+0000] {dagbag.py:525} INFO - Filling up the DagBag from /home/airflow/.local/lib/python3.7/site-packages/airflow/example_dags/example_sla_dag.py
[2024-04-20T05:59:47.271+0000] {processor.py:768} INFO - DAG(s) dict_keys(['example_sla_dag']) retrieved from /home/airflow/.local/lib/python3.7/site-packages/airflow/example_dags/example_sla_dag.py
[2024-04-20T05:59:47.330+0000] {logging_mixin.py:117} INFO - [2024-04-20T05:59:47.330+0000] {dag.py:2573} INFO - Sync 1 DAGs
[2024-04-20T05:59:47.365+0000] {logging_mixin.py:117} INFO - [2024-04-20T05:59:47.365+0000] {dag.py:3328} INFO - Setting next_dagrun for example_sla_dag to 2024-04-20T05:56:00+00:00, run_after=2024-04-20T05:58:00+00:00
[2024-04-20T05:59:47.388+0000] {processor.py:178} INFO - Processing /home/airflow/.local/lib/python3.7/site-packages/airflow/example_dags/example_sla_dag.py took 0.308 seconds
[2024-04-20T06:00:17.697+0000] {processor.py:156} INFO - Started process (PID=1832) to work on /home/airflow/.local/lib/python3.7/site-packages/airflow/example_dags/example_sla_dag.py
[2024-04-20T06:00:17.706+0000] {processor.py:758} INFO - Processing file /home/airflow/.local/lib/python3.7/site-packages/airflow/example_dags/example_sla_dag.py for tasks to queue
[2024-04-20T06:00:17.707+0000] {logging_mixin.py:117} INFO - [2024-04-20T06:00:17.707+0000] {dagbag.py:525} INFO - Filling up the DagBag from /home/airflow/.local/lib/python3.7/site-packages/airflow/example_dags/example_sla_dag.py
[2024-04-20T06:00:17.759+0000] {processor.py:768} INFO - DAG(s) dict_keys(['example_sla_dag']) retrieved from /home/airflow/.local/lib/python3.7/site-packages/airflow/example_dags/example_sla_dag.py
[2024-04-20T06:00:17.841+0000] {logging_mixin.py:117} INFO - [2024-04-20T06:00:17.841+0000] {dag.py:2573} INFO - Sync 1 DAGs
[2024-04-20T06:00:17.906+0000] {logging_mixin.py:117} INFO - [2024-04-20T06:00:17.906+0000] {dag.py:3328} INFO - Setting next_dagrun for example_sla_dag to 2024-04-20T05:58:00+00:00, run_after=2024-04-20T06:00:00+00:00
[2024-04-20T06:00:17.945+0000] {processor.py:178} INFO - Processing /home/airflow/.local/lib/python3.7/site-packages/airflow/example_dags/example_sla_dag.py took 0.250 seconds
[2024-04-20T06:00:48.797+0000] {processor.py:156} INFO - Started process (PID=2061) to work on /home/airflow/.local/lib/python3.7/site-packages/airflow/example_dags/example_sla_dag.py
[2024-04-20T06:00:48.798+0000] {processor.py:758} INFO - Processing file /home/airflow/.local/lib/python3.7/site-packages/airflow/example_dags/example_sla_dag.py for tasks to queue
[2024-04-20T06:00:48.798+0000] {logging_mixin.py:117} INFO - [2024-04-20T06:00:48.798+0000] {dagbag.py:525} INFO - Filling up the DagBag from /home/airflow/.local/lib/python3.7/site-packages/airflow/example_dags/example_sla_dag.py
[2024-04-20T06:00:48.880+0000] {processor.py:768} INFO - DAG(s) dict_keys(['example_sla_dag']) retrieved from /home/airflow/.local/lib/python3.7/site-packages/airflow/example_dags/example_sla_dag.py
[2024-04-20T06:00:48.978+0000] {logging_mixin.py:117} INFO - [2024-04-20T06:00:48.978+0000] {dag.py:2573} INFO - Sync 1 DAGs
[2024-04-20T06:00:49.050+0000] {logging_mixin.py:117} INFO - [2024-04-20T06:00:49.049+0000] {dag.py:3328} INFO - Setting next_dagrun for example_sla_dag to 2024-04-20T05:58:00+00:00, run_after=2024-04-20T06:00:00+00:00
[2024-04-20T06:00:49.087+0000] {processor.py:178} INFO - Processing /home/airflow/.local/lib/python3.7/site-packages/airflow/example_dags/example_sla_dag.py took 0.293 seconds
[2024-04-20T06:01:19.358+0000] {processor.py:156} INFO - Started process (PID=2288) to work on /home/airflow/.local/lib/python3.7/site-packages/airflow/example_dags/example_sla_dag.py
[2024-04-20T06:01:19.363+0000] {processor.py:758} INFO - Processing file /home/airflow/.local/lib/python3.7/site-packages/airflow/example_dags/example_sla_dag.py for tasks to queue
[2024-04-20T06:01:19.364+0000] {logging_mixin.py:117} INFO - [2024-04-20T06:01:19.364+0000] {dagbag.py:525} INFO - Filling up the DagBag from /home/airflow/.local/lib/python3.7/site-packages/airflow/example_dags/example_sla_dag.py
[2024-04-20T06:01:19.433+0000] {processor.py:768} INFO - DAG(s) dict_keys(['example_sla_dag']) retrieved from /home/airflow/.local/lib/python3.7/site-packages/airflow/example_dags/example_sla_dag.py
[2024-04-20T06:01:19.482+0000] {logging_mixin.py:117} INFO - [2024-04-20T06:01:19.482+0000] {dag.py:2573} INFO - Sync 1 DAGs
[2024-04-20T06:01:19.522+0000] {logging_mixin.py:117} INFO - [2024-04-20T06:01:19.522+0000] {dag.py:3328} INFO - Setting next_dagrun for example_sla_dag to 2024-04-20T05:58:00+00:00, run_after=2024-04-20T06:00:00+00:00
[2024-04-20T06:01:19.547+0000] {processor.py:178} INFO - Processing /home/airflow/.local/lib/python3.7/site-packages/airflow/example_dags/example_sla_dag.py took 0.200 seconds
[2024-04-20T06:01:50.117+0000] {processor.py:156} INFO - Started process (PID=2509) to work on /home/airflow/.local/lib/python3.7/site-packages/airflow/example_dags/example_sla_dag.py
[2024-04-20T06:01:50.118+0000] {processor.py:758} INFO - Processing file /home/airflow/.local/lib/python3.7/site-packages/airflow/example_dags/example_sla_dag.py for tasks to queue
[2024-04-20T06:01:50.119+0000] {logging_mixin.py:117} INFO - [2024-04-20T06:01:50.119+0000] {dagbag.py:525} INFO - Filling up the DagBag from /home/airflow/.local/lib/python3.7/site-packages/airflow/example_dags/example_sla_dag.py
[2024-04-20T06:01:50.148+0000] {processor.py:768} INFO - DAG(s) dict_keys(['example_sla_dag']) retrieved from /home/airflow/.local/lib/python3.7/site-packages/airflow/example_dags/example_sla_dag.py
[2024-04-20T06:01:50.202+0000] {logging_mixin.py:117} INFO - [2024-04-20T06:01:50.202+0000] {dag.py:2573} INFO - Sync 1 DAGs
[2024-04-20T06:01:50.242+0000] {logging_mixin.py:117} INFO - [2024-04-20T06:01:50.242+0000] {dag.py:3328} INFO - Setting next_dagrun for example_sla_dag to 2024-04-20T05:58:00+00:00, run_after=2024-04-20T06:00:00+00:00
[2024-04-20T06:01:50.278+0000] {processor.py:178} INFO - Processing /home/airflow/.local/lib/python3.7/site-packages/airflow/example_dags/example_sla_dag.py took 0.164 seconds
[2024-04-20T06:02:21.102+0000] {processor.py:156} INFO - Started process (PID=2735) to work on /home/airflow/.local/lib/python3.7/site-packages/airflow/example_dags/example_sla_dag.py
[2024-04-20T06:02:21.106+0000] {processor.py:758} INFO - Processing file /home/airflow/.local/lib/python3.7/site-packages/airflow/example_dags/example_sla_dag.py for tasks to queue
[2024-04-20T06:02:21.107+0000] {logging_mixin.py:117} INFO - [2024-04-20T06:02:21.107+0000] {dagbag.py:525} INFO - Filling up the DagBag from /home/airflow/.local/lib/python3.7/site-packages/airflow/example_dags/example_sla_dag.py
[2024-04-20T06:02:21.135+0000] {processor.py:768} INFO - DAG(s) dict_keys(['example_sla_dag']) retrieved from /home/airflow/.local/lib/python3.7/site-packages/airflow/example_dags/example_sla_dag.py
[2024-04-20T06:02:21.192+0000] {logging_mixin.py:117} INFO - [2024-04-20T06:02:21.191+0000] {dag.py:2573} INFO - Sync 1 DAGs
[2024-04-20T06:02:21.235+0000] {logging_mixin.py:117} INFO - [2024-04-20T06:02:21.235+0000] {dag.py:3328} INFO - Setting next_dagrun for example_sla_dag to 2024-04-20T06:00:00+00:00, run_after=2024-04-20T06:02:00+00:00
[2024-04-20T06:02:21.259+0000] {processor.py:178} INFO - Processing /home/airflow/.local/lib/python3.7/site-packages/airflow/example_dags/example_sla_dag.py took 0.162 seconds
[2024-04-20T06:02:52.035+0000] {processor.py:156} INFO - Started process (PID=2963) to work on /home/airflow/.local/lib/python3.7/site-packages/airflow/example_dags/example_sla_dag.py
[2024-04-20T06:02:52.036+0000] {processor.py:758} INFO - Processing file /home/airflow/.local/lib/python3.7/site-packages/airflow/example_dags/example_sla_dag.py for tasks to queue
[2024-04-20T06:02:52.036+0000] {logging_mixin.py:117} INFO - [2024-04-20T06:02:52.036+0000] {dagbag.py:525} INFO - Filling up the DagBag from /home/airflow/.local/lib/python3.7/site-packages/airflow/example_dags/example_sla_dag.py
[2024-04-20T06:02:52.064+0000] {processor.py:768} INFO - DAG(s) dict_keys(['example_sla_dag']) retrieved from /home/airflow/.local/lib/python3.7/site-packages/airflow/example_dags/example_sla_dag.py
[2024-04-20T06:02:52.109+0000] {logging_mixin.py:117} INFO - [2024-04-20T06:02:52.108+0000] {dag.py:2573} INFO - Sync 1 DAGs
[2024-04-20T06:02:52.148+0000] {logging_mixin.py:117} INFO - [2024-04-20T06:02:52.147+0000] {dag.py:3328} INFO - Setting next_dagrun for example_sla_dag to 2024-04-20T06:00:00+00:00, run_after=2024-04-20T06:02:00+00:00
[2024-04-20T06:02:52.174+0000] {processor.py:178} INFO - Processing /home/airflow/.local/lib/python3.7/site-packages/airflow/example_dags/example_sla_dag.py took 0.142 seconds
[2024-04-20T06:03:23.335+0000] {processor.py:156} INFO - Started process (PID=3180) to work on /home/airflow/.local/lib/python3.7/site-packages/airflow/example_dags/example_sla_dag.py
[2024-04-20T06:03:23.336+0000] {processor.py:758} INFO - Processing file /home/airflow/.local/lib/python3.7/site-packages/airflow/example_dags/example_sla_dag.py for tasks to queue
[2024-04-20T06:03:23.337+0000] {logging_mixin.py:117} INFO - [2024-04-20T06:03:23.337+0000] {dagbag.py:525} INFO - Filling up the DagBag from /home/airflow/.local/lib/python3.7/site-packages/airflow/example_dags/example_sla_dag.py
[2024-04-20T06:03:23.411+0000] {processor.py:768} INFO - DAG(s) dict_keys(['example_sla_dag']) retrieved from /home/airflow/.local/lib/python3.7/site-packages/airflow/example_dags/example_sla_dag.py
[2024-04-20T06:03:23.486+0000] {logging_mixin.py:117} INFO - [2024-04-20T06:03:23.486+0000] {dag.py:2573} INFO - Sync 1 DAGs
[2024-04-20T06:03:23.545+0000] {logging_mixin.py:117} INFO - [2024-04-20T06:03:23.544+0000] {dag.py:3328} INFO - Setting next_dagrun for example_sla_dag to 2024-04-20T06:00:00+00:00, run_after=2024-04-20T06:02:00+00:00
[2024-04-20T06:03:23.601+0000] {processor.py:178} INFO - Processing /home/airflow/.local/lib/python3.7/site-packages/airflow/example_dags/example_sla_dag.py took 0.274 seconds
