[2024-04-20T05:31:41.687+0000] {processor.py:156} INFO - Started process (PID=218) to work on /home/airflow/.local/lib/python3.7/site-packages/airflow/example_dags/example_latest_only_with_trigger.py
[2024-04-20T05:31:41.687+0000] {processor.py:758} INFO - Processing file /home/airflow/.local/lib/python3.7/site-packages/airflow/example_dags/example_latest_only_with_trigger.py for tasks to queue
[2024-04-20T05:31:41.688+0000] {logging_mixin.py:117} INFO - [2024-04-20T05:31:41.688+0000] {dagbag.py:525} INFO - Filling up the DagBag from /home/airflow/.local/lib/python3.7/site-packages/airflow/example_dags/example_latest_only_with_trigger.py
[2024-04-20T05:31:41.740+0000] {processor.py:768} INFO - DAG(s) dict_keys(['latest_only_with_trigger']) retrieved from /home/airflow/.local/lib/python3.7/site-packages/airflow/example_dags/example_latest_only_with_trigger.py
[2024-04-20T05:31:43.407+0000] {logging_mixin.py:117} INFO - [2024-04-20T05:31:43.406+0000] {manager.py:507} INFO - Created Permission View: can delete on DAG:latest_only_with_trigger
[2024-04-20T05:31:43.446+0000] {logging_mixin.py:117} INFO - [2024-04-20T05:31:43.446+0000] {manager.py:507} INFO - Created Permission View: can edit on DAG:latest_only_with_trigger
[2024-04-20T05:31:43.482+0000] {logging_mixin.py:117} INFO - [2024-04-20T05:31:43.482+0000] {manager.py:507} INFO - Created Permission View: can read on DAG:latest_only_with_trigger
[2024-04-20T05:31:43.482+0000] {logging_mixin.py:117} INFO - [2024-04-20T05:31:43.482+0000] {dag.py:2573} INFO - Sync 1 DAGs
[2024-04-20T05:31:43.565+0000] {logging_mixin.py:117} INFO - [2024-04-20T05:31:43.565+0000] {dag.py:2594} INFO - Creating ORM DAG for latest_only_with_trigger
[2024-04-20T05:31:43.619+0000] {logging_mixin.py:117} INFO - [2024-04-20T05:31:43.618+0000] {dag.py:3328} INFO - Setting next_dagrun for latest_only_with_trigger to 2024-04-20T01:31:43.618602+00:00, run_after=2024-04-20T05:31:43.618602+00:00
[2024-04-20T05:31:43.719+0000] {processor.py:178} INFO - Processing /home/airflow/.local/lib/python3.7/site-packages/airflow/example_dags/example_latest_only_with_trigger.py took 2.048 seconds
[2024-04-20T05:32:14.047+0000] {processor.py:156} INFO - Started process (PID=436) to work on /home/airflow/.local/lib/python3.7/site-packages/airflow/example_dags/example_latest_only_with_trigger.py
[2024-04-20T05:32:14.047+0000] {processor.py:758} INFO - Processing file /home/airflow/.local/lib/python3.7/site-packages/airflow/example_dags/example_latest_only_with_trigger.py for tasks to queue
[2024-04-20T05:32:14.048+0000] {logging_mixin.py:117} INFO - [2024-04-20T05:32:14.048+0000] {dagbag.py:525} INFO - Filling up the DagBag from /home/airflow/.local/lib/python3.7/site-packages/airflow/example_dags/example_latest_only_with_trigger.py
[2024-04-20T05:32:14.064+0000] {processor.py:768} INFO - DAG(s) dict_keys(['latest_only_with_trigger']) retrieved from /home/airflow/.local/lib/python3.7/site-packages/airflow/example_dags/example_latest_only_with_trigger.py
[2024-04-20T05:32:14.096+0000] {logging_mixin.py:117} INFO - [2024-04-20T05:32:14.096+0000] {dag.py:2573} INFO - Sync 1 DAGs
[2024-04-20T05:32:14.115+0000] {logging_mixin.py:117} INFO - [2024-04-20T05:32:14.115+0000] {dag.py:3328} INFO - Setting next_dagrun for latest_only_with_trigger to 2024-04-20T01:32:14.115540+00:00, run_after=2024-04-20T05:32:14.115540+00:00
[2024-04-20T05:32:14.135+0000] {processor.py:178} INFO - Processing /home/airflow/.local/lib/python3.7/site-packages/airflow/example_dags/example_latest_only_with_trigger.py took 0.091 seconds
[2024-04-20T05:32:44.714+0000] {processor.py:156} INFO - Started process (PID=659) to work on /home/airflow/.local/lib/python3.7/site-packages/airflow/example_dags/example_latest_only_with_trigger.py
[2024-04-20T05:32:44.724+0000] {processor.py:758} INFO - Processing file /home/airflow/.local/lib/python3.7/site-packages/airflow/example_dags/example_latest_only_with_trigger.py for tasks to queue
[2024-04-20T05:32:44.725+0000] {logging_mixin.py:117} INFO - [2024-04-20T05:32:44.724+0000] {dagbag.py:525} INFO - Filling up the DagBag from /home/airflow/.local/lib/python3.7/site-packages/airflow/example_dags/example_latest_only_with_trigger.py
[2024-04-20T05:32:44.799+0000] {processor.py:768} INFO - DAG(s) dict_keys(['latest_only_with_trigger']) retrieved from /home/airflow/.local/lib/python3.7/site-packages/airflow/example_dags/example_latest_only_with_trigger.py
[2024-04-20T05:32:44.921+0000] {logging_mixin.py:117} INFO - [2024-04-20T05:32:44.921+0000] {dag.py:2573} INFO - Sync 1 DAGs
[2024-04-20T05:32:45.362+0000] {logging_mixin.py:117} INFO - [2024-04-20T05:32:45.362+0000] {dag.py:3328} INFO - Setting next_dagrun for latest_only_with_trigger to 2024-04-20T01:32:45.362546+00:00, run_after=2024-04-20T05:32:45.362546+00:00
[2024-04-20T05:32:45.405+0000] {processor.py:178} INFO - Processing /home/airflow/.local/lib/python3.7/site-packages/airflow/example_dags/example_latest_only_with_trigger.py took 0.708 seconds
[2024-04-20T05:33:15.813+0000] {processor.py:156} INFO - Started process (PID=877) to work on /home/airflow/.local/lib/python3.7/site-packages/airflow/example_dags/example_latest_only_with_trigger.py
[2024-04-20T05:33:15.814+0000] {processor.py:758} INFO - Processing file /home/airflow/.local/lib/python3.7/site-packages/airflow/example_dags/example_latest_only_with_trigger.py for tasks to queue
[2024-04-20T05:33:15.814+0000] {logging_mixin.py:117} INFO - [2024-04-20T05:33:15.814+0000] {dagbag.py:525} INFO - Filling up the DagBag from /home/airflow/.local/lib/python3.7/site-packages/airflow/example_dags/example_latest_only_with_trigger.py
[2024-04-20T05:33:15.827+0000] {processor.py:768} INFO - DAG(s) dict_keys(['latest_only_with_trigger']) retrieved from /home/airflow/.local/lib/python3.7/site-packages/airflow/example_dags/example_latest_only_with_trigger.py
[2024-04-20T05:33:15.863+0000] {logging_mixin.py:117} INFO - [2024-04-20T05:33:15.863+0000] {dag.py:2573} INFO - Sync 1 DAGs
[2024-04-20T05:33:16.040+0000] {logging_mixin.py:117} INFO - [2024-04-20T05:33:16.040+0000] {dag.py:3328} INFO - Setting next_dagrun for latest_only_with_trigger to 2024-04-20T01:33:16.040470+00:00, run_after=2024-04-20T05:33:16.040470+00:00
[2024-04-20T05:33:16.062+0000] {processor.py:178} INFO - Processing /home/airflow/.local/lib/python3.7/site-packages/airflow/example_dags/example_latest_only_with_trigger.py took 0.251 seconds
[2024-04-20T05:33:46.245+0000] {processor.py:156} INFO - Started process (PID=1092) to work on /home/airflow/.local/lib/python3.7/site-packages/airflow/example_dags/example_latest_only_with_trigger.py
[2024-04-20T05:33:46.262+0000] {processor.py:758} INFO - Processing file /home/airflow/.local/lib/python3.7/site-packages/airflow/example_dags/example_latest_only_with_trigger.py for tasks to queue
[2024-04-20T05:33:46.263+0000] {logging_mixin.py:117} INFO - [2024-04-20T05:33:46.263+0000] {dagbag.py:525} INFO - Filling up the DagBag from /home/airflow/.local/lib/python3.7/site-packages/airflow/example_dags/example_latest_only_with_trigger.py
[2024-04-20T05:33:46.301+0000] {processor.py:768} INFO - DAG(s) dict_keys(['latest_only_with_trigger']) retrieved from /home/airflow/.local/lib/python3.7/site-packages/airflow/example_dags/example_latest_only_with_trigger.py
[2024-04-20T05:33:46.514+0000] {logging_mixin.py:117} INFO - [2024-04-20T05:33:46.514+0000] {dag.py:2573} INFO - Sync 1 DAGs
[2024-04-20T05:33:46.533+0000] {logging_mixin.py:117} INFO - [2024-04-20T05:33:46.533+0000] {dag.py:3328} INFO - Setting next_dagrun for latest_only_with_trigger to 2024-04-20T01:33:46.533213+00:00, run_after=2024-04-20T05:33:46.533213+00:00
[2024-04-20T05:33:46.552+0000] {processor.py:178} INFO - Processing /home/airflow/.local/lib/python3.7/site-packages/airflow/example_dags/example_latest_only_with_trigger.py took 0.310 seconds
[2024-04-20T05:34:17.232+0000] {processor.py:156} INFO - Started process (PID=1309) to work on /home/airflow/.local/lib/python3.7/site-packages/airflow/example_dags/example_latest_only_with_trigger.py
[2024-04-20T05:34:17.238+0000] {processor.py:758} INFO - Processing file /home/airflow/.local/lib/python3.7/site-packages/airflow/example_dags/example_latest_only_with_trigger.py for tasks to queue
[2024-04-20T05:34:17.239+0000] {logging_mixin.py:117} INFO - [2024-04-20T05:34:17.239+0000] {dagbag.py:525} INFO - Filling up the DagBag from /home/airflow/.local/lib/python3.7/site-packages/airflow/example_dags/example_latest_only_with_trigger.py
[2024-04-20T05:34:17.352+0000] {processor.py:768} INFO - DAG(s) dict_keys(['latest_only_with_trigger']) retrieved from /home/airflow/.local/lib/python3.7/site-packages/airflow/example_dags/example_latest_only_with_trigger.py
[2024-04-20T05:34:17.986+0000] {logging_mixin.py:117} INFO - [2024-04-20T05:34:17.986+0000] {dag.py:2573} INFO - Sync 1 DAGs
[2024-04-20T05:34:18.049+0000] {logging_mixin.py:117} INFO - [2024-04-20T05:34:18.049+0000] {dag.py:3328} INFO - Setting next_dagrun for latest_only_with_trigger to 2024-04-20T01:34:18.049550+00:00, run_after=2024-04-20T05:34:18.049550+00:00
[2024-04-20T05:34:18.147+0000] {processor.py:178} INFO - Processing /home/airflow/.local/lib/python3.7/site-packages/airflow/example_dags/example_latest_only_with_trigger.py took 0.918 seconds
[2024-04-20T05:34:48.808+0000] {processor.py:156} INFO - Started process (PID=1519) to work on /home/airflow/.local/lib/python3.7/site-packages/airflow/example_dags/example_latest_only_with_trigger.py
[2024-04-20T05:34:48.808+0000] {processor.py:758} INFO - Processing file /home/airflow/.local/lib/python3.7/site-packages/airflow/example_dags/example_latest_only_with_trigger.py for tasks to queue
[2024-04-20T05:34:48.809+0000] {logging_mixin.py:117} INFO - [2024-04-20T05:34:48.809+0000] {dagbag.py:525} INFO - Filling up the DagBag from /home/airflow/.local/lib/python3.7/site-packages/airflow/example_dags/example_latest_only_with_trigger.py
[2024-04-20T05:34:48.979+0000] {processor.py:768} INFO - DAG(s) dict_keys(['latest_only_with_trigger']) retrieved from /home/airflow/.local/lib/python3.7/site-packages/airflow/example_dags/example_latest_only_with_trigger.py
[2024-04-20T05:34:49.019+0000] {logging_mixin.py:117} INFO - [2024-04-20T05:34:49.019+0000] {dag.py:2573} INFO - Sync 1 DAGs
[2024-04-20T05:34:49.054+0000] {logging_mixin.py:117} INFO - [2024-04-20T05:34:49.054+0000] {dag.py:3328} INFO - Setting next_dagrun for latest_only_with_trigger to 2024-04-20T01:34:49.054047+00:00, run_after=2024-04-20T05:34:49.054047+00:00
[2024-04-20T05:34:49.090+0000] {processor.py:178} INFO - Processing /home/airflow/.local/lib/python3.7/site-packages/airflow/example_dags/example_latest_only_with_trigger.py took 0.285 seconds
[2024-04-20T05:35:19.586+0000] {processor.py:156} INFO - Started process (PID=1737) to work on /home/airflow/.local/lib/python3.7/site-packages/airflow/example_dags/example_latest_only_with_trigger.py
[2024-04-20T05:35:19.587+0000] {processor.py:758} INFO - Processing file /home/airflow/.local/lib/python3.7/site-packages/airflow/example_dags/example_latest_only_with_trigger.py for tasks to queue
[2024-04-20T05:35:19.588+0000] {logging_mixin.py:117} INFO - [2024-04-20T05:35:19.588+0000] {dagbag.py:525} INFO - Filling up the DagBag from /home/airflow/.local/lib/python3.7/site-packages/airflow/example_dags/example_latest_only_with_trigger.py
[2024-04-20T05:35:19.633+0000] {processor.py:768} INFO - DAG(s) dict_keys(['latest_only_with_trigger']) retrieved from /home/airflow/.local/lib/python3.7/site-packages/airflow/example_dags/example_latest_only_with_trigger.py
[2024-04-20T05:35:19.738+0000] {logging_mixin.py:117} INFO - [2024-04-20T05:35:19.738+0000] {dag.py:2573} INFO - Sync 1 DAGs
[2024-04-20T05:35:19.790+0000] {logging_mixin.py:117} INFO - [2024-04-20T05:35:19.790+0000] {dag.py:3328} INFO - Setting next_dagrun for latest_only_with_trigger to 2024-04-20T01:35:19.790019+00:00, run_after=2024-04-20T05:35:19.790019+00:00
[2024-04-20T05:35:19.820+0000] {processor.py:178} INFO - Processing /home/airflow/.local/lib/python3.7/site-packages/airflow/example_dags/example_latest_only_with_trigger.py took 0.242 seconds
[2024-04-20T05:35:50.253+0000] {processor.py:156} INFO - Started process (PID=1945) to work on /home/airflow/.local/lib/python3.7/site-packages/airflow/example_dags/example_latest_only_with_trigger.py
[2024-04-20T05:35:50.253+0000] {processor.py:758} INFO - Processing file /home/airflow/.local/lib/python3.7/site-packages/airflow/example_dags/example_latest_only_with_trigger.py for tasks to queue
[2024-04-20T05:35:50.254+0000] {logging_mixin.py:117} INFO - [2024-04-20T05:35:50.254+0000] {dagbag.py:525} INFO - Filling up the DagBag from /home/airflow/.local/lib/python3.7/site-packages/airflow/example_dags/example_latest_only_with_trigger.py
[2024-04-20T05:35:50.286+0000] {processor.py:768} INFO - DAG(s) dict_keys(['latest_only_with_trigger']) retrieved from /home/airflow/.local/lib/python3.7/site-packages/airflow/example_dags/example_latest_only_with_trigger.py
[2024-04-20T05:35:50.356+0000] {logging_mixin.py:117} INFO - [2024-04-20T05:35:50.356+0000] {dag.py:2573} INFO - Sync 1 DAGs
[2024-04-20T05:35:50.387+0000] {logging_mixin.py:117} INFO - [2024-04-20T05:35:50.387+0000] {dag.py:3328} INFO - Setting next_dagrun for latest_only_with_trigger to 2024-04-20T01:35:50.386929+00:00, run_after=2024-04-20T05:35:50.386929+00:00
[2024-04-20T05:35:50.425+0000] {processor.py:178} INFO - Processing /home/airflow/.local/lib/python3.7/site-packages/airflow/example_dags/example_latest_only_with_trigger.py took 0.175 seconds
[2024-04-20T05:36:20.482+0000] {processor.py:156} INFO - Started process (PID=2160) to work on /home/airflow/.local/lib/python3.7/site-packages/airflow/example_dags/example_latest_only_with_trigger.py
[2024-04-20T05:36:20.483+0000] {processor.py:758} INFO - Processing file /home/airflow/.local/lib/python3.7/site-packages/airflow/example_dags/example_latest_only_with_trigger.py for tasks to queue
[2024-04-20T05:36:20.483+0000] {logging_mixin.py:117} INFO - [2024-04-20T05:36:20.483+0000] {dagbag.py:525} INFO - Filling up the DagBag from /home/airflow/.local/lib/python3.7/site-packages/airflow/example_dags/example_latest_only_with_trigger.py
[2024-04-20T05:36:20.515+0000] {processor.py:768} INFO - DAG(s) dict_keys(['latest_only_with_trigger']) retrieved from /home/airflow/.local/lib/python3.7/site-packages/airflow/example_dags/example_latest_only_with_trigger.py
[2024-04-20T05:36:20.575+0000] {logging_mixin.py:117} INFO - [2024-04-20T05:36:20.575+0000] {dag.py:2573} INFO - Sync 1 DAGs
[2024-04-20T05:36:20.635+0000] {logging_mixin.py:117} INFO - [2024-04-20T05:36:20.634+0000] {dag.py:3328} INFO - Setting next_dagrun for latest_only_with_trigger to 2024-04-20T01:36:20.634695+00:00, run_after=2024-04-20T05:36:20.634695+00:00
[2024-04-20T05:36:20.672+0000] {processor.py:178} INFO - Processing /home/airflow/.local/lib/python3.7/site-packages/airflow/example_dags/example_latest_only_with_trigger.py took 0.193 seconds
[2024-04-20T05:36:51.642+0000] {processor.py:156} INFO - Started process (PID=2404) to work on /home/airflow/.local/lib/python3.7/site-packages/airflow/example_dags/example_latest_only_with_trigger.py
[2024-04-20T05:36:51.643+0000] {processor.py:758} INFO - Processing file /home/airflow/.local/lib/python3.7/site-packages/airflow/example_dags/example_latest_only_with_trigger.py for tasks to queue
[2024-04-20T05:36:51.643+0000] {logging_mixin.py:117} INFO - [2024-04-20T05:36:51.643+0000] {dagbag.py:525} INFO - Filling up the DagBag from /home/airflow/.local/lib/python3.7/site-packages/airflow/example_dags/example_latest_only_with_trigger.py
[2024-04-20T05:36:51.669+0000] {processor.py:768} INFO - DAG(s) dict_keys(['latest_only_with_trigger']) retrieved from /home/airflow/.local/lib/python3.7/site-packages/airflow/example_dags/example_latest_only_with_trigger.py
[2024-04-20T05:36:51.733+0000] {logging_mixin.py:117} INFO - [2024-04-20T05:36:51.733+0000] {dag.py:2573} INFO - Sync 1 DAGs
[2024-04-20T05:36:51.774+0000] {logging_mixin.py:117} INFO - [2024-04-20T05:36:51.773+0000] {dag.py:3328} INFO - Setting next_dagrun for latest_only_with_trigger to 2024-04-20T01:36:51.773628+00:00, run_after=2024-04-20T05:36:51.773628+00:00
[2024-04-20T05:36:51.804+0000] {processor.py:178} INFO - Processing /home/airflow/.local/lib/python3.7/site-packages/airflow/example_dags/example_latest_only_with_trigger.py took 0.166 seconds
[2024-04-20T05:37:22.458+0000] {processor.py:156} INFO - Started process (PID=2687) to work on /home/airflow/.local/lib/python3.7/site-packages/airflow/example_dags/example_latest_only_with_trigger.py
[2024-04-20T05:37:22.459+0000] {processor.py:758} INFO - Processing file /home/airflow/.local/lib/python3.7/site-packages/airflow/example_dags/example_latest_only_with_trigger.py for tasks to queue
[2024-04-20T05:37:22.459+0000] {logging_mixin.py:117} INFO - [2024-04-20T05:37:22.459+0000] {dagbag.py:525} INFO - Filling up the DagBag from /home/airflow/.local/lib/python3.7/site-packages/airflow/example_dags/example_latest_only_with_trigger.py
[2024-04-20T05:37:22.479+0000] {processor.py:768} INFO - DAG(s) dict_keys(['latest_only_with_trigger']) retrieved from /home/airflow/.local/lib/python3.7/site-packages/airflow/example_dags/example_latest_only_with_trigger.py
[2024-04-20T05:37:22.529+0000] {logging_mixin.py:117} INFO - [2024-04-20T05:37:22.528+0000] {dag.py:2573} INFO - Sync 1 DAGs
[2024-04-20T05:37:22.560+0000] {logging_mixin.py:117} INFO - [2024-04-20T05:37:22.560+0000] {dag.py:3328} INFO - Setting next_dagrun for latest_only_with_trigger to 2024-04-20T01:37:22.560205+00:00, run_after=2024-04-20T05:37:22.560205+00:00
[2024-04-20T05:37:22.586+0000] {processor.py:178} INFO - Processing /home/airflow/.local/lib/python3.7/site-packages/airflow/example_dags/example_latest_only_with_trigger.py took 0.132 seconds
[2024-04-20T05:37:52.963+0000] {processor.py:156} INFO - Started process (PID=2921) to work on /home/airflow/.local/lib/python3.7/site-packages/airflow/example_dags/example_latest_only_with_trigger.py
[2024-04-20T05:37:52.964+0000] {processor.py:758} INFO - Processing file /home/airflow/.local/lib/python3.7/site-packages/airflow/example_dags/example_latest_only_with_trigger.py for tasks to queue
[2024-04-20T05:37:52.964+0000] {logging_mixin.py:117} INFO - [2024-04-20T05:37:52.964+0000] {dagbag.py:525} INFO - Filling up the DagBag from /home/airflow/.local/lib/python3.7/site-packages/airflow/example_dags/example_latest_only_with_trigger.py
[2024-04-20T05:37:53.002+0000] {processor.py:768} INFO - DAG(s) dict_keys(['latest_only_with_trigger']) retrieved from /home/airflow/.local/lib/python3.7/site-packages/airflow/example_dags/example_latest_only_with_trigger.py
[2024-04-20T05:37:53.094+0000] {logging_mixin.py:117} INFO - [2024-04-20T05:37:53.094+0000] {dag.py:2573} INFO - Sync 1 DAGs
[2024-04-20T05:37:53.187+0000] {logging_mixin.py:117} INFO - [2024-04-20T05:37:53.187+0000] {dag.py:3328} INFO - Setting next_dagrun for latest_only_with_trigger to 2024-04-20T01:37:53.187233+00:00, run_after=2024-04-20T05:37:53.187233+00:00
[2024-04-20T05:37:53.256+0000] {processor.py:178} INFO - Processing /home/airflow/.local/lib/python3.7/site-packages/airflow/example_dags/example_latest_only_with_trigger.py took 0.296 seconds
[2024-04-20T05:38:23.341+0000] {processor.py:156} INFO - Started process (PID=3141) to work on /home/airflow/.local/lib/python3.7/site-packages/airflow/example_dags/example_latest_only_with_trigger.py
[2024-04-20T05:38:23.342+0000] {processor.py:758} INFO - Processing file /home/airflow/.local/lib/python3.7/site-packages/airflow/example_dags/example_latest_only_with_trigger.py for tasks to queue
[2024-04-20T05:38:23.343+0000] {logging_mixin.py:117} INFO - [2024-04-20T05:38:23.342+0000] {dagbag.py:525} INFO - Filling up the DagBag from /home/airflow/.local/lib/python3.7/site-packages/airflow/example_dags/example_latest_only_with_trigger.py
[2024-04-20T05:38:23.361+0000] {processor.py:768} INFO - DAG(s) dict_keys(['latest_only_with_trigger']) retrieved from /home/airflow/.local/lib/python3.7/site-packages/airflow/example_dags/example_latest_only_with_trigger.py
[2024-04-20T05:38:23.406+0000] {logging_mixin.py:117} INFO - [2024-04-20T05:38:23.406+0000] {dag.py:2573} INFO - Sync 1 DAGs
[2024-04-20T05:38:23.451+0000] {logging_mixin.py:117} INFO - [2024-04-20T05:38:23.451+0000] {dag.py:3328} INFO - Setting next_dagrun for latest_only_with_trigger to 2024-04-20T01:38:23.451386+00:00, run_after=2024-04-20T05:38:23.451386+00:00
[2024-04-20T05:38:23.482+0000] {processor.py:178} INFO - Processing /home/airflow/.local/lib/python3.7/site-packages/airflow/example_dags/example_latest_only_with_trigger.py took 0.144 seconds
[2024-04-20T05:38:53.972+0000] {processor.py:156} INFO - Started process (PID=3369) to work on /home/airflow/.local/lib/python3.7/site-packages/airflow/example_dags/example_latest_only_with_trigger.py
[2024-04-20T05:38:53.973+0000] {processor.py:758} INFO - Processing file /home/airflow/.local/lib/python3.7/site-packages/airflow/example_dags/example_latest_only_with_trigger.py for tasks to queue
[2024-04-20T05:38:53.973+0000] {logging_mixin.py:117} INFO - [2024-04-20T05:38:53.973+0000] {dagbag.py:525} INFO - Filling up the DagBag from /home/airflow/.local/lib/python3.7/site-packages/airflow/example_dags/example_latest_only_with_trigger.py
[2024-04-20T05:38:53.991+0000] {processor.py:768} INFO - DAG(s) dict_keys(['latest_only_with_trigger']) retrieved from /home/airflow/.local/lib/python3.7/site-packages/airflow/example_dags/example_latest_only_with_trigger.py
[2024-04-20T05:38:54.041+0000] {logging_mixin.py:117} INFO - [2024-04-20T05:38:54.041+0000] {dag.py:2573} INFO - Sync 1 DAGs
[2024-04-20T05:38:54.073+0000] {logging_mixin.py:117} INFO - [2024-04-20T05:38:54.073+0000] {dag.py:3328} INFO - Setting next_dagrun for latest_only_with_trigger to 2024-04-20T01:38:54.073362+00:00, run_after=2024-04-20T05:38:54.073362+00:00
[2024-04-20T05:38:54.098+0000] {processor.py:178} INFO - Processing /home/airflow/.local/lib/python3.7/site-packages/airflow/example_dags/example_latest_only_with_trigger.py took 0.129 seconds
[2024-04-20T05:39:24.573+0000] {processor.py:156} INFO - Started process (PID=3598) to work on /home/airflow/.local/lib/python3.7/site-packages/airflow/example_dags/example_latest_only_with_trigger.py
[2024-04-20T05:39:24.574+0000] {processor.py:758} INFO - Processing file /home/airflow/.local/lib/python3.7/site-packages/airflow/example_dags/example_latest_only_with_trigger.py for tasks to queue
[2024-04-20T05:39:24.574+0000] {logging_mixin.py:117} INFO - [2024-04-20T05:39:24.574+0000] {dagbag.py:525} INFO - Filling up the DagBag from /home/airflow/.local/lib/python3.7/site-packages/airflow/example_dags/example_latest_only_with_trigger.py
[2024-04-20T05:39:24.592+0000] {processor.py:768} INFO - DAG(s) dict_keys(['latest_only_with_trigger']) retrieved from /home/airflow/.local/lib/python3.7/site-packages/airflow/example_dags/example_latest_only_with_trigger.py
[2024-04-20T05:39:24.640+0000] {logging_mixin.py:117} INFO - [2024-04-20T05:39:24.640+0000] {dag.py:2573} INFO - Sync 1 DAGs
[2024-04-20T05:39:24.673+0000] {logging_mixin.py:117} INFO - [2024-04-20T05:39:24.673+0000] {dag.py:3328} INFO - Setting next_dagrun for latest_only_with_trigger to 2024-04-20T01:39:24.673375+00:00, run_after=2024-04-20T05:39:24.673375+00:00
[2024-04-20T05:39:24.700+0000] {processor.py:178} INFO - Processing /home/airflow/.local/lib/python3.7/site-packages/airflow/example_dags/example_latest_only_with_trigger.py took 0.130 seconds
[2024-04-20T05:39:54.754+0000] {processor.py:156} INFO - Started process (PID=3839) to work on /home/airflow/.local/lib/python3.7/site-packages/airflow/example_dags/example_latest_only_with_trigger.py
[2024-04-20T05:39:54.755+0000] {processor.py:758} INFO - Processing file /home/airflow/.local/lib/python3.7/site-packages/airflow/example_dags/example_latest_only_with_trigger.py for tasks to queue
[2024-04-20T05:39:54.755+0000] {logging_mixin.py:117} INFO - [2024-04-20T05:39:54.755+0000] {dagbag.py:525} INFO - Filling up the DagBag from /home/airflow/.local/lib/python3.7/site-packages/airflow/example_dags/example_latest_only_with_trigger.py
[2024-04-20T05:39:54.772+0000] {processor.py:768} INFO - DAG(s) dict_keys(['latest_only_with_trigger']) retrieved from /home/airflow/.local/lib/python3.7/site-packages/airflow/example_dags/example_latest_only_with_trigger.py
[2024-04-20T05:39:54.843+0000] {logging_mixin.py:117} INFO - [2024-04-20T05:39:54.843+0000] {dag.py:2573} INFO - Sync 1 DAGs
[2024-04-20T05:39:54.874+0000] {logging_mixin.py:117} INFO - [2024-04-20T05:39:54.874+0000] {dag.py:3328} INFO - Setting next_dagrun for latest_only_with_trigger to 2024-04-20T01:39:54.873889+00:00, run_after=2024-04-20T05:39:54.873889+00:00
[2024-04-20T05:39:54.896+0000] {processor.py:178} INFO - Processing /home/airflow/.local/lib/python3.7/site-packages/airflow/example_dags/example_latest_only_with_trigger.py took 0.146 seconds
[2024-04-20T05:40:25.072+0000] {processor.py:156} INFO - Started process (PID=4064) to work on /home/airflow/.local/lib/python3.7/site-packages/airflow/example_dags/example_latest_only_with_trigger.py
[2024-04-20T05:40:25.085+0000] {processor.py:758} INFO - Processing file /home/airflow/.local/lib/python3.7/site-packages/airflow/example_dags/example_latest_only_with_trigger.py for tasks to queue
[2024-04-20T05:40:25.086+0000] {logging_mixin.py:117} INFO - [2024-04-20T05:40:25.086+0000] {dagbag.py:525} INFO - Filling up the DagBag from /home/airflow/.local/lib/python3.7/site-packages/airflow/example_dags/example_latest_only_with_trigger.py
[2024-04-20T05:40:25.142+0000] {processor.py:768} INFO - DAG(s) dict_keys(['latest_only_with_trigger']) retrieved from /home/airflow/.local/lib/python3.7/site-packages/airflow/example_dags/example_latest_only_with_trigger.py
[2024-04-20T05:40:25.230+0000] {logging_mixin.py:117} INFO - [2024-04-20T05:40:25.230+0000] {dag.py:2573} INFO - Sync 1 DAGs
[2024-04-20T05:40:25.274+0000] {logging_mixin.py:117} INFO - [2024-04-20T05:40:25.274+0000] {dag.py:3328} INFO - Setting next_dagrun for latest_only_with_trigger to 2024-04-20T01:40:25.274258+00:00, run_after=2024-04-20T05:40:25.274258+00:00
[2024-04-20T05:40:25.310+0000] {processor.py:178} INFO - Processing /home/airflow/.local/lib/python3.7/site-packages/airflow/example_dags/example_latest_only_with_trigger.py took 0.257 seconds
[2024-04-20T05:40:55.692+0000] {processor.py:156} INFO - Started process (PID=4286) to work on /home/airflow/.local/lib/python3.7/site-packages/airflow/example_dags/example_latest_only_with_trigger.py
[2024-04-20T05:40:55.693+0000] {processor.py:758} INFO - Processing file /home/airflow/.local/lib/python3.7/site-packages/airflow/example_dags/example_latest_only_with_trigger.py for tasks to queue
[2024-04-20T05:40:55.694+0000] {logging_mixin.py:117} INFO - [2024-04-20T05:40:55.694+0000] {dagbag.py:525} INFO - Filling up the DagBag from /home/airflow/.local/lib/python3.7/site-packages/airflow/example_dags/example_latest_only_with_trigger.py
[2024-04-20T05:40:55.766+0000] {processor.py:768} INFO - DAG(s) dict_keys(['latest_only_with_trigger']) retrieved from /home/airflow/.local/lib/python3.7/site-packages/airflow/example_dags/example_latest_only_with_trigger.py
[2024-04-20T05:40:55.913+0000] {logging_mixin.py:117} INFO - [2024-04-20T05:40:55.913+0000] {dag.py:2573} INFO - Sync 1 DAGs
[2024-04-20T05:40:55.990+0000] {logging_mixin.py:117} INFO - [2024-04-20T05:40:55.990+0000] {dag.py:3328} INFO - Setting next_dagrun for latest_only_with_trigger to 2024-04-20T01:40:55.989771+00:00, run_after=2024-04-20T05:40:55.989771+00:00
[2024-04-20T05:40:56.033+0000] {processor.py:178} INFO - Processing /home/airflow/.local/lib/python3.7/site-packages/airflow/example_dags/example_latest_only_with_trigger.py took 0.353 seconds
[2024-04-20T05:41:26.698+0000] {processor.py:156} INFO - Started process (PID=4517) to work on /home/airflow/.local/lib/python3.7/site-packages/airflow/example_dags/example_latest_only_with_trigger.py
[2024-04-20T05:41:26.699+0000] {processor.py:758} INFO - Processing file /home/airflow/.local/lib/python3.7/site-packages/airflow/example_dags/example_latest_only_with_trigger.py for tasks to queue
[2024-04-20T05:41:26.699+0000] {logging_mixin.py:117} INFO - [2024-04-20T05:41:26.699+0000] {dagbag.py:525} INFO - Filling up the DagBag from /home/airflow/.local/lib/python3.7/site-packages/airflow/example_dags/example_latest_only_with_trigger.py
[2024-04-20T05:41:26.718+0000] {processor.py:768} INFO - DAG(s) dict_keys(['latest_only_with_trigger']) retrieved from /home/airflow/.local/lib/python3.7/site-packages/airflow/example_dags/example_latest_only_with_trigger.py
[2024-04-20T05:41:26.768+0000] {logging_mixin.py:117} INFO - [2024-04-20T05:41:26.768+0000] {dag.py:2573} INFO - Sync 1 DAGs
[2024-04-20T05:41:26.800+0000] {logging_mixin.py:117} INFO - [2024-04-20T05:41:26.799+0000] {dag.py:3328} INFO - Setting next_dagrun for latest_only_with_trigger to 2024-04-20T01:41:26.799639+00:00, run_after=2024-04-20T05:41:26.799639+00:00
[2024-04-20T05:41:26.824+0000] {processor.py:178} INFO - Processing /home/airflow/.local/lib/python3.7/site-packages/airflow/example_dags/example_latest_only_with_trigger.py took 0.129 seconds
[2024-04-20T05:41:57.465+0000] {processor.py:156} INFO - Started process (PID=4744) to work on /home/airflow/.local/lib/python3.7/site-packages/airflow/example_dags/example_latest_only_with_trigger.py
[2024-04-20T05:41:57.465+0000] {processor.py:758} INFO - Processing file /home/airflow/.local/lib/python3.7/site-packages/airflow/example_dags/example_latest_only_with_trigger.py for tasks to queue
[2024-04-20T05:41:57.466+0000] {logging_mixin.py:117} INFO - [2024-04-20T05:41:57.466+0000] {dagbag.py:525} INFO - Filling up the DagBag from /home/airflow/.local/lib/python3.7/site-packages/airflow/example_dags/example_latest_only_with_trigger.py
[2024-04-20T05:41:57.483+0000] {processor.py:768} INFO - DAG(s) dict_keys(['latest_only_with_trigger']) retrieved from /home/airflow/.local/lib/python3.7/site-packages/airflow/example_dags/example_latest_only_with_trigger.py
[2024-04-20T05:41:57.532+0000] {logging_mixin.py:117} INFO - [2024-04-20T05:41:57.532+0000] {dag.py:2573} INFO - Sync 1 DAGs
[2024-04-20T05:41:57.560+0000] {logging_mixin.py:117} INFO - [2024-04-20T05:41:57.560+0000] {dag.py:3328} INFO - Setting next_dagrun for latest_only_with_trigger to 2024-04-20T01:41:57.560279+00:00, run_after=2024-04-20T05:41:57.560279+00:00
[2024-04-20T05:41:57.590+0000] {processor.py:178} INFO - Processing /home/airflow/.local/lib/python3.7/site-packages/airflow/example_dags/example_latest_only_with_trigger.py took 0.128 seconds
[2024-04-20T05:42:27.783+0000] {processor.py:156} INFO - Started process (PID=5004) to work on /home/airflow/.local/lib/python3.7/site-packages/airflow/example_dags/example_latest_only_with_trigger.py
[2024-04-20T05:42:27.784+0000] {processor.py:758} INFO - Processing file /home/airflow/.local/lib/python3.7/site-packages/airflow/example_dags/example_latest_only_with_trigger.py for tasks to queue
[2024-04-20T05:42:27.787+0000] {logging_mixin.py:117} INFO - [2024-04-20T05:42:27.787+0000] {dagbag.py:525} INFO - Filling up the DagBag from /home/airflow/.local/lib/python3.7/site-packages/airflow/example_dags/example_latest_only_with_trigger.py
[2024-04-20T05:42:27.826+0000] {processor.py:768} INFO - DAG(s) dict_keys(['latest_only_with_trigger']) retrieved from /home/airflow/.local/lib/python3.7/site-packages/airflow/example_dags/example_latest_only_with_trigger.py
[2024-04-20T05:42:27.921+0000] {logging_mixin.py:117} INFO - [2024-04-20T05:42:27.920+0000] {dag.py:2573} INFO - Sync 1 DAGs
[2024-04-20T05:42:27.960+0000] {logging_mixin.py:117} INFO - [2024-04-20T05:42:27.960+0000] {dag.py:3328} INFO - Setting next_dagrun for latest_only_with_trigger to 2024-04-20T01:42:27.959739+00:00, run_after=2024-04-20T05:42:27.959739+00:00
[2024-04-20T05:42:27.987+0000] {processor.py:178} INFO - Processing /home/airflow/.local/lib/python3.7/site-packages/airflow/example_dags/example_latest_only_with_trigger.py took 0.212 seconds
[2024-04-20T05:42:58.341+0000] {processor.py:156} INFO - Started process (PID=5236) to work on /home/airflow/.local/lib/python3.7/site-packages/airflow/example_dags/example_latest_only_with_trigger.py
[2024-04-20T05:42:58.342+0000] {processor.py:758} INFO - Processing file /home/airflow/.local/lib/python3.7/site-packages/airflow/example_dags/example_latest_only_with_trigger.py for tasks to queue
[2024-04-20T05:42:58.343+0000] {logging_mixin.py:117} INFO - [2024-04-20T05:42:58.342+0000] {dagbag.py:525} INFO - Filling up the DagBag from /home/airflow/.local/lib/python3.7/site-packages/airflow/example_dags/example_latest_only_with_trigger.py
[2024-04-20T05:42:58.360+0000] {processor.py:768} INFO - DAG(s) dict_keys(['latest_only_with_trigger']) retrieved from /home/airflow/.local/lib/python3.7/site-packages/airflow/example_dags/example_latest_only_with_trigger.py
[2024-04-20T05:42:58.405+0000] {logging_mixin.py:117} INFO - [2024-04-20T05:42:58.405+0000] {dag.py:2573} INFO - Sync 1 DAGs
[2024-04-20T05:42:58.436+0000] {logging_mixin.py:117} INFO - [2024-04-20T05:42:58.436+0000] {dag.py:3328} INFO - Setting next_dagrun for latest_only_with_trigger to 2024-04-20T01:42:58.436174+00:00, run_after=2024-04-20T05:42:58.436174+00:00
[2024-04-20T05:42:58.461+0000] {processor.py:178} INFO - Processing /home/airflow/.local/lib/python3.7/site-packages/airflow/example_dags/example_latest_only_with_trigger.py took 0.123 seconds
[2024-04-20T05:43:28.767+0000] {processor.py:156} INFO - Started process (PID=5510) to work on /home/airflow/.local/lib/python3.7/site-packages/airflow/example_dags/example_latest_only_with_trigger.py
[2024-04-20T05:43:28.768+0000] {processor.py:758} INFO - Processing file /home/airflow/.local/lib/python3.7/site-packages/airflow/example_dags/example_latest_only_with_trigger.py for tasks to queue
[2024-04-20T05:43:28.769+0000] {logging_mixin.py:117} INFO - [2024-04-20T05:43:28.768+0000] {dagbag.py:525} INFO - Filling up the DagBag from /home/airflow/.local/lib/python3.7/site-packages/airflow/example_dags/example_latest_only_with_trigger.py
[2024-04-20T05:43:28.785+0000] {processor.py:768} INFO - DAG(s) dict_keys(['latest_only_with_trigger']) retrieved from /home/airflow/.local/lib/python3.7/site-packages/airflow/example_dags/example_latest_only_with_trigger.py
[2024-04-20T05:43:28.832+0000] {logging_mixin.py:117} INFO - [2024-04-20T05:43:28.832+0000] {dag.py:2573} INFO - Sync 1 DAGs
[2024-04-20T05:43:28.867+0000] {logging_mixin.py:117} INFO - [2024-04-20T05:43:28.867+0000] {dag.py:3328} INFO - Setting next_dagrun for latest_only_with_trigger to 2024-04-20T01:43:28.867455+00:00, run_after=2024-04-20T05:43:28.867455+00:00
[2024-04-20T05:43:28.892+0000] {processor.py:178} INFO - Processing /home/airflow/.local/lib/python3.7/site-packages/airflow/example_dags/example_latest_only_with_trigger.py took 0.128 seconds
[2024-04-20T05:43:59.607+0000] {processor.py:156} INFO - Started process (PID=5737) to work on /home/airflow/.local/lib/python3.7/site-packages/airflow/example_dags/example_latest_only_with_trigger.py
[2024-04-20T05:43:59.607+0000] {processor.py:758} INFO - Processing file /home/airflow/.local/lib/python3.7/site-packages/airflow/example_dags/example_latest_only_with_trigger.py for tasks to queue
[2024-04-20T05:43:59.608+0000] {logging_mixin.py:117} INFO - [2024-04-20T05:43:59.608+0000] {dagbag.py:525} INFO - Filling up the DagBag from /home/airflow/.local/lib/python3.7/site-packages/airflow/example_dags/example_latest_only_with_trigger.py
[2024-04-20T05:43:59.635+0000] {processor.py:768} INFO - DAG(s) dict_keys(['latest_only_with_trigger']) retrieved from /home/airflow/.local/lib/python3.7/site-packages/airflow/example_dags/example_latest_only_with_trigger.py
[2024-04-20T05:43:59.693+0000] {logging_mixin.py:117} INFO - [2024-04-20T05:43:59.693+0000] {dag.py:2573} INFO - Sync 1 DAGs
[2024-04-20T05:43:59.732+0000] {logging_mixin.py:117} INFO - [2024-04-20T05:43:59.732+0000] {dag.py:3328} INFO - Setting next_dagrun for latest_only_with_trigger to 2024-04-20T01:43:59.731804+00:00, run_after=2024-04-20T05:43:59.731804+00:00
[2024-04-20T05:43:59.761+0000] {processor.py:178} INFO - Processing /home/airflow/.local/lib/python3.7/site-packages/airflow/example_dags/example_latest_only_with_trigger.py took 0.157 seconds
[2024-04-20T05:44:30.556+0000] {processor.py:156} INFO - Started process (PID=5984) to work on /home/airflow/.local/lib/python3.7/site-packages/airflow/example_dags/example_latest_only_with_trigger.py
[2024-04-20T05:44:30.557+0000] {processor.py:758} INFO - Processing file /home/airflow/.local/lib/python3.7/site-packages/airflow/example_dags/example_latest_only_with_trigger.py for tasks to queue
[2024-04-20T05:44:30.557+0000] {logging_mixin.py:117} INFO - [2024-04-20T05:44:30.557+0000] {dagbag.py:525} INFO - Filling up the DagBag from /home/airflow/.local/lib/python3.7/site-packages/airflow/example_dags/example_latest_only_with_trigger.py
[2024-04-20T05:44:30.574+0000] {processor.py:768} INFO - DAG(s) dict_keys(['latest_only_with_trigger']) retrieved from /home/airflow/.local/lib/python3.7/site-packages/airflow/example_dags/example_latest_only_with_trigger.py
[2024-04-20T05:44:30.627+0000] {logging_mixin.py:117} INFO - [2024-04-20T05:44:30.627+0000] {dag.py:2573} INFO - Sync 1 DAGs
[2024-04-20T05:44:30.662+0000] {logging_mixin.py:117} INFO - [2024-04-20T05:44:30.662+0000] {dag.py:3328} INFO - Setting next_dagrun for latest_only_with_trigger to 2024-04-20T01:44:30.661853+00:00, run_after=2024-04-20T05:44:30.661853+00:00
[2024-04-20T05:44:30.686+0000] {processor.py:178} INFO - Processing /home/airflow/.local/lib/python3.7/site-packages/airflow/example_dags/example_latest_only_with_trigger.py took 0.135 seconds
[2024-04-20T05:45:01.877+0000] {processor.py:156} INFO - Started process (PID=6258) to work on /home/airflow/.local/lib/python3.7/site-packages/airflow/example_dags/example_latest_only_with_trigger.py
[2024-04-20T05:45:01.879+0000] {processor.py:758} INFO - Processing file /home/airflow/.local/lib/python3.7/site-packages/airflow/example_dags/example_latest_only_with_trigger.py for tasks to queue
[2024-04-20T05:45:01.880+0000] {logging_mixin.py:117} INFO - [2024-04-20T05:45:01.880+0000] {dagbag.py:525} INFO - Filling up the DagBag from /home/airflow/.local/lib/python3.7/site-packages/airflow/example_dags/example_latest_only_with_trigger.py
[2024-04-20T05:45:01.926+0000] {processor.py:768} INFO - DAG(s) dict_keys(['latest_only_with_trigger']) retrieved from /home/airflow/.local/lib/python3.7/site-packages/airflow/example_dags/example_latest_only_with_trigger.py
[2024-04-20T05:45:02.007+0000] {logging_mixin.py:117} INFO - [2024-04-20T05:45:02.007+0000] {dag.py:2573} INFO - Sync 1 DAGs
[2024-04-20T05:45:02.038+0000] {logging_mixin.py:117} INFO - [2024-04-20T05:45:02.038+0000] {dag.py:3328} INFO - Setting next_dagrun for latest_only_with_trigger to 2024-04-20T01:45:02.037918+00:00, run_after=2024-04-20T05:45:02.037918+00:00
[2024-04-20T05:45:02.083+0000] {processor.py:178} INFO - Processing /home/airflow/.local/lib/python3.7/site-packages/airflow/example_dags/example_latest_only_with_trigger.py took 0.224 seconds
[2024-04-20T05:45:33.061+0000] {processor.py:156} INFO - Started process (PID=6514) to work on /home/airflow/.local/lib/python3.7/site-packages/airflow/example_dags/example_latest_only_with_trigger.py
[2024-04-20T05:45:33.062+0000] {processor.py:758} INFO - Processing file /home/airflow/.local/lib/python3.7/site-packages/airflow/example_dags/example_latest_only_with_trigger.py for tasks to queue
[2024-04-20T05:45:33.062+0000] {logging_mixin.py:117} INFO - [2024-04-20T05:45:33.062+0000] {dagbag.py:525} INFO - Filling up the DagBag from /home/airflow/.local/lib/python3.7/site-packages/airflow/example_dags/example_latest_only_with_trigger.py
[2024-04-20T05:45:33.080+0000] {processor.py:768} INFO - DAG(s) dict_keys(['latest_only_with_trigger']) retrieved from /home/airflow/.local/lib/python3.7/site-packages/airflow/example_dags/example_latest_only_with_trigger.py
[2024-04-20T05:45:33.136+0000] {logging_mixin.py:117} INFO - [2024-04-20T05:45:33.136+0000] {dag.py:2573} INFO - Sync 1 DAGs
[2024-04-20T05:45:33.173+0000] {logging_mixin.py:117} INFO - [2024-04-20T05:45:33.173+0000] {dag.py:3328} INFO - Setting next_dagrun for latest_only_with_trigger to 2024-04-20T01:45:33.173302+00:00, run_after=2024-04-20T05:45:33.173302+00:00
[2024-04-20T05:45:33.210+0000] {processor.py:178} INFO - Processing /home/airflow/.local/lib/python3.7/site-packages/airflow/example_dags/example_latest_only_with_trigger.py took 0.153 seconds
[2024-04-20T05:46:04.193+0000] {processor.py:156} INFO - Started process (PID=6786) to work on /home/airflow/.local/lib/python3.7/site-packages/airflow/example_dags/example_latest_only_with_trigger.py
[2024-04-20T05:46:04.194+0000] {processor.py:758} INFO - Processing file /home/airflow/.local/lib/python3.7/site-packages/airflow/example_dags/example_latest_only_with_trigger.py for tasks to queue
[2024-04-20T05:46:04.195+0000] {logging_mixin.py:117} INFO - [2024-04-20T05:46:04.195+0000] {dagbag.py:525} INFO - Filling up the DagBag from /home/airflow/.local/lib/python3.7/site-packages/airflow/example_dags/example_latest_only_with_trigger.py
[2024-04-20T05:46:04.211+0000] {processor.py:768} INFO - DAG(s) dict_keys(['latest_only_with_trigger']) retrieved from /home/airflow/.local/lib/python3.7/site-packages/airflow/example_dags/example_latest_only_with_trigger.py
[2024-04-20T05:46:04.260+0000] {logging_mixin.py:117} INFO - [2024-04-20T05:46:04.260+0000] {dag.py:2573} INFO - Sync 1 DAGs
[2024-04-20T05:46:04.296+0000] {logging_mixin.py:117} INFO - [2024-04-20T05:46:04.296+0000] {dag.py:3328} INFO - Setting next_dagrun for latest_only_with_trigger to 2024-04-20T01:46:04.296112+00:00, run_after=2024-04-20T05:46:04.296112+00:00
[2024-04-20T05:46:04.323+0000] {processor.py:178} INFO - Processing /home/airflow/.local/lib/python3.7/site-packages/airflow/example_dags/example_latest_only_with_trigger.py took 0.133 seconds
[2024-04-20T05:46:35.052+0000] {processor.py:156} INFO - Started process (PID=7028) to work on /home/airflow/.local/lib/python3.7/site-packages/airflow/example_dags/example_latest_only_with_trigger.py
[2024-04-20T05:46:35.053+0000] {processor.py:758} INFO - Processing file /home/airflow/.local/lib/python3.7/site-packages/airflow/example_dags/example_latest_only_with_trigger.py for tasks to queue
[2024-04-20T05:46:35.053+0000] {logging_mixin.py:117} INFO - [2024-04-20T05:46:35.053+0000] {dagbag.py:525} INFO - Filling up the DagBag from /home/airflow/.local/lib/python3.7/site-packages/airflow/example_dags/example_latest_only_with_trigger.py
[2024-04-20T05:46:35.088+0000] {processor.py:768} INFO - DAG(s) dict_keys(['latest_only_with_trigger']) retrieved from /home/airflow/.local/lib/python3.7/site-packages/airflow/example_dags/example_latest_only_with_trigger.py
[2024-04-20T05:46:35.182+0000] {logging_mixin.py:117} INFO - [2024-04-20T05:46:35.182+0000] {dag.py:2573} INFO - Sync 1 DAGs
[2024-04-20T05:46:35.271+0000] {logging_mixin.py:117} INFO - [2024-04-20T05:46:35.271+0000] {dag.py:3328} INFO - Setting next_dagrun for latest_only_with_trigger to 2024-04-20T01:46:35.271125+00:00, run_after=2024-04-20T05:46:35.271125+00:00
[2024-04-20T05:46:35.345+0000] {processor.py:178} INFO - Processing /home/airflow/.local/lib/python3.7/site-packages/airflow/example_dags/example_latest_only_with_trigger.py took 0.296 seconds
[2024-04-20T05:47:05.609+0000] {processor.py:156} INFO - Started process (PID=7275) to work on /home/airflow/.local/lib/python3.7/site-packages/airflow/example_dags/example_latest_only_with_trigger.py
[2024-04-20T05:47:05.610+0000] {processor.py:758} INFO - Processing file /home/airflow/.local/lib/python3.7/site-packages/airflow/example_dags/example_latest_only_with_trigger.py for tasks to queue
[2024-04-20T05:47:05.610+0000] {logging_mixin.py:117} INFO - [2024-04-20T05:47:05.610+0000] {dagbag.py:525} INFO - Filling up the DagBag from /home/airflow/.local/lib/python3.7/site-packages/airflow/example_dags/example_latest_only_with_trigger.py
[2024-04-20T05:47:05.633+0000] {processor.py:768} INFO - DAG(s) dict_keys(['latest_only_with_trigger']) retrieved from /home/airflow/.local/lib/python3.7/site-packages/airflow/example_dags/example_latest_only_with_trigger.py
[2024-04-20T05:47:05.682+0000] {logging_mixin.py:117} INFO - [2024-04-20T05:47:05.682+0000] {dag.py:2573} INFO - Sync 1 DAGs
[2024-04-20T05:47:05.722+0000] {logging_mixin.py:117} INFO - [2024-04-20T05:47:05.722+0000] {dag.py:3328} INFO - Setting next_dagrun for latest_only_with_trigger to 2024-04-20T01:47:05.722026+00:00, run_after=2024-04-20T05:47:05.722026+00:00
[2024-04-20T05:47:05.748+0000] {processor.py:178} INFO - Processing /home/airflow/.local/lib/python3.7/site-packages/airflow/example_dags/example_latest_only_with_trigger.py took 0.143 seconds
[2024-04-20T05:47:35.786+0000] {processor.py:156} INFO - Started process (PID=7537) to work on /home/airflow/.local/lib/python3.7/site-packages/airflow/example_dags/example_latest_only_with_trigger.py
[2024-04-20T05:47:35.787+0000] {processor.py:758} INFO - Processing file /home/airflow/.local/lib/python3.7/site-packages/airflow/example_dags/example_latest_only_with_trigger.py for tasks to queue
[2024-04-20T05:47:35.787+0000] {logging_mixin.py:117} INFO - [2024-04-20T05:47:35.787+0000] {dagbag.py:525} INFO - Filling up the DagBag from /home/airflow/.local/lib/python3.7/site-packages/airflow/example_dags/example_latest_only_with_trigger.py
[2024-04-20T05:47:35.800+0000] {processor.py:768} INFO - DAG(s) dict_keys(['latest_only_with_trigger']) retrieved from /home/airflow/.local/lib/python3.7/site-packages/airflow/example_dags/example_latest_only_with_trigger.py
[2024-04-20T05:47:35.834+0000] {logging_mixin.py:117} INFO - [2024-04-20T05:47:35.834+0000] {dag.py:2573} INFO - Sync 1 DAGs
[2024-04-20T05:47:35.854+0000] {logging_mixin.py:117} INFO - [2024-04-20T05:47:35.854+0000] {dag.py:3328} INFO - Setting next_dagrun for latest_only_with_trigger to 2024-04-20T01:47:35.854202+00:00, run_after=2024-04-20T05:47:35.854202+00:00
[2024-04-20T05:47:35.873+0000] {processor.py:178} INFO - Processing /home/airflow/.local/lib/python3.7/site-packages/airflow/example_dags/example_latest_only_with_trigger.py took 0.090 seconds
[2024-04-20T05:48:06.149+0000] {processor.py:156} INFO - Started process (PID=7792) to work on /home/airflow/.local/lib/python3.7/site-packages/airflow/example_dags/example_latest_only_with_trigger.py
[2024-04-20T05:48:06.150+0000] {processor.py:758} INFO - Processing file /home/airflow/.local/lib/python3.7/site-packages/airflow/example_dags/example_latest_only_with_trigger.py for tasks to queue
[2024-04-20T05:48:06.151+0000] {logging_mixin.py:117} INFO - [2024-04-20T05:48:06.151+0000] {dagbag.py:525} INFO - Filling up the DagBag from /home/airflow/.local/lib/python3.7/site-packages/airflow/example_dags/example_latest_only_with_trigger.py
[2024-04-20T05:48:06.168+0000] {processor.py:768} INFO - DAG(s) dict_keys(['latest_only_with_trigger']) retrieved from /home/airflow/.local/lib/python3.7/site-packages/airflow/example_dags/example_latest_only_with_trigger.py
[2024-04-20T05:48:06.221+0000] {logging_mixin.py:117} INFO - [2024-04-20T05:48:06.221+0000] {dag.py:2573} INFO - Sync 1 DAGs
[2024-04-20T05:48:06.312+0000] {logging_mixin.py:117} INFO - [2024-04-20T05:48:06.312+0000] {dag.py:3328} INFO - Setting next_dagrun for latest_only_with_trigger to 2024-04-20T01:48:06.312005+00:00, run_after=2024-04-20T05:48:06.312005+00:00
[2024-04-20T05:48:06.358+0000] {processor.py:178} INFO - Processing /home/airflow/.local/lib/python3.7/site-packages/airflow/example_dags/example_latest_only_with_trigger.py took 0.213 seconds
[2024-04-20T05:48:36.887+0000] {processor.py:156} INFO - Started process (PID=8015) to work on /home/airflow/.local/lib/python3.7/site-packages/airflow/example_dags/example_latest_only_with_trigger.py
[2024-04-20T05:48:36.888+0000] {processor.py:758} INFO - Processing file /home/airflow/.local/lib/python3.7/site-packages/airflow/example_dags/example_latest_only_with_trigger.py for tasks to queue
[2024-04-20T05:48:36.888+0000] {logging_mixin.py:117} INFO - [2024-04-20T05:48:36.888+0000] {dagbag.py:525} INFO - Filling up the DagBag from /home/airflow/.local/lib/python3.7/site-packages/airflow/example_dags/example_latest_only_with_trigger.py
[2024-04-20T05:48:36.900+0000] {processor.py:768} INFO - DAG(s) dict_keys(['latest_only_with_trigger']) retrieved from /home/airflow/.local/lib/python3.7/site-packages/airflow/example_dags/example_latest_only_with_trigger.py
[2024-04-20T05:48:36.938+0000] {logging_mixin.py:117} INFO - [2024-04-20T05:48:36.938+0000] {dag.py:2573} INFO - Sync 1 DAGs
[2024-04-20T05:48:36.966+0000] {logging_mixin.py:117} INFO - [2024-04-20T05:48:36.966+0000] {dag.py:3328} INFO - Setting next_dagrun for latest_only_with_trigger to 2024-04-20T01:48:36.966533+00:00, run_after=2024-04-20T05:48:36.966533+00:00
[2024-04-20T05:48:37.006+0000] {processor.py:178} INFO - Processing /home/airflow/.local/lib/python3.7/site-packages/airflow/example_dags/example_latest_only_with_trigger.py took 0.121 seconds
[2024-04-20T05:49:07.333+0000] {processor.py:156} INFO - Started process (PID=8259) to work on /home/airflow/.local/lib/python3.7/site-packages/airflow/example_dags/example_latest_only_with_trigger.py
[2024-04-20T05:49:07.334+0000] {processor.py:758} INFO - Processing file /home/airflow/.local/lib/python3.7/site-packages/airflow/example_dags/example_latest_only_with_trigger.py for tasks to queue
[2024-04-20T05:49:07.334+0000] {logging_mixin.py:117} INFO - [2024-04-20T05:49:07.334+0000] {dagbag.py:525} INFO - Filling up the DagBag from /home/airflow/.local/lib/python3.7/site-packages/airflow/example_dags/example_latest_only_with_trigger.py
[2024-04-20T05:49:07.347+0000] {processor.py:768} INFO - DAG(s) dict_keys(['latest_only_with_trigger']) retrieved from /home/airflow/.local/lib/python3.7/site-packages/airflow/example_dags/example_latest_only_with_trigger.py
[2024-04-20T05:49:07.381+0000] {logging_mixin.py:117} INFO - [2024-04-20T05:49:07.381+0000] {dag.py:2573} INFO - Sync 1 DAGs
[2024-04-20T05:49:07.401+0000] {logging_mixin.py:117} INFO - [2024-04-20T05:49:07.401+0000] {dag.py:3328} INFO - Setting next_dagrun for latest_only_with_trigger to 2024-04-20T01:49:07.400905+00:00, run_after=2024-04-20T05:49:07.400905+00:00
[2024-04-20T05:49:07.419+0000] {processor.py:178} INFO - Processing /home/airflow/.local/lib/python3.7/site-packages/airflow/example_dags/example_latest_only_with_trigger.py took 0.088 seconds
[2024-04-20T05:49:37.461+0000] {processor.py:156} INFO - Started process (PID=8478) to work on /home/airflow/.local/lib/python3.7/site-packages/airflow/example_dags/example_latest_only_with_trigger.py
[2024-04-20T05:49:37.462+0000] {processor.py:758} INFO - Processing file /home/airflow/.local/lib/python3.7/site-packages/airflow/example_dags/example_latest_only_with_trigger.py for tasks to queue
[2024-04-20T05:49:37.462+0000] {logging_mixin.py:117} INFO - [2024-04-20T05:49:37.462+0000] {dagbag.py:525} INFO - Filling up the DagBag from /home/airflow/.local/lib/python3.7/site-packages/airflow/example_dags/example_latest_only_with_trigger.py
[2024-04-20T05:49:37.475+0000] {processor.py:768} INFO - DAG(s) dict_keys(['latest_only_with_trigger']) retrieved from /home/airflow/.local/lib/python3.7/site-packages/airflow/example_dags/example_latest_only_with_trigger.py
[2024-04-20T05:49:37.508+0000] {logging_mixin.py:117} INFO - [2024-04-20T05:49:37.508+0000] {dag.py:2573} INFO - Sync 1 DAGs
[2024-04-20T05:49:37.529+0000] {logging_mixin.py:117} INFO - [2024-04-20T05:49:37.529+0000] {dag.py:3328} INFO - Setting next_dagrun for latest_only_with_trigger to 2024-04-20T01:49:37.528927+00:00, run_after=2024-04-20T05:49:37.528927+00:00
[2024-04-20T05:49:37.549+0000] {processor.py:178} INFO - Processing /home/airflow/.local/lib/python3.7/site-packages/airflow/example_dags/example_latest_only_with_trigger.py took 0.090 seconds
[2024-04-20T05:50:08.076+0000] {processor.py:156} INFO - Started process (PID=8733) to work on /home/airflow/.local/lib/python3.7/site-packages/airflow/example_dags/example_latest_only_with_trigger.py
[2024-04-20T05:50:08.077+0000] {processor.py:758} INFO - Processing file /home/airflow/.local/lib/python3.7/site-packages/airflow/example_dags/example_latest_only_with_trigger.py for tasks to queue
[2024-04-20T05:50:08.077+0000] {logging_mixin.py:117} INFO - [2024-04-20T05:50:08.077+0000] {dagbag.py:525} INFO - Filling up the DagBag from /home/airflow/.local/lib/python3.7/site-packages/airflow/example_dags/example_latest_only_with_trigger.py
[2024-04-20T05:50:08.095+0000] {processor.py:768} INFO - DAG(s) dict_keys(['latest_only_with_trigger']) retrieved from /home/airflow/.local/lib/python3.7/site-packages/airflow/example_dags/example_latest_only_with_trigger.py
[2024-04-20T05:50:08.141+0000] {logging_mixin.py:117} INFO - [2024-04-20T05:50:08.141+0000] {dag.py:2573} INFO - Sync 1 DAGs
[2024-04-20T05:50:08.176+0000] {logging_mixin.py:117} INFO - [2024-04-20T05:50:08.176+0000] {dag.py:3328} INFO - Setting next_dagrun for latest_only_with_trigger to 2024-04-20T01:50:08.176157+00:00, run_after=2024-04-20T05:50:08.176157+00:00
[2024-04-20T05:50:08.201+0000] {processor.py:178} INFO - Processing /home/airflow/.local/lib/python3.7/site-packages/airflow/example_dags/example_latest_only_with_trigger.py took 0.129 seconds
[2024-04-20T05:50:38.573+0000] {processor.py:156} INFO - Started process (PID=8961) to work on /home/airflow/.local/lib/python3.7/site-packages/airflow/example_dags/example_latest_only_with_trigger.py
[2024-04-20T05:50:38.574+0000] {processor.py:758} INFO - Processing file /home/airflow/.local/lib/python3.7/site-packages/airflow/example_dags/example_latest_only_with_trigger.py for tasks to queue
[2024-04-20T05:50:38.574+0000] {logging_mixin.py:117} INFO - [2024-04-20T05:50:38.574+0000] {dagbag.py:525} INFO - Filling up the DagBag from /home/airflow/.local/lib/python3.7/site-packages/airflow/example_dags/example_latest_only_with_trigger.py
[2024-04-20T05:50:38.587+0000] {processor.py:768} INFO - DAG(s) dict_keys(['latest_only_with_trigger']) retrieved from /home/airflow/.local/lib/python3.7/site-packages/airflow/example_dags/example_latest_only_with_trigger.py
[2024-04-20T05:50:38.629+0000] {logging_mixin.py:117} INFO - [2024-04-20T05:50:38.628+0000] {dag.py:2573} INFO - Sync 1 DAGs
[2024-04-20T05:50:38.654+0000] {logging_mixin.py:117} INFO - [2024-04-20T05:50:38.653+0000] {dag.py:3328} INFO - Setting next_dagrun for latest_only_with_trigger to 2024-04-20T01:50:38.653659+00:00, run_after=2024-04-20T05:50:38.653659+00:00
[2024-04-20T05:50:38.674+0000] {processor.py:178} INFO - Processing /home/airflow/.local/lib/python3.7/site-packages/airflow/example_dags/example_latest_only_with_trigger.py took 0.103 seconds
[2024-04-20T05:51:09.108+0000] {processor.py:156} INFO - Started process (PID=9181) to work on /home/airflow/.local/lib/python3.7/site-packages/airflow/example_dags/example_latest_only_with_trigger.py
[2024-04-20T05:51:09.108+0000] {processor.py:758} INFO - Processing file /home/airflow/.local/lib/python3.7/site-packages/airflow/example_dags/example_latest_only_with_trigger.py for tasks to queue
[2024-04-20T05:51:09.109+0000] {logging_mixin.py:117} INFO - [2024-04-20T05:51:09.109+0000] {dagbag.py:525} INFO - Filling up the DagBag from /home/airflow/.local/lib/python3.7/site-packages/airflow/example_dags/example_latest_only_with_trigger.py
[2024-04-20T05:51:09.121+0000] {processor.py:768} INFO - DAG(s) dict_keys(['latest_only_with_trigger']) retrieved from /home/airflow/.local/lib/python3.7/site-packages/airflow/example_dags/example_latest_only_with_trigger.py
[2024-04-20T05:51:09.156+0000] {logging_mixin.py:117} INFO - [2024-04-20T05:51:09.156+0000] {dag.py:2573} INFO - Sync 1 DAGs
[2024-04-20T05:51:09.175+0000] {logging_mixin.py:117} INFO - [2024-04-20T05:51:09.175+0000] {dag.py:3328} INFO - Setting next_dagrun for latest_only_with_trigger to 2024-04-20T01:51:09.175632+00:00, run_after=2024-04-20T05:51:09.175632+00:00
[2024-04-20T05:51:09.195+0000] {processor.py:178} INFO - Processing /home/airflow/.local/lib/python3.7/site-packages/airflow/example_dags/example_latest_only_with_trigger.py took 0.089 seconds
[2024-04-20T05:51:39.450+0000] {processor.py:156} INFO - Started process (PID=9414) to work on /home/airflow/.local/lib/python3.7/site-packages/airflow/example_dags/example_latest_only_with_trigger.py
[2024-04-20T05:51:39.451+0000] {processor.py:758} INFO - Processing file /home/airflow/.local/lib/python3.7/site-packages/airflow/example_dags/example_latest_only_with_trigger.py for tasks to queue
[2024-04-20T05:51:39.451+0000] {logging_mixin.py:117} INFO - [2024-04-20T05:51:39.451+0000] {dagbag.py:525} INFO - Filling up the DagBag from /home/airflow/.local/lib/python3.7/site-packages/airflow/example_dags/example_latest_only_with_trigger.py
[2024-04-20T05:51:39.464+0000] {processor.py:768} INFO - DAG(s) dict_keys(['latest_only_with_trigger']) retrieved from /home/airflow/.local/lib/python3.7/site-packages/airflow/example_dags/example_latest_only_with_trigger.py
[2024-04-20T05:51:39.518+0000] {logging_mixin.py:117} INFO - [2024-04-20T05:51:39.518+0000] {dag.py:2573} INFO - Sync 1 DAGs
[2024-04-20T05:51:39.568+0000] {logging_mixin.py:117} INFO - [2024-04-20T05:51:39.567+0000] {dag.py:3328} INFO - Setting next_dagrun for latest_only_with_trigger to 2024-04-20T01:51:39.567323+00:00, run_after=2024-04-20T05:51:39.567323+00:00
[2024-04-20T05:51:39.602+0000] {processor.py:178} INFO - Processing /home/airflow/.local/lib/python3.7/site-packages/airflow/example_dags/example_latest_only_with_trigger.py took 0.156 seconds
[2024-04-20T05:52:10.235+0000] {processor.py:156} INFO - Started process (PID=9644) to work on /home/airflow/.local/lib/python3.7/site-packages/airflow/example_dags/example_latest_only_with_trigger.py
[2024-04-20T05:52:10.235+0000] {processor.py:758} INFO - Processing file /home/airflow/.local/lib/python3.7/site-packages/airflow/example_dags/example_latest_only_with_trigger.py for tasks to queue
[2024-04-20T05:52:10.236+0000] {logging_mixin.py:117} INFO - [2024-04-20T05:52:10.236+0000] {dagbag.py:525} INFO - Filling up the DagBag from /home/airflow/.local/lib/python3.7/site-packages/airflow/example_dags/example_latest_only_with_trigger.py
[2024-04-20T05:52:10.248+0000] {processor.py:768} INFO - DAG(s) dict_keys(['latest_only_with_trigger']) retrieved from /home/airflow/.local/lib/python3.7/site-packages/airflow/example_dags/example_latest_only_with_trigger.py
[2024-04-20T05:52:10.281+0000] {logging_mixin.py:117} INFO - [2024-04-20T05:52:10.281+0000] {dag.py:2573} INFO - Sync 1 DAGs
[2024-04-20T05:52:10.301+0000] {logging_mixin.py:117} INFO - [2024-04-20T05:52:10.301+0000] {dag.py:3328} INFO - Setting next_dagrun for latest_only_with_trigger to 2024-04-20T01:52:10.301063+00:00, run_after=2024-04-20T05:52:10.301063+00:00
[2024-04-20T05:52:10.320+0000] {processor.py:178} INFO - Processing /home/airflow/.local/lib/python3.7/site-packages/airflow/example_dags/example_latest_only_with_trigger.py took 0.088 seconds
[2024-04-20T05:52:40.681+0000] {processor.py:156} INFO - Started process (PID=9862) to work on /home/airflow/.local/lib/python3.7/site-packages/airflow/example_dags/example_latest_only_with_trigger.py
[2024-04-20T05:52:40.681+0000] {processor.py:758} INFO - Processing file /home/airflow/.local/lib/python3.7/site-packages/airflow/example_dags/example_latest_only_with_trigger.py for tasks to queue
[2024-04-20T05:52:40.682+0000] {logging_mixin.py:117} INFO - [2024-04-20T05:52:40.682+0000] {dagbag.py:525} INFO - Filling up the DagBag from /home/airflow/.local/lib/python3.7/site-packages/airflow/example_dags/example_latest_only_with_trigger.py
[2024-04-20T05:52:40.694+0000] {processor.py:768} INFO - DAG(s) dict_keys(['latest_only_with_trigger']) retrieved from /home/airflow/.local/lib/python3.7/site-packages/airflow/example_dags/example_latest_only_with_trigger.py
[2024-04-20T05:52:40.730+0000] {logging_mixin.py:117} INFO - [2024-04-20T05:52:40.730+0000] {dag.py:2573} INFO - Sync 1 DAGs
[2024-04-20T05:52:40.750+0000] {logging_mixin.py:117} INFO - [2024-04-20T05:52:40.750+0000] {dag.py:3328} INFO - Setting next_dagrun for latest_only_with_trigger to 2024-04-20T01:52:40.749865+00:00, run_after=2024-04-20T05:52:40.749865+00:00
[2024-04-20T05:52:40.768+0000] {processor.py:178} INFO - Processing /home/airflow/.local/lib/python3.7/site-packages/airflow/example_dags/example_latest_only_with_trigger.py took 0.090 seconds
[2024-04-20T05:53:11.381+0000] {processor.py:156} INFO - Started process (PID=10098) to work on /home/airflow/.local/lib/python3.7/site-packages/airflow/example_dags/example_latest_only_with_trigger.py
[2024-04-20T05:53:11.382+0000] {processor.py:758} INFO - Processing file /home/airflow/.local/lib/python3.7/site-packages/airflow/example_dags/example_latest_only_with_trigger.py for tasks to queue
[2024-04-20T05:53:11.382+0000] {logging_mixin.py:117} INFO - [2024-04-20T05:53:11.382+0000] {dagbag.py:525} INFO - Filling up the DagBag from /home/airflow/.local/lib/python3.7/site-packages/airflow/example_dags/example_latest_only_with_trigger.py
[2024-04-20T05:53:11.394+0000] {processor.py:768} INFO - DAG(s) dict_keys(['latest_only_with_trigger']) retrieved from /home/airflow/.local/lib/python3.7/site-packages/airflow/example_dags/example_latest_only_with_trigger.py
[2024-04-20T05:53:11.434+0000] {logging_mixin.py:117} INFO - [2024-04-20T05:53:11.434+0000] {dag.py:2573} INFO - Sync 1 DAGs
[2024-04-20T05:53:11.462+0000] {logging_mixin.py:117} INFO - [2024-04-20T05:53:11.462+0000] {dag.py:3328} INFO - Setting next_dagrun for latest_only_with_trigger to 2024-04-20T01:53:11.461865+00:00, run_after=2024-04-20T05:53:11.461865+00:00
[2024-04-20T05:53:11.481+0000] {processor.py:178} INFO - Processing /home/airflow/.local/lib/python3.7/site-packages/airflow/example_dags/example_latest_only_with_trigger.py took 0.102 seconds
[2024-04-20T05:53:41.893+0000] {processor.py:156} INFO - Started process (PID=10327) to work on /home/airflow/.local/lib/python3.7/site-packages/airflow/example_dags/example_latest_only_with_trigger.py
[2024-04-20T05:53:41.894+0000] {processor.py:758} INFO - Processing file /home/airflow/.local/lib/python3.7/site-packages/airflow/example_dags/example_latest_only_with_trigger.py for tasks to queue
[2024-04-20T05:53:41.894+0000] {logging_mixin.py:117} INFO - [2024-04-20T05:53:41.894+0000] {dagbag.py:525} INFO - Filling up the DagBag from /home/airflow/.local/lib/python3.7/site-packages/airflow/example_dags/example_latest_only_with_trigger.py
[2024-04-20T05:53:41.907+0000] {processor.py:768} INFO - DAG(s) dict_keys(['latest_only_with_trigger']) retrieved from /home/airflow/.local/lib/python3.7/site-packages/airflow/example_dags/example_latest_only_with_trigger.py
[2024-04-20T05:53:41.943+0000] {logging_mixin.py:117} INFO - [2024-04-20T05:53:41.943+0000] {dag.py:2573} INFO - Sync 1 DAGs
[2024-04-20T05:53:41.963+0000] {logging_mixin.py:117} INFO - [2024-04-20T05:53:41.963+0000] {dag.py:3328} INFO - Setting next_dagrun for latest_only_with_trigger to 2024-04-20T01:53:41.962953+00:00, run_after=2024-04-20T05:53:41.962953+00:00
[2024-04-20T05:53:41.982+0000] {processor.py:178} INFO - Processing /home/airflow/.local/lib/python3.7/site-packages/airflow/example_dags/example_latest_only_with_trigger.py took 0.092 seconds
[2024-04-20T05:54:12.415+0000] {processor.py:156} INFO - Started process (PID=10555) to work on /home/airflow/.local/lib/python3.7/site-packages/airflow/example_dags/example_latest_only_with_trigger.py
[2024-04-20T05:54:12.416+0000] {processor.py:758} INFO - Processing file /home/airflow/.local/lib/python3.7/site-packages/airflow/example_dags/example_latest_only_with_trigger.py for tasks to queue
[2024-04-20T05:54:12.416+0000] {logging_mixin.py:117} INFO - [2024-04-20T05:54:12.416+0000] {dagbag.py:525} INFO - Filling up the DagBag from /home/airflow/.local/lib/python3.7/site-packages/airflow/example_dags/example_latest_only_with_trigger.py
[2024-04-20T05:54:12.429+0000] {processor.py:768} INFO - DAG(s) dict_keys(['latest_only_with_trigger']) retrieved from /home/airflow/.local/lib/python3.7/site-packages/airflow/example_dags/example_latest_only_with_trigger.py
[2024-04-20T05:54:12.465+0000] {logging_mixin.py:117} INFO - [2024-04-20T05:54:12.465+0000] {dag.py:2573} INFO - Sync 1 DAGs
[2024-04-20T05:54:12.486+0000] {logging_mixin.py:117} INFO - [2024-04-20T05:54:12.486+0000] {dag.py:3328} INFO - Setting next_dagrun for latest_only_with_trigger to 2024-04-20T01:54:12.485856+00:00, run_after=2024-04-20T05:54:12.485856+00:00
[2024-04-20T05:54:12.505+0000] {processor.py:178} INFO - Processing /home/airflow/.local/lib/python3.7/site-packages/airflow/example_dags/example_latest_only_with_trigger.py took 0.092 seconds
[2024-04-20T05:54:42.975+0000] {processor.py:156} INFO - Started process (PID=10788) to work on /home/airflow/.local/lib/python3.7/site-packages/airflow/example_dags/example_latest_only_with_trigger.py
[2024-04-20T05:54:42.976+0000] {processor.py:758} INFO - Processing file /home/airflow/.local/lib/python3.7/site-packages/airflow/example_dags/example_latest_only_with_trigger.py for tasks to queue
[2024-04-20T05:54:42.977+0000] {logging_mixin.py:117} INFO - [2024-04-20T05:54:42.977+0000] {dagbag.py:525} INFO - Filling up the DagBag from /home/airflow/.local/lib/python3.7/site-packages/airflow/example_dags/example_latest_only_with_trigger.py
[2024-04-20T05:54:43.000+0000] {processor.py:768} INFO - DAG(s) dict_keys(['latest_only_with_trigger']) retrieved from /home/airflow/.local/lib/python3.7/site-packages/airflow/example_dags/example_latest_only_with_trigger.py
[2024-04-20T05:54:43.055+0000] {logging_mixin.py:117} INFO - [2024-04-20T05:54:43.055+0000] {dag.py:2573} INFO - Sync 1 DAGs
[2024-04-20T05:54:43.088+0000] {logging_mixin.py:117} INFO - [2024-04-20T05:54:43.088+0000] {dag.py:3328} INFO - Setting next_dagrun for latest_only_with_trigger to 2024-04-20T01:54:43.087826+00:00, run_after=2024-04-20T05:54:43.087826+00:00
[2024-04-20T05:54:43.117+0000] {processor.py:178} INFO - Processing /home/airflow/.local/lib/python3.7/site-packages/airflow/example_dags/example_latest_only_with_trigger.py took 0.146 seconds
[2024-04-20T05:55:13.971+0000] {processor.py:156} INFO - Started process (PID=11016) to work on /home/airflow/.local/lib/python3.7/site-packages/airflow/example_dags/example_latest_only_with_trigger.py
[2024-04-20T05:55:13.972+0000] {processor.py:758} INFO - Processing file /home/airflow/.local/lib/python3.7/site-packages/airflow/example_dags/example_latest_only_with_trigger.py for tasks to queue
[2024-04-20T05:55:13.972+0000] {logging_mixin.py:117} INFO - [2024-04-20T05:55:13.972+0000] {dagbag.py:525} INFO - Filling up the DagBag from /home/airflow/.local/lib/python3.7/site-packages/airflow/example_dags/example_latest_only_with_trigger.py
[2024-04-20T05:55:13.993+0000] {processor.py:768} INFO - DAG(s) dict_keys(['latest_only_with_trigger']) retrieved from /home/airflow/.local/lib/python3.7/site-packages/airflow/example_dags/example_latest_only_with_trigger.py
[2024-04-20T05:55:14.040+0000] {logging_mixin.py:117} INFO - [2024-04-20T05:55:14.040+0000] {dag.py:2573} INFO - Sync 1 DAGs
[2024-04-20T05:55:14.071+0000] {logging_mixin.py:117} INFO - [2024-04-20T05:55:14.071+0000] {dag.py:3328} INFO - Setting next_dagrun for latest_only_with_trigger to 2024-04-20T01:55:14.071221+00:00, run_after=2024-04-20T05:55:14.071221+00:00
[2024-04-20T05:55:14.100+0000] {processor.py:178} INFO - Processing /home/airflow/.local/lib/python3.7/site-packages/airflow/example_dags/example_latest_only_with_trigger.py took 0.131 seconds
[2024-04-20T05:55:44.569+0000] {processor.py:156} INFO - Started process (PID=11237) to work on /home/airflow/.local/lib/python3.7/site-packages/airflow/example_dags/example_latest_only_with_trigger.py
[2024-04-20T05:55:44.577+0000] {processor.py:758} INFO - Processing file /home/airflow/.local/lib/python3.7/site-packages/airflow/example_dags/example_latest_only_with_trigger.py for tasks to queue
[2024-04-20T05:55:44.578+0000] {logging_mixin.py:117} INFO - [2024-04-20T05:55:44.578+0000] {dagbag.py:525} INFO - Filling up the DagBag from /home/airflow/.local/lib/python3.7/site-packages/airflow/example_dags/example_latest_only_with_trigger.py
[2024-04-20T05:55:44.614+0000] {processor.py:768} INFO - DAG(s) dict_keys(['latest_only_with_trigger']) retrieved from /home/airflow/.local/lib/python3.7/site-packages/airflow/example_dags/example_latest_only_with_trigger.py
[2024-04-20T05:56:37.760+0000] {processor.py:156} INFO - Started process (PID=226) to work on /home/airflow/.local/lib/python3.7/site-packages/airflow/example_dags/example_latest_only_with_trigger.py
[2024-04-20T05:56:37.774+0000] {processor.py:758} INFO - Processing file /home/airflow/.local/lib/python3.7/site-packages/airflow/example_dags/example_latest_only_with_trigger.py for tasks to queue
[2024-04-20T05:56:37.775+0000] {logging_mixin.py:117} INFO - [2024-04-20T05:56:37.775+0000] {dagbag.py:525} INFO - Filling up the DagBag from /home/airflow/.local/lib/python3.7/site-packages/airflow/example_dags/example_latest_only_with_trigger.py
[2024-04-20T05:56:37.885+0000] {processor.py:768} INFO - DAG(s) dict_keys(['latest_only_with_trigger']) retrieved from /home/airflow/.local/lib/python3.7/site-packages/airflow/example_dags/example_latest_only_with_trigger.py
[2024-04-20T05:56:38.066+0000] {logging_mixin.py:117} INFO - [2024-04-20T05:56:38.066+0000] {dag.py:2573} INFO - Sync 1 DAGs
[2024-04-20T05:56:38.173+0000] {logging_mixin.py:117} INFO - [2024-04-20T05:56:38.173+0000] {dag.py:3328} INFO - Setting next_dagrun for latest_only_with_trigger to 2024-04-20T01:56:38.172995+00:00, run_after=2024-04-20T05:56:38.172995+00:00
[2024-04-20T05:56:38.205+0000] {processor.py:178} INFO - Processing /home/airflow/.local/lib/python3.7/site-packages/airflow/example_dags/example_latest_only_with_trigger.py took 0.461 seconds
[2024-04-20T05:57:09.287+0000] {processor.py:156} INFO - Started process (PID=444) to work on /home/airflow/.local/lib/python3.7/site-packages/airflow/example_dags/example_latest_only_with_trigger.py
[2024-04-20T05:57:09.288+0000] {processor.py:758} INFO - Processing file /home/airflow/.local/lib/python3.7/site-packages/airflow/example_dags/example_latest_only_with_trigger.py for tasks to queue
[2024-04-20T05:57:09.288+0000] {logging_mixin.py:117} INFO - [2024-04-20T05:57:09.288+0000] {dagbag.py:525} INFO - Filling up the DagBag from /home/airflow/.local/lib/python3.7/site-packages/airflow/example_dags/example_latest_only_with_trigger.py
[2024-04-20T05:57:09.310+0000] {processor.py:768} INFO - DAG(s) dict_keys(['latest_only_with_trigger']) retrieved from /home/airflow/.local/lib/python3.7/site-packages/airflow/example_dags/example_latest_only_with_trigger.py
[2024-04-20T05:57:09.386+0000] {logging_mixin.py:117} INFO - [2024-04-20T05:57:09.386+0000] {dag.py:2573} INFO - Sync 1 DAGs
[2024-04-20T05:57:09.457+0000] {logging_mixin.py:117} INFO - [2024-04-20T05:57:09.457+0000] {dag.py:3328} INFO - Setting next_dagrun for latest_only_with_trigger to 2024-04-20T01:57:09.457151+00:00, run_after=2024-04-20T05:57:09.457151+00:00
[2024-04-20T05:57:09.519+0000] {processor.py:178} INFO - Processing /home/airflow/.local/lib/python3.7/site-packages/airflow/example_dags/example_latest_only_with_trigger.py took 0.235 seconds
[2024-04-20T05:57:39.834+0000] {processor.py:156} INFO - Started process (PID=672) to work on /home/airflow/.local/lib/python3.7/site-packages/airflow/example_dags/example_latest_only_with_trigger.py
[2024-04-20T05:57:39.835+0000] {processor.py:758} INFO - Processing file /home/airflow/.local/lib/python3.7/site-packages/airflow/example_dags/example_latest_only_with_trigger.py for tasks to queue
[2024-04-20T05:57:39.835+0000] {logging_mixin.py:117} INFO - [2024-04-20T05:57:39.835+0000] {dagbag.py:525} INFO - Filling up the DagBag from /home/airflow/.local/lib/python3.7/site-packages/airflow/example_dags/example_latest_only_with_trigger.py
[2024-04-20T05:57:39.854+0000] {processor.py:768} INFO - DAG(s) dict_keys(['latest_only_with_trigger']) retrieved from /home/airflow/.local/lib/python3.7/site-packages/airflow/example_dags/example_latest_only_with_trigger.py
[2024-04-20T05:57:39.901+0000] {logging_mixin.py:117} INFO - [2024-04-20T05:57:39.901+0000] {dag.py:2573} INFO - Sync 1 DAGs
[2024-04-20T05:57:40.085+0000] {logging_mixin.py:117} INFO - [2024-04-20T05:57:40.085+0000] {dag.py:3328} INFO - Setting next_dagrun for latest_only_with_trigger to 2024-04-20T01:57:40.085332+00:00, run_after=2024-04-20T05:57:40.085332+00:00
[2024-04-20T05:57:40.109+0000] {processor.py:178} INFO - Processing /home/airflow/.local/lib/python3.7/site-packages/airflow/example_dags/example_latest_only_with_trigger.py took 0.279 seconds
[2024-04-20T05:58:10.570+0000] {processor.py:156} INFO - Started process (PID=889) to work on /home/airflow/.local/lib/python3.7/site-packages/airflow/example_dags/example_latest_only_with_trigger.py
[2024-04-20T05:58:10.571+0000] {processor.py:758} INFO - Processing file /home/airflow/.local/lib/python3.7/site-packages/airflow/example_dags/example_latest_only_with_trigger.py for tasks to queue
[2024-04-20T05:58:10.572+0000] {logging_mixin.py:117} INFO - [2024-04-20T05:58:10.572+0000] {dagbag.py:525} INFO - Filling up the DagBag from /home/airflow/.local/lib/python3.7/site-packages/airflow/example_dags/example_latest_only_with_trigger.py
[2024-04-20T05:58:10.588+0000] {processor.py:768} INFO - DAG(s) dict_keys(['latest_only_with_trigger']) retrieved from /home/airflow/.local/lib/python3.7/site-packages/airflow/example_dags/example_latest_only_with_trigger.py
[2024-04-20T05:58:10.639+0000] {logging_mixin.py:117} INFO - [2024-04-20T05:58:10.638+0000] {dag.py:2573} INFO - Sync 1 DAGs
[2024-04-20T05:58:10.987+0000] {logging_mixin.py:117} INFO - [2024-04-20T05:58:10.986+0000] {dag.py:3328} INFO - Setting next_dagrun for latest_only_with_trigger to 2024-04-20T01:58:10.986684+00:00, run_after=2024-04-20T05:58:10.986684+00:00
[2024-04-20T05:58:11.026+0000] {processor.py:178} INFO - Processing /home/airflow/.local/lib/python3.7/site-packages/airflow/example_dags/example_latest_only_with_trigger.py took 0.459 seconds
[2024-04-20T05:58:41.763+0000] {processor.py:156} INFO - Started process (PID=1116) to work on /home/airflow/.local/lib/python3.7/site-packages/airflow/example_dags/example_latest_only_with_trigger.py
[2024-04-20T05:58:41.768+0000] {processor.py:758} INFO - Processing file /home/airflow/.local/lib/python3.7/site-packages/airflow/example_dags/example_latest_only_with_trigger.py for tasks to queue
[2024-04-20T05:58:41.769+0000] {logging_mixin.py:117} INFO - [2024-04-20T05:58:41.769+0000] {dagbag.py:525} INFO - Filling up the DagBag from /home/airflow/.local/lib/python3.7/site-packages/airflow/example_dags/example_latest_only_with_trigger.py
[2024-04-20T05:58:41.808+0000] {processor.py:768} INFO - DAG(s) dict_keys(['latest_only_with_trigger']) retrieved from /home/airflow/.local/lib/python3.7/site-packages/airflow/example_dags/example_latest_only_with_trigger.py
[2024-04-20T05:58:42.021+0000] {logging_mixin.py:117} INFO - [2024-04-20T05:58:42.021+0000] {dag.py:2573} INFO - Sync 1 DAGs
[2024-04-20T05:58:42.048+0000] {logging_mixin.py:117} INFO - [2024-04-20T05:58:42.048+0000] {dag.py:3328} INFO - Setting next_dagrun for latest_only_with_trigger to 2024-04-20T01:58:42.047984+00:00, run_after=2024-04-20T05:58:42.047984+00:00
[2024-04-20T05:58:42.081+0000] {processor.py:178} INFO - Processing /home/airflow/.local/lib/python3.7/site-packages/airflow/example_dags/example_latest_only_with_trigger.py took 0.321 seconds
[2024-04-20T05:59:12.459+0000] {processor.py:156} INFO - Started process (PID=1344) to work on /home/airflow/.local/lib/python3.7/site-packages/airflow/example_dags/example_latest_only_with_trigger.py
[2024-04-20T05:59:12.459+0000] {processor.py:758} INFO - Processing file /home/airflow/.local/lib/python3.7/site-packages/airflow/example_dags/example_latest_only_with_trigger.py for tasks to queue
[2024-04-20T05:59:12.460+0000] {logging_mixin.py:117} INFO - [2024-04-20T05:59:12.460+0000] {dagbag.py:525} INFO - Filling up the DagBag from /home/airflow/.local/lib/python3.7/site-packages/airflow/example_dags/example_latest_only_with_trigger.py
[2024-04-20T05:59:12.477+0000] {processor.py:768} INFO - DAG(s) dict_keys(['latest_only_with_trigger']) retrieved from /home/airflow/.local/lib/python3.7/site-packages/airflow/example_dags/example_latest_only_with_trigger.py
[2024-04-20T05:59:12.672+0000] {logging_mixin.py:117} INFO - [2024-04-20T05:59:12.672+0000] {dag.py:2573} INFO - Sync 1 DAGs
[2024-04-20T05:59:12.701+0000] {logging_mixin.py:117} INFO - [2024-04-20T05:59:12.700+0000] {dag.py:3328} INFO - Setting next_dagrun for latest_only_with_trigger to 2024-04-20T01:59:12.700603+00:00, run_after=2024-04-20T05:59:12.700603+00:00
[2024-04-20T05:59:12.726+0000] {processor.py:178} INFO - Processing /home/airflow/.local/lib/python3.7/site-packages/airflow/example_dags/example_latest_only_with_trigger.py took 0.271 seconds
[2024-04-20T05:59:43.512+0000] {processor.py:156} INFO - Started process (PID=1562) to work on /home/airflow/.local/lib/python3.7/site-packages/airflow/example_dags/example_latest_only_with_trigger.py
[2024-04-20T05:59:43.512+0000] {processor.py:758} INFO - Processing file /home/airflow/.local/lib/python3.7/site-packages/airflow/example_dags/example_latest_only_with_trigger.py for tasks to queue
[2024-04-20T05:59:43.513+0000] {logging_mixin.py:117} INFO - [2024-04-20T05:59:43.513+0000] {dagbag.py:525} INFO - Filling up the DagBag from /home/airflow/.local/lib/python3.7/site-packages/airflow/example_dags/example_latest_only_with_trigger.py
[2024-04-20T05:59:43.937+0000] {processor.py:768} INFO - DAG(s) dict_keys(['latest_only_with_trigger']) retrieved from /home/airflow/.local/lib/python3.7/site-packages/airflow/example_dags/example_latest_only_with_trigger.py
[2024-04-20T05:59:44.053+0000] {logging_mixin.py:117} INFO - [2024-04-20T05:59:44.053+0000] {dag.py:2573} INFO - Sync 1 DAGs
[2024-04-20T05:59:44.116+0000] {logging_mixin.py:117} INFO - [2024-04-20T05:59:44.115+0000] {dag.py:3328} INFO - Setting next_dagrun for latest_only_with_trigger to 2024-04-20T01:59:44.115655+00:00, run_after=2024-04-20T05:59:44.115655+00:00
[2024-04-20T05:59:44.169+0000] {processor.py:178} INFO - Processing /home/airflow/.local/lib/python3.7/site-packages/airflow/example_dags/example_latest_only_with_trigger.py took 0.661 seconds
[2024-04-20T06:00:14.561+0000] {processor.py:156} INFO - Started process (PID=1791) to work on /home/airflow/.local/lib/python3.7/site-packages/airflow/example_dags/example_latest_only_with_trigger.py
[2024-04-20T06:00:14.561+0000] {processor.py:758} INFO - Processing file /home/airflow/.local/lib/python3.7/site-packages/airflow/example_dags/example_latest_only_with_trigger.py for tasks to queue
[2024-04-20T06:00:14.562+0000] {logging_mixin.py:117} INFO - [2024-04-20T06:00:14.562+0000] {dagbag.py:525} INFO - Filling up the DagBag from /home/airflow/.local/lib/python3.7/site-packages/airflow/example_dags/example_latest_only_with_trigger.py
[2024-04-20T06:00:14.580+0000] {processor.py:768} INFO - DAG(s) dict_keys(['latest_only_with_trigger']) retrieved from /home/airflow/.local/lib/python3.7/site-packages/airflow/example_dags/example_latest_only_with_trigger.py
[2024-04-20T06:00:14.674+0000] {logging_mixin.py:117} INFO - [2024-04-20T06:00:14.674+0000] {dag.py:2573} INFO - Sync 1 DAGs
[2024-04-20T06:00:14.706+0000] {logging_mixin.py:117} INFO - [2024-04-20T06:00:14.705+0000] {dag.py:3328} INFO - Setting next_dagrun for latest_only_with_trigger to 2024-04-20T02:00:14.705608+00:00, run_after=2024-04-20T06:00:14.705608+00:00
[2024-04-20T06:00:14.731+0000] {processor.py:178} INFO - Processing /home/airflow/.local/lib/python3.7/site-packages/airflow/example_dags/example_latest_only_with_trigger.py took 0.175 seconds
[2024-04-20T06:00:44.890+0000] {processor.py:156} INFO - Started process (PID=2016) to work on /home/airflow/.local/lib/python3.7/site-packages/airflow/example_dags/example_latest_only_with_trigger.py
[2024-04-20T06:00:44.890+0000] {processor.py:758} INFO - Processing file /home/airflow/.local/lib/python3.7/site-packages/airflow/example_dags/example_latest_only_with_trigger.py for tasks to queue
[2024-04-20T06:00:44.891+0000] {logging_mixin.py:117} INFO - [2024-04-20T06:00:44.891+0000] {dagbag.py:525} INFO - Filling up the DagBag from /home/airflow/.local/lib/python3.7/site-packages/airflow/example_dags/example_latest_only_with_trigger.py
[2024-04-20T06:00:44.908+0000] {processor.py:768} INFO - DAG(s) dict_keys(['latest_only_with_trigger']) retrieved from /home/airflow/.local/lib/python3.7/site-packages/airflow/example_dags/example_latest_only_with_trigger.py
[2024-04-20T06:00:44.960+0000] {logging_mixin.py:117} INFO - [2024-04-20T06:00:44.960+0000] {dag.py:2573} INFO - Sync 1 DAGs
[2024-04-20T06:00:44.990+0000] {logging_mixin.py:117} INFO - [2024-04-20T06:00:44.990+0000] {dag.py:3328} INFO - Setting next_dagrun for latest_only_with_trigger to 2024-04-20T02:00:44.990049+00:00, run_after=2024-04-20T06:00:44.990049+00:00
[2024-04-20T06:00:45.016+0000] {processor.py:178} INFO - Processing /home/airflow/.local/lib/python3.7/site-packages/airflow/example_dags/example_latest_only_with_trigger.py took 0.129 seconds
[2024-04-20T06:01:15.373+0000] {processor.py:156} INFO - Started process (PID=2234) to work on /home/airflow/.local/lib/python3.7/site-packages/airflow/example_dags/example_latest_only_with_trigger.py
[2024-04-20T06:01:15.374+0000] {processor.py:758} INFO - Processing file /home/airflow/.local/lib/python3.7/site-packages/airflow/example_dags/example_latest_only_with_trigger.py for tasks to queue
[2024-04-20T06:01:15.375+0000] {logging_mixin.py:117} INFO - [2024-04-20T06:01:15.375+0000] {dagbag.py:525} INFO - Filling up the DagBag from /home/airflow/.local/lib/python3.7/site-packages/airflow/example_dags/example_latest_only_with_trigger.py
[2024-04-20T06:01:15.391+0000] {processor.py:768} INFO - DAG(s) dict_keys(['latest_only_with_trigger']) retrieved from /home/airflow/.local/lib/python3.7/site-packages/airflow/example_dags/example_latest_only_with_trigger.py
[2024-04-20T06:01:15.475+0000] {logging_mixin.py:117} INFO - [2024-04-20T06:01:15.475+0000] {dag.py:2573} INFO - Sync 1 DAGs
[2024-04-20T06:01:15.516+0000] {logging_mixin.py:117} INFO - [2024-04-20T06:01:15.516+0000] {dag.py:3328} INFO - Setting next_dagrun for latest_only_with_trigger to 2024-04-20T02:01:15.516467+00:00, run_after=2024-04-20T06:01:15.516467+00:00
[2024-04-20T06:01:15.547+0000] {processor.py:178} INFO - Processing /home/airflow/.local/lib/python3.7/site-packages/airflow/example_dags/example_latest_only_with_trigger.py took 0.181 seconds
[2024-04-20T06:01:46.086+0000] {processor.py:156} INFO - Started process (PID=2462) to work on /home/airflow/.local/lib/python3.7/site-packages/airflow/example_dags/example_latest_only_with_trigger.py
[2024-04-20T06:01:46.086+0000] {processor.py:758} INFO - Processing file /home/airflow/.local/lib/python3.7/site-packages/airflow/example_dags/example_latest_only_with_trigger.py for tasks to queue
[2024-04-20T06:01:46.087+0000] {logging_mixin.py:117} INFO - [2024-04-20T06:01:46.087+0000] {dagbag.py:525} INFO - Filling up the DagBag from /home/airflow/.local/lib/python3.7/site-packages/airflow/example_dags/example_latest_only_with_trigger.py
[2024-04-20T06:01:46.104+0000] {processor.py:768} INFO - DAG(s) dict_keys(['latest_only_with_trigger']) retrieved from /home/airflow/.local/lib/python3.7/site-packages/airflow/example_dags/example_latest_only_with_trigger.py
[2024-04-20T06:01:46.152+0000] {logging_mixin.py:117} INFO - [2024-04-20T06:01:46.152+0000] {dag.py:2573} INFO - Sync 1 DAGs
[2024-04-20T06:01:46.182+0000] {logging_mixin.py:117} INFO - [2024-04-20T06:01:46.182+0000] {dag.py:3328} INFO - Setting next_dagrun for latest_only_with_trigger to 2024-04-20T02:01:46.182427+00:00, run_after=2024-04-20T06:01:46.182427+00:00
[2024-04-20T06:01:46.207+0000] {processor.py:178} INFO - Processing /home/airflow/.local/lib/python3.7/site-packages/airflow/example_dags/example_latest_only_with_trigger.py took 0.125 seconds
[2024-04-20T06:02:17.305+0000] {processor.py:156} INFO - Started process (PID=2690) to work on /home/airflow/.local/lib/python3.7/site-packages/airflow/example_dags/example_latest_only_with_trigger.py
[2024-04-20T06:02:17.306+0000] {processor.py:758} INFO - Processing file /home/airflow/.local/lib/python3.7/site-packages/airflow/example_dags/example_latest_only_with_trigger.py for tasks to queue
[2024-04-20T06:02:17.307+0000] {logging_mixin.py:117} INFO - [2024-04-20T06:02:17.307+0000] {dagbag.py:525} INFO - Filling up the DagBag from /home/airflow/.local/lib/python3.7/site-packages/airflow/example_dags/example_latest_only_with_trigger.py
[2024-04-20T06:02:17.341+0000] {processor.py:768} INFO - DAG(s) dict_keys(['latest_only_with_trigger']) retrieved from /home/airflow/.local/lib/python3.7/site-packages/airflow/example_dags/example_latest_only_with_trigger.py
[2024-04-20T06:02:17.392+0000] {logging_mixin.py:117} INFO - [2024-04-20T06:02:17.392+0000] {dag.py:2573} INFO - Sync 1 DAGs
[2024-04-20T06:02:17.424+0000] {logging_mixin.py:117} INFO - [2024-04-20T06:02:17.424+0000] {dag.py:3328} INFO - Setting next_dagrun for latest_only_with_trigger to 2024-04-20T02:02:17.423826+00:00, run_after=2024-04-20T06:02:17.423826+00:00
[2024-04-20T06:02:17.451+0000] {processor.py:178} INFO - Processing /home/airflow/.local/lib/python3.7/site-packages/airflow/example_dags/example_latest_only_with_trigger.py took 0.149 seconds
[2024-04-20T06:02:48.392+0000] {processor.py:156} INFO - Started process (PID=2908) to work on /home/airflow/.local/lib/python3.7/site-packages/airflow/example_dags/example_latest_only_with_trigger.py
[2024-04-20T06:02:48.410+0000] {processor.py:758} INFO - Processing file /home/airflow/.local/lib/python3.7/site-packages/airflow/example_dags/example_latest_only_with_trigger.py for tasks to queue
[2024-04-20T06:02:48.411+0000] {logging_mixin.py:117} INFO - [2024-04-20T06:02:48.411+0000] {dagbag.py:525} INFO - Filling up the DagBag from /home/airflow/.local/lib/python3.7/site-packages/airflow/example_dags/example_latest_only_with_trigger.py
[2024-04-20T06:02:48.456+0000] {processor.py:768} INFO - DAG(s) dict_keys(['latest_only_with_trigger']) retrieved from /home/airflow/.local/lib/python3.7/site-packages/airflow/example_dags/example_latest_only_with_trigger.py
[2024-04-20T06:02:48.573+0000] {logging_mixin.py:117} INFO - [2024-04-20T06:02:48.573+0000] {dag.py:2573} INFO - Sync 1 DAGs
[2024-04-20T06:02:48.611+0000] {logging_mixin.py:117} INFO - [2024-04-20T06:02:48.610+0000] {dag.py:3328} INFO - Setting next_dagrun for latest_only_with_trigger to 2024-04-20T02:02:48.610707+00:00, run_after=2024-04-20T06:02:48.610707+00:00
[2024-04-20T06:02:48.671+0000] {processor.py:178} INFO - Processing /home/airflow/.local/lib/python3.7/site-packages/airflow/example_dags/example_latest_only_with_trigger.py took 0.283 seconds
[2024-04-20T06:03:18.974+0000] {processor.py:156} INFO - Started process (PID=3135) to work on /home/airflow/.local/lib/python3.7/site-packages/airflow/example_dags/example_latest_only_with_trigger.py
[2024-04-20T06:03:18.975+0000] {processor.py:758} INFO - Processing file /home/airflow/.local/lib/python3.7/site-packages/airflow/example_dags/example_latest_only_with_trigger.py for tasks to queue
[2024-04-20T06:03:18.976+0000] {logging_mixin.py:117} INFO - [2024-04-20T06:03:18.975+0000] {dagbag.py:525} INFO - Filling up the DagBag from /home/airflow/.local/lib/python3.7/site-packages/airflow/example_dags/example_latest_only_with_trigger.py
[2024-04-20T06:03:18.993+0000] {processor.py:768} INFO - DAG(s) dict_keys(['latest_only_with_trigger']) retrieved from /home/airflow/.local/lib/python3.7/site-packages/airflow/example_dags/example_latest_only_with_trigger.py
[2024-04-20T06:03:19.039+0000] {logging_mixin.py:117} INFO - [2024-04-20T06:03:19.039+0000] {dag.py:2573} INFO - Sync 1 DAGs
[2024-04-20T06:03:19.070+0000] {logging_mixin.py:117} INFO - [2024-04-20T06:03:19.070+0000] {dag.py:3328} INFO - Setting next_dagrun for latest_only_with_trigger to 2024-04-20T02:03:19.070445+00:00, run_after=2024-04-20T06:03:19.070445+00:00
[2024-04-20T06:03:19.094+0000] {processor.py:178} INFO - Processing /home/airflow/.local/lib/python3.7/site-packages/airflow/example_dags/example_latest_only_with_trigger.py took 0.123 seconds
