[2024-04-20T05:31:59.036+0000] {processor.py:156} INFO - Started process (PID=325) to work on /home/airflow/.local/lib/python3.7/site-packages/airflow/example_dags/example_branch_operator.py
[2024-04-20T05:31:59.046+0000] {processor.py:758} INFO - Processing file /home/airflow/.local/lib/python3.7/site-packages/airflow/example_dags/example_branch_operator.py for tasks to queue
[2024-04-20T05:31:59.050+0000] {logging_mixin.py:117} INFO - [2024-04-20T05:31:59.046+0000] {dagbag.py:525} INFO - Filling up the DagBag from /home/airflow/.local/lib/python3.7/site-packages/airflow/example_dags/example_branch_operator.py
[2024-04-20T05:31:59.142+0000] {processor.py:768} INFO - DAG(s) dict_keys(['example_branch_operator']) retrieved from /home/airflow/.local/lib/python3.7/site-packages/airflow/example_dags/example_branch_operator.py
[2024-04-20T05:32:00.314+0000] {logging_mixin.py:117} INFO - [2024-04-20T05:32:00.314+0000] {manager.py:507} INFO - Created Permission View: can delete on DAG:example_branch_operator
[2024-04-20T05:32:00.370+0000] {logging_mixin.py:117} INFO - [2024-04-20T05:32:00.370+0000] {manager.py:507} INFO - Created Permission View: can edit on DAG:example_branch_operator
[2024-04-20T05:32:00.388+0000] {logging_mixin.py:117} INFO - [2024-04-20T05:32:00.388+0000] {manager.py:507} INFO - Created Permission View: can read on DAG:example_branch_operator
[2024-04-20T05:32:00.388+0000] {logging_mixin.py:117} INFO - [2024-04-20T05:32:00.388+0000] {dag.py:2573} INFO - Sync 1 DAGs
[2024-04-20T05:32:00.456+0000] {logging_mixin.py:117} INFO - [2024-04-20T05:32:00.456+0000] {dag.py:2594} INFO - Creating ORM DAG for example_branch_operator
[2024-04-20T05:32:00.518+0000] {logging_mixin.py:117} INFO - [2024-04-20T05:32:00.518+0000] {dag.py:3328} INFO - Setting next_dagrun for example_branch_operator to 2024-04-19T00:00:00+00:00, run_after=2024-04-20T00:00:00+00:00
[2024-04-20T05:32:00.571+0000] {processor.py:178} INFO - Processing /home/airflow/.local/lib/python3.7/site-packages/airflow/example_dags/example_branch_operator.py took 1.543 seconds
[2024-04-20T05:32:31.289+0000] {processor.py:156} INFO - Started process (PID=552) to work on /home/airflow/.local/lib/python3.7/site-packages/airflow/example_dags/example_branch_operator.py
[2024-04-20T05:32:31.290+0000] {processor.py:758} INFO - Processing file /home/airflow/.local/lib/python3.7/site-packages/airflow/example_dags/example_branch_operator.py for tasks to queue
[2024-04-20T05:32:31.291+0000] {logging_mixin.py:117} INFO - [2024-04-20T05:32:31.291+0000] {dagbag.py:525} INFO - Filling up the DagBag from /home/airflow/.local/lib/python3.7/site-packages/airflow/example_dags/example_branch_operator.py
[2024-04-20T05:32:31.316+0000] {processor.py:768} INFO - DAG(s) dict_keys(['example_branch_operator']) retrieved from /home/airflow/.local/lib/python3.7/site-packages/airflow/example_dags/example_branch_operator.py
[2024-04-20T05:32:31.356+0000] {logging_mixin.py:117} INFO - [2024-04-20T05:32:31.356+0000] {dag.py:2573} INFO - Sync 1 DAGs
[2024-04-20T05:32:31.490+0000] {logging_mixin.py:117} INFO - [2024-04-20T05:32:31.490+0000] {dag.py:3328} INFO - Setting next_dagrun for example_branch_operator to 2024-04-19T00:00:00+00:00, run_after=2024-04-20T00:00:00+00:00
[2024-04-20T05:32:31.511+0000] {processor.py:178} INFO - Processing /home/airflow/.local/lib/python3.7/site-packages/airflow/example_dags/example_branch_operator.py took 0.225 seconds
[2024-04-20T05:33:02.195+0000] {processor.py:156} INFO - Started process (PID=767) to work on /home/airflow/.local/lib/python3.7/site-packages/airflow/example_dags/example_branch_operator.py
[2024-04-20T05:33:02.196+0000] {processor.py:758} INFO - Processing file /home/airflow/.local/lib/python3.7/site-packages/airflow/example_dags/example_branch_operator.py for tasks to queue
[2024-04-20T05:33:02.196+0000] {logging_mixin.py:117} INFO - [2024-04-20T05:33:02.196+0000] {dagbag.py:525} INFO - Filling up the DagBag from /home/airflow/.local/lib/python3.7/site-packages/airflow/example_dags/example_branch_operator.py
[2024-04-20T05:33:02.218+0000] {processor.py:768} INFO - DAG(s) dict_keys(['example_branch_operator']) retrieved from /home/airflow/.local/lib/python3.7/site-packages/airflow/example_dags/example_branch_operator.py
[2024-04-20T05:33:02.271+0000] {logging_mixin.py:117} INFO - [2024-04-20T05:33:02.271+0000] {dag.py:2573} INFO - Sync 1 DAGs
[2024-04-20T05:33:02.454+0000] {logging_mixin.py:117} INFO - [2024-04-20T05:33:02.454+0000] {dag.py:3328} INFO - Setting next_dagrun for example_branch_operator to 2024-04-19T00:00:00+00:00, run_after=2024-04-20T00:00:00+00:00
[2024-04-20T05:33:02.477+0000] {processor.py:178} INFO - Processing /home/airflow/.local/lib/python3.7/site-packages/airflow/example_dags/example_branch_operator.py took 0.286 seconds
[2024-04-20T05:33:33.135+0000] {processor.py:156} INFO - Started process (PID=990) to work on /home/airflow/.local/lib/python3.7/site-packages/airflow/example_dags/example_branch_operator.py
[2024-04-20T05:33:33.136+0000] {processor.py:758} INFO - Processing file /home/airflow/.local/lib/python3.7/site-packages/airflow/example_dags/example_branch_operator.py for tasks to queue
[2024-04-20T05:33:33.136+0000] {logging_mixin.py:117} INFO - [2024-04-20T05:33:33.136+0000] {dagbag.py:525} INFO - Filling up the DagBag from /home/airflow/.local/lib/python3.7/site-packages/airflow/example_dags/example_branch_operator.py
[2024-04-20T05:33:33.159+0000] {processor.py:768} INFO - DAG(s) dict_keys(['example_branch_operator']) retrieved from /home/airflow/.local/lib/python3.7/site-packages/airflow/example_dags/example_branch_operator.py
[2024-04-20T05:33:33.356+0000] {logging_mixin.py:117} INFO - [2024-04-20T05:33:33.356+0000] {dag.py:2573} INFO - Sync 1 DAGs
[2024-04-20T05:33:33.387+0000] {logging_mixin.py:117} INFO - [2024-04-20T05:33:33.387+0000] {dag.py:3328} INFO - Setting next_dagrun for example_branch_operator to 2024-04-19T00:00:00+00:00, run_after=2024-04-20T00:00:00+00:00
[2024-04-20T05:33:33.410+0000] {processor.py:178} INFO - Processing /home/airflow/.local/lib/python3.7/site-packages/airflow/example_dags/example_branch_operator.py took 0.277 seconds
[2024-04-20T05:34:03.896+0000] {processor.py:156} INFO - Started process (PID=1208) to work on /home/airflow/.local/lib/python3.7/site-packages/airflow/example_dags/example_branch_operator.py
[2024-04-20T05:34:03.906+0000] {processor.py:758} INFO - Processing file /home/airflow/.local/lib/python3.7/site-packages/airflow/example_dags/example_branch_operator.py for tasks to queue
[2024-04-20T05:34:03.907+0000] {logging_mixin.py:117} INFO - [2024-04-20T05:34:03.907+0000] {dagbag.py:525} INFO - Filling up the DagBag from /home/airflow/.local/lib/python3.7/site-packages/airflow/example_dags/example_branch_operator.py
[2024-04-20T05:34:03.963+0000] {processor.py:768} INFO - DAG(s) dict_keys(['example_branch_operator']) retrieved from /home/airflow/.local/lib/python3.7/site-packages/airflow/example_dags/example_branch_operator.py
[2024-04-20T05:34:04.284+0000] {logging_mixin.py:117} INFO - [2024-04-20T05:34:04.284+0000] {dag.py:2573} INFO - Sync 1 DAGs
[2024-04-20T05:34:04.348+0000] {logging_mixin.py:117} INFO - [2024-04-20T05:34:04.347+0000] {dag.py:3328} INFO - Setting next_dagrun for example_branch_operator to 2024-04-19T00:00:00+00:00, run_after=2024-04-20T00:00:00+00:00
[2024-04-20T05:34:04.434+0000] {processor.py:178} INFO - Processing /home/airflow/.local/lib/python3.7/site-packages/airflow/example_dags/example_branch_operator.py took 0.542 seconds
[2024-04-20T05:34:35.252+0000] {processor.py:156} INFO - Started process (PID=1417) to work on /home/airflow/.local/lib/python3.7/site-packages/airflow/example_dags/example_branch_operator.py
[2024-04-20T05:34:35.253+0000] {processor.py:758} INFO - Processing file /home/airflow/.local/lib/python3.7/site-packages/airflow/example_dags/example_branch_operator.py for tasks to queue
[2024-04-20T05:34:35.253+0000] {logging_mixin.py:117} INFO - [2024-04-20T05:34:35.253+0000] {dagbag.py:525} INFO - Filling up the DagBag from /home/airflow/.local/lib/python3.7/site-packages/airflow/example_dags/example_branch_operator.py
[2024-04-20T05:34:35.436+0000] {processor.py:768} INFO - DAG(s) dict_keys(['example_branch_operator']) retrieved from /home/airflow/.local/lib/python3.7/site-packages/airflow/example_dags/example_branch_operator.py
[2024-04-20T05:34:35.480+0000] {logging_mixin.py:117} INFO - [2024-04-20T05:34:35.480+0000] {dag.py:2573} INFO - Sync 1 DAGs
[2024-04-20T05:34:35.515+0000] {logging_mixin.py:117} INFO - [2024-04-20T05:34:35.515+0000] {dag.py:3328} INFO - Setting next_dagrun for example_branch_operator to 2024-04-19T00:00:00+00:00, run_after=2024-04-20T00:00:00+00:00
[2024-04-20T05:34:35.539+0000] {processor.py:178} INFO - Processing /home/airflow/.local/lib/python3.7/site-packages/airflow/example_dags/example_branch_operator.py took 0.290 seconds
[2024-04-20T05:35:06.004+0000] {processor.py:156} INFO - Started process (PID=1635) to work on /home/airflow/.local/lib/python3.7/site-packages/airflow/example_dags/example_branch_operator.py
[2024-04-20T05:35:06.014+0000] {processor.py:758} INFO - Processing file /home/airflow/.local/lib/python3.7/site-packages/airflow/example_dags/example_branch_operator.py for tasks to queue
[2024-04-20T05:35:06.015+0000] {logging_mixin.py:117} INFO - [2024-04-20T05:35:06.015+0000] {dagbag.py:525} INFO - Filling up the DagBag from /home/airflow/.local/lib/python3.7/site-packages/airflow/example_dags/example_branch_operator.py
[2024-04-20T05:35:06.096+0000] {processor.py:768} INFO - DAG(s) dict_keys(['example_branch_operator']) retrieved from /home/airflow/.local/lib/python3.7/site-packages/airflow/example_dags/example_branch_operator.py
[2024-04-20T05:35:06.276+0000] {logging_mixin.py:117} INFO - [2024-04-20T05:35:06.276+0000] {dag.py:2573} INFO - Sync 1 DAGs
[2024-04-20T05:35:06.385+0000] {logging_mixin.py:117} INFO - [2024-04-20T05:35:06.384+0000] {dag.py:3328} INFO - Setting next_dagrun for example_branch_operator to 2024-04-19T00:00:00+00:00, run_after=2024-04-20T00:00:00+00:00
[2024-04-20T05:35:06.434+0000] {processor.py:178} INFO - Processing /home/airflow/.local/lib/python3.7/site-packages/airflow/example_dags/example_branch_operator.py took 0.439 seconds
[2024-04-20T05:35:36.739+0000] {processor.py:156} INFO - Started process (PID=1843) to work on /home/airflow/.local/lib/python3.7/site-packages/airflow/example_dags/example_branch_operator.py
[2024-04-20T05:35:36.740+0000] {processor.py:758} INFO - Processing file /home/airflow/.local/lib/python3.7/site-packages/airflow/example_dags/example_branch_operator.py for tasks to queue
[2024-04-20T05:35:36.741+0000] {logging_mixin.py:117} INFO - [2024-04-20T05:35:36.741+0000] {dagbag.py:525} INFO - Filling up the DagBag from /home/airflow/.local/lib/python3.7/site-packages/airflow/example_dags/example_branch_operator.py
[2024-04-20T05:35:36.763+0000] {processor.py:768} INFO - DAG(s) dict_keys(['example_branch_operator']) retrieved from /home/airflow/.local/lib/python3.7/site-packages/airflow/example_dags/example_branch_operator.py
[2024-04-20T05:35:36.815+0000] {logging_mixin.py:117} INFO - [2024-04-20T05:35:36.815+0000] {dag.py:2573} INFO - Sync 1 DAGs
[2024-04-20T05:35:36.847+0000] {logging_mixin.py:117} INFO - [2024-04-20T05:35:36.847+0000] {dag.py:3328} INFO - Setting next_dagrun for example_branch_operator to 2024-04-19T00:00:00+00:00, run_after=2024-04-20T00:00:00+00:00
[2024-04-20T05:35:36.876+0000] {processor.py:178} INFO - Processing /home/airflow/.local/lib/python3.7/site-packages/airflow/example_dags/example_branch_operator.py took 0.140 seconds
[2024-04-20T05:36:07.371+0000] {processor.py:156} INFO - Started process (PID=2059) to work on /home/airflow/.local/lib/python3.7/site-packages/airflow/example_dags/example_branch_operator.py
[2024-04-20T05:36:07.372+0000] {processor.py:758} INFO - Processing file /home/airflow/.local/lib/python3.7/site-packages/airflow/example_dags/example_branch_operator.py for tasks to queue
[2024-04-20T05:36:07.372+0000] {logging_mixin.py:117} INFO - [2024-04-20T05:36:07.372+0000] {dagbag.py:525} INFO - Filling up the DagBag from /home/airflow/.local/lib/python3.7/site-packages/airflow/example_dags/example_branch_operator.py
[2024-04-20T05:36:07.407+0000] {processor.py:768} INFO - DAG(s) dict_keys(['example_branch_operator']) retrieved from /home/airflow/.local/lib/python3.7/site-packages/airflow/example_dags/example_branch_operator.py
[2024-04-20T05:36:07.473+0000] {logging_mixin.py:117} INFO - [2024-04-20T05:36:07.473+0000] {dag.py:2573} INFO - Sync 1 DAGs
[2024-04-20T05:36:07.512+0000] {logging_mixin.py:117} INFO - [2024-04-20T05:36:07.512+0000] {dag.py:3328} INFO - Setting next_dagrun for example_branch_operator to 2024-04-19T00:00:00+00:00, run_after=2024-04-20T00:00:00+00:00
[2024-04-20T05:36:07.607+0000] {processor.py:178} INFO - Processing /home/airflow/.local/lib/python3.7/site-packages/airflow/example_dags/example_branch_operator.py took 0.238 seconds
[2024-04-20T05:36:37.776+0000] {processor.py:156} INFO - Started process (PID=2277) to work on /home/airflow/.local/lib/python3.7/site-packages/airflow/example_dags/example_branch_operator.py
[2024-04-20T05:36:37.776+0000] {processor.py:758} INFO - Processing file /home/airflow/.local/lib/python3.7/site-packages/airflow/example_dags/example_branch_operator.py for tasks to queue
[2024-04-20T05:36:37.777+0000] {logging_mixin.py:117} INFO - [2024-04-20T05:36:37.777+0000] {dagbag.py:525} INFO - Filling up the DagBag from /home/airflow/.local/lib/python3.7/site-packages/airflow/example_dags/example_branch_operator.py
[2024-04-20T05:36:37.800+0000] {processor.py:768} INFO - DAG(s) dict_keys(['example_branch_operator']) retrieved from /home/airflow/.local/lib/python3.7/site-packages/airflow/example_dags/example_branch_operator.py
[2024-04-20T05:36:37.850+0000] {logging_mixin.py:117} INFO - [2024-04-20T05:36:37.849+0000] {dag.py:2573} INFO - Sync 1 DAGs
[2024-04-20T05:36:37.908+0000] {logging_mixin.py:117} INFO - [2024-04-20T05:36:37.908+0000] {dag.py:3328} INFO - Setting next_dagrun for example_branch_operator to 2024-04-19T00:00:00+00:00, run_after=2024-04-20T00:00:00+00:00
[2024-04-20T05:36:37.963+0000] {processor.py:178} INFO - Processing /home/airflow/.local/lib/python3.7/site-packages/airflow/example_dags/example_branch_operator.py took 0.191 seconds
[2024-04-20T05:37:08.554+0000] {processor.py:156} INFO - Started process (PID=2554) to work on /home/airflow/.local/lib/python3.7/site-packages/airflow/example_dags/example_branch_operator.py
[2024-04-20T05:37:08.554+0000] {processor.py:758} INFO - Processing file /home/airflow/.local/lib/python3.7/site-packages/airflow/example_dags/example_branch_operator.py for tasks to queue
[2024-04-20T05:37:08.555+0000] {logging_mixin.py:117} INFO - [2024-04-20T05:37:08.555+0000] {dagbag.py:525} INFO - Filling up the DagBag from /home/airflow/.local/lib/python3.7/site-packages/airflow/example_dags/example_branch_operator.py
[2024-04-20T05:37:08.589+0000] {processor.py:768} INFO - DAG(s) dict_keys(['example_branch_operator']) retrieved from /home/airflow/.local/lib/python3.7/site-packages/airflow/example_dags/example_branch_operator.py
[2024-04-20T05:37:08.643+0000] {logging_mixin.py:117} INFO - [2024-04-20T05:37:08.643+0000] {dag.py:2573} INFO - Sync 1 DAGs
[2024-04-20T05:37:08.677+0000] {logging_mixin.py:117} INFO - [2024-04-20T05:37:08.677+0000] {dag.py:3328} INFO - Setting next_dagrun for example_branch_operator to 2024-04-19T00:00:00+00:00, run_after=2024-04-20T00:00:00+00:00
[2024-04-20T05:37:08.709+0000] {processor.py:178} INFO - Processing /home/airflow/.local/lib/python3.7/site-packages/airflow/example_dags/example_branch_operator.py took 0.158 seconds
[2024-04-20T05:37:39.044+0000] {processor.py:156} INFO - Started process (PID=2808) to work on /home/airflow/.local/lib/python3.7/site-packages/airflow/example_dags/example_branch_operator.py
[2024-04-20T05:37:39.046+0000] {processor.py:758} INFO - Processing file /home/airflow/.local/lib/python3.7/site-packages/airflow/example_dags/example_branch_operator.py for tasks to queue
[2024-04-20T05:37:39.048+0000] {logging_mixin.py:117} INFO - [2024-04-20T05:37:39.047+0000] {dagbag.py:525} INFO - Filling up the DagBag from /home/airflow/.local/lib/python3.7/site-packages/airflow/example_dags/example_branch_operator.py
[2024-04-20T05:37:39.094+0000] {processor.py:768} INFO - DAG(s) dict_keys(['example_branch_operator']) retrieved from /home/airflow/.local/lib/python3.7/site-packages/airflow/example_dags/example_branch_operator.py
[2024-04-20T05:37:39.270+0000] {logging_mixin.py:117} INFO - [2024-04-20T05:37:39.270+0000] {dag.py:2573} INFO - Sync 1 DAGs
[2024-04-20T05:37:39.363+0000] {logging_mixin.py:117} INFO - [2024-04-20T05:37:39.363+0000] {dag.py:3328} INFO - Setting next_dagrun for example_branch_operator to 2024-04-19T00:00:00+00:00, run_after=2024-04-20T00:00:00+00:00
[2024-04-20T05:37:39.411+0000] {processor.py:178} INFO - Processing /home/airflow/.local/lib/python3.7/site-packages/airflow/example_dags/example_branch_operator.py took 0.376 seconds
[2024-04-20T05:38:09.649+0000] {processor.py:156} INFO - Started process (PID=3038) to work on /home/airflow/.local/lib/python3.7/site-packages/airflow/example_dags/example_branch_operator.py
[2024-04-20T05:38:09.650+0000] {processor.py:758} INFO - Processing file /home/airflow/.local/lib/python3.7/site-packages/airflow/example_dags/example_branch_operator.py for tasks to queue
[2024-04-20T05:38:09.651+0000] {logging_mixin.py:117} INFO - [2024-04-20T05:38:09.651+0000] {dagbag.py:525} INFO - Filling up the DagBag from /home/airflow/.local/lib/python3.7/site-packages/airflow/example_dags/example_branch_operator.py
[2024-04-20T05:38:09.675+0000] {processor.py:768} INFO - DAG(s) dict_keys(['example_branch_operator']) retrieved from /home/airflow/.local/lib/python3.7/site-packages/airflow/example_dags/example_branch_operator.py
[2024-04-20T05:38:09.725+0000] {logging_mixin.py:117} INFO - [2024-04-20T05:38:09.725+0000] {dag.py:2573} INFO - Sync 1 DAGs
[2024-04-20T05:38:09.758+0000] {logging_mixin.py:117} INFO - [2024-04-20T05:38:09.758+0000] {dag.py:3328} INFO - Setting next_dagrun for example_branch_operator to 2024-04-19T00:00:00+00:00, run_after=2024-04-20T00:00:00+00:00
[2024-04-20T05:38:09.795+0000] {processor.py:178} INFO - Processing /home/airflow/.local/lib/python3.7/site-packages/airflow/example_dags/example_branch_operator.py took 0.149 seconds
[2024-04-20T05:38:40.037+0000] {processor.py:156} INFO - Started process (PID=3266) to work on /home/airflow/.local/lib/python3.7/site-packages/airflow/example_dags/example_branch_operator.py
[2024-04-20T05:38:40.042+0000] {processor.py:758} INFO - Processing file /home/airflow/.local/lib/python3.7/site-packages/airflow/example_dags/example_branch_operator.py for tasks to queue
[2024-04-20T05:38:40.043+0000] {logging_mixin.py:117} INFO - [2024-04-20T05:38:40.042+0000] {dagbag.py:525} INFO - Filling up the DagBag from /home/airflow/.local/lib/python3.7/site-packages/airflow/example_dags/example_branch_operator.py
[2024-04-20T05:38:40.169+0000] {processor.py:768} INFO - DAG(s) dict_keys(['example_branch_operator']) retrieved from /home/airflow/.local/lib/python3.7/site-packages/airflow/example_dags/example_branch_operator.py
[2024-04-20T05:38:40.228+0000] {logging_mixin.py:117} INFO - [2024-04-20T05:38:40.228+0000] {dag.py:2573} INFO - Sync 1 DAGs
[2024-04-20T05:38:40.262+0000] {logging_mixin.py:117} INFO - [2024-04-20T05:38:40.262+0000] {dag.py:3328} INFO - Setting next_dagrun for example_branch_operator to 2024-04-19T00:00:00+00:00, run_after=2024-04-20T00:00:00+00:00
[2024-04-20T05:38:40.295+0000] {processor.py:178} INFO - Processing /home/airflow/.local/lib/python3.7/site-packages/airflow/example_dags/example_branch_operator.py took 0.267 seconds
[2024-04-20T05:39:10.392+0000] {processor.py:156} INFO - Started process (PID=3486) to work on /home/airflow/.local/lib/python3.7/site-packages/airflow/example_dags/example_branch_operator.py
[2024-04-20T05:39:10.398+0000] {processor.py:758} INFO - Processing file /home/airflow/.local/lib/python3.7/site-packages/airflow/example_dags/example_branch_operator.py for tasks to queue
[2024-04-20T05:39:10.399+0000] {logging_mixin.py:117} INFO - [2024-04-20T05:39:10.399+0000] {dagbag.py:525} INFO - Filling up the DagBag from /home/airflow/.local/lib/python3.7/site-packages/airflow/example_dags/example_branch_operator.py
[2024-04-20T05:39:10.436+0000] {processor.py:768} INFO - DAG(s) dict_keys(['example_branch_operator']) retrieved from /home/airflow/.local/lib/python3.7/site-packages/airflow/example_dags/example_branch_operator.py
[2024-04-20T05:39:10.552+0000] {logging_mixin.py:117} INFO - [2024-04-20T05:39:10.552+0000] {dag.py:2573} INFO - Sync 1 DAGs
[2024-04-20T05:39:10.613+0000] {logging_mixin.py:117} INFO - [2024-04-20T05:39:10.613+0000] {dag.py:3328} INFO - Setting next_dagrun for example_branch_operator to 2024-04-19T00:00:00+00:00, run_after=2024-04-20T00:00:00+00:00
[2024-04-20T05:39:10.654+0000] {processor.py:178} INFO - Processing /home/airflow/.local/lib/python3.7/site-packages/airflow/example_dags/example_branch_operator.py took 0.271 seconds
[2024-04-20T05:39:41.418+0000] {processor.py:156} INFO - Started process (PID=3737) to work on /home/airflow/.local/lib/python3.7/site-packages/airflow/example_dags/example_branch_operator.py
[2024-04-20T05:39:41.418+0000] {processor.py:758} INFO - Processing file /home/airflow/.local/lib/python3.7/site-packages/airflow/example_dags/example_branch_operator.py for tasks to queue
[2024-04-20T05:39:41.419+0000] {logging_mixin.py:117} INFO - [2024-04-20T05:39:41.419+0000] {dagbag.py:525} INFO - Filling up the DagBag from /home/airflow/.local/lib/python3.7/site-packages/airflow/example_dags/example_branch_operator.py
[2024-04-20T05:39:41.440+0000] {processor.py:768} INFO - DAG(s) dict_keys(['example_branch_operator']) retrieved from /home/airflow/.local/lib/python3.7/site-packages/airflow/example_dags/example_branch_operator.py
[2024-04-20T05:39:41.495+0000] {logging_mixin.py:117} INFO - [2024-04-20T05:39:41.495+0000] {dag.py:2573} INFO - Sync 1 DAGs
[2024-04-20T05:39:41.530+0000] {logging_mixin.py:117} INFO - [2024-04-20T05:39:41.529+0000] {dag.py:3328} INFO - Setting next_dagrun for example_branch_operator to 2024-04-19T00:00:00+00:00, run_after=2024-04-20T00:00:00+00:00
[2024-04-20T05:39:41.557+0000] {processor.py:178} INFO - Processing /home/airflow/.local/lib/python3.7/site-packages/airflow/example_dags/example_branch_operator.py took 0.143 seconds
[2024-04-20T05:40:12.401+0000] {processor.py:156} INFO - Started process (PID=3965) to work on /home/airflow/.local/lib/python3.7/site-packages/airflow/example_dags/example_branch_operator.py
[2024-04-20T05:40:12.406+0000] {processor.py:758} INFO - Processing file /home/airflow/.local/lib/python3.7/site-packages/airflow/example_dags/example_branch_operator.py for tasks to queue
[2024-04-20T05:40:12.407+0000] {logging_mixin.py:117} INFO - [2024-04-20T05:40:12.407+0000] {dagbag.py:525} INFO - Filling up the DagBag from /home/airflow/.local/lib/python3.7/site-packages/airflow/example_dags/example_branch_operator.py
[2024-04-20T05:40:12.482+0000] {processor.py:768} INFO - DAG(s) dict_keys(['example_branch_operator']) retrieved from /home/airflow/.local/lib/python3.7/site-packages/airflow/example_dags/example_branch_operator.py
[2024-04-20T05:40:12.625+0000] {logging_mixin.py:117} INFO - [2024-04-20T05:40:12.625+0000] {dag.py:2573} INFO - Sync 1 DAGs
[2024-04-20T05:40:12.672+0000] {logging_mixin.py:117} INFO - [2024-04-20T05:40:12.672+0000] {dag.py:3328} INFO - Setting next_dagrun for example_branch_operator to 2024-04-19T00:00:00+00:00, run_after=2024-04-20T00:00:00+00:00
[2024-04-20T05:40:12.707+0000] {processor.py:178} INFO - Processing /home/airflow/.local/lib/python3.7/site-packages/airflow/example_dags/example_branch_operator.py took 0.312 seconds
[2024-04-20T05:40:43.250+0000] {processor.py:156} INFO - Started process (PID=4181) to work on /home/airflow/.local/lib/python3.7/site-packages/airflow/example_dags/example_branch_operator.py
[2024-04-20T05:40:43.252+0000] {processor.py:758} INFO - Processing file /home/airflow/.local/lib/python3.7/site-packages/airflow/example_dags/example_branch_operator.py for tasks to queue
[2024-04-20T05:40:43.252+0000] {logging_mixin.py:117} INFO - [2024-04-20T05:40:43.252+0000] {dagbag.py:525} INFO - Filling up the DagBag from /home/airflow/.local/lib/python3.7/site-packages/airflow/example_dags/example_branch_operator.py
[2024-04-20T05:40:43.346+0000] {processor.py:768} INFO - DAG(s) dict_keys(['example_branch_operator']) retrieved from /home/airflow/.local/lib/python3.7/site-packages/airflow/example_dags/example_branch_operator.py
[2024-04-20T05:40:43.644+0000] {logging_mixin.py:117} INFO - [2024-04-20T05:40:43.644+0000] {dag.py:2573} INFO - Sync 1 DAGs
[2024-04-20T05:40:43.789+0000] {logging_mixin.py:117} INFO - [2024-04-20T05:40:43.789+0000] {dag.py:3328} INFO - Setting next_dagrun for example_branch_operator to 2024-04-19T00:00:00+00:00, run_after=2024-04-20T00:00:00+00:00
[2024-04-20T05:40:43.932+0000] {processor.py:178} INFO - Processing /home/airflow/.local/lib/python3.7/site-packages/airflow/example_dags/example_branch_operator.py took 0.694 seconds
[2024-04-20T05:41:14.570+0000] {processor.py:156} INFO - Started process (PID=4410) to work on /home/airflow/.local/lib/python3.7/site-packages/airflow/example_dags/example_branch_operator.py
[2024-04-20T05:41:14.578+0000] {processor.py:758} INFO - Processing file /home/airflow/.local/lib/python3.7/site-packages/airflow/example_dags/example_branch_operator.py for tasks to queue
[2024-04-20T05:41:14.579+0000] {logging_mixin.py:117} INFO - [2024-04-20T05:41:14.578+0000] {dagbag.py:525} INFO - Filling up the DagBag from /home/airflow/.local/lib/python3.7/site-packages/airflow/example_dags/example_branch_operator.py
[2024-04-20T05:41:14.630+0000] {processor.py:768} INFO - DAG(s) dict_keys(['example_branch_operator']) retrieved from /home/airflow/.local/lib/python3.7/site-packages/airflow/example_dags/example_branch_operator.py
[2024-04-20T05:41:14.728+0000] {logging_mixin.py:117} INFO - [2024-04-20T05:41:14.728+0000] {dag.py:2573} INFO - Sync 1 DAGs
[2024-04-20T05:41:14.763+0000] {logging_mixin.py:117} INFO - [2024-04-20T05:41:14.763+0000] {dag.py:3328} INFO - Setting next_dagrun for example_branch_operator to 2024-04-19T00:00:00+00:00, run_after=2024-04-20T00:00:00+00:00
[2024-04-20T05:41:14.801+0000] {processor.py:178} INFO - Processing /home/airflow/.local/lib/python3.7/site-packages/airflow/example_dags/example_branch_operator.py took 0.235 seconds
[2024-04-20T05:41:44.992+0000] {processor.py:156} INFO - Started process (PID=4637) to work on /home/airflow/.local/lib/python3.7/site-packages/airflow/example_dags/example_branch_operator.py
[2024-04-20T05:41:44.995+0000] {processor.py:758} INFO - Processing file /home/airflow/.local/lib/python3.7/site-packages/airflow/example_dags/example_branch_operator.py for tasks to queue
[2024-04-20T05:41:44.996+0000] {logging_mixin.py:117} INFO - [2024-04-20T05:41:44.996+0000] {dagbag.py:525} INFO - Filling up the DagBag from /home/airflow/.local/lib/python3.7/site-packages/airflow/example_dags/example_branch_operator.py
[2024-04-20T05:41:45.029+0000] {processor.py:768} INFO - DAG(s) dict_keys(['example_branch_operator']) retrieved from /home/airflow/.local/lib/python3.7/site-packages/airflow/example_dags/example_branch_operator.py
[2024-04-20T05:41:45.099+0000] {logging_mixin.py:117} INFO - [2024-04-20T05:41:45.098+0000] {dag.py:2573} INFO - Sync 1 DAGs
[2024-04-20T05:41:45.235+0000] {logging_mixin.py:117} INFO - [2024-04-20T05:41:45.234+0000] {dag.py:3328} INFO - Setting next_dagrun for example_branch_operator to 2024-04-19T00:00:00+00:00, run_after=2024-04-20T00:00:00+00:00
[2024-04-20T05:41:45.362+0000] {processor.py:178} INFO - Processing /home/airflow/.local/lib/python3.7/site-packages/airflow/example_dags/example_branch_operator.py took 0.373 seconds
[2024-04-20T05:42:15.446+0000] {processor.py:156} INFO - Started process (PID=4875) to work on /home/airflow/.local/lib/python3.7/site-packages/airflow/example_dags/example_branch_operator.py
[2024-04-20T05:42:15.450+0000] {processor.py:758} INFO - Processing file /home/airflow/.local/lib/python3.7/site-packages/airflow/example_dags/example_branch_operator.py for tasks to queue
[2024-04-20T05:42:15.453+0000] {logging_mixin.py:117} INFO - [2024-04-20T05:42:15.452+0000] {dagbag.py:525} INFO - Filling up the DagBag from /home/airflow/.local/lib/python3.7/site-packages/airflow/example_dags/example_branch_operator.py
[2024-04-20T05:42:15.677+0000] {processor.py:768} INFO - DAG(s) dict_keys(['example_branch_operator']) retrieved from /home/airflow/.local/lib/python3.7/site-packages/airflow/example_dags/example_branch_operator.py
[2024-04-20T05:42:15.861+0000] {logging_mixin.py:117} INFO - [2024-04-20T05:42:15.861+0000] {dag.py:2573} INFO - Sync 1 DAGs
[2024-04-20T05:42:15.990+0000] {logging_mixin.py:117} INFO - [2024-04-20T05:42:15.981+0000] {dag.py:3328} INFO - Setting next_dagrun for example_branch_operator to 2024-04-19T00:00:00+00:00, run_after=2024-04-20T00:00:00+00:00
[2024-04-20T05:42:16.029+0000] {processor.py:178} INFO - Processing /home/airflow/.local/lib/python3.7/site-packages/airflow/example_dags/example_branch_operator.py took 0.594 seconds
[2024-04-20T05:42:46.433+0000] {processor.py:156} INFO - Started process (PID=5135) to work on /home/airflow/.local/lib/python3.7/site-packages/airflow/example_dags/example_branch_operator.py
[2024-04-20T05:42:46.437+0000] {processor.py:758} INFO - Processing file /home/airflow/.local/lib/python3.7/site-packages/airflow/example_dags/example_branch_operator.py for tasks to queue
[2024-04-20T05:42:46.439+0000] {logging_mixin.py:117} INFO - [2024-04-20T05:42:46.439+0000] {dagbag.py:525} INFO - Filling up the DagBag from /home/airflow/.local/lib/python3.7/site-packages/airflow/example_dags/example_branch_operator.py
[2024-04-20T05:42:46.469+0000] {processor.py:768} INFO - DAG(s) dict_keys(['example_branch_operator']) retrieved from /home/airflow/.local/lib/python3.7/site-packages/airflow/example_dags/example_branch_operator.py
[2024-04-20T05:42:46.538+0000] {logging_mixin.py:117} INFO - [2024-04-20T05:42:46.538+0000] {dag.py:2573} INFO - Sync 1 DAGs
[2024-04-20T05:42:46.605+0000] {logging_mixin.py:117} INFO - [2024-04-20T05:42:46.604+0000] {dag.py:3328} INFO - Setting next_dagrun for example_branch_operator to 2024-04-19T00:00:00+00:00, run_after=2024-04-20T00:00:00+00:00
[2024-04-20T05:42:46.660+0000] {processor.py:178} INFO - Processing /home/airflow/.local/lib/python3.7/site-packages/airflow/example_dags/example_branch_operator.py took 0.236 seconds
[2024-04-20T05:43:17.678+0000] {processor.py:156} INFO - Started process (PID=5392) to work on /home/airflow/.local/lib/python3.7/site-packages/airflow/example_dags/example_branch_operator.py
[2024-04-20T05:43:17.678+0000] {processor.py:758} INFO - Processing file /home/airflow/.local/lib/python3.7/site-packages/airflow/example_dags/example_branch_operator.py for tasks to queue
[2024-04-20T05:43:17.679+0000] {logging_mixin.py:117} INFO - [2024-04-20T05:43:17.679+0000] {dagbag.py:525} INFO - Filling up the DagBag from /home/airflow/.local/lib/python3.7/site-packages/airflow/example_dags/example_branch_operator.py
[2024-04-20T05:43:17.731+0000] {processor.py:768} INFO - DAG(s) dict_keys(['example_branch_operator']) retrieved from /home/airflow/.local/lib/python3.7/site-packages/airflow/example_dags/example_branch_operator.py
[2024-04-20T05:43:17.850+0000] {logging_mixin.py:117} INFO - [2024-04-20T05:43:17.850+0000] {dag.py:2573} INFO - Sync 1 DAGs
[2024-04-20T05:43:17.936+0000] {logging_mixin.py:117} INFO - [2024-04-20T05:43:17.935+0000] {dag.py:3328} INFO - Setting next_dagrun for example_branch_operator to 2024-04-19T00:00:00+00:00, run_after=2024-04-20T00:00:00+00:00
[2024-04-20T05:43:17.989+0000] {processor.py:178} INFO - Processing /home/airflow/.local/lib/python3.7/site-packages/airflow/example_dags/example_branch_operator.py took 0.314 seconds
[2024-04-20T05:43:48.651+0000] {processor.py:156} INFO - Started process (PID=5631) to work on /home/airflow/.local/lib/python3.7/site-packages/airflow/example_dags/example_branch_operator.py
[2024-04-20T05:43:48.652+0000] {processor.py:758} INFO - Processing file /home/airflow/.local/lib/python3.7/site-packages/airflow/example_dags/example_branch_operator.py for tasks to queue
[2024-04-20T05:43:48.652+0000] {logging_mixin.py:117} INFO - [2024-04-20T05:43:48.652+0000] {dagbag.py:525} INFO - Filling up the DagBag from /home/airflow/.local/lib/python3.7/site-packages/airflow/example_dags/example_branch_operator.py
[2024-04-20T05:43:48.675+0000] {processor.py:768} INFO - DAG(s) dict_keys(['example_branch_operator']) retrieved from /home/airflow/.local/lib/python3.7/site-packages/airflow/example_dags/example_branch_operator.py
[2024-04-20T05:43:48.731+0000] {logging_mixin.py:117} INFO - [2024-04-20T05:43:48.731+0000] {dag.py:2573} INFO - Sync 1 DAGs
[2024-04-20T05:43:48.820+0000] {logging_mixin.py:117} INFO - [2024-04-20T05:43:48.820+0000] {dag.py:3328} INFO - Setting next_dagrun for example_branch_operator to 2024-04-19T00:00:00+00:00, run_after=2024-04-20T00:00:00+00:00
[2024-04-20T05:43:48.935+0000] {processor.py:178} INFO - Processing /home/airflow/.local/lib/python3.7/site-packages/airflow/example_dags/example_branch_operator.py took 0.287 seconds
[2024-04-20T05:44:19.412+0000] {processor.py:156} INFO - Started process (PID=5867) to work on /home/airflow/.local/lib/python3.7/site-packages/airflow/example_dags/example_branch_operator.py
[2024-04-20T05:44:19.413+0000] {processor.py:758} INFO - Processing file /home/airflow/.local/lib/python3.7/site-packages/airflow/example_dags/example_branch_operator.py for tasks to queue
[2024-04-20T05:44:19.414+0000] {logging_mixin.py:117} INFO - [2024-04-20T05:44:19.414+0000] {dagbag.py:525} INFO - Filling up the DagBag from /home/airflow/.local/lib/python3.7/site-packages/airflow/example_dags/example_branch_operator.py
[2024-04-20T05:44:19.436+0000] {processor.py:768} INFO - DAG(s) dict_keys(['example_branch_operator']) retrieved from /home/airflow/.local/lib/python3.7/site-packages/airflow/example_dags/example_branch_operator.py
[2024-04-20T05:44:19.488+0000] {logging_mixin.py:117} INFO - [2024-04-20T05:44:19.488+0000] {dag.py:2573} INFO - Sync 1 DAGs
[2024-04-20T05:44:19.547+0000] {logging_mixin.py:117} INFO - [2024-04-20T05:44:19.547+0000] {dag.py:3328} INFO - Setting next_dagrun for example_branch_operator to 2024-04-19T00:00:00+00:00, run_after=2024-04-20T00:00:00+00:00
[2024-04-20T05:44:19.588+0000] {processor.py:178} INFO - Processing /home/airflow/.local/lib/python3.7/site-packages/airflow/example_dags/example_branch_operator.py took 0.178 seconds
[2024-04-20T05:44:50.236+0000] {processor.py:156} INFO - Started process (PID=6137) to work on /home/airflow/.local/lib/python3.7/site-packages/airflow/example_dags/example_branch_operator.py
[2024-04-20T05:44:50.238+0000] {processor.py:758} INFO - Processing file /home/airflow/.local/lib/python3.7/site-packages/airflow/example_dags/example_branch_operator.py for tasks to queue
[2024-04-20T05:44:50.239+0000] {logging_mixin.py:117} INFO - [2024-04-20T05:44:50.239+0000] {dagbag.py:525} INFO - Filling up the DagBag from /home/airflow/.local/lib/python3.7/site-packages/airflow/example_dags/example_branch_operator.py
[2024-04-20T05:44:50.286+0000] {processor.py:768} INFO - DAG(s) dict_keys(['example_branch_operator']) retrieved from /home/airflow/.local/lib/python3.7/site-packages/airflow/example_dags/example_branch_operator.py
[2024-04-20T05:44:50.377+0000] {logging_mixin.py:117} INFO - [2024-04-20T05:44:50.377+0000] {dag.py:2573} INFO - Sync 1 DAGs
[2024-04-20T05:44:50.411+0000] {logging_mixin.py:117} INFO - [2024-04-20T05:44:50.411+0000] {dag.py:3328} INFO - Setting next_dagrun for example_branch_operator to 2024-04-19T00:00:00+00:00, run_after=2024-04-20T00:00:00+00:00
[2024-04-20T05:44:50.438+0000] {processor.py:178} INFO - Processing /home/airflow/.local/lib/python3.7/site-packages/airflow/example_dags/example_branch_operator.py took 0.211 seconds
[2024-04-20T05:45:20.554+0000] {processor.py:156} INFO - Started process (PID=6387) to work on /home/airflow/.local/lib/python3.7/site-packages/airflow/example_dags/example_branch_operator.py
[2024-04-20T05:45:20.555+0000] {processor.py:758} INFO - Processing file /home/airflow/.local/lib/python3.7/site-packages/airflow/example_dags/example_branch_operator.py for tasks to queue
[2024-04-20T05:45:20.555+0000] {logging_mixin.py:117} INFO - [2024-04-20T05:45:20.555+0000] {dagbag.py:525} INFO - Filling up the DagBag from /home/airflow/.local/lib/python3.7/site-packages/airflow/example_dags/example_branch_operator.py
[2024-04-20T05:45:20.578+0000] {processor.py:768} INFO - DAG(s) dict_keys(['example_branch_operator']) retrieved from /home/airflow/.local/lib/python3.7/site-packages/airflow/example_dags/example_branch_operator.py
[2024-04-20T05:45:20.634+0000] {logging_mixin.py:117} INFO - [2024-04-20T05:45:20.633+0000] {dag.py:2573} INFO - Sync 1 DAGs
[2024-04-20T05:45:20.702+0000] {logging_mixin.py:117} INFO - [2024-04-20T05:45:20.702+0000] {dag.py:3328} INFO - Setting next_dagrun for example_branch_operator to 2024-04-19T00:00:00+00:00, run_after=2024-04-20T00:00:00+00:00
[2024-04-20T05:45:20.754+0000] {processor.py:178} INFO - Processing /home/airflow/.local/lib/python3.7/site-packages/airflow/example_dags/example_branch_operator.py took 0.203 seconds
[2024-04-20T05:45:51.504+0000] {processor.py:156} INFO - Started process (PID=6664) to work on /home/airflow/.local/lib/python3.7/site-packages/airflow/example_dags/example_branch_operator.py
[2024-04-20T05:45:51.505+0000] {processor.py:758} INFO - Processing file /home/airflow/.local/lib/python3.7/site-packages/airflow/example_dags/example_branch_operator.py for tasks to queue
[2024-04-20T05:45:51.506+0000] {logging_mixin.py:117} INFO - [2024-04-20T05:45:51.505+0000] {dagbag.py:525} INFO - Filling up the DagBag from /home/airflow/.local/lib/python3.7/site-packages/airflow/example_dags/example_branch_operator.py
[2024-04-20T05:45:51.530+0000] {processor.py:768} INFO - DAG(s) dict_keys(['example_branch_operator']) retrieved from /home/airflow/.local/lib/python3.7/site-packages/airflow/example_dags/example_branch_operator.py
[2024-04-20T05:45:51.600+0000] {logging_mixin.py:117} INFO - [2024-04-20T05:45:51.600+0000] {dag.py:2573} INFO - Sync 1 DAGs
[2024-04-20T05:45:51.632+0000] {logging_mixin.py:117} INFO - [2024-04-20T05:45:51.632+0000] {dag.py:3328} INFO - Setting next_dagrun for example_branch_operator to 2024-04-19T00:00:00+00:00, run_after=2024-04-20T00:00:00+00:00
[2024-04-20T05:45:51.656+0000] {processor.py:178} INFO - Processing /home/airflow/.local/lib/python3.7/site-packages/airflow/example_dags/example_branch_operator.py took 0.155 seconds
[2024-04-20T05:46:22.161+0000] {processor.py:156} INFO - Started process (PID=6897) to work on /home/airflow/.local/lib/python3.7/site-packages/airflow/example_dags/example_branch_operator.py
[2024-04-20T05:46:22.161+0000] {processor.py:758} INFO - Processing file /home/airflow/.local/lib/python3.7/site-packages/airflow/example_dags/example_branch_operator.py for tasks to queue
[2024-04-20T05:46:22.162+0000] {logging_mixin.py:117} INFO - [2024-04-20T05:46:22.162+0000] {dagbag.py:525} INFO - Filling up the DagBag from /home/airflow/.local/lib/python3.7/site-packages/airflow/example_dags/example_branch_operator.py
[2024-04-20T05:46:22.184+0000] {processor.py:768} INFO - DAG(s) dict_keys(['example_branch_operator']) retrieved from /home/airflow/.local/lib/python3.7/site-packages/airflow/example_dags/example_branch_operator.py
[2024-04-20T05:46:22.233+0000] {logging_mixin.py:117} INFO - [2024-04-20T05:46:22.233+0000] {dag.py:2573} INFO - Sync 1 DAGs
[2024-04-20T05:46:22.267+0000] {logging_mixin.py:117} INFO - [2024-04-20T05:46:22.267+0000] {dag.py:3328} INFO - Setting next_dagrun for example_branch_operator to 2024-04-19T00:00:00+00:00, run_after=2024-04-20T00:00:00+00:00
[2024-04-20T05:46:22.292+0000] {processor.py:178} INFO - Processing /home/airflow/.local/lib/python3.7/site-packages/airflow/example_dags/example_branch_operator.py took 0.135 seconds
[2024-04-20T05:46:52.835+0000] {processor.py:156} INFO - Started process (PID=7170) to work on /home/airflow/.local/lib/python3.7/site-packages/airflow/example_dags/example_branch_operator.py
[2024-04-20T05:46:52.836+0000] {processor.py:758} INFO - Processing file /home/airflow/.local/lib/python3.7/site-packages/airflow/example_dags/example_branch_operator.py for tasks to queue
[2024-04-20T05:46:52.836+0000] {logging_mixin.py:117} INFO - [2024-04-20T05:46:52.836+0000] {dagbag.py:525} INFO - Filling up the DagBag from /home/airflow/.local/lib/python3.7/site-packages/airflow/example_dags/example_branch_operator.py
[2024-04-20T05:46:52.860+0000] {processor.py:768} INFO - DAG(s) dict_keys(['example_branch_operator']) retrieved from /home/airflow/.local/lib/python3.7/site-packages/airflow/example_dags/example_branch_operator.py
[2024-04-20T05:46:52.915+0000] {logging_mixin.py:117} INFO - [2024-04-20T05:46:52.914+0000] {dag.py:2573} INFO - Sync 1 DAGs
[2024-04-20T05:46:52.968+0000] {logging_mixin.py:117} INFO - [2024-04-20T05:46:52.967+0000] {dag.py:3328} INFO - Setting next_dagrun for example_branch_operator to 2024-04-19T00:00:00+00:00, run_after=2024-04-20T00:00:00+00:00
[2024-04-20T05:46:52.992+0000] {processor.py:178} INFO - Processing /home/airflow/.local/lib/python3.7/site-packages/airflow/example_dags/example_branch_operator.py took 0.160 seconds
[2024-04-20T05:47:23.141+0000] {processor.py:156} INFO - Started process (PID=7416) to work on /home/airflow/.local/lib/python3.7/site-packages/airflow/example_dags/example_branch_operator.py
[2024-04-20T05:47:23.141+0000] {processor.py:758} INFO - Processing file /home/airflow/.local/lib/python3.7/site-packages/airflow/example_dags/example_branch_operator.py for tasks to queue
[2024-04-20T05:47:23.142+0000] {logging_mixin.py:117} INFO - [2024-04-20T05:47:23.142+0000] {dagbag.py:525} INFO - Filling up the DagBag from /home/airflow/.local/lib/python3.7/site-packages/airflow/example_dags/example_branch_operator.py
[2024-04-20T05:47:23.165+0000] {processor.py:768} INFO - DAG(s) dict_keys(['example_branch_operator']) retrieved from /home/airflow/.local/lib/python3.7/site-packages/airflow/example_dags/example_branch_operator.py
[2024-04-20T05:47:23.220+0000] {logging_mixin.py:117} INFO - [2024-04-20T05:47:23.220+0000] {dag.py:2573} INFO - Sync 1 DAGs
[2024-04-20T05:47:23.259+0000] {logging_mixin.py:117} INFO - [2024-04-20T05:47:23.258+0000] {dag.py:3328} INFO - Setting next_dagrun for example_branch_operator to 2024-04-19T00:00:00+00:00, run_after=2024-04-20T00:00:00+00:00
[2024-04-20T05:47:23.283+0000] {processor.py:178} INFO - Processing /home/airflow/.local/lib/python3.7/site-packages/airflow/example_dags/example_branch_operator.py took 0.150 seconds
[2024-04-20T05:47:53.457+0000] {processor.py:156} INFO - Started process (PID=7656) to work on /home/airflow/.local/lib/python3.7/site-packages/airflow/example_dags/example_branch_operator.py
[2024-04-20T05:47:53.458+0000] {processor.py:758} INFO - Processing file /home/airflow/.local/lib/python3.7/site-packages/airflow/example_dags/example_branch_operator.py for tasks to queue
[2024-04-20T05:47:53.459+0000] {logging_mixin.py:117} INFO - [2024-04-20T05:47:53.459+0000] {dagbag.py:525} INFO - Filling up the DagBag from /home/airflow/.local/lib/python3.7/site-packages/airflow/example_dags/example_branch_operator.py
[2024-04-20T05:47:53.481+0000] {processor.py:768} INFO - DAG(s) dict_keys(['example_branch_operator']) retrieved from /home/airflow/.local/lib/python3.7/site-packages/airflow/example_dags/example_branch_operator.py
[2024-04-20T05:47:53.551+0000] {logging_mixin.py:117} INFO - [2024-04-20T05:47:53.551+0000] {dag.py:2573} INFO - Sync 1 DAGs
[2024-04-20T05:47:53.586+0000] {logging_mixin.py:117} INFO - [2024-04-20T05:47:53.585+0000] {dag.py:3328} INFO - Setting next_dagrun for example_branch_operator to 2024-04-19T00:00:00+00:00, run_after=2024-04-20T00:00:00+00:00
[2024-04-20T05:47:53.611+0000] {processor.py:178} INFO - Processing /home/airflow/.local/lib/python3.7/site-packages/airflow/example_dags/example_branch_operator.py took 0.159 seconds
[2024-04-20T05:48:23.767+0000] {processor.py:156} INFO - Started process (PID=7916) to work on /home/airflow/.local/lib/python3.7/site-packages/airflow/example_dags/example_branch_operator.py
[2024-04-20T05:48:23.767+0000] {processor.py:758} INFO - Processing file /home/airflow/.local/lib/python3.7/site-packages/airflow/example_dags/example_branch_operator.py for tasks to queue
[2024-04-20T05:48:23.768+0000] {logging_mixin.py:117} INFO - [2024-04-20T05:48:23.768+0000] {dagbag.py:525} INFO - Filling up the DagBag from /home/airflow/.local/lib/python3.7/site-packages/airflow/example_dags/example_branch_operator.py
[2024-04-20T05:48:23.799+0000] {processor.py:768} INFO - DAG(s) dict_keys(['example_branch_operator']) retrieved from /home/airflow/.local/lib/python3.7/site-packages/airflow/example_dags/example_branch_operator.py
[2024-04-20T05:48:23.932+0000] {logging_mixin.py:117} INFO - [2024-04-20T05:48:23.932+0000] {dag.py:2573} INFO - Sync 1 DAGs
[2024-04-20T05:48:24.086+0000] {logging_mixin.py:117} INFO - [2024-04-20T05:48:24.086+0000] {dag.py:3328} INFO - Setting next_dagrun for example_branch_operator to 2024-04-19T00:00:00+00:00, run_after=2024-04-20T00:00:00+00:00
[2024-04-20T05:48:24.110+0000] {processor.py:178} INFO - Processing /home/airflow/.local/lib/python3.7/site-packages/airflow/example_dags/example_branch_operator.py took 0.350 seconds
[2024-04-20T05:48:54.192+0000] {processor.py:156} INFO - Started process (PID=8149) to work on /home/airflow/.local/lib/python3.7/site-packages/airflow/example_dags/example_branch_operator.py
[2024-04-20T05:48:54.192+0000] {processor.py:758} INFO - Processing file /home/airflow/.local/lib/python3.7/site-packages/airflow/example_dags/example_branch_operator.py for tasks to queue
[2024-04-20T05:48:54.193+0000] {logging_mixin.py:117} INFO - [2024-04-20T05:48:54.193+0000] {dagbag.py:525} INFO - Filling up the DagBag from /home/airflow/.local/lib/python3.7/site-packages/airflow/example_dags/example_branch_operator.py
[2024-04-20T05:48:54.216+0000] {processor.py:768} INFO - DAG(s) dict_keys(['example_branch_operator']) retrieved from /home/airflow/.local/lib/python3.7/site-packages/airflow/example_dags/example_branch_operator.py
[2024-04-20T05:48:54.273+0000] {logging_mixin.py:117} INFO - [2024-04-20T05:48:54.273+0000] {dag.py:2573} INFO - Sync 1 DAGs
[2024-04-20T05:48:54.320+0000] {logging_mixin.py:117} INFO - [2024-04-20T05:48:54.320+0000] {dag.py:3328} INFO - Setting next_dagrun for example_branch_operator to 2024-04-19T00:00:00+00:00, run_after=2024-04-20T00:00:00+00:00
[2024-04-20T05:48:54.387+0000] {processor.py:178} INFO - Processing /home/airflow/.local/lib/python3.7/site-packages/airflow/example_dags/example_branch_operator.py took 0.198 seconds
[2024-04-20T05:49:24.612+0000] {processor.py:156} INFO - Started process (PID=8374) to work on /home/airflow/.local/lib/python3.7/site-packages/airflow/example_dags/example_branch_operator.py
[2024-04-20T05:49:24.613+0000] {processor.py:758} INFO - Processing file /home/airflow/.local/lib/python3.7/site-packages/airflow/example_dags/example_branch_operator.py for tasks to queue
[2024-04-20T05:49:24.614+0000] {logging_mixin.py:117} INFO - [2024-04-20T05:49:24.614+0000] {dagbag.py:525} INFO - Filling up the DagBag from /home/airflow/.local/lib/python3.7/site-packages/airflow/example_dags/example_branch_operator.py
[2024-04-20T05:49:24.636+0000] {processor.py:768} INFO - DAG(s) dict_keys(['example_branch_operator']) retrieved from /home/airflow/.local/lib/python3.7/site-packages/airflow/example_dags/example_branch_operator.py
[2024-04-20T05:49:24.690+0000] {logging_mixin.py:117} INFO - [2024-04-20T05:49:24.690+0000] {dag.py:2573} INFO - Sync 1 DAGs
[2024-04-20T05:49:24.721+0000] {logging_mixin.py:117} INFO - [2024-04-20T05:49:24.721+0000] {dag.py:3328} INFO - Setting next_dagrun for example_branch_operator to 2024-04-19T00:00:00+00:00, run_after=2024-04-20T00:00:00+00:00
[2024-04-20T05:49:24.748+0000] {processor.py:178} INFO - Processing /home/airflow/.local/lib/python3.7/site-packages/airflow/example_dags/example_branch_operator.py took 0.139 seconds
[2024-04-20T05:49:55.296+0000] {processor.py:156} INFO - Started process (PID=8627) to work on /home/airflow/.local/lib/python3.7/site-packages/airflow/example_dags/example_branch_operator.py
[2024-04-20T05:49:55.297+0000] {processor.py:758} INFO - Processing file /home/airflow/.local/lib/python3.7/site-packages/airflow/example_dags/example_branch_operator.py for tasks to queue
[2024-04-20T05:49:55.298+0000] {logging_mixin.py:117} INFO - [2024-04-20T05:49:55.297+0000] {dagbag.py:525} INFO - Filling up the DagBag from /home/airflow/.local/lib/python3.7/site-packages/airflow/example_dags/example_branch_operator.py
[2024-04-20T05:49:55.320+0000] {processor.py:768} INFO - DAG(s) dict_keys(['example_branch_operator']) retrieved from /home/airflow/.local/lib/python3.7/site-packages/airflow/example_dags/example_branch_operator.py
[2024-04-20T05:49:55.376+0000] {logging_mixin.py:117} INFO - [2024-04-20T05:49:55.375+0000] {dag.py:2573} INFO - Sync 1 DAGs
[2024-04-20T05:49:55.407+0000] {logging_mixin.py:117} INFO - [2024-04-20T05:49:55.406+0000] {dag.py:3328} INFO - Setting next_dagrun for example_branch_operator to 2024-04-19T00:00:00+00:00, run_after=2024-04-20T00:00:00+00:00
[2024-04-20T05:49:55.443+0000] {processor.py:178} INFO - Processing /home/airflow/.local/lib/python3.7/site-packages/airflow/example_dags/example_branch_operator.py took 0.150 seconds
[2024-04-20T05:50:26.016+0000] {processor.py:156} INFO - Started process (PID=8862) to work on /home/airflow/.local/lib/python3.7/site-packages/airflow/example_dags/example_branch_operator.py
[2024-04-20T05:50:26.016+0000] {processor.py:758} INFO - Processing file /home/airflow/.local/lib/python3.7/site-packages/airflow/example_dags/example_branch_operator.py for tasks to queue
[2024-04-20T05:50:26.017+0000] {logging_mixin.py:117} INFO - [2024-04-20T05:50:26.017+0000] {dagbag.py:525} INFO - Filling up the DagBag from /home/airflow/.local/lib/python3.7/site-packages/airflow/example_dags/example_branch_operator.py
[2024-04-20T05:50:26.039+0000] {processor.py:768} INFO - DAG(s) dict_keys(['example_branch_operator']) retrieved from /home/airflow/.local/lib/python3.7/site-packages/airflow/example_dags/example_branch_operator.py
[2024-04-20T05:50:26.088+0000] {logging_mixin.py:117} INFO - [2024-04-20T05:50:26.088+0000] {dag.py:2573} INFO - Sync 1 DAGs
[2024-04-20T05:50:26.122+0000] {logging_mixin.py:117} INFO - [2024-04-20T05:50:26.122+0000] {dag.py:3328} INFO - Setting next_dagrun for example_branch_operator to 2024-04-19T00:00:00+00:00, run_after=2024-04-20T00:00:00+00:00
[2024-04-20T05:50:26.147+0000] {processor.py:178} INFO - Processing /home/airflow/.local/lib/python3.7/site-packages/airflow/example_dags/example_branch_operator.py took 0.135 seconds
[2024-04-20T05:50:56.285+0000] {processor.py:156} INFO - Started process (PID=9081) to work on /home/airflow/.local/lib/python3.7/site-packages/airflow/example_dags/example_branch_operator.py
[2024-04-20T05:50:56.286+0000] {processor.py:758} INFO - Processing file /home/airflow/.local/lib/python3.7/site-packages/airflow/example_dags/example_branch_operator.py for tasks to queue
[2024-04-20T05:50:56.287+0000] {logging_mixin.py:117} INFO - [2024-04-20T05:50:56.287+0000] {dagbag.py:525} INFO - Filling up the DagBag from /home/airflow/.local/lib/python3.7/site-packages/airflow/example_dags/example_branch_operator.py
[2024-04-20T05:50:56.326+0000] {processor.py:768} INFO - DAG(s) dict_keys(['example_branch_operator']) retrieved from /home/airflow/.local/lib/python3.7/site-packages/airflow/example_dags/example_branch_operator.py
[2024-04-20T05:50:56.385+0000] {logging_mixin.py:117} INFO - [2024-04-20T05:50:56.385+0000] {dag.py:2573} INFO - Sync 1 DAGs
[2024-04-20T05:50:56.421+0000] {logging_mixin.py:117} INFO - [2024-04-20T05:50:56.421+0000] {dag.py:3328} INFO - Setting next_dagrun for example_branch_operator to 2024-04-19T00:00:00+00:00, run_after=2024-04-20T00:00:00+00:00
[2024-04-20T05:50:56.446+0000] {processor.py:178} INFO - Processing /home/airflow/.local/lib/python3.7/site-packages/airflow/example_dags/example_branch_operator.py took 0.168 seconds
[2024-04-20T05:51:26.829+0000] {processor.py:156} INFO - Started process (PID=9308) to work on /home/airflow/.local/lib/python3.7/site-packages/airflow/example_dags/example_branch_operator.py
[2024-04-20T05:51:26.830+0000] {processor.py:758} INFO - Processing file /home/airflow/.local/lib/python3.7/site-packages/airflow/example_dags/example_branch_operator.py for tasks to queue
[2024-04-20T05:51:26.831+0000] {logging_mixin.py:117} INFO - [2024-04-20T05:51:26.830+0000] {dagbag.py:525} INFO - Filling up the DagBag from /home/airflow/.local/lib/python3.7/site-packages/airflow/example_dags/example_branch_operator.py
[2024-04-20T05:51:26.856+0000] {processor.py:768} INFO - DAG(s) dict_keys(['example_branch_operator']) retrieved from /home/airflow/.local/lib/python3.7/site-packages/airflow/example_dags/example_branch_operator.py
[2024-04-20T05:51:26.908+0000] {logging_mixin.py:117} INFO - [2024-04-20T05:51:26.908+0000] {dag.py:2573} INFO - Sync 1 DAGs
[2024-04-20T05:51:26.945+0000] {logging_mixin.py:117} INFO - [2024-04-20T05:51:26.945+0000] {dag.py:3328} INFO - Setting next_dagrun for example_branch_operator to 2024-04-19T00:00:00+00:00, run_after=2024-04-20T00:00:00+00:00
[2024-04-20T05:51:26.975+0000] {processor.py:178} INFO - Processing /home/airflow/.local/lib/python3.7/site-packages/airflow/example_dags/example_branch_operator.py took 0.150 seconds
[2024-04-20T05:51:57.367+0000] {processor.py:156} INFO - Started process (PID=9538) to work on /home/airflow/.local/lib/python3.7/site-packages/airflow/example_dags/example_branch_operator.py
[2024-04-20T05:51:57.368+0000] {processor.py:758} INFO - Processing file /home/airflow/.local/lib/python3.7/site-packages/airflow/example_dags/example_branch_operator.py for tasks to queue
[2024-04-20T05:51:57.368+0000] {logging_mixin.py:117} INFO - [2024-04-20T05:51:57.368+0000] {dagbag.py:525} INFO - Filling up the DagBag from /home/airflow/.local/lib/python3.7/site-packages/airflow/example_dags/example_branch_operator.py
[2024-04-20T05:51:57.389+0000] {processor.py:768} INFO - DAG(s) dict_keys(['example_branch_operator']) retrieved from /home/airflow/.local/lib/python3.7/site-packages/airflow/example_dags/example_branch_operator.py
[2024-04-20T05:51:57.438+0000] {logging_mixin.py:117} INFO - [2024-04-20T05:51:57.438+0000] {dag.py:2573} INFO - Sync 1 DAGs
[2024-04-20T05:51:57.476+0000] {logging_mixin.py:117} INFO - [2024-04-20T05:51:57.476+0000] {dag.py:3328} INFO - Setting next_dagrun for example_branch_operator to 2024-04-19T00:00:00+00:00, run_after=2024-04-20T00:00:00+00:00
[2024-04-20T05:51:57.510+0000] {processor.py:178} INFO - Processing /home/airflow/.local/lib/python3.7/site-packages/airflow/example_dags/example_branch_operator.py took 0.147 seconds
[2024-04-20T05:52:27.686+0000] {processor.py:156} INFO - Started process (PID=9753) to work on /home/airflow/.local/lib/python3.7/site-packages/airflow/example_dags/example_branch_operator.py
[2024-04-20T05:52:27.687+0000] {processor.py:758} INFO - Processing file /home/airflow/.local/lib/python3.7/site-packages/airflow/example_dags/example_branch_operator.py for tasks to queue
[2024-04-20T05:52:27.688+0000] {logging_mixin.py:117} INFO - [2024-04-20T05:52:27.688+0000] {dagbag.py:525} INFO - Filling up the DagBag from /home/airflow/.local/lib/python3.7/site-packages/airflow/example_dags/example_branch_operator.py
[2024-04-20T05:52:27.711+0000] {processor.py:768} INFO - DAG(s) dict_keys(['example_branch_operator']) retrieved from /home/airflow/.local/lib/python3.7/site-packages/airflow/example_dags/example_branch_operator.py
[2024-04-20T05:52:27.766+0000] {logging_mixin.py:117} INFO - [2024-04-20T05:52:27.766+0000] {dag.py:2573} INFO - Sync 1 DAGs
[2024-04-20T05:52:27.805+0000] {logging_mixin.py:117} INFO - [2024-04-20T05:52:27.805+0000] {dag.py:3328} INFO - Setting next_dagrun for example_branch_operator to 2024-04-19T00:00:00+00:00, run_after=2024-04-20T00:00:00+00:00
[2024-04-20T05:52:27.870+0000] {processor.py:178} INFO - Processing /home/airflow/.local/lib/python3.7/site-packages/airflow/example_dags/example_branch_operator.py took 0.189 seconds
[2024-04-20T05:52:58.133+0000] {processor.py:156} INFO - Started process (PID=9979) to work on /home/airflow/.local/lib/python3.7/site-packages/airflow/example_dags/example_branch_operator.py
[2024-04-20T05:52:58.134+0000] {processor.py:758} INFO - Processing file /home/airflow/.local/lib/python3.7/site-packages/airflow/example_dags/example_branch_operator.py for tasks to queue
[2024-04-20T05:52:58.135+0000] {logging_mixin.py:117} INFO - [2024-04-20T05:52:58.134+0000] {dagbag.py:525} INFO - Filling up the DagBag from /home/airflow/.local/lib/python3.7/site-packages/airflow/example_dags/example_branch_operator.py
[2024-04-20T05:52:58.150+0000] {processor.py:768} INFO - DAG(s) dict_keys(['example_branch_operator']) retrieved from /home/airflow/.local/lib/python3.7/site-packages/airflow/example_dags/example_branch_operator.py
[2024-04-20T05:52:58.184+0000] {logging_mixin.py:117} INFO - [2024-04-20T05:52:58.184+0000] {dag.py:2573} INFO - Sync 1 DAGs
[2024-04-20T05:52:58.205+0000] {logging_mixin.py:117} INFO - [2024-04-20T05:52:58.205+0000] {dag.py:3328} INFO - Setting next_dagrun for example_branch_operator to 2024-04-19T00:00:00+00:00, run_after=2024-04-20T00:00:00+00:00
[2024-04-20T05:52:58.224+0000] {processor.py:178} INFO - Processing /home/airflow/.local/lib/python3.7/site-packages/airflow/example_dags/example_branch_operator.py took 0.093 seconds
[2024-04-20T05:53:28.735+0000] {processor.py:156} INFO - Started process (PID=10221) to work on /home/airflow/.local/lib/python3.7/site-packages/airflow/example_dags/example_branch_operator.py
[2024-04-20T05:53:28.736+0000] {processor.py:758} INFO - Processing file /home/airflow/.local/lib/python3.7/site-packages/airflow/example_dags/example_branch_operator.py for tasks to queue
[2024-04-20T05:53:28.737+0000] {logging_mixin.py:117} INFO - [2024-04-20T05:53:28.736+0000] {dagbag.py:525} INFO - Filling up the DagBag from /home/airflow/.local/lib/python3.7/site-packages/airflow/example_dags/example_branch_operator.py
[2024-04-20T05:53:28.769+0000] {processor.py:768} INFO - DAG(s) dict_keys(['example_branch_operator']) retrieved from /home/airflow/.local/lib/python3.7/site-packages/airflow/example_dags/example_branch_operator.py
[2024-04-20T05:53:28.845+0000] {logging_mixin.py:117} INFO - [2024-04-20T05:53:28.845+0000] {dag.py:2573} INFO - Sync 1 DAGs
[2024-04-20T05:53:28.878+0000] {logging_mixin.py:117} INFO - [2024-04-20T05:53:28.878+0000] {dag.py:3328} INFO - Setting next_dagrun for example_branch_operator to 2024-04-19T00:00:00+00:00, run_after=2024-04-20T00:00:00+00:00
[2024-04-20T05:53:28.901+0000] {processor.py:178} INFO - Processing /home/airflow/.local/lib/python3.7/site-packages/airflow/example_dags/example_branch_operator.py took 0.170 seconds
[2024-04-20T05:53:59.165+0000] {processor.py:156} INFO - Started process (PID=10441) to work on /home/airflow/.local/lib/python3.7/site-packages/airflow/example_dags/example_branch_operator.py
[2024-04-20T05:53:59.166+0000] {processor.py:758} INFO - Processing file /home/airflow/.local/lib/python3.7/site-packages/airflow/example_dags/example_branch_operator.py for tasks to queue
[2024-04-20T05:53:59.166+0000] {logging_mixin.py:117} INFO - [2024-04-20T05:53:59.166+0000] {dagbag.py:525} INFO - Filling up the DagBag from /home/airflow/.local/lib/python3.7/site-packages/airflow/example_dags/example_branch_operator.py
[2024-04-20T05:53:59.182+0000] {processor.py:768} INFO - DAG(s) dict_keys(['example_branch_operator']) retrieved from /home/airflow/.local/lib/python3.7/site-packages/airflow/example_dags/example_branch_operator.py
[2024-04-20T05:53:59.221+0000] {logging_mixin.py:117} INFO - [2024-04-20T05:53:59.221+0000] {dag.py:2573} INFO - Sync 1 DAGs
[2024-04-20T05:53:59.247+0000] {logging_mixin.py:117} INFO - [2024-04-20T05:53:59.246+0000] {dag.py:3328} INFO - Setting next_dagrun for example_branch_operator to 2024-04-19T00:00:00+00:00, run_after=2024-04-20T00:00:00+00:00
[2024-04-20T05:53:59.265+0000] {processor.py:178} INFO - Processing /home/airflow/.local/lib/python3.7/site-packages/airflow/example_dags/example_branch_operator.py took 0.102 seconds
[2024-04-20T05:54:30.103+0000] {processor.py:156} INFO - Started process (PID=10679) to work on /home/airflow/.local/lib/python3.7/site-packages/airflow/example_dags/example_branch_operator.py
[2024-04-20T05:54:30.104+0000] {processor.py:758} INFO - Processing file /home/airflow/.local/lib/python3.7/site-packages/airflow/example_dags/example_branch_operator.py for tasks to queue
[2024-04-20T05:54:30.104+0000] {logging_mixin.py:117} INFO - [2024-04-20T05:54:30.104+0000] {dagbag.py:525} INFO - Filling up the DagBag from /home/airflow/.local/lib/python3.7/site-packages/airflow/example_dags/example_branch_operator.py
[2024-04-20T05:54:30.124+0000] {processor.py:768} INFO - DAG(s) dict_keys(['example_branch_operator']) retrieved from /home/airflow/.local/lib/python3.7/site-packages/airflow/example_dags/example_branch_operator.py
[2024-04-20T05:54:30.194+0000] {logging_mixin.py:117} INFO - [2024-04-20T05:54:30.194+0000] {dag.py:2573} INFO - Sync 1 DAGs
[2024-04-20T05:54:30.237+0000] {logging_mixin.py:117} INFO - [2024-04-20T05:54:30.237+0000] {dag.py:3328} INFO - Setting next_dagrun for example_branch_operator to 2024-04-19T00:00:00+00:00, run_after=2024-04-20T00:00:00+00:00
[2024-04-20T05:54:30.256+0000] {processor.py:178} INFO - Processing /home/airflow/.local/lib/python3.7/site-packages/airflow/example_dags/example_branch_operator.py took 0.156 seconds
[2024-04-20T05:55:00.960+0000] {processor.py:156} INFO - Started process (PID=10898) to work on /home/airflow/.local/lib/python3.7/site-packages/airflow/example_dags/example_branch_operator.py
[2024-04-20T05:55:00.960+0000] {processor.py:758} INFO - Processing file /home/airflow/.local/lib/python3.7/site-packages/airflow/example_dags/example_branch_operator.py for tasks to queue
[2024-04-20T05:55:00.961+0000] {logging_mixin.py:117} INFO - [2024-04-20T05:55:00.961+0000] {dagbag.py:525} INFO - Filling up the DagBag from /home/airflow/.local/lib/python3.7/site-packages/airflow/example_dags/example_branch_operator.py
[2024-04-20T05:55:00.976+0000] {processor.py:768} INFO - DAG(s) dict_keys(['example_branch_operator']) retrieved from /home/airflow/.local/lib/python3.7/site-packages/airflow/example_dags/example_branch_operator.py
[2024-04-20T05:55:01.011+0000] {logging_mixin.py:117} INFO - [2024-04-20T05:55:01.011+0000] {dag.py:2573} INFO - Sync 1 DAGs
[2024-04-20T05:55:01.032+0000] {logging_mixin.py:117} INFO - [2024-04-20T05:55:01.032+0000] {dag.py:3328} INFO - Setting next_dagrun for example_branch_operator to 2024-04-19T00:00:00+00:00, run_after=2024-04-20T00:00:00+00:00
[2024-04-20T05:55:01.051+0000] {processor.py:178} INFO - Processing /home/airflow/.local/lib/python3.7/site-packages/airflow/example_dags/example_branch_operator.py took 0.094 seconds
[2024-04-20T05:55:31.988+0000] {processor.py:156} INFO - Started process (PID=11126) to work on /home/airflow/.local/lib/python3.7/site-packages/airflow/example_dags/example_branch_operator.py
[2024-04-20T05:55:31.991+0000] {processor.py:758} INFO - Processing file /home/airflow/.local/lib/python3.7/site-packages/airflow/example_dags/example_branch_operator.py for tasks to queue
[2024-04-20T05:55:31.991+0000] {logging_mixin.py:117} INFO - [2024-04-20T05:55:31.991+0000] {dagbag.py:525} INFO - Filling up the DagBag from /home/airflow/.local/lib/python3.7/site-packages/airflow/example_dags/example_branch_operator.py
[2024-04-20T05:55:32.030+0000] {processor.py:768} INFO - DAG(s) dict_keys(['example_branch_operator']) retrieved from /home/airflow/.local/lib/python3.7/site-packages/airflow/example_dags/example_branch_operator.py
[2024-04-20T05:55:32.129+0000] {logging_mixin.py:117} INFO - [2024-04-20T05:55:32.129+0000] {dag.py:2573} INFO - Sync 1 DAGs
[2024-04-20T05:55:32.163+0000] {logging_mixin.py:117} INFO - [2024-04-20T05:55:32.163+0000] {dag.py:3328} INFO - Setting next_dagrun for example_branch_operator to 2024-04-19T00:00:00+00:00, run_after=2024-04-20T00:00:00+00:00
[2024-04-20T05:55:32.187+0000] {processor.py:178} INFO - Processing /home/airflow/.local/lib/python3.7/site-packages/airflow/example_dags/example_branch_operator.py took 0.208 seconds
[2024-04-20T05:56:46.937+0000] {processor.py:156} INFO - Started process (PID=330) to work on /home/airflow/.local/lib/python3.7/site-packages/airflow/example_dags/example_branch_operator.py
[2024-04-20T05:56:46.958+0000] {processor.py:758} INFO - Processing file /home/airflow/.local/lib/python3.7/site-packages/airflow/example_dags/example_branch_operator.py for tasks to queue
[2024-04-20T05:56:46.959+0000] {logging_mixin.py:117} INFO - [2024-04-20T05:56:46.959+0000] {dagbag.py:525} INFO - Filling up the DagBag from /home/airflow/.local/lib/python3.7/site-packages/airflow/example_dags/example_branch_operator.py
[2024-04-20T05:56:47.073+0000] {processor.py:768} INFO - DAG(s) dict_keys(['example_branch_operator']) retrieved from /home/airflow/.local/lib/python3.7/site-packages/airflow/example_dags/example_branch_operator.py
[2024-04-20T05:56:47.383+0000] {logging_mixin.py:117} INFO - [2024-04-20T05:56:47.382+0000] {dag.py:2573} INFO - Sync 1 DAGs
[2024-04-20T05:56:47.569+0000] {logging_mixin.py:117} INFO - [2024-04-20T05:56:47.569+0000] {dag.py:3328} INFO - Setting next_dagrun for example_branch_operator to 2024-04-19T00:00:00+00:00, run_after=2024-04-20T00:00:00+00:00
[2024-04-20T05:56:47.654+0000] {processor.py:178} INFO - Processing /home/airflow/.local/lib/python3.7/site-packages/airflow/example_dags/example_branch_operator.py took 0.720 seconds
[2024-04-20T05:57:18.587+0000] {processor.py:156} INFO - Started process (PID=548) to work on /home/airflow/.local/lib/python3.7/site-packages/airflow/example_dags/example_branch_operator.py
[2024-04-20T05:57:18.588+0000] {processor.py:758} INFO - Processing file /home/airflow/.local/lib/python3.7/site-packages/airflow/example_dags/example_branch_operator.py for tasks to queue
[2024-04-20T05:57:18.588+0000] {logging_mixin.py:117} INFO - [2024-04-20T05:57:18.588+0000] {dagbag.py:525} INFO - Filling up the DagBag from /home/airflow/.local/lib/python3.7/site-packages/airflow/example_dags/example_branch_operator.py
[2024-04-20T05:57:18.635+0000] {processor.py:768} INFO - DAG(s) dict_keys(['example_branch_operator']) retrieved from /home/airflow/.local/lib/python3.7/site-packages/airflow/example_dags/example_branch_operator.py
[2024-04-20T05:57:18.758+0000] {logging_mixin.py:117} INFO - [2024-04-20T05:57:18.758+0000] {dag.py:2573} INFO - Sync 1 DAGs
[2024-04-20T05:57:18.809+0000] {logging_mixin.py:117} INFO - [2024-04-20T05:57:18.809+0000] {dag.py:3328} INFO - Setting next_dagrun for example_branch_operator to 2024-04-19T00:00:00+00:00, run_after=2024-04-20T00:00:00+00:00
[2024-04-20T05:57:19.078+0000] {processor.py:178} INFO - Processing /home/airflow/.local/lib/python3.7/site-packages/airflow/example_dags/example_branch_operator.py took 0.494 seconds
[2024-04-20T05:57:49.252+0000] {processor.py:156} INFO - Started process (PID=773) to work on /home/airflow/.local/lib/python3.7/site-packages/airflow/example_dags/example_branch_operator.py
[2024-04-20T05:57:49.253+0000] {processor.py:758} INFO - Processing file /home/airflow/.local/lib/python3.7/site-packages/airflow/example_dags/example_branch_operator.py for tasks to queue
[2024-04-20T05:57:49.253+0000] {logging_mixin.py:117} INFO - [2024-04-20T05:57:49.253+0000] {dagbag.py:525} INFO - Filling up the DagBag from /home/airflow/.local/lib/python3.7/site-packages/airflow/example_dags/example_branch_operator.py
[2024-04-20T05:57:49.305+0000] {processor.py:768} INFO - DAG(s) dict_keys(['example_branch_operator']) retrieved from /home/airflow/.local/lib/python3.7/site-packages/airflow/example_dags/example_branch_operator.py
[2024-04-20T05:57:49.410+0000] {logging_mixin.py:117} INFO - [2024-04-20T05:57:49.410+0000] {dag.py:2573} INFO - Sync 1 DAGs
[2024-04-20T05:57:49.652+0000] {logging_mixin.py:117} INFO - [2024-04-20T05:57:49.652+0000] {dag.py:3328} INFO - Setting next_dagrun for example_branch_operator to 2024-04-19T00:00:00+00:00, run_after=2024-04-20T00:00:00+00:00
[2024-04-20T05:57:49.676+0000] {processor.py:178} INFO - Processing /home/airflow/.local/lib/python3.7/site-packages/airflow/example_dags/example_branch_operator.py took 0.427 seconds
[2024-04-20T05:58:19.720+0000] {processor.py:156} INFO - Started process (PID=997) to work on /home/airflow/.local/lib/python3.7/site-packages/airflow/example_dags/example_branch_operator.py
[2024-04-20T05:58:19.721+0000] {processor.py:758} INFO - Processing file /home/airflow/.local/lib/python3.7/site-packages/airflow/example_dags/example_branch_operator.py for tasks to queue
[2024-04-20T05:58:19.721+0000] {logging_mixin.py:117} INFO - [2024-04-20T05:58:19.721+0000] {dagbag.py:525} INFO - Filling up the DagBag from /home/airflow/.local/lib/python3.7/site-packages/airflow/example_dags/example_branch_operator.py
[2024-04-20T05:58:19.745+0000] {processor.py:768} INFO - DAG(s) dict_keys(['example_branch_operator']) retrieved from /home/airflow/.local/lib/python3.7/site-packages/airflow/example_dags/example_branch_operator.py
[2024-04-20T05:58:20.001+0000] {logging_mixin.py:117} INFO - [2024-04-20T05:58:20.001+0000] {dag.py:2573} INFO - Sync 1 DAGs
[2024-04-20T05:58:20.073+0000] {logging_mixin.py:117} INFO - [2024-04-20T05:58:20.073+0000] {dag.py:3328} INFO - Setting next_dagrun for example_branch_operator to 2024-04-19T00:00:00+00:00, run_after=2024-04-20T00:00:00+00:00
[2024-04-20T05:58:20.128+0000] {processor.py:178} INFO - Processing /home/airflow/.local/lib/python3.7/site-packages/airflow/example_dags/example_branch_operator.py took 0.411 seconds
[2024-04-20T05:58:50.431+0000] {processor.py:156} INFO - Started process (PID=1225) to work on /home/airflow/.local/lib/python3.7/site-packages/airflow/example_dags/example_branch_operator.py
[2024-04-20T05:58:50.432+0000] {processor.py:758} INFO - Processing file /home/airflow/.local/lib/python3.7/site-packages/airflow/example_dags/example_branch_operator.py for tasks to queue
[2024-04-20T05:58:50.433+0000] {logging_mixin.py:117} INFO - [2024-04-20T05:58:50.433+0000] {dagbag.py:525} INFO - Filling up the DagBag from /home/airflow/.local/lib/python3.7/site-packages/airflow/example_dags/example_branch_operator.py
[2024-04-20T05:58:50.456+0000] {processor.py:768} INFO - DAG(s) dict_keys(['example_branch_operator']) retrieved from /home/airflow/.local/lib/python3.7/site-packages/airflow/example_dags/example_branch_operator.py
[2024-04-20T05:58:50.671+0000] {logging_mixin.py:117} INFO - [2024-04-20T05:58:50.671+0000] {dag.py:2573} INFO - Sync 1 DAGs
[2024-04-20T05:58:50.700+0000] {logging_mixin.py:117} INFO - [2024-04-20T05:58:50.699+0000] {dag.py:3328} INFO - Setting next_dagrun for example_branch_operator to 2024-04-19T00:00:00+00:00, run_after=2024-04-20T00:00:00+00:00
[2024-04-20T05:58:50.726+0000] {processor.py:178} INFO - Processing /home/airflow/.local/lib/python3.7/site-packages/airflow/example_dags/example_branch_operator.py took 0.298 seconds
[2024-04-20T05:59:21.018+0000] {processor.py:156} INFO - Started process (PID=1446) to work on /home/airflow/.local/lib/python3.7/site-packages/airflow/example_dags/example_branch_operator.py
[2024-04-20T05:59:21.019+0000] {processor.py:758} INFO - Processing file /home/airflow/.local/lib/python3.7/site-packages/airflow/example_dags/example_branch_operator.py for tasks to queue
[2024-04-20T05:59:21.020+0000] {logging_mixin.py:117} INFO - [2024-04-20T05:59:21.020+0000] {dagbag.py:525} INFO - Filling up the DagBag from /home/airflow/.local/lib/python3.7/site-packages/airflow/example_dags/example_branch_operator.py
[2024-04-20T05:59:21.280+0000] {processor.py:768} INFO - DAG(s) dict_keys(['example_branch_operator']) retrieved from /home/airflow/.local/lib/python3.7/site-packages/airflow/example_dags/example_branch_operator.py
[2024-04-20T05:59:21.325+0000] {logging_mixin.py:117} INFO - [2024-04-20T05:59:21.325+0000] {dag.py:2573} INFO - Sync 1 DAGs
[2024-04-20T05:59:21.409+0000] {logging_mixin.py:117} INFO - [2024-04-20T05:59:21.409+0000] {dag.py:3328} INFO - Setting next_dagrun for example_branch_operator to 2024-04-19T00:00:00+00:00, run_after=2024-04-20T00:00:00+00:00
[2024-04-20T05:59:21.509+0000] {processor.py:178} INFO - Processing /home/airflow/.local/lib/python3.7/site-packages/airflow/example_dags/example_branch_operator.py took 0.498 seconds
[2024-04-20T05:59:52.334+0000] {processor.py:156} INFO - Started process (PID=1673) to work on /home/airflow/.local/lib/python3.7/site-packages/airflow/example_dags/example_branch_operator.py
[2024-04-20T05:59:52.334+0000] {processor.py:758} INFO - Processing file /home/airflow/.local/lib/python3.7/site-packages/airflow/example_dags/example_branch_operator.py for tasks to queue
[2024-04-20T05:59:52.335+0000] {logging_mixin.py:117} INFO - [2024-04-20T05:59:52.335+0000] {dagbag.py:525} INFO - Filling up the DagBag from /home/airflow/.local/lib/python3.7/site-packages/airflow/example_dags/example_branch_operator.py
[2024-04-20T05:59:52.357+0000] {processor.py:768} INFO - DAG(s) dict_keys(['example_branch_operator']) retrieved from /home/airflow/.local/lib/python3.7/site-packages/airflow/example_dags/example_branch_operator.py
[2024-04-20T05:59:52.412+0000] {logging_mixin.py:117} INFO - [2024-04-20T05:59:52.412+0000] {dag.py:2573} INFO - Sync 1 DAGs
[2024-04-20T05:59:52.451+0000] {logging_mixin.py:117} INFO - [2024-04-20T05:59:52.451+0000] {dag.py:3328} INFO - Setting next_dagrun for example_branch_operator to 2024-04-19T00:00:00+00:00, run_after=2024-04-20T00:00:00+00:00
[2024-04-20T05:59:52.476+0000] {processor.py:178} INFO - Processing /home/airflow/.local/lib/python3.7/site-packages/airflow/example_dags/example_branch_operator.py took 0.145 seconds
[2024-04-20T06:00:23.089+0000] {processor.py:156} INFO - Started process (PID=1900) to work on /home/airflow/.local/lib/python3.7/site-packages/airflow/example_dags/example_branch_operator.py
[2024-04-20T06:00:23.089+0000] {processor.py:758} INFO - Processing file /home/airflow/.local/lib/python3.7/site-packages/airflow/example_dags/example_branch_operator.py for tasks to queue
[2024-04-20T06:00:23.090+0000] {logging_mixin.py:117} INFO - [2024-04-20T06:00:23.090+0000] {dagbag.py:525} INFO - Filling up the DagBag from /home/airflow/.local/lib/python3.7/site-packages/airflow/example_dags/example_branch_operator.py
[2024-04-20T06:00:23.133+0000] {processor.py:768} INFO - DAG(s) dict_keys(['example_branch_operator']) retrieved from /home/airflow/.local/lib/python3.7/site-packages/airflow/example_dags/example_branch_operator.py
[2024-04-20T06:00:23.204+0000] {logging_mixin.py:117} INFO - [2024-04-20T06:00:23.204+0000] {dag.py:2573} INFO - Sync 1 DAGs
[2024-04-20T06:00:23.238+0000] {logging_mixin.py:117} INFO - [2024-04-20T06:00:23.238+0000] {dag.py:3328} INFO - Setting next_dagrun for example_branch_operator to 2024-04-19T00:00:00+00:00, run_after=2024-04-20T00:00:00+00:00
[2024-04-20T06:00:23.264+0000] {processor.py:178} INFO - Processing /home/airflow/.local/lib/python3.7/site-packages/airflow/example_dags/example_branch_operator.py took 0.180 seconds
[2024-04-20T06:00:53.370+0000] {processor.py:156} INFO - Started process (PID=2118) to work on /home/airflow/.local/lib/python3.7/site-packages/airflow/example_dags/example_branch_operator.py
[2024-04-20T06:00:53.370+0000] {processor.py:758} INFO - Processing file /home/airflow/.local/lib/python3.7/site-packages/airflow/example_dags/example_branch_operator.py for tasks to queue
[2024-04-20T06:00:53.371+0000] {logging_mixin.py:117} INFO - [2024-04-20T06:00:53.371+0000] {dagbag.py:525} INFO - Filling up the DagBag from /home/airflow/.local/lib/python3.7/site-packages/airflow/example_dags/example_branch_operator.py
[2024-04-20T06:00:53.422+0000] {processor.py:768} INFO - DAG(s) dict_keys(['example_branch_operator']) retrieved from /home/airflow/.local/lib/python3.7/site-packages/airflow/example_dags/example_branch_operator.py
[2024-04-20T06:00:53.541+0000] {logging_mixin.py:117} INFO - [2024-04-20T06:00:53.541+0000] {dag.py:2573} INFO - Sync 1 DAGs
[2024-04-20T06:00:53.619+0000] {logging_mixin.py:117} INFO - [2024-04-20T06:00:53.619+0000] {dag.py:3328} INFO - Setting next_dagrun for example_branch_operator to 2024-04-19T00:00:00+00:00, run_after=2024-04-20T00:00:00+00:00
[2024-04-20T06:00:53.683+0000] {processor.py:178} INFO - Processing /home/airflow/.local/lib/python3.7/site-packages/airflow/example_dags/example_branch_operator.py took 0.317 seconds
[2024-04-20T06:01:24.501+0000] {processor.py:156} INFO - Started process (PID=2345) to work on /home/airflow/.local/lib/python3.7/site-packages/airflow/example_dags/example_branch_operator.py
[2024-04-20T06:01:24.502+0000] {processor.py:758} INFO - Processing file /home/airflow/.local/lib/python3.7/site-packages/airflow/example_dags/example_branch_operator.py for tasks to queue
[2024-04-20T06:01:24.502+0000] {logging_mixin.py:117} INFO - [2024-04-20T06:01:24.502+0000] {dagbag.py:525} INFO - Filling up the DagBag from /home/airflow/.local/lib/python3.7/site-packages/airflow/example_dags/example_branch_operator.py
[2024-04-20T06:01:24.525+0000] {processor.py:768} INFO - DAG(s) dict_keys(['example_branch_operator']) retrieved from /home/airflow/.local/lib/python3.7/site-packages/airflow/example_dags/example_branch_operator.py
[2024-04-20T06:01:24.583+0000] {logging_mixin.py:117} INFO - [2024-04-20T06:01:24.582+0000] {dag.py:2573} INFO - Sync 1 DAGs
[2024-04-20T06:01:24.616+0000] {logging_mixin.py:117} INFO - [2024-04-20T06:01:24.616+0000] {dag.py:3328} INFO - Setting next_dagrun for example_branch_operator to 2024-04-19T00:00:00+00:00, run_after=2024-04-20T00:00:00+00:00
[2024-04-20T06:01:24.647+0000] {processor.py:178} INFO - Processing /home/airflow/.local/lib/python3.7/site-packages/airflow/example_dags/example_branch_operator.py took 0.150 seconds
[2024-04-20T06:01:54.787+0000] {processor.py:156} INFO - Started process (PID=2573) to work on /home/airflow/.local/lib/python3.7/site-packages/airflow/example_dags/example_branch_operator.py
[2024-04-20T06:01:54.788+0000] {processor.py:758} INFO - Processing file /home/airflow/.local/lib/python3.7/site-packages/airflow/example_dags/example_branch_operator.py for tasks to queue
[2024-04-20T06:01:54.788+0000] {logging_mixin.py:117} INFO - [2024-04-20T06:01:54.788+0000] {dagbag.py:525} INFO - Filling up the DagBag from /home/airflow/.local/lib/python3.7/site-packages/airflow/example_dags/example_branch_operator.py
[2024-04-20T06:01:54.816+0000] {processor.py:768} INFO - DAG(s) dict_keys(['example_branch_operator']) retrieved from /home/airflow/.local/lib/python3.7/site-packages/airflow/example_dags/example_branch_operator.py
[2024-04-20T06:01:54.863+0000] {logging_mixin.py:117} INFO - [2024-04-20T06:01:54.863+0000] {dag.py:2573} INFO - Sync 1 DAGs
[2024-04-20T06:01:54.907+0000] {logging_mixin.py:117} INFO - [2024-04-20T06:01:54.907+0000] {dag.py:3328} INFO - Setting next_dagrun for example_branch_operator to 2024-04-19T00:00:00+00:00, run_after=2024-04-20T00:00:00+00:00
[2024-04-20T06:01:54.938+0000] {processor.py:178} INFO - Processing /home/airflow/.local/lib/python3.7/site-packages/airflow/example_dags/example_branch_operator.py took 0.154 seconds
[2024-04-20T06:02:25.166+0000] {processor.py:156} INFO - Started process (PID=2792) to work on /home/airflow/.local/lib/python3.7/site-packages/airflow/example_dags/example_branch_operator.py
[2024-04-20T06:02:25.169+0000] {processor.py:758} INFO - Processing file /home/airflow/.local/lib/python3.7/site-packages/airflow/example_dags/example_branch_operator.py for tasks to queue
[2024-04-20T06:02:25.170+0000] {logging_mixin.py:117} INFO - [2024-04-20T06:02:25.169+0000] {dagbag.py:525} INFO - Filling up the DagBag from /home/airflow/.local/lib/python3.7/site-packages/airflow/example_dags/example_branch_operator.py
[2024-04-20T06:02:25.203+0000] {processor.py:768} INFO - DAG(s) dict_keys(['example_branch_operator']) retrieved from /home/airflow/.local/lib/python3.7/site-packages/airflow/example_dags/example_branch_operator.py
[2024-04-20T06:02:25.255+0000] {logging_mixin.py:117} INFO - [2024-04-20T06:02:25.255+0000] {dag.py:2573} INFO - Sync 1 DAGs
[2024-04-20T06:02:25.291+0000] {logging_mixin.py:117} INFO - [2024-04-20T06:02:25.291+0000] {dag.py:3328} INFO - Setting next_dagrun for example_branch_operator to 2024-04-19T00:00:00+00:00, run_after=2024-04-20T00:00:00+00:00
[2024-04-20T06:02:25.341+0000] {processor.py:178} INFO - Processing /home/airflow/.local/lib/python3.7/site-packages/airflow/example_dags/example_branch_operator.py took 0.183 seconds
[2024-04-20T06:02:56.027+0000] {processor.py:156} INFO - Started process (PID=3020) to work on /home/airflow/.local/lib/python3.7/site-packages/airflow/example_dags/example_branch_operator.py
[2024-04-20T06:02:56.028+0000] {processor.py:758} INFO - Processing file /home/airflow/.local/lib/python3.7/site-packages/airflow/example_dags/example_branch_operator.py for tasks to queue
[2024-04-20T06:02:56.028+0000] {logging_mixin.py:117} INFO - [2024-04-20T06:02:56.028+0000] {dagbag.py:525} INFO - Filling up the DagBag from /home/airflow/.local/lib/python3.7/site-packages/airflow/example_dags/example_branch_operator.py
[2024-04-20T06:02:56.140+0000] {processor.py:768} INFO - DAG(s) dict_keys(['example_branch_operator']) retrieved from /home/airflow/.local/lib/python3.7/site-packages/airflow/example_dags/example_branch_operator.py
[2024-04-20T06:02:56.196+0000] {logging_mixin.py:117} INFO - [2024-04-20T06:02:56.196+0000] {dag.py:2573} INFO - Sync 1 DAGs
[2024-04-20T06:02:56.217+0000] {logging_mixin.py:117} INFO - [2024-04-20T06:02:56.217+0000] {dag.py:3328} INFO - Setting next_dagrun for example_branch_operator to 2024-04-19T00:00:00+00:00, run_after=2024-04-20T00:00:00+00:00
[2024-04-20T06:02:56.237+0000] {processor.py:178} INFO - Processing /home/airflow/.local/lib/python3.7/site-packages/airflow/example_dags/example_branch_operator.py took 0.217 seconds
[2024-04-20T06:03:26.499+0000] {processor.py:156} INFO - Started process (PID=3244) to work on /home/airflow/.local/lib/python3.7/site-packages/airflow/example_dags/example_branch_operator.py
[2024-04-20T06:03:26.500+0000] {processor.py:758} INFO - Processing file /home/airflow/.local/lib/python3.7/site-packages/airflow/example_dags/example_branch_operator.py for tasks to queue
[2024-04-20T06:03:26.501+0000] {logging_mixin.py:117} INFO - [2024-04-20T06:03:26.500+0000] {dagbag.py:525} INFO - Filling up the DagBag from /home/airflow/.local/lib/python3.7/site-packages/airflow/example_dags/example_branch_operator.py
[2024-04-20T06:03:26.523+0000] {processor.py:768} INFO - DAG(s) dict_keys(['example_branch_operator']) retrieved from /home/airflow/.local/lib/python3.7/site-packages/airflow/example_dags/example_branch_operator.py
[2024-04-20T06:03:26.570+0000] {logging_mixin.py:117} INFO - [2024-04-20T06:03:26.570+0000] {dag.py:2573} INFO - Sync 1 DAGs
[2024-04-20T06:03:26.604+0000] {logging_mixin.py:117} INFO - [2024-04-20T06:03:26.603+0000] {dag.py:3328} INFO - Setting next_dagrun for example_branch_operator to 2024-04-19T00:00:00+00:00, run_after=2024-04-20T00:00:00+00:00
[2024-04-20T06:03:26.631+0000] {processor.py:178} INFO - Processing /home/airflow/.local/lib/python3.7/site-packages/airflow/example_dags/example_branch_operator.py took 0.135 seconds
