[2024-04-20T05:31:38.040+0000] {processor.py:156} INFO - Started process (PID=187) to work on /home/airflow/.local/lib/python3.7/site-packages/airflow/example_dags/example_xcom.py
[2024-04-20T05:31:38.041+0000] {processor.py:758} INFO - Processing file /home/airflow/.local/lib/python3.7/site-packages/airflow/example_dags/example_xcom.py for tasks to queue
[2024-04-20T05:31:38.041+0000] {logging_mixin.py:117} INFO - [2024-04-20T05:31:38.041+0000] {dagbag.py:525} INFO - Filling up the DagBag from /home/airflow/.local/lib/python3.7/site-packages/airflow/example_dags/example_xcom.py
[2024-04-20T05:31:38.242+0000] {processor.py:768} INFO - DAG(s) dict_keys(['example_xcom']) retrieved from /home/airflow/.local/lib/python3.7/site-packages/airflow/example_dags/example_xcom.py
[2024-04-20T05:31:38.805+0000] {logging_mixin.py:117} INFO - [2024-04-20T05:31:38.805+0000] {manager.py:507} INFO - Created Permission View: can delete on DAG:example_xcom
[2024-04-20T05:31:38.823+0000] {logging_mixin.py:117} INFO - [2024-04-20T05:31:38.822+0000] {manager.py:507} INFO - Created Permission View: can edit on DAG:example_xcom
[2024-04-20T05:31:38.839+0000] {logging_mixin.py:117} INFO - [2024-04-20T05:31:38.839+0000] {manager.py:507} INFO - Created Permission View: can read on DAG:example_xcom
[2024-04-20T05:31:38.840+0000] {logging_mixin.py:117} INFO - [2024-04-20T05:31:38.839+0000] {dag.py:2573} INFO - Sync 1 DAGs
[2024-04-20T05:31:38.863+0000] {logging_mixin.py:117} INFO - [2024-04-20T05:31:38.863+0000] {dag.py:2594} INFO - Creating ORM DAG for example_xcom
[2024-04-20T05:31:38.888+0000] {logging_mixin.py:117} INFO - [2024-04-20T05:31:38.887+0000] {dag.py:3328} INFO - Setting next_dagrun for example_xcom to 2021-01-01T00:00:00+00:00, run_after=2021-01-01T00:00:00+00:00
[2024-04-20T05:31:38.935+0000] {processor.py:178} INFO - Processing /home/airflow/.local/lib/python3.7/site-packages/airflow/example_dags/example_xcom.py took 0.900 seconds
[2024-04-20T05:32:09.112+0000] {processor.py:156} INFO - Started process (PID=401) to work on /home/airflow/.local/lib/python3.7/site-packages/airflow/example_dags/example_xcom.py
[2024-04-20T05:32:09.112+0000] {processor.py:758} INFO - Processing file /home/airflow/.local/lib/python3.7/site-packages/airflow/example_dags/example_xcom.py for tasks to queue
[2024-04-20T05:32:09.113+0000] {logging_mixin.py:117} INFO - [2024-04-20T05:32:09.113+0000] {dagbag.py:525} INFO - Filling up the DagBag from /home/airflow/.local/lib/python3.7/site-packages/airflow/example_dags/example_xcom.py
[2024-04-20T05:32:09.135+0000] {processor.py:768} INFO - DAG(s) dict_keys(['example_xcom']) retrieved from /home/airflow/.local/lib/python3.7/site-packages/airflow/example_dags/example_xcom.py
[2024-04-20T05:32:09.169+0000] {logging_mixin.py:117} INFO - [2024-04-20T05:32:09.169+0000] {dag.py:2573} INFO - Sync 1 DAGs
[2024-04-20T05:32:09.189+0000] {logging_mixin.py:117} INFO - [2024-04-20T05:32:09.189+0000] {dag.py:3328} INFO - Setting next_dagrun for example_xcom to 2021-01-01T00:00:00+00:00, run_after=2021-01-01T00:00:00+00:00
[2024-04-20T05:32:09.388+0000] {processor.py:178} INFO - Processing /home/airflow/.local/lib/python3.7/site-packages/airflow/example_dags/example_xcom.py took 0.278 seconds
[2024-04-20T05:32:39.639+0000] {processor.py:156} INFO - Started process (PID=622) to work on /home/airflow/.local/lib/python3.7/site-packages/airflow/example_dags/example_xcom.py
[2024-04-20T05:32:39.642+0000] {processor.py:758} INFO - Processing file /home/airflow/.local/lib/python3.7/site-packages/airflow/example_dags/example_xcom.py for tasks to queue
[2024-04-20T05:32:39.642+0000] {logging_mixin.py:117} INFO - [2024-04-20T05:32:39.642+0000] {dagbag.py:525} INFO - Filling up the DagBag from /home/airflow/.local/lib/python3.7/site-packages/airflow/example_dags/example_xcom.py
[2024-04-20T05:32:39.702+0000] {processor.py:768} INFO - DAG(s) dict_keys(['example_xcom']) retrieved from /home/airflow/.local/lib/python3.7/site-packages/airflow/example_dags/example_xcom.py
[2024-04-20T05:32:39.805+0000] {logging_mixin.py:117} INFO - [2024-04-20T05:32:39.805+0000] {dag.py:2573} INFO - Sync 1 DAGs
[2024-04-20T05:32:40.209+0000] {logging_mixin.py:117} INFO - [2024-04-20T05:32:40.208+0000] {dag.py:3328} INFO - Setting next_dagrun for example_xcom to 2021-01-01T00:00:00+00:00, run_after=2021-01-01T00:00:00+00:00
[2024-04-20T05:32:40.248+0000] {processor.py:178} INFO - Processing /home/airflow/.local/lib/python3.7/site-packages/airflow/example_dags/example_xcom.py took 0.612 seconds
[2024-04-20T05:33:10.841+0000] {processor.py:156} INFO - Started process (PID=840) to work on /home/airflow/.local/lib/python3.7/site-packages/airflow/example_dags/example_xcom.py
[2024-04-20T05:33:10.842+0000] {processor.py:758} INFO - Processing file /home/airflow/.local/lib/python3.7/site-packages/airflow/example_dags/example_xcom.py for tasks to queue
[2024-04-20T05:33:10.843+0000] {logging_mixin.py:117} INFO - [2024-04-20T05:33:10.843+0000] {dagbag.py:525} INFO - Filling up the DagBag from /home/airflow/.local/lib/python3.7/site-packages/airflow/example_dags/example_xcom.py
[2024-04-20T05:33:10.872+0000] {processor.py:768} INFO - DAG(s) dict_keys(['example_xcom']) retrieved from /home/airflow/.local/lib/python3.7/site-packages/airflow/example_dags/example_xcom.py
[2024-04-20T05:33:11.083+0000] {logging_mixin.py:117} INFO - [2024-04-20T05:33:11.083+0000] {dag.py:2573} INFO - Sync 1 DAGs
[2024-04-20T05:33:11.142+0000] {logging_mixin.py:117} INFO - [2024-04-20T05:33:11.142+0000] {dag.py:3328} INFO - Setting next_dagrun for example_xcom to 2021-01-01T00:00:00+00:00, run_after=2021-01-01T00:00:00+00:00
[2024-04-20T05:33:11.167+0000] {processor.py:178} INFO - Processing /home/airflow/.local/lib/python3.7/site-packages/airflow/example_dags/example_xcom.py took 0.330 seconds
[2024-04-20T05:33:41.566+0000] {processor.py:156} INFO - Started process (PID=1059) to work on /home/airflow/.local/lib/python3.7/site-packages/airflow/example_dags/example_xcom.py
[2024-04-20T05:33:41.567+0000] {processor.py:758} INFO - Processing file /home/airflow/.local/lib/python3.7/site-packages/airflow/example_dags/example_xcom.py for tasks to queue
[2024-04-20T05:33:41.567+0000] {logging_mixin.py:117} INFO - [2024-04-20T05:33:41.567+0000] {dagbag.py:525} INFO - Filling up the DagBag from /home/airflow/.local/lib/python3.7/site-packages/airflow/example_dags/example_xcom.py
[2024-04-20T05:33:41.601+0000] {processor.py:768} INFO - DAG(s) dict_keys(['example_xcom']) retrieved from /home/airflow/.local/lib/python3.7/site-packages/airflow/example_dags/example_xcom.py
[2024-04-20T05:33:41.835+0000] {logging_mixin.py:117} INFO - [2024-04-20T05:33:41.834+0000] {dag.py:2573} INFO - Sync 1 DAGs
[2024-04-20T05:33:41.867+0000] {logging_mixin.py:117} INFO - [2024-04-20T05:33:41.867+0000] {dag.py:3328} INFO - Setting next_dagrun for example_xcom to 2021-01-01T00:00:00+00:00, run_after=2021-01-01T00:00:00+00:00
[2024-04-20T05:33:41.899+0000] {processor.py:178} INFO - Processing /home/airflow/.local/lib/python3.7/site-packages/airflow/example_dags/example_xcom.py took 0.337 seconds
[2024-04-20T05:34:12.171+0000] {processor.py:156} INFO - Started process (PID=1268) to work on /home/airflow/.local/lib/python3.7/site-packages/airflow/example_dags/example_xcom.py
[2024-04-20T05:34:12.172+0000] {processor.py:758} INFO - Processing file /home/airflow/.local/lib/python3.7/site-packages/airflow/example_dags/example_xcom.py for tasks to queue
[2024-04-20T05:34:12.172+0000] {logging_mixin.py:117} INFO - [2024-04-20T05:34:12.172+0000] {dagbag.py:525} INFO - Filling up the DagBag from /home/airflow/.local/lib/python3.7/site-packages/airflow/example_dags/example_xcom.py
[2024-04-20T05:34:12.327+0000] {processor.py:768} INFO - DAG(s) dict_keys(['example_xcom']) retrieved from /home/airflow/.local/lib/python3.7/site-packages/airflow/example_dags/example_xcom.py
[2024-04-20T05:34:12.355+0000] {logging_mixin.py:117} INFO - [2024-04-20T05:34:12.355+0000] {dag.py:2573} INFO - Sync 1 DAGs
[2024-04-20T05:34:12.374+0000] {logging_mixin.py:117} INFO - [2024-04-20T05:34:12.374+0000] {dag.py:3328} INFO - Setting next_dagrun for example_xcom to 2021-01-01T00:00:00+00:00, run_after=2021-01-01T00:00:00+00:00
[2024-04-20T05:34:12.396+0000] {processor.py:178} INFO - Processing /home/airflow/.local/lib/python3.7/site-packages/airflow/example_dags/example_xcom.py took 0.228 seconds
[2024-04-20T05:34:42.534+0000] {processor.py:156} INFO - Started process (PID=1486) to work on /home/airflow/.local/lib/python3.7/site-packages/airflow/example_dags/example_xcom.py
[2024-04-20T05:34:42.538+0000] {processor.py:758} INFO - Processing file /home/airflow/.local/lib/python3.7/site-packages/airflow/example_dags/example_xcom.py for tasks to queue
[2024-04-20T05:34:42.539+0000] {logging_mixin.py:117} INFO - [2024-04-20T05:34:42.539+0000] {dagbag.py:525} INFO - Filling up the DagBag from /home/airflow/.local/lib/python3.7/site-packages/airflow/example_dags/example_xcom.py
[2024-04-20T05:34:42.969+0000] {processor.py:768} INFO - DAG(s) dict_keys(['example_xcom']) retrieved from /home/airflow/.local/lib/python3.7/site-packages/airflow/example_dags/example_xcom.py
[2024-04-20T05:34:43.030+0000] {logging_mixin.py:117} INFO - [2024-04-20T05:34:43.029+0000] {dag.py:2573} INFO - Sync 1 DAGs
[2024-04-20T05:34:43.061+0000] {logging_mixin.py:117} INFO - [2024-04-20T05:34:43.061+0000] {dag.py:3328} INFO - Setting next_dagrun for example_xcom to 2021-01-01T00:00:00+00:00, run_after=2021-01-01T00:00:00+00:00
[2024-04-20T05:34:43.085+0000] {processor.py:178} INFO - Processing /home/airflow/.local/lib/python3.7/site-packages/airflow/example_dags/example_xcom.py took 0.562 seconds
[2024-04-20T05:35:14.097+0000] {processor.py:156} INFO - Started process (PID=1695) to work on /home/airflow/.local/lib/python3.7/site-packages/airflow/example_dags/example_xcom.py
[2024-04-20T05:35:14.098+0000] {processor.py:758} INFO - Processing file /home/airflow/.local/lib/python3.7/site-packages/airflow/example_dags/example_xcom.py for tasks to queue
[2024-04-20T05:35:14.098+0000] {logging_mixin.py:117} INFO - [2024-04-20T05:35:14.098+0000] {dagbag.py:525} INFO - Filling up the DagBag from /home/airflow/.local/lib/python3.7/site-packages/airflow/example_dags/example_xcom.py
[2024-04-20T05:35:14.119+0000] {processor.py:768} INFO - DAG(s) dict_keys(['example_xcom']) retrieved from /home/airflow/.local/lib/python3.7/site-packages/airflow/example_dags/example_xcom.py
[2024-04-20T05:35:14.156+0000] {logging_mixin.py:117} INFO - [2024-04-20T05:35:14.155+0000] {dag.py:2573} INFO - Sync 1 DAGs
[2024-04-20T05:35:14.175+0000] {logging_mixin.py:117} INFO - [2024-04-20T05:35:14.175+0000] {dag.py:3328} INFO - Setting next_dagrun for example_xcom to 2021-01-01T00:00:00+00:00, run_after=2021-01-01T00:00:00+00:00
[2024-04-20T05:35:14.198+0000] {processor.py:178} INFO - Processing /home/airflow/.local/lib/python3.7/site-packages/airflow/example_dags/example_xcom.py took 0.103 seconds
[2024-04-20T05:35:44.513+0000] {processor.py:156} INFO - Started process (PID=1912) to work on /home/airflow/.local/lib/python3.7/site-packages/airflow/example_dags/example_xcom.py
[2024-04-20T05:35:44.514+0000] {processor.py:758} INFO - Processing file /home/airflow/.local/lib/python3.7/site-packages/airflow/example_dags/example_xcom.py for tasks to queue
[2024-04-20T05:35:44.514+0000] {logging_mixin.py:117} INFO - [2024-04-20T05:35:44.514+0000] {dagbag.py:525} INFO - Filling up the DagBag from /home/airflow/.local/lib/python3.7/site-packages/airflow/example_dags/example_xcom.py
[2024-04-20T05:35:44.548+0000] {processor.py:768} INFO - DAG(s) dict_keys(['example_xcom']) retrieved from /home/airflow/.local/lib/python3.7/site-packages/airflow/example_dags/example_xcom.py
[2024-04-20T05:35:44.617+0000] {logging_mixin.py:117} INFO - [2024-04-20T05:35:44.616+0000] {dag.py:2573} INFO - Sync 1 DAGs
[2024-04-20T05:35:44.649+0000] {logging_mixin.py:117} INFO - [2024-04-20T05:35:44.649+0000] {dag.py:3328} INFO - Setting next_dagrun for example_xcom to 2021-01-01T00:00:00+00:00, run_after=2021-01-01T00:00:00+00:00
[2024-04-20T05:35:44.689+0000] {processor.py:178} INFO - Processing /home/airflow/.local/lib/python3.7/site-packages/airflow/example_dags/example_xcom.py took 0.179 seconds
[2024-04-20T05:36:15.596+0000] {processor.py:156} INFO - Started process (PID=2119) to work on /home/airflow/.local/lib/python3.7/site-packages/airflow/example_dags/example_xcom.py
[2024-04-20T05:36:15.596+0000] {processor.py:758} INFO - Processing file /home/airflow/.local/lib/python3.7/site-packages/airflow/example_dags/example_xcom.py for tasks to queue
[2024-04-20T05:36:15.597+0000] {logging_mixin.py:117} INFO - [2024-04-20T05:36:15.597+0000] {dagbag.py:525} INFO - Filling up the DagBag from /home/airflow/.local/lib/python3.7/site-packages/airflow/example_dags/example_xcom.py
[2024-04-20T05:36:15.642+0000] {processor.py:768} INFO - DAG(s) dict_keys(['example_xcom']) retrieved from /home/airflow/.local/lib/python3.7/site-packages/airflow/example_dags/example_xcom.py
[2024-04-20T05:36:15.708+0000] {logging_mixin.py:117} INFO - [2024-04-20T05:36:15.708+0000] {dag.py:2573} INFO - Sync 1 DAGs
[2024-04-20T05:36:15.781+0000] {logging_mixin.py:117} INFO - [2024-04-20T05:36:15.781+0000] {dag.py:3328} INFO - Setting next_dagrun for example_xcom to 2021-01-01T00:00:00+00:00, run_after=2021-01-01T00:00:00+00:00
[2024-04-20T05:36:15.827+0000] {processor.py:178} INFO - Processing /home/airflow/.local/lib/python3.7/site-packages/airflow/example_dags/example_xcom.py took 0.235 seconds
[2024-04-20T05:36:45.998+0000] {processor.py:156} INFO - Started process (PID=2361) to work on /home/airflow/.local/lib/python3.7/site-packages/airflow/example_dags/example_xcom.py
[2024-04-20T05:36:45.999+0000] {processor.py:758} INFO - Processing file /home/airflow/.local/lib/python3.7/site-packages/airflow/example_dags/example_xcom.py for tasks to queue
[2024-04-20T05:36:45.999+0000] {logging_mixin.py:117} INFO - [2024-04-20T05:36:45.999+0000] {dagbag.py:525} INFO - Filling up the DagBag from /home/airflow/.local/lib/python3.7/site-packages/airflow/example_dags/example_xcom.py
[2024-04-20T05:36:46.043+0000] {processor.py:768} INFO - DAG(s) dict_keys(['example_xcom']) retrieved from /home/airflow/.local/lib/python3.7/site-packages/airflow/example_dags/example_xcom.py
[2024-04-20T05:36:46.119+0000] {logging_mixin.py:117} INFO - [2024-04-20T05:36:46.119+0000] {dag.py:2573} INFO - Sync 1 DAGs
[2024-04-20T05:36:46.153+0000] {logging_mixin.py:117} INFO - [2024-04-20T05:36:46.153+0000] {dag.py:3328} INFO - Setting next_dagrun for example_xcom to 2021-01-01T00:00:00+00:00, run_after=2021-01-01T00:00:00+00:00
[2024-04-20T05:36:46.211+0000] {processor.py:178} INFO - Processing /home/airflow/.local/lib/python3.7/site-packages/airflow/example_dags/example_xcom.py took 0.216 seconds
[2024-04-20T05:37:16.783+0000] {processor.py:156} INFO - Started process (PID=2629) to work on /home/airflow/.local/lib/python3.7/site-packages/airflow/example_dags/example_xcom.py
[2024-04-20T05:37:16.783+0000] {processor.py:758} INFO - Processing file /home/airflow/.local/lib/python3.7/site-packages/airflow/example_dags/example_xcom.py for tasks to queue
[2024-04-20T05:37:16.784+0000] {logging_mixin.py:117} INFO - [2024-04-20T05:37:16.784+0000] {dagbag.py:525} INFO - Filling up the DagBag from /home/airflow/.local/lib/python3.7/site-packages/airflow/example_dags/example_xcom.py
[2024-04-20T05:37:16.897+0000] {processor.py:768} INFO - DAG(s) dict_keys(['example_xcom']) retrieved from /home/airflow/.local/lib/python3.7/site-packages/airflow/example_dags/example_xcom.py
[2024-04-20T05:37:17.117+0000] {logging_mixin.py:117} INFO - [2024-04-20T05:37:17.117+0000] {dag.py:2573} INFO - Sync 1 DAGs
[2024-04-20T05:37:17.226+0000] {logging_mixin.py:117} INFO - [2024-04-20T05:37:17.226+0000] {dag.py:3328} INFO - Setting next_dagrun for example_xcom to 2021-01-01T00:00:00+00:00, run_after=2021-01-01T00:00:00+00:00
[2024-04-20T05:37:17.310+0000] {processor.py:178} INFO - Processing /home/airflow/.local/lib/python3.7/site-packages/airflow/example_dags/example_xcom.py took 0.531 seconds
[2024-04-20T05:37:48.102+0000] {processor.py:156} INFO - Started process (PID=2878) to work on /home/airflow/.local/lib/python3.7/site-packages/airflow/example_dags/example_xcom.py
[2024-04-20T05:37:48.103+0000] {processor.py:758} INFO - Processing file /home/airflow/.local/lib/python3.7/site-packages/airflow/example_dags/example_xcom.py for tasks to queue
[2024-04-20T05:37:48.104+0000] {logging_mixin.py:117} INFO - [2024-04-20T05:37:48.104+0000] {dagbag.py:525} INFO - Filling up the DagBag from /home/airflow/.local/lib/python3.7/site-packages/airflow/example_dags/example_xcom.py
[2024-04-20T05:37:48.137+0000] {processor.py:768} INFO - DAG(s) dict_keys(['example_xcom']) retrieved from /home/airflow/.local/lib/python3.7/site-packages/airflow/example_dags/example_xcom.py
[2024-04-20T05:37:48.211+0000] {logging_mixin.py:117} INFO - [2024-04-20T05:37:48.211+0000] {dag.py:2573} INFO - Sync 1 DAGs
[2024-04-20T05:37:48.239+0000] {logging_mixin.py:117} INFO - [2024-04-20T05:37:48.239+0000] {dag.py:3328} INFO - Setting next_dagrun for example_xcom to 2021-01-01T00:00:00+00:00, run_after=2021-01-01T00:00:00+00:00
[2024-04-20T05:37:48.275+0000] {processor.py:178} INFO - Processing /home/airflow/.local/lib/python3.7/site-packages/airflow/example_dags/example_xcom.py took 0.176 seconds
[2024-04-20T05:38:18.637+0000] {processor.py:156} INFO - Started process (PID=3108) to work on /home/airflow/.local/lib/python3.7/site-packages/airflow/example_dags/example_xcom.py
[2024-04-20T05:38:18.638+0000] {processor.py:758} INFO - Processing file /home/airflow/.local/lib/python3.7/site-packages/airflow/example_dags/example_xcom.py for tasks to queue
[2024-04-20T05:38:18.639+0000] {logging_mixin.py:117} INFO - [2024-04-20T05:38:18.639+0000] {dagbag.py:525} INFO - Filling up the DagBag from /home/airflow/.local/lib/python3.7/site-packages/airflow/example_dags/example_xcom.py
[2024-04-20T05:38:18.668+0000] {processor.py:768} INFO - DAG(s) dict_keys(['example_xcom']) retrieved from /home/airflow/.local/lib/python3.7/site-packages/airflow/example_dags/example_xcom.py
[2024-04-20T05:38:18.718+0000] {logging_mixin.py:117} INFO - [2024-04-20T05:38:18.717+0000] {dag.py:2573} INFO - Sync 1 DAGs
[2024-04-20T05:38:18.760+0000] {logging_mixin.py:117} INFO - [2024-04-20T05:38:18.760+0000] {dag.py:3328} INFO - Setting next_dagrun for example_xcom to 2021-01-01T00:00:00+00:00, run_after=2021-01-01T00:00:00+00:00
[2024-04-20T05:38:18.783+0000] {processor.py:178} INFO - Processing /home/airflow/.local/lib/python3.7/site-packages/airflow/example_dags/example_xcom.py took 0.149 seconds
[2024-04-20T05:38:49.308+0000] {processor.py:156} INFO - Started process (PID=3326) to work on /home/airflow/.local/lib/python3.7/site-packages/airflow/example_dags/example_xcom.py
[2024-04-20T05:38:49.309+0000] {processor.py:758} INFO - Processing file /home/airflow/.local/lib/python3.7/site-packages/airflow/example_dags/example_xcom.py for tasks to queue
[2024-04-20T05:38:49.310+0000] {logging_mixin.py:117} INFO - [2024-04-20T05:38:49.309+0000] {dagbag.py:525} INFO - Filling up the DagBag from /home/airflow/.local/lib/python3.7/site-packages/airflow/example_dags/example_xcom.py
[2024-04-20T05:38:49.339+0000] {processor.py:768} INFO - DAG(s) dict_keys(['example_xcom']) retrieved from /home/airflow/.local/lib/python3.7/site-packages/airflow/example_dags/example_xcom.py
[2024-04-20T05:38:49.391+0000] {logging_mixin.py:117} INFO - [2024-04-20T05:38:49.391+0000] {dag.py:2573} INFO - Sync 1 DAGs
[2024-04-20T05:38:49.422+0000] {logging_mixin.py:117} INFO - [2024-04-20T05:38:49.422+0000] {dag.py:3328} INFO - Setting next_dagrun for example_xcom to 2021-01-01T00:00:00+00:00, run_after=2021-01-01T00:00:00+00:00
[2024-04-20T05:38:49.448+0000] {processor.py:178} INFO - Processing /home/airflow/.local/lib/python3.7/site-packages/airflow/example_dags/example_xcom.py took 0.143 seconds
[2024-04-20T05:39:19.539+0000] {processor.py:156} INFO - Started process (PID=3560) to work on /home/airflow/.local/lib/python3.7/site-packages/airflow/example_dags/example_xcom.py
[2024-04-20T05:39:19.540+0000] {processor.py:758} INFO - Processing file /home/airflow/.local/lib/python3.7/site-packages/airflow/example_dags/example_xcom.py for tasks to queue
[2024-04-20T05:39:19.541+0000] {logging_mixin.py:117} INFO - [2024-04-20T05:39:19.541+0000] {dagbag.py:525} INFO - Filling up the DagBag from /home/airflow/.local/lib/python3.7/site-packages/airflow/example_dags/example_xcom.py
[2024-04-20T05:39:19.576+0000] {processor.py:768} INFO - DAG(s) dict_keys(['example_xcom']) retrieved from /home/airflow/.local/lib/python3.7/site-packages/airflow/example_dags/example_xcom.py
[2024-04-20T05:39:19.623+0000] {logging_mixin.py:117} INFO - [2024-04-20T05:39:19.623+0000] {dag.py:2573} INFO - Sync 1 DAGs
[2024-04-20T05:39:19.655+0000] {logging_mixin.py:117} INFO - [2024-04-20T05:39:19.655+0000] {dag.py:3328} INFO - Setting next_dagrun for example_xcom to 2021-01-01T00:00:00+00:00, run_after=2021-01-01T00:00:00+00:00
[2024-04-20T05:39:19.678+0000] {processor.py:178} INFO - Processing /home/airflow/.local/lib/python3.7/site-packages/airflow/example_dags/example_xcom.py took 0.142 seconds
[2024-04-20T05:39:50.303+0000] {processor.py:156} INFO - Started process (PID=3806) to work on /home/airflow/.local/lib/python3.7/site-packages/airflow/example_dags/example_xcom.py
[2024-04-20T05:39:50.304+0000] {processor.py:758} INFO - Processing file /home/airflow/.local/lib/python3.7/site-packages/airflow/example_dags/example_xcom.py for tasks to queue
[2024-04-20T05:39:50.304+0000] {logging_mixin.py:117} INFO - [2024-04-20T05:39:50.304+0000] {dagbag.py:525} INFO - Filling up the DagBag from /home/airflow/.local/lib/python3.7/site-packages/airflow/example_dags/example_xcom.py
[2024-04-20T05:39:50.337+0000] {processor.py:768} INFO - DAG(s) dict_keys(['example_xcom']) retrieved from /home/airflow/.local/lib/python3.7/site-packages/airflow/example_dags/example_xcom.py
[2024-04-20T05:39:50.386+0000] {logging_mixin.py:117} INFO - [2024-04-20T05:39:50.386+0000] {dag.py:2573} INFO - Sync 1 DAGs
[2024-04-20T05:39:50.416+0000] {logging_mixin.py:117} INFO - [2024-04-20T05:39:50.416+0000] {dag.py:3328} INFO - Setting next_dagrun for example_xcom to 2021-01-01T00:00:00+00:00, run_after=2021-01-01T00:00:00+00:00
[2024-04-20T05:39:50.447+0000] {processor.py:178} INFO - Processing /home/airflow/.local/lib/python3.7/site-packages/airflow/example_dags/example_xcom.py took 0.148 seconds
[2024-04-20T05:40:20.567+0000] {processor.py:156} INFO - Started process (PID=4025) to work on /home/airflow/.local/lib/python3.7/site-packages/airflow/example_dags/example_xcom.py
[2024-04-20T05:40:20.568+0000] {processor.py:758} INFO - Processing file /home/airflow/.local/lib/python3.7/site-packages/airflow/example_dags/example_xcom.py for tasks to queue
[2024-04-20T05:40:20.568+0000] {logging_mixin.py:117} INFO - [2024-04-20T05:40:20.568+0000] {dagbag.py:525} INFO - Filling up the DagBag from /home/airflow/.local/lib/python3.7/site-packages/airflow/example_dags/example_xcom.py
[2024-04-20T05:40:20.603+0000] {processor.py:768} INFO - DAG(s) dict_keys(['example_xcom']) retrieved from /home/airflow/.local/lib/python3.7/site-packages/airflow/example_dags/example_xcom.py
[2024-04-20T05:40:20.665+0000] {logging_mixin.py:117} INFO - [2024-04-20T05:40:20.665+0000] {dag.py:2573} INFO - Sync 1 DAGs
[2024-04-20T05:40:20.697+0000] {logging_mixin.py:117} INFO - [2024-04-20T05:40:20.696+0000] {dag.py:3328} INFO - Setting next_dagrun for example_xcom to 2021-01-01T00:00:00+00:00, run_after=2021-01-01T00:00:00+00:00
[2024-04-20T05:40:20.719+0000] {processor.py:178} INFO - Processing /home/airflow/.local/lib/python3.7/site-packages/airflow/example_dags/example_xcom.py took 0.156 seconds
[2024-04-20T05:40:51.162+0000] {processor.py:156} INFO - Started process (PID=4255) to work on /home/airflow/.local/lib/python3.7/site-packages/airflow/example_dags/example_xcom.py
[2024-04-20T05:40:51.174+0000] {processor.py:758} INFO - Processing file /home/airflow/.local/lib/python3.7/site-packages/airflow/example_dags/example_xcom.py for tasks to queue
[2024-04-20T05:40:51.175+0000] {logging_mixin.py:117} INFO - [2024-04-20T05:40:51.175+0000] {dagbag.py:525} INFO - Filling up the DagBag from /home/airflow/.local/lib/python3.7/site-packages/airflow/example_dags/example_xcom.py
[2024-04-20T05:40:51.228+0000] {processor.py:768} INFO - DAG(s) dict_keys(['example_xcom']) retrieved from /home/airflow/.local/lib/python3.7/site-packages/airflow/example_dags/example_xcom.py
[2024-04-20T05:40:51.281+0000] {logging_mixin.py:117} INFO - [2024-04-20T05:40:51.281+0000] {dag.py:2573} INFO - Sync 1 DAGs
[2024-04-20T05:40:51.312+0000] {logging_mixin.py:117} INFO - [2024-04-20T05:40:51.312+0000] {dag.py:3328} INFO - Setting next_dagrun for example_xcom to 2021-01-01T00:00:00+00:00, run_after=2021-01-01T00:00:00+00:00
[2024-04-20T05:40:51.335+0000] {processor.py:178} INFO - Processing /home/airflow/.local/lib/python3.7/site-packages/airflow/example_dags/example_xcom.py took 0.189 seconds
[2024-04-20T05:41:22.092+0000] {processor.py:156} INFO - Started process (PID=4484) to work on /home/airflow/.local/lib/python3.7/site-packages/airflow/example_dags/example_xcom.py
[2024-04-20T05:41:22.093+0000] {processor.py:758} INFO - Processing file /home/airflow/.local/lib/python3.7/site-packages/airflow/example_dags/example_xcom.py for tasks to queue
[2024-04-20T05:41:22.093+0000] {logging_mixin.py:117} INFO - [2024-04-20T05:41:22.093+0000] {dagbag.py:525} INFO - Filling up the DagBag from /home/airflow/.local/lib/python3.7/site-packages/airflow/example_dags/example_xcom.py
[2024-04-20T05:41:22.128+0000] {processor.py:768} INFO - DAG(s) dict_keys(['example_xcom']) retrieved from /home/airflow/.local/lib/python3.7/site-packages/airflow/example_dags/example_xcom.py
[2024-04-20T05:41:22.181+0000] {logging_mixin.py:117} INFO - [2024-04-20T05:41:22.181+0000] {dag.py:2573} INFO - Sync 1 DAGs
[2024-04-20T05:41:22.213+0000] {logging_mixin.py:117} INFO - [2024-04-20T05:41:22.213+0000] {dag.py:3328} INFO - Setting next_dagrun for example_xcom to 2021-01-01T00:00:00+00:00, run_after=2021-01-01T00:00:00+00:00
[2024-04-20T05:41:22.238+0000] {processor.py:178} INFO - Processing /home/airflow/.local/lib/python3.7/site-packages/airflow/example_dags/example_xcom.py took 0.150 seconds
[2024-04-20T05:41:52.455+0000] {processor.py:156} INFO - Started process (PID=4702) to work on /home/airflow/.local/lib/python3.7/site-packages/airflow/example_dags/example_xcom.py
[2024-04-20T05:41:52.460+0000] {processor.py:758} INFO - Processing file /home/airflow/.local/lib/python3.7/site-packages/airflow/example_dags/example_xcom.py for tasks to queue
[2024-04-20T05:41:52.460+0000] {logging_mixin.py:117} INFO - [2024-04-20T05:41:52.460+0000] {dagbag.py:525} INFO - Filling up the DagBag from /home/airflow/.local/lib/python3.7/site-packages/airflow/example_dags/example_xcom.py
[2024-04-20T05:41:52.572+0000] {processor.py:768} INFO - DAG(s) dict_keys(['example_xcom']) retrieved from /home/airflow/.local/lib/python3.7/site-packages/airflow/example_dags/example_xcom.py
[2024-04-20T05:41:52.654+0000] {logging_mixin.py:117} INFO - [2024-04-20T05:41:52.654+0000] {dag.py:2573} INFO - Sync 1 DAGs
[2024-04-20T05:41:52.711+0000] {logging_mixin.py:117} INFO - [2024-04-20T05:41:52.711+0000] {dag.py:3328} INFO - Setting next_dagrun for example_xcom to 2021-01-01T00:00:00+00:00, run_after=2021-01-01T00:00:00+00:00
[2024-04-20T05:41:52.759+0000] {processor.py:178} INFO - Processing /home/airflow/.local/lib/python3.7/site-packages/airflow/example_dags/example_xcom.py took 0.317 seconds
[2024-04-20T05:42:22.836+0000] {processor.py:156} INFO - Started process (PID=4959) to work on /home/airflow/.local/lib/python3.7/site-packages/airflow/example_dags/example_xcom.py
[2024-04-20T05:42:22.836+0000] {processor.py:758} INFO - Processing file /home/airflow/.local/lib/python3.7/site-packages/airflow/example_dags/example_xcom.py for tasks to queue
[2024-04-20T05:42:22.837+0000] {logging_mixin.py:117} INFO - [2024-04-20T05:42:22.837+0000] {dagbag.py:525} INFO - Filling up the DagBag from /home/airflow/.local/lib/python3.7/site-packages/airflow/example_dags/example_xcom.py
[2024-04-20T05:42:22.872+0000] {processor.py:768} INFO - DAG(s) dict_keys(['example_xcom']) retrieved from /home/airflow/.local/lib/python3.7/site-packages/airflow/example_dags/example_xcom.py
[2024-04-20T05:42:22.920+0000] {logging_mixin.py:117} INFO - [2024-04-20T05:42:22.920+0000] {dag.py:2573} INFO - Sync 1 DAGs
[2024-04-20T05:42:22.955+0000] {logging_mixin.py:117} INFO - [2024-04-20T05:42:22.955+0000] {dag.py:3328} INFO - Setting next_dagrun for example_xcom to 2021-01-01T00:00:00+00:00, run_after=2021-01-01T00:00:00+00:00
[2024-04-20T05:42:22.986+0000] {processor.py:178} INFO - Processing /home/airflow/.local/lib/python3.7/site-packages/airflow/example_dags/example_xcom.py took 0.154 seconds
[2024-04-20T05:42:53.469+0000] {processor.py:156} INFO - Started process (PID=5203) to work on /home/airflow/.local/lib/python3.7/site-packages/airflow/example_dags/example_xcom.py
[2024-04-20T05:42:53.470+0000] {processor.py:758} INFO - Processing file /home/airflow/.local/lib/python3.7/site-packages/airflow/example_dags/example_xcom.py for tasks to queue
[2024-04-20T05:42:53.471+0000] {logging_mixin.py:117} INFO - [2024-04-20T05:42:53.471+0000] {dagbag.py:525} INFO - Filling up the DagBag from /home/airflow/.local/lib/python3.7/site-packages/airflow/example_dags/example_xcom.py
[2024-04-20T05:42:53.538+0000] {processor.py:768} INFO - DAG(s) dict_keys(['example_xcom']) retrieved from /home/airflow/.local/lib/python3.7/site-packages/airflow/example_dags/example_xcom.py
[2024-04-20T05:42:53.642+0000] {logging_mixin.py:117} INFO - [2024-04-20T05:42:53.641+0000] {dag.py:2573} INFO - Sync 1 DAGs
[2024-04-20T05:42:53.697+0000] {logging_mixin.py:117} INFO - [2024-04-20T05:42:53.697+0000] {dag.py:3328} INFO - Setting next_dagrun for example_xcom to 2021-01-01T00:00:00+00:00, run_after=2021-01-01T00:00:00+00:00
[2024-04-20T05:42:53.733+0000] {processor.py:178} INFO - Processing /home/airflow/.local/lib/python3.7/site-packages/airflow/example_dags/example_xcom.py took 0.268 seconds
[2024-04-20T05:43:23.871+0000] {processor.py:156} INFO - Started process (PID=5465) to work on /home/airflow/.local/lib/python3.7/site-packages/airflow/example_dags/example_xcom.py
[2024-04-20T05:43:23.872+0000] {processor.py:758} INFO - Processing file /home/airflow/.local/lib/python3.7/site-packages/airflow/example_dags/example_xcom.py for tasks to queue
[2024-04-20T05:43:23.873+0000] {logging_mixin.py:117} INFO - [2024-04-20T05:43:23.873+0000] {dagbag.py:525} INFO - Filling up the DagBag from /home/airflow/.local/lib/python3.7/site-packages/airflow/example_dags/example_xcom.py
[2024-04-20T05:43:23.909+0000] {processor.py:768} INFO - DAG(s) dict_keys(['example_xcom']) retrieved from /home/airflow/.local/lib/python3.7/site-packages/airflow/example_dags/example_xcom.py
[2024-04-20T05:43:23.958+0000] {logging_mixin.py:117} INFO - [2024-04-20T05:43:23.958+0000] {dag.py:2573} INFO - Sync 1 DAGs
[2024-04-20T05:43:23.991+0000] {logging_mixin.py:117} INFO - [2024-04-20T05:43:23.991+0000] {dag.py:3328} INFO - Setting next_dagrun for example_xcom to 2021-01-01T00:00:00+00:00, run_after=2021-01-01T00:00:00+00:00
[2024-04-20T05:43:24.015+0000] {processor.py:178} INFO - Processing /home/airflow/.local/lib/python3.7/site-packages/airflow/example_dags/example_xcom.py took 0.147 seconds
[2024-04-20T05:43:54.371+0000] {processor.py:156} INFO - Started process (PID=5704) to work on /home/airflow/.local/lib/python3.7/site-packages/airflow/example_dags/example_xcom.py
[2024-04-20T05:43:54.371+0000] {processor.py:758} INFO - Processing file /home/airflow/.local/lib/python3.7/site-packages/airflow/example_dags/example_xcom.py for tasks to queue
[2024-04-20T05:43:54.372+0000] {logging_mixin.py:117} INFO - [2024-04-20T05:43:54.372+0000] {dagbag.py:525} INFO - Filling up the DagBag from /home/airflow/.local/lib/python3.7/site-packages/airflow/example_dags/example_xcom.py
[2024-04-20T05:43:54.403+0000] {processor.py:768} INFO - DAG(s) dict_keys(['example_xcom']) retrieved from /home/airflow/.local/lib/python3.7/site-packages/airflow/example_dags/example_xcom.py
[2024-04-20T05:43:54.455+0000] {logging_mixin.py:117} INFO - [2024-04-20T05:43:54.454+0000] {dag.py:2573} INFO - Sync 1 DAGs
[2024-04-20T05:43:54.487+0000] {logging_mixin.py:117} INFO - [2024-04-20T05:43:54.486+0000] {dag.py:3328} INFO - Setting next_dagrun for example_xcom to 2021-01-01T00:00:00+00:00, run_after=2021-01-01T00:00:00+00:00
[2024-04-20T05:43:54.517+0000] {processor.py:178} INFO - Processing /home/airflow/.local/lib/python3.7/site-packages/airflow/example_dags/example_xcom.py took 0.149 seconds
[2024-04-20T05:44:24.713+0000] {processor.py:156} INFO - Started process (PID=5933) to work on /home/airflow/.local/lib/python3.7/site-packages/airflow/example_dags/example_xcom.py
[2024-04-20T05:44:24.714+0000] {processor.py:758} INFO - Processing file /home/airflow/.local/lib/python3.7/site-packages/airflow/example_dags/example_xcom.py for tasks to queue
[2024-04-20T05:44:24.714+0000] {logging_mixin.py:117} INFO - [2024-04-20T05:44:24.714+0000] {dagbag.py:525} INFO - Filling up the DagBag from /home/airflow/.local/lib/python3.7/site-packages/airflow/example_dags/example_xcom.py
[2024-04-20T05:44:24.769+0000] {processor.py:768} INFO - DAG(s) dict_keys(['example_xcom']) retrieved from /home/airflow/.local/lib/python3.7/site-packages/airflow/example_dags/example_xcom.py
[2024-04-20T05:44:24.815+0000] {logging_mixin.py:117} INFO - [2024-04-20T05:44:24.815+0000] {dag.py:2573} INFO - Sync 1 DAGs
[2024-04-20T05:44:24.849+0000] {logging_mixin.py:117} INFO - [2024-04-20T05:44:24.849+0000] {dag.py:3328} INFO - Setting next_dagrun for example_xcom to 2021-01-01T00:00:00+00:00, run_after=2021-01-01T00:00:00+00:00
[2024-04-20T05:44:24.875+0000] {processor.py:178} INFO - Processing /home/airflow/.local/lib/python3.7/site-packages/airflow/example_dags/example_xcom.py took 0.166 seconds
[2024-04-20T05:44:55.763+0000] {processor.py:156} INFO - Started process (PID=6209) to work on /home/airflow/.local/lib/python3.7/site-packages/airflow/example_dags/example_xcom.py
[2024-04-20T05:44:55.763+0000] {processor.py:758} INFO - Processing file /home/airflow/.local/lib/python3.7/site-packages/airflow/example_dags/example_xcom.py for tasks to queue
[2024-04-20T05:44:55.764+0000] {logging_mixin.py:117} INFO - [2024-04-20T05:44:55.764+0000] {dagbag.py:525} INFO - Filling up the DagBag from /home/airflow/.local/lib/python3.7/site-packages/airflow/example_dags/example_xcom.py
[2024-04-20T05:44:55.805+0000] {processor.py:768} INFO - DAG(s) dict_keys(['example_xcom']) retrieved from /home/airflow/.local/lib/python3.7/site-packages/airflow/example_dags/example_xcom.py
[2024-04-20T05:44:55.867+0000] {logging_mixin.py:117} INFO - [2024-04-20T05:44:55.867+0000] {dag.py:2573} INFO - Sync 1 DAGs
[2024-04-20T05:44:55.902+0000] {logging_mixin.py:117} INFO - [2024-04-20T05:44:55.902+0000] {dag.py:3328} INFO - Setting next_dagrun for example_xcom to 2021-01-01T00:00:00+00:00, run_after=2021-01-01T00:00:00+00:00
[2024-04-20T05:44:55.984+0000] {processor.py:178} INFO - Processing /home/airflow/.local/lib/python3.7/site-packages/airflow/example_dags/example_xcom.py took 0.225 seconds
[2024-04-20T05:45:26.357+0000] {processor.py:156} INFO - Started process (PID=6461) to work on /home/airflow/.local/lib/python3.7/site-packages/airflow/example_dags/example_xcom.py
[2024-04-20T05:45:26.358+0000] {processor.py:758} INFO - Processing file /home/airflow/.local/lib/python3.7/site-packages/airflow/example_dags/example_xcom.py for tasks to queue
[2024-04-20T05:45:26.359+0000] {logging_mixin.py:117} INFO - [2024-04-20T05:45:26.359+0000] {dagbag.py:525} INFO - Filling up the DagBag from /home/airflow/.local/lib/python3.7/site-packages/airflow/example_dags/example_xcom.py
[2024-04-20T05:45:26.391+0000] {processor.py:768} INFO - DAG(s) dict_keys(['example_xcom']) retrieved from /home/airflow/.local/lib/python3.7/site-packages/airflow/example_dags/example_xcom.py
[2024-04-20T05:45:26.447+0000] {logging_mixin.py:117} INFO - [2024-04-20T05:45:26.447+0000] {dag.py:2573} INFO - Sync 1 DAGs
[2024-04-20T05:45:26.480+0000] {logging_mixin.py:117} INFO - [2024-04-20T05:45:26.480+0000] {dag.py:3328} INFO - Setting next_dagrun for example_xcom to 2021-01-01T00:00:00+00:00, run_after=2021-01-01T00:00:00+00:00
[2024-04-20T05:45:26.504+0000] {processor.py:178} INFO - Processing /home/airflow/.local/lib/python3.7/site-packages/airflow/example_dags/example_xcom.py took 0.150 seconds
[2024-04-20T05:45:56.667+0000] {processor.py:156} INFO - Started process (PID=6735) to work on /home/airflow/.local/lib/python3.7/site-packages/airflow/example_dags/example_xcom.py
[2024-04-20T05:45:56.668+0000] {processor.py:758} INFO - Processing file /home/airflow/.local/lib/python3.7/site-packages/airflow/example_dags/example_xcom.py for tasks to queue
[2024-04-20T05:45:56.668+0000] {logging_mixin.py:117} INFO - [2024-04-20T05:45:56.668+0000] {dagbag.py:525} INFO - Filling up the DagBag from /home/airflow/.local/lib/python3.7/site-packages/airflow/example_dags/example_xcom.py
[2024-04-20T05:45:56.717+0000] {processor.py:768} INFO - DAG(s) dict_keys(['example_xcom']) retrieved from /home/airflow/.local/lib/python3.7/site-packages/airflow/example_dags/example_xcom.py
[2024-04-20T05:45:56.763+0000] {logging_mixin.py:117} INFO - [2024-04-20T05:45:56.763+0000] {dag.py:2573} INFO - Sync 1 DAGs
[2024-04-20T05:45:56.797+0000] {logging_mixin.py:117} INFO - [2024-04-20T05:45:56.797+0000] {dag.py:3328} INFO - Setting next_dagrun for example_xcom to 2021-01-01T00:00:00+00:00, run_after=2021-01-01T00:00:00+00:00
[2024-04-20T05:45:56.822+0000] {processor.py:178} INFO - Processing /home/airflow/.local/lib/python3.7/site-packages/airflow/example_dags/example_xcom.py took 0.164 seconds
[2024-04-20T05:46:27.501+0000] {processor.py:156} INFO - Started process (PID=6980) to work on /home/airflow/.local/lib/python3.7/site-packages/airflow/example_dags/example_xcom.py
[2024-04-20T05:46:27.502+0000] {processor.py:758} INFO - Processing file /home/airflow/.local/lib/python3.7/site-packages/airflow/example_dags/example_xcom.py for tasks to queue
[2024-04-20T05:46:27.503+0000] {logging_mixin.py:117} INFO - [2024-04-20T05:46:27.502+0000] {dagbag.py:525} INFO - Filling up the DagBag from /home/airflow/.local/lib/python3.7/site-packages/airflow/example_dags/example_xcom.py
[2024-04-20T05:46:27.541+0000] {processor.py:768} INFO - DAG(s) dict_keys(['example_xcom']) retrieved from /home/airflow/.local/lib/python3.7/site-packages/airflow/example_dags/example_xcom.py
[2024-04-20T05:46:27.598+0000] {logging_mixin.py:117} INFO - [2024-04-20T05:46:27.598+0000] {dag.py:2573} INFO - Sync 1 DAGs
[2024-04-20T05:46:27.631+0000] {logging_mixin.py:117} INFO - [2024-04-20T05:46:27.631+0000] {dag.py:3328} INFO - Setting next_dagrun for example_xcom to 2021-01-01T00:00:00+00:00, run_after=2021-01-01T00:00:00+00:00
[2024-04-20T05:46:27.658+0000] {processor.py:178} INFO - Processing /home/airflow/.local/lib/python3.7/site-packages/airflow/example_dags/example_xcom.py took 0.161 seconds
[2024-04-20T05:46:57.972+0000] {processor.py:156} INFO - Started process (PID=7240) to work on /home/airflow/.local/lib/python3.7/site-packages/airflow/example_dags/example_xcom.py
[2024-04-20T05:46:57.972+0000] {processor.py:758} INFO - Processing file /home/airflow/.local/lib/python3.7/site-packages/airflow/example_dags/example_xcom.py for tasks to queue
[2024-04-20T05:46:57.975+0000] {logging_mixin.py:117} INFO - [2024-04-20T05:46:57.975+0000] {dagbag.py:525} INFO - Filling up the DagBag from /home/airflow/.local/lib/python3.7/site-packages/airflow/example_dags/example_xcom.py
[2024-04-20T05:46:58.038+0000] {processor.py:768} INFO - DAG(s) dict_keys(['example_xcom']) retrieved from /home/airflow/.local/lib/python3.7/site-packages/airflow/example_dags/example_xcom.py
[2024-04-20T05:46:58.112+0000] {logging_mixin.py:117} INFO - [2024-04-20T05:46:58.112+0000] {dag.py:2573} INFO - Sync 1 DAGs
[2024-04-20T05:46:58.145+0000] {logging_mixin.py:117} INFO - [2024-04-20T05:46:58.145+0000] {dag.py:3328} INFO - Setting next_dagrun for example_xcom to 2021-01-01T00:00:00+00:00, run_after=2021-01-01T00:00:00+00:00
[2024-04-20T05:46:58.186+0000] {processor.py:178} INFO - Processing /home/airflow/.local/lib/python3.7/site-packages/airflow/example_dags/example_xcom.py took 0.217 seconds
[2024-04-20T05:47:28.265+0000] {processor.py:156} INFO - Started process (PID=7483) to work on /home/airflow/.local/lib/python3.7/site-packages/airflow/example_dags/example_xcom.py
[2024-04-20T05:47:28.265+0000] {processor.py:758} INFO - Processing file /home/airflow/.local/lib/python3.7/site-packages/airflow/example_dags/example_xcom.py for tasks to queue
[2024-04-20T05:47:28.266+0000] {logging_mixin.py:117} INFO - [2024-04-20T05:47:28.266+0000] {dagbag.py:525} INFO - Filling up the DagBag from /home/airflow/.local/lib/python3.7/site-packages/airflow/example_dags/example_xcom.py
[2024-04-20T05:47:28.288+0000] {processor.py:768} INFO - DAG(s) dict_keys(['example_xcom']) retrieved from /home/airflow/.local/lib/python3.7/site-packages/airflow/example_dags/example_xcom.py
[2024-04-20T05:47:28.322+0000] {logging_mixin.py:117} INFO - [2024-04-20T05:47:28.321+0000] {dag.py:2573} INFO - Sync 1 DAGs
[2024-04-20T05:47:28.341+0000] {logging_mixin.py:117} INFO - [2024-04-20T05:47:28.341+0000] {dag.py:3328} INFO - Setting next_dagrun for example_xcom to 2021-01-01T00:00:00+00:00, run_after=2021-01-01T00:00:00+00:00
[2024-04-20T05:47:28.361+0000] {processor.py:178} INFO - Processing /home/airflow/.local/lib/python3.7/site-packages/airflow/example_dags/example_xcom.py took 0.104 seconds
[2024-04-20T05:47:58.691+0000] {processor.py:156} INFO - Started process (PID=7737) to work on /home/airflow/.local/lib/python3.7/site-packages/airflow/example_dags/example_xcom.py
[2024-04-20T05:47:58.692+0000] {processor.py:758} INFO - Processing file /home/airflow/.local/lib/python3.7/site-packages/airflow/example_dags/example_xcom.py for tasks to queue
[2024-04-20T05:47:58.692+0000] {logging_mixin.py:117} INFO - [2024-04-20T05:47:58.692+0000] {dagbag.py:525} INFO - Filling up the DagBag from /home/airflow/.local/lib/python3.7/site-packages/airflow/example_dags/example_xcom.py
[2024-04-20T05:47:58.728+0000] {processor.py:768} INFO - DAG(s) dict_keys(['example_xcom']) retrieved from /home/airflow/.local/lib/python3.7/site-packages/airflow/example_dags/example_xcom.py
[2024-04-20T05:47:58.776+0000] {logging_mixin.py:117} INFO - [2024-04-20T05:47:58.776+0000] {dag.py:2573} INFO - Sync 1 DAGs
[2024-04-20T05:47:58.809+0000] {logging_mixin.py:117} INFO - [2024-04-20T05:47:58.809+0000] {dag.py:3328} INFO - Setting next_dagrun for example_xcom to 2021-01-01T00:00:00+00:00, run_after=2021-01-01T00:00:00+00:00
[2024-04-20T05:47:58.836+0000] {processor.py:178} INFO - Processing /home/airflow/.local/lib/python3.7/site-packages/airflow/example_dags/example_xcom.py took 0.148 seconds
[2024-04-20T05:48:29.499+0000] {processor.py:156} INFO - Started process (PID=7985) to work on /home/airflow/.local/lib/python3.7/site-packages/airflow/example_dags/example_xcom.py
[2024-04-20T05:48:29.500+0000] {processor.py:758} INFO - Processing file /home/airflow/.local/lib/python3.7/site-packages/airflow/example_dags/example_xcom.py for tasks to queue
[2024-04-20T05:48:29.501+0000] {logging_mixin.py:117} INFO - [2024-04-20T05:48:29.500+0000] {dagbag.py:525} INFO - Filling up the DagBag from /home/airflow/.local/lib/python3.7/site-packages/airflow/example_dags/example_xcom.py
[2024-04-20T05:48:29.537+0000] {processor.py:768} INFO - DAG(s) dict_keys(['example_xcom']) retrieved from /home/airflow/.local/lib/python3.7/site-packages/airflow/example_dags/example_xcom.py
[2024-04-20T05:48:29.610+0000] {logging_mixin.py:117} INFO - [2024-04-20T05:48:29.610+0000] {dag.py:2573} INFO - Sync 1 DAGs
[2024-04-20T05:48:29.664+0000] {logging_mixin.py:117} INFO - [2024-04-20T05:48:29.663+0000] {dag.py:3328} INFO - Setting next_dagrun for example_xcom to 2021-01-01T00:00:00+00:00, run_after=2021-01-01T00:00:00+00:00
[2024-04-20T05:48:29.695+0000] {processor.py:178} INFO - Processing /home/airflow/.local/lib/python3.7/site-packages/airflow/example_dags/example_xcom.py took 0.199 seconds
[2024-04-20T05:49:00.417+0000] {processor.py:156} INFO - Started process (PID=8214) to work on /home/airflow/.local/lib/python3.7/site-packages/airflow/example_dags/example_xcom.py
[2024-04-20T05:49:00.418+0000] {processor.py:758} INFO - Processing file /home/airflow/.local/lib/python3.7/site-packages/airflow/example_dags/example_xcom.py for tasks to queue
[2024-04-20T05:49:00.419+0000] {logging_mixin.py:117} INFO - [2024-04-20T05:49:00.418+0000] {dagbag.py:525} INFO - Filling up the DagBag from /home/airflow/.local/lib/python3.7/site-packages/airflow/example_dags/example_xcom.py
[2024-04-20T05:49:00.475+0000] {processor.py:768} INFO - DAG(s) dict_keys(['example_xcom']) retrieved from /home/airflow/.local/lib/python3.7/site-packages/airflow/example_dags/example_xcom.py
[2024-04-20T05:49:00.563+0000] {logging_mixin.py:117} INFO - [2024-04-20T05:49:00.563+0000] {dag.py:2573} INFO - Sync 1 DAGs
[2024-04-20T05:49:00.609+0000] {logging_mixin.py:117} INFO - [2024-04-20T05:49:00.607+0000] {dag.py:3328} INFO - Setting next_dagrun for example_xcom to 2021-01-01T00:00:00+00:00, run_after=2021-01-01T00:00:00+00:00
[2024-04-20T05:49:00.742+0000] {processor.py:178} INFO - Processing /home/airflow/.local/lib/python3.7/site-packages/airflow/example_dags/example_xcom.py took 0.328 seconds
[2024-04-20T05:49:31.765+0000] {processor.py:156} INFO - Started process (PID=8443) to work on /home/airflow/.local/lib/python3.7/site-packages/airflow/example_dags/example_xcom.py
[2024-04-20T05:49:31.765+0000] {processor.py:758} INFO - Processing file /home/airflow/.local/lib/python3.7/site-packages/airflow/example_dags/example_xcom.py for tasks to queue
[2024-04-20T05:49:31.766+0000] {logging_mixin.py:117} INFO - [2024-04-20T05:49:31.766+0000] {dagbag.py:525} INFO - Filling up the DagBag from /home/airflow/.local/lib/python3.7/site-packages/airflow/example_dags/example_xcom.py
[2024-04-20T05:49:31.821+0000] {processor.py:768} INFO - DAG(s) dict_keys(['example_xcom']) retrieved from /home/airflow/.local/lib/python3.7/site-packages/airflow/example_dags/example_xcom.py
[2024-04-20T05:49:31.873+0000] {logging_mixin.py:117} INFO - [2024-04-20T05:49:31.873+0000] {dag.py:2573} INFO - Sync 1 DAGs
[2024-04-20T05:49:31.904+0000] {logging_mixin.py:117} INFO - [2024-04-20T05:49:31.904+0000] {dag.py:3328} INFO - Setting next_dagrun for example_xcom to 2021-01-01T00:00:00+00:00, run_after=2021-01-01T00:00:00+00:00
[2024-04-20T05:49:31.934+0000] {processor.py:178} INFO - Processing /home/airflow/.local/lib/python3.7/site-packages/airflow/example_dags/example_xcom.py took 0.173 seconds
[2024-04-20T05:50:02.595+0000] {processor.py:156} INFO - Started process (PID=8703) to work on /home/airflow/.local/lib/python3.7/site-packages/airflow/example_dags/example_xcom.py
[2024-04-20T05:50:02.596+0000] {processor.py:758} INFO - Processing file /home/airflow/.local/lib/python3.7/site-packages/airflow/example_dags/example_xcom.py for tasks to queue
[2024-04-20T05:50:02.596+0000] {logging_mixin.py:117} INFO - [2024-04-20T05:50:02.596+0000] {dagbag.py:525} INFO - Filling up the DagBag from /home/airflow/.local/lib/python3.7/site-packages/airflow/example_dags/example_xcom.py
[2024-04-20T05:50:02.628+0000] {processor.py:768} INFO - DAG(s) dict_keys(['example_xcom']) retrieved from /home/airflow/.local/lib/python3.7/site-packages/airflow/example_dags/example_xcom.py
[2024-04-20T05:50:02.695+0000] {logging_mixin.py:117} INFO - [2024-04-20T05:50:02.695+0000] {dag.py:2573} INFO - Sync 1 DAGs
[2024-04-20T05:50:02.728+0000] {logging_mixin.py:117} INFO - [2024-04-20T05:50:02.728+0000] {dag.py:3328} INFO - Setting next_dagrun for example_xcom to 2021-01-01T00:00:00+00:00, run_after=2021-01-01T00:00:00+00:00
[2024-04-20T05:50:02.753+0000] {processor.py:178} INFO - Processing /home/airflow/.local/lib/python3.7/site-packages/airflow/example_dags/example_xcom.py took 0.161 seconds
[2024-04-20T05:50:33.157+0000] {processor.py:156} INFO - Started process (PID=8922) to work on /home/airflow/.local/lib/python3.7/site-packages/airflow/example_dags/example_xcom.py
[2024-04-20T05:50:33.158+0000] {processor.py:758} INFO - Processing file /home/airflow/.local/lib/python3.7/site-packages/airflow/example_dags/example_xcom.py for tasks to queue
[2024-04-20T05:50:33.159+0000] {logging_mixin.py:117} INFO - [2024-04-20T05:50:33.159+0000] {dagbag.py:525} INFO - Filling up the DagBag from /home/airflow/.local/lib/python3.7/site-packages/airflow/example_dags/example_xcom.py
[2024-04-20T05:50:33.229+0000] {processor.py:768} INFO - DAG(s) dict_keys(['example_xcom']) retrieved from /home/airflow/.local/lib/python3.7/site-packages/airflow/example_dags/example_xcom.py
[2024-04-20T05:50:33.286+0000] {logging_mixin.py:117} INFO - [2024-04-20T05:50:33.285+0000] {dag.py:2573} INFO - Sync 1 DAGs
[2024-04-20T05:50:33.317+0000] {logging_mixin.py:117} INFO - [2024-04-20T05:50:33.316+0000] {dag.py:3328} INFO - Setting next_dagrun for example_xcom to 2021-01-01T00:00:00+00:00, run_after=2021-01-01T00:00:00+00:00
[2024-04-20T05:50:33.345+0000] {processor.py:178} INFO - Processing /home/airflow/.local/lib/python3.7/site-packages/airflow/example_dags/example_xcom.py took 0.196 seconds
[2024-04-20T05:51:03.523+0000] {processor.py:156} INFO - Started process (PID=9151) to work on /home/airflow/.local/lib/python3.7/site-packages/airflow/example_dags/example_xcom.py
[2024-04-20T05:51:03.524+0000] {processor.py:758} INFO - Processing file /home/airflow/.local/lib/python3.7/site-packages/airflow/example_dags/example_xcom.py for tasks to queue
[2024-04-20T05:51:03.524+0000] {logging_mixin.py:117} INFO - [2024-04-20T05:51:03.524+0000] {dagbag.py:525} INFO - Filling up the DagBag from /home/airflow/.local/lib/python3.7/site-packages/airflow/example_dags/example_xcom.py
[2024-04-20T05:51:03.554+0000] {processor.py:768} INFO - DAG(s) dict_keys(['example_xcom']) retrieved from /home/airflow/.local/lib/python3.7/site-packages/airflow/example_dags/example_xcom.py
[2024-04-20T05:51:03.602+0000] {logging_mixin.py:117} INFO - [2024-04-20T05:51:03.602+0000] {dag.py:2573} INFO - Sync 1 DAGs
[2024-04-20T05:51:03.641+0000] {logging_mixin.py:117} INFO - [2024-04-20T05:51:03.640+0000] {dag.py:3328} INFO - Setting next_dagrun for example_xcom to 2021-01-01T00:00:00+00:00, run_after=2021-01-01T00:00:00+00:00
[2024-04-20T05:51:03.666+0000] {processor.py:178} INFO - Processing /home/airflow/.local/lib/python3.7/site-packages/airflow/example_dags/example_xcom.py took 0.147 seconds
[2024-04-20T05:51:33.967+0000] {processor.py:156} INFO - Started process (PID=9384) to work on /home/airflow/.local/lib/python3.7/site-packages/airflow/example_dags/example_xcom.py
[2024-04-20T05:51:33.968+0000] {processor.py:758} INFO - Processing file /home/airflow/.local/lib/python3.7/site-packages/airflow/example_dags/example_xcom.py for tasks to queue
[2024-04-20T05:51:33.968+0000] {logging_mixin.py:117} INFO - [2024-04-20T05:51:33.968+0000] {dagbag.py:525} INFO - Filling up the DagBag from /home/airflow/.local/lib/python3.7/site-packages/airflow/example_dags/example_xcom.py
[2024-04-20T05:51:33.999+0000] {processor.py:768} INFO - DAG(s) dict_keys(['example_xcom']) retrieved from /home/airflow/.local/lib/python3.7/site-packages/airflow/example_dags/example_xcom.py
[2024-04-20T05:51:34.055+0000] {logging_mixin.py:117} INFO - [2024-04-20T05:51:34.054+0000] {dag.py:2573} INFO - Sync 1 DAGs
[2024-04-20T05:51:34.098+0000] {logging_mixin.py:117} INFO - [2024-04-20T05:51:34.098+0000] {dag.py:3328} INFO - Setting next_dagrun for example_xcom to 2021-01-01T00:00:00+00:00, run_after=2021-01-01T00:00:00+00:00
[2024-04-20T05:51:34.137+0000] {processor.py:178} INFO - Processing /home/airflow/.local/lib/python3.7/site-packages/airflow/example_dags/example_xcom.py took 0.174 seconds
[2024-04-20T05:52:04.687+0000] {processor.py:156} INFO - Started process (PID=9605) to work on /home/airflow/.local/lib/python3.7/site-packages/airflow/example_dags/example_xcom.py
[2024-04-20T05:52:04.689+0000] {processor.py:758} INFO - Processing file /home/airflow/.local/lib/python3.7/site-packages/airflow/example_dags/example_xcom.py for tasks to queue
[2024-04-20T05:52:04.690+0000] {logging_mixin.py:117} INFO - [2024-04-20T05:52:04.689+0000] {dagbag.py:525} INFO - Filling up the DagBag from /home/airflow/.local/lib/python3.7/site-packages/airflow/example_dags/example_xcom.py
[2024-04-20T05:52:04.721+0000] {processor.py:768} INFO - DAG(s) dict_keys(['example_xcom']) retrieved from /home/airflow/.local/lib/python3.7/site-packages/airflow/example_dags/example_xcom.py
[2024-04-20T05:52:04.774+0000] {logging_mixin.py:117} INFO - [2024-04-20T05:52:04.774+0000] {dag.py:2573} INFO - Sync 1 DAGs
[2024-04-20T05:52:04.807+0000] {logging_mixin.py:117} INFO - [2024-04-20T05:52:04.807+0000] {dag.py:3328} INFO - Setting next_dagrun for example_xcom to 2021-01-01T00:00:00+00:00, run_after=2021-01-01T00:00:00+00:00
[2024-04-20T05:52:04.842+0000] {processor.py:178} INFO - Processing /home/airflow/.local/lib/python3.7/site-packages/airflow/example_dags/example_xcom.py took 0.161 seconds
[2024-04-20T05:52:35.307+0000] {processor.py:156} INFO - Started process (PID=9832) to work on /home/airflow/.local/lib/python3.7/site-packages/airflow/example_dags/example_xcom.py
[2024-04-20T05:52:35.308+0000] {processor.py:758} INFO - Processing file /home/airflow/.local/lib/python3.7/site-packages/airflow/example_dags/example_xcom.py for tasks to queue
[2024-04-20T05:52:35.309+0000] {logging_mixin.py:117} INFO - [2024-04-20T05:52:35.308+0000] {dagbag.py:525} INFO - Filling up the DagBag from /home/airflow/.local/lib/python3.7/site-packages/airflow/example_dags/example_xcom.py
[2024-04-20T05:52:35.341+0000] {processor.py:768} INFO - DAG(s) dict_keys(['example_xcom']) retrieved from /home/airflow/.local/lib/python3.7/site-packages/airflow/example_dags/example_xcom.py
[2024-04-20T05:52:35.393+0000] {logging_mixin.py:117} INFO - [2024-04-20T05:52:35.393+0000] {dag.py:2573} INFO - Sync 1 DAGs
[2024-04-20T05:52:35.425+0000] {logging_mixin.py:117} INFO - [2024-04-20T05:52:35.425+0000] {dag.py:3328} INFO - Setting next_dagrun for example_xcom to 2021-01-01T00:00:00+00:00, run_after=2021-01-01T00:00:00+00:00
[2024-04-20T05:52:35.452+0000] {processor.py:178} INFO - Processing /home/airflow/.local/lib/python3.7/site-packages/airflow/example_dags/example_xcom.py took 0.148 seconds
[2024-04-20T05:53:05.602+0000] {processor.py:156} INFO - Started process (PID=10049) to work on /home/airflow/.local/lib/python3.7/site-packages/airflow/example_dags/example_xcom.py
[2024-04-20T05:53:05.604+0000] {processor.py:758} INFO - Processing file /home/airflow/.local/lib/python3.7/site-packages/airflow/example_dags/example_xcom.py for tasks to queue
[2024-04-20T05:53:05.604+0000] {logging_mixin.py:117} INFO - [2024-04-20T05:53:05.604+0000] {dagbag.py:525} INFO - Filling up the DagBag from /home/airflow/.local/lib/python3.7/site-packages/airflow/example_dags/example_xcom.py
[2024-04-20T05:53:05.637+0000] {processor.py:768} INFO - DAG(s) dict_keys(['example_xcom']) retrieved from /home/airflow/.local/lib/python3.7/site-packages/airflow/example_dags/example_xcom.py
[2024-04-20T05:53:05.732+0000] {logging_mixin.py:117} INFO - [2024-04-20T05:53:05.732+0000] {dag.py:2573} INFO - Sync 1 DAGs
[2024-04-20T05:53:05.800+0000] {logging_mixin.py:117} INFO - [2024-04-20T05:53:05.800+0000] {dag.py:3328} INFO - Setting next_dagrun for example_xcom to 2021-01-01T00:00:00+00:00, run_after=2021-01-01T00:00:00+00:00
[2024-04-20T05:53:05.837+0000] {processor.py:178} INFO - Processing /home/airflow/.local/lib/python3.7/site-packages/airflow/example_dags/example_xcom.py took 0.239 seconds
[2024-04-20T05:53:36.274+0000] {processor.py:156} INFO - Started process (PID=10288) to work on /home/airflow/.local/lib/python3.7/site-packages/airflow/example_dags/example_xcom.py
[2024-04-20T05:53:36.282+0000] {processor.py:758} INFO - Processing file /home/airflow/.local/lib/python3.7/site-packages/airflow/example_dags/example_xcom.py for tasks to queue
[2024-04-20T05:53:36.284+0000] {logging_mixin.py:117} INFO - [2024-04-20T05:53:36.284+0000] {dagbag.py:525} INFO - Filling up the DagBag from /home/airflow/.local/lib/python3.7/site-packages/airflow/example_dags/example_xcom.py
[2024-04-20T05:53:36.316+0000] {processor.py:768} INFO - DAG(s) dict_keys(['example_xcom']) retrieved from /home/airflow/.local/lib/python3.7/site-packages/airflow/example_dags/example_xcom.py
[2024-04-20T05:53:36.385+0000] {logging_mixin.py:117} INFO - [2024-04-20T05:53:36.385+0000] {dag.py:2573} INFO - Sync 1 DAGs
[2024-04-20T05:53:36.456+0000] {logging_mixin.py:117} INFO - [2024-04-20T05:53:36.456+0000] {dag.py:3328} INFO - Setting next_dagrun for example_xcom to 2021-01-01T00:00:00+00:00, run_after=2021-01-01T00:00:00+00:00
[2024-04-20T05:53:36.503+0000] {processor.py:178} INFO - Processing /home/airflow/.local/lib/python3.7/site-packages/airflow/example_dags/example_xcom.py took 0.233 seconds
[2024-04-20T05:54:06.883+0000] {processor.py:156} INFO - Started process (PID=10525) to work on /home/airflow/.local/lib/python3.7/site-packages/airflow/example_dags/example_xcom.py
[2024-04-20T05:54:06.884+0000] {processor.py:758} INFO - Processing file /home/airflow/.local/lib/python3.7/site-packages/airflow/example_dags/example_xcom.py for tasks to queue
[2024-04-20T05:54:06.885+0000] {logging_mixin.py:117} INFO - [2024-04-20T05:54:06.885+0000] {dagbag.py:525} INFO - Filling up the DagBag from /home/airflow/.local/lib/python3.7/site-packages/airflow/example_dags/example_xcom.py
[2024-04-20T05:54:06.920+0000] {processor.py:768} INFO - DAG(s) dict_keys(['example_xcom']) retrieved from /home/airflow/.local/lib/python3.7/site-packages/airflow/example_dags/example_xcom.py
[2024-04-20T05:54:06.968+0000] {logging_mixin.py:117} INFO - [2024-04-20T05:54:06.968+0000] {dag.py:2573} INFO - Sync 1 DAGs
[2024-04-20T05:54:07.000+0000] {logging_mixin.py:117} INFO - [2024-04-20T05:54:07.000+0000] {dag.py:3328} INFO - Setting next_dagrun for example_xcom to 2021-01-01T00:00:00+00:00, run_after=2021-01-01T00:00:00+00:00
[2024-04-20T05:54:07.028+0000] {processor.py:178} INFO - Processing /home/airflow/.local/lib/python3.7/site-packages/airflow/example_dags/example_xcom.py took 0.149 seconds
[2024-04-20T05:54:37.579+0000] {processor.py:156} INFO - Started process (PID=10749) to work on /home/airflow/.local/lib/python3.7/site-packages/airflow/example_dags/example_xcom.py
[2024-04-20T05:54:37.580+0000] {processor.py:758} INFO - Processing file /home/airflow/.local/lib/python3.7/site-packages/airflow/example_dags/example_xcom.py for tasks to queue
[2024-04-20T05:54:37.580+0000] {logging_mixin.py:117} INFO - [2024-04-20T05:54:37.580+0000] {dagbag.py:525} INFO - Filling up the DagBag from /home/airflow/.local/lib/python3.7/site-packages/airflow/example_dags/example_xcom.py
[2024-04-20T05:54:37.609+0000] {processor.py:768} INFO - DAG(s) dict_keys(['example_xcom']) retrieved from /home/airflow/.local/lib/python3.7/site-packages/airflow/example_dags/example_xcom.py
[2024-04-20T05:54:37.659+0000] {logging_mixin.py:117} INFO - [2024-04-20T05:54:37.659+0000] {dag.py:2573} INFO - Sync 1 DAGs
[2024-04-20T05:54:37.698+0000] {logging_mixin.py:117} INFO - [2024-04-20T05:54:37.698+0000] {dag.py:3328} INFO - Setting next_dagrun for example_xcom to 2021-01-01T00:00:00+00:00, run_after=2021-01-01T00:00:00+00:00
[2024-04-20T05:54:37.722+0000] {processor.py:178} INFO - Processing /home/airflow/.local/lib/python3.7/site-packages/airflow/example_dags/example_xcom.py took 0.146 seconds
[2024-04-20T05:55:08.727+0000] {processor.py:156} INFO - Started process (PID=10977) to work on /home/airflow/.local/lib/python3.7/site-packages/airflow/example_dags/example_xcom.py
[2024-04-20T05:55:08.728+0000] {processor.py:758} INFO - Processing file /home/airflow/.local/lib/python3.7/site-packages/airflow/example_dags/example_xcom.py for tasks to queue
[2024-04-20T05:55:08.729+0000] {logging_mixin.py:117} INFO - [2024-04-20T05:55:08.729+0000] {dagbag.py:525} INFO - Filling up the DagBag from /home/airflow/.local/lib/python3.7/site-packages/airflow/example_dags/example_xcom.py
[2024-04-20T05:55:08.824+0000] {processor.py:768} INFO - DAG(s) dict_keys(['example_xcom']) retrieved from /home/airflow/.local/lib/python3.7/site-packages/airflow/example_dags/example_xcom.py
[2024-04-20T05:55:09.082+0000] {logging_mixin.py:117} INFO - [2024-04-20T05:55:09.082+0000] {dag.py:2573} INFO - Sync 1 DAGs
[2024-04-20T05:55:09.207+0000] {logging_mixin.py:117} INFO - [2024-04-20T05:55:09.206+0000] {dag.py:3328} INFO - Setting next_dagrun for example_xcom to 2021-01-01T00:00:00+00:00, run_after=2021-01-01T00:00:00+00:00
[2024-04-20T05:55:09.253+0000] {processor.py:178} INFO - Processing /home/airflow/.local/lib/python3.7/site-packages/airflow/example_dags/example_xcom.py took 0.529 seconds
[2024-04-20T05:55:39.892+0000] {processor.py:156} INFO - Started process (PID=11206) to work on /home/airflow/.local/lib/python3.7/site-packages/airflow/example_dags/example_xcom.py
[2024-04-20T05:55:39.892+0000] {processor.py:758} INFO - Processing file /home/airflow/.local/lib/python3.7/site-packages/airflow/example_dags/example_xcom.py for tasks to queue
[2024-04-20T05:55:39.893+0000] {logging_mixin.py:117} INFO - [2024-04-20T05:55:39.893+0000] {dagbag.py:525} INFO - Filling up the DagBag from /home/airflow/.local/lib/python3.7/site-packages/airflow/example_dags/example_xcom.py
[2024-04-20T05:55:39.923+0000] {processor.py:768} INFO - DAG(s) dict_keys(['example_xcom']) retrieved from /home/airflow/.local/lib/python3.7/site-packages/airflow/example_dags/example_xcom.py
[2024-04-20T05:55:40.001+0000] {logging_mixin.py:117} INFO - [2024-04-20T05:55:40.001+0000] {dag.py:2573} INFO - Sync 1 DAGs
[2024-04-20T05:55:40.104+0000] {logging_mixin.py:117} INFO - [2024-04-20T05:55:40.103+0000] {dag.py:3328} INFO - Setting next_dagrun for example_xcom to 2021-01-01T00:00:00+00:00, run_after=2021-01-01T00:00:00+00:00
[2024-04-20T05:55:40.154+0000] {processor.py:178} INFO - Processing /home/airflow/.local/lib/python3.7/site-packages/airflow/example_dags/example_xcom.py took 0.265 seconds
[2024-04-20T05:56:35.928+0000] {processor.py:156} INFO - Started process (PID=191) to work on /home/airflow/.local/lib/python3.7/site-packages/airflow/example_dags/example_xcom.py
[2024-04-20T05:56:35.929+0000] {processor.py:758} INFO - Processing file /home/airflow/.local/lib/python3.7/site-packages/airflow/example_dags/example_xcom.py for tasks to queue
[2024-04-20T05:56:35.930+0000] {logging_mixin.py:117} INFO - [2024-04-20T05:56:35.929+0000] {dagbag.py:525} INFO - Filling up the DagBag from /home/airflow/.local/lib/python3.7/site-packages/airflow/example_dags/example_xcom.py
[2024-04-20T05:56:35.973+0000] {processor.py:768} INFO - DAG(s) dict_keys(['example_xcom']) retrieved from /home/airflow/.local/lib/python3.7/site-packages/airflow/example_dags/example_xcom.py
[2024-04-20T05:56:36.046+0000] {logging_mixin.py:117} INFO - [2024-04-20T05:56:36.046+0000] {dag.py:2573} INFO - Sync 1 DAGs
[2024-04-20T05:56:36.107+0000] {logging_mixin.py:117} INFO - [2024-04-20T05:56:36.107+0000] {dag.py:3328} INFO - Setting next_dagrun for example_xcom to 2021-01-01T00:00:00+00:00, run_after=2021-01-01T00:00:00+00:00
[2024-04-20T05:56:36.160+0000] {processor.py:178} INFO - Processing /home/airflow/.local/lib/python3.7/site-packages/airflow/example_dags/example_xcom.py took 0.235 seconds
[2024-04-20T05:57:06.232+0000] {processor.py:156} INFO - Started process (PID=404) to work on /home/airflow/.local/lib/python3.7/site-packages/airflow/example_dags/example_xcom.py
[2024-04-20T05:57:06.232+0000] {processor.py:758} INFO - Processing file /home/airflow/.local/lib/python3.7/site-packages/airflow/example_dags/example_xcom.py for tasks to queue
[2024-04-20T05:57:06.233+0000] {logging_mixin.py:117} INFO - [2024-04-20T05:57:06.233+0000] {dagbag.py:525} INFO - Filling up the DagBag from /home/airflow/.local/lib/python3.7/site-packages/airflow/example_dags/example_xcom.py
[2024-04-20T05:57:06.264+0000] {processor.py:768} INFO - DAG(s) dict_keys(['example_xcom']) retrieved from /home/airflow/.local/lib/python3.7/site-packages/airflow/example_dags/example_xcom.py
[2024-04-20T05:57:06.310+0000] {logging_mixin.py:117} INFO - [2024-04-20T05:57:06.310+0000] {dag.py:2573} INFO - Sync 1 DAGs
[2024-04-20T05:57:06.653+0000] {logging_mixin.py:117} INFO - [2024-04-20T05:57:06.652+0000] {dag.py:3328} INFO - Setting next_dagrun for example_xcom to 2021-01-01T00:00:00+00:00, run_after=2021-01-01T00:00:00+00:00
[2024-04-20T05:57:06.685+0000] {processor.py:178} INFO - Processing /home/airflow/.local/lib/python3.7/site-packages/airflow/example_dags/example_xcom.py took 0.457 seconds
[2024-04-20T05:57:37.078+0000] {processor.py:156} INFO - Started process (PID=630) to work on /home/airflow/.local/lib/python3.7/site-packages/airflow/example_dags/example_xcom.py
[2024-04-20T05:57:37.087+0000] {processor.py:758} INFO - Processing file /home/airflow/.local/lib/python3.7/site-packages/airflow/example_dags/example_xcom.py for tasks to queue
[2024-04-20T05:57:37.087+0000] {logging_mixin.py:117} INFO - [2024-04-20T05:57:37.087+0000] {dagbag.py:525} INFO - Filling up the DagBag from /home/airflow/.local/lib/python3.7/site-packages/airflow/example_dags/example_xcom.py
[2024-04-20T05:57:37.164+0000] {processor.py:768} INFO - DAG(s) dict_keys(['example_xcom']) retrieved from /home/airflow/.local/lib/python3.7/site-packages/airflow/example_dags/example_xcom.py
[2024-04-20T05:57:37.306+0000] {logging_mixin.py:117} INFO - [2024-04-20T05:57:37.306+0000] {dag.py:2573} INFO - Sync 1 DAGs
[2024-04-20T05:57:37.790+0000] {logging_mixin.py:117} INFO - [2024-04-20T05:57:37.790+0000] {dag.py:3328} INFO - Setting next_dagrun for example_xcom to 2021-01-01T00:00:00+00:00, run_after=2021-01-01T00:00:00+00:00
[2024-04-20T05:57:37.832+0000] {processor.py:178} INFO - Processing /home/airflow/.local/lib/python3.7/site-packages/airflow/example_dags/example_xcom.py took 0.765 seconds
[2024-04-20T05:58:08.018+0000] {processor.py:156} INFO - Started process (PID=847) to work on /home/airflow/.local/lib/python3.7/site-packages/airflow/example_dags/example_xcom.py
[2024-04-20T05:58:08.019+0000] {processor.py:758} INFO - Processing file /home/airflow/.local/lib/python3.7/site-packages/airflow/example_dags/example_xcom.py for tasks to queue
[2024-04-20T05:58:08.019+0000] {logging_mixin.py:117} INFO - [2024-04-20T05:58:08.019+0000] {dagbag.py:525} INFO - Filling up the DagBag from /home/airflow/.local/lib/python3.7/site-packages/airflow/example_dags/example_xcom.py
[2024-04-20T05:58:08.114+0000] {processor.py:768} INFO - DAG(s) dict_keys(['example_xcom']) retrieved from /home/airflow/.local/lib/python3.7/site-packages/airflow/example_dags/example_xcom.py
[2024-04-20T05:58:08.566+0000] {logging_mixin.py:117} INFO - [2024-04-20T05:58:08.566+0000] {dag.py:2573} INFO - Sync 1 DAGs
[2024-04-20T05:58:08.628+0000] {logging_mixin.py:117} INFO - [2024-04-20T05:58:08.628+0000] {dag.py:3328} INFO - Setting next_dagrun for example_xcom to 2021-01-01T00:00:00+00:00, run_after=2021-01-01T00:00:00+00:00
[2024-04-20T05:58:08.673+0000] {processor.py:178} INFO - Processing /home/airflow/.local/lib/python3.7/site-packages/airflow/example_dags/example_xcom.py took 0.658 seconds
[2024-04-20T05:58:39.081+0000] {processor.py:156} INFO - Started process (PID=1076) to work on /home/airflow/.local/lib/python3.7/site-packages/airflow/example_dags/example_xcom.py
[2024-04-20T05:58:39.081+0000] {processor.py:758} INFO - Processing file /home/airflow/.local/lib/python3.7/site-packages/airflow/example_dags/example_xcom.py for tasks to queue
[2024-04-20T05:58:39.082+0000] {logging_mixin.py:117} INFO - [2024-04-20T05:58:39.082+0000] {dagbag.py:525} INFO - Filling up the DagBag from /home/airflow/.local/lib/python3.7/site-packages/airflow/example_dags/example_xcom.py
[2024-04-20T05:58:39.113+0000] {processor.py:768} INFO - DAG(s) dict_keys(['example_xcom']) retrieved from /home/airflow/.local/lib/python3.7/site-packages/airflow/example_dags/example_xcom.py
[2024-04-20T05:58:39.323+0000] {logging_mixin.py:117} INFO - [2024-04-20T05:58:39.323+0000] {dag.py:2573} INFO - Sync 1 DAGs
[2024-04-20T05:58:39.351+0000] {logging_mixin.py:117} INFO - [2024-04-20T05:58:39.351+0000] {dag.py:3328} INFO - Setting next_dagrun for example_xcom to 2021-01-01T00:00:00+00:00, run_after=2021-01-01T00:00:00+00:00
[2024-04-20T05:58:39.374+0000] {processor.py:178} INFO - Processing /home/airflow/.local/lib/python3.7/site-packages/airflow/example_dags/example_xcom.py took 0.297 seconds
[2024-04-20T05:59:09.569+0000] {processor.py:156} INFO - Started process (PID=1300) to work on /home/airflow/.local/lib/python3.7/site-packages/airflow/example_dags/example_xcom.py
[2024-04-20T05:59:09.574+0000] {processor.py:758} INFO - Processing file /home/airflow/.local/lib/python3.7/site-packages/airflow/example_dags/example_xcom.py for tasks to queue
[2024-04-20T05:59:09.574+0000] {logging_mixin.py:117} INFO - [2024-04-20T05:59:09.574+0000] {dagbag.py:525} INFO - Filling up the DagBag from /home/airflow/.local/lib/python3.7/site-packages/airflow/example_dags/example_xcom.py
[2024-04-20T05:59:09.851+0000] {processor.py:768} INFO - DAG(s) dict_keys(['example_xcom']) retrieved from /home/airflow/.local/lib/python3.7/site-packages/airflow/example_dags/example_xcom.py
[2024-04-20T05:59:09.892+0000] {logging_mixin.py:117} INFO - [2024-04-20T05:59:09.892+0000] {dag.py:2573} INFO - Sync 1 DAGs
[2024-04-20T05:59:09.922+0000] {logging_mixin.py:117} INFO - [2024-04-20T05:59:09.922+0000] {dag.py:3328} INFO - Setting next_dagrun for example_xcom to 2021-01-01T00:00:00+00:00, run_after=2021-01-01T00:00:00+00:00
[2024-04-20T05:59:09.945+0000] {processor.py:178} INFO - Processing /home/airflow/.local/lib/python3.7/site-packages/airflow/example_dags/example_xcom.py took 0.382 seconds
[2024-04-20T05:59:40.284+0000] {processor.py:156} INFO - Started process (PID=1522) to work on /home/airflow/.local/lib/python3.7/site-packages/airflow/example_dags/example_xcom.py
[2024-04-20T05:59:40.285+0000] {processor.py:758} INFO - Processing file /home/airflow/.local/lib/python3.7/site-packages/airflow/example_dags/example_xcom.py for tasks to queue
[2024-04-20T05:59:40.286+0000] {logging_mixin.py:117} INFO - [2024-04-20T05:59:40.285+0000] {dagbag.py:525} INFO - Filling up the DagBag from /home/airflow/.local/lib/python3.7/site-packages/airflow/example_dags/example_xcom.py
[2024-04-20T05:59:40.490+0000] {processor.py:768} INFO - DAG(s) dict_keys(['example_xcom']) retrieved from /home/airflow/.local/lib/python3.7/site-packages/airflow/example_dags/example_xcom.py
[2024-04-20T05:59:40.535+0000] {logging_mixin.py:117} INFO - [2024-04-20T05:59:40.535+0000] {dag.py:2573} INFO - Sync 1 DAGs
[2024-04-20T05:59:40.561+0000] {logging_mixin.py:117} INFO - [2024-04-20T05:59:40.561+0000] {dag.py:3328} INFO - Setting next_dagrun for example_xcom to 2021-01-01T00:00:00+00:00, run_after=2021-01-01T00:00:00+00:00
[2024-04-20T05:59:40.586+0000] {processor.py:178} INFO - Processing /home/airflow/.local/lib/python3.7/site-packages/airflow/example_dags/example_xcom.py took 0.306 seconds
[2024-04-20T06:00:10.768+0000] {processor.py:156} INFO - Started process (PID=1749) to work on /home/airflow/.local/lib/python3.7/site-packages/airflow/example_dags/example_xcom.py
[2024-04-20T06:00:10.769+0000] {processor.py:758} INFO - Processing file /home/airflow/.local/lib/python3.7/site-packages/airflow/example_dags/example_xcom.py for tasks to queue
[2024-04-20T06:00:10.769+0000] {logging_mixin.py:117} INFO - [2024-04-20T06:00:10.769+0000] {dagbag.py:525} INFO - Filling up the DagBag from /home/airflow/.local/lib/python3.7/site-packages/airflow/example_dags/example_xcom.py
[2024-04-20T06:00:10.816+0000] {processor.py:768} INFO - DAG(s) dict_keys(['example_xcom']) retrieved from /home/airflow/.local/lib/python3.7/site-packages/airflow/example_dags/example_xcom.py
[2024-04-20T06:00:10.870+0000] {logging_mixin.py:117} INFO - [2024-04-20T06:00:10.870+0000] {dag.py:2573} INFO - Sync 1 DAGs
[2024-04-20T06:00:10.903+0000] {logging_mixin.py:117} INFO - [2024-04-20T06:00:10.903+0000] {dag.py:3328} INFO - Setting next_dagrun for example_xcom to 2021-01-01T00:00:00+00:00, run_after=2021-01-01T00:00:00+00:00
[2024-04-20T06:00:10.928+0000] {processor.py:178} INFO - Processing /home/airflow/.local/lib/python3.7/site-packages/airflow/example_dags/example_xcom.py took 0.163 seconds
[2024-04-20T06:00:41.016+0000] {processor.py:156} INFO - Started process (PID=1967) to work on /home/airflow/.local/lib/python3.7/site-packages/airflow/example_dags/example_xcom.py
[2024-04-20T06:00:41.022+0000] {processor.py:758} INFO - Processing file /home/airflow/.local/lib/python3.7/site-packages/airflow/example_dags/example_xcom.py for tasks to queue
[2024-04-20T06:00:41.023+0000] {logging_mixin.py:117} INFO - [2024-04-20T06:00:41.023+0000] {dagbag.py:525} INFO - Filling up the DagBag from /home/airflow/.local/lib/python3.7/site-packages/airflow/example_dags/example_xcom.py
[2024-04-20T06:00:41.107+0000] {processor.py:768} INFO - DAG(s) dict_keys(['example_xcom']) retrieved from /home/airflow/.local/lib/python3.7/site-packages/airflow/example_dags/example_xcom.py
[2024-04-20T06:00:41.207+0000] {logging_mixin.py:117} INFO - [2024-04-20T06:00:41.207+0000] {dag.py:2573} INFO - Sync 1 DAGs
[2024-04-20T06:00:41.243+0000] {logging_mixin.py:117} INFO - [2024-04-20T06:00:41.243+0000] {dag.py:3328} INFO - Setting next_dagrun for example_xcom to 2021-01-01T00:00:00+00:00, run_after=2021-01-01T00:00:00+00:00
[2024-04-20T06:00:41.288+0000] {processor.py:178} INFO - Processing /home/airflow/.local/lib/python3.7/site-packages/airflow/example_dags/example_xcom.py took 0.276 seconds
[2024-04-20T06:01:11.913+0000] {processor.py:156} INFO - Started process (PID=2201) to work on /home/airflow/.local/lib/python3.7/site-packages/airflow/example_dags/example_xcom.py
[2024-04-20T06:01:11.916+0000] {processor.py:758} INFO - Processing file /home/airflow/.local/lib/python3.7/site-packages/airflow/example_dags/example_xcom.py for tasks to queue
[2024-04-20T06:01:11.917+0000] {logging_mixin.py:117} INFO - [2024-04-20T06:01:11.917+0000] {dagbag.py:525} INFO - Filling up the DagBag from /home/airflow/.local/lib/python3.7/site-packages/airflow/example_dags/example_xcom.py
[2024-04-20T06:01:11.975+0000] {processor.py:768} INFO - DAG(s) dict_keys(['example_xcom']) retrieved from /home/airflow/.local/lib/python3.7/site-packages/airflow/example_dags/example_xcom.py
[2024-04-20T06:01:12.035+0000] {logging_mixin.py:117} INFO - [2024-04-20T06:01:12.035+0000] {dag.py:2573} INFO - Sync 1 DAGs
[2024-04-20T06:01:12.062+0000] {logging_mixin.py:117} INFO - [2024-04-20T06:01:12.061+0000] {dag.py:3328} INFO - Setting next_dagrun for example_xcom to 2021-01-01T00:00:00+00:00, run_after=2021-01-01T00:00:00+00:00
[2024-04-20T06:01:12.082+0000] {processor.py:178} INFO - Processing /home/airflow/.local/lib/python3.7/site-packages/airflow/example_dags/example_xcom.py took 0.177 seconds
[2024-04-20T06:01:42.537+0000] {processor.py:156} INFO - Started process (PID=2427) to work on /home/airflow/.local/lib/python3.7/site-packages/airflow/example_dags/example_xcom.py
[2024-04-20T06:01:42.537+0000] {processor.py:758} INFO - Processing file /home/airflow/.local/lib/python3.7/site-packages/airflow/example_dags/example_xcom.py for tasks to queue
[2024-04-20T06:01:42.538+0000] {logging_mixin.py:117} INFO - [2024-04-20T06:01:42.538+0000] {dagbag.py:525} INFO - Filling up the DagBag from /home/airflow/.local/lib/python3.7/site-packages/airflow/example_dags/example_xcom.py
[2024-04-20T06:01:42.560+0000] {processor.py:768} INFO - DAG(s) dict_keys(['example_xcom']) retrieved from /home/airflow/.local/lib/python3.7/site-packages/airflow/example_dags/example_xcom.py
[2024-04-20T06:01:42.594+0000] {logging_mixin.py:117} INFO - [2024-04-20T06:01:42.594+0000] {dag.py:2573} INFO - Sync 1 DAGs
[2024-04-20T06:01:42.615+0000] {logging_mixin.py:117} INFO - [2024-04-20T06:01:42.615+0000] {dag.py:3328} INFO - Setting next_dagrun for example_xcom to 2021-01-01T00:00:00+00:00, run_after=2021-01-01T00:00:00+00:00
[2024-04-20T06:01:42.636+0000] {processor.py:178} INFO - Processing /home/airflow/.local/lib/python3.7/site-packages/airflow/example_dags/example_xcom.py took 0.103 seconds
[2024-04-20T06:02:13.132+0000] {processor.py:156} INFO - Started process (PID=2646) to work on /home/airflow/.local/lib/python3.7/site-packages/airflow/example_dags/example_xcom.py
[2024-04-20T06:02:13.133+0000] {processor.py:758} INFO - Processing file /home/airflow/.local/lib/python3.7/site-packages/airflow/example_dags/example_xcom.py for tasks to queue
[2024-04-20T06:02:13.134+0000] {logging_mixin.py:117} INFO - [2024-04-20T06:02:13.133+0000] {dagbag.py:525} INFO - Filling up the DagBag from /home/airflow/.local/lib/python3.7/site-packages/airflow/example_dags/example_xcom.py
[2024-04-20T06:02:13.173+0000] {processor.py:768} INFO - DAG(s) dict_keys(['example_xcom']) retrieved from /home/airflow/.local/lib/python3.7/site-packages/airflow/example_dags/example_xcom.py
[2024-04-20T06:02:13.243+0000] {logging_mixin.py:117} INFO - [2024-04-20T06:02:13.243+0000] {dag.py:2573} INFO - Sync 1 DAGs
[2024-04-20T06:02:13.289+0000] {logging_mixin.py:117} INFO - [2024-04-20T06:02:13.289+0000] {dag.py:3328} INFO - Setting next_dagrun for example_xcom to 2021-01-01T00:00:00+00:00, run_after=2021-01-01T00:00:00+00:00
[2024-04-20T06:02:13.318+0000] {processor.py:178} INFO - Processing /home/airflow/.local/lib/python3.7/site-packages/airflow/example_dags/example_xcom.py took 0.191 seconds
[2024-04-20T06:02:43.584+0000] {processor.py:156} INFO - Started process (PID=2873) to work on /home/airflow/.local/lib/python3.7/site-packages/airflow/example_dags/example_xcom.py
[2024-04-20T06:02:43.585+0000] {processor.py:758} INFO - Processing file /home/airflow/.local/lib/python3.7/site-packages/airflow/example_dags/example_xcom.py for tasks to queue
[2024-04-20T06:02:43.585+0000] {logging_mixin.py:117} INFO - [2024-04-20T06:02:43.585+0000] {dagbag.py:525} INFO - Filling up the DagBag from /home/airflow/.local/lib/python3.7/site-packages/airflow/example_dags/example_xcom.py
[2024-04-20T06:02:43.613+0000] {processor.py:768} INFO - DAG(s) dict_keys(['example_xcom']) retrieved from /home/airflow/.local/lib/python3.7/site-packages/airflow/example_dags/example_xcom.py
[2024-04-20T06:02:43.647+0000] {logging_mixin.py:117} INFO - [2024-04-20T06:02:43.647+0000] {dag.py:2573} INFO - Sync 1 DAGs
[2024-04-20T06:02:43.671+0000] {logging_mixin.py:117} INFO - [2024-04-20T06:02:43.671+0000] {dag.py:3328} INFO - Setting next_dagrun for example_xcom to 2021-01-01T00:00:00+00:00, run_after=2021-01-01T00:00:00+00:00
[2024-04-20T06:02:43.697+0000] {processor.py:178} INFO - Processing /home/airflow/.local/lib/python3.7/site-packages/airflow/example_dags/example_xcom.py took 0.117 seconds
[2024-04-20T06:03:14.290+0000] {processor.py:156} INFO - Started process (PID=3100) to work on /home/airflow/.local/lib/python3.7/site-packages/airflow/example_dags/example_xcom.py
[2024-04-20T06:03:14.291+0000] {processor.py:758} INFO - Processing file /home/airflow/.local/lib/python3.7/site-packages/airflow/example_dags/example_xcom.py for tasks to queue
[2024-04-20T06:03:14.291+0000] {logging_mixin.py:117} INFO - [2024-04-20T06:03:14.291+0000] {dagbag.py:525} INFO - Filling up the DagBag from /home/airflow/.local/lib/python3.7/site-packages/airflow/example_dags/example_xcom.py
[2024-04-20T06:03:14.331+0000] {processor.py:768} INFO - DAG(s) dict_keys(['example_xcom']) retrieved from /home/airflow/.local/lib/python3.7/site-packages/airflow/example_dags/example_xcom.py
[2024-04-20T06:03:14.416+0000] {logging_mixin.py:117} INFO - [2024-04-20T06:03:14.416+0000] {dag.py:2573} INFO - Sync 1 DAGs
[2024-04-20T06:03:14.483+0000] {logging_mixin.py:117} INFO - [2024-04-20T06:03:14.481+0000] {dag.py:3328} INFO - Setting next_dagrun for example_xcom to 2021-01-01T00:00:00+00:00, run_after=2021-01-01T00:00:00+00:00
[2024-04-20T06:03:14.510+0000] {processor.py:178} INFO - Processing /home/airflow/.local/lib/python3.7/site-packages/airflow/example_dags/example_xcom.py took 0.223 seconds
[2024-04-20T06:03:44.583+0000] {processor.py:156} INFO - Started process (PID=3319) to work on /home/airflow/.local/lib/python3.7/site-packages/airflow/example_dags/example_xcom.py
[2024-04-20T06:03:44.585+0000] {processor.py:758} INFO - Processing file /home/airflow/.local/lib/python3.7/site-packages/airflow/example_dags/example_xcom.py for tasks to queue
[2024-04-20T06:03:44.586+0000] {logging_mixin.py:117} INFO - [2024-04-20T06:03:44.586+0000] {dagbag.py:525} INFO - Filling up the DagBag from /home/airflow/.local/lib/python3.7/site-packages/airflow/example_dags/example_xcom.py
[2024-04-20T06:03:44.643+0000] {processor.py:768} INFO - DAG(s) dict_keys(['example_xcom']) retrieved from /home/airflow/.local/lib/python3.7/site-packages/airflow/example_dags/example_xcom.py
[2024-04-20T06:03:44.681+0000] {logging_mixin.py:117} INFO - [2024-04-20T06:03:44.681+0000] {dag.py:2573} INFO - Sync 1 DAGs
[2024-04-20T06:03:44.701+0000] {logging_mixin.py:117} INFO - [2024-04-20T06:03:44.700+0000] {dag.py:3328} INFO - Setting next_dagrun for example_xcom to 2021-01-01T00:00:00+00:00, run_after=2021-01-01T00:00:00+00:00
[2024-04-20T06:03:44.723+0000] {processor.py:178} INFO - Processing /home/airflow/.local/lib/python3.7/site-packages/airflow/example_dags/example_xcom.py took 0.146 seconds
