[2024-04-20T05:31:41.672+0000] {processor.py:156} INFO - Started process (PID=217) to work on /home/airflow/.local/lib/python3.7/site-packages/airflow/example_dags/example_task_group.py
[2024-04-20T05:31:41.673+0000] {processor.py:758} INFO - Processing file /home/airflow/.local/lib/python3.7/site-packages/airflow/example_dags/example_task_group.py for tasks to queue
[2024-04-20T05:31:41.673+0000] {logging_mixin.py:117} INFO - [2024-04-20T05:31:41.673+0000] {dagbag.py:525} INFO - Filling up the DagBag from /home/airflow/.local/lib/python3.7/site-packages/airflow/example_dags/example_task_group.py
[2024-04-20T05:31:41.694+0000] {processor.py:768} INFO - DAG(s) dict_keys(['example_task_group']) retrieved from /home/airflow/.local/lib/python3.7/site-packages/airflow/example_dags/example_task_group.py
[2024-04-20T05:31:43.064+0000] {logging_mixin.py:117} INFO - [2024-04-20T05:31:43.064+0000] {manager.py:507} INFO - Created Permission View: can delete on DAG:example_task_group
[2024-04-20T05:31:43.126+0000] {logging_mixin.py:117} INFO - [2024-04-20T05:31:43.126+0000] {manager.py:507} INFO - Created Permission View: can edit on DAG:example_task_group
[2024-04-20T05:31:43.174+0000] {logging_mixin.py:117} INFO - [2024-04-20T05:31:43.174+0000] {manager.py:507} INFO - Created Permission View: can read on DAG:example_task_group
[2024-04-20T05:31:43.174+0000] {logging_mixin.py:117} INFO - [2024-04-20T05:31:43.174+0000] {dag.py:2573} INFO - Sync 1 DAGs
[2024-04-20T05:31:43.222+0000] {logging_mixin.py:117} INFO - [2024-04-20T05:31:43.222+0000] {dag.py:2594} INFO - Creating ORM DAG for example_task_group
[2024-04-20T05:31:43.295+0000] {logging_mixin.py:117} INFO - [2024-04-20T05:31:43.294+0000] {dag.py:3328} INFO - Setting next_dagrun for example_task_group to 2024-04-19T05:31:43.294630+00:00, run_after=2024-04-20T05:31:43.294630+00:00
[2024-04-20T05:31:43.382+0000] {processor.py:178} INFO - Processing /home/airflow/.local/lib/python3.7/site-packages/airflow/example_dags/example_task_group.py took 1.713 seconds
[2024-04-20T05:32:13.807+0000] {processor.py:156} INFO - Started process (PID=431) to work on /home/airflow/.local/lib/python3.7/site-packages/airflow/example_dags/example_task_group.py
[2024-04-20T05:32:13.808+0000] {processor.py:758} INFO - Processing file /home/airflow/.local/lib/python3.7/site-packages/airflow/example_dags/example_task_group.py for tasks to queue
[2024-04-20T05:32:13.808+0000] {logging_mixin.py:117} INFO - [2024-04-20T05:32:13.808+0000] {dagbag.py:525} INFO - Filling up the DagBag from /home/airflow/.local/lib/python3.7/site-packages/airflow/example_dags/example_task_group.py
[2024-04-20T05:32:13.830+0000] {processor.py:768} INFO - DAG(s) dict_keys(['example_task_group']) retrieved from /home/airflow/.local/lib/python3.7/site-packages/airflow/example_dags/example_task_group.py
[2024-04-20T05:32:13.864+0000] {logging_mixin.py:117} INFO - [2024-04-20T05:32:13.864+0000] {dag.py:2573} INFO - Sync 1 DAGs
[2024-04-20T05:32:13.883+0000] {logging_mixin.py:117} INFO - [2024-04-20T05:32:13.883+0000] {dag.py:3328} INFO - Setting next_dagrun for example_task_group to 2024-04-19T05:32:13.883493+00:00, run_after=2024-04-20T05:32:13.883493+00:00
[2024-04-20T05:32:14.020+0000] {processor.py:178} INFO - Processing /home/airflow/.local/lib/python3.7/site-packages/airflow/example_dags/example_task_group.py took 0.217 seconds
[2024-04-20T05:32:44.698+0000] {processor.py:156} INFO - Started process (PID=657) to work on /home/airflow/.local/lib/python3.7/site-packages/airflow/example_dags/example_task_group.py
[2024-04-20T05:32:44.702+0000] {processor.py:758} INFO - Processing file /home/airflow/.local/lib/python3.7/site-packages/airflow/example_dags/example_task_group.py for tasks to queue
[2024-04-20T05:32:44.703+0000] {logging_mixin.py:117} INFO - [2024-04-20T05:32:44.703+0000] {dagbag.py:525} INFO - Filling up the DagBag from /home/airflow/.local/lib/python3.7/site-packages/airflow/example_dags/example_task_group.py
[2024-04-20T05:32:44.795+0000] {processor.py:768} INFO - DAG(s) dict_keys(['example_task_group']) retrieved from /home/airflow/.local/lib/python3.7/site-packages/airflow/example_dags/example_task_group.py
[2024-04-20T05:32:44.897+0000] {logging_mixin.py:117} INFO - [2024-04-20T05:32:44.897+0000] {dag.py:2573} INFO - Sync 1 DAGs
[2024-04-20T05:32:45.282+0000] {logging_mixin.py:117} INFO - [2024-04-20T05:32:45.282+0000] {dag.py:3328} INFO - Setting next_dagrun for example_task_group to 2024-04-19T05:32:45.281971+00:00, run_after=2024-04-20T05:32:45.281971+00:00
[2024-04-20T05:32:45.340+0000] {processor.py:178} INFO - Processing /home/airflow/.local/lib/python3.7/site-packages/airflow/example_dags/example_task_group.py took 0.651 seconds
[2024-04-20T05:33:15.408+0000] {processor.py:156} INFO - Started process (PID=872) to work on /home/airflow/.local/lib/python3.7/site-packages/airflow/example_dags/example_task_group.py
[2024-04-20T05:33:15.409+0000] {processor.py:758} INFO - Processing file /home/airflow/.local/lib/python3.7/site-packages/airflow/example_dags/example_task_group.py for tasks to queue
[2024-04-20T05:33:15.409+0000] {logging_mixin.py:117} INFO - [2024-04-20T05:33:15.409+0000] {dagbag.py:525} INFO - Filling up the DagBag from /home/airflow/.local/lib/python3.7/site-packages/airflow/example_dags/example_task_group.py
[2024-04-20T05:33:15.465+0000] {processor.py:768} INFO - DAG(s) dict_keys(['example_task_group']) retrieved from /home/airflow/.local/lib/python3.7/site-packages/airflow/example_dags/example_task_group.py
[2024-04-20T05:33:15.731+0000] {logging_mixin.py:117} INFO - [2024-04-20T05:33:15.731+0000] {dag.py:2573} INFO - Sync 1 DAGs
[2024-04-20T05:33:15.761+0000] {logging_mixin.py:117} INFO - [2024-04-20T05:33:15.761+0000] {dag.py:3328} INFO - Setting next_dagrun for example_task_group to 2024-04-19T05:33:15.761487+00:00, run_after=2024-04-20T05:33:15.761487+00:00
[2024-04-20T05:33:15.785+0000] {processor.py:178} INFO - Processing /home/airflow/.local/lib/python3.7/site-packages/airflow/example_dags/example_task_group.py took 0.380 seconds
[2024-04-20T05:33:46.060+0000] {processor.py:156} INFO - Started process (PID=1089) to work on /home/airflow/.local/lib/python3.7/site-packages/airflow/example_dags/example_task_group.py
[2024-04-20T05:33:46.061+0000] {processor.py:758} INFO - Processing file /home/airflow/.local/lib/python3.7/site-packages/airflow/example_dags/example_task_group.py for tasks to queue
[2024-04-20T05:33:46.062+0000] {logging_mixin.py:117} INFO - [2024-04-20T05:33:46.062+0000] {dagbag.py:525} INFO - Filling up the DagBag from /home/airflow/.local/lib/python3.7/site-packages/airflow/example_dags/example_task_group.py
[2024-04-20T05:33:46.078+0000] {processor.py:768} INFO - DAG(s) dict_keys(['example_task_group']) retrieved from /home/airflow/.local/lib/python3.7/site-packages/airflow/example_dags/example_task_group.py
[2024-04-20T05:33:46.257+0000] {logging_mixin.py:117} INFO - [2024-04-20T05:33:46.257+0000] {dag.py:2573} INFO - Sync 1 DAGs
[2024-04-20T05:33:46.327+0000] {logging_mixin.py:117} INFO - [2024-04-20T05:33:46.326+0000] {dag.py:3328} INFO - Setting next_dagrun for example_task_group to 2024-04-19T05:33:46.326616+00:00, run_after=2024-04-20T05:33:46.326616+00:00
[2024-04-20T05:33:46.362+0000] {processor.py:178} INFO - Processing /home/airflow/.local/lib/python3.7/site-packages/airflow/example_dags/example_task_group.py took 0.305 seconds
[2024-04-20T05:34:17.233+0000] {processor.py:156} INFO - Started process (PID=1307) to work on /home/airflow/.local/lib/python3.7/site-packages/airflow/example_dags/example_task_group.py
[2024-04-20T05:34:17.254+0000] {processor.py:758} INFO - Processing file /home/airflow/.local/lib/python3.7/site-packages/airflow/example_dags/example_task_group.py for tasks to queue
[2024-04-20T05:34:17.254+0000] {logging_mixin.py:117} INFO - [2024-04-20T05:34:17.254+0000] {dagbag.py:525} INFO - Filling up the DagBag from /home/airflow/.local/lib/python3.7/site-packages/airflow/example_dags/example_task_group.py
[2024-04-20T05:34:17.355+0000] {processor.py:768} INFO - DAG(s) dict_keys(['example_task_group']) retrieved from /home/airflow/.local/lib/python3.7/site-packages/airflow/example_dags/example_task_group.py
[2024-04-20T05:34:18.010+0000] {logging_mixin.py:117} INFO - [2024-04-20T05:34:18.010+0000] {dag.py:2573} INFO - Sync 1 DAGs
[2024-04-20T05:34:18.087+0000] {logging_mixin.py:117} INFO - [2024-04-20T05:34:18.087+0000] {dag.py:3328} INFO - Setting next_dagrun for example_task_group to 2024-04-19T05:34:18.087380+00:00, run_after=2024-04-20T05:34:18.087380+00:00
[2024-04-20T05:34:18.202+0000] {processor.py:178} INFO - Processing /home/airflow/.local/lib/python3.7/site-packages/airflow/example_dags/example_task_group.py took 0.972 seconds
[2024-04-20T05:34:48.799+0000] {processor.py:156} INFO - Started process (PID=1516) to work on /home/airflow/.local/lib/python3.7/site-packages/airflow/example_dags/example_task_group.py
[2024-04-20T05:34:48.799+0000] {processor.py:758} INFO - Processing file /home/airflow/.local/lib/python3.7/site-packages/airflow/example_dags/example_task_group.py for tasks to queue
[2024-04-20T05:34:48.800+0000] {logging_mixin.py:117} INFO - [2024-04-20T05:34:48.800+0000] {dagbag.py:525} INFO - Filling up the DagBag from /home/airflow/.local/lib/python3.7/site-packages/airflow/example_dags/example_task_group.py
[2024-04-20T05:34:48.975+0000] {processor.py:768} INFO - DAG(s) dict_keys(['example_task_group']) retrieved from /home/airflow/.local/lib/python3.7/site-packages/airflow/example_dags/example_task_group.py
[2024-04-20T05:34:49.019+0000] {logging_mixin.py:117} INFO - [2024-04-20T05:34:49.019+0000] {dag.py:2573} INFO - Sync 1 DAGs
[2024-04-20T05:34:49.050+0000] {logging_mixin.py:117} INFO - [2024-04-20T05:34:49.050+0000] {dag.py:3328} INFO - Setting next_dagrun for example_task_group to 2024-04-19T05:34:49.049914+00:00, run_after=2024-04-20T05:34:49.049914+00:00
[2024-04-20T05:34:49.090+0000] {processor.py:178} INFO - Processing /home/airflow/.local/lib/python3.7/site-packages/airflow/example_dags/example_task_group.py took 0.294 seconds
[2024-04-20T05:35:19.539+0000] {processor.py:156} INFO - Started process (PID=1734) to work on /home/airflow/.local/lib/python3.7/site-packages/airflow/example_dags/example_task_group.py
[2024-04-20T05:35:19.540+0000] {processor.py:758} INFO - Processing file /home/airflow/.local/lib/python3.7/site-packages/airflow/example_dags/example_task_group.py for tasks to queue
[2024-04-20T05:35:19.540+0000] {logging_mixin.py:117} INFO - [2024-04-20T05:35:19.540+0000] {dagbag.py:525} INFO - Filling up the DagBag from /home/airflow/.local/lib/python3.7/site-packages/airflow/example_dags/example_task_group.py
[2024-04-20T05:35:19.579+0000] {processor.py:768} INFO - DAG(s) dict_keys(['example_task_group']) retrieved from /home/airflow/.local/lib/python3.7/site-packages/airflow/example_dags/example_task_group.py
[2024-04-20T05:35:19.693+0000] {logging_mixin.py:117} INFO - [2024-04-20T05:35:19.692+0000] {dag.py:2573} INFO - Sync 1 DAGs
[2024-04-20T05:35:19.762+0000] {logging_mixin.py:117} INFO - [2024-04-20T05:35:19.762+0000] {dag.py:3328} INFO - Setting next_dagrun for example_task_group to 2024-04-19T05:35:19.761703+00:00, run_after=2024-04-20T05:35:19.761703+00:00
[2024-04-20T05:35:19.796+0000] {processor.py:178} INFO - Processing /home/airflow/.local/lib/python3.7/site-packages/airflow/example_dags/example_task_group.py took 0.260 seconds
[2024-04-20T05:35:50.238+0000] {processor.py:156} INFO - Started process (PID=1942) to work on /home/airflow/.local/lib/python3.7/site-packages/airflow/example_dags/example_task_group.py
[2024-04-20T05:35:50.239+0000] {processor.py:758} INFO - Processing file /home/airflow/.local/lib/python3.7/site-packages/airflow/example_dags/example_task_group.py for tasks to queue
[2024-04-20T05:35:50.239+0000] {logging_mixin.py:117} INFO - [2024-04-20T05:35:50.239+0000] {dagbag.py:525} INFO - Filling up the DagBag from /home/airflow/.local/lib/python3.7/site-packages/airflow/example_dags/example_task_group.py
[2024-04-20T05:35:50.259+0000] {processor.py:768} INFO - DAG(s) dict_keys(['example_task_group']) retrieved from /home/airflow/.local/lib/python3.7/site-packages/airflow/example_dags/example_task_group.py
[2024-04-20T05:35:50.315+0000] {logging_mixin.py:117} INFO - [2024-04-20T05:35:50.315+0000] {dag.py:2573} INFO - Sync 1 DAGs
[2024-04-20T05:35:50.361+0000] {logging_mixin.py:117} INFO - [2024-04-20T05:35:50.361+0000] {dag.py:3328} INFO - Setting next_dagrun for example_task_group to 2024-04-19T05:35:50.350250+00:00, run_after=2024-04-20T05:35:50.350250+00:00
[2024-04-20T05:35:50.411+0000] {processor.py:178} INFO - Processing /home/airflow/.local/lib/python3.7/site-packages/airflow/example_dags/example_task_group.py took 0.177 seconds
[2024-04-20T05:36:20.473+0000] {processor.py:156} INFO - Started process (PID=2157) to work on /home/airflow/.local/lib/python3.7/site-packages/airflow/example_dags/example_task_group.py
[2024-04-20T05:36:20.474+0000] {processor.py:758} INFO - Processing file /home/airflow/.local/lib/python3.7/site-packages/airflow/example_dags/example_task_group.py for tasks to queue
[2024-04-20T05:36:20.474+0000] {logging_mixin.py:117} INFO - [2024-04-20T05:36:20.474+0000] {dagbag.py:525} INFO - Filling up the DagBag from /home/airflow/.local/lib/python3.7/site-packages/airflow/example_dags/example_task_group.py
[2024-04-20T05:36:20.513+0000] {processor.py:768} INFO - DAG(s) dict_keys(['example_task_group']) retrieved from /home/airflow/.local/lib/python3.7/site-packages/airflow/example_dags/example_task_group.py
[2024-04-20T05:36:20.619+0000] {logging_mixin.py:117} INFO - [2024-04-20T05:36:20.619+0000] {dag.py:2573} INFO - Sync 1 DAGs
[2024-04-20T05:36:20.666+0000] {logging_mixin.py:117} INFO - [2024-04-20T05:36:20.666+0000] {dag.py:3328} INFO - Setting next_dagrun for example_task_group to 2024-04-19T05:36:20.665898+00:00, run_after=2024-04-20T05:36:20.665898+00:00
[2024-04-20T05:36:20.692+0000] {processor.py:178} INFO - Processing /home/airflow/.local/lib/python3.7/site-packages/airflow/example_dags/example_task_group.py took 0.222 seconds
[2024-04-20T05:36:51.632+0000] {processor.py:156} INFO - Started process (PID=2401) to work on /home/airflow/.local/lib/python3.7/site-packages/airflow/example_dags/example_task_group.py
[2024-04-20T05:36:51.633+0000] {processor.py:758} INFO - Processing file /home/airflow/.local/lib/python3.7/site-packages/airflow/example_dags/example_task_group.py for tasks to queue
[2024-04-20T05:36:51.634+0000] {logging_mixin.py:117} INFO - [2024-04-20T05:36:51.633+0000] {dagbag.py:525} INFO - Filling up the DagBag from /home/airflow/.local/lib/python3.7/site-packages/airflow/example_dags/example_task_group.py
[2024-04-20T05:36:51.657+0000] {processor.py:768} INFO - DAG(s) dict_keys(['example_task_group']) retrieved from /home/airflow/.local/lib/python3.7/site-packages/airflow/example_dags/example_task_group.py
[2024-04-20T05:36:51.738+0000] {logging_mixin.py:117} INFO - [2024-04-20T05:36:51.738+0000] {dag.py:2573} INFO - Sync 1 DAGs
[2024-04-20T05:36:51.822+0000] {logging_mixin.py:117} INFO - [2024-04-20T05:36:51.821+0000] {dag.py:3328} INFO - Setting next_dagrun for example_task_group to 2024-04-19T05:36:51.820905+00:00, run_after=2024-04-20T05:36:51.820905+00:00
[2024-04-20T05:36:51.875+0000] {processor.py:178} INFO - Processing /home/airflow/.local/lib/python3.7/site-packages/airflow/example_dags/example_task_group.py took 0.246 seconds
[2024-04-20T05:37:22.158+0000] {processor.py:156} INFO - Started process (PID=2682) to work on /home/airflow/.local/lib/python3.7/site-packages/airflow/example_dags/example_task_group.py
[2024-04-20T05:37:22.167+0000] {processor.py:758} INFO - Processing file /home/airflow/.local/lib/python3.7/site-packages/airflow/example_dags/example_task_group.py for tasks to queue
[2024-04-20T05:37:22.171+0000] {logging_mixin.py:117} INFO - [2024-04-20T05:37:22.171+0000] {dagbag.py:525} INFO - Filling up the DagBag from /home/airflow/.local/lib/python3.7/site-packages/airflow/example_dags/example_task_group.py
[2024-04-20T05:37:22.340+0000] {processor.py:768} INFO - DAG(s) dict_keys(['example_task_group']) retrieved from /home/airflow/.local/lib/python3.7/site-packages/airflow/example_dags/example_task_group.py
[2024-04-20T05:37:22.398+0000] {logging_mixin.py:117} INFO - [2024-04-20T05:37:22.398+0000] {dag.py:2573} INFO - Sync 1 DAGs
[2024-04-20T05:37:22.443+0000] {logging_mixin.py:117} INFO - [2024-04-20T05:37:22.443+0000] {dag.py:3328} INFO - Setting next_dagrun for example_task_group to 2024-04-19T05:37:22.442834+00:00, run_after=2024-04-20T05:37:22.442834+00:00
[2024-04-20T05:37:22.472+0000] {processor.py:178} INFO - Processing /home/airflow/.local/lib/python3.7/site-packages/airflow/example_dags/example_task_group.py took 0.331 seconds
[2024-04-20T05:37:52.935+0000] {processor.py:156} INFO - Started process (PID=2918) to work on /home/airflow/.local/lib/python3.7/site-packages/airflow/example_dags/example_task_group.py
[2024-04-20T05:37:52.938+0000] {processor.py:758} INFO - Processing file /home/airflow/.local/lib/python3.7/site-packages/airflow/example_dags/example_task_group.py for tasks to queue
[2024-04-20T05:37:52.939+0000] {logging_mixin.py:117} INFO - [2024-04-20T05:37:52.939+0000] {dagbag.py:525} INFO - Filling up the DagBag from /home/airflow/.local/lib/python3.7/site-packages/airflow/example_dags/example_task_group.py
[2024-04-20T05:37:52.963+0000] {processor.py:768} INFO - DAG(s) dict_keys(['example_task_group']) retrieved from /home/airflow/.local/lib/python3.7/site-packages/airflow/example_dags/example_task_group.py
[2024-04-20T05:37:53.048+0000] {logging_mixin.py:117} INFO - [2024-04-20T05:37:53.048+0000] {dag.py:2573} INFO - Sync 1 DAGs
[2024-04-20T05:37:53.106+0000] {logging_mixin.py:117} INFO - [2024-04-20T05:37:53.105+0000] {dag.py:3328} INFO - Setting next_dagrun for example_task_group to 2024-04-19T05:37:53.105619+00:00, run_after=2024-04-20T05:37:53.105619+00:00
[2024-04-20T05:37:53.158+0000] {processor.py:178} INFO - Processing /home/airflow/.local/lib/python3.7/site-packages/airflow/example_dags/example_task_group.py took 0.226 seconds
[2024-04-20T05:38:23.332+0000] {processor.py:156} INFO - Started process (PID=3138) to work on /home/airflow/.local/lib/python3.7/site-packages/airflow/example_dags/example_task_group.py
[2024-04-20T05:38:23.333+0000] {processor.py:758} INFO - Processing file /home/airflow/.local/lib/python3.7/site-packages/airflow/example_dags/example_task_group.py for tasks to queue
[2024-04-20T05:38:23.334+0000] {logging_mixin.py:117} INFO - [2024-04-20T05:38:23.333+0000] {dagbag.py:525} INFO - Filling up the DagBag from /home/airflow/.local/lib/python3.7/site-packages/airflow/example_dags/example_task_group.py
[2024-04-20T05:38:23.357+0000] {processor.py:768} INFO - DAG(s) dict_keys(['example_task_group']) retrieved from /home/airflow/.local/lib/python3.7/site-packages/airflow/example_dags/example_task_group.py
[2024-04-20T05:38:23.406+0000] {logging_mixin.py:117} INFO - [2024-04-20T05:38:23.405+0000] {dag.py:2573} INFO - Sync 1 DAGs
[2024-04-20T05:38:23.435+0000] {logging_mixin.py:117} INFO - [2024-04-20T05:38:23.435+0000] {dag.py:3328} INFO - Setting next_dagrun for example_task_group to 2024-04-19T05:38:23.435209+00:00, run_after=2024-04-20T05:38:23.435209+00:00
[2024-04-20T05:38:23.465+0000] {processor.py:178} INFO - Processing /home/airflow/.local/lib/python3.7/site-packages/airflow/example_dags/example_task_group.py took 0.136 seconds
[2024-04-20T05:38:53.956+0000] {processor.py:156} INFO - Started process (PID=3366) to work on /home/airflow/.local/lib/python3.7/site-packages/airflow/example_dags/example_task_group.py
[2024-04-20T05:38:53.957+0000] {processor.py:758} INFO - Processing file /home/airflow/.local/lib/python3.7/site-packages/airflow/example_dags/example_task_group.py for tasks to queue
[2024-04-20T05:38:53.957+0000] {logging_mixin.py:117} INFO - [2024-04-20T05:38:53.957+0000] {dagbag.py:525} INFO - Filling up the DagBag from /home/airflow/.local/lib/python3.7/site-packages/airflow/example_dags/example_task_group.py
[2024-04-20T05:38:53.978+0000] {processor.py:768} INFO - DAG(s) dict_keys(['example_task_group']) retrieved from /home/airflow/.local/lib/python3.7/site-packages/airflow/example_dags/example_task_group.py
[2024-04-20T05:38:54.029+0000] {logging_mixin.py:117} INFO - [2024-04-20T05:38:54.028+0000] {dag.py:2573} INFO - Sync 1 DAGs
[2024-04-20T05:38:54.061+0000] {logging_mixin.py:117} INFO - [2024-04-20T05:38:54.061+0000] {dag.py:3328} INFO - Setting next_dagrun for example_task_group to 2024-04-19T05:38:54.061401+00:00, run_after=2024-04-20T05:38:54.061401+00:00
[2024-04-20T05:38:54.086+0000] {processor.py:178} INFO - Processing /home/airflow/.local/lib/python3.7/site-packages/airflow/example_dags/example_task_group.py took 0.133 seconds
[2024-04-20T05:39:24.501+0000] {processor.py:156} INFO - Started process (PID=3593) to work on /home/airflow/.local/lib/python3.7/site-packages/airflow/example_dags/example_task_group.py
[2024-04-20T05:39:24.501+0000] {processor.py:758} INFO - Processing file /home/airflow/.local/lib/python3.7/site-packages/airflow/example_dags/example_task_group.py for tasks to queue
[2024-04-20T05:39:24.502+0000] {logging_mixin.py:117} INFO - [2024-04-20T05:39:24.502+0000] {dagbag.py:525} INFO - Filling up the DagBag from /home/airflow/.local/lib/python3.7/site-packages/airflow/example_dags/example_task_group.py
[2024-04-20T05:39:24.546+0000] {processor.py:768} INFO - DAG(s) dict_keys(['example_task_group']) retrieved from /home/airflow/.local/lib/python3.7/site-packages/airflow/example_dags/example_task_group.py
[2024-04-20T05:39:24.601+0000] {logging_mixin.py:117} INFO - [2024-04-20T05:39:24.601+0000] {dag.py:2573} INFO - Sync 1 DAGs
[2024-04-20T05:39:24.633+0000] {logging_mixin.py:117} INFO - [2024-04-20T05:39:24.632+0000] {dag.py:3328} INFO - Setting next_dagrun for example_task_group to 2024-04-19T05:39:24.632604+00:00, run_after=2024-04-20T05:39:24.632604+00:00
[2024-04-20T05:39:24.671+0000] {processor.py:178} INFO - Processing /home/airflow/.local/lib/python3.7/site-packages/airflow/example_dags/example_task_group.py took 0.173 seconds
[2024-04-20T05:39:54.743+0000] {processor.py:156} INFO - Started process (PID=3836) to work on /home/airflow/.local/lib/python3.7/site-packages/airflow/example_dags/example_task_group.py
[2024-04-20T05:39:54.744+0000] {processor.py:758} INFO - Processing file /home/airflow/.local/lib/python3.7/site-packages/airflow/example_dags/example_task_group.py for tasks to queue
[2024-04-20T05:39:54.744+0000] {logging_mixin.py:117} INFO - [2024-04-20T05:39:54.744+0000] {dagbag.py:525} INFO - Filling up the DagBag from /home/airflow/.local/lib/python3.7/site-packages/airflow/example_dags/example_task_group.py
[2024-04-20T05:39:54.764+0000] {processor.py:768} INFO - DAG(s) dict_keys(['example_task_group']) retrieved from /home/airflow/.local/lib/python3.7/site-packages/airflow/example_dags/example_task_group.py
[2024-04-20T05:39:54.834+0000] {logging_mixin.py:117} INFO - [2024-04-20T05:39:54.834+0000] {dag.py:2573} INFO - Sync 1 DAGs
[2024-04-20T05:39:54.866+0000] {logging_mixin.py:117} INFO - [2024-04-20T05:39:54.866+0000] {dag.py:3328} INFO - Setting next_dagrun for example_task_group to 2024-04-19T05:39:54.866332+00:00, run_after=2024-04-20T05:39:54.866332+00:00
[2024-04-20T05:39:54.890+0000] {processor.py:178} INFO - Processing /home/airflow/.local/lib/python3.7/site-packages/airflow/example_dags/example_task_group.py took 0.150 seconds
[2024-04-20T05:40:25.052+0000] {processor.py:156} INFO - Started process (PID=4063) to work on /home/airflow/.local/lib/python3.7/site-packages/airflow/example_dags/example_task_group.py
[2024-04-20T05:40:25.053+0000] {processor.py:758} INFO - Processing file /home/airflow/.local/lib/python3.7/site-packages/airflow/example_dags/example_task_group.py for tasks to queue
[2024-04-20T05:40:25.053+0000] {logging_mixin.py:117} INFO - [2024-04-20T05:40:25.053+0000] {dagbag.py:525} INFO - Filling up the DagBag from /home/airflow/.local/lib/python3.7/site-packages/airflow/example_dags/example_task_group.py
[2024-04-20T05:40:25.091+0000] {processor.py:768} INFO - DAG(s) dict_keys(['example_task_group']) retrieved from /home/airflow/.local/lib/python3.7/site-packages/airflow/example_dags/example_task_group.py
[2024-04-20T05:40:25.162+0000] {logging_mixin.py:117} INFO - [2024-04-20T05:40:25.161+0000] {dag.py:2573} INFO - Sync 1 DAGs
[2024-04-20T05:40:25.220+0000] {logging_mixin.py:117} INFO - [2024-04-20T05:40:25.220+0000] {dag.py:3328} INFO - Setting next_dagrun for example_task_group to 2024-04-19T05:40:25.220394+00:00, run_after=2024-04-20T05:40:25.220394+00:00
[2024-04-20T05:40:25.276+0000] {processor.py:178} INFO - Processing /home/airflow/.local/lib/python3.7/site-packages/airflow/example_dags/example_task_group.py took 0.227 seconds
[2024-04-20T05:40:55.672+0000] {processor.py:156} INFO - Started process (PID=4285) to work on /home/airflow/.local/lib/python3.7/site-packages/airflow/example_dags/example_task_group.py
[2024-04-20T05:40:55.673+0000] {processor.py:758} INFO - Processing file /home/airflow/.local/lib/python3.7/site-packages/airflow/example_dags/example_task_group.py for tasks to queue
[2024-04-20T05:40:55.674+0000] {logging_mixin.py:117} INFO - [2024-04-20T05:40:55.673+0000] {dagbag.py:525} INFO - Filling up the DagBag from /home/airflow/.local/lib/python3.7/site-packages/airflow/example_dags/example_task_group.py
[2024-04-20T05:40:55.695+0000] {processor.py:768} INFO - DAG(s) dict_keys(['example_task_group']) retrieved from /home/airflow/.local/lib/python3.7/site-packages/airflow/example_dags/example_task_group.py
[2024-04-20T05:40:55.868+0000] {logging_mixin.py:117} INFO - [2024-04-20T05:40:55.868+0000] {dag.py:2573} INFO - Sync 1 DAGs
[2024-04-20T05:40:55.935+0000] {logging_mixin.py:117} INFO - [2024-04-20T05:40:55.934+0000] {dag.py:3328} INFO - Setting next_dagrun for example_task_group to 2024-04-19T05:40:55.934686+00:00, run_after=2024-04-20T05:40:55.934686+00:00
[2024-04-20T05:40:55.992+0000] {processor.py:178} INFO - Processing /home/airflow/.local/lib/python3.7/site-packages/airflow/example_dags/example_task_group.py took 0.324 seconds
[2024-04-20T05:41:26.678+0000] {processor.py:156} INFO - Started process (PID=4514) to work on /home/airflow/.local/lib/python3.7/site-packages/airflow/example_dags/example_task_group.py
[2024-04-20T05:41:26.679+0000] {processor.py:758} INFO - Processing file /home/airflow/.local/lib/python3.7/site-packages/airflow/example_dags/example_task_group.py for tasks to queue
[2024-04-20T05:41:26.679+0000] {logging_mixin.py:117} INFO - [2024-04-20T05:41:26.679+0000] {dagbag.py:525} INFO - Filling up the DagBag from /home/airflow/.local/lib/python3.7/site-packages/airflow/example_dags/example_task_group.py
[2024-04-20T05:41:26.699+0000] {processor.py:768} INFO - DAG(s) dict_keys(['example_task_group']) retrieved from /home/airflow/.local/lib/python3.7/site-packages/airflow/example_dags/example_task_group.py
[2024-04-20T05:41:26.753+0000] {logging_mixin.py:117} INFO - [2024-04-20T05:41:26.753+0000] {dag.py:2573} INFO - Sync 1 DAGs
[2024-04-20T05:41:26.785+0000] {logging_mixin.py:117} INFO - [2024-04-20T05:41:26.785+0000] {dag.py:3328} INFO - Setting next_dagrun for example_task_group to 2024-04-19T05:41:26.785307+00:00, run_after=2024-04-20T05:41:26.785307+00:00
[2024-04-20T05:41:26.811+0000] {processor.py:178} INFO - Processing /home/airflow/.local/lib/python3.7/site-packages/airflow/example_dags/example_task_group.py took 0.136 seconds
[2024-04-20T05:41:57.456+0000] {processor.py:156} INFO - Started process (PID=4741) to work on /home/airflow/.local/lib/python3.7/site-packages/airflow/example_dags/example_task_group.py
[2024-04-20T05:41:57.456+0000] {processor.py:758} INFO - Processing file /home/airflow/.local/lib/python3.7/site-packages/airflow/example_dags/example_task_group.py for tasks to queue
[2024-04-20T05:41:57.457+0000] {logging_mixin.py:117} INFO - [2024-04-20T05:41:57.457+0000] {dagbag.py:525} INFO - Filling up the DagBag from /home/airflow/.local/lib/python3.7/site-packages/airflow/example_dags/example_task_group.py
[2024-04-20T05:41:57.477+0000] {processor.py:768} INFO - DAG(s) dict_keys(['example_task_group']) retrieved from /home/airflow/.local/lib/python3.7/site-packages/airflow/example_dags/example_task_group.py
[2024-04-20T05:41:57.531+0000] {logging_mixin.py:117} INFO - [2024-04-20T05:41:57.530+0000] {dag.py:2573} INFO - Sync 1 DAGs
[2024-04-20T05:41:57.560+0000] {logging_mixin.py:117} INFO - [2024-04-20T05:41:57.560+0000] {dag.py:3328} INFO - Setting next_dagrun for example_task_group to 2024-04-19T05:41:57.560279+00:00, run_after=2024-04-20T05:41:57.560279+00:00
[2024-04-20T05:41:57.595+0000] {processor.py:178} INFO - Processing /home/airflow/.local/lib/python3.7/site-packages/airflow/example_dags/example_task_group.py took 0.143 seconds
[2024-04-20T05:42:27.669+0000] {processor.py:156} INFO - Started process (PID=4998) to work on /home/airflow/.local/lib/python3.7/site-packages/airflow/example_dags/example_task_group.py
[2024-04-20T05:42:27.670+0000] {processor.py:758} INFO - Processing file /home/airflow/.local/lib/python3.7/site-packages/airflow/example_dags/example_task_group.py for tasks to queue
[2024-04-20T05:42:27.670+0000] {logging_mixin.py:117} INFO - [2024-04-20T05:42:27.670+0000] {dagbag.py:525} INFO - Filling up the DagBag from /home/airflow/.local/lib/python3.7/site-packages/airflow/example_dags/example_task_group.py
[2024-04-20T05:42:27.712+0000] {processor.py:768} INFO - DAG(s) dict_keys(['example_task_group']) retrieved from /home/airflow/.local/lib/python3.7/site-packages/airflow/example_dags/example_task_group.py
[2024-04-20T05:42:27.782+0000] {logging_mixin.py:117} INFO - [2024-04-20T05:42:27.781+0000] {dag.py:2573} INFO - Sync 1 DAGs
[2024-04-20T05:42:27.852+0000] {logging_mixin.py:117} INFO - [2024-04-20T05:42:27.851+0000] {dag.py:3328} INFO - Setting next_dagrun for example_task_group to 2024-04-19T05:42:27.851602+00:00, run_after=2024-04-20T05:42:27.851602+00:00
[2024-04-20T05:42:27.890+0000] {processor.py:178} INFO - Processing /home/airflow/.local/lib/python3.7/site-packages/airflow/example_dags/example_task_group.py took 0.227 seconds
[2024-04-20T05:42:58.332+0000] {processor.py:156} INFO - Started process (PID=5233) to work on /home/airflow/.local/lib/python3.7/site-packages/airflow/example_dags/example_task_group.py
[2024-04-20T05:42:58.333+0000] {processor.py:758} INFO - Processing file /home/airflow/.local/lib/python3.7/site-packages/airflow/example_dags/example_task_group.py for tasks to queue
[2024-04-20T05:42:58.333+0000] {logging_mixin.py:117} INFO - [2024-04-20T05:42:58.333+0000] {dagbag.py:525} INFO - Filling up the DagBag from /home/airflow/.local/lib/python3.7/site-packages/airflow/example_dags/example_task_group.py
[2024-04-20T05:42:58.358+0000] {processor.py:768} INFO - DAG(s) dict_keys(['example_task_group']) retrieved from /home/airflow/.local/lib/python3.7/site-packages/airflow/example_dags/example_task_group.py
[2024-04-20T05:42:58.405+0000] {logging_mixin.py:117} INFO - [2024-04-20T05:42:58.405+0000] {dag.py:2573} INFO - Sync 1 DAGs
[2024-04-20T05:42:58.436+0000] {logging_mixin.py:117} INFO - [2024-04-20T05:42:58.436+0000] {dag.py:3328} INFO - Setting next_dagrun for example_task_group to 2024-04-19T05:42:58.436174+00:00, run_after=2024-04-20T05:42:58.436174+00:00
[2024-04-20T05:42:58.461+0000] {processor.py:178} INFO - Processing /home/airflow/.local/lib/python3.7/site-packages/airflow/example_dags/example_task_group.py took 0.132 seconds
[2024-04-20T05:43:28.759+0000] {processor.py:156} INFO - Started process (PID=5507) to work on /home/airflow/.local/lib/python3.7/site-packages/airflow/example_dags/example_task_group.py
[2024-04-20T05:43:28.759+0000] {processor.py:758} INFO - Processing file /home/airflow/.local/lib/python3.7/site-packages/airflow/example_dags/example_task_group.py for tasks to queue
[2024-04-20T05:43:28.760+0000] {logging_mixin.py:117} INFO - [2024-04-20T05:43:28.760+0000] {dagbag.py:525} INFO - Filling up the DagBag from /home/airflow/.local/lib/python3.7/site-packages/airflow/example_dags/example_task_group.py
[2024-04-20T05:43:28.780+0000] {processor.py:768} INFO - DAG(s) dict_keys(['example_task_group']) retrieved from /home/airflow/.local/lib/python3.7/site-packages/airflow/example_dags/example_task_group.py
[2024-04-20T05:43:28.829+0000] {logging_mixin.py:117} INFO - [2024-04-20T05:43:28.829+0000] {dag.py:2573} INFO - Sync 1 DAGs
[2024-04-20T05:43:28.861+0000] {logging_mixin.py:117} INFO - [2024-04-20T05:43:28.861+0000] {dag.py:3328} INFO - Setting next_dagrun for example_task_group to 2024-04-19T05:43:28.860906+00:00, run_after=2024-04-20T05:43:28.860906+00:00
[2024-04-20T05:43:28.884+0000] {processor.py:178} INFO - Processing /home/airflow/.local/lib/python3.7/site-packages/airflow/example_dags/example_task_group.py took 0.128 seconds
[2024-04-20T05:43:59.177+0000] {processor.py:156} INFO - Started process (PID=5732) to work on /home/airflow/.local/lib/python3.7/site-packages/airflow/example_dags/example_task_group.py
[2024-04-20T05:43:59.182+0000] {processor.py:758} INFO - Processing file /home/airflow/.local/lib/python3.7/site-packages/airflow/example_dags/example_task_group.py for tasks to queue
[2024-04-20T05:43:59.187+0000] {logging_mixin.py:117} INFO - [2024-04-20T05:43:59.187+0000] {dagbag.py:525} INFO - Filling up the DagBag from /home/airflow/.local/lib/python3.7/site-packages/airflow/example_dags/example_task_group.py
[2024-04-20T05:43:59.233+0000] {processor.py:768} INFO - DAG(s) dict_keys(['example_task_group']) retrieved from /home/airflow/.local/lib/python3.7/site-packages/airflow/example_dags/example_task_group.py
[2024-04-20T05:43:59.391+0000] {logging_mixin.py:117} INFO - [2024-04-20T05:43:59.390+0000] {dag.py:2573} INFO - Sync 1 DAGs
[2024-04-20T05:43:59.505+0000] {logging_mixin.py:117} INFO - [2024-04-20T05:43:59.505+0000] {dag.py:3328} INFO - Setting next_dagrun for example_task_group to 2024-04-19T05:43:59.504501+00:00, run_after=2024-04-20T05:43:59.504501+00:00
[2024-04-20T05:43:59.595+0000] {processor.py:178} INFO - Processing /home/airflow/.local/lib/python3.7/site-packages/airflow/example_dags/example_task_group.py took 0.422 seconds
[2024-04-20T05:44:30.383+0000] {processor.py:156} INFO - Started process (PID=5978) to work on /home/airflow/.local/lib/python3.7/site-packages/airflow/example_dags/example_task_group.py
[2024-04-20T05:44:30.392+0000] {processor.py:758} INFO - Processing file /home/airflow/.local/lib/python3.7/site-packages/airflow/example_dags/example_task_group.py for tasks to queue
[2024-04-20T05:44:30.392+0000] {logging_mixin.py:117} INFO - [2024-04-20T05:44:30.392+0000] {dagbag.py:525} INFO - Filling up the DagBag from /home/airflow/.local/lib/python3.7/site-packages/airflow/example_dags/example_task_group.py
[2024-04-20T05:44:30.414+0000] {processor.py:768} INFO - DAG(s) dict_keys(['example_task_group']) retrieved from /home/airflow/.local/lib/python3.7/site-packages/airflow/example_dags/example_task_group.py
[2024-04-20T05:44:30.463+0000] {logging_mixin.py:117} INFO - [2024-04-20T05:44:30.463+0000] {dag.py:2573} INFO - Sync 1 DAGs
[2024-04-20T05:44:30.495+0000] {logging_mixin.py:117} INFO - [2024-04-20T05:44:30.495+0000] {dag.py:3328} INFO - Setting next_dagrun for example_task_group to 2024-04-19T05:44:30.495041+00:00, run_after=2024-04-20T05:44:30.495041+00:00
[2024-04-20T05:44:30.519+0000] {processor.py:178} INFO - Processing /home/airflow/.local/lib/python3.7/site-packages/airflow/example_dags/example_task_group.py took 0.144 seconds
[2024-04-20T05:45:01.544+0000] {processor.py:156} INFO - Started process (PID=6247) to work on /home/airflow/.local/lib/python3.7/site-packages/airflow/example_dags/example_task_group.py
[2024-04-20T05:45:01.545+0000] {processor.py:758} INFO - Processing file /home/airflow/.local/lib/python3.7/site-packages/airflow/example_dags/example_task_group.py for tasks to queue
[2024-04-20T05:45:01.554+0000] {logging_mixin.py:117} INFO - [2024-04-20T05:45:01.554+0000] {dagbag.py:525} INFO - Filling up the DagBag from /home/airflow/.local/lib/python3.7/site-packages/airflow/example_dags/example_task_group.py
[2024-04-20T05:45:01.592+0000] {processor.py:768} INFO - DAG(s) dict_keys(['example_task_group']) retrieved from /home/airflow/.local/lib/python3.7/site-packages/airflow/example_dags/example_task_group.py
[2024-04-20T05:45:01.685+0000] {logging_mixin.py:117} INFO - [2024-04-20T05:45:01.685+0000] {dag.py:2573} INFO - Sync 1 DAGs
[2024-04-20T05:45:01.732+0000] {logging_mixin.py:117} INFO - [2024-04-20T05:45:01.732+0000] {dag.py:3328} INFO - Setting next_dagrun for example_task_group to 2024-04-19T05:45:01.732206+00:00, run_after=2024-04-20T05:45:01.732206+00:00
[2024-04-20T05:45:01.775+0000] {processor.py:178} INFO - Processing /home/airflow/.local/lib/python3.7/site-packages/airflow/example_dags/example_task_group.py took 0.248 seconds
[2024-04-20T05:45:31.874+0000] {processor.py:156} INFO - Started process (PID=6499) to work on /home/airflow/.local/lib/python3.7/site-packages/airflow/example_dags/example_task_group.py
[2024-04-20T05:45:31.874+0000] {processor.py:758} INFO - Processing file /home/airflow/.local/lib/python3.7/site-packages/airflow/example_dags/example_task_group.py for tasks to queue
[2024-04-20T05:45:31.875+0000] {logging_mixin.py:117} INFO - [2024-04-20T05:45:31.875+0000] {dagbag.py:525} INFO - Filling up the DagBag from /home/airflow/.local/lib/python3.7/site-packages/airflow/example_dags/example_task_group.py
[2024-04-20T05:45:31.909+0000] {processor.py:768} INFO - DAG(s) dict_keys(['example_task_group']) retrieved from /home/airflow/.local/lib/python3.7/site-packages/airflow/example_dags/example_task_group.py
[2024-04-20T05:45:31.948+0000] {logging_mixin.py:117} INFO - [2024-04-20T05:45:31.948+0000] {dag.py:2573} INFO - Sync 1 DAGs
[2024-04-20T05:45:31.967+0000] {logging_mixin.py:117} INFO - [2024-04-20T05:45:31.967+0000] {dag.py:3328} INFO - Setting next_dagrun for example_task_group to 2024-04-19T05:45:31.967590+00:00, run_after=2024-04-20T05:45:31.967590+00:00
[2024-04-20T05:45:31.988+0000] {processor.py:178} INFO - Processing /home/airflow/.local/lib/python3.7/site-packages/airflow/example_dags/example_task_group.py took 0.120 seconds
[2024-04-20T05:46:02.116+0000] {processor.py:156} INFO - Started process (PID=6776) to work on /home/airflow/.local/lib/python3.7/site-packages/airflow/example_dags/example_task_group.py
[2024-04-20T05:46:02.117+0000] {processor.py:758} INFO - Processing file /home/airflow/.local/lib/python3.7/site-packages/airflow/example_dags/example_task_group.py for tasks to queue
[2024-04-20T05:46:02.119+0000] {logging_mixin.py:117} INFO - [2024-04-20T05:46:02.118+0000] {dagbag.py:525} INFO - Filling up the DagBag from /home/airflow/.local/lib/python3.7/site-packages/airflow/example_dags/example_task_group.py
[2024-04-20T05:46:02.138+0000] {processor.py:768} INFO - DAG(s) dict_keys(['example_task_group']) retrieved from /home/airflow/.local/lib/python3.7/site-packages/airflow/example_dags/example_task_group.py
[2024-04-20T05:46:02.176+0000] {logging_mixin.py:117} INFO - [2024-04-20T05:46:02.175+0000] {dag.py:2573} INFO - Sync 1 DAGs
[2024-04-20T05:46:02.195+0000] {logging_mixin.py:117} INFO - [2024-04-20T05:46:02.195+0000] {dag.py:3328} INFO - Setting next_dagrun for example_task_group to 2024-04-19T05:46:02.195654+00:00, run_after=2024-04-20T05:46:02.195654+00:00
[2024-04-20T05:46:02.218+0000] {processor.py:178} INFO - Processing /home/airflow/.local/lib/python3.7/site-packages/airflow/example_dags/example_task_group.py took 0.105 seconds
[2024-04-20T05:46:32.963+0000] {processor.py:156} INFO - Started process (PID=7012) to work on /home/airflow/.local/lib/python3.7/site-packages/airflow/example_dags/example_task_group.py
[2024-04-20T05:46:32.964+0000] {processor.py:758} INFO - Processing file /home/airflow/.local/lib/python3.7/site-packages/airflow/example_dags/example_task_group.py for tasks to queue
[2024-04-20T05:46:32.964+0000] {logging_mixin.py:117} INFO - [2024-04-20T05:46:32.964+0000] {dagbag.py:525} INFO - Filling up the DagBag from /home/airflow/.local/lib/python3.7/site-packages/airflow/example_dags/example_task_group.py
[2024-04-20T05:46:32.977+0000] {processor.py:768} INFO - DAG(s) dict_keys(['example_task_group']) retrieved from /home/airflow/.local/lib/python3.7/site-packages/airflow/example_dags/example_task_group.py
[2024-04-20T05:46:33.012+0000] {logging_mixin.py:117} INFO - [2024-04-20T05:46:33.011+0000] {dag.py:2573} INFO - Sync 1 DAGs
[2024-04-20T05:46:33.032+0000] {logging_mixin.py:117} INFO - [2024-04-20T05:46:33.032+0000] {dag.py:3328} INFO - Setting next_dagrun for example_task_group to 2024-04-19T05:46:33.032463+00:00, run_after=2024-04-20T05:46:33.032463+00:00
[2024-04-20T05:46:33.051+0000] {processor.py:178} INFO - Processing /home/airflow/.local/lib/python3.7/site-packages/airflow/example_dags/example_task_group.py took 0.092 seconds
[2024-04-20T05:47:03.478+0000] {processor.py:156} INFO - Started process (PID=7265) to work on /home/airflow/.local/lib/python3.7/site-packages/airflow/example_dags/example_task_group.py
[2024-04-20T05:47:03.478+0000] {processor.py:758} INFO - Processing file /home/airflow/.local/lib/python3.7/site-packages/airflow/example_dags/example_task_group.py for tasks to queue
[2024-04-20T05:47:03.479+0000] {logging_mixin.py:117} INFO - [2024-04-20T05:47:03.479+0000] {dagbag.py:525} INFO - Filling up the DagBag from /home/airflow/.local/lib/python3.7/site-packages/airflow/example_dags/example_task_group.py
[2024-04-20T05:47:03.492+0000] {processor.py:768} INFO - DAG(s) dict_keys(['example_task_group']) retrieved from /home/airflow/.local/lib/python3.7/site-packages/airflow/example_dags/example_task_group.py
[2024-04-20T05:47:03.527+0000] {logging_mixin.py:117} INFO - [2024-04-20T05:47:03.527+0000] {dag.py:2573} INFO - Sync 1 DAGs
[2024-04-20T05:47:03.547+0000] {logging_mixin.py:117} INFO - [2024-04-20T05:47:03.547+0000] {dag.py:3328} INFO - Setting next_dagrun for example_task_group to 2024-04-19T05:47:03.547253+00:00, run_after=2024-04-20T05:47:03.547253+00:00
[2024-04-20T05:47:03.567+0000] {processor.py:178} INFO - Processing /home/airflow/.local/lib/python3.7/site-packages/airflow/example_dags/example_task_group.py took 0.092 seconds
[2024-04-20T05:47:33.721+0000] {processor.py:156} INFO - Started process (PID=7527) to work on /home/airflow/.local/lib/python3.7/site-packages/airflow/example_dags/example_task_group.py
[2024-04-20T05:47:33.721+0000] {processor.py:758} INFO - Processing file /home/airflow/.local/lib/python3.7/site-packages/airflow/example_dags/example_task_group.py for tasks to queue
[2024-04-20T05:47:33.722+0000] {logging_mixin.py:117} INFO - [2024-04-20T05:47:33.722+0000] {dagbag.py:525} INFO - Filling up the DagBag from /home/airflow/.local/lib/python3.7/site-packages/airflow/example_dags/example_task_group.py
[2024-04-20T05:47:33.738+0000] {processor.py:768} INFO - DAG(s) dict_keys(['example_task_group']) retrieved from /home/airflow/.local/lib/python3.7/site-packages/airflow/example_dags/example_task_group.py
[2024-04-20T05:47:33.777+0000] {logging_mixin.py:117} INFO - [2024-04-20T05:47:33.777+0000] {dag.py:2573} INFO - Sync 1 DAGs
[2024-04-20T05:47:33.798+0000] {logging_mixin.py:117} INFO - [2024-04-20T05:47:33.797+0000] {dag.py:3328} INFO - Setting next_dagrun for example_task_group to 2024-04-19T05:47:33.797696+00:00, run_after=2024-04-20T05:47:33.797696+00:00
[2024-04-20T05:47:33.817+0000] {processor.py:178} INFO - Processing /home/airflow/.local/lib/python3.7/site-packages/airflow/example_dags/example_task_group.py took 0.099 seconds
[2024-04-20T05:48:04.100+0000] {processor.py:156} INFO - Started process (PID=7772) to work on /home/airflow/.local/lib/python3.7/site-packages/airflow/example_dags/example_task_group.py
[2024-04-20T05:48:04.100+0000] {processor.py:758} INFO - Processing file /home/airflow/.local/lib/python3.7/site-packages/airflow/example_dags/example_task_group.py for tasks to queue
[2024-04-20T05:48:04.101+0000] {logging_mixin.py:117} INFO - [2024-04-20T05:48:04.101+0000] {dagbag.py:525} INFO - Filling up the DagBag from /home/airflow/.local/lib/python3.7/site-packages/airflow/example_dags/example_task_group.py
[2024-04-20T05:48:04.116+0000] {processor.py:768} INFO - DAG(s) dict_keys(['example_task_group']) retrieved from /home/airflow/.local/lib/python3.7/site-packages/airflow/example_dags/example_task_group.py
[2024-04-20T05:48:04.150+0000] {logging_mixin.py:117} INFO - [2024-04-20T05:48:04.150+0000] {dag.py:2573} INFO - Sync 1 DAGs
[2024-04-20T05:48:04.170+0000] {logging_mixin.py:117} INFO - [2024-04-20T05:48:04.170+0000] {dag.py:3328} INFO - Setting next_dagrun for example_task_group to 2024-04-19T05:48:04.170438+00:00, run_after=2024-04-20T05:48:04.170438+00:00
[2024-04-20T05:48:04.189+0000] {processor.py:178} INFO - Processing /home/airflow/.local/lib/python3.7/site-packages/airflow/example_dags/example_task_group.py took 0.091 seconds
[2024-04-20T05:48:34.873+0000] {processor.py:156} INFO - Started process (PID=8010) to work on /home/airflow/.local/lib/python3.7/site-packages/airflow/example_dags/example_task_group.py
[2024-04-20T05:48:34.873+0000] {processor.py:758} INFO - Processing file /home/airflow/.local/lib/python3.7/site-packages/airflow/example_dags/example_task_group.py for tasks to queue
[2024-04-20T05:48:34.873+0000] {logging_mixin.py:117} INFO - [2024-04-20T05:48:34.873+0000] {dagbag.py:525} INFO - Filling up the DagBag from /home/airflow/.local/lib/python3.7/site-packages/airflow/example_dags/example_task_group.py
[2024-04-20T05:48:34.887+0000] {processor.py:768} INFO - DAG(s) dict_keys(['example_task_group']) retrieved from /home/airflow/.local/lib/python3.7/site-packages/airflow/example_dags/example_task_group.py
[2024-04-20T05:48:34.921+0000] {logging_mixin.py:117} INFO - [2024-04-20T05:48:34.921+0000] {dag.py:2573} INFO - Sync 1 DAGs
[2024-04-20T05:48:34.943+0000] {logging_mixin.py:117} INFO - [2024-04-20T05:48:34.943+0000] {dag.py:3328} INFO - Setting next_dagrun for example_task_group to 2024-04-19T05:48:34.942939+00:00, run_after=2024-04-20T05:48:34.942939+00:00
[2024-04-20T05:48:34.963+0000] {processor.py:178} INFO - Processing /home/airflow/.local/lib/python3.7/site-packages/airflow/example_dags/example_task_group.py took 0.093 seconds
[2024-04-20T05:49:05.206+0000] {processor.py:156} INFO - Started process (PID=8249) to work on /home/airflow/.local/lib/python3.7/site-packages/airflow/example_dags/example_task_group.py
[2024-04-20T05:49:05.207+0000] {processor.py:758} INFO - Processing file /home/airflow/.local/lib/python3.7/site-packages/airflow/example_dags/example_task_group.py for tasks to queue
[2024-04-20T05:49:05.207+0000] {logging_mixin.py:117} INFO - [2024-04-20T05:49:05.207+0000] {dagbag.py:525} INFO - Filling up the DagBag from /home/airflow/.local/lib/python3.7/site-packages/airflow/example_dags/example_task_group.py
[2024-04-20T05:49:05.222+0000] {processor.py:768} INFO - DAG(s) dict_keys(['example_task_group']) retrieved from /home/airflow/.local/lib/python3.7/site-packages/airflow/example_dags/example_task_group.py
[2024-04-20T05:49:05.258+0000] {logging_mixin.py:117} INFO - [2024-04-20T05:49:05.258+0000] {dag.py:2573} INFO - Sync 1 DAGs
[2024-04-20T05:49:05.277+0000] {logging_mixin.py:117} INFO - [2024-04-20T05:49:05.277+0000] {dag.py:3328} INFO - Setting next_dagrun for example_task_group to 2024-04-19T05:49:05.277194+00:00, run_after=2024-04-20T05:49:05.277194+00:00
[2024-04-20T05:49:05.298+0000] {processor.py:178} INFO - Processing /home/airflow/.local/lib/python3.7/site-packages/airflow/example_dags/example_task_group.py took 0.095 seconds
[2024-04-20T05:49:35.332+0000] {processor.py:156} INFO - Started process (PID=8468) to work on /home/airflow/.local/lib/python3.7/site-packages/airflow/example_dags/example_task_group.py
[2024-04-20T05:49:35.333+0000] {processor.py:758} INFO - Processing file /home/airflow/.local/lib/python3.7/site-packages/airflow/example_dags/example_task_group.py for tasks to queue
[2024-04-20T05:49:35.333+0000] {logging_mixin.py:117} INFO - [2024-04-20T05:49:35.333+0000] {dagbag.py:525} INFO - Filling up the DagBag from /home/airflow/.local/lib/python3.7/site-packages/airflow/example_dags/example_task_group.py
[2024-04-20T05:49:35.348+0000] {processor.py:768} INFO - DAG(s) dict_keys(['example_task_group']) retrieved from /home/airflow/.local/lib/python3.7/site-packages/airflow/example_dags/example_task_group.py
[2024-04-20T05:49:35.384+0000] {logging_mixin.py:117} INFO - [2024-04-20T05:49:35.384+0000] {dag.py:2573} INFO - Sync 1 DAGs
[2024-04-20T05:49:35.404+0000] {logging_mixin.py:117} INFO - [2024-04-20T05:49:35.404+0000] {dag.py:3328} INFO - Setting next_dagrun for example_task_group to 2024-04-19T05:49:35.404151+00:00, run_after=2024-04-20T05:49:35.404151+00:00
[2024-04-20T05:49:35.423+0000] {processor.py:178} INFO - Processing /home/airflow/.local/lib/python3.7/site-packages/airflow/example_dags/example_task_group.py took 0.093 seconds
[2024-04-20T05:50:05.950+0000] {processor.py:156} INFO - Started process (PID=8728) to work on /home/airflow/.local/lib/python3.7/site-packages/airflow/example_dags/example_task_group.py
[2024-04-20T05:50:05.950+0000] {processor.py:758} INFO - Processing file /home/airflow/.local/lib/python3.7/site-packages/airflow/example_dags/example_task_group.py for tasks to queue
[2024-04-20T05:50:05.951+0000] {logging_mixin.py:117} INFO - [2024-04-20T05:50:05.951+0000] {dagbag.py:525} INFO - Filling up the DagBag from /home/airflow/.local/lib/python3.7/site-packages/airflow/example_dags/example_task_group.py
[2024-04-20T05:50:05.964+0000] {processor.py:768} INFO - DAG(s) dict_keys(['example_task_group']) retrieved from /home/airflow/.local/lib/python3.7/site-packages/airflow/example_dags/example_task_group.py
[2024-04-20T05:50:05.998+0000] {logging_mixin.py:117} INFO - [2024-04-20T05:50:05.998+0000] {dag.py:2573} INFO - Sync 1 DAGs
[2024-04-20T05:50:06.019+0000] {logging_mixin.py:117} INFO - [2024-04-20T05:50:06.019+0000] {dag.py:3328} INFO - Setting next_dagrun for example_task_group to 2024-04-19T05:50:06.018859+00:00, run_after=2024-04-20T05:50:06.018859+00:00
[2024-04-20T05:50:06.038+0000] {processor.py:178} INFO - Processing /home/airflow/.local/lib/python3.7/site-packages/airflow/example_dags/example_task_group.py took 0.091 seconds
[2024-04-20T05:50:36.560+0000] {processor.py:156} INFO - Started process (PID=8956) to work on /home/airflow/.local/lib/python3.7/site-packages/airflow/example_dags/example_task_group.py
[2024-04-20T05:50:36.560+0000] {processor.py:758} INFO - Processing file /home/airflow/.local/lib/python3.7/site-packages/airflow/example_dags/example_task_group.py for tasks to queue
[2024-04-20T05:50:36.561+0000] {logging_mixin.py:117} INFO - [2024-04-20T05:50:36.560+0000] {dagbag.py:525} INFO - Filling up the DagBag from /home/airflow/.local/lib/python3.7/site-packages/airflow/example_dags/example_task_group.py
[2024-04-20T05:50:36.574+0000] {processor.py:768} INFO - DAG(s) dict_keys(['example_task_group']) retrieved from /home/airflow/.local/lib/python3.7/site-packages/airflow/example_dags/example_task_group.py
[2024-04-20T05:50:36.608+0000] {logging_mixin.py:117} INFO - [2024-04-20T05:50:36.608+0000] {dag.py:2573} INFO - Sync 1 DAGs
[2024-04-20T05:50:36.628+0000] {logging_mixin.py:117} INFO - [2024-04-20T05:50:36.628+0000] {dag.py:3328} INFO - Setting next_dagrun for example_task_group to 2024-04-19T05:50:36.628613+00:00, run_after=2024-04-20T05:50:36.628613+00:00
[2024-04-20T05:50:36.648+0000] {processor.py:178} INFO - Processing /home/airflow/.local/lib/python3.7/site-packages/airflow/example_dags/example_task_group.py took 0.091 seconds
[2024-04-20T05:51:07.056+0000] {processor.py:156} INFO - Started process (PID=9176) to work on /home/airflow/.local/lib/python3.7/site-packages/airflow/example_dags/example_task_group.py
[2024-04-20T05:51:07.063+0000] {processor.py:758} INFO - Processing file /home/airflow/.local/lib/python3.7/site-packages/airflow/example_dags/example_task_group.py for tasks to queue
[2024-04-20T05:51:07.063+0000] {logging_mixin.py:117} INFO - [2024-04-20T05:51:07.063+0000] {dagbag.py:525} INFO - Filling up the DagBag from /home/airflow/.local/lib/python3.7/site-packages/airflow/example_dags/example_task_group.py
[2024-04-20T05:51:07.110+0000] {processor.py:768} INFO - DAG(s) dict_keys(['example_task_group']) retrieved from /home/airflow/.local/lib/python3.7/site-packages/airflow/example_dags/example_task_group.py
[2024-04-20T05:51:07.230+0000] {logging_mixin.py:117} INFO - [2024-04-20T05:51:07.230+0000] {dag.py:2573} INFO - Sync 1 DAGs
[2024-04-20T05:51:07.273+0000] {logging_mixin.py:117} INFO - [2024-04-20T05:51:07.273+0000] {dag.py:3328} INFO - Setting next_dagrun for example_task_group to 2024-04-19T05:51:07.273289+00:00, run_after=2024-04-20T05:51:07.273289+00:00
[2024-04-20T05:51:07.311+0000] {processor.py:178} INFO - Processing /home/airflow/.local/lib/python3.7/site-packages/airflow/example_dags/example_task_group.py took 0.258 seconds
[2024-04-20T05:51:37.406+0000] {processor.py:156} INFO - Started process (PID=9409) to work on /home/airflow/.local/lib/python3.7/site-packages/airflow/example_dags/example_task_group.py
[2024-04-20T05:51:37.407+0000] {processor.py:758} INFO - Processing file /home/airflow/.local/lib/python3.7/site-packages/airflow/example_dags/example_task_group.py for tasks to queue
[2024-04-20T05:51:37.408+0000] {logging_mixin.py:117} INFO - [2024-04-20T05:51:37.408+0000] {dagbag.py:525} INFO - Filling up the DagBag from /home/airflow/.local/lib/python3.7/site-packages/airflow/example_dags/example_task_group.py
[2024-04-20T05:51:37.437+0000] {processor.py:768} INFO - DAG(s) dict_keys(['example_task_group']) retrieved from /home/airflow/.local/lib/python3.7/site-packages/airflow/example_dags/example_task_group.py
[2024-04-20T05:51:37.488+0000] {logging_mixin.py:117} INFO - [2024-04-20T05:51:37.488+0000] {dag.py:2573} INFO - Sync 1 DAGs
[2024-04-20T05:51:37.508+0000] {logging_mixin.py:117} INFO - [2024-04-20T05:51:37.508+0000] {dag.py:3328} INFO - Setting next_dagrun for example_task_group to 2024-04-19T05:51:37.508009+00:00, run_after=2024-04-20T05:51:37.508009+00:00
[2024-04-20T05:51:37.527+0000] {processor.py:178} INFO - Processing /home/airflow/.local/lib/python3.7/site-packages/airflow/example_dags/example_task_group.py took 0.126 seconds
[2024-04-20T05:52:07.587+0000] {processor.py:156} INFO - Started process (PID=9637) to work on /home/airflow/.local/lib/python3.7/site-packages/airflow/example_dags/example_task_group.py
[2024-04-20T05:52:07.588+0000] {processor.py:758} INFO - Processing file /home/airflow/.local/lib/python3.7/site-packages/airflow/example_dags/example_task_group.py for tasks to queue
[2024-04-20T05:52:07.589+0000] {logging_mixin.py:117} INFO - [2024-04-20T05:52:07.589+0000] {dagbag.py:525} INFO - Filling up the DagBag from /home/airflow/.local/lib/python3.7/site-packages/airflow/example_dags/example_task_group.py
[2024-04-20T05:52:07.689+0000] {processor.py:768} INFO - DAG(s) dict_keys(['example_task_group']) retrieved from /home/airflow/.local/lib/python3.7/site-packages/airflow/example_dags/example_task_group.py
[2024-04-20T05:52:07.875+0000] {logging_mixin.py:117} INFO - [2024-04-20T05:52:07.875+0000] {dag.py:2573} INFO - Sync 1 DAGs
[2024-04-20T05:52:08.036+0000] {logging_mixin.py:117} INFO - [2024-04-20T05:52:08.036+0000] {dag.py:3328} INFO - Setting next_dagrun for example_task_group to 2024-04-19T05:52:08.036180+00:00, run_after=2024-04-20T05:52:08.036180+00:00
[2024-04-20T05:52:08.126+0000] {processor.py:178} INFO - Processing /home/airflow/.local/lib/python3.7/site-packages/airflow/example_dags/example_task_group.py took 0.544 seconds
[2024-04-20T05:52:38.666+0000] {processor.py:156} INFO - Started process (PID=9857) to work on /home/airflow/.local/lib/python3.7/site-packages/airflow/example_dags/example_task_group.py
[2024-04-20T05:52:38.667+0000] {processor.py:758} INFO - Processing file /home/airflow/.local/lib/python3.7/site-packages/airflow/example_dags/example_task_group.py for tasks to queue
[2024-04-20T05:52:38.667+0000] {logging_mixin.py:117} INFO - [2024-04-20T05:52:38.667+0000] {dagbag.py:525} INFO - Filling up the DagBag from /home/airflow/.local/lib/python3.7/site-packages/airflow/example_dags/example_task_group.py
[2024-04-20T05:52:38.681+0000] {processor.py:768} INFO - DAG(s) dict_keys(['example_task_group']) retrieved from /home/airflow/.local/lib/python3.7/site-packages/airflow/example_dags/example_task_group.py
[2024-04-20T05:52:38.715+0000] {logging_mixin.py:117} INFO - [2024-04-20T05:52:38.715+0000] {dag.py:2573} INFO - Sync 1 DAGs
[2024-04-20T05:52:38.736+0000] {logging_mixin.py:117} INFO - [2024-04-20T05:52:38.736+0000] {dag.py:3328} INFO - Setting next_dagrun for example_task_group to 2024-04-19T05:52:38.735995+00:00, run_after=2024-04-20T05:52:38.735995+00:00
[2024-04-20T05:52:38.755+0000] {processor.py:178} INFO - Processing /home/airflow/.local/lib/python3.7/site-packages/airflow/example_dags/example_task_group.py took 0.091 seconds
[2024-04-20T05:53:09.367+0000] {processor.py:156} INFO - Started process (PID=10093) to work on /home/airflow/.local/lib/python3.7/site-packages/airflow/example_dags/example_task_group.py
[2024-04-20T05:53:09.368+0000] {processor.py:758} INFO - Processing file /home/airflow/.local/lib/python3.7/site-packages/airflow/example_dags/example_task_group.py for tasks to queue
[2024-04-20T05:53:09.368+0000] {logging_mixin.py:117} INFO - [2024-04-20T05:53:09.368+0000] {dagbag.py:525} INFO - Filling up the DagBag from /home/airflow/.local/lib/python3.7/site-packages/airflow/example_dags/example_task_group.py
[2024-04-20T05:53:09.382+0000] {processor.py:768} INFO - DAG(s) dict_keys(['example_task_group']) retrieved from /home/airflow/.local/lib/python3.7/site-packages/airflow/example_dags/example_task_group.py
[2024-04-20T05:53:09.415+0000] {logging_mixin.py:117} INFO - [2024-04-20T05:53:09.415+0000] {dag.py:2573} INFO - Sync 1 DAGs
[2024-04-20T05:53:09.436+0000] {logging_mixin.py:117} INFO - [2024-04-20T05:53:09.436+0000] {dag.py:3328} INFO - Setting next_dagrun for example_task_group to 2024-04-19T05:53:09.436105+00:00, run_after=2024-04-20T05:53:09.436105+00:00
[2024-04-20T05:53:09.456+0000] {processor.py:178} INFO - Processing /home/airflow/.local/lib/python3.7/site-packages/airflow/example_dags/example_task_group.py took 0.091 seconds
[2024-04-20T05:53:39.769+0000] {processor.py:156} INFO - Started process (PID=10313) to work on /home/airflow/.local/lib/python3.7/site-packages/airflow/example_dags/example_task_group.py
[2024-04-20T05:53:39.770+0000] {processor.py:758} INFO - Processing file /home/airflow/.local/lib/python3.7/site-packages/airflow/example_dags/example_task_group.py for tasks to queue
[2024-04-20T05:53:39.770+0000] {logging_mixin.py:117} INFO - [2024-04-20T05:53:39.770+0000] {dagbag.py:525} INFO - Filling up the DagBag from /home/airflow/.local/lib/python3.7/site-packages/airflow/example_dags/example_task_group.py
[2024-04-20T05:53:39.786+0000] {processor.py:768} INFO - DAG(s) dict_keys(['example_task_group']) retrieved from /home/airflow/.local/lib/python3.7/site-packages/airflow/example_dags/example_task_group.py
[2024-04-20T05:53:39.839+0000] {logging_mixin.py:117} INFO - [2024-04-20T05:53:39.839+0000] {dag.py:2573} INFO - Sync 1 DAGs
[2024-04-20T05:53:39.866+0000] {logging_mixin.py:117} INFO - [2024-04-20T05:53:39.866+0000] {dag.py:3328} INFO - Setting next_dagrun for example_task_group to 2024-04-19T05:53:39.865958+00:00, run_after=2024-04-20T05:53:39.865958+00:00
[2024-04-20T05:53:39.887+0000] {processor.py:178} INFO - Processing /home/airflow/.local/lib/python3.7/site-packages/airflow/example_dags/example_task_group.py took 0.120 seconds
[2024-04-20T05:54:10.328+0000] {processor.py:156} INFO - Started process (PID=10550) to work on /home/airflow/.local/lib/python3.7/site-packages/airflow/example_dags/example_task_group.py
[2024-04-20T05:54:10.328+0000] {processor.py:758} INFO - Processing file /home/airflow/.local/lib/python3.7/site-packages/airflow/example_dags/example_task_group.py for tasks to queue
[2024-04-20T05:54:10.329+0000] {logging_mixin.py:117} INFO - [2024-04-20T05:54:10.328+0000] {dagbag.py:525} INFO - Filling up the DagBag from /home/airflow/.local/lib/python3.7/site-packages/airflow/example_dags/example_task_group.py
[2024-04-20T05:54:10.342+0000] {processor.py:768} INFO - DAG(s) dict_keys(['example_task_group']) retrieved from /home/airflow/.local/lib/python3.7/site-packages/airflow/example_dags/example_task_group.py
[2024-04-20T05:54:10.379+0000] {logging_mixin.py:117} INFO - [2024-04-20T05:54:10.379+0000] {dag.py:2573} INFO - Sync 1 DAGs
[2024-04-20T05:54:10.402+0000] {logging_mixin.py:117} INFO - [2024-04-20T05:54:10.402+0000] {dag.py:3328} INFO - Setting next_dagrun for example_task_group to 2024-04-19T05:54:10.402150+00:00, run_after=2024-04-20T05:54:10.402150+00:00
[2024-04-20T05:54:10.421+0000] {processor.py:178} INFO - Processing /home/airflow/.local/lib/python3.7/site-packages/airflow/example_dags/example_task_group.py took 0.095 seconds
[2024-04-20T05:54:40.905+0000] {processor.py:156} INFO - Started process (PID=10783) to work on /home/airflow/.local/lib/python3.7/site-packages/airflow/example_dags/example_task_group.py
[2024-04-20T05:54:40.906+0000] {processor.py:758} INFO - Processing file /home/airflow/.local/lib/python3.7/site-packages/airflow/example_dags/example_task_group.py for tasks to queue
[2024-04-20T05:54:40.906+0000] {logging_mixin.py:117} INFO - [2024-04-20T05:54:40.906+0000] {dagbag.py:525} INFO - Filling up the DagBag from /home/airflow/.local/lib/python3.7/site-packages/airflow/example_dags/example_task_group.py
[2024-04-20T05:54:40.920+0000] {processor.py:768} INFO - DAG(s) dict_keys(['example_task_group']) retrieved from /home/airflow/.local/lib/python3.7/site-packages/airflow/example_dags/example_task_group.py
[2024-04-20T05:54:40.956+0000] {logging_mixin.py:117} INFO - [2024-04-20T05:54:40.955+0000] {dag.py:2573} INFO - Sync 1 DAGs
[2024-04-20T05:54:40.975+0000] {logging_mixin.py:117} INFO - [2024-04-20T05:54:40.975+0000] {dag.py:3328} INFO - Setting next_dagrun for example_task_group to 2024-04-19T05:54:40.975048+00:00, run_after=2024-04-20T05:54:40.975048+00:00
[2024-04-20T05:54:40.993+0000] {processor.py:178} INFO - Processing /home/airflow/.local/lib/python3.7/site-packages/airflow/example_dags/example_task_group.py took 0.090 seconds
[2024-04-20T05:55:11.784+0000] {processor.py:156} INFO - Started process (PID=11002) to work on /home/airflow/.local/lib/python3.7/site-packages/airflow/example_dags/example_task_group.py
[2024-04-20T05:55:11.785+0000] {processor.py:758} INFO - Processing file /home/airflow/.local/lib/python3.7/site-packages/airflow/example_dags/example_task_group.py for tasks to queue
[2024-04-20T05:55:11.785+0000] {logging_mixin.py:117} INFO - [2024-04-20T05:55:11.785+0000] {dagbag.py:525} INFO - Filling up the DagBag from /home/airflow/.local/lib/python3.7/site-packages/airflow/example_dags/example_task_group.py
[2024-04-20T05:55:11.799+0000] {processor.py:768} INFO - DAG(s) dict_keys(['example_task_group']) retrieved from /home/airflow/.local/lib/python3.7/site-packages/airflow/example_dags/example_task_group.py
[2024-04-20T05:55:11.836+0000] {logging_mixin.py:117} INFO - [2024-04-20T05:55:11.836+0000] {dag.py:2573} INFO - Sync 1 DAGs
[2024-04-20T05:55:11.856+0000] {logging_mixin.py:117} INFO - [2024-04-20T05:55:11.856+0000] {dag.py:3328} INFO - Setting next_dagrun for example_task_group to 2024-04-19T05:55:11.856185+00:00, run_after=2024-04-20T05:55:11.856185+00:00
[2024-04-20T05:55:11.876+0000] {processor.py:178} INFO - Processing /home/airflow/.local/lib/python3.7/site-packages/airflow/example_dags/example_task_group.py took 0.094 seconds
[2024-04-20T05:55:42.436+0000] {processor.py:156} INFO - Started process (PID=11231) to work on /home/airflow/.local/lib/python3.7/site-packages/airflow/example_dags/example_task_group.py
[2024-04-20T05:55:42.438+0000] {processor.py:758} INFO - Processing file /home/airflow/.local/lib/python3.7/site-packages/airflow/example_dags/example_task_group.py for tasks to queue
[2024-04-20T05:55:42.440+0000] {logging_mixin.py:117} INFO - [2024-04-20T05:55:42.440+0000] {dagbag.py:525} INFO - Filling up the DagBag from /home/airflow/.local/lib/python3.7/site-packages/airflow/example_dags/example_task_group.py
[2024-04-20T05:55:42.458+0000] {processor.py:768} INFO - DAG(s) dict_keys(['example_task_group']) retrieved from /home/airflow/.local/lib/python3.7/site-packages/airflow/example_dags/example_task_group.py
[2024-04-20T05:55:42.512+0000] {logging_mixin.py:117} INFO - [2024-04-20T05:55:42.512+0000] {dag.py:2573} INFO - Sync 1 DAGs
[2024-04-20T05:55:42.551+0000] {logging_mixin.py:117} INFO - [2024-04-20T05:55:42.551+0000] {dag.py:3328} INFO - Setting next_dagrun for example_task_group to 2024-04-19T05:55:42.551086+00:00, run_after=2024-04-20T05:55:42.551086+00:00
[2024-04-20T05:55:42.578+0000] {processor.py:178} INFO - Processing /home/airflow/.local/lib/python3.7/site-packages/airflow/example_dags/example_task_group.py took 0.145 seconds
[2024-04-20T05:56:37.404+0000] {processor.py:156} INFO - Started process (PID=221) to work on /home/airflow/.local/lib/python3.7/site-packages/airflow/example_dags/example_task_group.py
[2024-04-20T05:56:37.405+0000] {processor.py:758} INFO - Processing file /home/airflow/.local/lib/python3.7/site-packages/airflow/example_dags/example_task_group.py for tasks to queue
[2024-04-20T05:56:37.406+0000] {logging_mixin.py:117} INFO - [2024-04-20T05:56:37.405+0000] {dagbag.py:525} INFO - Filling up the DagBag from /home/airflow/.local/lib/python3.7/site-packages/airflow/example_dags/example_task_group.py
[2024-04-20T05:56:37.453+0000] {processor.py:768} INFO - DAG(s) dict_keys(['example_task_group']) retrieved from /home/airflow/.local/lib/python3.7/site-packages/airflow/example_dags/example_task_group.py
[2024-04-20T05:56:37.551+0000] {logging_mixin.py:117} INFO - [2024-04-20T05:56:37.551+0000] {dag.py:2573} INFO - Sync 1 DAGs
[2024-04-20T05:56:37.659+0000] {logging_mixin.py:117} INFO - [2024-04-20T05:56:37.659+0000] {dag.py:3328} INFO - Setting next_dagrun for example_task_group to 2024-04-19T05:56:37.659050+00:00, run_after=2024-04-20T05:56:37.659050+00:00
[2024-04-20T05:56:37.764+0000] {processor.py:178} INFO - Processing /home/airflow/.local/lib/python3.7/site-packages/airflow/example_dags/example_task_group.py took 0.367 seconds
[2024-04-20T05:57:08.549+0000] {processor.py:156} INFO - Started process (PID=439) to work on /home/airflow/.local/lib/python3.7/site-packages/airflow/example_dags/example_task_group.py
[2024-04-20T05:57:08.553+0000] {processor.py:758} INFO - Processing file /home/airflow/.local/lib/python3.7/site-packages/airflow/example_dags/example_task_group.py for tasks to queue
[2024-04-20T05:57:08.554+0000] {logging_mixin.py:117} INFO - [2024-04-20T05:57:08.554+0000] {dagbag.py:525} INFO - Filling up the DagBag from /home/airflow/.local/lib/python3.7/site-packages/airflow/example_dags/example_task_group.py
[2024-04-20T05:57:08.595+0000] {processor.py:768} INFO - DAG(s) dict_keys(['example_task_group']) retrieved from /home/airflow/.local/lib/python3.7/site-packages/airflow/example_dags/example_task_group.py
[2024-04-20T05:57:08.708+0000] {logging_mixin.py:117} INFO - [2024-04-20T05:57:08.708+0000] {dag.py:2573} INFO - Sync 1 DAGs
[2024-04-20T05:57:08.763+0000] {logging_mixin.py:117} INFO - [2024-04-20T05:57:08.762+0000] {dag.py:3328} INFO - Setting next_dagrun for example_task_group to 2024-04-19T05:57:08.762671+00:00, run_after=2024-04-20T05:57:08.762671+00:00
[2024-04-20T05:57:09.260+0000] {processor.py:178} INFO - Processing /home/airflow/.local/lib/python3.7/site-packages/airflow/example_dags/example_task_group.py took 0.715 seconds
[2024-04-20T05:57:39.790+0000] {processor.py:156} INFO - Started process (PID=667) to work on /home/airflow/.local/lib/python3.7/site-packages/airflow/example_dags/example_task_group.py
[2024-04-20T05:57:39.791+0000] {processor.py:758} INFO - Processing file /home/airflow/.local/lib/python3.7/site-packages/airflow/example_dags/example_task_group.py for tasks to queue
[2024-04-20T05:57:39.791+0000] {logging_mixin.py:117} INFO - [2024-04-20T05:57:39.791+0000] {dagbag.py:525} INFO - Filling up the DagBag from /home/airflow/.local/lib/python3.7/site-packages/airflow/example_dags/example_task_group.py
[2024-04-20T05:57:39.808+0000] {processor.py:768} INFO - DAG(s) dict_keys(['example_task_group']) retrieved from /home/airflow/.local/lib/python3.7/site-packages/airflow/example_dags/example_task_group.py
[2024-04-20T05:57:39.855+0000] {logging_mixin.py:117} INFO - [2024-04-20T05:57:39.855+0000] {dag.py:2573} INFO - Sync 1 DAGs
[2024-04-20T05:57:40.038+0000] {logging_mixin.py:117} INFO - [2024-04-20T05:57:40.038+0000] {dag.py:3328} INFO - Setting next_dagrun for example_task_group to 2024-04-19T05:57:40.037950+00:00, run_after=2024-04-20T05:57:40.037950+00:00
[2024-04-20T05:57:40.061+0000] {processor.py:178} INFO - Processing /home/airflow/.local/lib/python3.7/site-packages/airflow/example_dags/example_task_group.py took 0.275 seconds
[2024-04-20T05:58:10.552+0000] {processor.py:156} INFO - Started process (PID=886) to work on /home/airflow/.local/lib/python3.7/site-packages/airflow/example_dags/example_task_group.py
[2024-04-20T05:58:10.552+0000] {processor.py:758} INFO - Processing file /home/airflow/.local/lib/python3.7/site-packages/airflow/example_dags/example_task_group.py for tasks to queue
[2024-04-20T05:58:10.553+0000] {logging_mixin.py:117} INFO - [2024-04-20T05:58:10.553+0000] {dagbag.py:525} INFO - Filling up the DagBag from /home/airflow/.local/lib/python3.7/site-packages/airflow/example_dags/example_task_group.py
[2024-04-20T05:58:10.572+0000] {processor.py:768} INFO - DAG(s) dict_keys(['example_task_group']) retrieved from /home/airflow/.local/lib/python3.7/site-packages/airflow/example_dags/example_task_group.py
[2024-04-20T05:58:10.829+0000] {logging_mixin.py:117} INFO - [2024-04-20T05:58:10.829+0000] {dag.py:2573} INFO - Sync 1 DAGs
[2024-04-20T05:58:10.893+0000] {logging_mixin.py:117} INFO - [2024-04-20T05:58:10.893+0000] {dag.py:3328} INFO - Setting next_dagrun for example_task_group to 2024-04-19T05:58:10.893067+00:00, run_after=2024-04-20T05:58:10.893067+00:00
[2024-04-20T05:58:10.920+0000] {processor.py:178} INFO - Processing /home/airflow/.local/lib/python3.7/site-packages/airflow/example_dags/example_task_group.py took 0.372 seconds
[2024-04-20T05:58:41.478+0000] {processor.py:156} INFO - Started process (PID=1111) to work on /home/airflow/.local/lib/python3.7/site-packages/airflow/example_dags/example_task_group.py
[2024-04-20T05:58:41.479+0000] {processor.py:758} INFO - Processing file /home/airflow/.local/lib/python3.7/site-packages/airflow/example_dags/example_task_group.py for tasks to queue
[2024-04-20T05:58:41.480+0000] {logging_mixin.py:117} INFO - [2024-04-20T05:58:41.479+0000] {dagbag.py:525} INFO - Filling up the DagBag from /home/airflow/.local/lib/python3.7/site-packages/airflow/example_dags/example_task_group.py
[2024-04-20T05:58:41.503+0000] {processor.py:768} INFO - DAG(s) dict_keys(['example_task_group']) retrieved from /home/airflow/.local/lib/python3.7/site-packages/airflow/example_dags/example_task_group.py
[2024-04-20T05:58:41.744+0000] {logging_mixin.py:117} INFO - [2024-04-20T05:58:41.744+0000] {dag.py:2573} INFO - Sync 1 DAGs
[2024-04-20T05:58:41.803+0000] {logging_mixin.py:117} INFO - [2024-04-20T05:58:41.803+0000] {dag.py:3328} INFO - Setting next_dagrun for example_task_group to 2024-04-19T05:58:41.802999+00:00, run_after=2024-04-20T05:58:41.802999+00:00
[2024-04-20T05:58:41.844+0000] {processor.py:178} INFO - Processing /home/airflow/.local/lib/python3.7/site-packages/airflow/example_dags/example_task_group.py took 0.380 seconds
[2024-04-20T05:59:12.283+0000] {processor.py:156} INFO - Started process (PID=1339) to work on /home/airflow/.local/lib/python3.7/site-packages/airflow/example_dags/example_task_group.py
[2024-04-20T05:59:12.284+0000] {processor.py:758} INFO - Processing file /home/airflow/.local/lib/python3.7/site-packages/airflow/example_dags/example_task_group.py for tasks to queue
[2024-04-20T05:59:12.284+0000] {logging_mixin.py:117} INFO - [2024-04-20T05:59:12.284+0000] {dagbag.py:525} INFO - Filling up the DagBag from /home/airflow/.local/lib/python3.7/site-packages/airflow/example_dags/example_task_group.py
[2024-04-20T05:59:12.302+0000] {processor.py:768} INFO - DAG(s) dict_keys(['example_task_group']) retrieved from /home/airflow/.local/lib/python3.7/site-packages/airflow/example_dags/example_task_group.py
[2024-04-20T05:59:12.513+0000] {logging_mixin.py:117} INFO - [2024-04-20T05:59:12.513+0000] {dag.py:2573} INFO - Sync 1 DAGs
[2024-04-20T05:59:12.542+0000] {logging_mixin.py:117} INFO - [2024-04-20T05:59:12.541+0000] {dag.py:3328} INFO - Setting next_dagrun for example_task_group to 2024-04-19T05:59:12.541563+00:00, run_after=2024-04-20T05:59:12.541563+00:00
[2024-04-20T05:59:12.566+0000] {processor.py:178} INFO - Processing /home/airflow/.local/lib/python3.7/site-packages/airflow/example_dags/example_task_group.py took 0.285 seconds
[2024-04-20T05:59:43.478+0000] {processor.py:156} INFO - Started process (PID=1557) to work on /home/airflow/.local/lib/python3.7/site-packages/airflow/example_dags/example_task_group.py
[2024-04-20T05:59:43.487+0000] {processor.py:758} INFO - Processing file /home/airflow/.local/lib/python3.7/site-packages/airflow/example_dags/example_task_group.py for tasks to queue
[2024-04-20T05:59:43.488+0000] {logging_mixin.py:117} INFO - [2024-04-20T05:59:43.487+0000] {dagbag.py:525} INFO - Filling up the DagBag from /home/airflow/.local/lib/python3.7/site-packages/airflow/example_dags/example_task_group.py
[2024-04-20T05:59:43.829+0000] {processor.py:768} INFO - DAG(s) dict_keys(['example_task_group']) retrieved from /home/airflow/.local/lib/python3.7/site-packages/airflow/example_dags/example_task_group.py
[2024-04-20T05:59:43.989+0000] {logging_mixin.py:117} INFO - [2024-04-20T05:59:43.989+0000] {dag.py:2573} INFO - Sync 1 DAGs
[2024-04-20T05:59:44.049+0000] {logging_mixin.py:117} INFO - [2024-04-20T05:59:44.049+0000] {dag.py:3328} INFO - Setting next_dagrun for example_task_group to 2024-04-19T05:59:44.049219+00:00, run_after=2024-04-20T05:59:44.049219+00:00
[2024-04-20T05:59:44.097+0000] {processor.py:178} INFO - Processing /home/airflow/.local/lib/python3.7/site-packages/airflow/example_dags/example_task_group.py took 0.627 seconds
[2024-04-20T06:00:14.387+0000] {processor.py:156} INFO - Started process (PID=1786) to work on /home/airflow/.local/lib/python3.7/site-packages/airflow/example_dags/example_task_group.py
[2024-04-20T06:00:14.388+0000] {processor.py:758} INFO - Processing file /home/airflow/.local/lib/python3.7/site-packages/airflow/example_dags/example_task_group.py for tasks to queue
[2024-04-20T06:00:14.388+0000] {logging_mixin.py:117} INFO - [2024-04-20T06:00:14.388+0000] {dagbag.py:525} INFO - Filling up the DagBag from /home/airflow/.local/lib/python3.7/site-packages/airflow/example_dags/example_task_group.py
[2024-04-20T06:00:14.403+0000] {processor.py:768} INFO - DAG(s) dict_keys(['example_task_group']) retrieved from /home/airflow/.local/lib/python3.7/site-packages/airflow/example_dags/example_task_group.py
[2024-04-20T06:00:14.437+0000] {logging_mixin.py:117} INFO - [2024-04-20T06:00:14.436+0000] {dag.py:2573} INFO - Sync 1 DAGs
[2024-04-20T06:00:14.465+0000] {logging_mixin.py:117} INFO - [2024-04-20T06:00:14.465+0000] {dag.py:3328} INFO - Setting next_dagrun for example_task_group to 2024-04-19T06:00:14.465064+00:00, run_after=2024-04-20T06:00:14.465064+00:00
[2024-04-20T06:00:14.488+0000] {processor.py:178} INFO - Processing /home/airflow/.local/lib/python3.7/site-packages/airflow/example_dags/example_task_group.py took 0.103 seconds
[2024-04-20T06:00:44.856+0000] {processor.py:156} INFO - Started process (PID=2013) to work on /home/airflow/.local/lib/python3.7/site-packages/airflow/example_dags/example_task_group.py
[2024-04-20T06:00:44.857+0000] {processor.py:758} INFO - Processing file /home/airflow/.local/lib/python3.7/site-packages/airflow/example_dags/example_task_group.py for tasks to queue
[2024-04-20T06:00:44.858+0000] {logging_mixin.py:117} INFO - [2024-04-20T06:00:44.858+0000] {dagbag.py:525} INFO - Filling up the DagBag from /home/airflow/.local/lib/python3.7/site-packages/airflow/example_dags/example_task_group.py
[2024-04-20T06:00:44.891+0000] {processor.py:768} INFO - DAG(s) dict_keys(['example_task_group']) retrieved from /home/airflow/.local/lib/python3.7/site-packages/airflow/example_dags/example_task_group.py
[2024-04-20T06:00:44.941+0000] {logging_mixin.py:117} INFO - [2024-04-20T06:00:44.940+0000] {dag.py:2573} INFO - Sync 1 DAGs
[2024-04-20T06:00:44.973+0000] {logging_mixin.py:117} INFO - [2024-04-20T06:00:44.973+0000] {dag.py:3328} INFO - Setting next_dagrun for example_task_group to 2024-04-19T06:00:44.973158+00:00, run_after=2024-04-20T06:00:44.973158+00:00
[2024-04-20T06:00:44.999+0000] {processor.py:178} INFO - Processing /home/airflow/.local/lib/python3.7/site-packages/airflow/example_dags/example_task_group.py took 0.146 seconds
[2024-04-20T06:01:15.325+0000] {processor.py:156} INFO - Started process (PID=2229) to work on /home/airflow/.local/lib/python3.7/site-packages/airflow/example_dags/example_task_group.py
[2024-04-20T06:01:15.326+0000] {processor.py:758} INFO - Processing file /home/airflow/.local/lib/python3.7/site-packages/airflow/example_dags/example_task_group.py for tasks to queue
[2024-04-20T06:01:15.327+0000] {logging_mixin.py:117} INFO - [2024-04-20T06:01:15.327+0000] {dagbag.py:525} INFO - Filling up the DagBag from /home/airflow/.local/lib/python3.7/site-packages/airflow/example_dags/example_task_group.py
[2024-04-20T06:01:15.345+0000] {processor.py:768} INFO - DAG(s) dict_keys(['example_task_group']) retrieved from /home/airflow/.local/lib/python3.7/site-packages/airflow/example_dags/example_task_group.py
[2024-04-20T06:01:15.443+0000] {logging_mixin.py:117} INFO - [2024-04-20T06:01:15.442+0000] {dag.py:2573} INFO - Sync 1 DAGs
[2024-04-20T06:01:15.508+0000] {logging_mixin.py:117} INFO - [2024-04-20T06:01:15.507+0000] {dag.py:3328} INFO - Setting next_dagrun for example_task_group to 2024-04-19T06:01:15.506939+00:00, run_after=2024-04-20T06:01:15.506939+00:00
[2024-04-20T06:01:15.565+0000] {processor.py:178} INFO - Processing /home/airflow/.local/lib/python3.7/site-packages/airflow/example_dags/example_task_group.py took 0.243 seconds
[2024-04-20T06:01:46.062+0000] {processor.py:156} INFO - Started process (PID=2459) to work on /home/airflow/.local/lib/python3.7/site-packages/airflow/example_dags/example_task_group.py
[2024-04-20T06:01:46.063+0000] {processor.py:758} INFO - Processing file /home/airflow/.local/lib/python3.7/site-packages/airflow/example_dags/example_task_group.py for tasks to queue
[2024-04-20T06:01:46.064+0000] {logging_mixin.py:117} INFO - [2024-04-20T06:01:46.064+0000] {dagbag.py:525} INFO - Filling up the DagBag from /home/airflow/.local/lib/python3.7/site-packages/airflow/example_dags/example_task_group.py
[2024-04-20T06:01:46.083+0000] {processor.py:768} INFO - DAG(s) dict_keys(['example_task_group']) retrieved from /home/airflow/.local/lib/python3.7/site-packages/airflow/example_dags/example_task_group.py
[2024-04-20T06:01:46.133+0000] {logging_mixin.py:117} INFO - [2024-04-20T06:01:46.133+0000] {dag.py:2573} INFO - Sync 1 DAGs
[2024-04-20T06:01:46.166+0000] {logging_mixin.py:117} INFO - [2024-04-20T06:01:46.166+0000] {dag.py:3328} INFO - Setting next_dagrun for example_task_group to 2024-04-19T06:01:46.166186+00:00, run_after=2024-04-20T06:01:46.166186+00:00
[2024-04-20T06:01:46.192+0000] {processor.py:178} INFO - Processing /home/airflow/.local/lib/python3.7/site-packages/airflow/example_dags/example_task_group.py took 0.133 seconds
[2024-04-20T06:02:17.174+0000] {processor.py:156} INFO - Started process (PID=2685) to work on /home/airflow/.local/lib/python3.7/site-packages/airflow/example_dags/example_task_group.py
[2024-04-20T06:02:17.174+0000] {processor.py:758} INFO - Processing file /home/airflow/.local/lib/python3.7/site-packages/airflow/example_dags/example_task_group.py for tasks to queue
[2024-04-20T06:02:17.175+0000] {logging_mixin.py:117} INFO - [2024-04-20T06:02:17.175+0000] {dagbag.py:525} INFO - Filling up the DagBag from /home/airflow/.local/lib/python3.7/site-packages/airflow/example_dags/example_task_group.py
[2024-04-20T06:02:17.203+0000] {processor.py:768} INFO - DAG(s) dict_keys(['example_task_group']) retrieved from /home/airflow/.local/lib/python3.7/site-packages/airflow/example_dags/example_task_group.py
[2024-04-20T06:02:17.276+0000] {logging_mixin.py:117} INFO - [2024-04-20T06:02:17.276+0000] {dag.py:2573} INFO - Sync 1 DAGs
[2024-04-20T06:02:17.331+0000] {logging_mixin.py:117} INFO - [2024-04-20T06:02:17.330+0000] {dag.py:3328} INFO - Setting next_dagrun for example_task_group to 2024-04-19T06:02:17.330646+00:00, run_after=2024-04-20T06:02:17.330646+00:00
[2024-04-20T06:02:17.357+0000] {processor.py:178} INFO - Processing /home/airflow/.local/lib/python3.7/site-packages/airflow/example_dags/example_task_group.py took 0.186 seconds
[2024-04-20T06:02:48.349+0000] {processor.py:156} INFO - Started process (PID=2904) to work on /home/airflow/.local/lib/python3.7/site-packages/airflow/example_dags/example_task_group.py
[2024-04-20T06:02:48.350+0000] {processor.py:758} INFO - Processing file /home/airflow/.local/lib/python3.7/site-packages/airflow/example_dags/example_task_group.py for tasks to queue
[2024-04-20T06:02:48.351+0000] {logging_mixin.py:117} INFO - [2024-04-20T06:02:48.351+0000] {dagbag.py:525} INFO - Filling up the DagBag from /home/airflow/.local/lib/python3.7/site-packages/airflow/example_dags/example_task_group.py
[2024-04-20T06:02:48.372+0000] {processor.py:768} INFO - DAG(s) dict_keys(['example_task_group']) retrieved from /home/airflow/.local/lib/python3.7/site-packages/airflow/example_dags/example_task_group.py
[2024-04-20T06:02:48.428+0000] {logging_mixin.py:117} INFO - [2024-04-20T06:02:48.428+0000] {dag.py:2573} INFO - Sync 1 DAGs
[2024-04-20T06:02:48.486+0000] {logging_mixin.py:117} INFO - [2024-04-20T06:02:48.486+0000] {dag.py:3328} INFO - Setting next_dagrun for example_task_group to 2024-04-19T06:02:48.486486+00:00, run_after=2024-04-20T06:02:48.486486+00:00
[2024-04-20T06:02:48.520+0000] {processor.py:178} INFO - Processing /home/airflow/.local/lib/python3.7/site-packages/airflow/example_dags/example_task_group.py took 0.174 seconds
[2024-04-20T06:03:18.960+0000] {processor.py:156} INFO - Started process (PID=3132) to work on /home/airflow/.local/lib/python3.7/site-packages/airflow/example_dags/example_task_group.py
[2024-04-20T06:03:18.961+0000] {processor.py:758} INFO - Processing file /home/airflow/.local/lib/python3.7/site-packages/airflow/example_dags/example_task_group.py for tasks to queue
[2024-04-20T06:03:18.961+0000] {logging_mixin.py:117} INFO - [2024-04-20T06:03:18.961+0000] {dagbag.py:525} INFO - Filling up the DagBag from /home/airflow/.local/lib/python3.7/site-packages/airflow/example_dags/example_task_group.py
[2024-04-20T06:03:18.981+0000] {processor.py:768} INFO - DAG(s) dict_keys(['example_task_group']) retrieved from /home/airflow/.local/lib/python3.7/site-packages/airflow/example_dags/example_task_group.py
[2024-04-20T06:03:19.029+0000] {logging_mixin.py:117} INFO - [2024-04-20T06:03:19.029+0000] {dag.py:2573} INFO - Sync 1 DAGs
[2024-04-20T06:03:19.062+0000] {logging_mixin.py:117} INFO - [2024-04-20T06:03:19.061+0000] {dag.py:3328} INFO - Setting next_dagrun for example_task_group to 2024-04-19T06:03:19.061617+00:00, run_after=2024-04-20T06:03:19.061617+00:00
[2024-04-20T06:03:19.087+0000] {processor.py:178} INFO - Processing /home/airflow/.local/lib/python3.7/site-packages/airflow/example_dags/example_task_group.py took 0.129 seconds
