[2024-04-20T05:31:39.025+0000] {processor.py:156} INFO - Started process (PID=195) to work on /home/airflow/.local/lib/python3.7/site-packages/airflow/example_dags/example_bash_operator.py
[2024-04-20T05:31:39.042+0000] {processor.py:758} INFO - Processing file /home/airflow/.local/lib/python3.7/site-packages/airflow/example_dags/example_bash_operator.py for tasks to queue
[2024-04-20T05:31:39.043+0000] {logging_mixin.py:117} INFO - [2024-04-20T05:31:39.043+0000] {dagbag.py:525} INFO - Filling up the DagBag from /home/airflow/.local/lib/python3.7/site-packages/airflow/example_dags/example_bash_operator.py
[2024-04-20T05:31:39.128+0000] {processor.py:768} INFO - DAG(s) dict_keys(['example_bash_operator']) retrieved from /home/airflow/.local/lib/python3.7/site-packages/airflow/example_dags/example_bash_operator.py
[2024-04-20T05:31:40.186+0000] {logging_mixin.py:117} INFO - [2024-04-20T05:31:40.186+0000] {manager.py:507} INFO - Created Permission View: can delete on DAG:example_bash_operator
[2024-04-20T05:31:40.221+0000] {logging_mixin.py:117} INFO - [2024-04-20T05:31:40.221+0000] {manager.py:507} INFO - Created Permission View: can edit on DAG:example_bash_operator
[2024-04-20T05:31:40.244+0000] {logging_mixin.py:117} INFO - [2024-04-20T05:31:40.244+0000] {manager.py:507} INFO - Created Permission View: can read on DAG:example_bash_operator
[2024-04-20T05:31:40.245+0000] {logging_mixin.py:117} INFO - [2024-04-20T05:31:40.244+0000] {dag.py:2573} INFO - Sync 1 DAGs
[2024-04-20T05:31:40.285+0000] {logging_mixin.py:117} INFO - [2024-04-20T05:31:40.285+0000] {dag.py:2594} INFO - Creating ORM DAG for example_bash_operator
[2024-04-20T05:31:40.326+0000] {logging_mixin.py:117} INFO - [2024-04-20T05:31:40.325+0000] {dag.py:3328} INFO - Setting next_dagrun for example_bash_operator to 2024-04-19T00:00:00+00:00, run_after=2024-04-20T00:00:00+00:00
[2024-04-20T05:31:40.405+0000] {processor.py:178} INFO - Processing /home/airflow/.local/lib/python3.7/site-packages/airflow/example_dags/example_bash_operator.py took 1.383 seconds
[2024-04-20T05:32:10.579+0000] {processor.py:156} INFO - Started process (PID=411) to work on /home/airflow/.local/lib/python3.7/site-packages/airflow/example_dags/example_bash_operator.py
[2024-04-20T05:32:10.580+0000] {processor.py:758} INFO - Processing file /home/airflow/.local/lib/python3.7/site-packages/airflow/example_dags/example_bash_operator.py for tasks to queue
[2024-04-20T05:32:10.581+0000] {logging_mixin.py:117} INFO - [2024-04-20T05:32:10.581+0000] {dagbag.py:525} INFO - Filling up the DagBag from /home/airflow/.local/lib/python3.7/site-packages/airflow/example_dags/example_bash_operator.py
[2024-04-20T05:32:10.619+0000] {processor.py:768} INFO - DAG(s) dict_keys(['example_bash_operator']) retrieved from /home/airflow/.local/lib/python3.7/site-packages/airflow/example_dags/example_bash_operator.py
[2024-04-20T05:32:10.738+0000] {logging_mixin.py:117} INFO - [2024-04-20T05:32:10.738+0000] {dag.py:2573} INFO - Sync 1 DAGs
[2024-04-20T05:32:10.846+0000] {logging_mixin.py:117} INFO - [2024-04-20T05:32:10.845+0000] {dag.py:3328} INFO - Setting next_dagrun for example_bash_operator to 2024-04-19T00:00:00+00:00, run_after=2024-04-20T00:00:00+00:00
[2024-04-20T05:32:11.045+0000] {processor.py:178} INFO - Processing /home/airflow/.local/lib/python3.7/site-packages/airflow/example_dags/example_bash_operator.py took 0.470 seconds
[2024-04-20T05:32:41.285+0000] {processor.py:156} INFO - Started process (PID=637) to work on /home/airflow/.local/lib/python3.7/site-packages/airflow/example_dags/example_bash_operator.py
[2024-04-20T05:32:41.286+0000] {processor.py:758} INFO - Processing file /home/airflow/.local/lib/python3.7/site-packages/airflow/example_dags/example_bash_operator.py for tasks to queue
[2024-04-20T05:32:41.287+0000] {logging_mixin.py:117} INFO - [2024-04-20T05:32:41.287+0000] {dagbag.py:525} INFO - Filling up the DagBag from /home/airflow/.local/lib/python3.7/site-packages/airflow/example_dags/example_bash_operator.py
[2024-04-20T05:32:41.342+0000] {processor.py:768} INFO - DAG(s) dict_keys(['example_bash_operator']) retrieved from /home/airflow/.local/lib/python3.7/site-packages/airflow/example_dags/example_bash_operator.py
[2024-04-20T05:32:41.515+0000] {logging_mixin.py:117} INFO - [2024-04-20T05:32:41.515+0000] {dag.py:2573} INFO - Sync 1 DAGs
[2024-04-20T05:32:41.800+0000] {logging_mixin.py:117} INFO - [2024-04-20T05:32:41.800+0000] {dag.py:3328} INFO - Setting next_dagrun for example_bash_operator to 2024-04-19T00:00:00+00:00, run_after=2024-04-20T00:00:00+00:00
[2024-04-20T05:32:41.836+0000] {processor.py:178} INFO - Processing /home/airflow/.local/lib/python3.7/site-packages/airflow/example_dags/example_bash_operator.py took 0.554 seconds
[2024-04-20T05:33:12.215+0000] {processor.py:156} INFO - Started process (PID=850) to work on /home/airflow/.local/lib/python3.7/site-packages/airflow/example_dags/example_bash_operator.py
[2024-04-20T05:33:12.216+0000] {processor.py:758} INFO - Processing file /home/airflow/.local/lib/python3.7/site-packages/airflow/example_dags/example_bash_operator.py for tasks to queue
[2024-04-20T05:33:12.216+0000] {logging_mixin.py:117} INFO - [2024-04-20T05:33:12.216+0000] {dagbag.py:525} INFO - Filling up the DagBag from /home/airflow/.local/lib/python3.7/site-packages/airflow/example_dags/example_bash_operator.py
[2024-04-20T05:33:12.289+0000] {processor.py:768} INFO - DAG(s) dict_keys(['example_bash_operator']) retrieved from /home/airflow/.local/lib/python3.7/site-packages/airflow/example_dags/example_bash_operator.py
[2024-04-20T05:33:12.658+0000] {logging_mixin.py:117} INFO - [2024-04-20T05:33:12.658+0000] {dag.py:2573} INFO - Sync 1 DAGs
[2024-04-20T05:33:12.687+0000] {logging_mixin.py:117} INFO - [2024-04-20T05:33:12.687+0000] {dag.py:3328} INFO - Setting next_dagrun for example_bash_operator to 2024-04-19T00:00:00+00:00, run_after=2024-04-20T00:00:00+00:00
[2024-04-20T05:33:12.712+0000] {processor.py:178} INFO - Processing /home/airflow/.local/lib/python3.7/site-packages/airflow/example_dags/example_bash_operator.py took 0.502 seconds
[2024-04-20T05:33:43.030+0000] {processor.py:156} INFO - Started process (PID=1069) to work on /home/airflow/.local/lib/python3.7/site-packages/airflow/example_dags/example_bash_operator.py
[2024-04-20T05:33:43.030+0000] {processor.py:758} INFO - Processing file /home/airflow/.local/lib/python3.7/site-packages/airflow/example_dags/example_bash_operator.py for tasks to queue
[2024-04-20T05:33:43.031+0000] {logging_mixin.py:117} INFO - [2024-04-20T05:33:43.030+0000] {dagbag.py:525} INFO - Filling up the DagBag from /home/airflow/.local/lib/python3.7/site-packages/airflow/example_dags/example_bash_operator.py
[2024-04-20T05:33:43.050+0000] {processor.py:768} INFO - DAG(s) dict_keys(['example_bash_operator']) retrieved from /home/airflow/.local/lib/python3.7/site-packages/airflow/example_dags/example_bash_operator.py
[2024-04-20T05:33:43.288+0000] {logging_mixin.py:117} INFO - [2024-04-20T05:33:43.288+0000] {dag.py:2573} INFO - Sync 1 DAGs
[2024-04-20T05:33:43.322+0000] {logging_mixin.py:117} INFO - [2024-04-20T05:33:43.322+0000] {dag.py:3328} INFO - Setting next_dagrun for example_bash_operator to 2024-04-19T00:00:00+00:00, run_after=2024-04-20T00:00:00+00:00
[2024-04-20T05:33:43.348+0000] {processor.py:178} INFO - Processing /home/airflow/.local/lib/python3.7/site-packages/airflow/example_dags/example_bash_operator.py took 0.320 seconds
[2024-04-20T05:34:13.436+0000] {processor.py:156} INFO - Started process (PID=1276) to work on /home/airflow/.local/lib/python3.7/site-packages/airflow/example_dags/example_bash_operator.py
[2024-04-20T05:34:13.439+0000] {processor.py:758} INFO - Processing file /home/airflow/.local/lib/python3.7/site-packages/airflow/example_dags/example_bash_operator.py for tasks to queue
[2024-04-20T05:34:13.440+0000] {logging_mixin.py:117} INFO - [2024-04-20T05:34:13.440+0000] {dagbag.py:525} INFO - Filling up the DagBag from /home/airflow/.local/lib/python3.7/site-packages/airflow/example_dags/example_bash_operator.py
[2024-04-20T05:34:13.475+0000] {processor.py:768} INFO - DAG(s) dict_keys(['example_bash_operator']) retrieved from /home/airflow/.local/lib/python3.7/site-packages/airflow/example_dags/example_bash_operator.py
[2024-04-20T05:34:13.664+0000] {logging_mixin.py:117} INFO - [2024-04-20T05:34:13.663+0000] {dag.py:2573} INFO - Sync 1 DAGs
[2024-04-20T05:34:13.687+0000] {logging_mixin.py:117} INFO - [2024-04-20T05:34:13.687+0000] {dag.py:3328} INFO - Setting next_dagrun for example_bash_operator to 2024-04-19T00:00:00+00:00, run_after=2024-04-20T00:00:00+00:00
[2024-04-20T05:34:13.708+0000] {processor.py:178} INFO - Processing /home/airflow/.local/lib/python3.7/site-packages/airflow/example_dags/example_bash_operator.py took 0.276 seconds
[2024-04-20T05:34:43.829+0000] {processor.py:156} INFO - Started process (PID=1494) to work on /home/airflow/.local/lib/python3.7/site-packages/airflow/example_dags/example_bash_operator.py
[2024-04-20T05:34:43.830+0000] {processor.py:758} INFO - Processing file /home/airflow/.local/lib/python3.7/site-packages/airflow/example_dags/example_bash_operator.py for tasks to queue
[2024-04-20T05:34:43.830+0000] {logging_mixin.py:117} INFO - [2024-04-20T05:34:43.830+0000] {dagbag.py:525} INFO - Filling up the DagBag from /home/airflow/.local/lib/python3.7/site-packages/airflow/example_dags/example_bash_operator.py
[2024-04-20T05:34:44.021+0000] {processor.py:768} INFO - DAG(s) dict_keys(['example_bash_operator']) retrieved from /home/airflow/.local/lib/python3.7/site-packages/airflow/example_dags/example_bash_operator.py
[2024-04-20T05:34:44.086+0000] {logging_mixin.py:117} INFO - [2024-04-20T05:34:44.086+0000] {dag.py:2573} INFO - Sync 1 DAGs
[2024-04-20T05:34:44.119+0000] {logging_mixin.py:117} INFO - [2024-04-20T05:34:44.119+0000] {dag.py:3328} INFO - Setting next_dagrun for example_bash_operator to 2024-04-19T00:00:00+00:00, run_after=2024-04-20T00:00:00+00:00
[2024-04-20T05:34:44.144+0000] {processor.py:178} INFO - Processing /home/airflow/.local/lib/python3.7/site-packages/airflow/example_dags/example_bash_operator.py took 0.319 seconds
[2024-04-20T05:35:14.276+0000] {processor.py:156} INFO - Started process (PID=1701) to work on /home/airflow/.local/lib/python3.7/site-packages/airflow/example_dags/example_bash_operator.py
[2024-04-20T05:35:14.277+0000] {processor.py:758} INFO - Processing file /home/airflow/.local/lib/python3.7/site-packages/airflow/example_dags/example_bash_operator.py for tasks to queue
[2024-04-20T05:35:14.282+0000] {logging_mixin.py:117} INFO - [2024-04-20T05:35:14.282+0000] {dagbag.py:525} INFO - Filling up the DagBag from /home/airflow/.local/lib/python3.7/site-packages/airflow/example_dags/example_bash_operator.py
[2024-04-20T05:35:14.335+0000] {processor.py:768} INFO - DAG(s) dict_keys(['example_bash_operator']) retrieved from /home/airflow/.local/lib/python3.7/site-packages/airflow/example_dags/example_bash_operator.py
[2024-04-20T05:35:14.395+0000] {logging_mixin.py:117} INFO - [2024-04-20T05:35:14.395+0000] {dag.py:2573} INFO - Sync 1 DAGs
[2024-04-20T05:35:14.428+0000] {logging_mixin.py:117} INFO - [2024-04-20T05:35:14.428+0000] {dag.py:3328} INFO - Setting next_dagrun for example_bash_operator to 2024-04-19T00:00:00+00:00, run_after=2024-04-20T00:00:00+00:00
[2024-04-20T05:35:14.452+0000] {processor.py:178} INFO - Processing /home/airflow/.local/lib/python3.7/site-packages/airflow/example_dags/example_bash_operator.py took 0.188 seconds
[2024-04-20T05:35:44.730+0000] {processor.py:156} INFO - Started process (PID=1920) to work on /home/airflow/.local/lib/python3.7/site-packages/airflow/example_dags/example_bash_operator.py
[2024-04-20T05:35:44.731+0000] {processor.py:758} INFO - Processing file /home/airflow/.local/lib/python3.7/site-packages/airflow/example_dags/example_bash_operator.py for tasks to queue
[2024-04-20T05:35:44.731+0000] {logging_mixin.py:117} INFO - [2024-04-20T05:35:44.731+0000] {dagbag.py:525} INFO - Filling up the DagBag from /home/airflow/.local/lib/python3.7/site-packages/airflow/example_dags/example_bash_operator.py
[2024-04-20T05:35:44.758+0000] {processor.py:768} INFO - DAG(s) dict_keys(['example_bash_operator']) retrieved from /home/airflow/.local/lib/python3.7/site-packages/airflow/example_dags/example_bash_operator.py
[2024-04-20T05:35:44.820+0000] {logging_mixin.py:117} INFO - [2024-04-20T05:35:44.820+0000] {dag.py:2573} INFO - Sync 1 DAGs
[2024-04-20T05:35:44.841+0000] {logging_mixin.py:117} INFO - [2024-04-20T05:35:44.841+0000] {dag.py:3328} INFO - Setting next_dagrun for example_bash_operator to 2024-04-19T00:00:00+00:00, run_after=2024-04-20T00:00:00+00:00
[2024-04-20T05:35:44.861+0000] {processor.py:178} INFO - Processing /home/airflow/.local/lib/python3.7/site-packages/airflow/example_dags/example_bash_operator.py took 0.134 seconds
[2024-04-20T05:36:15.884+0000] {processor.py:156} INFO - Started process (PID=2127) to work on /home/airflow/.local/lib/python3.7/site-packages/airflow/example_dags/example_bash_operator.py
[2024-04-20T05:36:15.884+0000] {processor.py:758} INFO - Processing file /home/airflow/.local/lib/python3.7/site-packages/airflow/example_dags/example_bash_operator.py for tasks to queue
[2024-04-20T05:36:15.885+0000] {logging_mixin.py:117} INFO - [2024-04-20T05:36:15.885+0000] {dagbag.py:525} INFO - Filling up the DagBag from /home/airflow/.local/lib/python3.7/site-packages/airflow/example_dags/example_bash_operator.py
[2024-04-20T05:36:15.907+0000] {processor.py:768} INFO - DAG(s) dict_keys(['example_bash_operator']) retrieved from /home/airflow/.local/lib/python3.7/site-packages/airflow/example_dags/example_bash_operator.py
[2024-04-20T05:36:15.947+0000] {logging_mixin.py:117} INFO - [2024-04-20T05:36:15.946+0000] {dag.py:2573} INFO - Sync 1 DAGs
[2024-04-20T05:36:15.968+0000] {logging_mixin.py:117} INFO - [2024-04-20T05:36:15.968+0000] {dag.py:3328} INFO - Setting next_dagrun for example_bash_operator to 2024-04-19T00:00:00+00:00, run_after=2024-04-20T00:00:00+00:00
[2024-04-20T05:36:15.991+0000] {processor.py:178} INFO - Processing /home/airflow/.local/lib/python3.7/site-packages/airflow/example_dags/example_bash_operator.py took 0.110 seconds
[2024-04-20T05:36:46.256+0000] {processor.py:156} INFO - Started process (PID=2369) to work on /home/airflow/.local/lib/python3.7/site-packages/airflow/example_dags/example_bash_operator.py
[2024-04-20T05:36:46.257+0000] {processor.py:758} INFO - Processing file /home/airflow/.local/lib/python3.7/site-packages/airflow/example_dags/example_bash_operator.py for tasks to queue
[2024-04-20T05:36:46.257+0000] {logging_mixin.py:117} INFO - [2024-04-20T05:36:46.257+0000] {dagbag.py:525} INFO - Filling up the DagBag from /home/airflow/.local/lib/python3.7/site-packages/airflow/example_dags/example_bash_operator.py
[2024-04-20T05:36:46.288+0000] {processor.py:768} INFO - DAG(s) dict_keys(['example_bash_operator']) retrieved from /home/airflow/.local/lib/python3.7/site-packages/airflow/example_dags/example_bash_operator.py
[2024-04-20T05:36:46.354+0000] {logging_mixin.py:117} INFO - [2024-04-20T05:36:46.354+0000] {dag.py:2573} INFO - Sync 1 DAGs
[2024-04-20T05:36:46.385+0000] {logging_mixin.py:117} INFO - [2024-04-20T05:36:46.385+0000] {dag.py:3328} INFO - Setting next_dagrun for example_bash_operator to 2024-04-19T00:00:00+00:00, run_after=2024-04-20T00:00:00+00:00
[2024-04-20T05:36:46.404+0000] {processor.py:178} INFO - Processing /home/airflow/.local/lib/python3.7/site-packages/airflow/example_dags/example_bash_operator.py took 0.151 seconds
[2024-04-20T05:37:17.411+0000] {processor.py:156} INFO - Started process (PID=2647) to work on /home/airflow/.local/lib/python3.7/site-packages/airflow/example_dags/example_bash_operator.py
[2024-04-20T05:37:17.414+0000] {processor.py:758} INFO - Processing file /home/airflow/.local/lib/python3.7/site-packages/airflow/example_dags/example_bash_operator.py for tasks to queue
[2024-04-20T05:37:17.422+0000] {logging_mixin.py:117} INFO - [2024-04-20T05:37:17.422+0000] {dagbag.py:525} INFO - Filling up the DagBag from /home/airflow/.local/lib/python3.7/site-packages/airflow/example_dags/example_bash_operator.py
[2024-04-20T05:37:17.452+0000] {processor.py:768} INFO - DAG(s) dict_keys(['example_bash_operator']) retrieved from /home/airflow/.local/lib/python3.7/site-packages/airflow/example_dags/example_bash_operator.py
[2024-04-20T05:37:17.509+0000] {logging_mixin.py:117} INFO - [2024-04-20T05:37:17.509+0000] {dag.py:2573} INFO - Sync 1 DAGs
[2024-04-20T05:37:17.540+0000] {logging_mixin.py:117} INFO - [2024-04-20T05:37:17.540+0000] {dag.py:3328} INFO - Setting next_dagrun for example_bash_operator to 2024-04-19T00:00:00+00:00, run_after=2024-04-20T00:00:00+00:00
[2024-04-20T05:37:17.568+0000] {processor.py:178} INFO - Processing /home/airflow/.local/lib/python3.7/site-packages/airflow/example_dags/example_bash_operator.py took 0.180 seconds
[2024-04-20T05:37:48.312+0000] {processor.py:156} INFO - Started process (PID=2888) to work on /home/airflow/.local/lib/python3.7/site-packages/airflow/example_dags/example_bash_operator.py
[2024-04-20T05:37:48.313+0000] {processor.py:758} INFO - Processing file /home/airflow/.local/lib/python3.7/site-packages/airflow/example_dags/example_bash_operator.py for tasks to queue
[2024-04-20T05:37:48.313+0000] {logging_mixin.py:117} INFO - [2024-04-20T05:37:48.313+0000] {dagbag.py:525} INFO - Filling up the DagBag from /home/airflow/.local/lib/python3.7/site-packages/airflow/example_dags/example_bash_operator.py
[2024-04-20T05:37:48.332+0000] {processor.py:768} INFO - DAG(s) dict_keys(['example_bash_operator']) retrieved from /home/airflow/.local/lib/python3.7/site-packages/airflow/example_dags/example_bash_operator.py
[2024-04-20T05:37:48.370+0000] {logging_mixin.py:117} INFO - [2024-04-20T05:37:48.370+0000] {dag.py:2573} INFO - Sync 1 DAGs
[2024-04-20T05:37:48.391+0000] {logging_mixin.py:117} INFO - [2024-04-20T05:37:48.390+0000] {dag.py:3328} INFO - Setting next_dagrun for example_bash_operator to 2024-04-19T00:00:00+00:00, run_after=2024-04-20T00:00:00+00:00
[2024-04-20T05:37:48.411+0000] {processor.py:178} INFO - Processing /home/airflow/.local/lib/python3.7/site-packages/airflow/example_dags/example_bash_operator.py took 0.101 seconds
[2024-04-20T05:38:18.821+0000] {processor.py:156} INFO - Started process (PID=3118) to work on /home/airflow/.local/lib/python3.7/site-packages/airflow/example_dags/example_bash_operator.py
[2024-04-20T05:38:18.822+0000] {processor.py:758} INFO - Processing file /home/airflow/.local/lib/python3.7/site-packages/airflow/example_dags/example_bash_operator.py for tasks to queue
[2024-04-20T05:38:18.823+0000] {logging_mixin.py:117} INFO - [2024-04-20T05:38:18.823+0000] {dagbag.py:525} INFO - Filling up the DagBag from /home/airflow/.local/lib/python3.7/site-packages/airflow/example_dags/example_bash_operator.py
[2024-04-20T05:38:18.845+0000] {processor.py:768} INFO - DAG(s) dict_keys(['example_bash_operator']) retrieved from /home/airflow/.local/lib/python3.7/site-packages/airflow/example_dags/example_bash_operator.py
[2024-04-20T05:38:18.908+0000] {logging_mixin.py:117} INFO - [2024-04-20T05:38:18.908+0000] {dag.py:2573} INFO - Sync 1 DAGs
[2024-04-20T05:38:18.944+0000] {logging_mixin.py:117} INFO - [2024-04-20T05:38:18.944+0000] {dag.py:3328} INFO - Setting next_dagrun for example_bash_operator to 2024-04-19T00:00:00+00:00, run_after=2024-04-20T00:00:00+00:00
[2024-04-20T05:38:18.972+0000] {processor.py:178} INFO - Processing /home/airflow/.local/lib/python3.7/site-packages/airflow/example_dags/example_bash_operator.py took 0.155 seconds
[2024-04-20T05:38:49.479+0000] {processor.py:156} INFO - Started process (PID=3334) to work on /home/airflow/.local/lib/python3.7/site-packages/airflow/example_dags/example_bash_operator.py
[2024-04-20T05:38:49.480+0000] {processor.py:758} INFO - Processing file /home/airflow/.local/lib/python3.7/site-packages/airflow/example_dags/example_bash_operator.py for tasks to queue
[2024-04-20T05:38:49.481+0000] {logging_mixin.py:117} INFO - [2024-04-20T05:38:49.481+0000] {dagbag.py:525} INFO - Filling up the DagBag from /home/airflow/.local/lib/python3.7/site-packages/airflow/example_dags/example_bash_operator.py
[2024-04-20T05:38:49.503+0000] {processor.py:768} INFO - DAG(s) dict_keys(['example_bash_operator']) retrieved from /home/airflow/.local/lib/python3.7/site-packages/airflow/example_dags/example_bash_operator.py
[2024-04-20T05:38:49.543+0000] {logging_mixin.py:117} INFO - [2024-04-20T05:38:49.543+0000] {dag.py:2573} INFO - Sync 1 DAGs
[2024-04-20T05:38:49.565+0000] {logging_mixin.py:117} INFO - [2024-04-20T05:38:49.565+0000] {dag.py:3328} INFO - Setting next_dagrun for example_bash_operator to 2024-04-19T00:00:00+00:00, run_after=2024-04-20T00:00:00+00:00
[2024-04-20T05:38:49.583+0000] {processor.py:178} INFO - Processing /home/airflow/.local/lib/python3.7/site-packages/airflow/example_dags/example_bash_operator.py took 0.107 seconds
[2024-04-20T05:39:19.710+0000] {processor.py:156} INFO - Started process (PID=3570) to work on /home/airflow/.local/lib/python3.7/site-packages/airflow/example_dags/example_bash_operator.py
[2024-04-20T05:39:19.710+0000] {processor.py:758} INFO - Processing file /home/airflow/.local/lib/python3.7/site-packages/airflow/example_dags/example_bash_operator.py for tasks to queue
[2024-04-20T05:39:19.711+0000] {logging_mixin.py:117} INFO - [2024-04-20T05:39:19.711+0000] {dagbag.py:525} INFO - Filling up the DagBag from /home/airflow/.local/lib/python3.7/site-packages/airflow/example_dags/example_bash_operator.py
[2024-04-20T05:39:19.729+0000] {processor.py:768} INFO - DAG(s) dict_keys(['example_bash_operator']) retrieved from /home/airflow/.local/lib/python3.7/site-packages/airflow/example_dags/example_bash_operator.py
[2024-04-20T05:39:19.774+0000] {logging_mixin.py:117} INFO - [2024-04-20T05:39:19.774+0000] {dag.py:2573} INFO - Sync 1 DAGs
[2024-04-20T05:39:19.796+0000] {logging_mixin.py:117} INFO - [2024-04-20T05:39:19.795+0000] {dag.py:3328} INFO - Setting next_dagrun for example_bash_operator to 2024-04-19T00:00:00+00:00, run_after=2024-04-20T00:00:00+00:00
[2024-04-20T05:39:19.814+0000] {processor.py:178} INFO - Processing /home/airflow/.local/lib/python3.7/site-packages/airflow/example_dags/example_bash_operator.py took 0.108 seconds
[2024-04-20T05:39:50.478+0000] {processor.py:156} INFO - Started process (PID=3816) to work on /home/airflow/.local/lib/python3.7/site-packages/airflow/example_dags/example_bash_operator.py
[2024-04-20T05:39:50.479+0000] {processor.py:758} INFO - Processing file /home/airflow/.local/lib/python3.7/site-packages/airflow/example_dags/example_bash_operator.py for tasks to queue
[2024-04-20T05:39:50.480+0000] {logging_mixin.py:117} INFO - [2024-04-20T05:39:50.479+0000] {dagbag.py:525} INFO - Filling up the DagBag from /home/airflow/.local/lib/python3.7/site-packages/airflow/example_dags/example_bash_operator.py
[2024-04-20T05:39:50.497+0000] {processor.py:768} INFO - DAG(s) dict_keys(['example_bash_operator']) retrieved from /home/airflow/.local/lib/python3.7/site-packages/airflow/example_dags/example_bash_operator.py
[2024-04-20T05:39:50.537+0000] {logging_mixin.py:117} INFO - [2024-04-20T05:39:50.536+0000] {dag.py:2573} INFO - Sync 1 DAGs
[2024-04-20T05:39:50.569+0000] {logging_mixin.py:117} INFO - [2024-04-20T05:39:50.568+0000] {dag.py:3328} INFO - Setting next_dagrun for example_bash_operator to 2024-04-19T00:00:00+00:00, run_after=2024-04-20T00:00:00+00:00
[2024-04-20T05:39:50.589+0000] {processor.py:178} INFO - Processing /home/airflow/.local/lib/python3.7/site-packages/airflow/example_dags/example_bash_operator.py took 0.115 seconds
[2024-04-20T05:40:20.750+0000] {processor.py:156} INFO - Started process (PID=4035) to work on /home/airflow/.local/lib/python3.7/site-packages/airflow/example_dags/example_bash_operator.py
[2024-04-20T05:40:20.750+0000] {processor.py:758} INFO - Processing file /home/airflow/.local/lib/python3.7/site-packages/airflow/example_dags/example_bash_operator.py for tasks to queue
[2024-04-20T05:40:20.751+0000] {logging_mixin.py:117} INFO - [2024-04-20T05:40:20.751+0000] {dagbag.py:525} INFO - Filling up the DagBag from /home/airflow/.local/lib/python3.7/site-packages/airflow/example_dags/example_bash_operator.py
[2024-04-20T05:40:20.769+0000] {processor.py:768} INFO - DAG(s) dict_keys(['example_bash_operator']) retrieved from /home/airflow/.local/lib/python3.7/site-packages/airflow/example_dags/example_bash_operator.py
[2024-04-20T05:40:20.809+0000] {logging_mixin.py:117} INFO - [2024-04-20T05:40:20.809+0000] {dag.py:2573} INFO - Sync 1 DAGs
[2024-04-20T05:40:20.831+0000] {logging_mixin.py:117} INFO - [2024-04-20T05:40:20.831+0000] {dag.py:3328} INFO - Setting next_dagrun for example_bash_operator to 2024-04-19T00:00:00+00:00, run_after=2024-04-20T00:00:00+00:00
[2024-04-20T05:40:20.850+0000] {processor.py:178} INFO - Processing /home/airflow/.local/lib/python3.7/site-packages/airflow/example_dags/example_bash_operator.py took 0.103 seconds
[2024-04-20T05:40:51.338+0000] {processor.py:156} INFO - Started process (PID=4263) to work on /home/airflow/.local/lib/python3.7/site-packages/airflow/example_dags/example_bash_operator.py
[2024-04-20T05:40:51.339+0000] {processor.py:758} INFO - Processing file /home/airflow/.local/lib/python3.7/site-packages/airflow/example_dags/example_bash_operator.py for tasks to queue
[2024-04-20T05:40:51.339+0000] {logging_mixin.py:117} INFO - [2024-04-20T05:40:51.339+0000] {dagbag.py:525} INFO - Filling up the DagBag from /home/airflow/.local/lib/python3.7/site-packages/airflow/example_dags/example_bash_operator.py
[2024-04-20T05:40:51.363+0000] {processor.py:768} INFO - DAG(s) dict_keys(['example_bash_operator']) retrieved from /home/airflow/.local/lib/python3.7/site-packages/airflow/example_dags/example_bash_operator.py
[2024-04-20T05:40:51.405+0000] {logging_mixin.py:117} INFO - [2024-04-20T05:40:51.405+0000] {dag.py:2573} INFO - Sync 1 DAGs
[2024-04-20T05:40:51.428+0000] {logging_mixin.py:117} INFO - [2024-04-20T05:40:51.428+0000] {dag.py:3328} INFO - Setting next_dagrun for example_bash_operator to 2024-04-19T00:00:00+00:00, run_after=2024-04-20T00:00:00+00:00
[2024-04-20T05:40:51.447+0000] {processor.py:178} INFO - Processing /home/airflow/.local/lib/python3.7/site-packages/airflow/example_dags/example_bash_operator.py took 0.112 seconds
[2024-04-20T05:41:22.272+0000] {processor.py:156} INFO - Started process (PID=4494) to work on /home/airflow/.local/lib/python3.7/site-packages/airflow/example_dags/example_bash_operator.py
[2024-04-20T05:41:22.273+0000] {processor.py:758} INFO - Processing file /home/airflow/.local/lib/python3.7/site-packages/airflow/example_dags/example_bash_operator.py for tasks to queue
[2024-04-20T05:41:22.274+0000] {logging_mixin.py:117} INFO - [2024-04-20T05:41:22.273+0000] {dagbag.py:525} INFO - Filling up the DagBag from /home/airflow/.local/lib/python3.7/site-packages/airflow/example_dags/example_bash_operator.py
[2024-04-20T05:41:22.293+0000] {processor.py:768} INFO - DAG(s) dict_keys(['example_bash_operator']) retrieved from /home/airflow/.local/lib/python3.7/site-packages/airflow/example_dags/example_bash_operator.py
[2024-04-20T05:41:22.334+0000] {logging_mixin.py:117} INFO - [2024-04-20T05:41:22.333+0000] {dag.py:2573} INFO - Sync 1 DAGs
[2024-04-20T05:41:22.355+0000] {logging_mixin.py:117} INFO - [2024-04-20T05:41:22.355+0000] {dag.py:3328} INFO - Setting next_dagrun for example_bash_operator to 2024-04-19T00:00:00+00:00, run_after=2024-04-20T00:00:00+00:00
[2024-04-20T05:41:22.375+0000] {processor.py:178} INFO - Processing /home/airflow/.local/lib/python3.7/site-packages/airflow/example_dags/example_bash_operator.py took 0.106 seconds
[2024-04-20T05:41:52.790+0000] {processor.py:156} INFO - Started process (PID=4712) to work on /home/airflow/.local/lib/python3.7/site-packages/airflow/example_dags/example_bash_operator.py
[2024-04-20T05:41:52.791+0000] {processor.py:758} INFO - Processing file /home/airflow/.local/lib/python3.7/site-packages/airflow/example_dags/example_bash_operator.py for tasks to queue
[2024-04-20T05:41:52.791+0000] {logging_mixin.py:117} INFO - [2024-04-20T05:41:52.791+0000] {dagbag.py:525} INFO - Filling up the DagBag from /home/airflow/.local/lib/python3.7/site-packages/airflow/example_dags/example_bash_operator.py
[2024-04-20T05:41:52.818+0000] {processor.py:768} INFO - DAG(s) dict_keys(['example_bash_operator']) retrieved from /home/airflow/.local/lib/python3.7/site-packages/airflow/example_dags/example_bash_operator.py
[2024-04-20T05:41:52.879+0000] {logging_mixin.py:117} INFO - [2024-04-20T05:41:52.879+0000] {dag.py:2573} INFO - Sync 1 DAGs
[2024-04-20T05:41:52.913+0000] {logging_mixin.py:117} INFO - [2024-04-20T05:41:52.913+0000] {dag.py:3328} INFO - Setting next_dagrun for example_bash_operator to 2024-04-19T00:00:00+00:00, run_after=2024-04-20T00:00:00+00:00
[2024-04-20T05:41:52.938+0000] {processor.py:178} INFO - Processing /home/airflow/.local/lib/python3.7/site-packages/airflow/example_dags/example_bash_operator.py took 0.151 seconds
[2024-04-20T05:42:23.027+0000] {processor.py:156} INFO - Started process (PID=4969) to work on /home/airflow/.local/lib/python3.7/site-packages/airflow/example_dags/example_bash_operator.py
[2024-04-20T05:42:23.028+0000] {processor.py:758} INFO - Processing file /home/airflow/.local/lib/python3.7/site-packages/airflow/example_dags/example_bash_operator.py for tasks to queue
[2024-04-20T05:42:23.028+0000] {logging_mixin.py:117} INFO - [2024-04-20T05:42:23.028+0000] {dagbag.py:525} INFO - Filling up the DagBag from /home/airflow/.local/lib/python3.7/site-packages/airflow/example_dags/example_bash_operator.py
[2024-04-20T05:42:23.054+0000] {processor.py:768} INFO - DAG(s) dict_keys(['example_bash_operator']) retrieved from /home/airflow/.local/lib/python3.7/site-packages/airflow/example_dags/example_bash_operator.py
[2024-04-20T05:42:23.096+0000] {logging_mixin.py:117} INFO - [2024-04-20T05:42:23.096+0000] {dag.py:2573} INFO - Sync 1 DAGs
[2024-04-20T05:42:23.118+0000] {logging_mixin.py:117} INFO - [2024-04-20T05:42:23.117+0000] {dag.py:3328} INFO - Setting next_dagrun for example_bash_operator to 2024-04-19T00:00:00+00:00, run_after=2024-04-20T00:00:00+00:00
[2024-04-20T05:42:23.136+0000] {processor.py:178} INFO - Processing /home/airflow/.local/lib/python3.7/site-packages/airflow/example_dags/example_bash_operator.py took 0.114 seconds
[2024-04-20T05:42:53.782+0000] {processor.py:156} INFO - Started process (PID=5213) to work on /home/airflow/.local/lib/python3.7/site-packages/airflow/example_dags/example_bash_operator.py
[2024-04-20T05:42:53.783+0000] {processor.py:758} INFO - Processing file /home/airflow/.local/lib/python3.7/site-packages/airflow/example_dags/example_bash_operator.py for tasks to queue
[2024-04-20T05:42:53.783+0000] {logging_mixin.py:117} INFO - [2024-04-20T05:42:53.783+0000] {dagbag.py:525} INFO - Filling up the DagBag from /home/airflow/.local/lib/python3.7/site-packages/airflow/example_dags/example_bash_operator.py
[2024-04-20T05:42:53.808+0000] {processor.py:768} INFO - DAG(s) dict_keys(['example_bash_operator']) retrieved from /home/airflow/.local/lib/python3.7/site-packages/airflow/example_dags/example_bash_operator.py
[2024-04-20T05:42:53.850+0000] {logging_mixin.py:117} INFO - [2024-04-20T05:42:53.850+0000] {dag.py:2573} INFO - Sync 1 DAGs
[2024-04-20T05:42:53.873+0000] {logging_mixin.py:117} INFO - [2024-04-20T05:42:53.873+0000] {dag.py:3328} INFO - Setting next_dagrun for example_bash_operator to 2024-04-19T00:00:00+00:00, run_after=2024-04-20T00:00:00+00:00
[2024-04-20T05:42:53.891+0000] {processor.py:178} INFO - Processing /home/airflow/.local/lib/python3.7/site-packages/airflow/example_dags/example_bash_operator.py took 0.111 seconds
[2024-04-20T05:43:24.054+0000] {processor.py:156} INFO - Started process (PID=5475) to work on /home/airflow/.local/lib/python3.7/site-packages/airflow/example_dags/example_bash_operator.py
[2024-04-20T05:43:24.054+0000] {processor.py:758} INFO - Processing file /home/airflow/.local/lib/python3.7/site-packages/airflow/example_dags/example_bash_operator.py for tasks to queue
[2024-04-20T05:43:24.055+0000] {logging_mixin.py:117} INFO - [2024-04-20T05:43:24.055+0000] {dagbag.py:525} INFO - Filling up the DagBag from /home/airflow/.local/lib/python3.7/site-packages/airflow/example_dags/example_bash_operator.py
[2024-04-20T05:43:24.108+0000] {processor.py:768} INFO - DAG(s) dict_keys(['example_bash_operator']) retrieved from /home/airflow/.local/lib/python3.7/site-packages/airflow/example_dags/example_bash_operator.py
[2024-04-20T05:43:24.206+0000] {logging_mixin.py:117} INFO - [2024-04-20T05:43:24.206+0000] {dag.py:2573} INFO - Sync 1 DAGs
[2024-04-20T05:43:24.231+0000] {logging_mixin.py:117} INFO - [2024-04-20T05:43:24.231+0000] {dag.py:3328} INFO - Setting next_dagrun for example_bash_operator to 2024-04-19T00:00:00+00:00, run_after=2024-04-20T00:00:00+00:00
[2024-04-20T05:43:24.249+0000] {processor.py:178} INFO - Processing /home/airflow/.local/lib/python3.7/site-packages/airflow/example_dags/example_bash_operator.py took 0.198 seconds
[2024-04-20T05:43:54.557+0000] {processor.py:156} INFO - Started process (PID=5713) to work on /home/airflow/.local/lib/python3.7/site-packages/airflow/example_dags/example_bash_operator.py
[2024-04-20T05:43:54.558+0000] {processor.py:758} INFO - Processing file /home/airflow/.local/lib/python3.7/site-packages/airflow/example_dags/example_bash_operator.py for tasks to queue
[2024-04-20T05:43:54.559+0000] {logging_mixin.py:117} INFO - [2024-04-20T05:43:54.559+0000] {dagbag.py:525} INFO - Filling up the DagBag from /home/airflow/.local/lib/python3.7/site-packages/airflow/example_dags/example_bash_operator.py
[2024-04-20T05:43:54.590+0000] {processor.py:768} INFO - DAG(s) dict_keys(['example_bash_operator']) retrieved from /home/airflow/.local/lib/python3.7/site-packages/airflow/example_dags/example_bash_operator.py
[2024-04-20T05:43:54.633+0000] {logging_mixin.py:117} INFO - [2024-04-20T05:43:54.633+0000] {dag.py:2573} INFO - Sync 1 DAGs
[2024-04-20T05:43:54.656+0000] {logging_mixin.py:117} INFO - [2024-04-20T05:43:54.656+0000] {dag.py:3328} INFO - Setting next_dagrun for example_bash_operator to 2024-04-19T00:00:00+00:00, run_after=2024-04-20T00:00:00+00:00
[2024-04-20T05:43:54.675+0000] {processor.py:178} INFO - Processing /home/airflow/.local/lib/python3.7/site-packages/airflow/example_dags/example_bash_operator.py took 0.121 seconds
[2024-04-20T05:44:24.916+0000] {processor.py:156} INFO - Started process (PID=5945) to work on /home/airflow/.local/lib/python3.7/site-packages/airflow/example_dags/example_bash_operator.py
[2024-04-20T05:44:24.917+0000] {processor.py:758} INFO - Processing file /home/airflow/.local/lib/python3.7/site-packages/airflow/example_dags/example_bash_operator.py for tasks to queue
[2024-04-20T05:44:24.917+0000] {logging_mixin.py:117} INFO - [2024-04-20T05:44:24.917+0000] {dagbag.py:525} INFO - Filling up the DagBag from /home/airflow/.local/lib/python3.7/site-packages/airflow/example_dags/example_bash_operator.py
[2024-04-20T05:44:24.948+0000] {processor.py:768} INFO - DAG(s) dict_keys(['example_bash_operator']) retrieved from /home/airflow/.local/lib/python3.7/site-packages/airflow/example_dags/example_bash_operator.py
[2024-04-20T05:44:25.059+0000] {logging_mixin.py:117} INFO - [2024-04-20T05:44:25.059+0000] {dag.py:2573} INFO - Sync 1 DAGs
[2024-04-20T05:44:25.105+0000] {logging_mixin.py:117} INFO - [2024-04-20T05:44:25.105+0000] {dag.py:3328} INFO - Setting next_dagrun for example_bash_operator to 2024-04-19T00:00:00+00:00, run_after=2024-04-20T00:00:00+00:00
[2024-04-20T05:44:25.128+0000] {processor.py:178} INFO - Processing /home/airflow/.local/lib/python3.7/site-packages/airflow/example_dags/example_bash_operator.py took 0.216 seconds
[2024-04-20T05:44:56.052+0000] {processor.py:156} INFO - Started process (PID=6217) to work on /home/airflow/.local/lib/python3.7/site-packages/airflow/example_dags/example_bash_operator.py
[2024-04-20T05:44:56.053+0000] {processor.py:758} INFO - Processing file /home/airflow/.local/lib/python3.7/site-packages/airflow/example_dags/example_bash_operator.py for tasks to queue
[2024-04-20T05:44:56.058+0000] {logging_mixin.py:117} INFO - [2024-04-20T05:44:56.058+0000] {dagbag.py:525} INFO - Filling up the DagBag from /home/airflow/.local/lib/python3.7/site-packages/airflow/example_dags/example_bash_operator.py
[2024-04-20T05:44:56.088+0000] {processor.py:768} INFO - DAG(s) dict_keys(['example_bash_operator']) retrieved from /home/airflow/.local/lib/python3.7/site-packages/airflow/example_dags/example_bash_operator.py
[2024-04-20T05:44:56.148+0000] {logging_mixin.py:117} INFO - [2024-04-20T05:44:56.148+0000] {dag.py:2573} INFO - Sync 1 DAGs
[2024-04-20T05:44:56.170+0000] {logging_mixin.py:117} INFO - [2024-04-20T05:44:56.170+0000] {dag.py:3328} INFO - Setting next_dagrun for example_bash_operator to 2024-04-19T00:00:00+00:00, run_after=2024-04-20T00:00:00+00:00
[2024-04-20T05:44:56.191+0000] {processor.py:178} INFO - Processing /home/airflow/.local/lib/python3.7/site-packages/airflow/example_dags/example_bash_operator.py took 0.154 seconds
[2024-04-20T05:45:26.539+0000] {processor.py:156} INFO - Started process (PID=6469) to work on /home/airflow/.local/lib/python3.7/site-packages/airflow/example_dags/example_bash_operator.py
[2024-04-20T05:45:26.540+0000] {processor.py:758} INFO - Processing file /home/airflow/.local/lib/python3.7/site-packages/airflow/example_dags/example_bash_operator.py for tasks to queue
[2024-04-20T05:45:26.540+0000] {logging_mixin.py:117} INFO - [2024-04-20T05:45:26.540+0000] {dagbag.py:525} INFO - Filling up the DagBag from /home/airflow/.local/lib/python3.7/site-packages/airflow/example_dags/example_bash_operator.py
[2024-04-20T05:45:26.569+0000] {processor.py:768} INFO - DAG(s) dict_keys(['example_bash_operator']) retrieved from /home/airflow/.local/lib/python3.7/site-packages/airflow/example_dags/example_bash_operator.py
[2024-04-20T05:45:26.634+0000] {logging_mixin.py:117} INFO - [2024-04-20T05:45:26.634+0000] {dag.py:2573} INFO - Sync 1 DAGs
[2024-04-20T05:45:26.656+0000] {logging_mixin.py:117} INFO - [2024-04-20T05:45:26.655+0000] {dag.py:3328} INFO - Setting next_dagrun for example_bash_operator to 2024-04-19T00:00:00+00:00, run_after=2024-04-20T00:00:00+00:00
[2024-04-20T05:45:26.674+0000] {processor.py:178} INFO - Processing /home/airflow/.local/lib/python3.7/site-packages/airflow/example_dags/example_bash_operator.py took 0.139 seconds
[2024-04-20T05:45:56.867+0000] {processor.py:156} INFO - Started process (PID=6747) to work on /home/airflow/.local/lib/python3.7/site-packages/airflow/example_dags/example_bash_operator.py
[2024-04-20T05:45:56.867+0000] {processor.py:758} INFO - Processing file /home/airflow/.local/lib/python3.7/site-packages/airflow/example_dags/example_bash_operator.py for tasks to queue
[2024-04-20T05:45:56.868+0000] {logging_mixin.py:117} INFO - [2024-04-20T05:45:56.868+0000] {dagbag.py:525} INFO - Filling up the DagBag from /home/airflow/.local/lib/python3.7/site-packages/airflow/example_dags/example_bash_operator.py
[2024-04-20T05:45:56.895+0000] {processor.py:768} INFO - DAG(s) dict_keys(['example_bash_operator']) retrieved from /home/airflow/.local/lib/python3.7/site-packages/airflow/example_dags/example_bash_operator.py
[2024-04-20T05:45:56.945+0000] {logging_mixin.py:117} INFO - [2024-04-20T05:45:56.944+0000] {dag.py:2573} INFO - Sync 1 DAGs
[2024-04-20T05:45:56.967+0000] {logging_mixin.py:117} INFO - [2024-04-20T05:45:56.967+0000] {dag.py:3328} INFO - Setting next_dagrun for example_bash_operator to 2024-04-19T00:00:00+00:00, run_after=2024-04-20T00:00:00+00:00
[2024-04-20T05:45:56.993+0000] {processor.py:178} INFO - Processing /home/airflow/.local/lib/python3.7/site-packages/airflow/example_dags/example_bash_operator.py took 0.129 seconds
[2024-04-20T05:46:27.698+0000] {processor.py:156} INFO - Started process (PID=6990) to work on /home/airflow/.local/lib/python3.7/site-packages/airflow/example_dags/example_bash_operator.py
[2024-04-20T05:46:27.699+0000] {processor.py:758} INFO - Processing file /home/airflow/.local/lib/python3.7/site-packages/airflow/example_dags/example_bash_operator.py for tasks to queue
[2024-04-20T05:46:27.699+0000] {logging_mixin.py:117} INFO - [2024-04-20T05:46:27.699+0000] {dagbag.py:525} INFO - Filling up the DagBag from /home/airflow/.local/lib/python3.7/site-packages/airflow/example_dags/example_bash_operator.py
[2024-04-20T05:46:27.747+0000] {processor.py:768} INFO - DAG(s) dict_keys(['example_bash_operator']) retrieved from /home/airflow/.local/lib/python3.7/site-packages/airflow/example_dags/example_bash_operator.py
[2024-04-20T05:46:27.793+0000] {logging_mixin.py:117} INFO - [2024-04-20T05:46:27.793+0000] {dag.py:2573} INFO - Sync 1 DAGs
[2024-04-20T05:46:27.817+0000] {logging_mixin.py:117} INFO - [2024-04-20T05:46:27.817+0000] {dag.py:3328} INFO - Setting next_dagrun for example_bash_operator to 2024-04-19T00:00:00+00:00, run_after=2024-04-20T00:00:00+00:00
[2024-04-20T05:46:27.837+0000] {processor.py:178} INFO - Processing /home/airflow/.local/lib/python3.7/site-packages/airflow/example_dags/example_bash_operator.py took 0.143 seconds
[2024-04-20T05:46:58.240+0000] {processor.py:156} INFO - Started process (PID=7248) to work on /home/airflow/.local/lib/python3.7/site-packages/airflow/example_dags/example_bash_operator.py
[2024-04-20T05:46:58.241+0000] {processor.py:758} INFO - Processing file /home/airflow/.local/lib/python3.7/site-packages/airflow/example_dags/example_bash_operator.py for tasks to queue
[2024-04-20T05:46:58.241+0000] {logging_mixin.py:117} INFO - [2024-04-20T05:46:58.241+0000] {dagbag.py:525} INFO - Filling up the DagBag from /home/airflow/.local/lib/python3.7/site-packages/airflow/example_dags/example_bash_operator.py
[2024-04-20T05:46:58.275+0000] {processor.py:768} INFO - DAG(s) dict_keys(['example_bash_operator']) retrieved from /home/airflow/.local/lib/python3.7/site-packages/airflow/example_dags/example_bash_operator.py
[2024-04-20T05:46:58.339+0000] {logging_mixin.py:117} INFO - [2024-04-20T05:46:58.339+0000] {dag.py:2573} INFO - Sync 1 DAGs
[2024-04-20T05:46:58.371+0000] {logging_mixin.py:117} INFO - [2024-04-20T05:46:58.370+0000] {dag.py:3328} INFO - Setting next_dagrun for example_bash_operator to 2024-04-19T00:00:00+00:00, run_after=2024-04-20T00:00:00+00:00
[2024-04-20T05:46:58.395+0000] {processor.py:178} INFO - Processing /home/airflow/.local/lib/python3.7/site-packages/airflow/example_dags/example_bash_operator.py took 0.159 seconds
[2024-04-20T05:47:28.554+0000] {processor.py:156} INFO - Started process (PID=7493) to work on /home/airflow/.local/lib/python3.7/site-packages/airflow/example_dags/example_bash_operator.py
[2024-04-20T05:47:28.554+0000] {processor.py:758} INFO - Processing file /home/airflow/.local/lib/python3.7/site-packages/airflow/example_dags/example_bash_operator.py for tasks to queue
[2024-04-20T05:47:28.555+0000] {logging_mixin.py:117} INFO - [2024-04-20T05:47:28.555+0000] {dagbag.py:525} INFO - Filling up the DagBag from /home/airflow/.local/lib/python3.7/site-packages/airflow/example_dags/example_bash_operator.py
[2024-04-20T05:47:28.582+0000] {processor.py:768} INFO - DAG(s) dict_keys(['example_bash_operator']) retrieved from /home/airflow/.local/lib/python3.7/site-packages/airflow/example_dags/example_bash_operator.py
[2024-04-20T05:47:28.641+0000] {logging_mixin.py:117} INFO - [2024-04-20T05:47:28.641+0000] {dag.py:2573} INFO - Sync 1 DAGs
[2024-04-20T05:47:28.674+0000] {logging_mixin.py:117} INFO - [2024-04-20T05:47:28.674+0000] {dag.py:3328} INFO - Setting next_dagrun for example_bash_operator to 2024-04-19T00:00:00+00:00, run_after=2024-04-20T00:00:00+00:00
[2024-04-20T05:47:28.699+0000] {processor.py:178} INFO - Processing /home/airflow/.local/lib/python3.7/site-packages/airflow/example_dags/example_bash_operator.py took 0.148 seconds
[2024-04-20T05:47:58.870+0000] {processor.py:156} INFO - Started process (PID=7745) to work on /home/airflow/.local/lib/python3.7/site-packages/airflow/example_dags/example_bash_operator.py
[2024-04-20T05:47:58.871+0000] {processor.py:758} INFO - Processing file /home/airflow/.local/lib/python3.7/site-packages/airflow/example_dags/example_bash_operator.py for tasks to queue
[2024-04-20T05:47:58.871+0000] {logging_mixin.py:117} INFO - [2024-04-20T05:47:58.871+0000] {dagbag.py:525} INFO - Filling up the DagBag from /home/airflow/.local/lib/python3.7/site-packages/airflow/example_dags/example_bash_operator.py
[2024-04-20T05:47:58.893+0000] {processor.py:768} INFO - DAG(s) dict_keys(['example_bash_operator']) retrieved from /home/airflow/.local/lib/python3.7/site-packages/airflow/example_dags/example_bash_operator.py
[2024-04-20T05:47:58.933+0000] {logging_mixin.py:117} INFO - [2024-04-20T05:47:58.933+0000] {dag.py:2573} INFO - Sync 1 DAGs
[2024-04-20T05:47:58.955+0000] {logging_mixin.py:117} INFO - [2024-04-20T05:47:58.955+0000] {dag.py:3328} INFO - Setting next_dagrun for example_bash_operator to 2024-04-19T00:00:00+00:00, run_after=2024-04-20T00:00:00+00:00
[2024-04-20T05:47:58.975+0000] {processor.py:178} INFO - Processing /home/airflow/.local/lib/python3.7/site-packages/airflow/example_dags/example_bash_operator.py took 0.108 seconds
[2024-04-20T05:48:29.765+0000] {processor.py:156} INFO - Started process (PID=7993) to work on /home/airflow/.local/lib/python3.7/site-packages/airflow/example_dags/example_bash_operator.py
[2024-04-20T05:48:29.766+0000] {processor.py:758} INFO - Processing file /home/airflow/.local/lib/python3.7/site-packages/airflow/example_dags/example_bash_operator.py for tasks to queue
[2024-04-20T05:48:29.766+0000] {logging_mixin.py:117} INFO - [2024-04-20T05:48:29.766+0000] {dagbag.py:525} INFO - Filling up the DagBag from /home/airflow/.local/lib/python3.7/site-packages/airflow/example_dags/example_bash_operator.py
[2024-04-20T05:48:29.793+0000] {processor.py:768} INFO - DAG(s) dict_keys(['example_bash_operator']) retrieved from /home/airflow/.local/lib/python3.7/site-packages/airflow/example_dags/example_bash_operator.py
[2024-04-20T05:48:29.851+0000] {logging_mixin.py:117} INFO - [2024-04-20T05:48:29.851+0000] {dag.py:2573} INFO - Sync 1 DAGs
[2024-04-20T05:48:29.905+0000] {logging_mixin.py:117} INFO - [2024-04-20T05:48:29.905+0000] {dag.py:3328} INFO - Setting next_dagrun for example_bash_operator to 2024-04-19T00:00:00+00:00, run_after=2024-04-20T00:00:00+00:00
[2024-04-20T05:48:29.969+0000] {processor.py:178} INFO - Processing /home/airflow/.local/lib/python3.7/site-packages/airflow/example_dags/example_bash_operator.py took 0.208 seconds
[2024-04-20T05:49:00.863+0000] {processor.py:156} INFO - Started process (PID=8222) to work on /home/airflow/.local/lib/python3.7/site-packages/airflow/example_dags/example_bash_operator.py
[2024-04-20T05:49:00.864+0000] {processor.py:758} INFO - Processing file /home/airflow/.local/lib/python3.7/site-packages/airflow/example_dags/example_bash_operator.py for tasks to queue
[2024-04-20T05:49:00.864+0000] {logging_mixin.py:117} INFO - [2024-04-20T05:49:00.864+0000] {dagbag.py:525} INFO - Filling up the DagBag from /home/airflow/.local/lib/python3.7/site-packages/airflow/example_dags/example_bash_operator.py
[2024-04-20T05:49:00.891+0000] {processor.py:768} INFO - DAG(s) dict_keys(['example_bash_operator']) retrieved from /home/airflow/.local/lib/python3.7/site-packages/airflow/example_dags/example_bash_operator.py
[2024-04-20T05:49:00.951+0000] {logging_mixin.py:117} INFO - [2024-04-20T05:49:00.951+0000] {dag.py:2573} INFO - Sync 1 DAGs
[2024-04-20T05:49:00.987+0000] {logging_mixin.py:117} INFO - [2024-04-20T05:49:00.987+0000] {dag.py:3328} INFO - Setting next_dagrun for example_bash_operator to 2024-04-19T00:00:00+00:00, run_after=2024-04-20T00:00:00+00:00
[2024-04-20T05:49:01.012+0000] {processor.py:178} INFO - Processing /home/airflow/.local/lib/python3.7/site-packages/airflow/example_dags/example_bash_operator.py took 0.153 seconds
[2024-04-20T05:49:31.957+0000] {processor.py:156} INFO - Started process (PID=8453) to work on /home/airflow/.local/lib/python3.7/site-packages/airflow/example_dags/example_bash_operator.py
[2024-04-20T05:49:31.957+0000] {processor.py:758} INFO - Processing file /home/airflow/.local/lib/python3.7/site-packages/airflow/example_dags/example_bash_operator.py for tasks to queue
[2024-04-20T05:49:31.958+0000] {logging_mixin.py:117} INFO - [2024-04-20T05:49:31.958+0000] {dagbag.py:525} INFO - Filling up the DagBag from /home/airflow/.local/lib/python3.7/site-packages/airflow/example_dags/example_bash_operator.py
[2024-04-20T05:49:31.976+0000] {processor.py:768} INFO - DAG(s) dict_keys(['example_bash_operator']) retrieved from /home/airflow/.local/lib/python3.7/site-packages/airflow/example_dags/example_bash_operator.py
[2024-04-20T05:49:32.016+0000] {logging_mixin.py:117} INFO - [2024-04-20T05:49:32.016+0000] {dag.py:2573} INFO - Sync 1 DAGs
[2024-04-20T05:49:32.038+0000] {logging_mixin.py:117} INFO - [2024-04-20T05:49:32.038+0000] {dag.py:3328} INFO - Setting next_dagrun for example_bash_operator to 2024-04-19T00:00:00+00:00, run_after=2024-04-20T00:00:00+00:00
[2024-04-20T05:49:32.057+0000] {processor.py:178} INFO - Processing /home/airflow/.local/lib/python3.7/site-packages/airflow/example_dags/example_bash_operator.py took 0.103 seconds
[2024-04-20T05:50:02.784+0000] {processor.py:156} INFO - Started process (PID=8712) to work on /home/airflow/.local/lib/python3.7/site-packages/airflow/example_dags/example_bash_operator.py
[2024-04-20T05:50:02.785+0000] {processor.py:758} INFO - Processing file /home/airflow/.local/lib/python3.7/site-packages/airflow/example_dags/example_bash_operator.py for tasks to queue
[2024-04-20T05:50:02.786+0000] {logging_mixin.py:117} INFO - [2024-04-20T05:50:02.785+0000] {dagbag.py:525} INFO - Filling up the DagBag from /home/airflow/.local/lib/python3.7/site-packages/airflow/example_dags/example_bash_operator.py
[2024-04-20T05:50:02.808+0000] {processor.py:768} INFO - DAG(s) dict_keys(['example_bash_operator']) retrieved from /home/airflow/.local/lib/python3.7/site-packages/airflow/example_dags/example_bash_operator.py
[2024-04-20T05:50:02.850+0000] {logging_mixin.py:117} INFO - [2024-04-20T05:50:02.849+0000] {dag.py:2573} INFO - Sync 1 DAGs
[2024-04-20T05:50:02.871+0000] {logging_mixin.py:117} INFO - [2024-04-20T05:50:02.871+0000] {dag.py:3328} INFO - Setting next_dagrun for example_bash_operator to 2024-04-19T00:00:00+00:00, run_after=2024-04-20T00:00:00+00:00
[2024-04-20T05:50:02.890+0000] {processor.py:178} INFO - Processing /home/airflow/.local/lib/python3.7/site-packages/airflow/example_dags/example_bash_operator.py took 0.109 seconds
[2024-04-20T05:50:33.379+0000] {processor.py:156} INFO - Started process (PID=8930) to work on /home/airflow/.local/lib/python3.7/site-packages/airflow/example_dags/example_bash_operator.py
[2024-04-20T05:50:33.379+0000] {processor.py:758} INFO - Processing file /home/airflow/.local/lib/python3.7/site-packages/airflow/example_dags/example_bash_operator.py for tasks to queue
[2024-04-20T05:50:33.380+0000] {logging_mixin.py:117} INFO - [2024-04-20T05:50:33.380+0000] {dagbag.py:525} INFO - Filling up the DagBag from /home/airflow/.local/lib/python3.7/site-packages/airflow/example_dags/example_bash_operator.py
[2024-04-20T05:50:33.405+0000] {processor.py:768} INFO - DAG(s) dict_keys(['example_bash_operator']) retrieved from /home/airflow/.local/lib/python3.7/site-packages/airflow/example_dags/example_bash_operator.py
[2024-04-20T05:50:33.451+0000] {logging_mixin.py:117} INFO - [2024-04-20T05:50:33.451+0000] {dag.py:2573} INFO - Sync 1 DAGs
[2024-04-20T05:50:33.472+0000] {logging_mixin.py:117} INFO - [2024-04-20T05:50:33.472+0000] {dag.py:3328} INFO - Setting next_dagrun for example_bash_operator to 2024-04-19T00:00:00+00:00, run_after=2024-04-20T00:00:00+00:00
[2024-04-20T05:50:33.491+0000] {processor.py:178} INFO - Processing /home/airflow/.local/lib/python3.7/site-packages/airflow/example_dags/example_bash_operator.py took 0.115 seconds
[2024-04-20T05:51:03.702+0000] {processor.py:156} INFO - Started process (PID=9161) to work on /home/airflow/.local/lib/python3.7/site-packages/airflow/example_dags/example_bash_operator.py
[2024-04-20T05:51:03.702+0000] {processor.py:758} INFO - Processing file /home/airflow/.local/lib/python3.7/site-packages/airflow/example_dags/example_bash_operator.py for tasks to queue
[2024-04-20T05:51:03.703+0000] {logging_mixin.py:117} INFO - [2024-04-20T05:51:03.703+0000] {dagbag.py:525} INFO - Filling up the DagBag from /home/airflow/.local/lib/python3.7/site-packages/airflow/example_dags/example_bash_operator.py
[2024-04-20T05:51:03.727+0000] {processor.py:768} INFO - DAG(s) dict_keys(['example_bash_operator']) retrieved from /home/airflow/.local/lib/python3.7/site-packages/airflow/example_dags/example_bash_operator.py
[2024-04-20T05:51:03.779+0000] {logging_mixin.py:117} INFO - [2024-04-20T05:51:03.779+0000] {dag.py:2573} INFO - Sync 1 DAGs
[2024-04-20T05:51:03.809+0000] {logging_mixin.py:117} INFO - [2024-04-20T05:51:03.809+0000] {dag.py:3328} INFO - Setting next_dagrun for example_bash_operator to 2024-04-19T00:00:00+00:00, run_after=2024-04-20T00:00:00+00:00
[2024-04-20T05:51:03.846+0000] {processor.py:178} INFO - Processing /home/airflow/.local/lib/python3.7/site-packages/airflow/example_dags/example_bash_operator.py took 0.148 seconds
[2024-04-20T05:51:34.208+0000] {processor.py:156} INFO - Started process (PID=9392) to work on /home/airflow/.local/lib/python3.7/site-packages/airflow/example_dags/example_bash_operator.py
[2024-04-20T05:51:34.209+0000] {processor.py:758} INFO - Processing file /home/airflow/.local/lib/python3.7/site-packages/airflow/example_dags/example_bash_operator.py for tasks to queue
[2024-04-20T05:51:34.210+0000] {logging_mixin.py:117} INFO - [2024-04-20T05:51:34.210+0000] {dagbag.py:525} INFO - Filling up the DagBag from /home/airflow/.local/lib/python3.7/site-packages/airflow/example_dags/example_bash_operator.py
[2024-04-20T05:51:34.235+0000] {processor.py:768} INFO - DAG(s) dict_keys(['example_bash_operator']) retrieved from /home/airflow/.local/lib/python3.7/site-packages/airflow/example_dags/example_bash_operator.py
[2024-04-20T05:51:34.293+0000] {logging_mixin.py:117} INFO - [2024-04-20T05:51:34.293+0000] {dag.py:2573} INFO - Sync 1 DAGs
[2024-04-20T05:51:34.327+0000] {logging_mixin.py:117} INFO - [2024-04-20T05:51:34.327+0000] {dag.py:3328} INFO - Setting next_dagrun for example_bash_operator to 2024-04-19T00:00:00+00:00, run_after=2024-04-20T00:00:00+00:00
[2024-04-20T05:51:34.352+0000] {processor.py:178} INFO - Processing /home/airflow/.local/lib/python3.7/site-packages/airflow/example_dags/example_bash_operator.py took 0.147 seconds
[2024-04-20T05:52:04.963+0000] {processor.py:156} INFO - Started process (PID=9613) to work on /home/airflow/.local/lib/python3.7/site-packages/airflow/example_dags/example_bash_operator.py
[2024-04-20T05:52:04.975+0000] {processor.py:758} INFO - Processing file /home/airflow/.local/lib/python3.7/site-packages/airflow/example_dags/example_bash_operator.py for tasks to queue
[2024-04-20T05:52:04.982+0000] {logging_mixin.py:117} INFO - [2024-04-20T05:52:04.982+0000] {dagbag.py:525} INFO - Filling up the DagBag from /home/airflow/.local/lib/python3.7/site-packages/airflow/example_dags/example_bash_operator.py
[2024-04-20T05:52:05.057+0000] {processor.py:768} INFO - DAG(s) dict_keys(['example_bash_operator']) retrieved from /home/airflow/.local/lib/python3.7/site-packages/airflow/example_dags/example_bash_operator.py
[2024-04-20T05:52:05.137+0000] {logging_mixin.py:117} INFO - [2024-04-20T05:52:05.137+0000] {dag.py:2573} INFO - Sync 1 DAGs
[2024-04-20T05:52:05.170+0000] {logging_mixin.py:117} INFO - [2024-04-20T05:52:05.170+0000] {dag.py:3328} INFO - Setting next_dagrun for example_bash_operator to 2024-04-19T00:00:00+00:00, run_after=2024-04-20T00:00:00+00:00
[2024-04-20T05:52:05.194+0000] {processor.py:178} INFO - Processing /home/airflow/.local/lib/python3.7/site-packages/airflow/example_dags/example_bash_operator.py took 0.246 seconds
[2024-04-20T05:52:35.484+0000] {processor.py:156} INFO - Started process (PID=9842) to work on /home/airflow/.local/lib/python3.7/site-packages/airflow/example_dags/example_bash_operator.py
[2024-04-20T05:52:35.484+0000] {processor.py:758} INFO - Processing file /home/airflow/.local/lib/python3.7/site-packages/airflow/example_dags/example_bash_operator.py for tasks to queue
[2024-04-20T05:52:35.485+0000] {logging_mixin.py:117} INFO - [2024-04-20T05:52:35.485+0000] {dagbag.py:525} INFO - Filling up the DagBag from /home/airflow/.local/lib/python3.7/site-packages/airflow/example_dags/example_bash_operator.py
[2024-04-20T05:52:35.504+0000] {processor.py:768} INFO - DAG(s) dict_keys(['example_bash_operator']) retrieved from /home/airflow/.local/lib/python3.7/site-packages/airflow/example_dags/example_bash_operator.py
[2024-04-20T05:52:35.548+0000] {logging_mixin.py:117} INFO - [2024-04-20T05:52:35.548+0000] {dag.py:2573} INFO - Sync 1 DAGs
[2024-04-20T05:52:35.572+0000] {logging_mixin.py:117} INFO - [2024-04-20T05:52:35.572+0000] {dag.py:3328} INFO - Setting next_dagrun for example_bash_operator to 2024-04-19T00:00:00+00:00, run_after=2024-04-20T00:00:00+00:00
[2024-04-20T05:52:35.592+0000] {processor.py:178} INFO - Processing /home/airflow/.local/lib/python3.7/site-packages/airflow/example_dags/example_bash_operator.py took 0.111 seconds
[2024-04-20T05:53:05.873+0000] {processor.py:156} INFO - Started process (PID=10066) to work on /home/airflow/.local/lib/python3.7/site-packages/airflow/example_dags/example_bash_operator.py
[2024-04-20T05:53:05.879+0000] {processor.py:758} INFO - Processing file /home/airflow/.local/lib/python3.7/site-packages/airflow/example_dags/example_bash_operator.py for tasks to queue
[2024-04-20T05:53:05.881+0000] {logging_mixin.py:117} INFO - [2024-04-20T05:53:05.881+0000] {dagbag.py:525} INFO - Filling up the DagBag from /home/airflow/.local/lib/python3.7/site-packages/airflow/example_dags/example_bash_operator.py
[2024-04-20T05:53:05.908+0000] {processor.py:768} INFO - DAG(s) dict_keys(['example_bash_operator']) retrieved from /home/airflow/.local/lib/python3.7/site-packages/airflow/example_dags/example_bash_operator.py
[2024-04-20T05:53:05.969+0000] {logging_mixin.py:117} INFO - [2024-04-20T05:53:05.968+0000] {dag.py:2573} INFO - Sync 1 DAGs
[2024-04-20T05:53:06.001+0000] {logging_mixin.py:117} INFO - [2024-04-20T05:53:06.001+0000] {dag.py:3328} INFO - Setting next_dagrun for example_bash_operator to 2024-04-19T00:00:00+00:00, run_after=2024-04-20T00:00:00+00:00
[2024-04-20T05:53:06.025+0000] {processor.py:178} INFO - Processing /home/airflow/.local/lib/python3.7/site-packages/airflow/example_dags/example_bash_operator.py took 0.155 seconds
[2024-04-20T05:53:36.560+0000] {processor.py:156} INFO - Started process (PID=10298) to work on /home/airflow/.local/lib/python3.7/site-packages/airflow/example_dags/example_bash_operator.py
[2024-04-20T05:53:36.561+0000] {processor.py:758} INFO - Processing file /home/airflow/.local/lib/python3.7/site-packages/airflow/example_dags/example_bash_operator.py for tasks to queue
[2024-04-20T05:53:36.562+0000] {logging_mixin.py:117} INFO - [2024-04-20T05:53:36.561+0000] {dagbag.py:525} INFO - Filling up the DagBag from /home/airflow/.local/lib/python3.7/site-packages/airflow/example_dags/example_bash_operator.py
[2024-04-20T05:53:36.587+0000] {processor.py:768} INFO - DAG(s) dict_keys(['example_bash_operator']) retrieved from /home/airflow/.local/lib/python3.7/site-packages/airflow/example_dags/example_bash_operator.py
[2024-04-20T05:53:36.651+0000] {logging_mixin.py:117} INFO - [2024-04-20T05:53:36.651+0000] {dag.py:2573} INFO - Sync 1 DAGs
[2024-04-20T05:53:36.684+0000] {logging_mixin.py:117} INFO - [2024-04-20T05:53:36.684+0000] {dag.py:3328} INFO - Setting next_dagrun for example_bash_operator to 2024-04-19T00:00:00+00:00, run_after=2024-04-20T00:00:00+00:00
[2024-04-20T05:53:36.708+0000] {processor.py:178} INFO - Processing /home/airflow/.local/lib/python3.7/site-packages/airflow/example_dags/example_bash_operator.py took 0.152 seconds
[2024-04-20T05:54:07.060+0000] {processor.py:156} INFO - Started process (PID=10535) to work on /home/airflow/.local/lib/python3.7/site-packages/airflow/example_dags/example_bash_operator.py
[2024-04-20T05:54:07.061+0000] {processor.py:758} INFO - Processing file /home/airflow/.local/lib/python3.7/site-packages/airflow/example_dags/example_bash_operator.py for tasks to queue
[2024-04-20T05:54:07.061+0000] {logging_mixin.py:117} INFO - [2024-04-20T05:54:07.061+0000] {dagbag.py:525} INFO - Filling up the DagBag from /home/airflow/.local/lib/python3.7/site-packages/airflow/example_dags/example_bash_operator.py
[2024-04-20T05:54:07.082+0000] {processor.py:768} INFO - DAG(s) dict_keys(['example_bash_operator']) retrieved from /home/airflow/.local/lib/python3.7/site-packages/airflow/example_dags/example_bash_operator.py
[2024-04-20T05:54:07.146+0000] {logging_mixin.py:117} INFO - [2024-04-20T05:54:07.146+0000] {dag.py:2573} INFO - Sync 1 DAGs
[2024-04-20T05:54:07.193+0000] {logging_mixin.py:117} INFO - [2024-04-20T05:54:07.193+0000] {dag.py:3328} INFO - Setting next_dagrun for example_bash_operator to 2024-04-19T00:00:00+00:00, run_after=2024-04-20T00:00:00+00:00
[2024-04-20T05:54:07.229+0000] {processor.py:178} INFO - Processing /home/airflow/.local/lib/python3.7/site-packages/airflow/example_dags/example_bash_operator.py took 0.172 seconds
[2024-04-20T05:54:37.753+0000] {processor.py:156} INFO - Started process (PID=10759) to work on /home/airflow/.local/lib/python3.7/site-packages/airflow/example_dags/example_bash_operator.py
[2024-04-20T05:54:37.754+0000] {processor.py:758} INFO - Processing file /home/airflow/.local/lib/python3.7/site-packages/airflow/example_dags/example_bash_operator.py for tasks to queue
[2024-04-20T05:54:37.754+0000] {logging_mixin.py:117} INFO - [2024-04-20T05:54:37.754+0000] {dagbag.py:525} INFO - Filling up the DagBag from /home/airflow/.local/lib/python3.7/site-packages/airflow/example_dags/example_bash_operator.py
[2024-04-20T05:54:37.774+0000] {processor.py:768} INFO - DAG(s) dict_keys(['example_bash_operator']) retrieved from /home/airflow/.local/lib/python3.7/site-packages/airflow/example_dags/example_bash_operator.py
[2024-04-20T05:54:37.814+0000] {logging_mixin.py:117} INFO - [2024-04-20T05:54:37.814+0000] {dag.py:2573} INFO - Sync 1 DAGs
[2024-04-20T05:54:37.847+0000] {logging_mixin.py:117} INFO - [2024-04-20T05:54:37.847+0000] {dag.py:3328} INFO - Setting next_dagrun for example_bash_operator to 2024-04-19T00:00:00+00:00, run_after=2024-04-20T00:00:00+00:00
[2024-04-20T05:54:37.905+0000] {processor.py:178} INFO - Processing /home/airflow/.local/lib/python3.7/site-packages/airflow/example_dags/example_bash_operator.py took 0.154 seconds
[2024-04-20T05:55:09.311+0000] {processor.py:156} INFO - Started process (PID=10985) to work on /home/airflow/.local/lib/python3.7/site-packages/airflow/example_dags/example_bash_operator.py
[2024-04-20T05:55:09.311+0000] {processor.py:758} INFO - Processing file /home/airflow/.local/lib/python3.7/site-packages/airflow/example_dags/example_bash_operator.py for tasks to queue
[2024-04-20T05:55:09.312+0000] {logging_mixin.py:117} INFO - [2024-04-20T05:55:09.312+0000] {dagbag.py:525} INFO - Filling up the DagBag from /home/airflow/.local/lib/python3.7/site-packages/airflow/example_dags/example_bash_operator.py
[2024-04-20T05:55:09.396+0000] {processor.py:768} INFO - DAG(s) dict_keys(['example_bash_operator']) retrieved from /home/airflow/.local/lib/python3.7/site-packages/airflow/example_dags/example_bash_operator.py
[2024-04-20T05:55:09.610+0000] {logging_mixin.py:117} INFO - [2024-04-20T05:55:09.610+0000] {dag.py:2573} INFO - Sync 1 DAGs
[2024-04-20T05:55:09.677+0000] {logging_mixin.py:117} INFO - [2024-04-20T05:55:09.677+0000] {dag.py:3328} INFO - Setting next_dagrun for example_bash_operator to 2024-04-19T00:00:00+00:00, run_after=2024-04-20T00:00:00+00:00
[2024-04-20T05:55:09.719+0000] {processor.py:178} INFO - Processing /home/airflow/.local/lib/python3.7/site-packages/airflow/example_dags/example_bash_operator.py took 0.416 seconds
[2024-04-20T05:55:40.216+0000] {processor.py:156} INFO - Started process (PID=11216) to work on /home/airflow/.local/lib/python3.7/site-packages/airflow/example_dags/example_bash_operator.py
[2024-04-20T05:55:40.216+0000] {processor.py:758} INFO - Processing file /home/airflow/.local/lib/python3.7/site-packages/airflow/example_dags/example_bash_operator.py for tasks to queue
[2024-04-20T05:55:40.217+0000] {logging_mixin.py:117} INFO - [2024-04-20T05:55:40.217+0000] {dagbag.py:525} INFO - Filling up the DagBag from /home/airflow/.local/lib/python3.7/site-packages/airflow/example_dags/example_bash_operator.py
[2024-04-20T05:55:40.250+0000] {processor.py:768} INFO - DAG(s) dict_keys(['example_bash_operator']) retrieved from /home/airflow/.local/lib/python3.7/site-packages/airflow/example_dags/example_bash_operator.py
[2024-04-20T05:55:40.318+0000] {logging_mixin.py:117} INFO - [2024-04-20T05:55:40.318+0000] {dag.py:2573} INFO - Sync 1 DAGs
[2024-04-20T05:55:40.356+0000] {logging_mixin.py:117} INFO - [2024-04-20T05:55:40.356+0000] {dag.py:3328} INFO - Setting next_dagrun for example_bash_operator to 2024-04-19T00:00:00+00:00, run_after=2024-04-20T00:00:00+00:00
[2024-04-20T05:55:40.382+0000] {processor.py:178} INFO - Processing /home/airflow/.local/lib/python3.7/site-packages/airflow/example_dags/example_bash_operator.py took 0.170 seconds
[2024-04-20T05:56:36.424+0000] {processor.py:156} INFO - Started process (PID=201) to work on /home/airflow/.local/lib/python3.7/site-packages/airflow/example_dags/example_bash_operator.py
[2024-04-20T05:56:36.426+0000] {processor.py:758} INFO - Processing file /home/airflow/.local/lib/python3.7/site-packages/airflow/example_dags/example_bash_operator.py for tasks to queue
[2024-04-20T05:56:36.427+0000] {logging_mixin.py:117} INFO - [2024-04-20T05:56:36.426+0000] {dagbag.py:525} INFO - Filling up the DagBag from /home/airflow/.local/lib/python3.7/site-packages/airflow/example_dags/example_bash_operator.py
[2024-04-20T05:56:36.478+0000] {processor.py:768} INFO - DAG(s) dict_keys(['example_bash_operator']) retrieved from /home/airflow/.local/lib/python3.7/site-packages/airflow/example_dags/example_bash_operator.py
[2024-04-20T05:56:36.570+0000] {logging_mixin.py:117} INFO - [2024-04-20T05:56:36.570+0000] {dag.py:2573} INFO - Sync 1 DAGs
[2024-04-20T05:56:36.632+0000] {logging_mixin.py:117} INFO - [2024-04-20T05:56:36.632+0000] {dag.py:3328} INFO - Setting next_dagrun for example_bash_operator to 2024-04-19T00:00:00+00:00, run_after=2024-04-20T00:00:00+00:00
[2024-04-20T05:56:36.698+0000] {processor.py:178} INFO - Processing /home/airflow/.local/lib/python3.7/site-packages/airflow/example_dags/example_bash_operator.py took 0.278 seconds
[2024-04-20T05:57:07.097+0000] {processor.py:156} INFO - Started process (PID=419) to work on /home/airflow/.local/lib/python3.7/site-packages/airflow/example_dags/example_bash_operator.py
[2024-04-20T05:57:07.098+0000] {processor.py:758} INFO - Processing file /home/airflow/.local/lib/python3.7/site-packages/airflow/example_dags/example_bash_operator.py for tasks to queue
[2024-04-20T05:57:07.098+0000] {logging_mixin.py:117} INFO - [2024-04-20T05:57:07.098+0000] {dagbag.py:525} INFO - Filling up the DagBag from /home/airflow/.local/lib/python3.7/site-packages/airflow/example_dags/example_bash_operator.py
[2024-04-20T05:57:07.122+0000] {processor.py:768} INFO - DAG(s) dict_keys(['example_bash_operator']) retrieved from /home/airflow/.local/lib/python3.7/site-packages/airflow/example_dags/example_bash_operator.py
[2024-04-20T05:57:07.178+0000] {logging_mixin.py:117} INFO - [2024-04-20T05:57:07.178+0000] {dag.py:2573} INFO - Sync 1 DAGs
[2024-04-20T05:57:07.265+0000] {logging_mixin.py:117} INFO - [2024-04-20T05:57:07.265+0000] {dag.py:3328} INFO - Setting next_dagrun for example_bash_operator to 2024-04-19T00:00:00+00:00, run_after=2024-04-20T00:00:00+00:00
[2024-04-20T05:57:07.473+0000] {processor.py:178} INFO - Processing /home/airflow/.local/lib/python3.7/site-packages/airflow/example_dags/example_bash_operator.py took 0.379 seconds
[2024-04-20T05:57:38.399+0000] {processor.py:156} INFO - Started process (PID=647) to work on /home/airflow/.local/lib/python3.7/site-packages/airflow/example_dags/example_bash_operator.py
[2024-04-20T05:57:38.399+0000] {processor.py:758} INFO - Processing file /home/airflow/.local/lib/python3.7/site-packages/airflow/example_dags/example_bash_operator.py for tasks to queue
[2024-04-20T05:57:38.400+0000] {logging_mixin.py:117} INFO - [2024-04-20T05:57:38.400+0000] {dagbag.py:525} INFO - Filling up the DagBag from /home/airflow/.local/lib/python3.7/site-packages/airflow/example_dags/example_bash_operator.py
[2024-04-20T05:57:38.425+0000] {processor.py:768} INFO - DAG(s) dict_keys(['example_bash_operator']) retrieved from /home/airflow/.local/lib/python3.7/site-packages/airflow/example_dags/example_bash_operator.py
[2024-04-20T05:57:38.485+0000] {logging_mixin.py:117} INFO - [2024-04-20T05:57:38.484+0000] {dag.py:2573} INFO - Sync 1 DAGs
[2024-04-20T05:57:38.729+0000] {logging_mixin.py:117} INFO - [2024-04-20T05:57:38.728+0000] {dag.py:3328} INFO - Setting next_dagrun for example_bash_operator to 2024-04-19T00:00:00+00:00, run_after=2024-04-20T00:00:00+00:00
[2024-04-20T05:57:38.791+0000] {processor.py:178} INFO - Processing /home/airflow/.local/lib/python3.7/site-packages/airflow/example_dags/example_bash_operator.py took 0.395 seconds
[2024-04-20T05:58:09.397+0000] {processor.py:156} INFO - Started process (PID=864) to work on /home/airflow/.local/lib/python3.7/site-packages/airflow/example_dags/example_bash_operator.py
[2024-04-20T05:58:09.397+0000] {processor.py:758} INFO - Processing file /home/airflow/.local/lib/python3.7/site-packages/airflow/example_dags/example_bash_operator.py for tasks to queue
[2024-04-20T05:58:09.398+0000] {logging_mixin.py:117} INFO - [2024-04-20T05:58:09.398+0000] {dagbag.py:525} INFO - Filling up the DagBag from /home/airflow/.local/lib/python3.7/site-packages/airflow/example_dags/example_bash_operator.py
[2024-04-20T05:58:09.449+0000] {processor.py:768} INFO - DAG(s) dict_keys(['example_bash_operator']) retrieved from /home/airflow/.local/lib/python3.7/site-packages/airflow/example_dags/example_bash_operator.py
[2024-04-20T05:58:09.894+0000] {logging_mixin.py:117} INFO - [2024-04-20T05:58:09.893+0000] {dag.py:2573} INFO - Sync 1 DAGs
[2024-04-20T05:58:09.924+0000] {logging_mixin.py:117} INFO - [2024-04-20T05:58:09.924+0000] {dag.py:3328} INFO - Setting next_dagrun for example_bash_operator to 2024-04-19T00:00:00+00:00, run_after=2024-04-20T00:00:00+00:00
[2024-04-20T05:58:09.953+0000] {processor.py:178} INFO - Processing /home/airflow/.local/lib/python3.7/site-packages/airflow/example_dags/example_bash_operator.py took 0.559 seconds
[2024-04-20T05:58:40.665+0000] {processor.py:156} INFO - Started process (PID=1093) to work on /home/airflow/.local/lib/python3.7/site-packages/airflow/example_dags/example_bash_operator.py
[2024-04-20T05:58:40.665+0000] {processor.py:758} INFO - Processing file /home/airflow/.local/lib/python3.7/site-packages/airflow/example_dags/example_bash_operator.py for tasks to queue
[2024-04-20T05:58:40.666+0000] {logging_mixin.py:117} INFO - [2024-04-20T05:58:40.666+0000] {dagbag.py:525} INFO - Filling up the DagBag from /home/airflow/.local/lib/python3.7/site-packages/airflow/example_dags/example_bash_operator.py
[2024-04-20T05:58:40.692+0000] {processor.py:768} INFO - DAG(s) dict_keys(['example_bash_operator']) retrieved from /home/airflow/.local/lib/python3.7/site-packages/airflow/example_dags/example_bash_operator.py
[2024-04-20T05:58:40.892+0000] {logging_mixin.py:117} INFO - [2024-04-20T05:58:40.892+0000] {dag.py:2573} INFO - Sync 1 DAGs
[2024-04-20T05:58:40.924+0000] {logging_mixin.py:117} INFO - [2024-04-20T05:58:40.924+0000] {dag.py:3328} INFO - Setting next_dagrun for example_bash_operator to 2024-04-19T00:00:00+00:00, run_after=2024-04-20T00:00:00+00:00
[2024-04-20T05:58:40.950+0000] {processor.py:178} INFO - Processing /home/airflow/.local/lib/python3.7/site-packages/airflow/example_dags/example_bash_operator.py took 0.289 seconds
[2024-04-20T05:59:11.494+0000] {processor.py:156} INFO - Started process (PID=1321) to work on /home/airflow/.local/lib/python3.7/site-packages/airflow/example_dags/example_bash_operator.py
[2024-04-20T05:59:11.495+0000] {processor.py:758} INFO - Processing file /home/airflow/.local/lib/python3.7/site-packages/airflow/example_dags/example_bash_operator.py for tasks to queue
[2024-04-20T05:59:11.496+0000] {logging_mixin.py:117} INFO - [2024-04-20T05:59:11.496+0000] {dagbag.py:525} INFO - Filling up the DagBag from /home/airflow/.local/lib/python3.7/site-packages/airflow/example_dags/example_bash_operator.py
[2024-04-20T05:59:11.675+0000] {processor.py:768} INFO - DAG(s) dict_keys(['example_bash_operator']) retrieved from /home/airflow/.local/lib/python3.7/site-packages/airflow/example_dags/example_bash_operator.py
[2024-04-20T05:59:11.752+0000] {logging_mixin.py:117} INFO - [2024-04-20T05:59:11.751+0000] {dag.py:2573} INFO - Sync 1 DAGs
[2024-04-20T05:59:11.787+0000] {logging_mixin.py:117} INFO - [2024-04-20T05:59:11.787+0000] {dag.py:3328} INFO - Setting next_dagrun for example_bash_operator to 2024-04-19T00:00:00+00:00, run_after=2024-04-20T00:00:00+00:00
[2024-04-20T05:59:11.811+0000] {processor.py:178} INFO - Processing /home/airflow/.local/lib/python3.7/site-packages/airflow/example_dags/example_bash_operator.py took 0.320 seconds
[2024-04-20T05:59:41.857+0000] {processor.py:156} INFO - Started process (PID=1539) to work on /home/airflow/.local/lib/python3.7/site-packages/airflow/example_dags/example_bash_operator.py
[2024-04-20T05:59:41.858+0000] {processor.py:758} INFO - Processing file /home/airflow/.local/lib/python3.7/site-packages/airflow/example_dags/example_bash_operator.py for tasks to queue
[2024-04-20T05:59:41.858+0000] {logging_mixin.py:117} INFO - [2024-04-20T05:59:41.858+0000] {dagbag.py:525} INFO - Filling up the DagBag from /home/airflow/.local/lib/python3.7/site-packages/airflow/example_dags/example_bash_operator.py
[2024-04-20T05:59:41.989+0000] {processor.py:768} INFO - DAG(s) dict_keys(['example_bash_operator']) retrieved from /home/airflow/.local/lib/python3.7/site-packages/airflow/example_dags/example_bash_operator.py
[2024-04-20T05:59:42.023+0000] {logging_mixin.py:117} INFO - [2024-04-20T05:59:42.023+0000] {dag.py:2573} INFO - Sync 1 DAGs
[2024-04-20T05:59:42.043+0000] {logging_mixin.py:117} INFO - [2024-04-20T05:59:42.043+0000] {dag.py:3328} INFO - Setting next_dagrun for example_bash_operator to 2024-04-19T00:00:00+00:00, run_after=2024-04-20T00:00:00+00:00
[2024-04-20T05:59:42.062+0000] {processor.py:178} INFO - Processing /home/airflow/.local/lib/python3.7/site-packages/airflow/example_dags/example_bash_operator.py took 0.207 seconds
[2024-04-20T06:00:12.975+0000] {processor.py:156} INFO - Started process (PID=1766) to work on /home/airflow/.local/lib/python3.7/site-packages/airflow/example_dags/example_bash_operator.py
[2024-04-20T06:00:12.976+0000] {processor.py:758} INFO - Processing file /home/airflow/.local/lib/python3.7/site-packages/airflow/example_dags/example_bash_operator.py for tasks to queue
[2024-04-20T06:00:12.976+0000] {logging_mixin.py:117} INFO - [2024-04-20T06:00:12.976+0000] {dagbag.py:525} INFO - Filling up the DagBag from /home/airflow/.local/lib/python3.7/site-packages/airflow/example_dags/example_bash_operator.py
[2024-04-20T06:00:13.003+0000] {processor.py:768} INFO - DAG(s) dict_keys(['example_bash_operator']) retrieved from /home/airflow/.local/lib/python3.7/site-packages/airflow/example_dags/example_bash_operator.py
[2024-04-20T06:00:13.095+0000] {logging_mixin.py:117} INFO - [2024-04-20T06:00:13.095+0000] {dag.py:2573} INFO - Sync 1 DAGs
[2024-04-20T06:00:13.131+0000] {logging_mixin.py:117} INFO - [2024-04-20T06:00:13.130+0000] {dag.py:3328} INFO - Setting next_dagrun for example_bash_operator to 2024-04-19T00:00:00+00:00, run_after=2024-04-20T00:00:00+00:00
[2024-04-20T06:00:13.157+0000] {processor.py:178} INFO - Processing /home/airflow/.local/lib/python3.7/site-packages/airflow/example_dags/example_bash_operator.py took 0.185 seconds
[2024-04-20T06:00:43.471+0000] {processor.py:156} INFO - Started process (PID=1993) to work on /home/airflow/.local/lib/python3.7/site-packages/airflow/example_dags/example_bash_operator.py
[2024-04-20T06:00:43.472+0000] {processor.py:758} INFO - Processing file /home/airflow/.local/lib/python3.7/site-packages/airflow/example_dags/example_bash_operator.py for tasks to queue
[2024-04-20T06:00:43.473+0000] {logging_mixin.py:117} INFO - [2024-04-20T06:00:43.473+0000] {dagbag.py:525} INFO - Filling up the DagBag from /home/airflow/.local/lib/python3.7/site-packages/airflow/example_dags/example_bash_operator.py
[2024-04-20T06:00:43.502+0000] {processor.py:768} INFO - DAG(s) dict_keys(['example_bash_operator']) retrieved from /home/airflow/.local/lib/python3.7/site-packages/airflow/example_dags/example_bash_operator.py
[2024-04-20T06:00:43.562+0000] {logging_mixin.py:117} INFO - [2024-04-20T06:00:43.561+0000] {dag.py:2573} INFO - Sync 1 DAGs
[2024-04-20T06:00:43.612+0000] {logging_mixin.py:117} INFO - [2024-04-20T06:00:43.611+0000] {dag.py:3328} INFO - Setting next_dagrun for example_bash_operator to 2024-04-19T00:00:00+00:00, run_after=2024-04-20T00:00:00+00:00
[2024-04-20T06:00:43.638+0000] {processor.py:178} INFO - Processing /home/airflow/.local/lib/python3.7/site-packages/airflow/example_dags/example_bash_operator.py took 0.170 seconds
[2024-04-20T06:01:13.925+0000] {processor.py:156} INFO - Started process (PID=2211) to work on /home/airflow/.local/lib/python3.7/site-packages/airflow/example_dags/example_bash_operator.py
[2024-04-20T06:01:13.927+0000] {processor.py:758} INFO - Processing file /home/airflow/.local/lib/python3.7/site-packages/airflow/example_dags/example_bash_operator.py for tasks to queue
[2024-04-20T06:01:13.927+0000] {logging_mixin.py:117} INFO - [2024-04-20T06:01:13.927+0000] {dagbag.py:525} INFO - Filling up the DagBag from /home/airflow/.local/lib/python3.7/site-packages/airflow/example_dags/example_bash_operator.py
[2024-04-20T06:01:13.955+0000] {processor.py:768} INFO - DAG(s) dict_keys(['example_bash_operator']) retrieved from /home/airflow/.local/lib/python3.7/site-packages/airflow/example_dags/example_bash_operator.py
[2024-04-20T06:01:14.012+0000] {logging_mixin.py:117} INFO - [2024-04-20T06:01:14.012+0000] {dag.py:2573} INFO - Sync 1 DAGs
[2024-04-20T06:01:14.049+0000] {logging_mixin.py:117} INFO - [2024-04-20T06:01:14.049+0000] {dag.py:3328} INFO - Setting next_dagrun for example_bash_operator to 2024-04-19T00:00:00+00:00, run_after=2024-04-20T00:00:00+00:00
[2024-04-20T06:01:14.076+0000] {processor.py:178} INFO - Processing /home/airflow/.local/lib/python3.7/site-packages/airflow/example_dags/example_bash_operator.py took 0.154 seconds
[2024-04-20T06:01:44.669+0000] {processor.py:156} INFO - Started process (PID=2439) to work on /home/airflow/.local/lib/python3.7/site-packages/airflow/example_dags/example_bash_operator.py
[2024-04-20T06:01:44.670+0000] {processor.py:758} INFO - Processing file /home/airflow/.local/lib/python3.7/site-packages/airflow/example_dags/example_bash_operator.py for tasks to queue
[2024-04-20T06:01:44.670+0000] {logging_mixin.py:117} INFO - [2024-04-20T06:01:44.670+0000] {dagbag.py:525} INFO - Filling up the DagBag from /home/airflow/.local/lib/python3.7/site-packages/airflow/example_dags/example_bash_operator.py
[2024-04-20T06:01:44.703+0000] {processor.py:768} INFO - DAG(s) dict_keys(['example_bash_operator']) retrieved from /home/airflow/.local/lib/python3.7/site-packages/airflow/example_dags/example_bash_operator.py
[2024-04-20T06:01:44.761+0000] {logging_mixin.py:117} INFO - [2024-04-20T06:01:44.761+0000] {dag.py:2573} INFO - Sync 1 DAGs
[2024-04-20T06:01:44.794+0000] {logging_mixin.py:117} INFO - [2024-04-20T06:01:44.794+0000] {dag.py:3328} INFO - Setting next_dagrun for example_bash_operator to 2024-04-19T00:00:00+00:00, run_after=2024-04-20T00:00:00+00:00
[2024-04-20T06:01:44.820+0000] {processor.py:178} INFO - Processing /home/airflow/.local/lib/python3.7/site-packages/airflow/example_dags/example_bash_operator.py took 0.154 seconds
[2024-04-20T06:02:15.432+0000] {processor.py:156} INFO - Started process (PID=2667) to work on /home/airflow/.local/lib/python3.7/site-packages/airflow/example_dags/example_bash_operator.py
[2024-04-20T06:02:15.435+0000] {processor.py:758} INFO - Processing file /home/airflow/.local/lib/python3.7/site-packages/airflow/example_dags/example_bash_operator.py for tasks to queue
[2024-04-20T06:02:15.436+0000] {logging_mixin.py:117} INFO - [2024-04-20T06:02:15.436+0000] {dagbag.py:525} INFO - Filling up the DagBag from /home/airflow/.local/lib/python3.7/site-packages/airflow/example_dags/example_bash_operator.py
[2024-04-20T06:02:15.497+0000] {processor.py:768} INFO - DAG(s) dict_keys(['example_bash_operator']) retrieved from /home/airflow/.local/lib/python3.7/site-packages/airflow/example_dags/example_bash_operator.py
[2024-04-20T06:02:15.674+0000] {logging_mixin.py:117} INFO - [2024-04-20T06:02:15.674+0000] {dag.py:2573} INFO - Sync 1 DAGs
[2024-04-20T06:02:15.745+0000] {logging_mixin.py:117} INFO - [2024-04-20T06:02:15.745+0000] {dag.py:3328} INFO - Setting next_dagrun for example_bash_operator to 2024-04-19T00:00:00+00:00, run_after=2024-04-20T00:00:00+00:00
[2024-04-20T06:02:15.777+0000] {processor.py:178} INFO - Processing /home/airflow/.local/lib/python3.7/site-packages/airflow/example_dags/example_bash_operator.py took 0.360 seconds
[2024-04-20T06:02:46.743+0000] {processor.py:156} INFO - Started process (PID=2885) to work on /home/airflow/.local/lib/python3.7/site-packages/airflow/example_dags/example_bash_operator.py
[2024-04-20T06:02:46.744+0000] {processor.py:758} INFO - Processing file /home/airflow/.local/lib/python3.7/site-packages/airflow/example_dags/example_bash_operator.py for tasks to queue
[2024-04-20T06:02:46.744+0000] {logging_mixin.py:117} INFO - [2024-04-20T06:02:46.744+0000] {dagbag.py:525} INFO - Filling up the DagBag from /home/airflow/.local/lib/python3.7/site-packages/airflow/example_dags/example_bash_operator.py
[2024-04-20T06:02:46.773+0000] {processor.py:768} INFO - DAG(s) dict_keys(['example_bash_operator']) retrieved from /home/airflow/.local/lib/python3.7/site-packages/airflow/example_dags/example_bash_operator.py
[2024-04-20T06:02:46.831+0000] {logging_mixin.py:117} INFO - [2024-04-20T06:02:46.831+0000] {dag.py:2573} INFO - Sync 1 DAGs
[2024-04-20T06:02:46.866+0000] {logging_mixin.py:117} INFO - [2024-04-20T06:02:46.865+0000] {dag.py:3328} INFO - Setting next_dagrun for example_bash_operator to 2024-04-19T00:00:00+00:00, run_after=2024-04-20T00:00:00+00:00
[2024-04-20T06:02:46.891+0000] {processor.py:178} INFO - Processing /home/airflow/.local/lib/python3.7/site-packages/airflow/example_dags/example_bash_operator.py took 0.151 seconds
[2024-04-20T06:03:17.565+0000] {processor.py:156} INFO - Started process (PID=3112) to work on /home/airflow/.local/lib/python3.7/site-packages/airflow/example_dags/example_bash_operator.py
[2024-04-20T06:03:17.566+0000] {processor.py:758} INFO - Processing file /home/airflow/.local/lib/python3.7/site-packages/airflow/example_dags/example_bash_operator.py for tasks to queue
[2024-04-20T06:03:17.566+0000] {logging_mixin.py:117} INFO - [2024-04-20T06:03:17.566+0000] {dagbag.py:525} INFO - Filling up the DagBag from /home/airflow/.local/lib/python3.7/site-packages/airflow/example_dags/example_bash_operator.py
[2024-04-20T06:03:17.599+0000] {processor.py:768} INFO - DAG(s) dict_keys(['example_bash_operator']) retrieved from /home/airflow/.local/lib/python3.7/site-packages/airflow/example_dags/example_bash_operator.py
[2024-04-20T06:03:17.661+0000] {logging_mixin.py:117} INFO - [2024-04-20T06:03:17.661+0000] {dag.py:2573} INFO - Sync 1 DAGs
[2024-04-20T06:03:17.711+0000] {logging_mixin.py:117} INFO - [2024-04-20T06:03:17.711+0000] {dag.py:3328} INFO - Setting next_dagrun for example_bash_operator to 2024-04-19T00:00:00+00:00, run_after=2024-04-20T00:00:00+00:00
[2024-04-20T06:03:17.735+0000] {processor.py:178} INFO - Processing /home/airflow/.local/lib/python3.7/site-packages/airflow/example_dags/example_bash_operator.py took 0.173 seconds
