[2024-04-20T05:31:39.396+0000] {processor.py:156} INFO - Started process (PID=200) to work on /home/airflow/.local/lib/python3.7/site-packages/airflow/example_dags/example_time_delta_sensor_async.py
[2024-04-20T05:31:39.397+0000] {processor.py:758} INFO - Processing file /home/airflow/.local/lib/python3.7/site-packages/airflow/example_dags/example_time_delta_sensor_async.py for tasks to queue
[2024-04-20T05:31:39.402+0000] {logging_mixin.py:117} INFO - [2024-04-20T05:31:39.397+0000] {dagbag.py:525} INFO - Filling up the DagBag from /home/airflow/.local/lib/python3.7/site-packages/airflow/example_dags/example_time_delta_sensor_async.py
[2024-04-20T05:31:39.518+0000] {processor.py:768} INFO - DAG(s) dict_keys(['example_time_delta_sensor_async']) retrieved from /home/airflow/.local/lib/python3.7/site-packages/airflow/example_dags/example_time_delta_sensor_async.py
[2024-04-20T05:31:40.500+0000] {logging_mixin.py:117} INFO - [2024-04-20T05:31:40.500+0000] {manager.py:507} INFO - Created Permission View: can delete on DAG:example_time_delta_sensor_async
[2024-04-20T05:31:40.516+0000] {logging_mixin.py:117} INFO - [2024-04-20T05:31:40.516+0000] {manager.py:507} INFO - Created Permission View: can edit on DAG:example_time_delta_sensor_async
[2024-04-20T05:31:40.534+0000] {logging_mixin.py:117} INFO - [2024-04-20T05:31:40.534+0000] {manager.py:507} INFO - Created Permission View: can read on DAG:example_time_delta_sensor_async
[2024-04-20T05:31:40.534+0000] {logging_mixin.py:117} INFO - [2024-04-20T05:31:40.534+0000] {dag.py:2573} INFO - Sync 1 DAGs
[2024-04-20T05:31:40.566+0000] {logging_mixin.py:117} INFO - [2024-04-20T05:31:40.566+0000] {dag.py:2594} INFO - Creating ORM DAG for example_time_delta_sensor_async
[2024-04-20T05:31:40.593+0000] {logging_mixin.py:117} INFO - [2024-04-20T05:31:40.592+0000] {dag.py:3328} INFO - Setting next_dagrun for example_time_delta_sensor_async to None, run_after=None
[2024-04-20T05:31:40.630+0000] {processor.py:178} INFO - Processing /home/airflow/.local/lib/python3.7/site-packages/airflow/example_dags/example_time_delta_sensor_async.py took 1.260 seconds
[2024-04-20T05:32:11.088+0000] {processor.py:156} INFO - Started process (PID=416) to work on /home/airflow/.local/lib/python3.7/site-packages/airflow/example_dags/example_time_delta_sensor_async.py
[2024-04-20T05:32:11.089+0000] {processor.py:758} INFO - Processing file /home/airflow/.local/lib/python3.7/site-packages/airflow/example_dags/example_time_delta_sensor_async.py for tasks to queue
[2024-04-20T05:32:11.089+0000] {logging_mixin.py:117} INFO - [2024-04-20T05:32:11.089+0000] {dagbag.py:525} INFO - Filling up the DagBag from /home/airflow/.local/lib/python3.7/site-packages/airflow/example_dags/example_time_delta_sensor_async.py
[2024-04-20T05:32:11.109+0000] {processor.py:768} INFO - DAG(s) dict_keys(['example_time_delta_sensor_async']) retrieved from /home/airflow/.local/lib/python3.7/site-packages/airflow/example_dags/example_time_delta_sensor_async.py
[2024-04-20T05:32:11.348+0000] {logging_mixin.py:117} INFO - [2024-04-20T05:32:11.348+0000] {dag.py:2573} INFO - Sync 1 DAGs
[2024-04-20T05:32:11.486+0000] {logging_mixin.py:117} INFO - [2024-04-20T05:32:11.486+0000] {dag.py:3328} INFO - Setting next_dagrun for example_time_delta_sensor_async to None, run_after=None
[2024-04-20T05:32:11.505+0000] {processor.py:178} INFO - Processing /home/airflow/.local/lib/python3.7/site-packages/airflow/example_dags/example_time_delta_sensor_async.py took 0.420 seconds
[2024-04-20T05:32:41.686+0000] {processor.py:156} INFO - Started process (PID=640) to work on /home/airflow/.local/lib/python3.7/site-packages/airflow/example_dags/example_time_delta_sensor_async.py
[2024-04-20T05:32:41.687+0000] {processor.py:758} INFO - Processing file /home/airflow/.local/lib/python3.7/site-packages/airflow/example_dags/example_time_delta_sensor_async.py for tasks to queue
[2024-04-20T05:32:41.690+0000] {logging_mixin.py:117} INFO - [2024-04-20T05:32:41.690+0000] {dagbag.py:525} INFO - Filling up the DagBag from /home/airflow/.local/lib/python3.7/site-packages/airflow/example_dags/example_time_delta_sensor_async.py
[2024-04-20T05:32:41.725+0000] {processor.py:768} INFO - DAG(s) dict_keys(['example_time_delta_sensor_async']) retrieved from /home/airflow/.local/lib/python3.7/site-packages/airflow/example_dags/example_time_delta_sensor_async.py
[2024-04-20T05:32:42.416+0000] {logging_mixin.py:117} INFO - [2024-04-20T05:32:42.415+0000] {dag.py:2573} INFO - Sync 1 DAGs
[2024-04-20T05:32:42.519+0000] {logging_mixin.py:117} INFO - [2024-04-20T05:32:42.519+0000] {dag.py:3328} INFO - Setting next_dagrun for example_time_delta_sensor_async to None, run_after=None
[2024-04-20T05:32:42.568+0000] {processor.py:178} INFO - Processing /home/airflow/.local/lib/python3.7/site-packages/airflow/example_dags/example_time_delta_sensor_async.py took 0.886 seconds
[2024-04-20T05:33:12.701+0000] {processor.py:156} INFO - Started process (PID=855) to work on /home/airflow/.local/lib/python3.7/site-packages/airflow/example_dags/example_time_delta_sensor_async.py
[2024-04-20T05:33:12.701+0000] {processor.py:758} INFO - Processing file /home/airflow/.local/lib/python3.7/site-packages/airflow/example_dags/example_time_delta_sensor_async.py for tasks to queue
[2024-04-20T05:33:12.702+0000] {logging_mixin.py:117} INFO - [2024-04-20T05:33:12.702+0000] {dagbag.py:525} INFO - Filling up the DagBag from /home/airflow/.local/lib/python3.7/site-packages/airflow/example_dags/example_time_delta_sensor_async.py
[2024-04-20T05:33:12.718+0000] {processor.py:768} INFO - DAG(s) dict_keys(['example_time_delta_sensor_async']) retrieved from /home/airflow/.local/lib/python3.7/site-packages/airflow/example_dags/example_time_delta_sensor_async.py
[2024-04-20T05:33:13.153+0000] {logging_mixin.py:117} INFO - [2024-04-20T05:33:13.153+0000] {dag.py:2573} INFO - Sync 1 DAGs
[2024-04-20T05:33:13.182+0000] {logging_mixin.py:117} INFO - [2024-04-20T05:33:13.182+0000] {dag.py:3328} INFO - Setting next_dagrun for example_time_delta_sensor_async to None, run_after=None
[2024-04-20T05:33:13.211+0000] {processor.py:178} INFO - Processing /home/airflow/.local/lib/python3.7/site-packages/airflow/example_dags/example_time_delta_sensor_async.py took 0.513 seconds
[2024-04-20T05:33:43.404+0000] {processor.py:156} INFO - Started process (PID=1074) to work on /home/airflow/.local/lib/python3.7/site-packages/airflow/example_dags/example_time_delta_sensor_async.py
[2024-04-20T05:33:43.405+0000] {processor.py:758} INFO - Processing file /home/airflow/.local/lib/python3.7/site-packages/airflow/example_dags/example_time_delta_sensor_async.py for tasks to queue
[2024-04-20T05:33:43.406+0000] {logging_mixin.py:117} INFO - [2024-04-20T05:33:43.405+0000] {dagbag.py:525} INFO - Filling up the DagBag from /home/airflow/.local/lib/python3.7/site-packages/airflow/example_dags/example_time_delta_sensor_async.py
[2024-04-20T05:33:43.423+0000] {processor.py:768} INFO - DAG(s) dict_keys(['example_time_delta_sensor_async']) retrieved from /home/airflow/.local/lib/python3.7/site-packages/airflow/example_dags/example_time_delta_sensor_async.py
[2024-04-20T05:33:43.956+0000] {logging_mixin.py:117} INFO - [2024-04-20T05:33:43.955+0000] {dag.py:2573} INFO - Sync 1 DAGs
[2024-04-20T05:33:43.984+0000] {logging_mixin.py:117} INFO - [2024-04-20T05:33:43.984+0000] {dag.py:3328} INFO - Setting next_dagrun for example_time_delta_sensor_async to None, run_after=None
[2024-04-20T05:33:44.009+0000] {processor.py:178} INFO - Processing /home/airflow/.local/lib/python3.7/site-packages/airflow/example_dags/example_time_delta_sensor_async.py took 0.609 seconds
[2024-04-20T05:34:14.599+0000] {processor.py:156} INFO - Started process (PID=1283) to work on /home/airflow/.local/lib/python3.7/site-packages/airflow/example_dags/example_time_delta_sensor_async.py
[2024-04-20T05:34:14.600+0000] {processor.py:758} INFO - Processing file /home/airflow/.local/lib/python3.7/site-packages/airflow/example_dags/example_time_delta_sensor_async.py for tasks to queue
[2024-04-20T05:34:14.600+0000] {logging_mixin.py:117} INFO - [2024-04-20T05:34:14.600+0000] {dagbag.py:525} INFO - Filling up the DagBag from /home/airflow/.local/lib/python3.7/site-packages/airflow/example_dags/example_time_delta_sensor_async.py
[2024-04-20T05:34:14.617+0000] {processor.py:768} INFO - DAG(s) dict_keys(['example_time_delta_sensor_async']) retrieved from /home/airflow/.local/lib/python3.7/site-packages/airflow/example_dags/example_time_delta_sensor_async.py
[2024-04-20T05:34:15.064+0000] {logging_mixin.py:117} INFO - [2024-04-20T05:34:15.064+0000] {dag.py:2573} INFO - Sync 1 DAGs
[2024-04-20T05:34:15.091+0000] {logging_mixin.py:117} INFO - [2024-04-20T05:34:15.091+0000] {dag.py:3328} INFO - Setting next_dagrun for example_time_delta_sensor_async to None, run_after=None
[2024-04-20T05:34:15.124+0000] {processor.py:178} INFO - Processing /home/airflow/.local/lib/python3.7/site-packages/airflow/example_dags/example_time_delta_sensor_async.py took 0.528 seconds
[2024-04-20T05:34:45.164+0000] {processor.py:156} INFO - Started process (PID=1501) to work on /home/airflow/.local/lib/python3.7/site-packages/airflow/example_dags/example_time_delta_sensor_async.py
[2024-04-20T05:34:45.164+0000] {processor.py:758} INFO - Processing file /home/airflow/.local/lib/python3.7/site-packages/airflow/example_dags/example_time_delta_sensor_async.py for tasks to queue
[2024-04-20T05:34:45.165+0000] {logging_mixin.py:117} INFO - [2024-04-20T05:34:45.165+0000] {dagbag.py:525} INFO - Filling up the DagBag from /home/airflow/.local/lib/python3.7/site-packages/airflow/example_dags/example_time_delta_sensor_async.py
[2024-04-20T05:34:45.372+0000] {processor.py:768} INFO - DAG(s) dict_keys(['example_time_delta_sensor_async']) retrieved from /home/airflow/.local/lib/python3.7/site-packages/airflow/example_dags/example_time_delta_sensor_async.py
[2024-04-20T05:34:45.677+0000] {logging_mixin.py:117} INFO - [2024-04-20T05:34:45.677+0000] {dag.py:2573} INFO - Sync 1 DAGs
[2024-04-20T05:34:45.725+0000] {logging_mixin.py:117} INFO - [2024-04-20T05:34:45.724+0000] {dag.py:3328} INFO - Setting next_dagrun for example_time_delta_sensor_async to None, run_after=None
[2024-04-20T05:34:45.749+0000] {processor.py:178} INFO - Processing /home/airflow/.local/lib/python3.7/site-packages/airflow/example_dags/example_time_delta_sensor_async.py took 0.588 seconds
[2024-04-20T05:35:16.260+0000] {processor.py:156} INFO - Started process (PID=1710) to work on /home/airflow/.local/lib/python3.7/site-packages/airflow/example_dags/example_time_delta_sensor_async.py
[2024-04-20T05:35:16.261+0000] {processor.py:758} INFO - Processing file /home/airflow/.local/lib/python3.7/site-packages/airflow/example_dags/example_time_delta_sensor_async.py for tasks to queue
[2024-04-20T05:35:16.262+0000] {logging_mixin.py:117} INFO - [2024-04-20T05:35:16.261+0000] {dagbag.py:525} INFO - Filling up the DagBag from /home/airflow/.local/lib/python3.7/site-packages/airflow/example_dags/example_time_delta_sensor_async.py
[2024-04-20T05:35:16.278+0000] {processor.py:768} INFO - DAG(s) dict_keys(['example_time_delta_sensor_async']) retrieved from /home/airflow/.local/lib/python3.7/site-packages/airflow/example_dags/example_time_delta_sensor_async.py
[2024-04-20T05:35:16.564+0000] {logging_mixin.py:117} INFO - [2024-04-20T05:35:16.564+0000] {dag.py:2573} INFO - Sync 1 DAGs
[2024-04-20T05:35:16.594+0000] {logging_mixin.py:117} INFO - [2024-04-20T05:35:16.594+0000] {dag.py:3328} INFO - Setting next_dagrun for example_time_delta_sensor_async to None, run_after=None
[2024-04-20T05:35:16.618+0000] {processor.py:178} INFO - Processing /home/airflow/.local/lib/python3.7/site-packages/airflow/example_dags/example_time_delta_sensor_async.py took 0.361 seconds
[2024-04-20T05:35:46.809+0000] {processor.py:156} INFO - Started process (PID=1927) to work on /home/airflow/.local/lib/python3.7/site-packages/airflow/example_dags/example_time_delta_sensor_async.py
[2024-04-20T05:35:46.810+0000] {processor.py:758} INFO - Processing file /home/airflow/.local/lib/python3.7/site-packages/airflow/example_dags/example_time_delta_sensor_async.py for tasks to queue
[2024-04-20T05:35:46.810+0000] {logging_mixin.py:117} INFO - [2024-04-20T05:35:46.810+0000] {dagbag.py:525} INFO - Filling up the DagBag from /home/airflow/.local/lib/python3.7/site-packages/airflow/example_dags/example_time_delta_sensor_async.py
[2024-04-20T05:35:46.827+0000] {processor.py:768} INFO - DAG(s) dict_keys(['example_time_delta_sensor_async']) retrieved from /home/airflow/.local/lib/python3.7/site-packages/airflow/example_dags/example_time_delta_sensor_async.py
[2024-04-20T05:35:47.136+0000] {logging_mixin.py:117} INFO - [2024-04-20T05:35:47.136+0000] {dag.py:2573} INFO - Sync 1 DAGs
[2024-04-20T05:35:47.167+0000] {logging_mixin.py:117} INFO - [2024-04-20T05:35:47.167+0000] {dag.py:3328} INFO - Setting next_dagrun for example_time_delta_sensor_async to None, run_after=None
[2024-04-20T05:35:47.192+0000] {processor.py:178} INFO - Processing /home/airflow/.local/lib/python3.7/site-packages/airflow/example_dags/example_time_delta_sensor_async.py took 0.386 seconds
[2024-04-20T05:36:18.031+0000] {processor.py:156} INFO - Started process (PID=2134) to work on /home/airflow/.local/lib/python3.7/site-packages/airflow/example_dags/example_time_delta_sensor_async.py
[2024-04-20T05:36:18.032+0000] {processor.py:758} INFO - Processing file /home/airflow/.local/lib/python3.7/site-packages/airflow/example_dags/example_time_delta_sensor_async.py for tasks to queue
[2024-04-20T05:36:18.035+0000] {logging_mixin.py:117} INFO - [2024-04-20T05:36:18.034+0000] {dagbag.py:525} INFO - Filling up the DagBag from /home/airflow/.local/lib/python3.7/site-packages/airflow/example_dags/example_time_delta_sensor_async.py
[2024-04-20T05:36:18.085+0000] {processor.py:768} INFO - DAG(s) dict_keys(['example_time_delta_sensor_async']) retrieved from /home/airflow/.local/lib/python3.7/site-packages/airflow/example_dags/example_time_delta_sensor_async.py
[2024-04-20T05:36:19.383+0000] {logging_mixin.py:117} INFO - [2024-04-20T05:36:19.383+0000] {dag.py:2573} INFO - Sync 1 DAGs
[2024-04-20T05:36:19.440+0000] {logging_mixin.py:117} INFO - [2024-04-20T05:36:19.439+0000] {dag.py:3328} INFO - Setting next_dagrun for example_time_delta_sensor_async to None, run_after=None
[2024-04-20T05:36:19.467+0000] {processor.py:178} INFO - Processing /home/airflow/.local/lib/python3.7/site-packages/airflow/example_dags/example_time_delta_sensor_async.py took 1.477 seconds
[2024-04-20T05:36:49.613+0000] {processor.py:156} INFO - Started process (PID=2391) to work on /home/airflow/.local/lib/python3.7/site-packages/airflow/example_dags/example_time_delta_sensor_async.py
[2024-04-20T05:36:49.614+0000] {processor.py:758} INFO - Processing file /home/airflow/.local/lib/python3.7/site-packages/airflow/example_dags/example_time_delta_sensor_async.py for tasks to queue
[2024-04-20T05:36:49.614+0000] {logging_mixin.py:117} INFO - [2024-04-20T05:36:49.614+0000] {dagbag.py:525} INFO - Filling up the DagBag from /home/airflow/.local/lib/python3.7/site-packages/airflow/example_dags/example_time_delta_sensor_async.py
[2024-04-20T05:36:49.626+0000] {processor.py:768} INFO - DAG(s) dict_keys(['example_time_delta_sensor_async']) retrieved from /home/airflow/.local/lib/python3.7/site-packages/airflow/example_dags/example_time_delta_sensor_async.py
[2024-04-20T05:36:49.788+0000] {logging_mixin.py:117} INFO - [2024-04-20T05:36:49.788+0000] {dag.py:2573} INFO - Sync 1 DAGs
[2024-04-20T05:36:49.808+0000] {logging_mixin.py:117} INFO - [2024-04-20T05:36:49.808+0000] {dag.py:3328} INFO - Setting next_dagrun for example_time_delta_sensor_async to None, run_after=None
[2024-04-20T05:36:49.826+0000] {processor.py:178} INFO - Processing /home/airflow/.local/lib/python3.7/site-packages/airflow/example_dags/example_time_delta_sensor_async.py took 0.216 seconds
[2024-04-20T05:37:20.004+0000] {processor.py:156} INFO - Started process (PID=2672) to work on /home/airflow/.local/lib/python3.7/site-packages/airflow/example_dags/example_time_delta_sensor_async.py
[2024-04-20T05:37:20.005+0000] {processor.py:758} INFO - Processing file /home/airflow/.local/lib/python3.7/site-packages/airflow/example_dags/example_time_delta_sensor_async.py for tasks to queue
[2024-04-20T05:37:20.006+0000] {logging_mixin.py:117} INFO - [2024-04-20T05:37:20.005+0000] {dagbag.py:525} INFO - Filling up the DagBag from /home/airflow/.local/lib/python3.7/site-packages/airflow/example_dags/example_time_delta_sensor_async.py
[2024-04-20T05:37:20.024+0000] {processor.py:768} INFO - DAG(s) dict_keys(['example_time_delta_sensor_async']) retrieved from /home/airflow/.local/lib/python3.7/site-packages/airflow/example_dags/example_time_delta_sensor_async.py
[2024-04-20T05:37:20.217+0000] {logging_mixin.py:117} INFO - [2024-04-20T05:37:20.217+0000] {dag.py:2573} INFO - Sync 1 DAGs
[2024-04-20T05:37:20.236+0000] {logging_mixin.py:117} INFO - [2024-04-20T05:37:20.236+0000] {dag.py:3328} INFO - Setting next_dagrun for example_time_delta_sensor_async to None, run_after=None
[2024-04-20T05:37:20.257+0000] {processor.py:178} INFO - Processing /home/airflow/.local/lib/python3.7/site-packages/airflow/example_dags/example_time_delta_sensor_async.py took 0.256 seconds
[2024-04-20T05:37:50.334+0000] {processor.py:156} INFO - Started process (PID=2893) to work on /home/airflow/.local/lib/python3.7/site-packages/airflow/example_dags/example_time_delta_sensor_async.py
[2024-04-20T05:37:50.335+0000] {processor.py:758} INFO - Processing file /home/airflow/.local/lib/python3.7/site-packages/airflow/example_dags/example_time_delta_sensor_async.py for tasks to queue
[2024-04-20T05:37:50.336+0000] {logging_mixin.py:117} INFO - [2024-04-20T05:37:50.335+0000] {dagbag.py:525} INFO - Filling up the DagBag from /home/airflow/.local/lib/python3.7/site-packages/airflow/example_dags/example_time_delta_sensor_async.py
[2024-04-20T05:37:50.351+0000] {processor.py:768} INFO - DAG(s) dict_keys(['example_time_delta_sensor_async']) retrieved from /home/airflow/.local/lib/python3.7/site-packages/airflow/example_dags/example_time_delta_sensor_async.py
[2024-04-20T05:37:50.807+0000] {logging_mixin.py:117} INFO - [2024-04-20T05:37:50.806+0000] {dag.py:2573} INFO - Sync 1 DAGs
[2024-04-20T05:37:50.851+0000] {logging_mixin.py:117} INFO - [2024-04-20T05:37:50.851+0000] {dag.py:3328} INFO - Setting next_dagrun for example_time_delta_sensor_async to None, run_after=None
[2024-04-20T05:37:50.899+0000] {processor.py:178} INFO - Processing /home/airflow/.local/lib/python3.7/site-packages/airflow/example_dags/example_time_delta_sensor_async.py took 0.568 seconds
[2024-04-20T05:38:20.966+0000] {processor.py:156} INFO - Started process (PID=3128) to work on /home/airflow/.local/lib/python3.7/site-packages/airflow/example_dags/example_time_delta_sensor_async.py
[2024-04-20T05:38:20.967+0000] {processor.py:758} INFO - Processing file /home/airflow/.local/lib/python3.7/site-packages/airflow/example_dags/example_time_delta_sensor_async.py for tasks to queue
[2024-04-20T05:38:20.968+0000] {logging_mixin.py:117} INFO - [2024-04-20T05:38:20.968+0000] {dagbag.py:525} INFO - Filling up the DagBag from /home/airflow/.local/lib/python3.7/site-packages/airflow/example_dags/example_time_delta_sensor_async.py
[2024-04-20T05:38:20.984+0000] {processor.py:768} INFO - DAG(s) dict_keys(['example_time_delta_sensor_async']) retrieved from /home/airflow/.local/lib/python3.7/site-packages/airflow/example_dags/example_time_delta_sensor_async.py
[2024-04-20T05:38:21.262+0000] {logging_mixin.py:117} INFO - [2024-04-20T05:38:21.261+0000] {dag.py:2573} INFO - Sync 1 DAGs
[2024-04-20T05:38:21.282+0000] {logging_mixin.py:117} INFO - [2024-04-20T05:38:21.282+0000] {dag.py:3328} INFO - Setting next_dagrun for example_time_delta_sensor_async to None, run_after=None
[2024-04-20T05:38:21.300+0000] {processor.py:178} INFO - Processing /home/airflow/.local/lib/python3.7/site-packages/airflow/example_dags/example_time_delta_sensor_async.py took 0.337 seconds
[2024-04-20T05:38:51.532+0000] {processor.py:156} INFO - Started process (PID=3351) to work on /home/airflow/.local/lib/python3.7/site-packages/airflow/example_dags/example_time_delta_sensor_async.py
[2024-04-20T05:38:51.532+0000] {processor.py:758} INFO - Processing file /home/airflow/.local/lib/python3.7/site-packages/airflow/example_dags/example_time_delta_sensor_async.py for tasks to queue
[2024-04-20T05:38:51.533+0000] {logging_mixin.py:117} INFO - [2024-04-20T05:38:51.533+0000] {dagbag.py:525} INFO - Filling up the DagBag from /home/airflow/.local/lib/python3.7/site-packages/airflow/example_dags/example_time_delta_sensor_async.py
[2024-04-20T05:38:51.548+0000] {processor.py:768} INFO - DAG(s) dict_keys(['example_time_delta_sensor_async']) retrieved from /home/airflow/.local/lib/python3.7/site-packages/airflow/example_dags/example_time_delta_sensor_async.py
[2024-04-20T05:38:51.841+0000] {logging_mixin.py:117} INFO - [2024-04-20T05:38:51.841+0000] {dag.py:2573} INFO - Sync 1 DAGs
[2024-04-20T05:38:51.881+0000] {logging_mixin.py:117} INFO - [2024-04-20T05:38:51.881+0000] {dag.py:3328} INFO - Setting next_dagrun for example_time_delta_sensor_async to None, run_after=None
[2024-04-20T05:38:51.914+0000] {processor.py:178} INFO - Processing /home/airflow/.local/lib/python3.7/site-packages/airflow/example_dags/example_time_delta_sensor_async.py took 0.387 seconds
[2024-04-20T05:39:22.050+0000] {processor.py:156} INFO - Started process (PID=3580) to work on /home/airflow/.local/lib/python3.7/site-packages/airflow/example_dags/example_time_delta_sensor_async.py
[2024-04-20T05:39:22.051+0000] {processor.py:758} INFO - Processing file /home/airflow/.local/lib/python3.7/site-packages/airflow/example_dags/example_time_delta_sensor_async.py for tasks to queue
[2024-04-20T05:39:22.052+0000] {logging_mixin.py:117} INFO - [2024-04-20T05:39:22.052+0000] {dagbag.py:525} INFO - Filling up the DagBag from /home/airflow/.local/lib/python3.7/site-packages/airflow/example_dags/example_time_delta_sensor_async.py
[2024-04-20T05:39:22.106+0000] {processor.py:768} INFO - DAG(s) dict_keys(['example_time_delta_sensor_async']) retrieved from /home/airflow/.local/lib/python3.7/site-packages/airflow/example_dags/example_time_delta_sensor_async.py
[2024-04-20T05:39:22.595+0000] {logging_mixin.py:117} INFO - [2024-04-20T05:39:22.595+0000] {dag.py:2573} INFO - Sync 1 DAGs
[2024-04-20T05:39:22.626+0000] {logging_mixin.py:117} INFO - [2024-04-20T05:39:22.626+0000] {dag.py:3328} INFO - Setting next_dagrun for example_time_delta_sensor_async to None, run_after=None
[2024-04-20T05:39:22.656+0000] {processor.py:178} INFO - Processing /home/airflow/.local/lib/python3.7/site-packages/airflow/example_dags/example_time_delta_sensor_async.py took 0.609 seconds
[2024-04-20T05:39:52.715+0000] {processor.py:156} INFO - Started process (PID=3829) to work on /home/airflow/.local/lib/python3.7/site-packages/airflow/example_dags/example_time_delta_sensor_async.py
[2024-04-20T05:39:52.718+0000] {processor.py:758} INFO - Processing file /home/airflow/.local/lib/python3.7/site-packages/airflow/example_dags/example_time_delta_sensor_async.py for tasks to queue
[2024-04-20T05:39:52.718+0000] {logging_mixin.py:117} INFO - [2024-04-20T05:39:52.718+0000] {dagbag.py:525} INFO - Filling up the DagBag from /home/airflow/.local/lib/python3.7/site-packages/airflow/example_dags/example_time_delta_sensor_async.py
[2024-04-20T05:39:52.732+0000] {processor.py:768} INFO - DAG(s) dict_keys(['example_time_delta_sensor_async']) retrieved from /home/airflow/.local/lib/python3.7/site-packages/airflow/example_dags/example_time_delta_sensor_async.py
[2024-04-20T05:39:52.891+0000] {logging_mixin.py:117} INFO - [2024-04-20T05:39:52.891+0000] {dag.py:2573} INFO - Sync 1 DAGs
[2024-04-20T05:39:52.911+0000] {logging_mixin.py:117} INFO - [2024-04-20T05:39:52.910+0000] {dag.py:3328} INFO - Setting next_dagrun for example_time_delta_sensor_async to None, run_after=None
[2024-04-20T05:39:52.930+0000] {processor.py:178} INFO - Processing /home/airflow/.local/lib/python3.7/site-packages/airflow/example_dags/example_time_delta_sensor_async.py took 0.218 seconds
[2024-04-20T05:40:23.022+0000] {processor.py:156} INFO - Started process (PID=4056) to work on /home/airflow/.local/lib/python3.7/site-packages/airflow/example_dags/example_time_delta_sensor_async.py
[2024-04-20T05:40:23.023+0000] {processor.py:758} INFO - Processing file /home/airflow/.local/lib/python3.7/site-packages/airflow/example_dags/example_time_delta_sensor_async.py for tasks to queue
[2024-04-20T05:40:23.023+0000] {logging_mixin.py:117} INFO - [2024-04-20T05:40:23.023+0000] {dagbag.py:525} INFO - Filling up the DagBag from /home/airflow/.local/lib/python3.7/site-packages/airflow/example_dags/example_time_delta_sensor_async.py
[2024-04-20T05:40:23.060+0000] {processor.py:768} INFO - DAG(s) dict_keys(['example_time_delta_sensor_async']) retrieved from /home/airflow/.local/lib/python3.7/site-packages/airflow/example_dags/example_time_delta_sensor_async.py
[2024-04-20T05:40:23.357+0000] {logging_mixin.py:117} INFO - [2024-04-20T05:40:23.357+0000] {dag.py:2573} INFO - Sync 1 DAGs
[2024-04-20T05:40:23.388+0000] {logging_mixin.py:117} INFO - [2024-04-20T05:40:23.388+0000] {dag.py:3328} INFO - Setting next_dagrun for example_time_delta_sensor_async to None, run_after=None
[2024-04-20T05:40:23.411+0000] {processor.py:178} INFO - Processing /home/airflow/.local/lib/python3.7/site-packages/airflow/example_dags/example_time_delta_sensor_async.py took 0.392 seconds
[2024-04-20T05:40:53.643+0000] {processor.py:156} INFO - Started process (PID=4280) to work on /home/airflow/.local/lib/python3.7/site-packages/airflow/example_dags/example_time_delta_sensor_async.py
[2024-04-20T05:40:53.644+0000] {processor.py:758} INFO - Processing file /home/airflow/.local/lib/python3.7/site-packages/airflow/example_dags/example_time_delta_sensor_async.py for tasks to queue
[2024-04-20T05:40:53.644+0000] {logging_mixin.py:117} INFO - [2024-04-20T05:40:53.644+0000] {dagbag.py:525} INFO - Filling up the DagBag from /home/airflow/.local/lib/python3.7/site-packages/airflow/example_dags/example_time_delta_sensor_async.py
[2024-04-20T05:40:53.657+0000] {processor.py:768} INFO - DAG(s) dict_keys(['example_time_delta_sensor_async']) retrieved from /home/airflow/.local/lib/python3.7/site-packages/airflow/example_dags/example_time_delta_sensor_async.py
[2024-04-20T05:40:53.818+0000] {logging_mixin.py:117} INFO - [2024-04-20T05:40:53.818+0000] {dag.py:2573} INFO - Sync 1 DAGs
[2024-04-20T05:40:53.843+0000] {logging_mixin.py:117} INFO - [2024-04-20T05:40:53.843+0000] {dag.py:3328} INFO - Setting next_dagrun for example_time_delta_sensor_async to None, run_after=None
[2024-04-20T05:40:53.866+0000] {processor.py:178} INFO - Processing /home/airflow/.local/lib/python3.7/site-packages/airflow/example_dags/example_time_delta_sensor_async.py took 0.226 seconds
[2024-04-20T05:41:24.296+0000] {processor.py:156} INFO - Started process (PID=4499) to work on /home/airflow/.local/lib/python3.7/site-packages/airflow/example_dags/example_time_delta_sensor_async.py
[2024-04-20T05:41:24.296+0000] {processor.py:758} INFO - Processing file /home/airflow/.local/lib/python3.7/site-packages/airflow/example_dags/example_time_delta_sensor_async.py for tasks to queue
[2024-04-20T05:41:24.297+0000] {logging_mixin.py:117} INFO - [2024-04-20T05:41:24.297+0000] {dagbag.py:525} INFO - Filling up the DagBag from /home/airflow/.local/lib/python3.7/site-packages/airflow/example_dags/example_time_delta_sensor_async.py
[2024-04-20T05:41:24.313+0000] {processor.py:768} INFO - DAG(s) dict_keys(['example_time_delta_sensor_async']) retrieved from /home/airflow/.local/lib/python3.7/site-packages/airflow/example_dags/example_time_delta_sensor_async.py
[2024-04-20T05:41:24.581+0000] {logging_mixin.py:117} INFO - [2024-04-20T05:41:24.581+0000] {dag.py:2573} INFO - Sync 1 DAGs
[2024-04-20T05:41:24.613+0000] {logging_mixin.py:117} INFO - [2024-04-20T05:41:24.612+0000] {dag.py:3328} INFO - Setting next_dagrun for example_time_delta_sensor_async to None, run_after=None
[2024-04-20T05:41:24.637+0000] {processor.py:178} INFO - Processing /home/airflow/.local/lib/python3.7/site-packages/airflow/example_dags/example_time_delta_sensor_async.py took 0.344 seconds
[2024-04-20T05:41:54.841+0000] {processor.py:156} INFO - Started process (PID=4726) to work on /home/airflow/.local/lib/python3.7/site-packages/airflow/example_dags/example_time_delta_sensor_async.py
[2024-04-20T05:41:54.842+0000] {processor.py:758} INFO - Processing file /home/airflow/.local/lib/python3.7/site-packages/airflow/example_dags/example_time_delta_sensor_async.py for tasks to queue
[2024-04-20T05:41:54.843+0000] {logging_mixin.py:117} INFO - [2024-04-20T05:41:54.843+0000] {dagbag.py:525} INFO - Filling up the DagBag from /home/airflow/.local/lib/python3.7/site-packages/airflow/example_dags/example_time_delta_sensor_async.py
[2024-04-20T05:41:54.859+0000] {processor.py:768} INFO - DAG(s) dict_keys(['example_time_delta_sensor_async']) retrieved from /home/airflow/.local/lib/python3.7/site-packages/airflow/example_dags/example_time_delta_sensor_async.py
[2024-04-20T05:41:55.269+0000] {logging_mixin.py:117} INFO - [2024-04-20T05:41:55.269+0000] {dag.py:2573} INFO - Sync 1 DAGs
[2024-04-20T05:41:55.323+0000] {logging_mixin.py:117} INFO - [2024-04-20T05:41:55.323+0000] {dag.py:3328} INFO - Setting next_dagrun for example_time_delta_sensor_async to None, run_after=None
[2024-04-20T05:41:55.380+0000] {processor.py:178} INFO - Processing /home/airflow/.local/lib/python3.7/site-packages/airflow/example_dags/example_time_delta_sensor_async.py took 0.543 seconds
[2024-04-20T05:42:26.098+0000] {processor.py:156} INFO - Started process (PID=4981) to work on /home/airflow/.local/lib/python3.7/site-packages/airflow/example_dags/example_time_delta_sensor_async.py
[2024-04-20T05:42:26.098+0000] {processor.py:758} INFO - Processing file /home/airflow/.local/lib/python3.7/site-packages/airflow/example_dags/example_time_delta_sensor_async.py for tasks to queue
[2024-04-20T05:42:26.099+0000] {logging_mixin.py:117} INFO - [2024-04-20T05:42:26.099+0000] {dagbag.py:525} INFO - Filling up the DagBag from /home/airflow/.local/lib/python3.7/site-packages/airflow/example_dags/example_time_delta_sensor_async.py
[2024-04-20T05:42:26.115+0000] {processor.py:768} INFO - DAG(s) dict_keys(['example_time_delta_sensor_async']) retrieved from /home/airflow/.local/lib/python3.7/site-packages/airflow/example_dags/example_time_delta_sensor_async.py
[2024-04-20T05:42:26.413+0000] {logging_mixin.py:117} INFO - [2024-04-20T05:42:26.413+0000] {dag.py:2573} INFO - Sync 1 DAGs
[2024-04-20T05:42:26.527+0000] {logging_mixin.py:117} INFO - [2024-04-20T05:42:26.527+0000] {dag.py:3328} INFO - Setting next_dagrun for example_time_delta_sensor_async to None, run_after=None
[2024-04-20T05:42:26.581+0000] {processor.py:178} INFO - Processing /home/airflow/.local/lib/python3.7/site-packages/airflow/example_dags/example_time_delta_sensor_async.py took 0.488 seconds
[2024-04-20T05:42:56.804+0000] {processor.py:156} INFO - Started process (PID=5218) to work on /home/airflow/.local/lib/python3.7/site-packages/airflow/example_dags/example_time_delta_sensor_async.py
[2024-04-20T05:42:56.804+0000] {processor.py:758} INFO - Processing file /home/airflow/.local/lib/python3.7/site-packages/airflow/example_dags/example_time_delta_sensor_async.py for tasks to queue
[2024-04-20T05:42:56.805+0000] {logging_mixin.py:117} INFO - [2024-04-20T05:42:56.805+0000] {dagbag.py:525} INFO - Filling up the DagBag from /home/airflow/.local/lib/python3.7/site-packages/airflow/example_dags/example_time_delta_sensor_async.py
[2024-04-20T05:42:56.821+0000] {processor.py:768} INFO - DAG(s) dict_keys(['example_time_delta_sensor_async']) retrieved from /home/airflow/.local/lib/python3.7/site-packages/airflow/example_dags/example_time_delta_sensor_async.py
[2024-04-20T05:42:57.102+0000] {logging_mixin.py:117} INFO - [2024-04-20T05:42:57.102+0000] {dag.py:2573} INFO - Sync 1 DAGs
[2024-04-20T05:42:57.160+0000] {logging_mixin.py:117} INFO - [2024-04-20T05:42:57.160+0000] {dag.py:3328} INFO - Setting next_dagrun for example_time_delta_sensor_async to None, run_after=None
[2024-04-20T05:42:57.262+0000] {processor.py:178} INFO - Processing /home/airflow/.local/lib/python3.7/site-packages/airflow/example_dags/example_time_delta_sensor_async.py took 0.461 seconds
[2024-04-20T05:43:27.447+0000] {processor.py:156} INFO - Started process (PID=5497) to work on /home/airflow/.local/lib/python3.7/site-packages/airflow/example_dags/example_time_delta_sensor_async.py
[2024-04-20T05:43:27.448+0000] {processor.py:758} INFO - Processing file /home/airflow/.local/lib/python3.7/site-packages/airflow/example_dags/example_time_delta_sensor_async.py for tasks to queue
[2024-04-20T05:43:27.449+0000] {logging_mixin.py:117} INFO - [2024-04-20T05:43:27.449+0000] {dagbag.py:525} INFO - Filling up the DagBag from /home/airflow/.local/lib/python3.7/site-packages/airflow/example_dags/example_time_delta_sensor_async.py
[2024-04-20T05:43:27.489+0000] {processor.py:768} INFO - DAG(s) dict_keys(['example_time_delta_sensor_async']) retrieved from /home/airflow/.local/lib/python3.7/site-packages/airflow/example_dags/example_time_delta_sensor_async.py
[2024-04-20T05:43:27.880+0000] {logging_mixin.py:117} INFO - [2024-04-20T05:43:27.880+0000] {dag.py:2573} INFO - Sync 1 DAGs
[2024-04-20T05:43:27.910+0000] {logging_mixin.py:117} INFO - [2024-04-20T05:43:27.910+0000] {dag.py:3328} INFO - Setting next_dagrun for example_time_delta_sensor_async to None, run_after=None
[2024-04-20T05:43:27.932+0000] {processor.py:178} INFO - Processing /home/airflow/.local/lib/python3.7/site-packages/airflow/example_dags/example_time_delta_sensor_async.py took 0.488 seconds
[2024-04-20T05:43:58.800+0000] {processor.py:156} INFO - Started process (PID=5724) to work on /home/airflow/.local/lib/python3.7/site-packages/airflow/example_dags/example_time_delta_sensor_async.py
[2024-04-20T05:43:58.801+0000] {processor.py:758} INFO - Processing file /home/airflow/.local/lib/python3.7/site-packages/airflow/example_dags/example_time_delta_sensor_async.py for tasks to queue
[2024-04-20T05:43:58.802+0000] {logging_mixin.py:117} INFO - [2024-04-20T05:43:58.802+0000] {dagbag.py:525} INFO - Filling up the DagBag from /home/airflow/.local/lib/python3.7/site-packages/airflow/example_dags/example_time_delta_sensor_async.py
[2024-04-20T05:43:58.820+0000] {processor.py:768} INFO - DAG(s) dict_keys(['example_time_delta_sensor_async']) retrieved from /home/airflow/.local/lib/python3.7/site-packages/airflow/example_dags/example_time_delta_sensor_async.py
[2024-04-20T05:43:59.352+0000] {logging_mixin.py:117} INFO - [2024-04-20T05:43:59.352+0000] {dag.py:2573} INFO - Sync 1 DAGs
[2024-04-20T05:43:59.415+0000] {logging_mixin.py:117} INFO - [2024-04-20T05:43:59.415+0000] {dag.py:3328} INFO - Setting next_dagrun for example_time_delta_sensor_async to None, run_after=None
[2024-04-20T05:43:59.474+0000] {processor.py:178} INFO - Processing /home/airflow/.local/lib/python3.7/site-packages/airflow/example_dags/example_time_delta_sensor_async.py took 0.678 seconds
[2024-04-20T05:44:30.360+0000] {processor.py:156} INFO - Started process (PID=5976) to work on /home/airflow/.local/lib/python3.7/site-packages/airflow/example_dags/example_time_delta_sensor_async.py
[2024-04-20T05:44:30.361+0000] {processor.py:758} INFO - Processing file /home/airflow/.local/lib/python3.7/site-packages/airflow/example_dags/example_time_delta_sensor_async.py for tasks to queue
[2024-04-20T05:44:30.362+0000] {logging_mixin.py:117} INFO - [2024-04-20T05:44:30.362+0000] {dagbag.py:525} INFO - Filling up the DagBag from /home/airflow/.local/lib/python3.7/site-packages/airflow/example_dags/example_time_delta_sensor_async.py
[2024-04-20T05:44:30.391+0000] {processor.py:768} INFO - DAG(s) dict_keys(['example_time_delta_sensor_async']) retrieved from /home/airflow/.local/lib/python3.7/site-packages/airflow/example_dags/example_time_delta_sensor_async.py
[2024-04-20T05:44:30.664+0000] {logging_mixin.py:117} INFO - [2024-04-20T05:44:30.664+0000] {dag.py:2573} INFO - Sync 1 DAGs
[2024-04-20T05:44:30.693+0000] {logging_mixin.py:117} INFO - [2024-04-20T05:44:30.693+0000] {dag.py:3328} INFO - Setting next_dagrun for example_time_delta_sensor_async to None, run_after=None
[2024-04-20T05:44:30.713+0000] {processor.py:178} INFO - Processing /home/airflow/.local/lib/python3.7/site-packages/airflow/example_dags/example_time_delta_sensor_async.py took 0.357 seconds
[2024-04-20T05:45:01.476+0000] {processor.py:156} INFO - Started process (PID=6244) to work on /home/airflow/.local/lib/python3.7/site-packages/airflow/example_dags/example_time_delta_sensor_async.py
[2024-04-20T05:45:01.478+0000] {processor.py:758} INFO - Processing file /home/airflow/.local/lib/python3.7/site-packages/airflow/example_dags/example_time_delta_sensor_async.py for tasks to queue
[2024-04-20T05:45:01.479+0000] {logging_mixin.py:117} INFO - [2024-04-20T05:45:01.479+0000] {dagbag.py:525} INFO - Filling up the DagBag from /home/airflow/.local/lib/python3.7/site-packages/airflow/example_dags/example_time_delta_sensor_async.py
[2024-04-20T05:45:01.535+0000] {processor.py:768} INFO - DAG(s) dict_keys(['example_time_delta_sensor_async']) retrieved from /home/airflow/.local/lib/python3.7/site-packages/airflow/example_dags/example_time_delta_sensor_async.py
[2024-04-20T05:45:02.048+0000] {logging_mixin.py:117} INFO - [2024-04-20T05:45:02.048+0000] {dag.py:2573} INFO - Sync 1 DAGs
[2024-04-20T05:45:02.079+0000] {logging_mixin.py:117} INFO - [2024-04-20T05:45:02.079+0000] {dag.py:3328} INFO - Setting next_dagrun for example_time_delta_sensor_async to None, run_after=None
[2024-04-20T05:45:02.107+0000] {processor.py:178} INFO - Processing /home/airflow/.local/lib/python3.7/site-packages/airflow/example_dags/example_time_delta_sensor_async.py took 0.637 seconds
[2024-04-20T05:45:32.956+0000] {processor.py:156} INFO - Started process (PID=6507) to work on /home/airflow/.local/lib/python3.7/site-packages/airflow/example_dags/example_time_delta_sensor_async.py
[2024-04-20T05:45:32.956+0000] {processor.py:758} INFO - Processing file /home/airflow/.local/lib/python3.7/site-packages/airflow/example_dags/example_time_delta_sensor_async.py for tasks to queue
[2024-04-20T05:45:32.957+0000] {logging_mixin.py:117} INFO - [2024-04-20T05:45:32.957+0000] {dagbag.py:525} INFO - Filling up the DagBag from /home/airflow/.local/lib/python3.7/site-packages/airflow/example_dags/example_time_delta_sensor_async.py
[2024-04-20T05:45:32.974+0000] {processor.py:768} INFO - DAG(s) dict_keys(['example_time_delta_sensor_async']) retrieved from /home/airflow/.local/lib/python3.7/site-packages/airflow/example_dags/example_time_delta_sensor_async.py
[2024-04-20T05:45:33.312+0000] {logging_mixin.py:117} INFO - [2024-04-20T05:45:33.312+0000] {dag.py:2573} INFO - Sync 1 DAGs
[2024-04-20T05:45:33.332+0000] {logging_mixin.py:117} INFO - [2024-04-20T05:45:33.331+0000] {dag.py:3328} INFO - Setting next_dagrun for example_time_delta_sensor_async to None, run_after=None
[2024-04-20T05:45:33.350+0000] {processor.py:178} INFO - Processing /home/airflow/.local/lib/python3.7/site-packages/airflow/example_dags/example_time_delta_sensor_async.py took 0.397 seconds
[2024-04-20T05:46:04.185+0000] {processor.py:156} INFO - Started process (PID=6783) to work on /home/airflow/.local/lib/python3.7/site-packages/airflow/example_dags/example_time_delta_sensor_async.py
[2024-04-20T05:46:04.185+0000] {processor.py:758} INFO - Processing file /home/airflow/.local/lib/python3.7/site-packages/airflow/example_dags/example_time_delta_sensor_async.py for tasks to queue
[2024-04-20T05:46:04.186+0000] {logging_mixin.py:117} INFO - [2024-04-20T05:46:04.186+0000] {dagbag.py:525} INFO - Filling up the DagBag from /home/airflow/.local/lib/python3.7/site-packages/airflow/example_dags/example_time_delta_sensor_async.py
[2024-04-20T05:46:04.201+0000] {processor.py:768} INFO - DAG(s) dict_keys(['example_time_delta_sensor_async']) retrieved from /home/airflow/.local/lib/python3.7/site-packages/airflow/example_dags/example_time_delta_sensor_async.py
[2024-04-20T05:46:04.429+0000] {logging_mixin.py:117} INFO - [2024-04-20T05:46:04.429+0000] {dag.py:2573} INFO - Sync 1 DAGs
[2024-04-20T05:46:04.450+0000] {logging_mixin.py:117} INFO - [2024-04-20T05:46:04.450+0000] {dag.py:3328} INFO - Setting next_dagrun for example_time_delta_sensor_async to None, run_after=None
[2024-04-20T05:46:04.469+0000] {processor.py:178} INFO - Processing /home/airflow/.local/lib/python3.7/site-packages/airflow/example_dags/example_time_delta_sensor_async.py took 0.287 seconds
[2024-04-20T05:46:35.042+0000] {processor.py:156} INFO - Started process (PID=7026) to work on /home/airflow/.local/lib/python3.7/site-packages/airflow/example_dags/example_time_delta_sensor_async.py
[2024-04-20T05:46:35.043+0000] {processor.py:758} INFO - Processing file /home/airflow/.local/lib/python3.7/site-packages/airflow/example_dags/example_time_delta_sensor_async.py for tasks to queue
[2024-04-20T05:46:35.044+0000] {logging_mixin.py:117} INFO - [2024-04-20T05:46:35.043+0000] {dagbag.py:525} INFO - Filling up the DagBag from /home/airflow/.local/lib/python3.7/site-packages/airflow/example_dags/example_time_delta_sensor_async.py
[2024-04-20T05:46:35.080+0000] {processor.py:768} INFO - DAG(s) dict_keys(['example_time_delta_sensor_async']) retrieved from /home/airflow/.local/lib/python3.7/site-packages/airflow/example_dags/example_time_delta_sensor_async.py
[2024-04-20T05:46:35.580+0000] {logging_mixin.py:117} INFO - [2024-04-20T05:46:35.580+0000] {dag.py:2573} INFO - Sync 1 DAGs
[2024-04-20T05:46:35.612+0000] {logging_mixin.py:117} INFO - [2024-04-20T05:46:35.612+0000] {dag.py:3328} INFO - Setting next_dagrun for example_time_delta_sensor_async to None, run_after=None
[2024-04-20T05:46:35.636+0000] {processor.py:178} INFO - Processing /home/airflow/.local/lib/python3.7/site-packages/airflow/example_dags/example_time_delta_sensor_async.py took 0.598 seconds
[2024-04-20T05:47:05.817+0000] {processor.py:156} INFO - Started process (PID=7280) to work on /home/airflow/.local/lib/python3.7/site-packages/airflow/example_dags/example_time_delta_sensor_async.py
[2024-04-20T05:47:05.826+0000] {processor.py:758} INFO - Processing file /home/airflow/.local/lib/python3.7/site-packages/airflow/example_dags/example_time_delta_sensor_async.py for tasks to queue
[2024-04-20T05:47:05.827+0000] {logging_mixin.py:117} INFO - [2024-04-20T05:47:05.826+0000] {dagbag.py:525} INFO - Filling up the DagBag from /home/airflow/.local/lib/python3.7/site-packages/airflow/example_dags/example_time_delta_sensor_async.py
[2024-04-20T05:47:05.861+0000] {processor.py:768} INFO - DAG(s) dict_keys(['example_time_delta_sensor_async']) retrieved from /home/airflow/.local/lib/python3.7/site-packages/airflow/example_dags/example_time_delta_sensor_async.py
[2024-04-20T05:47:06.288+0000] {logging_mixin.py:117} INFO - [2024-04-20T05:47:06.288+0000] {dag.py:2573} INFO - Sync 1 DAGs
[2024-04-20T05:47:06.350+0000] {logging_mixin.py:117} INFO - [2024-04-20T05:47:06.350+0000] {dag.py:3328} INFO - Setting next_dagrun for example_time_delta_sensor_async to None, run_after=None
[2024-04-20T05:47:06.387+0000] {processor.py:178} INFO - Processing /home/airflow/.local/lib/python3.7/site-packages/airflow/example_dags/example_time_delta_sensor_async.py took 0.573 seconds
[2024-04-20T05:47:36.847+0000] {processor.py:156} INFO - Started process (PID=7542) to work on /home/airflow/.local/lib/python3.7/site-packages/airflow/example_dags/example_time_delta_sensor_async.py
[2024-04-20T05:47:36.848+0000] {processor.py:758} INFO - Processing file /home/airflow/.local/lib/python3.7/site-packages/airflow/example_dags/example_time_delta_sensor_async.py for tasks to queue
[2024-04-20T05:47:36.848+0000] {logging_mixin.py:117} INFO - [2024-04-20T05:47:36.848+0000] {dagbag.py:525} INFO - Filling up the DagBag from /home/airflow/.local/lib/python3.7/site-packages/airflow/example_dags/example_time_delta_sensor_async.py
[2024-04-20T05:47:36.868+0000] {processor.py:768} INFO - DAG(s) dict_keys(['example_time_delta_sensor_async']) retrieved from /home/airflow/.local/lib/python3.7/site-packages/airflow/example_dags/example_time_delta_sensor_async.py
[2024-04-20T05:47:37.070+0000] {logging_mixin.py:117} INFO - [2024-04-20T05:47:37.069+0000] {dag.py:2573} INFO - Sync 1 DAGs
[2024-04-20T05:47:37.091+0000] {logging_mixin.py:117} INFO - [2024-04-20T05:47:37.090+0000] {dag.py:3328} INFO - Setting next_dagrun for example_time_delta_sensor_async to None, run_after=None
[2024-04-20T05:47:37.109+0000] {processor.py:178} INFO - Processing /home/airflow/.local/lib/python3.7/site-packages/airflow/example_dags/example_time_delta_sensor_async.py took 0.265 seconds
[2024-04-20T05:48:07.194+0000] {processor.py:156} INFO - Started process (PID=7797) to work on /home/airflow/.local/lib/python3.7/site-packages/airflow/example_dags/example_time_delta_sensor_async.py
[2024-04-20T05:48:07.194+0000] {processor.py:758} INFO - Processing file /home/airflow/.local/lib/python3.7/site-packages/airflow/example_dags/example_time_delta_sensor_async.py for tasks to queue
[2024-04-20T05:48:07.195+0000] {logging_mixin.py:117} INFO - [2024-04-20T05:48:07.195+0000] {dagbag.py:525} INFO - Filling up the DagBag from /home/airflow/.local/lib/python3.7/site-packages/airflow/example_dags/example_time_delta_sensor_async.py
[2024-04-20T05:48:07.207+0000] {processor.py:768} INFO - DAG(s) dict_keys(['example_time_delta_sensor_async']) retrieved from /home/airflow/.local/lib/python3.7/site-packages/airflow/example_dags/example_time_delta_sensor_async.py
[2024-04-20T05:48:07.424+0000] {logging_mixin.py:117} INFO - [2024-04-20T05:48:07.424+0000] {dag.py:2573} INFO - Sync 1 DAGs
[2024-04-20T05:48:07.470+0000] {logging_mixin.py:117} INFO - [2024-04-20T05:48:07.470+0000] {dag.py:3328} INFO - Setting next_dagrun for example_time_delta_sensor_async to None, run_after=None
[2024-04-20T05:48:07.497+0000] {processor.py:178} INFO - Processing /home/airflow/.local/lib/python3.7/site-packages/airflow/example_dags/example_time_delta_sensor_async.py took 0.306 seconds
[2024-04-20T05:48:38.056+0000] {processor.py:156} INFO - Started process (PID=8020) to work on /home/airflow/.local/lib/python3.7/site-packages/airflow/example_dags/example_time_delta_sensor_async.py
[2024-04-20T05:48:38.063+0000] {processor.py:758} INFO - Processing file /home/airflow/.local/lib/python3.7/site-packages/airflow/example_dags/example_time_delta_sensor_async.py for tasks to queue
[2024-04-20T05:48:38.064+0000] {logging_mixin.py:117} INFO - [2024-04-20T05:48:38.064+0000] {dagbag.py:525} INFO - Filling up the DagBag from /home/airflow/.local/lib/python3.7/site-packages/airflow/example_dags/example_time_delta_sensor_async.py
[2024-04-20T05:48:38.100+0000] {processor.py:768} INFO - DAG(s) dict_keys(['example_time_delta_sensor_async']) retrieved from /home/airflow/.local/lib/python3.7/site-packages/airflow/example_dags/example_time_delta_sensor_async.py
[2024-04-20T05:48:38.471+0000] {logging_mixin.py:117} INFO - [2024-04-20T05:48:38.470+0000] {dag.py:2573} INFO - Sync 1 DAGs
[2024-04-20T05:48:38.496+0000] {logging_mixin.py:117} INFO - [2024-04-20T05:48:38.496+0000] {dag.py:3328} INFO - Setting next_dagrun for example_time_delta_sensor_async to None, run_after=None
[2024-04-20T05:48:38.519+0000] {processor.py:178} INFO - Processing /home/airflow/.local/lib/python3.7/site-packages/airflow/example_dags/example_time_delta_sensor_async.py took 0.477 seconds
[2024-04-20T05:49:09.385+0000] {processor.py:156} INFO - Started process (PID=8264) to work on /home/airflow/.local/lib/python3.7/site-packages/airflow/example_dags/example_time_delta_sensor_async.py
[2024-04-20T05:49:09.390+0000] {processor.py:758} INFO - Processing file /home/airflow/.local/lib/python3.7/site-packages/airflow/example_dags/example_time_delta_sensor_async.py for tasks to queue
[2024-04-20T05:49:09.391+0000] {logging_mixin.py:117} INFO - [2024-04-20T05:49:09.390+0000] {dagbag.py:525} INFO - Filling up the DagBag from /home/airflow/.local/lib/python3.7/site-packages/airflow/example_dags/example_time_delta_sensor_async.py
[2024-04-20T05:49:09.511+0000] {processor.py:768} INFO - DAG(s) dict_keys(['example_time_delta_sensor_async']) retrieved from /home/airflow/.local/lib/python3.7/site-packages/airflow/example_dags/example_time_delta_sensor_async.py
[2024-04-20T05:49:09.918+0000] {logging_mixin.py:117} INFO - [2024-04-20T05:49:09.918+0000] {dag.py:2573} INFO - Sync 1 DAGs
[2024-04-20T05:49:09.948+0000] {logging_mixin.py:117} INFO - [2024-04-20T05:49:09.948+0000] {dag.py:3328} INFO - Setting next_dagrun for example_time_delta_sensor_async to None, run_after=None
[2024-04-20T05:49:09.971+0000] {processor.py:178} INFO - Processing /home/airflow/.local/lib/python3.7/site-packages/airflow/example_dags/example_time_delta_sensor_async.py took 0.589 seconds
[2024-04-20T05:49:40.601+0000] {processor.py:156} INFO - Started process (PID=8503) to work on /home/airflow/.local/lib/python3.7/site-packages/airflow/example_dags/example_time_delta_sensor_async.py
[2024-04-20T05:49:40.602+0000] {processor.py:758} INFO - Processing file /home/airflow/.local/lib/python3.7/site-packages/airflow/example_dags/example_time_delta_sensor_async.py for tasks to queue
[2024-04-20T05:49:40.602+0000] {logging_mixin.py:117} INFO - [2024-04-20T05:49:40.602+0000] {dagbag.py:525} INFO - Filling up the DagBag from /home/airflow/.local/lib/python3.7/site-packages/airflow/example_dags/example_time_delta_sensor_async.py
[2024-04-20T05:49:40.619+0000] {processor.py:768} INFO - DAG(s) dict_keys(['example_time_delta_sensor_async']) retrieved from /home/airflow/.local/lib/python3.7/site-packages/airflow/example_dags/example_time_delta_sensor_async.py
[2024-04-20T05:49:41.041+0000] {logging_mixin.py:117} INFO - [2024-04-20T05:49:41.039+0000] {dag.py:2573} INFO - Sync 1 DAGs
[2024-04-20T05:49:41.073+0000] {logging_mixin.py:117} INFO - [2024-04-20T05:49:41.072+0000] {dag.py:3328} INFO - Setting next_dagrun for example_time_delta_sensor_async to None, run_after=None
[2024-04-20T05:49:41.096+0000] {processor.py:178} INFO - Processing /home/airflow/.local/lib/python3.7/site-packages/airflow/example_dags/example_time_delta_sensor_async.py took 0.498 seconds
[2024-04-20T05:50:11.232+0000] {processor.py:156} INFO - Started process (PID=8743) to work on /home/airflow/.local/lib/python3.7/site-packages/airflow/example_dags/example_time_delta_sensor_async.py
[2024-04-20T05:50:11.233+0000] {processor.py:758} INFO - Processing file /home/airflow/.local/lib/python3.7/site-packages/airflow/example_dags/example_time_delta_sensor_async.py for tasks to queue
[2024-04-20T05:50:11.233+0000] {logging_mixin.py:117} INFO - [2024-04-20T05:50:11.233+0000] {dagbag.py:525} INFO - Filling up the DagBag from /home/airflow/.local/lib/python3.7/site-packages/airflow/example_dags/example_time_delta_sensor_async.py
[2024-04-20T05:50:11.251+0000] {processor.py:768} INFO - DAG(s) dict_keys(['example_time_delta_sensor_async']) retrieved from /home/airflow/.local/lib/python3.7/site-packages/airflow/example_dags/example_time_delta_sensor_async.py
[2024-04-20T05:50:11.481+0000] {logging_mixin.py:117} INFO - [2024-04-20T05:50:11.480+0000] {dag.py:2573} INFO - Sync 1 DAGs
[2024-04-20T05:50:11.504+0000] {logging_mixin.py:117} INFO - [2024-04-20T05:50:11.504+0000] {dag.py:3328} INFO - Setting next_dagrun for example_time_delta_sensor_async to None, run_after=None
[2024-04-20T05:50:11.527+0000] {processor.py:178} INFO - Processing /home/airflow/.local/lib/python3.7/site-packages/airflow/example_dags/example_time_delta_sensor_async.py took 0.298 seconds
[2024-04-20T05:50:41.696+0000] {processor.py:156} INFO - Started process (PID=8966) to work on /home/airflow/.local/lib/python3.7/site-packages/airflow/example_dags/example_time_delta_sensor_async.py
[2024-04-20T05:50:41.697+0000] {processor.py:758} INFO - Processing file /home/airflow/.local/lib/python3.7/site-packages/airflow/example_dags/example_time_delta_sensor_async.py for tasks to queue
[2024-04-20T05:50:41.698+0000] {logging_mixin.py:117} INFO - [2024-04-20T05:50:41.697+0000] {dagbag.py:525} INFO - Filling up the DagBag from /home/airflow/.local/lib/python3.7/site-packages/airflow/example_dags/example_time_delta_sensor_async.py
[2024-04-20T05:50:41.714+0000] {processor.py:768} INFO - DAG(s) dict_keys(['example_time_delta_sensor_async']) retrieved from /home/airflow/.local/lib/python3.7/site-packages/airflow/example_dags/example_time_delta_sensor_async.py
[2024-04-20T05:50:41.984+0000] {logging_mixin.py:117} INFO - [2024-04-20T05:50:41.984+0000] {dag.py:2573} INFO - Sync 1 DAGs
[2024-04-20T05:50:42.015+0000] {logging_mixin.py:117} INFO - [2024-04-20T05:50:42.015+0000] {dag.py:3328} INFO - Setting next_dagrun for example_time_delta_sensor_async to None, run_after=None
[2024-04-20T05:50:42.038+0000] {processor.py:178} INFO - Processing /home/airflow/.local/lib/python3.7/site-packages/airflow/example_dags/example_time_delta_sensor_async.py took 0.345 seconds
[2024-04-20T05:51:12.131+0000] {processor.py:156} INFO - Started process (PID=9195) to work on /home/airflow/.local/lib/python3.7/site-packages/airflow/example_dags/example_time_delta_sensor_async.py
[2024-04-20T05:51:12.131+0000] {processor.py:758} INFO - Processing file /home/airflow/.local/lib/python3.7/site-packages/airflow/example_dags/example_time_delta_sensor_async.py for tasks to queue
[2024-04-20T05:51:12.132+0000] {logging_mixin.py:117} INFO - [2024-04-20T05:51:12.132+0000] {dagbag.py:525} INFO - Filling up the DagBag from /home/airflow/.local/lib/python3.7/site-packages/airflow/example_dags/example_time_delta_sensor_async.py
[2024-04-20T05:51:12.148+0000] {processor.py:768} INFO - DAG(s) dict_keys(['example_time_delta_sensor_async']) retrieved from /home/airflow/.local/lib/python3.7/site-packages/airflow/example_dags/example_time_delta_sensor_async.py
[2024-04-20T05:51:12.569+0000] {logging_mixin.py:117} INFO - [2024-04-20T05:51:12.569+0000] {dag.py:2573} INFO - Sync 1 DAGs
[2024-04-20T05:51:12.601+0000] {logging_mixin.py:117} INFO - [2024-04-20T05:51:12.601+0000] {dag.py:3328} INFO - Setting next_dagrun for example_time_delta_sensor_async to None, run_after=None
[2024-04-20T05:51:12.625+0000] {processor.py:178} INFO - Processing /home/airflow/.local/lib/python3.7/site-packages/airflow/example_dags/example_time_delta_sensor_async.py took 0.497 seconds
[2024-04-20T05:51:42.664+0000] {processor.py:156} INFO - Started process (PID=9422) to work on /home/airflow/.local/lib/python3.7/site-packages/airflow/example_dags/example_time_delta_sensor_async.py
[2024-04-20T05:51:42.664+0000] {processor.py:758} INFO - Processing file /home/airflow/.local/lib/python3.7/site-packages/airflow/example_dags/example_time_delta_sensor_async.py for tasks to queue
[2024-04-20T05:51:42.665+0000] {logging_mixin.py:117} INFO - [2024-04-20T05:51:42.665+0000] {dagbag.py:525} INFO - Filling up the DagBag from /home/airflow/.local/lib/python3.7/site-packages/airflow/example_dags/example_time_delta_sensor_async.py
[2024-04-20T05:51:42.681+0000] {processor.py:768} INFO - DAG(s) dict_keys(['example_time_delta_sensor_async']) retrieved from /home/airflow/.local/lib/python3.7/site-packages/airflow/example_dags/example_time_delta_sensor_async.py
[2024-04-20T05:51:42.925+0000] {logging_mixin.py:117} INFO - [2024-04-20T05:51:42.924+0000] {dag.py:2573} INFO - Sync 1 DAGs
[2024-04-20T05:51:42.944+0000] {logging_mixin.py:117} INFO - [2024-04-20T05:51:42.944+0000] {dag.py:3328} INFO - Setting next_dagrun for example_time_delta_sensor_async to None, run_after=None
[2024-04-20T05:51:42.963+0000] {processor.py:178} INFO - Processing /home/airflow/.local/lib/python3.7/site-packages/airflow/example_dags/example_time_delta_sensor_async.py took 0.303 seconds
[2024-04-20T05:52:13.254+0000] {processor.py:156} INFO - Started process (PID=9649) to work on /home/airflow/.local/lib/python3.7/site-packages/airflow/example_dags/example_time_delta_sensor_async.py
[2024-04-20T05:52:13.255+0000] {processor.py:758} INFO - Processing file /home/airflow/.local/lib/python3.7/site-packages/airflow/example_dags/example_time_delta_sensor_async.py for tasks to queue
[2024-04-20T05:52:13.255+0000] {logging_mixin.py:117} INFO - [2024-04-20T05:52:13.255+0000] {dagbag.py:525} INFO - Filling up the DagBag from /home/airflow/.local/lib/python3.7/site-packages/airflow/example_dags/example_time_delta_sensor_async.py
[2024-04-20T05:52:13.272+0000] {processor.py:768} INFO - DAG(s) dict_keys(['example_time_delta_sensor_async']) retrieved from /home/airflow/.local/lib/python3.7/site-packages/airflow/example_dags/example_time_delta_sensor_async.py
[2024-04-20T05:52:13.958+0000] {logging_mixin.py:117} INFO - [2024-04-20T05:52:13.958+0000] {dag.py:2573} INFO - Sync 1 DAGs
[2024-04-20T05:52:14.106+0000] {logging_mixin.py:117} INFO - [2024-04-20T05:52:14.105+0000] {dag.py:3328} INFO - Setting next_dagrun for example_time_delta_sensor_async to None, run_after=None
[2024-04-20T05:52:14.154+0000] {processor.py:178} INFO - Processing /home/airflow/.local/lib/python3.7/site-packages/airflow/example_dags/example_time_delta_sensor_async.py took 0.903 seconds
[2024-04-20T05:52:44.257+0000] {processor.py:156} INFO - Started process (PID=9886) to work on /home/airflow/.local/lib/python3.7/site-packages/airflow/example_dags/example_time_delta_sensor_async.py
[2024-04-20T05:52:44.258+0000] {processor.py:758} INFO - Processing file /home/airflow/.local/lib/python3.7/site-packages/airflow/example_dags/example_time_delta_sensor_async.py for tasks to queue
[2024-04-20T05:52:44.259+0000] {logging_mixin.py:117} INFO - [2024-04-20T05:52:44.258+0000] {dagbag.py:525} INFO - Filling up the DagBag from /home/airflow/.local/lib/python3.7/site-packages/airflow/example_dags/example_time_delta_sensor_async.py
[2024-04-20T05:52:44.270+0000] {processor.py:768} INFO - DAG(s) dict_keys(['example_time_delta_sensor_async']) retrieved from /home/airflow/.local/lib/python3.7/site-packages/airflow/example_dags/example_time_delta_sensor_async.py
[2024-04-20T05:52:44.559+0000] {logging_mixin.py:117} INFO - [2024-04-20T05:52:44.559+0000] {dag.py:2573} INFO - Sync 1 DAGs
[2024-04-20T05:52:44.579+0000] {logging_mixin.py:117} INFO - [2024-04-20T05:52:44.579+0000] {dag.py:3328} INFO - Setting next_dagrun for example_time_delta_sensor_async to None, run_after=None
[2024-04-20T05:52:44.609+0000] {processor.py:178} INFO - Processing /home/airflow/.local/lib/python3.7/site-packages/airflow/example_dags/example_time_delta_sensor_async.py took 0.354 seconds
[2024-04-20T05:53:14.971+0000] {processor.py:156} INFO - Started process (PID=10111) to work on /home/airflow/.local/lib/python3.7/site-packages/airflow/example_dags/example_time_delta_sensor_async.py
[2024-04-20T05:53:14.978+0000] {processor.py:758} INFO - Processing file /home/airflow/.local/lib/python3.7/site-packages/airflow/example_dags/example_time_delta_sensor_async.py for tasks to queue
[2024-04-20T05:53:14.979+0000] {logging_mixin.py:117} INFO - [2024-04-20T05:53:14.979+0000] {dagbag.py:525} INFO - Filling up the DagBag from /home/airflow/.local/lib/python3.7/site-packages/airflow/example_dags/example_time_delta_sensor_async.py
[2024-04-20T05:53:14.998+0000] {processor.py:768} INFO - DAG(s) dict_keys(['example_time_delta_sensor_async']) retrieved from /home/airflow/.local/lib/python3.7/site-packages/airflow/example_dags/example_time_delta_sensor_async.py
[2024-04-20T05:53:15.184+0000] {logging_mixin.py:117} INFO - [2024-04-20T05:53:15.183+0000] {dag.py:2573} INFO - Sync 1 DAGs
[2024-04-20T05:53:15.214+0000] {logging_mixin.py:117} INFO - [2024-04-20T05:53:15.213+0000] {dag.py:3328} INFO - Setting next_dagrun for example_time_delta_sensor_async to None, run_after=None
[2024-04-20T05:53:15.238+0000] {processor.py:178} INFO - Processing /home/airflow/.local/lib/python3.7/site-packages/airflow/example_dags/example_time_delta_sensor_async.py took 0.271 seconds
[2024-04-20T05:53:45.396+0000] {processor.py:156} INFO - Started process (PID=10342) to work on /home/airflow/.local/lib/python3.7/site-packages/airflow/example_dags/example_time_delta_sensor_async.py
[2024-04-20T05:53:45.397+0000] {processor.py:758} INFO - Processing file /home/airflow/.local/lib/python3.7/site-packages/airflow/example_dags/example_time_delta_sensor_async.py for tasks to queue
[2024-04-20T05:53:45.398+0000] {logging_mixin.py:117} INFO - [2024-04-20T05:53:45.398+0000] {dagbag.py:525} INFO - Filling up the DagBag from /home/airflow/.local/lib/python3.7/site-packages/airflow/example_dags/example_time_delta_sensor_async.py
[2024-04-20T05:53:45.425+0000] {processor.py:768} INFO - DAG(s) dict_keys(['example_time_delta_sensor_async']) retrieved from /home/airflow/.local/lib/python3.7/site-packages/airflow/example_dags/example_time_delta_sensor_async.py
[2024-04-20T05:53:45.709+0000] {logging_mixin.py:117} INFO - [2024-04-20T05:53:45.709+0000] {dag.py:2573} INFO - Sync 1 DAGs
[2024-04-20T05:53:45.738+0000] {logging_mixin.py:117} INFO - [2024-04-20T05:53:45.738+0000] {dag.py:3328} INFO - Setting next_dagrun for example_time_delta_sensor_async to None, run_after=None
[2024-04-20T05:53:45.756+0000] {processor.py:178} INFO - Processing /home/airflow/.local/lib/python3.7/site-packages/airflow/example_dags/example_time_delta_sensor_async.py took 0.365 seconds
[2024-04-20T05:54:15.822+0000] {processor.py:156} INFO - Started process (PID=10578) to work on /home/airflow/.local/lib/python3.7/site-packages/airflow/example_dags/example_time_delta_sensor_async.py
[2024-04-20T05:54:15.823+0000] {processor.py:758} INFO - Processing file /home/airflow/.local/lib/python3.7/site-packages/airflow/example_dags/example_time_delta_sensor_async.py for tasks to queue
[2024-04-20T05:54:15.823+0000] {logging_mixin.py:117} INFO - [2024-04-20T05:54:15.823+0000] {dagbag.py:525} INFO - Filling up the DagBag from /home/airflow/.local/lib/python3.7/site-packages/airflow/example_dags/example_time_delta_sensor_async.py
[2024-04-20T05:54:15.842+0000] {processor.py:768} INFO - DAG(s) dict_keys(['example_time_delta_sensor_async']) retrieved from /home/airflow/.local/lib/python3.7/site-packages/airflow/example_dags/example_time_delta_sensor_async.py
[2024-04-20T05:54:16.268+0000] {logging_mixin.py:117} INFO - [2024-04-20T05:54:16.268+0000] {dag.py:2573} INFO - Sync 1 DAGs
[2024-04-20T05:54:16.305+0000] {logging_mixin.py:117} INFO - [2024-04-20T05:54:16.304+0000] {dag.py:3328} INFO - Setting next_dagrun for example_time_delta_sensor_async to None, run_after=None
[2024-04-20T05:54:16.339+0000] {processor.py:178} INFO - Processing /home/airflow/.local/lib/python3.7/site-packages/airflow/example_dags/example_time_delta_sensor_async.py took 0.520 seconds
[2024-04-20T05:54:47.265+0000] {processor.py:156} INFO - Started process (PID=10803) to work on /home/airflow/.local/lib/python3.7/site-packages/airflow/example_dags/example_time_delta_sensor_async.py
[2024-04-20T05:54:47.266+0000] {processor.py:758} INFO - Processing file /home/airflow/.local/lib/python3.7/site-packages/airflow/example_dags/example_time_delta_sensor_async.py for tasks to queue
[2024-04-20T05:54:47.266+0000] {logging_mixin.py:117} INFO - [2024-04-20T05:54:47.266+0000] {dagbag.py:525} INFO - Filling up the DagBag from /home/airflow/.local/lib/python3.7/site-packages/airflow/example_dags/example_time_delta_sensor_async.py
[2024-04-20T05:54:47.279+0000] {processor.py:768} INFO - DAG(s) dict_keys(['example_time_delta_sensor_async']) retrieved from /home/airflow/.local/lib/python3.7/site-packages/airflow/example_dags/example_time_delta_sensor_async.py
[2024-04-20T05:54:47.445+0000] {logging_mixin.py:117} INFO - [2024-04-20T05:54:47.445+0000] {dag.py:2573} INFO - Sync 1 DAGs
[2024-04-20T05:54:47.465+0000] {logging_mixin.py:117} INFO - [2024-04-20T05:54:47.465+0000] {dag.py:3328} INFO - Setting next_dagrun for example_time_delta_sensor_async to None, run_after=None
[2024-04-20T05:54:47.486+0000] {processor.py:178} INFO - Processing /home/airflow/.local/lib/python3.7/site-packages/airflow/example_dags/example_time_delta_sensor_async.py took 0.224 seconds
[2024-04-20T05:55:17.959+0000] {processor.py:156} INFO - Started process (PID=11031) to work on /home/airflow/.local/lib/python3.7/site-packages/airflow/example_dags/example_time_delta_sensor_async.py
[2024-04-20T05:55:17.960+0000] {processor.py:758} INFO - Processing file /home/airflow/.local/lib/python3.7/site-packages/airflow/example_dags/example_time_delta_sensor_async.py for tasks to queue
[2024-04-20T05:55:17.960+0000] {logging_mixin.py:117} INFO - [2024-04-20T05:55:17.960+0000] {dagbag.py:525} INFO - Filling up the DagBag from /home/airflow/.local/lib/python3.7/site-packages/airflow/example_dags/example_time_delta_sensor_async.py
[2024-04-20T05:55:17.973+0000] {processor.py:768} INFO - DAG(s) dict_keys(['example_time_delta_sensor_async']) retrieved from /home/airflow/.local/lib/python3.7/site-packages/airflow/example_dags/example_time_delta_sensor_async.py
[2024-04-20T05:55:18.152+0000] {logging_mixin.py:117} INFO - [2024-04-20T05:55:18.152+0000] {dag.py:2573} INFO - Sync 1 DAGs
[2024-04-20T05:55:18.172+0000] {logging_mixin.py:117} INFO - [2024-04-20T05:55:18.171+0000] {dag.py:3328} INFO - Setting next_dagrun for example_time_delta_sensor_async to None, run_after=None
[2024-04-20T05:55:18.190+0000] {processor.py:178} INFO - Processing /home/airflow/.local/lib/python3.7/site-packages/airflow/example_dags/example_time_delta_sensor_async.py took 0.234 seconds
[2024-04-20T05:56:36.545+0000] {processor.py:156} INFO - Started process (PID=206) to work on /home/airflow/.local/lib/python3.7/site-packages/airflow/example_dags/example_time_delta_sensor_async.py
[2024-04-20T05:56:36.551+0000] {processor.py:758} INFO - Processing file /home/airflow/.local/lib/python3.7/site-packages/airflow/example_dags/example_time_delta_sensor_async.py for tasks to queue
[2024-04-20T05:56:36.566+0000] {logging_mixin.py:117} INFO - [2024-04-20T05:56:36.566+0000] {dagbag.py:525} INFO - Filling up the DagBag from /home/airflow/.local/lib/python3.7/site-packages/airflow/example_dags/example_time_delta_sensor_async.py
[2024-04-20T05:56:36.596+0000] {processor.py:768} INFO - DAG(s) dict_keys(['example_time_delta_sensor_async']) retrieved from /home/airflow/.local/lib/python3.7/site-packages/airflow/example_dags/example_time_delta_sensor_async.py
[2024-04-20T05:56:37.203+0000] {logging_mixin.py:117} INFO - [2024-04-20T05:56:37.203+0000] {dag.py:2573} INFO - Sync 1 DAGs
[2024-04-20T05:56:37.262+0000] {logging_mixin.py:117} INFO - [2024-04-20T05:56:37.262+0000] {dag.py:3328} INFO - Setting next_dagrun for example_time_delta_sensor_async to None, run_after=None
[2024-04-20T05:56:37.308+0000] {processor.py:178} INFO - Processing /home/airflow/.local/lib/python3.7/site-packages/airflow/example_dags/example_time_delta_sensor_async.py took 0.767 seconds
[2024-04-20T05:57:07.502+0000] {processor.py:156} INFO - Started process (PID=426) to work on /home/airflow/.local/lib/python3.7/site-packages/airflow/example_dags/example_time_delta_sensor_async.py
[2024-04-20T05:57:07.502+0000] {processor.py:758} INFO - Processing file /home/airflow/.local/lib/python3.7/site-packages/airflow/example_dags/example_time_delta_sensor_async.py for tasks to queue
[2024-04-20T05:57:07.503+0000] {logging_mixin.py:117} INFO - [2024-04-20T05:57:07.503+0000] {dagbag.py:525} INFO - Filling up the DagBag from /home/airflow/.local/lib/python3.7/site-packages/airflow/example_dags/example_time_delta_sensor_async.py
[2024-04-20T05:57:07.522+0000] {processor.py:768} INFO - DAG(s) dict_keys(['example_time_delta_sensor_async']) retrieved from /home/airflow/.local/lib/python3.7/site-packages/airflow/example_dags/example_time_delta_sensor_async.py
[2024-04-20T05:57:07.904+0000] {logging_mixin.py:117} INFO - [2024-04-20T05:57:07.904+0000] {dag.py:2573} INFO - Sync 1 DAGs
[2024-04-20T05:57:08.205+0000] {logging_mixin.py:117} INFO - [2024-04-20T05:57:08.204+0000] {dag.py:3328} INFO - Setting next_dagrun for example_time_delta_sensor_async to None, run_after=None
[2024-04-20T05:57:08.295+0000] {processor.py:178} INFO - Processing /home/airflow/.local/lib/python3.7/site-packages/airflow/example_dags/example_time_delta_sensor_async.py took 0.797 seconds
[2024-04-20T05:57:38.907+0000] {processor.py:156} INFO - Started process (PID=657) to work on /home/airflow/.local/lib/python3.7/site-packages/airflow/example_dags/example_time_delta_sensor_async.py
[2024-04-20T05:57:38.914+0000] {processor.py:758} INFO - Processing file /home/airflow/.local/lib/python3.7/site-packages/airflow/example_dags/example_time_delta_sensor_async.py for tasks to queue
[2024-04-20T05:57:38.915+0000] {logging_mixin.py:117} INFO - [2024-04-20T05:57:38.915+0000] {dagbag.py:525} INFO - Filling up the DagBag from /home/airflow/.local/lib/python3.7/site-packages/airflow/example_dags/example_time_delta_sensor_async.py
[2024-04-20T05:57:38.955+0000] {processor.py:768} INFO - DAG(s) dict_keys(['example_time_delta_sensor_async']) retrieved from /home/airflow/.local/lib/python3.7/site-packages/airflow/example_dags/example_time_delta_sensor_async.py
[2024-04-20T05:57:39.659+0000] {logging_mixin.py:117} INFO - [2024-04-20T05:57:39.659+0000] {dag.py:2573} INFO - Sync 1 DAGs
[2024-04-20T05:57:39.712+0000] {logging_mixin.py:117} INFO - [2024-04-20T05:57:39.712+0000] {dag.py:3328} INFO - Setting next_dagrun for example_time_delta_sensor_async to None, run_after=None
[2024-04-20T05:57:39.751+0000] {processor.py:178} INFO - Processing /home/airflow/.local/lib/python3.7/site-packages/airflow/example_dags/example_time_delta_sensor_async.py took 0.848 seconds
[2024-04-20T05:58:09.994+0000] {processor.py:156} INFO - Started process (PID=874) to work on /home/airflow/.local/lib/python3.7/site-packages/airflow/example_dags/example_time_delta_sensor_async.py
[2024-04-20T05:58:09.994+0000] {processor.py:758} INFO - Processing file /home/airflow/.local/lib/python3.7/site-packages/airflow/example_dags/example_time_delta_sensor_async.py for tasks to queue
[2024-04-20T05:58:09.995+0000] {logging_mixin.py:117} INFO - [2024-04-20T05:58:09.995+0000] {dagbag.py:525} INFO - Filling up the DagBag from /home/airflow/.local/lib/python3.7/site-packages/airflow/example_dags/example_time_delta_sensor_async.py
[2024-04-20T05:58:10.023+0000] {processor.py:768} INFO - DAG(s) dict_keys(['example_time_delta_sensor_async']) retrieved from /home/airflow/.local/lib/python3.7/site-packages/airflow/example_dags/example_time_delta_sensor_async.py
[2024-04-20T05:58:10.463+0000] {logging_mixin.py:117} INFO - [2024-04-20T05:58:10.463+0000] {dag.py:2573} INFO - Sync 1 DAGs
[2024-04-20T05:58:10.489+0000] {logging_mixin.py:117} INFO - [2024-04-20T05:58:10.489+0000] {dag.py:3328} INFO - Setting next_dagrun for example_time_delta_sensor_async to None, run_after=None
[2024-04-20T05:58:10.512+0000] {processor.py:178} INFO - Processing /home/airflow/.local/lib/python3.7/site-packages/airflow/example_dags/example_time_delta_sensor_async.py took 0.521 seconds
[2024-04-20T05:58:40.673+0000] {processor.py:156} INFO - Started process (PID=1096) to work on /home/airflow/.local/lib/python3.7/site-packages/airflow/example_dags/example_time_delta_sensor_async.py
[2024-04-20T05:58:40.674+0000] {processor.py:758} INFO - Processing file /home/airflow/.local/lib/python3.7/site-packages/airflow/example_dags/example_time_delta_sensor_async.py for tasks to queue
[2024-04-20T05:58:40.675+0000] {logging_mixin.py:117} INFO - [2024-04-20T05:58:40.675+0000] {dagbag.py:525} INFO - Filling up the DagBag from /home/airflow/.local/lib/python3.7/site-packages/airflow/example_dags/example_time_delta_sensor_async.py
[2024-04-20T05:58:40.690+0000] {processor.py:768} INFO - DAG(s) dict_keys(['example_time_delta_sensor_async']) retrieved from /home/airflow/.local/lib/python3.7/site-packages/airflow/example_dags/example_time_delta_sensor_async.py
[2024-04-20T05:58:41.107+0000] {logging_mixin.py:117} INFO - [2024-04-20T05:58:41.107+0000] {dag.py:2573} INFO - Sync 1 DAGs
[2024-04-20T05:58:41.174+0000] {logging_mixin.py:117} INFO - [2024-04-20T05:58:41.173+0000] {dag.py:3328} INFO - Setting next_dagrun for example_time_delta_sensor_async to None, run_after=None
[2024-04-20T05:58:41.239+0000] {processor.py:178} INFO - Processing /home/airflow/.local/lib/python3.7/site-packages/airflow/example_dags/example_time_delta_sensor_async.py took 0.568 seconds
[2024-04-20T05:59:11.503+0000] {processor.py:156} INFO - Started process (PID=1324) to work on /home/airflow/.local/lib/python3.7/site-packages/airflow/example_dags/example_time_delta_sensor_async.py
[2024-04-20T05:59:11.504+0000] {processor.py:758} INFO - Processing file /home/airflow/.local/lib/python3.7/site-packages/airflow/example_dags/example_time_delta_sensor_async.py for tasks to queue
[2024-04-20T05:59:11.504+0000] {logging_mixin.py:117} INFO - [2024-04-20T05:59:11.504+0000] {dagbag.py:525} INFO - Filling up the DagBag from /home/airflow/.local/lib/python3.7/site-packages/airflow/example_dags/example_time_delta_sensor_async.py
[2024-04-20T05:59:11.521+0000] {processor.py:768} INFO - DAG(s) dict_keys(['example_time_delta_sensor_async']) retrieved from /home/airflow/.local/lib/python3.7/site-packages/airflow/example_dags/example_time_delta_sensor_async.py
[2024-04-20T05:59:11.965+0000] {logging_mixin.py:117} INFO - [2024-04-20T05:59:11.965+0000] {dag.py:2573} INFO - Sync 1 DAGs
[2024-04-20T05:59:11.995+0000] {logging_mixin.py:117} INFO - [2024-04-20T05:59:11.995+0000] {dag.py:3328} INFO - Setting next_dagrun for example_time_delta_sensor_async to None, run_after=None
[2024-04-20T05:59:12.026+0000] {processor.py:178} INFO - Processing /home/airflow/.local/lib/python3.7/site-packages/airflow/example_dags/example_time_delta_sensor_async.py took 0.526 seconds
[2024-04-20T05:59:42.097+0000] {processor.py:156} INFO - Started process (PID=1544) to work on /home/airflow/.local/lib/python3.7/site-packages/airflow/example_dags/example_time_delta_sensor_async.py
[2024-04-20T05:59:42.098+0000] {processor.py:758} INFO - Processing file /home/airflow/.local/lib/python3.7/site-packages/airflow/example_dags/example_time_delta_sensor_async.py for tasks to queue
[2024-04-20T05:59:42.098+0000] {logging_mixin.py:117} INFO - [2024-04-20T05:59:42.098+0000] {dagbag.py:525} INFO - Filling up the DagBag from /home/airflow/.local/lib/python3.7/site-packages/airflow/example_dags/example_time_delta_sensor_async.py
[2024-04-20T05:59:42.298+0000] {processor.py:768} INFO - DAG(s) dict_keys(['example_time_delta_sensor_async']) retrieved from /home/airflow/.local/lib/python3.7/site-packages/airflow/example_dags/example_time_delta_sensor_async.py
[2024-04-20T05:59:42.614+0000] {logging_mixin.py:117} INFO - [2024-04-20T05:59:42.614+0000] {dag.py:2573} INFO - Sync 1 DAGs
[2024-04-20T05:59:42.644+0000] {logging_mixin.py:117} INFO - [2024-04-20T05:59:42.644+0000] {dag.py:3328} INFO - Setting next_dagrun for example_time_delta_sensor_async to None, run_after=None
[2024-04-20T05:59:42.677+0000] {processor.py:178} INFO - Processing /home/airflow/.local/lib/python3.7/site-packages/airflow/example_dags/example_time_delta_sensor_async.py took 0.582 seconds
[2024-04-20T06:00:12.984+0000] {processor.py:156} INFO - Started process (PID=1769) to work on /home/airflow/.local/lib/python3.7/site-packages/airflow/example_dags/example_time_delta_sensor_async.py
[2024-04-20T06:00:12.985+0000] {processor.py:758} INFO - Processing file /home/airflow/.local/lib/python3.7/site-packages/airflow/example_dags/example_time_delta_sensor_async.py for tasks to queue
[2024-04-20T06:00:12.985+0000] {logging_mixin.py:117} INFO - [2024-04-20T06:00:12.985+0000] {dagbag.py:525} INFO - Filling up the DagBag from /home/airflow/.local/lib/python3.7/site-packages/airflow/example_dags/example_time_delta_sensor_async.py
[2024-04-20T06:00:13.001+0000] {processor.py:768} INFO - DAG(s) dict_keys(['example_time_delta_sensor_async']) retrieved from /home/airflow/.local/lib/python3.7/site-packages/airflow/example_dags/example_time_delta_sensor_async.py
[2024-04-20T06:00:13.235+0000] {logging_mixin.py:117} INFO - [2024-04-20T06:00:13.235+0000] {dag.py:2573} INFO - Sync 1 DAGs
[2024-04-20T06:00:13.256+0000] {logging_mixin.py:117} INFO - [2024-04-20T06:00:13.255+0000] {dag.py:3328} INFO - Setting next_dagrun for example_time_delta_sensor_async to None, run_after=None
[2024-04-20T06:00:13.276+0000] {processor.py:178} INFO - Processing /home/airflow/.local/lib/python3.7/site-packages/airflow/example_dags/example_time_delta_sensor_async.py took 0.295 seconds
[2024-04-20T06:00:43.483+0000] {processor.py:156} INFO - Started process (PID=1996) to work on /home/airflow/.local/lib/python3.7/site-packages/airflow/example_dags/example_time_delta_sensor_async.py
[2024-04-20T06:00:43.483+0000] {processor.py:758} INFO - Processing file /home/airflow/.local/lib/python3.7/site-packages/airflow/example_dags/example_time_delta_sensor_async.py for tasks to queue
[2024-04-20T06:00:43.484+0000] {logging_mixin.py:117} INFO - [2024-04-20T06:00:43.484+0000] {dagbag.py:525} INFO - Filling up the DagBag from /home/airflow/.local/lib/python3.7/site-packages/airflow/example_dags/example_time_delta_sensor_async.py
[2024-04-20T06:00:43.501+0000] {processor.py:768} INFO - DAG(s) dict_keys(['example_time_delta_sensor_async']) retrieved from /home/airflow/.local/lib/python3.7/site-packages/airflow/example_dags/example_time_delta_sensor_async.py
[2024-04-20T06:00:43.751+0000] {logging_mixin.py:117} INFO - [2024-04-20T06:00:43.750+0000] {dag.py:2573} INFO - Sync 1 DAGs
[2024-04-20T06:00:43.782+0000] {logging_mixin.py:117} INFO - [2024-04-20T06:00:43.781+0000] {dag.py:3328} INFO - Setting next_dagrun for example_time_delta_sensor_async to None, run_after=None
[2024-04-20T06:00:43.808+0000] {processor.py:178} INFO - Processing /home/airflow/.local/lib/python3.7/site-packages/airflow/example_dags/example_time_delta_sensor_async.py took 0.332 seconds
[2024-04-20T06:01:13.939+0000] {processor.py:156} INFO - Started process (PID=2214) to work on /home/airflow/.local/lib/python3.7/site-packages/airflow/example_dags/example_time_delta_sensor_async.py
[2024-04-20T06:01:13.939+0000] {processor.py:758} INFO - Processing file /home/airflow/.local/lib/python3.7/site-packages/airflow/example_dags/example_time_delta_sensor_async.py for tasks to queue
[2024-04-20T06:01:13.940+0000] {logging_mixin.py:117} INFO - [2024-04-20T06:01:13.940+0000] {dagbag.py:525} INFO - Filling up the DagBag from /home/airflow/.local/lib/python3.7/site-packages/airflow/example_dags/example_time_delta_sensor_async.py
[2024-04-20T06:01:13.956+0000] {processor.py:768} INFO - DAG(s) dict_keys(['example_time_delta_sensor_async']) retrieved from /home/airflow/.local/lib/python3.7/site-packages/airflow/example_dags/example_time_delta_sensor_async.py
[2024-04-20T06:01:14.242+0000] {logging_mixin.py:117} INFO - [2024-04-20T06:01:14.242+0000] {dag.py:2573} INFO - Sync 1 DAGs
[2024-04-20T06:01:14.263+0000] {logging_mixin.py:117} INFO - [2024-04-20T06:01:14.263+0000] {dag.py:3328} INFO - Setting next_dagrun for example_time_delta_sensor_async to None, run_after=None
[2024-04-20T06:01:14.282+0000] {processor.py:178} INFO - Processing /home/airflow/.local/lib/python3.7/site-packages/airflow/example_dags/example_time_delta_sensor_async.py took 0.347 seconds
[2024-04-20T06:01:44.679+0000] {processor.py:156} INFO - Started process (PID=2442) to work on /home/airflow/.local/lib/python3.7/site-packages/airflow/example_dags/example_time_delta_sensor_async.py
[2024-04-20T06:01:44.680+0000] {processor.py:758} INFO - Processing file /home/airflow/.local/lib/python3.7/site-packages/airflow/example_dags/example_time_delta_sensor_async.py for tasks to queue
[2024-04-20T06:01:44.680+0000] {logging_mixin.py:117} INFO - [2024-04-20T06:01:44.680+0000] {dagbag.py:525} INFO - Filling up the DagBag from /home/airflow/.local/lib/python3.7/site-packages/airflow/example_dags/example_time_delta_sensor_async.py
[2024-04-20T06:01:44.698+0000] {processor.py:768} INFO - DAG(s) dict_keys(['example_time_delta_sensor_async']) retrieved from /home/airflow/.local/lib/python3.7/site-packages/airflow/example_dags/example_time_delta_sensor_async.py
[2024-04-20T06:01:44.908+0000] {logging_mixin.py:117} INFO - [2024-04-20T06:01:44.908+0000] {dag.py:2573} INFO - Sync 1 DAGs
[2024-04-20T06:01:44.928+0000] {logging_mixin.py:117} INFO - [2024-04-20T06:01:44.928+0000] {dag.py:3328} INFO - Setting next_dagrun for example_time_delta_sensor_async to None, run_after=None
[2024-04-20T06:01:44.947+0000] {processor.py:178} INFO - Processing /home/airflow/.local/lib/python3.7/site-packages/airflow/example_dags/example_time_delta_sensor_async.py took 0.272 seconds
[2024-04-20T06:02:15.450+0000] {processor.py:156} INFO - Started process (PID=2669) to work on /home/airflow/.local/lib/python3.7/site-packages/airflow/example_dags/example_time_delta_sensor_async.py
[2024-04-20T06:02:15.450+0000] {processor.py:758} INFO - Processing file /home/airflow/.local/lib/python3.7/site-packages/airflow/example_dags/example_time_delta_sensor_async.py for tasks to queue
[2024-04-20T06:02:15.451+0000] {logging_mixin.py:117} INFO - [2024-04-20T06:02:15.451+0000] {dagbag.py:525} INFO - Filling up the DagBag from /home/airflow/.local/lib/python3.7/site-packages/airflow/example_dags/example_time_delta_sensor_async.py
[2024-04-20T06:02:15.488+0000] {processor.py:768} INFO - DAG(s) dict_keys(['example_time_delta_sensor_async']) retrieved from /home/airflow/.local/lib/python3.7/site-packages/airflow/example_dags/example_time_delta_sensor_async.py
[2024-04-20T06:02:15.958+0000] {logging_mixin.py:117} INFO - [2024-04-20T06:02:15.958+0000] {dag.py:2573} INFO - Sync 1 DAGs
[2024-04-20T06:02:15.989+0000] {logging_mixin.py:117} INFO - [2024-04-20T06:02:15.989+0000] {dag.py:3328} INFO - Setting next_dagrun for example_time_delta_sensor_async to None, run_after=None
[2024-04-20T06:02:16.024+0000] {processor.py:178} INFO - Processing /home/airflow/.local/lib/python3.7/site-packages/airflow/example_dags/example_time_delta_sensor_async.py took 0.577 seconds
[2024-04-20T06:02:46.752+0000] {processor.py:156} INFO - Started process (PID=2888) to work on /home/airflow/.local/lib/python3.7/site-packages/airflow/example_dags/example_time_delta_sensor_async.py
[2024-04-20T06:02:46.753+0000] {processor.py:758} INFO - Processing file /home/airflow/.local/lib/python3.7/site-packages/airflow/example_dags/example_time_delta_sensor_async.py for tasks to queue
[2024-04-20T06:02:46.754+0000] {logging_mixin.py:117} INFO - [2024-04-20T06:02:46.753+0000] {dagbag.py:525} INFO - Filling up the DagBag from /home/airflow/.local/lib/python3.7/site-packages/airflow/example_dags/example_time_delta_sensor_async.py
[2024-04-20T06:02:46.775+0000] {processor.py:768} INFO - DAG(s) dict_keys(['example_time_delta_sensor_async']) retrieved from /home/airflow/.local/lib/python3.7/site-packages/airflow/example_dags/example_time_delta_sensor_async.py
[2024-04-20T06:02:46.982+0000] {logging_mixin.py:117} INFO - [2024-04-20T06:02:46.982+0000] {dag.py:2573} INFO - Sync 1 DAGs
[2024-04-20T06:02:47.001+0000] {logging_mixin.py:117} INFO - [2024-04-20T06:02:47.001+0000] {dag.py:3328} INFO - Setting next_dagrun for example_time_delta_sensor_async to None, run_after=None
[2024-04-20T06:02:47.021+0000] {processor.py:178} INFO - Processing /home/airflow/.local/lib/python3.7/site-packages/airflow/example_dags/example_time_delta_sensor_async.py took 0.272 seconds
[2024-04-20T06:03:17.574+0000] {processor.py:156} INFO - Started process (PID=3115) to work on /home/airflow/.local/lib/python3.7/site-packages/airflow/example_dags/example_time_delta_sensor_async.py
[2024-04-20T06:03:17.575+0000] {processor.py:758} INFO - Processing file /home/airflow/.local/lib/python3.7/site-packages/airflow/example_dags/example_time_delta_sensor_async.py for tasks to queue
[2024-04-20T06:03:17.576+0000] {logging_mixin.py:117} INFO - [2024-04-20T06:03:17.576+0000] {dagbag.py:525} INFO - Filling up the DagBag from /home/airflow/.local/lib/python3.7/site-packages/airflow/example_dags/example_time_delta_sensor_async.py
[2024-04-20T06:03:17.594+0000] {processor.py:768} INFO - DAG(s) dict_keys(['example_time_delta_sensor_async']) retrieved from /home/airflow/.local/lib/python3.7/site-packages/airflow/example_dags/example_time_delta_sensor_async.py
[2024-04-20T06:03:17.846+0000] {logging_mixin.py:117} INFO - [2024-04-20T06:03:17.846+0000] {dag.py:2573} INFO - Sync 1 DAGs
[2024-04-20T06:03:17.867+0000] {logging_mixin.py:117} INFO - [2024-04-20T06:03:17.867+0000] {dag.py:3328} INFO - Setting next_dagrun for example_time_delta_sensor_async to None, run_after=None
[2024-04-20T06:03:17.887+0000] {processor.py:178} INFO - Processing /home/airflow/.local/lib/python3.7/site-packages/airflow/example_dags/example_time_delta_sensor_async.py took 0.316 seconds
