[2024-04-20T05:31:51.619+0000] {processor.py:156} INFO - Started process (PID=280) to work on /home/airflow/.local/lib/python3.7/site-packages/airflow/example_dags/example_branch_labels.py
[2024-04-20T05:31:51.626+0000] {processor.py:758} INFO - Processing file /home/airflow/.local/lib/python3.7/site-packages/airflow/example_dags/example_branch_labels.py for tasks to queue
[2024-04-20T05:31:51.627+0000] {logging_mixin.py:117} INFO - [2024-04-20T05:31:51.627+0000] {dagbag.py:525} INFO - Filling up the DagBag from /home/airflow/.local/lib/python3.7/site-packages/airflow/example_dags/example_branch_labels.py
[2024-04-20T05:31:51.713+0000] {processor.py:768} INFO - DAG(s) dict_keys(['example_branch_labels']) retrieved from /home/airflow/.local/lib/python3.7/site-packages/airflow/example_dags/example_branch_labels.py
[2024-04-20T05:31:52.880+0000] {logging_mixin.py:117} INFO - [2024-04-20T05:31:52.880+0000] {manager.py:507} INFO - Created Permission View: can delete on DAG:example_branch_labels
[2024-04-20T05:31:52.993+0000] {logging_mixin.py:117} INFO - [2024-04-20T05:31:52.993+0000] {manager.py:507} INFO - Created Permission View: can edit on DAG:example_branch_labels
[2024-04-20T05:31:53.042+0000] {logging_mixin.py:117} INFO - [2024-04-20T05:31:53.042+0000] {manager.py:507} INFO - Created Permission View: can read on DAG:example_branch_labels
[2024-04-20T05:31:53.042+0000] {logging_mixin.py:117} INFO - [2024-04-20T05:31:53.042+0000] {dag.py:2573} INFO - Sync 1 DAGs
[2024-04-20T05:31:53.085+0000] {logging_mixin.py:117} INFO - [2024-04-20T05:31:53.085+0000] {dag.py:2594} INFO - Creating ORM DAG for example_branch_labels
[2024-04-20T05:31:53.120+0000] {logging_mixin.py:117} INFO - [2024-04-20T05:31:53.120+0000] {dag.py:3328} INFO - Setting next_dagrun for example_branch_labels to 2024-04-19T00:00:00+00:00, run_after=2024-04-20T00:00:00+00:00
[2024-04-20T05:31:53.172+0000] {processor.py:178} INFO - Processing /home/airflow/.local/lib/python3.7/site-packages/airflow/example_dags/example_branch_labels.py took 1.556 seconds
[2024-04-20T05:32:23.563+0000] {processor.py:156} INFO - Started process (PID=495) to work on /home/airflow/.local/lib/python3.7/site-packages/airflow/example_dags/example_branch_labels.py
[2024-04-20T05:32:23.564+0000] {processor.py:758} INFO - Processing file /home/airflow/.local/lib/python3.7/site-packages/airflow/example_dags/example_branch_labels.py for tasks to queue
[2024-04-20T05:32:23.564+0000] {logging_mixin.py:117} INFO - [2024-04-20T05:32:23.564+0000] {dagbag.py:525} INFO - Filling up the DagBag from /home/airflow/.local/lib/python3.7/site-packages/airflow/example_dags/example_branch_labels.py
[2024-04-20T05:32:23.584+0000] {processor.py:768} INFO - DAG(s) dict_keys(['example_branch_labels']) retrieved from /home/airflow/.local/lib/python3.7/site-packages/airflow/example_dags/example_branch_labels.py
[2024-04-20T05:32:23.629+0000] {logging_mixin.py:117} INFO - [2024-04-20T05:32:23.628+0000] {dag.py:2573} INFO - Sync 1 DAGs
[2024-04-20T05:32:23.660+0000] {logging_mixin.py:117} INFO - [2024-04-20T05:32:23.660+0000] {dag.py:3328} INFO - Setting next_dagrun for example_branch_labels to 2024-04-19T00:00:00+00:00, run_after=2024-04-20T00:00:00+00:00
[2024-04-20T05:32:23.848+0000] {processor.py:178} INFO - Processing /home/airflow/.local/lib/python3.7/site-packages/airflow/example_dags/example_branch_labels.py took 0.288 seconds
[2024-04-20T05:32:54.271+0000] {processor.py:156} INFO - Started process (PID=720) to work on /home/airflow/.local/lib/python3.7/site-packages/airflow/example_dags/example_branch_labels.py
[2024-04-20T05:32:54.272+0000] {processor.py:758} INFO - Processing file /home/airflow/.local/lib/python3.7/site-packages/airflow/example_dags/example_branch_labels.py for tasks to queue
[2024-04-20T05:32:54.272+0000] {logging_mixin.py:117} INFO - [2024-04-20T05:32:54.272+0000] {dagbag.py:525} INFO - Filling up the DagBag from /home/airflow/.local/lib/python3.7/site-packages/airflow/example_dags/example_branch_labels.py
[2024-04-20T05:32:54.304+0000] {processor.py:768} INFO - DAG(s) dict_keys(['example_branch_labels']) retrieved from /home/airflow/.local/lib/python3.7/site-packages/airflow/example_dags/example_branch_labels.py
[2024-04-20T05:32:54.367+0000] {logging_mixin.py:117} INFO - [2024-04-20T05:32:54.367+0000] {dag.py:2573} INFO - Sync 1 DAGs
[2024-04-20T05:32:54.584+0000] {logging_mixin.py:117} INFO - [2024-04-20T05:32:54.584+0000] {dag.py:3328} INFO - Setting next_dagrun for example_branch_labels to 2024-04-19T00:00:00+00:00, run_after=2024-04-20T00:00:00+00:00
[2024-04-20T05:32:54.606+0000] {processor.py:178} INFO - Processing /home/airflow/.local/lib/python3.7/site-packages/airflow/example_dags/example_branch_labels.py took 0.338 seconds
[2024-04-20T05:33:25.241+0000] {processor.py:156} INFO - Started process (PID=934) to work on /home/airflow/.local/lib/python3.7/site-packages/airflow/example_dags/example_branch_labels.py
[2024-04-20T05:33:25.242+0000] {processor.py:758} INFO - Processing file /home/airflow/.local/lib/python3.7/site-packages/airflow/example_dags/example_branch_labels.py for tasks to queue
[2024-04-20T05:33:25.242+0000] {logging_mixin.py:117} INFO - [2024-04-20T05:33:25.242+0000] {dagbag.py:525} INFO - Filling up the DagBag from /home/airflow/.local/lib/python3.7/site-packages/airflow/example_dags/example_branch_labels.py
[2024-04-20T05:33:25.260+0000] {processor.py:768} INFO - DAG(s) dict_keys(['example_branch_labels']) retrieved from /home/airflow/.local/lib/python3.7/site-packages/airflow/example_dags/example_branch_labels.py
[2024-04-20T05:33:25.308+0000] {logging_mixin.py:117} INFO - [2024-04-20T05:33:25.308+0000] {dag.py:2573} INFO - Sync 1 DAGs
[2024-04-20T05:33:25.478+0000] {logging_mixin.py:117} INFO - [2024-04-20T05:33:25.478+0000] {dag.py:3328} INFO - Setting next_dagrun for example_branch_labels to 2024-04-19T00:00:00+00:00, run_after=2024-04-20T00:00:00+00:00
[2024-04-20T05:33:25.499+0000] {processor.py:178} INFO - Processing /home/airflow/.local/lib/python3.7/site-packages/airflow/example_dags/example_branch_labels.py took 0.263 seconds
[2024-04-20T05:33:55.999+0000] {processor.py:156} INFO - Started process (PID=1151) to work on /home/airflow/.local/lib/python3.7/site-packages/airflow/example_dags/example_branch_labels.py
[2024-04-20T05:33:56.000+0000] {processor.py:758} INFO - Processing file /home/airflow/.local/lib/python3.7/site-packages/airflow/example_dags/example_branch_labels.py for tasks to queue
[2024-04-20T05:33:56.001+0000] {logging_mixin.py:117} INFO - [2024-04-20T05:33:56.001+0000] {dagbag.py:525} INFO - Filling up the DagBag from /home/airflow/.local/lib/python3.7/site-packages/airflow/example_dags/example_branch_labels.py
[2024-04-20T05:33:56.023+0000] {processor.py:768} INFO - DAG(s) dict_keys(['example_branch_labels']) retrieved from /home/airflow/.local/lib/python3.7/site-packages/airflow/example_dags/example_branch_labels.py
[2024-04-20T05:33:56.250+0000] {logging_mixin.py:117} INFO - [2024-04-20T05:33:56.250+0000] {dag.py:2573} INFO - Sync 1 DAGs
[2024-04-20T05:33:56.280+0000] {logging_mixin.py:117} INFO - [2024-04-20T05:33:56.280+0000] {dag.py:3328} INFO - Setting next_dagrun for example_branch_labels to 2024-04-19T00:00:00+00:00, run_after=2024-04-20T00:00:00+00:00
[2024-04-20T05:33:56.300+0000] {processor.py:178} INFO - Processing /home/airflow/.local/lib/python3.7/site-packages/airflow/example_dags/example_branch_labels.py took 0.304 seconds
[2024-04-20T05:34:26.395+0000] {processor.py:156} INFO - Started process (PID=1360) to work on /home/airflow/.local/lib/python3.7/site-packages/airflow/example_dags/example_branch_labels.py
[2024-04-20T05:34:26.396+0000] {processor.py:758} INFO - Processing file /home/airflow/.local/lib/python3.7/site-packages/airflow/example_dags/example_branch_labels.py for tasks to queue
[2024-04-20T05:34:26.397+0000] {logging_mixin.py:117} INFO - [2024-04-20T05:34:26.397+0000] {dagbag.py:525} INFO - Filling up the DagBag from /home/airflow/.local/lib/python3.7/site-packages/airflow/example_dags/example_branch_labels.py
[2024-04-20T05:34:26.415+0000] {processor.py:768} INFO - DAG(s) dict_keys(['example_branch_labels']) retrieved from /home/airflow/.local/lib/python3.7/site-packages/airflow/example_dags/example_branch_labels.py
[2024-04-20T05:34:26.676+0000] {logging_mixin.py:117} INFO - [2024-04-20T05:34:26.675+0000] {dag.py:2573} INFO - Sync 1 DAGs
[2024-04-20T05:34:26.706+0000] {logging_mixin.py:117} INFO - [2024-04-20T05:34:26.706+0000] {dag.py:3328} INFO - Setting next_dagrun for example_branch_labels to 2024-04-19T00:00:00+00:00, run_after=2024-04-20T00:00:00+00:00
[2024-04-20T05:34:26.729+0000] {processor.py:178} INFO - Processing /home/airflow/.local/lib/python3.7/site-packages/airflow/example_dags/example_branch_labels.py took 0.337 seconds
[2024-04-20T05:34:56.999+0000] {processor.py:156} INFO - Started process (PID=1579) to work on /home/airflow/.local/lib/python3.7/site-packages/airflow/example_dags/example_branch_labels.py
[2024-04-20T05:34:57.000+0000] {processor.py:758} INFO - Processing file /home/airflow/.local/lib/python3.7/site-packages/airflow/example_dags/example_branch_labels.py for tasks to queue
[2024-04-20T05:34:57.000+0000] {logging_mixin.py:117} INFO - [2024-04-20T05:34:57.000+0000] {dagbag.py:525} INFO - Filling up the DagBag from /home/airflow/.local/lib/python3.7/site-packages/airflow/example_dags/example_branch_labels.py
[2024-04-20T05:34:57.020+0000] {processor.py:768} INFO - DAG(s) dict_keys(['example_branch_labels']) retrieved from /home/airflow/.local/lib/python3.7/site-packages/airflow/example_dags/example_branch_labels.py
[2024-04-20T05:34:57.073+0000] {logging_mixin.py:117} INFO - [2024-04-20T05:34:57.073+0000] {dag.py:2573} INFO - Sync 1 DAGs
[2024-04-20T05:34:57.106+0000] {logging_mixin.py:117} INFO - [2024-04-20T05:34:57.106+0000] {dag.py:3328} INFO - Setting next_dagrun for example_branch_labels to 2024-04-19T00:00:00+00:00, run_after=2024-04-20T00:00:00+00:00
[2024-04-20T05:34:57.130+0000] {processor.py:178} INFO - Processing /home/airflow/.local/lib/python3.7/site-packages/airflow/example_dags/example_branch_labels.py took 0.134 seconds
[2024-04-20T05:35:27.622+0000] {processor.py:156} INFO - Started process (PID=1787) to work on /home/airflow/.local/lib/python3.7/site-packages/airflow/example_dags/example_branch_labels.py
[2024-04-20T05:35:27.623+0000] {processor.py:758} INFO - Processing file /home/airflow/.local/lib/python3.7/site-packages/airflow/example_dags/example_branch_labels.py for tasks to queue
[2024-04-20T05:35:27.624+0000] {logging_mixin.py:117} INFO - [2024-04-20T05:35:27.624+0000] {dagbag.py:525} INFO - Filling up the DagBag from /home/airflow/.local/lib/python3.7/site-packages/airflow/example_dags/example_branch_labels.py
[2024-04-20T05:35:27.643+0000] {processor.py:768} INFO - DAG(s) dict_keys(['example_branch_labels']) retrieved from /home/airflow/.local/lib/python3.7/site-packages/airflow/example_dags/example_branch_labels.py
[2024-04-20T05:35:27.753+0000] {logging_mixin.py:117} INFO - [2024-04-20T05:35:27.753+0000] {dag.py:2573} INFO - Sync 1 DAGs
[2024-04-20T05:35:27.804+0000] {logging_mixin.py:117} INFO - [2024-04-20T05:35:27.803+0000] {dag.py:3328} INFO - Setting next_dagrun for example_branch_labels to 2024-04-19T00:00:00+00:00, run_after=2024-04-20T00:00:00+00:00
[2024-04-20T05:35:27.829+0000] {processor.py:178} INFO - Processing /home/airflow/.local/lib/python3.7/site-packages/airflow/example_dags/example_branch_labels.py took 0.211 seconds
[2024-04-20T05:35:58.444+0000] {processor.py:156} INFO - Started process (PID=2004) to work on /home/airflow/.local/lib/python3.7/site-packages/airflow/example_dags/example_branch_labels.py
[2024-04-20T05:35:58.444+0000] {processor.py:758} INFO - Processing file /home/airflow/.local/lib/python3.7/site-packages/airflow/example_dags/example_branch_labels.py for tasks to queue
[2024-04-20T05:35:58.445+0000] {logging_mixin.py:117} INFO - [2024-04-20T05:35:58.445+0000] {dagbag.py:525} INFO - Filling up the DagBag from /home/airflow/.local/lib/python3.7/site-packages/airflow/example_dags/example_branch_labels.py
[2024-04-20T05:35:58.463+0000] {processor.py:768} INFO - DAG(s) dict_keys(['example_branch_labels']) retrieved from /home/airflow/.local/lib/python3.7/site-packages/airflow/example_dags/example_branch_labels.py
[2024-04-20T05:35:58.511+0000] {logging_mixin.py:117} INFO - [2024-04-20T05:35:58.511+0000] {dag.py:2573} INFO - Sync 1 DAGs
[2024-04-20T05:35:58.540+0000] {logging_mixin.py:117} INFO - [2024-04-20T05:35:58.540+0000] {dag.py:3328} INFO - Setting next_dagrun for example_branch_labels to 2024-04-19T00:00:00+00:00, run_after=2024-04-20T00:00:00+00:00
[2024-04-20T05:35:58.561+0000] {processor.py:178} INFO - Processing /home/airflow/.local/lib/python3.7/site-packages/airflow/example_dags/example_branch_labels.py took 0.125 seconds
[2024-04-20T05:36:28.679+0000] {processor.py:156} INFO - Started process (PID=2210) to work on /home/airflow/.local/lib/python3.7/site-packages/airflow/example_dags/example_branch_labels.py
[2024-04-20T05:36:28.679+0000] {processor.py:758} INFO - Processing file /home/airflow/.local/lib/python3.7/site-packages/airflow/example_dags/example_branch_labels.py for tasks to queue
[2024-04-20T05:36:28.680+0000] {logging_mixin.py:117} INFO - [2024-04-20T05:36:28.680+0000] {dagbag.py:525} INFO - Filling up the DagBag from /home/airflow/.local/lib/python3.7/site-packages/airflow/example_dags/example_branch_labels.py
[2024-04-20T05:36:28.700+0000] {processor.py:768} INFO - DAG(s) dict_keys(['example_branch_labels']) retrieved from /home/airflow/.local/lib/python3.7/site-packages/airflow/example_dags/example_branch_labels.py
[2024-04-20T05:36:28.776+0000] {logging_mixin.py:117} INFO - [2024-04-20T05:36:28.776+0000] {dag.py:2573} INFO - Sync 1 DAGs
[2024-04-20T05:36:28.805+0000] {logging_mixin.py:117} INFO - [2024-04-20T05:36:28.805+0000] {dag.py:3328} INFO - Setting next_dagrun for example_branch_labels to 2024-04-19T00:00:00+00:00, run_after=2024-04-20T00:00:00+00:00
[2024-04-20T05:36:28.824+0000] {processor.py:178} INFO - Processing /home/airflow/.local/lib/python3.7/site-packages/airflow/example_dags/example_branch_labels.py took 0.150 seconds
[2024-04-20T05:36:59.170+0000] {processor.py:156} INFO - Started process (PID=2483) to work on /home/airflow/.local/lib/python3.7/site-packages/airflow/example_dags/example_branch_labels.py
[2024-04-20T05:36:59.171+0000] {processor.py:758} INFO - Processing file /home/airflow/.local/lib/python3.7/site-packages/airflow/example_dags/example_branch_labels.py for tasks to queue
[2024-04-20T05:36:59.172+0000] {logging_mixin.py:117} INFO - [2024-04-20T05:36:59.172+0000] {dagbag.py:525} INFO - Filling up the DagBag from /home/airflow/.local/lib/python3.7/site-packages/airflow/example_dags/example_branch_labels.py
[2024-04-20T05:36:59.194+0000] {processor.py:768} INFO - DAG(s) dict_keys(['example_branch_labels']) retrieved from /home/airflow/.local/lib/python3.7/site-packages/airflow/example_dags/example_branch_labels.py
[2024-04-20T05:36:59.243+0000] {logging_mixin.py:117} INFO - [2024-04-20T05:36:59.243+0000] {dag.py:2573} INFO - Sync 1 DAGs
[2024-04-20T05:36:59.277+0000] {logging_mixin.py:117} INFO - [2024-04-20T05:36:59.277+0000] {dag.py:3328} INFO - Setting next_dagrun for example_branch_labels to 2024-04-19T00:00:00+00:00, run_after=2024-04-20T00:00:00+00:00
[2024-04-20T05:36:59.298+0000] {processor.py:178} INFO - Processing /home/airflow/.local/lib/python3.7/site-packages/airflow/example_dags/example_branch_labels.py took 0.132 seconds
[2024-04-20T05:37:29.925+0000] {processor.py:156} INFO - Started process (PID=2756) to work on /home/airflow/.local/lib/python3.7/site-packages/airflow/example_dags/example_branch_labels.py
[2024-04-20T05:37:29.926+0000] {processor.py:758} INFO - Processing file /home/airflow/.local/lib/python3.7/site-packages/airflow/example_dags/example_branch_labels.py for tasks to queue
[2024-04-20T05:37:29.926+0000] {logging_mixin.py:117} INFO - [2024-04-20T05:37:29.926+0000] {dagbag.py:525} INFO - Filling up the DagBag from /home/airflow/.local/lib/python3.7/site-packages/airflow/example_dags/example_branch_labels.py
[2024-04-20T05:37:29.982+0000] {processor.py:768} INFO - DAG(s) dict_keys(['example_branch_labels']) retrieved from /home/airflow/.local/lib/python3.7/site-packages/airflow/example_dags/example_branch_labels.py
[2024-04-20T05:37:30.059+0000] {logging_mixin.py:117} INFO - [2024-04-20T05:37:30.059+0000] {dag.py:2573} INFO - Sync 1 DAGs
[2024-04-20T05:37:30.092+0000] {logging_mixin.py:117} INFO - [2024-04-20T05:37:30.092+0000] {dag.py:3328} INFO - Setting next_dagrun for example_branch_labels to 2024-04-19T00:00:00+00:00, run_after=2024-04-20T00:00:00+00:00
[2024-04-20T05:37:30.119+0000] {processor.py:178} INFO - Processing /home/airflow/.local/lib/python3.7/site-packages/airflow/example_dags/example_branch_labels.py took 0.198 seconds
[2024-04-20T05:38:00.570+0000] {processor.py:156} INFO - Started process (PID=2976) to work on /home/airflow/.local/lib/python3.7/site-packages/airflow/example_dags/example_branch_labels.py
[2024-04-20T05:38:00.571+0000] {processor.py:758} INFO - Processing file /home/airflow/.local/lib/python3.7/site-packages/airflow/example_dags/example_branch_labels.py for tasks to queue
[2024-04-20T05:38:00.572+0000] {logging_mixin.py:117} INFO - [2024-04-20T05:38:00.571+0000] {dagbag.py:525} INFO - Filling up the DagBag from /home/airflow/.local/lib/python3.7/site-packages/airflow/example_dags/example_branch_labels.py
[2024-04-20T05:38:00.591+0000] {processor.py:768} INFO - DAG(s) dict_keys(['example_branch_labels']) retrieved from /home/airflow/.local/lib/python3.7/site-packages/airflow/example_dags/example_branch_labels.py
[2024-04-20T05:38:00.638+0000] {logging_mixin.py:117} INFO - [2024-04-20T05:38:00.638+0000] {dag.py:2573} INFO - Sync 1 DAGs
[2024-04-20T05:38:00.668+0000] {logging_mixin.py:117} INFO - [2024-04-20T05:38:00.668+0000] {dag.py:3328} INFO - Setting next_dagrun for example_branch_labels to 2024-04-19T00:00:00+00:00, run_after=2024-04-20T00:00:00+00:00
[2024-04-20T05:38:00.690+0000] {processor.py:178} INFO - Processing /home/airflow/.local/lib/python3.7/site-packages/airflow/example_dags/example_branch_labels.py took 0.123 seconds
[2024-04-20T05:38:31.114+0000] {processor.py:156} INFO - Started process (PID=3205) to work on /home/airflow/.local/lib/python3.7/site-packages/airflow/example_dags/example_branch_labels.py
[2024-04-20T05:38:31.115+0000] {processor.py:758} INFO - Processing file /home/airflow/.local/lib/python3.7/site-packages/airflow/example_dags/example_branch_labels.py for tasks to queue
[2024-04-20T05:38:31.116+0000] {logging_mixin.py:117} INFO - [2024-04-20T05:38:31.116+0000] {dagbag.py:525} INFO - Filling up the DagBag from /home/airflow/.local/lib/python3.7/site-packages/airflow/example_dags/example_branch_labels.py
[2024-04-20T05:38:31.149+0000] {processor.py:768} INFO - DAG(s) dict_keys(['example_branch_labels']) retrieved from /home/airflow/.local/lib/python3.7/site-packages/airflow/example_dags/example_branch_labels.py
[2024-04-20T05:38:31.215+0000] {logging_mixin.py:117} INFO - [2024-04-20T05:38:31.215+0000] {dag.py:2573} INFO - Sync 1 DAGs
[2024-04-20T05:38:31.247+0000] {logging_mixin.py:117} INFO - [2024-04-20T05:38:31.247+0000] {dag.py:3328} INFO - Setting next_dagrun for example_branch_labels to 2024-04-19T00:00:00+00:00, run_after=2024-04-20T00:00:00+00:00
[2024-04-20T05:38:31.269+0000] {processor.py:178} INFO - Processing /home/airflow/.local/lib/python3.7/site-packages/airflow/example_dags/example_branch_labels.py took 0.157 seconds
[2024-04-20T05:39:02.246+0000] {processor.py:156} INFO - Started process (PID=3434) to work on /home/airflow/.local/lib/python3.7/site-packages/airflow/example_dags/example_branch_labels.py
[2024-04-20T05:39:02.246+0000] {processor.py:758} INFO - Processing file /home/airflow/.local/lib/python3.7/site-packages/airflow/example_dags/example_branch_labels.py for tasks to queue
[2024-04-20T05:39:02.247+0000] {logging_mixin.py:117} INFO - [2024-04-20T05:39:02.247+0000] {dagbag.py:525} INFO - Filling up the DagBag from /home/airflow/.local/lib/python3.7/site-packages/airflow/example_dags/example_branch_labels.py
[2024-04-20T05:39:02.288+0000] {processor.py:768} INFO - DAG(s) dict_keys(['example_branch_labels']) retrieved from /home/airflow/.local/lib/python3.7/site-packages/airflow/example_dags/example_branch_labels.py
[2024-04-20T05:39:02.364+0000] {logging_mixin.py:117} INFO - [2024-04-20T05:39:02.364+0000] {dag.py:2573} INFO - Sync 1 DAGs
[2024-04-20T05:39:02.413+0000] {logging_mixin.py:117} INFO - [2024-04-20T05:39:02.412+0000] {dag.py:3328} INFO - Setting next_dagrun for example_branch_labels to 2024-04-19T00:00:00+00:00, run_after=2024-04-20T00:00:00+00:00
[2024-04-20T05:39:02.472+0000] {processor.py:178} INFO - Processing /home/airflow/.local/lib/python3.7/site-packages/airflow/example_dags/example_branch_labels.py took 0.230 seconds
[2024-04-20T05:39:32.990+0000] {processor.py:156} INFO - Started process (PID=3669) to work on /home/airflow/.local/lib/python3.7/site-packages/airflow/example_dags/example_branch_labels.py
[2024-04-20T05:39:32.991+0000] {processor.py:758} INFO - Processing file /home/airflow/.local/lib/python3.7/site-packages/airflow/example_dags/example_branch_labels.py for tasks to queue
[2024-04-20T05:39:32.992+0000] {logging_mixin.py:117} INFO - [2024-04-20T05:39:32.992+0000] {dagbag.py:525} INFO - Filling up the DagBag from /home/airflow/.local/lib/python3.7/site-packages/airflow/example_dags/example_branch_labels.py
[2024-04-20T05:39:33.019+0000] {processor.py:768} INFO - DAG(s) dict_keys(['example_branch_labels']) retrieved from /home/airflow/.local/lib/python3.7/site-packages/airflow/example_dags/example_branch_labels.py
[2024-04-20T05:39:33.092+0000] {logging_mixin.py:117} INFO - [2024-04-20T05:39:33.091+0000] {dag.py:2573} INFO - Sync 1 DAGs
[2024-04-20T05:39:33.127+0000] {logging_mixin.py:117} INFO - [2024-04-20T05:39:33.127+0000] {dag.py:3328} INFO - Setting next_dagrun for example_branch_labels to 2024-04-19T00:00:00+00:00, run_after=2024-04-20T00:00:00+00:00
[2024-04-20T05:39:33.145+0000] {processor.py:178} INFO - Processing /home/airflow/.local/lib/python3.7/site-packages/airflow/example_dags/example_branch_labels.py took 0.161 seconds
[2024-04-20T05:40:03.227+0000] {processor.py:156} INFO - Started process (PID=3899) to work on /home/airflow/.local/lib/python3.7/site-packages/airflow/example_dags/example_branch_labels.py
[2024-04-20T05:40:03.228+0000] {processor.py:758} INFO - Processing file /home/airflow/.local/lib/python3.7/site-packages/airflow/example_dags/example_branch_labels.py for tasks to queue
[2024-04-20T05:40:03.229+0000] {logging_mixin.py:117} INFO - [2024-04-20T05:40:03.229+0000] {dagbag.py:525} INFO - Filling up the DagBag from /home/airflow/.local/lib/python3.7/site-packages/airflow/example_dags/example_branch_labels.py
[2024-04-20T05:40:03.248+0000] {processor.py:768} INFO - DAG(s) dict_keys(['example_branch_labels']) retrieved from /home/airflow/.local/lib/python3.7/site-packages/airflow/example_dags/example_branch_labels.py
[2024-04-20T05:40:03.301+0000] {logging_mixin.py:117} INFO - [2024-04-20T05:40:03.301+0000] {dag.py:2573} INFO - Sync 1 DAGs
[2024-04-20T05:40:03.332+0000] {logging_mixin.py:117} INFO - [2024-04-20T05:40:03.332+0000] {dag.py:3328} INFO - Setting next_dagrun for example_branch_labels to 2024-04-19T00:00:00+00:00, run_after=2024-04-20T00:00:00+00:00
[2024-04-20T05:40:03.355+0000] {processor.py:178} INFO - Processing /home/airflow/.local/lib/python3.7/site-packages/airflow/example_dags/example_branch_labels.py took 0.131 seconds
[2024-04-20T05:40:33.609+0000] {processor.py:156} INFO - Started process (PID=4116) to work on /home/airflow/.local/lib/python3.7/site-packages/airflow/example_dags/example_branch_labels.py
[2024-04-20T05:40:33.617+0000] {processor.py:758} INFO - Processing file /home/airflow/.local/lib/python3.7/site-packages/airflow/example_dags/example_branch_labels.py for tasks to queue
[2024-04-20T05:40:33.629+0000] {logging_mixin.py:117} INFO - [2024-04-20T05:40:33.618+0000] {dagbag.py:525} INFO - Filling up the DagBag from /home/airflow/.local/lib/python3.7/site-packages/airflow/example_dags/example_branch_labels.py
[2024-04-20T05:40:33.648+0000] {processor.py:768} INFO - DAG(s) dict_keys(['example_branch_labels']) retrieved from /home/airflow/.local/lib/python3.7/site-packages/airflow/example_dags/example_branch_labels.py
[2024-04-20T05:40:33.711+0000] {logging_mixin.py:117} INFO - [2024-04-20T05:40:33.711+0000] {dag.py:2573} INFO - Sync 1 DAGs
[2024-04-20T05:40:33.746+0000] {logging_mixin.py:117} INFO - [2024-04-20T05:40:33.746+0000] {dag.py:3328} INFO - Setting next_dagrun for example_branch_labels to 2024-04-19T00:00:00+00:00, run_after=2024-04-20T00:00:00+00:00
[2024-04-20T05:40:33.787+0000] {processor.py:178} INFO - Processing /home/airflow/.local/lib/python3.7/site-packages/airflow/example_dags/example_branch_labels.py took 0.194 seconds
[2024-04-20T05:41:04.116+0000] {processor.py:156} INFO - Started process (PID=4348) to work on /home/airflow/.local/lib/python3.7/site-packages/airflow/example_dags/example_branch_labels.py
[2024-04-20T05:41:04.117+0000] {processor.py:758} INFO - Processing file /home/airflow/.local/lib/python3.7/site-packages/airflow/example_dags/example_branch_labels.py for tasks to queue
[2024-04-20T05:41:04.117+0000] {logging_mixin.py:117} INFO - [2024-04-20T05:41:04.117+0000] {dagbag.py:525} INFO - Filling up the DagBag from /home/airflow/.local/lib/python3.7/site-packages/airflow/example_dags/example_branch_labels.py
[2024-04-20T05:41:04.136+0000] {processor.py:768} INFO - DAG(s) dict_keys(['example_branch_labels']) retrieved from /home/airflow/.local/lib/python3.7/site-packages/airflow/example_dags/example_branch_labels.py
[2024-04-20T05:41:04.239+0000] {logging_mixin.py:117} INFO - [2024-04-20T05:41:04.239+0000] {dag.py:2573} INFO - Sync 1 DAGs
[2024-04-20T05:41:04.297+0000] {logging_mixin.py:117} INFO - [2024-04-20T05:41:04.297+0000] {dag.py:3328} INFO - Setting next_dagrun for example_branch_labels to 2024-04-19T00:00:00+00:00, run_after=2024-04-20T00:00:00+00:00
[2024-04-20T05:41:04.326+0000] {processor.py:178} INFO - Processing /home/airflow/.local/lib/python3.7/site-packages/airflow/example_dags/example_branch_labels.py took 0.214 seconds
[2024-04-20T05:41:34.863+0000] {processor.py:156} INFO - Started process (PID=4576) to work on /home/airflow/.local/lib/python3.7/site-packages/airflow/example_dags/example_branch_labels.py
[2024-04-20T05:41:34.864+0000] {processor.py:758} INFO - Processing file /home/airflow/.local/lib/python3.7/site-packages/airflow/example_dags/example_branch_labels.py for tasks to queue
[2024-04-20T05:41:34.865+0000] {logging_mixin.py:117} INFO - [2024-04-20T05:41:34.864+0000] {dagbag.py:525} INFO - Filling up the DagBag from /home/airflow/.local/lib/python3.7/site-packages/airflow/example_dags/example_branch_labels.py
[2024-04-20T05:41:34.883+0000] {processor.py:768} INFO - DAG(s) dict_keys(['example_branch_labels']) retrieved from /home/airflow/.local/lib/python3.7/site-packages/airflow/example_dags/example_branch_labels.py
[2024-04-20T05:41:34.932+0000] {logging_mixin.py:117} INFO - [2024-04-20T05:41:34.931+0000] {dag.py:2573} INFO - Sync 1 DAGs
[2024-04-20T05:41:34.970+0000] {logging_mixin.py:117} INFO - [2024-04-20T05:41:34.969+0000] {dag.py:3328} INFO - Setting next_dagrun for example_branch_labels to 2024-04-19T00:00:00+00:00, run_after=2024-04-20T00:00:00+00:00
[2024-04-20T05:41:35.007+0000] {processor.py:178} INFO - Processing /home/airflow/.local/lib/python3.7/site-packages/airflow/example_dags/example_branch_labels.py took 0.149 seconds
[2024-04-20T05:42:05.773+0000] {processor.py:156} INFO - Started process (PID=4794) to work on /home/airflow/.local/lib/python3.7/site-packages/airflow/example_dags/example_branch_labels.py
[2024-04-20T05:42:05.773+0000] {processor.py:758} INFO - Processing file /home/airflow/.local/lib/python3.7/site-packages/airflow/example_dags/example_branch_labels.py for tasks to queue
[2024-04-20T05:42:05.774+0000] {logging_mixin.py:117} INFO - [2024-04-20T05:42:05.774+0000] {dagbag.py:525} INFO - Filling up the DagBag from /home/airflow/.local/lib/python3.7/site-packages/airflow/example_dags/example_branch_labels.py
[2024-04-20T05:42:05.799+0000] {processor.py:768} INFO - DAG(s) dict_keys(['example_branch_labels']) retrieved from /home/airflow/.local/lib/python3.7/site-packages/airflow/example_dags/example_branch_labels.py
[2024-04-20T05:42:05.904+0000] {logging_mixin.py:117} INFO - [2024-04-20T05:42:05.904+0000] {dag.py:2573} INFO - Sync 1 DAGs
[2024-04-20T05:42:06.005+0000] {logging_mixin.py:117} INFO - [2024-04-20T05:42:06.005+0000] {dag.py:3328} INFO - Setting next_dagrun for example_branch_labels to 2024-04-19T00:00:00+00:00, run_after=2024-04-20T00:00:00+00:00
[2024-04-20T05:42:06.081+0000] {processor.py:178} INFO - Processing /home/airflow/.local/lib/python3.7/site-packages/airflow/example_dags/example_branch_labels.py took 0.313 seconds
[2024-04-20T05:42:36.209+0000] {processor.py:156} INFO - Started process (PID=5075) to work on /home/airflow/.local/lib/python3.7/site-packages/airflow/example_dags/example_branch_labels.py
[2024-04-20T05:42:36.210+0000] {processor.py:758} INFO - Processing file /home/airflow/.local/lib/python3.7/site-packages/airflow/example_dags/example_branch_labels.py for tasks to queue
[2024-04-20T05:42:36.211+0000] {logging_mixin.py:117} INFO - [2024-04-20T05:42:36.210+0000] {dagbag.py:525} INFO - Filling up the DagBag from /home/airflow/.local/lib/python3.7/site-packages/airflow/example_dags/example_branch_labels.py
[2024-04-20T05:42:36.231+0000] {processor.py:768} INFO - DAG(s) dict_keys(['example_branch_labels']) retrieved from /home/airflow/.local/lib/python3.7/site-packages/airflow/example_dags/example_branch_labels.py
[2024-04-20T05:42:36.313+0000] {logging_mixin.py:117} INFO - [2024-04-20T05:42:36.313+0000] {dag.py:2573} INFO - Sync 1 DAGs
[2024-04-20T05:42:36.362+0000] {logging_mixin.py:117} INFO - [2024-04-20T05:42:36.362+0000] {dag.py:3328} INFO - Setting next_dagrun for example_branch_labels to 2024-04-19T00:00:00+00:00, run_after=2024-04-20T00:00:00+00:00
[2024-04-20T05:42:36.382+0000] {processor.py:178} INFO - Processing /home/airflow/.local/lib/python3.7/site-packages/airflow/example_dags/example_branch_labels.py took 0.176 seconds
[2024-04-20T05:43:06.444+0000] {processor.py:156} INFO - Started process (PID=5305) to work on /home/airflow/.local/lib/python3.7/site-packages/airflow/example_dags/example_branch_labels.py
[2024-04-20T05:43:06.445+0000] {processor.py:758} INFO - Processing file /home/airflow/.local/lib/python3.7/site-packages/airflow/example_dags/example_branch_labels.py for tasks to queue
[2024-04-20T05:43:06.445+0000] {logging_mixin.py:117} INFO - [2024-04-20T05:43:06.445+0000] {dagbag.py:525} INFO - Filling up the DagBag from /home/airflow/.local/lib/python3.7/site-packages/airflow/example_dags/example_branch_labels.py
[2024-04-20T05:43:06.464+0000] {processor.py:768} INFO - DAG(s) dict_keys(['example_branch_labels']) retrieved from /home/airflow/.local/lib/python3.7/site-packages/airflow/example_dags/example_branch_labels.py
[2024-04-20T05:43:06.513+0000] {logging_mixin.py:117} INFO - [2024-04-20T05:43:06.513+0000] {dag.py:2573} INFO - Sync 1 DAGs
[2024-04-20T05:43:06.556+0000] {logging_mixin.py:117} INFO - [2024-04-20T05:43:06.556+0000] {dag.py:3328} INFO - Setting next_dagrun for example_branch_labels to 2024-04-19T00:00:00+00:00, run_after=2024-04-20T00:00:00+00:00
[2024-04-20T05:43:06.581+0000] {processor.py:178} INFO - Processing /home/airflow/.local/lib/python3.7/site-packages/airflow/example_dags/example_branch_labels.py took 0.141 seconds
[2024-04-20T05:43:37.418+0000] {processor.py:156} INFO - Started process (PID=5565) to work on /home/airflow/.local/lib/python3.7/site-packages/airflow/example_dags/example_branch_labels.py
[2024-04-20T05:43:37.419+0000] {processor.py:758} INFO - Processing file /home/airflow/.local/lib/python3.7/site-packages/airflow/example_dags/example_branch_labels.py for tasks to queue
[2024-04-20T05:43:37.419+0000] {logging_mixin.py:117} INFO - [2024-04-20T05:43:37.419+0000] {dagbag.py:525} INFO - Filling up the DagBag from /home/airflow/.local/lib/python3.7/site-packages/airflow/example_dags/example_branch_labels.py
[2024-04-20T05:43:37.440+0000] {processor.py:768} INFO - DAG(s) dict_keys(['example_branch_labels']) retrieved from /home/airflow/.local/lib/python3.7/site-packages/airflow/example_dags/example_branch_labels.py
[2024-04-20T05:43:37.490+0000] {logging_mixin.py:117} INFO - [2024-04-20T05:43:37.489+0000] {dag.py:2573} INFO - Sync 1 DAGs
[2024-04-20T05:43:37.541+0000] {logging_mixin.py:117} INFO - [2024-04-20T05:43:37.541+0000] {dag.py:3328} INFO - Setting next_dagrun for example_branch_labels to 2024-04-19T00:00:00+00:00, run_after=2024-04-20T00:00:00+00:00
[2024-04-20T05:43:37.574+0000] {processor.py:178} INFO - Processing /home/airflow/.local/lib/python3.7/site-packages/airflow/example_dags/example_branch_labels.py took 0.160 seconds
[2024-04-20T05:44:07.681+0000] {processor.py:156} INFO - Started process (PID=5798) to work on /home/airflow/.local/lib/python3.7/site-packages/airflow/example_dags/example_branch_labels.py
[2024-04-20T05:44:07.682+0000] {processor.py:758} INFO - Processing file /home/airflow/.local/lib/python3.7/site-packages/airflow/example_dags/example_branch_labels.py for tasks to queue
[2024-04-20T05:44:07.682+0000] {logging_mixin.py:117} INFO - [2024-04-20T05:44:07.682+0000] {dagbag.py:525} INFO - Filling up the DagBag from /home/airflow/.local/lib/python3.7/site-packages/airflow/example_dags/example_branch_labels.py
[2024-04-20T05:44:07.696+0000] {processor.py:768} INFO - DAG(s) dict_keys(['example_branch_labels']) retrieved from /home/airflow/.local/lib/python3.7/site-packages/airflow/example_dags/example_branch_labels.py
[2024-04-20T05:44:07.731+0000] {logging_mixin.py:117} INFO - [2024-04-20T05:44:07.731+0000] {dag.py:2573} INFO - Sync 1 DAGs
[2024-04-20T05:44:07.757+0000] {logging_mixin.py:117} INFO - [2024-04-20T05:44:07.757+0000] {dag.py:3328} INFO - Setting next_dagrun for example_branch_labels to 2024-04-19T00:00:00+00:00, run_after=2024-04-20T00:00:00+00:00
[2024-04-20T05:44:07.778+0000] {processor.py:178} INFO - Processing /home/airflow/.local/lib/python3.7/site-packages/airflow/example_dags/example_branch_labels.py took 0.100 seconds
[2024-04-20T05:44:38.891+0000] {processor.py:156} INFO - Started process (PID=6059) to work on /home/airflow/.local/lib/python3.7/site-packages/airflow/example_dags/example_branch_labels.py
[2024-04-20T05:44:38.892+0000] {processor.py:758} INFO - Processing file /home/airflow/.local/lib/python3.7/site-packages/airflow/example_dags/example_branch_labels.py for tasks to queue
[2024-04-20T05:44:38.892+0000] {logging_mixin.py:117} INFO - [2024-04-20T05:44:38.892+0000] {dagbag.py:525} INFO - Filling up the DagBag from /home/airflow/.local/lib/python3.7/site-packages/airflow/example_dags/example_branch_labels.py
[2024-04-20T05:44:38.916+0000] {processor.py:768} INFO - DAG(s) dict_keys(['example_branch_labels']) retrieved from /home/airflow/.local/lib/python3.7/site-packages/airflow/example_dags/example_branch_labels.py
[2024-04-20T05:44:38.965+0000] {logging_mixin.py:117} INFO - [2024-04-20T05:44:38.965+0000] {dag.py:2573} INFO - Sync 1 DAGs
[2024-04-20T05:44:38.998+0000] {logging_mixin.py:117} INFO - [2024-04-20T05:44:38.998+0000] {dag.py:3328} INFO - Setting next_dagrun for example_branch_labels to 2024-04-19T00:00:00+00:00, run_after=2024-04-20T00:00:00+00:00
[2024-04-20T05:44:39.024+0000] {processor.py:178} INFO - Processing /home/airflow/.local/lib/python3.7/site-packages/airflow/example_dags/example_branch_labels.py took 0.137 seconds
[2024-04-20T05:45:09.273+0000] {processor.py:156} INFO - Started process (PID=6318) to work on /home/airflow/.local/lib/python3.7/site-packages/airflow/example_dags/example_branch_labels.py
[2024-04-20T05:45:09.274+0000] {processor.py:758} INFO - Processing file /home/airflow/.local/lib/python3.7/site-packages/airflow/example_dags/example_branch_labels.py for tasks to queue
[2024-04-20T05:45:09.275+0000] {logging_mixin.py:117} INFO - [2024-04-20T05:45:09.275+0000] {dagbag.py:525} INFO - Filling up the DagBag from /home/airflow/.local/lib/python3.7/site-packages/airflow/example_dags/example_branch_labels.py
[2024-04-20T05:45:09.294+0000] {processor.py:768} INFO - DAG(s) dict_keys(['example_branch_labels']) retrieved from /home/airflow/.local/lib/python3.7/site-packages/airflow/example_dags/example_branch_labels.py
[2024-04-20T05:45:09.345+0000] {logging_mixin.py:117} INFO - [2024-04-20T05:45:09.344+0000] {dag.py:2573} INFO - Sync 1 DAGs
[2024-04-20T05:45:09.379+0000] {logging_mixin.py:117} INFO - [2024-04-20T05:45:09.379+0000] {dag.py:3328} INFO - Setting next_dagrun for example_branch_labels to 2024-04-19T00:00:00+00:00, run_after=2024-04-20T00:00:00+00:00
[2024-04-20T05:45:09.414+0000] {processor.py:178} INFO - Processing /home/airflow/.local/lib/python3.7/site-packages/airflow/example_dags/example_branch_labels.py took 0.143 seconds
[2024-04-20T05:45:39.642+0000] {processor.py:156} INFO - Started process (PID=6583) to work on /home/airflow/.local/lib/python3.7/site-packages/airflow/example_dags/example_branch_labels.py
[2024-04-20T05:45:39.643+0000] {processor.py:758} INFO - Processing file /home/airflow/.local/lib/python3.7/site-packages/airflow/example_dags/example_branch_labels.py for tasks to queue
[2024-04-20T05:45:39.643+0000] {logging_mixin.py:117} INFO - [2024-04-20T05:45:39.643+0000] {dagbag.py:525} INFO - Filling up the DagBag from /home/airflow/.local/lib/python3.7/site-packages/airflow/example_dags/example_branch_labels.py
[2024-04-20T05:45:39.663+0000] {processor.py:768} INFO - DAG(s) dict_keys(['example_branch_labels']) retrieved from /home/airflow/.local/lib/python3.7/site-packages/airflow/example_dags/example_branch_labels.py
[2024-04-20T05:45:39.728+0000] {logging_mixin.py:117} INFO - [2024-04-20T05:45:39.728+0000] {dag.py:2573} INFO - Sync 1 DAGs
[2024-04-20T05:45:39.796+0000] {logging_mixin.py:117} INFO - [2024-04-20T05:45:39.796+0000] {dag.py:3328} INFO - Setting next_dagrun for example_branch_labels to 2024-04-19T00:00:00+00:00, run_after=2024-04-20T00:00:00+00:00
[2024-04-20T05:45:39.824+0000] {processor.py:178} INFO - Processing /home/airflow/.local/lib/python3.7/site-packages/airflow/example_dags/example_branch_labels.py took 0.186 seconds
[2024-04-20T05:46:10.905+0000] {processor.py:156} INFO - Started process (PID=6843) to work on /home/airflow/.local/lib/python3.7/site-packages/airflow/example_dags/example_branch_labels.py
[2024-04-20T05:46:10.915+0000] {processor.py:758} INFO - Processing file /home/airflow/.local/lib/python3.7/site-packages/airflow/example_dags/example_branch_labels.py for tasks to queue
[2024-04-20T05:46:10.916+0000] {logging_mixin.py:117} INFO - [2024-04-20T05:46:10.916+0000] {dagbag.py:525} INFO - Filling up the DagBag from /home/airflow/.local/lib/python3.7/site-packages/airflow/example_dags/example_branch_labels.py
[2024-04-20T05:46:10.985+0000] {processor.py:768} INFO - DAG(s) dict_keys(['example_branch_labels']) retrieved from /home/airflow/.local/lib/python3.7/site-packages/airflow/example_dags/example_branch_labels.py
[2024-04-20T05:46:11.106+0000] {logging_mixin.py:117} INFO - [2024-04-20T05:46:11.106+0000] {dag.py:2573} INFO - Sync 1 DAGs
[2024-04-20T05:46:11.139+0000] {logging_mixin.py:117} INFO - [2024-04-20T05:46:11.139+0000] {dag.py:3328} INFO - Setting next_dagrun for example_branch_labels to 2024-04-19T00:00:00+00:00, run_after=2024-04-20T00:00:00+00:00
[2024-04-20T05:46:11.164+0000] {processor.py:178} INFO - Processing /home/airflow/.local/lib/python3.7/site-packages/airflow/example_dags/example_branch_labels.py took 0.266 seconds
[2024-04-20T05:46:41.687+0000] {processor.py:156} INFO - Started process (PID=7089) to work on /home/airflow/.local/lib/python3.7/site-packages/airflow/example_dags/example_branch_labels.py
[2024-04-20T05:46:41.688+0000] {processor.py:758} INFO - Processing file /home/airflow/.local/lib/python3.7/site-packages/airflow/example_dags/example_branch_labels.py for tasks to queue
[2024-04-20T05:46:41.689+0000] {logging_mixin.py:117} INFO - [2024-04-20T05:46:41.688+0000] {dagbag.py:525} INFO - Filling up the DagBag from /home/airflow/.local/lib/python3.7/site-packages/airflow/example_dags/example_branch_labels.py
[2024-04-20T05:46:41.716+0000] {processor.py:768} INFO - DAG(s) dict_keys(['example_branch_labels']) retrieved from /home/airflow/.local/lib/python3.7/site-packages/airflow/example_dags/example_branch_labels.py
[2024-04-20T05:46:41.771+0000] {logging_mixin.py:117} INFO - [2024-04-20T05:46:41.771+0000] {dag.py:2573} INFO - Sync 1 DAGs
[2024-04-20T05:46:41.806+0000] {logging_mixin.py:117} INFO - [2024-04-20T05:46:41.805+0000] {dag.py:3328} INFO - Setting next_dagrun for example_branch_labels to 2024-04-19T00:00:00+00:00, run_after=2024-04-20T00:00:00+00:00
[2024-04-20T05:46:41.828+0000] {processor.py:178} INFO - Processing /home/airflow/.local/lib/python3.7/site-packages/airflow/example_dags/example_branch_labels.py took 0.144 seconds
[2024-04-20T05:47:12.269+0000] {processor.py:156} INFO - Started process (PID=7337) to work on /home/airflow/.local/lib/python3.7/site-packages/airflow/example_dags/example_branch_labels.py
[2024-04-20T05:47:12.270+0000] {processor.py:758} INFO - Processing file /home/airflow/.local/lib/python3.7/site-packages/airflow/example_dags/example_branch_labels.py for tasks to queue
[2024-04-20T05:47:12.271+0000] {logging_mixin.py:117} INFO - [2024-04-20T05:47:12.271+0000] {dagbag.py:525} INFO - Filling up the DagBag from /home/airflow/.local/lib/python3.7/site-packages/airflow/example_dags/example_branch_labels.py
[2024-04-20T05:47:12.296+0000] {processor.py:768} INFO - DAG(s) dict_keys(['example_branch_labels']) retrieved from /home/airflow/.local/lib/python3.7/site-packages/airflow/example_dags/example_branch_labels.py
[2024-04-20T05:47:12.359+0000] {logging_mixin.py:117} INFO - [2024-04-20T05:47:12.359+0000] {dag.py:2573} INFO - Sync 1 DAGs
[2024-04-20T05:47:12.412+0000] {logging_mixin.py:117} INFO - [2024-04-20T05:47:12.412+0000] {dag.py:3328} INFO - Setting next_dagrun for example_branch_labels to 2024-04-19T00:00:00+00:00, run_after=2024-04-20T00:00:00+00:00
[2024-04-20T05:47:12.434+0000] {processor.py:178} INFO - Processing /home/airflow/.local/lib/python3.7/site-packages/airflow/example_dags/example_branch_labels.py took 0.168 seconds
[2024-04-20T05:47:43.300+0000] {processor.py:156} INFO - Started process (PID=7601) to work on /home/airflow/.local/lib/python3.7/site-packages/airflow/example_dags/example_branch_labels.py
[2024-04-20T05:47:43.301+0000] {processor.py:758} INFO - Processing file /home/airflow/.local/lib/python3.7/site-packages/airflow/example_dags/example_branch_labels.py for tasks to queue
[2024-04-20T05:47:43.302+0000] {logging_mixin.py:117} INFO - [2024-04-20T05:47:43.302+0000] {dagbag.py:525} INFO - Filling up the DagBag from /home/airflow/.local/lib/python3.7/site-packages/airflow/example_dags/example_branch_labels.py
[2024-04-20T05:47:43.337+0000] {processor.py:768} INFO - DAG(s) dict_keys(['example_branch_labels']) retrieved from /home/airflow/.local/lib/python3.7/site-packages/airflow/example_dags/example_branch_labels.py
[2024-04-20T05:47:43.405+0000] {logging_mixin.py:117} INFO - [2024-04-20T05:47:43.405+0000] {dag.py:2573} INFO - Sync 1 DAGs
[2024-04-20T05:47:43.451+0000] {logging_mixin.py:117} INFO - [2024-04-20T05:47:43.450+0000] {dag.py:3328} INFO - Setting next_dagrun for example_branch_labels to 2024-04-19T00:00:00+00:00, run_after=2024-04-20T00:00:00+00:00
[2024-04-20T05:47:43.482+0000] {processor.py:178} INFO - Processing /home/airflow/.local/lib/python3.7/site-packages/airflow/example_dags/example_branch_labels.py took 0.190 seconds
[2024-04-20T05:48:13.749+0000] {processor.py:156} INFO - Started process (PID=7850) to work on /home/airflow/.local/lib/python3.7/site-packages/airflow/example_dags/example_branch_labels.py
[2024-04-20T05:48:13.749+0000] {processor.py:758} INFO - Processing file /home/airflow/.local/lib/python3.7/site-packages/airflow/example_dags/example_branch_labels.py for tasks to queue
[2024-04-20T05:48:13.750+0000] {logging_mixin.py:117} INFO - [2024-04-20T05:48:13.750+0000] {dagbag.py:525} INFO - Filling up the DagBag from /home/airflow/.local/lib/python3.7/site-packages/airflow/example_dags/example_branch_labels.py
[2024-04-20T05:48:13.775+0000] {processor.py:768} INFO - DAG(s) dict_keys(['example_branch_labels']) retrieved from /home/airflow/.local/lib/python3.7/site-packages/airflow/example_dags/example_branch_labels.py
[2024-04-20T05:48:13.849+0000] {logging_mixin.py:117} INFO - [2024-04-20T05:48:13.849+0000] {dag.py:2573} INFO - Sync 1 DAGs
[2024-04-20T05:48:13.882+0000] {logging_mixin.py:117} INFO - [2024-04-20T05:48:13.882+0000] {dag.py:3328} INFO - Setting next_dagrun for example_branch_labels to 2024-04-19T00:00:00+00:00, run_after=2024-04-20T00:00:00+00:00
[2024-04-20T05:48:13.908+0000] {processor.py:178} INFO - Processing /home/airflow/.local/lib/python3.7/site-packages/airflow/example_dags/example_branch_labels.py took 0.163 seconds
[2024-04-20T05:48:44.149+0000] {processor.py:156} INFO - Started process (PID=8077) to work on /home/airflow/.local/lib/python3.7/site-packages/airflow/example_dags/example_branch_labels.py
[2024-04-20T05:48:44.150+0000] {processor.py:758} INFO - Processing file /home/airflow/.local/lib/python3.7/site-packages/airflow/example_dags/example_branch_labels.py for tasks to queue
[2024-04-20T05:48:44.150+0000] {logging_mixin.py:117} INFO - [2024-04-20T05:48:44.150+0000] {dagbag.py:525} INFO - Filling up the DagBag from /home/airflow/.local/lib/python3.7/site-packages/airflow/example_dags/example_branch_labels.py
[2024-04-20T05:48:44.168+0000] {processor.py:768} INFO - DAG(s) dict_keys(['example_branch_labels']) retrieved from /home/airflow/.local/lib/python3.7/site-packages/airflow/example_dags/example_branch_labels.py
[2024-04-20T05:48:44.217+0000] {logging_mixin.py:117} INFO - [2024-04-20T05:48:44.217+0000] {dag.py:2573} INFO - Sync 1 DAGs
[2024-04-20T05:48:44.254+0000] {logging_mixin.py:117} INFO - [2024-04-20T05:48:44.254+0000] {dag.py:3328} INFO - Setting next_dagrun for example_branch_labels to 2024-04-19T00:00:00+00:00, run_after=2024-04-20T00:00:00+00:00
[2024-04-20T05:48:44.281+0000] {processor.py:178} INFO - Processing /home/airflow/.local/lib/python3.7/site-packages/airflow/example_dags/example_branch_labels.py took 0.135 seconds
[2024-04-20T05:49:14.677+0000] {processor.py:156} INFO - Started process (PID=8312) to work on /home/airflow/.local/lib/python3.7/site-packages/airflow/example_dags/example_branch_labels.py
[2024-04-20T05:49:14.680+0000] {processor.py:758} INFO - Processing file /home/airflow/.local/lib/python3.7/site-packages/airflow/example_dags/example_branch_labels.py for tasks to queue
[2024-04-20T05:49:14.681+0000] {logging_mixin.py:117} INFO - [2024-04-20T05:49:14.681+0000] {dagbag.py:525} INFO - Filling up the DagBag from /home/airflow/.local/lib/python3.7/site-packages/airflow/example_dags/example_branch_labels.py
[2024-04-20T05:49:14.704+0000] {processor.py:768} INFO - DAG(s) dict_keys(['example_branch_labels']) retrieved from /home/airflow/.local/lib/python3.7/site-packages/airflow/example_dags/example_branch_labels.py
[2024-04-20T05:49:14.773+0000] {logging_mixin.py:117} INFO - [2024-04-20T05:49:14.773+0000] {dag.py:2573} INFO - Sync 1 DAGs
[2024-04-20T05:49:14.896+0000] {logging_mixin.py:117} INFO - [2024-04-20T05:49:14.896+0000] {dag.py:3328} INFO - Setting next_dagrun for example_branch_labels to 2024-04-19T00:00:00+00:00, run_after=2024-04-20T00:00:00+00:00
[2024-04-20T05:49:14.937+0000] {processor.py:178} INFO - Processing /home/airflow/.local/lib/python3.7/site-packages/airflow/example_dags/example_branch_labels.py took 0.263 seconds
[2024-04-20T05:49:45.097+0000] {processor.py:156} INFO - Started process (PID=8553) to work on /home/airflow/.local/lib/python3.7/site-packages/airflow/example_dags/example_branch_labels.py
[2024-04-20T05:49:45.098+0000] {processor.py:758} INFO - Processing file /home/airflow/.local/lib/python3.7/site-packages/airflow/example_dags/example_branch_labels.py for tasks to queue
[2024-04-20T05:49:45.099+0000] {logging_mixin.py:117} INFO - [2024-04-20T05:49:45.098+0000] {dagbag.py:525} INFO - Filling up the DagBag from /home/airflow/.local/lib/python3.7/site-packages/airflow/example_dags/example_branch_labels.py
[2024-04-20T05:49:45.117+0000] {processor.py:768} INFO - DAG(s) dict_keys(['example_branch_labels']) retrieved from /home/airflow/.local/lib/python3.7/site-packages/airflow/example_dags/example_branch_labels.py
[2024-04-20T05:49:45.172+0000] {logging_mixin.py:117} INFO - [2024-04-20T05:49:45.171+0000] {dag.py:2573} INFO - Sync 1 DAGs
[2024-04-20T05:49:45.252+0000] {logging_mixin.py:117} INFO - [2024-04-20T05:49:45.251+0000] {dag.py:3328} INFO - Setting next_dagrun for example_branch_labels to 2024-04-19T00:00:00+00:00, run_after=2024-04-20T00:00:00+00:00
[2024-04-20T05:49:45.309+0000] {processor.py:178} INFO - Processing /home/airflow/.local/lib/python3.7/site-packages/airflow/example_dags/example_branch_labels.py took 0.215 seconds
[2024-04-20T05:50:15.926+0000] {processor.py:156} INFO - Started process (PID=8796) to work on /home/airflow/.local/lib/python3.7/site-packages/airflow/example_dags/example_branch_labels.py
[2024-04-20T05:50:15.927+0000] {processor.py:758} INFO - Processing file /home/airflow/.local/lib/python3.7/site-packages/airflow/example_dags/example_branch_labels.py for tasks to queue
[2024-04-20T05:50:15.928+0000] {logging_mixin.py:117} INFO - [2024-04-20T05:50:15.927+0000] {dagbag.py:525} INFO - Filling up the DagBag from /home/airflow/.local/lib/python3.7/site-packages/airflow/example_dags/example_branch_labels.py
[2024-04-20T05:50:15.946+0000] {processor.py:768} INFO - DAG(s) dict_keys(['example_branch_labels']) retrieved from /home/airflow/.local/lib/python3.7/site-packages/airflow/example_dags/example_branch_labels.py
[2024-04-20T05:50:16.014+0000] {logging_mixin.py:117} INFO - [2024-04-20T05:50:16.014+0000] {dag.py:2573} INFO - Sync 1 DAGs
[2024-04-20T05:50:16.051+0000] {logging_mixin.py:117} INFO - [2024-04-20T05:50:16.051+0000] {dag.py:3328} INFO - Setting next_dagrun for example_branch_labels to 2024-04-19T00:00:00+00:00, run_after=2024-04-20T00:00:00+00:00
[2024-04-20T05:50:16.077+0000] {processor.py:178} INFO - Processing /home/airflow/.local/lib/python3.7/site-packages/airflow/example_dags/example_branch_labels.py took 0.154 seconds
[2024-04-20T05:50:46.695+0000] {processor.py:156} INFO - Started process (PID=9020) to work on /home/airflow/.local/lib/python3.7/site-packages/airflow/example_dags/example_branch_labels.py
[2024-04-20T05:50:46.696+0000] {processor.py:758} INFO - Processing file /home/airflow/.local/lib/python3.7/site-packages/airflow/example_dags/example_branch_labels.py for tasks to queue
[2024-04-20T05:50:46.697+0000] {logging_mixin.py:117} INFO - [2024-04-20T05:50:46.697+0000] {dagbag.py:525} INFO - Filling up the DagBag from /home/airflow/.local/lib/python3.7/site-packages/airflow/example_dags/example_branch_labels.py
[2024-04-20T05:50:46.733+0000] {processor.py:768} INFO - DAG(s) dict_keys(['example_branch_labels']) retrieved from /home/airflow/.local/lib/python3.7/site-packages/airflow/example_dags/example_branch_labels.py
[2024-04-20T05:50:46.825+0000] {logging_mixin.py:117} INFO - [2024-04-20T05:50:46.825+0000] {dag.py:2573} INFO - Sync 1 DAGs
[2024-04-20T05:50:46.885+0000] {logging_mixin.py:117} INFO - [2024-04-20T05:50:46.885+0000] {dag.py:3328} INFO - Setting next_dagrun for example_branch_labels to 2024-04-19T00:00:00+00:00, run_after=2024-04-20T00:00:00+00:00
[2024-04-20T05:50:46.926+0000] {processor.py:178} INFO - Processing /home/airflow/.local/lib/python3.7/site-packages/airflow/example_dags/example_branch_labels.py took 0.234 seconds
[2024-04-20T05:51:17.290+0000] {processor.py:156} INFO - Started process (PID=9243) to work on /home/airflow/.local/lib/python3.7/site-packages/airflow/example_dags/example_branch_labels.py
[2024-04-20T05:51:17.291+0000] {processor.py:758} INFO - Processing file /home/airflow/.local/lib/python3.7/site-packages/airflow/example_dags/example_branch_labels.py for tasks to queue
[2024-04-20T05:51:17.292+0000] {logging_mixin.py:117} INFO - [2024-04-20T05:51:17.292+0000] {dagbag.py:525} INFO - Filling up the DagBag from /home/airflow/.local/lib/python3.7/site-packages/airflow/example_dags/example_branch_labels.py
[2024-04-20T05:51:17.312+0000] {processor.py:768} INFO - DAG(s) dict_keys(['example_branch_labels']) retrieved from /home/airflow/.local/lib/python3.7/site-packages/airflow/example_dags/example_branch_labels.py
[2024-04-20T05:51:17.363+0000] {logging_mixin.py:117} INFO - [2024-04-20T05:51:17.363+0000] {dag.py:2573} INFO - Sync 1 DAGs
[2024-04-20T05:51:17.393+0000] {logging_mixin.py:117} INFO - [2024-04-20T05:51:17.393+0000] {dag.py:3328} INFO - Setting next_dagrun for example_branch_labels to 2024-04-19T00:00:00+00:00, run_after=2024-04-20T00:00:00+00:00
[2024-04-20T05:51:17.415+0000] {processor.py:178} INFO - Processing /home/airflow/.local/lib/python3.7/site-packages/airflow/example_dags/example_branch_labels.py took 0.128 seconds
[2024-04-20T05:51:47.707+0000] {processor.py:156} INFO - Started process (PID=9478) to work on /home/airflow/.local/lib/python3.7/site-packages/airflow/example_dags/example_branch_labels.py
[2024-04-20T05:51:47.708+0000] {processor.py:758} INFO - Processing file /home/airflow/.local/lib/python3.7/site-packages/airflow/example_dags/example_branch_labels.py for tasks to queue
[2024-04-20T05:51:47.709+0000] {logging_mixin.py:117} INFO - [2024-04-20T05:51:47.708+0000] {dagbag.py:525} INFO - Filling up the DagBag from /home/airflow/.local/lib/python3.7/site-packages/airflow/example_dags/example_branch_labels.py
[2024-04-20T05:51:47.730+0000] {processor.py:768} INFO - DAG(s) dict_keys(['example_branch_labels']) retrieved from /home/airflow/.local/lib/python3.7/site-packages/airflow/example_dags/example_branch_labels.py
[2024-04-20T05:51:47.777+0000] {logging_mixin.py:117} INFO - [2024-04-20T05:51:47.777+0000] {dag.py:2573} INFO - Sync 1 DAGs
[2024-04-20T05:51:47.808+0000] {logging_mixin.py:117} INFO - [2024-04-20T05:51:47.808+0000] {dag.py:3328} INFO - Setting next_dagrun for example_branch_labels to 2024-04-19T00:00:00+00:00, run_after=2024-04-20T00:00:00+00:00
[2024-04-20T05:51:47.832+0000] {processor.py:178} INFO - Processing /home/airflow/.local/lib/python3.7/site-packages/airflow/example_dags/example_branch_labels.py took 0.128 seconds
[2024-04-20T05:52:18.523+0000] {processor.py:156} INFO - Started process (PID=9697) to work on /home/airflow/.local/lib/python3.7/site-packages/airflow/example_dags/example_branch_labels.py
[2024-04-20T05:52:18.524+0000] {processor.py:758} INFO - Processing file /home/airflow/.local/lib/python3.7/site-packages/airflow/example_dags/example_branch_labels.py for tasks to queue
[2024-04-20T05:52:18.527+0000] {logging_mixin.py:117} INFO - [2024-04-20T05:52:18.527+0000] {dagbag.py:525} INFO - Filling up the DagBag from /home/airflow/.local/lib/python3.7/site-packages/airflow/example_dags/example_branch_labels.py
[2024-04-20T05:52:18.576+0000] {processor.py:768} INFO - DAG(s) dict_keys(['example_branch_labels']) retrieved from /home/airflow/.local/lib/python3.7/site-packages/airflow/example_dags/example_branch_labels.py
[2024-04-20T05:52:18.659+0000] {logging_mixin.py:117} INFO - [2024-04-20T05:52:18.658+0000] {dag.py:2573} INFO - Sync 1 DAGs
[2024-04-20T05:52:18.770+0000] {logging_mixin.py:117} INFO - [2024-04-20T05:52:18.770+0000] {dag.py:3328} INFO - Setting next_dagrun for example_branch_labels to 2024-04-19T00:00:00+00:00, run_after=2024-04-20T00:00:00+00:00
[2024-04-20T05:52:18.827+0000] {processor.py:178} INFO - Processing /home/airflow/.local/lib/python3.7/site-packages/airflow/example_dags/example_branch_labels.py took 0.308 seconds
[2024-04-20T05:52:48.973+0000] {processor.py:156} INFO - Started process (PID=9924) to work on /home/airflow/.local/lib/python3.7/site-packages/airflow/example_dags/example_branch_labels.py
[2024-04-20T05:52:48.974+0000] {processor.py:758} INFO - Processing file /home/airflow/.local/lib/python3.7/site-packages/airflow/example_dags/example_branch_labels.py for tasks to queue
[2024-04-20T05:52:48.974+0000] {logging_mixin.py:117} INFO - [2024-04-20T05:52:48.974+0000] {dagbag.py:525} INFO - Filling up the DagBag from /home/airflow/.local/lib/python3.7/site-packages/airflow/example_dags/example_branch_labels.py
[2024-04-20T05:52:48.996+0000] {processor.py:768} INFO - DAG(s) dict_keys(['example_branch_labels']) retrieved from /home/airflow/.local/lib/python3.7/site-packages/airflow/example_dags/example_branch_labels.py
[2024-04-20T05:52:49.045+0000] {logging_mixin.py:117} INFO - [2024-04-20T05:52:49.045+0000] {dag.py:2573} INFO - Sync 1 DAGs
[2024-04-20T05:52:49.076+0000] {logging_mixin.py:117} INFO - [2024-04-20T05:52:49.076+0000] {dag.py:3328} INFO - Setting next_dagrun for example_branch_labels to 2024-04-19T00:00:00+00:00, run_after=2024-04-20T00:00:00+00:00
[2024-04-20T05:52:49.101+0000] {processor.py:178} INFO - Processing /home/airflow/.local/lib/python3.7/site-packages/airflow/example_dags/example_branch_labels.py took 0.132 seconds
[2024-04-20T05:53:19.560+0000] {processor.py:156} INFO - Started process (PID=10161) to work on /home/airflow/.local/lib/python3.7/site-packages/airflow/example_dags/example_branch_labels.py
[2024-04-20T05:53:19.561+0000] {processor.py:758} INFO - Processing file /home/airflow/.local/lib/python3.7/site-packages/airflow/example_dags/example_branch_labels.py for tasks to queue
[2024-04-20T05:53:19.561+0000] {logging_mixin.py:117} INFO - [2024-04-20T05:53:19.561+0000] {dagbag.py:525} INFO - Filling up the DagBag from /home/airflow/.local/lib/python3.7/site-packages/airflow/example_dags/example_branch_labels.py
[2024-04-20T05:53:19.584+0000] {processor.py:768} INFO - DAG(s) dict_keys(['example_branch_labels']) retrieved from /home/airflow/.local/lib/python3.7/site-packages/airflow/example_dags/example_branch_labels.py
[2024-04-20T05:53:19.658+0000] {logging_mixin.py:117} INFO - [2024-04-20T05:53:19.657+0000] {dag.py:2573} INFO - Sync 1 DAGs
[2024-04-20T05:53:19.697+0000] {logging_mixin.py:117} INFO - [2024-04-20T05:53:19.696+0000] {dag.py:3328} INFO - Setting next_dagrun for example_branch_labels to 2024-04-19T00:00:00+00:00, run_after=2024-04-20T00:00:00+00:00
[2024-04-20T05:53:19.720+0000] {processor.py:178} INFO - Processing /home/airflow/.local/lib/python3.7/site-packages/airflow/example_dags/example_branch_labels.py took 0.163 seconds
[2024-04-20T05:53:50.166+0000] {processor.py:156} INFO - Started process (PID=10380) to work on /home/airflow/.local/lib/python3.7/site-packages/airflow/example_dags/example_branch_labels.py
[2024-04-20T05:53:50.167+0000] {processor.py:758} INFO - Processing file /home/airflow/.local/lib/python3.7/site-packages/airflow/example_dags/example_branch_labels.py for tasks to queue
[2024-04-20T05:53:50.167+0000] {logging_mixin.py:117} INFO - [2024-04-20T05:53:50.167+0000] {dagbag.py:525} INFO - Filling up the DagBag from /home/airflow/.local/lib/python3.7/site-packages/airflow/example_dags/example_branch_labels.py
[2024-04-20T05:53:50.186+0000] {processor.py:768} INFO - DAG(s) dict_keys(['example_branch_labels']) retrieved from /home/airflow/.local/lib/python3.7/site-packages/airflow/example_dags/example_branch_labels.py
[2024-04-20T05:53:50.256+0000] {logging_mixin.py:117} INFO - [2024-04-20T05:53:50.255+0000] {dag.py:2573} INFO - Sync 1 DAGs
[2024-04-20T05:53:50.389+0000] {logging_mixin.py:117} INFO - [2024-04-20T05:53:50.389+0000] {dag.py:3328} INFO - Setting next_dagrun for example_branch_labels to 2024-04-19T00:00:00+00:00, run_after=2024-04-20T00:00:00+00:00
[2024-04-20T05:53:50.431+0000] {processor.py:178} INFO - Processing /home/airflow/.local/lib/python3.7/site-packages/airflow/example_dags/example_branch_labels.py took 0.268 seconds
[2024-04-20T05:54:20.521+0000] {processor.py:156} INFO - Started process (PID=10618) to work on /home/airflow/.local/lib/python3.7/site-packages/airflow/example_dags/example_branch_labels.py
[2024-04-20T05:54:20.522+0000] {processor.py:758} INFO - Processing file /home/airflow/.local/lib/python3.7/site-packages/airflow/example_dags/example_branch_labels.py for tasks to queue
[2024-04-20T05:54:20.522+0000] {logging_mixin.py:117} INFO - [2024-04-20T05:54:20.522+0000] {dagbag.py:525} INFO - Filling up the DagBag from /home/airflow/.local/lib/python3.7/site-packages/airflow/example_dags/example_branch_labels.py
[2024-04-20T05:54:20.561+0000] {processor.py:768} INFO - DAG(s) dict_keys(['example_branch_labels']) retrieved from /home/airflow/.local/lib/python3.7/site-packages/airflow/example_dags/example_branch_labels.py
[2024-04-20T05:54:20.609+0000] {logging_mixin.py:117} INFO - [2024-04-20T05:54:20.609+0000] {dag.py:2573} INFO - Sync 1 DAGs
[2024-04-20T05:54:20.642+0000] {logging_mixin.py:117} INFO - [2024-04-20T05:54:20.642+0000] {dag.py:3328} INFO - Setting next_dagrun for example_branch_labels to 2024-04-19T00:00:00+00:00, run_after=2024-04-20T00:00:00+00:00
[2024-04-20T05:54:20.695+0000] {processor.py:178} INFO - Processing /home/airflow/.local/lib/python3.7/site-packages/airflow/example_dags/example_branch_labels.py took 0.186 seconds
[2024-04-20T05:54:51.443+0000] {processor.py:156} INFO - Started process (PID=10851) to work on /home/airflow/.local/lib/python3.7/site-packages/airflow/example_dags/example_branch_labels.py
[2024-04-20T05:54:51.444+0000] {processor.py:758} INFO - Processing file /home/airflow/.local/lib/python3.7/site-packages/airflow/example_dags/example_branch_labels.py for tasks to queue
[2024-04-20T05:54:51.445+0000] {logging_mixin.py:117} INFO - [2024-04-20T05:54:51.445+0000] {dagbag.py:525} INFO - Filling up the DagBag from /home/airflow/.local/lib/python3.7/site-packages/airflow/example_dags/example_branch_labels.py
[2024-04-20T05:54:51.475+0000] {processor.py:768} INFO - DAG(s) dict_keys(['example_branch_labels']) retrieved from /home/airflow/.local/lib/python3.7/site-packages/airflow/example_dags/example_branch_labels.py
[2024-04-20T05:54:51.570+0000] {logging_mixin.py:117} INFO - [2024-04-20T05:54:51.570+0000] {dag.py:2573} INFO - Sync 1 DAGs
[2024-04-20T05:54:51.686+0000] {logging_mixin.py:117} INFO - [2024-04-20T05:54:51.686+0000] {dag.py:3328} INFO - Setting next_dagrun for example_branch_labels to 2024-04-19T00:00:00+00:00, run_after=2024-04-20T00:00:00+00:00
[2024-04-20T05:54:51.724+0000] {processor.py:178} INFO - Processing /home/airflow/.local/lib/python3.7/site-packages/airflow/example_dags/example_branch_labels.py took 0.284 seconds
[2024-04-20T05:55:22.079+0000] {processor.py:156} INFO - Started process (PID=11069) to work on /home/airflow/.local/lib/python3.7/site-packages/airflow/example_dags/example_branch_labels.py
[2024-04-20T05:55:22.084+0000] {processor.py:758} INFO - Processing file /home/airflow/.local/lib/python3.7/site-packages/airflow/example_dags/example_branch_labels.py for tasks to queue
[2024-04-20T05:55:22.085+0000] {logging_mixin.py:117} INFO - [2024-04-20T05:55:22.085+0000] {dagbag.py:525} INFO - Filling up the DagBag from /home/airflow/.local/lib/python3.7/site-packages/airflow/example_dags/example_branch_labels.py
[2024-04-20T05:55:22.114+0000] {processor.py:768} INFO - DAG(s) dict_keys(['example_branch_labels']) retrieved from /home/airflow/.local/lib/python3.7/site-packages/airflow/example_dags/example_branch_labels.py
[2024-04-20T05:55:22.175+0000] {logging_mixin.py:117} INFO - [2024-04-20T05:55:22.175+0000] {dag.py:2573} INFO - Sync 1 DAGs
[2024-04-20T05:55:22.206+0000] {logging_mixin.py:117} INFO - [2024-04-20T05:55:22.206+0000] {dag.py:3328} INFO - Setting next_dagrun for example_branch_labels to 2024-04-19T00:00:00+00:00, run_after=2024-04-20T00:00:00+00:00
[2024-04-20T05:55:22.239+0000] {processor.py:178} INFO - Processing /home/airflow/.local/lib/python3.7/site-packages/airflow/example_dags/example_branch_labels.py took 0.163 seconds
[2024-04-20T05:56:41.256+0000] {processor.py:156} INFO - Started process (PID=283) to work on /home/airflow/.local/lib/python3.7/site-packages/airflow/example_dags/example_branch_labels.py
[2024-04-20T05:56:41.270+0000] {processor.py:758} INFO - Processing file /home/airflow/.local/lib/python3.7/site-packages/airflow/example_dags/example_branch_labels.py for tasks to queue
[2024-04-20T05:56:41.271+0000] {logging_mixin.py:117} INFO - [2024-04-20T05:56:41.271+0000] {dagbag.py:525} INFO - Filling up the DagBag from /home/airflow/.local/lib/python3.7/site-packages/airflow/example_dags/example_branch_labels.py
[2024-04-20T05:56:41.337+0000] {processor.py:768} INFO - DAG(s) dict_keys(['example_branch_labels']) retrieved from /home/airflow/.local/lib/python3.7/site-packages/airflow/example_dags/example_branch_labels.py
[2024-04-20T05:56:41.470+0000] {logging_mixin.py:117} INFO - [2024-04-20T05:56:41.470+0000] {dag.py:2573} INFO - Sync 1 DAGs
[2024-04-20T05:56:41.528+0000] {logging_mixin.py:117} INFO - [2024-04-20T05:56:41.528+0000] {dag.py:3328} INFO - Setting next_dagrun for example_branch_labels to 2024-04-19T00:00:00+00:00, run_after=2024-04-20T00:00:00+00:00
[2024-04-20T05:56:41.580+0000] {processor.py:178} INFO - Processing /home/airflow/.local/lib/python3.7/site-packages/airflow/example_dags/example_branch_labels.py took 0.328 seconds
[2024-04-20T05:57:12.572+0000] {processor.py:156} INFO - Started process (PID=503) to work on /home/airflow/.local/lib/python3.7/site-packages/airflow/example_dags/example_branch_labels.py
[2024-04-20T05:57:12.574+0000] {processor.py:758} INFO - Processing file /home/airflow/.local/lib/python3.7/site-packages/airflow/example_dags/example_branch_labels.py for tasks to queue
[2024-04-20T05:57:12.575+0000] {logging_mixin.py:117} INFO - [2024-04-20T05:57:12.575+0000] {dagbag.py:525} INFO - Filling up the DagBag from /home/airflow/.local/lib/python3.7/site-packages/airflow/example_dags/example_branch_labels.py
[2024-04-20T05:57:12.648+0000] {processor.py:768} INFO - DAG(s) dict_keys(['example_branch_labels']) retrieved from /home/airflow/.local/lib/python3.7/site-packages/airflow/example_dags/example_branch_labels.py
[2024-04-20T05:57:12.778+0000] {logging_mixin.py:117} INFO - [2024-04-20T05:57:12.778+0000] {dag.py:2573} INFO - Sync 1 DAGs
[2024-04-20T05:57:12.845+0000] {logging_mixin.py:117} INFO - [2024-04-20T05:57:12.845+0000] {dag.py:3328} INFO - Setting next_dagrun for example_branch_labels to 2024-04-19T00:00:00+00:00, run_after=2024-04-20T00:00:00+00:00
[2024-04-20T05:57:12.930+0000] {processor.py:178} INFO - Processing /home/airflow/.local/lib/python3.7/site-packages/airflow/example_dags/example_branch_labels.py took 0.362 seconds
[2024-04-20T05:57:43.572+0000] {processor.py:156} INFO - Started process (PID=717) to work on /home/airflow/.local/lib/python3.7/site-packages/airflow/example_dags/example_branch_labels.py
[2024-04-20T05:57:43.573+0000] {processor.py:758} INFO - Processing file /home/airflow/.local/lib/python3.7/site-packages/airflow/example_dags/example_branch_labels.py for tasks to queue
[2024-04-20T05:57:43.574+0000] {logging_mixin.py:117} INFO - [2024-04-20T05:57:43.574+0000] {dagbag.py:525} INFO - Filling up the DagBag from /home/airflow/.local/lib/python3.7/site-packages/airflow/example_dags/example_branch_labels.py
[2024-04-20T05:57:43.593+0000] {processor.py:768} INFO - DAG(s) dict_keys(['example_branch_labels']) retrieved from /home/airflow/.local/lib/python3.7/site-packages/airflow/example_dags/example_branch_labels.py
[2024-04-20T05:57:43.638+0000] {logging_mixin.py:117} INFO - [2024-04-20T05:57:43.638+0000] {dag.py:2573} INFO - Sync 1 DAGs
[2024-04-20T05:57:43.823+0000] {logging_mixin.py:117} INFO - [2024-04-20T05:57:43.822+0000] {dag.py:3328} INFO - Setting next_dagrun for example_branch_labels to 2024-04-19T00:00:00+00:00, run_after=2024-04-20T00:00:00+00:00
[2024-04-20T05:57:43.845+0000] {processor.py:178} INFO - Processing /home/airflow/.local/lib/python3.7/site-packages/airflow/example_dags/example_branch_labels.py took 0.276 seconds
[2024-04-20T05:58:14.657+0000] {processor.py:156} INFO - Started process (PID=947) to work on /home/airflow/.local/lib/python3.7/site-packages/airflow/example_dags/example_branch_labels.py
[2024-04-20T05:58:14.659+0000] {processor.py:758} INFO - Processing file /home/airflow/.local/lib/python3.7/site-packages/airflow/example_dags/example_branch_labels.py for tasks to queue
[2024-04-20T05:58:14.660+0000] {logging_mixin.py:117} INFO - [2024-04-20T05:58:14.660+0000] {dagbag.py:525} INFO - Filling up the DagBag from /home/airflow/.local/lib/python3.7/site-packages/airflow/example_dags/example_branch_labels.py
[2024-04-20T05:58:14.697+0000] {processor.py:768} INFO - DAG(s) dict_keys(['example_branch_labels']) retrieved from /home/airflow/.local/lib/python3.7/site-packages/airflow/example_dags/example_branch_labels.py
[2024-04-20T05:58:14.970+0000] {logging_mixin.py:117} INFO - [2024-04-20T05:58:14.970+0000] {dag.py:2573} INFO - Sync 1 DAGs
[2024-04-20T05:58:15.016+0000] {logging_mixin.py:117} INFO - [2024-04-20T05:58:15.016+0000] {dag.py:3328} INFO - Setting next_dagrun for example_branch_labels to 2024-04-19T00:00:00+00:00, run_after=2024-04-20T00:00:00+00:00
[2024-04-20T05:58:15.042+0000] {processor.py:178} INFO - Processing /home/airflow/.local/lib/python3.7/site-packages/airflow/example_dags/example_branch_labels.py took 0.392 seconds
[2024-04-20T05:58:45.641+0000] {processor.py:156} INFO - Started process (PID=1166) to work on /home/airflow/.local/lib/python3.7/site-packages/airflow/example_dags/example_branch_labels.py
[2024-04-20T05:58:45.642+0000] {processor.py:758} INFO - Processing file /home/airflow/.local/lib/python3.7/site-packages/airflow/example_dags/example_branch_labels.py for tasks to queue
[2024-04-20T05:58:45.643+0000] {logging_mixin.py:117} INFO - [2024-04-20T05:58:45.643+0000] {dagbag.py:525} INFO - Filling up the DagBag from /home/airflow/.local/lib/python3.7/site-packages/airflow/example_dags/example_branch_labels.py
[2024-04-20T05:58:45.661+0000] {processor.py:768} INFO - DAG(s) dict_keys(['example_branch_labels']) retrieved from /home/airflow/.local/lib/python3.7/site-packages/airflow/example_dags/example_branch_labels.py
[2024-04-20T05:58:45.877+0000] {logging_mixin.py:117} INFO - [2024-04-20T05:58:45.877+0000] {dag.py:2573} INFO - Sync 1 DAGs
[2024-04-20T05:58:45.908+0000] {logging_mixin.py:117} INFO - [2024-04-20T05:58:45.908+0000] {dag.py:3328} INFO - Setting next_dagrun for example_branch_labels to 2024-04-19T00:00:00+00:00, run_after=2024-04-20T00:00:00+00:00
[2024-04-20T05:58:45.933+0000] {processor.py:178} INFO - Processing /home/airflow/.local/lib/python3.7/site-packages/airflow/example_dags/example_branch_labels.py took 0.295 seconds
[2024-04-20T05:59:16.525+0000] {processor.py:156} INFO - Started process (PID=1394) to work on /home/airflow/.local/lib/python3.7/site-packages/airflow/example_dags/example_branch_labels.py
[2024-04-20T05:59:16.526+0000] {processor.py:758} INFO - Processing file /home/airflow/.local/lib/python3.7/site-packages/airflow/example_dags/example_branch_labels.py for tasks to queue
[2024-04-20T05:59:16.526+0000] {logging_mixin.py:117} INFO - [2024-04-20T05:59:16.526+0000] {dagbag.py:525} INFO - Filling up the DagBag from /home/airflow/.local/lib/python3.7/site-packages/airflow/example_dags/example_branch_labels.py
[2024-04-20T05:59:16.543+0000] {processor.py:768} INFO - DAG(s) dict_keys(['example_branch_labels']) retrieved from /home/airflow/.local/lib/python3.7/site-packages/airflow/example_dags/example_branch_labels.py
[2024-04-20T05:59:16.732+0000] {logging_mixin.py:117} INFO - [2024-04-20T05:59:16.732+0000] {dag.py:2573} INFO - Sync 1 DAGs
[2024-04-20T05:59:16.760+0000] {logging_mixin.py:117} INFO - [2024-04-20T05:59:16.760+0000] {dag.py:3328} INFO - Setting next_dagrun for example_branch_labels to 2024-04-19T00:00:00+00:00, run_after=2024-04-20T00:00:00+00:00
[2024-04-20T05:59:16.786+0000] {processor.py:178} INFO - Processing /home/airflow/.local/lib/python3.7/site-packages/airflow/example_dags/example_branch_labels.py took 0.265 seconds
[2024-04-20T05:59:47.282+0000] {processor.py:156} INFO - Started process (PID=1621) to work on /home/airflow/.local/lib/python3.7/site-packages/airflow/example_dags/example_branch_labels.py
[2024-04-20T05:59:47.282+0000] {processor.py:758} INFO - Processing file /home/airflow/.local/lib/python3.7/site-packages/airflow/example_dags/example_branch_labels.py for tasks to queue
[2024-04-20T05:59:47.283+0000] {logging_mixin.py:117} INFO - [2024-04-20T05:59:47.283+0000] {dagbag.py:525} INFO - Filling up the DagBag from /home/airflow/.local/lib/python3.7/site-packages/airflow/example_dags/example_branch_labels.py
[2024-04-20T05:59:47.303+0000] {processor.py:768} INFO - DAG(s) dict_keys(['example_branch_labels']) retrieved from /home/airflow/.local/lib/python3.7/site-packages/airflow/example_dags/example_branch_labels.py
[2024-04-20T05:59:47.346+0000] {logging_mixin.py:117} INFO - [2024-04-20T05:59:47.346+0000] {dag.py:2573} INFO - Sync 1 DAGs
[2024-04-20T05:59:47.378+0000] {logging_mixin.py:117} INFO - [2024-04-20T05:59:47.378+0000] {dag.py:3328} INFO - Setting next_dagrun for example_branch_labels to 2024-04-19T00:00:00+00:00, run_after=2024-04-20T00:00:00+00:00
[2024-04-20T05:59:47.401+0000] {processor.py:178} INFO - Processing /home/airflow/.local/lib/python3.7/site-packages/airflow/example_dags/example_branch_labels.py took 0.126 seconds
[2024-04-20T06:00:18.057+0000] {processor.py:156} INFO - Started process (PID=1839) to work on /home/airflow/.local/lib/python3.7/site-packages/airflow/example_dags/example_branch_labels.py
[2024-04-20T06:00:18.058+0000] {processor.py:758} INFO - Processing file /home/airflow/.local/lib/python3.7/site-packages/airflow/example_dags/example_branch_labels.py for tasks to queue
[2024-04-20T06:00:18.058+0000] {logging_mixin.py:117} INFO - [2024-04-20T06:00:18.058+0000] {dagbag.py:525} INFO - Filling up the DagBag from /home/airflow/.local/lib/python3.7/site-packages/airflow/example_dags/example_branch_labels.py
[2024-04-20T06:00:18.115+0000] {processor.py:768} INFO - DAG(s) dict_keys(['example_branch_labels']) retrieved from /home/airflow/.local/lib/python3.7/site-packages/airflow/example_dags/example_branch_labels.py
[2024-04-20T06:00:18.169+0000] {logging_mixin.py:117} INFO - [2024-04-20T06:00:18.169+0000] {dag.py:2573} INFO - Sync 1 DAGs
[2024-04-20T06:00:18.202+0000] {logging_mixin.py:117} INFO - [2024-04-20T06:00:18.202+0000] {dag.py:3328} INFO - Setting next_dagrun for example_branch_labels to 2024-04-19T00:00:00+00:00, run_after=2024-04-20T00:00:00+00:00
[2024-04-20T06:00:18.232+0000] {processor.py:178} INFO - Processing /home/airflow/.local/lib/python3.7/site-packages/airflow/example_dags/example_branch_labels.py took 0.184 seconds
[2024-04-20T06:00:49.031+0000] {processor.py:156} INFO - Started process (PID=2066) to work on /home/airflow/.local/lib/python3.7/site-packages/airflow/example_dags/example_branch_labels.py
[2024-04-20T06:00:49.032+0000] {processor.py:758} INFO - Processing file /home/airflow/.local/lib/python3.7/site-packages/airflow/example_dags/example_branch_labels.py for tasks to queue
[2024-04-20T06:00:49.033+0000] {logging_mixin.py:117} INFO - [2024-04-20T06:00:49.033+0000] {dagbag.py:525} INFO - Filling up the DagBag from /home/airflow/.local/lib/python3.7/site-packages/airflow/example_dags/example_branch_labels.py
[2024-04-20T06:00:49.065+0000] {processor.py:768} INFO - DAG(s) dict_keys(['example_branch_labels']) retrieved from /home/airflow/.local/lib/python3.7/site-packages/airflow/example_dags/example_branch_labels.py
[2024-04-20T06:00:49.110+0000] {logging_mixin.py:117} INFO - [2024-04-20T06:00:49.110+0000] {dag.py:2573} INFO - Sync 1 DAGs
[2024-04-20T06:00:49.145+0000] {logging_mixin.py:117} INFO - [2024-04-20T06:00:49.145+0000] {dag.py:3328} INFO - Setting next_dagrun for example_branch_labels to 2024-04-19T00:00:00+00:00, run_after=2024-04-20T00:00:00+00:00
[2024-04-20T06:00:49.170+0000] {processor.py:178} INFO - Processing /home/airflow/.local/lib/python3.7/site-packages/airflow/example_dags/example_branch_labels.py took 0.143 seconds
[2024-04-20T06:01:19.558+0000] {processor.py:156} INFO - Started process (PID=2293) to work on /home/airflow/.local/lib/python3.7/site-packages/airflow/example_dags/example_branch_labels.py
[2024-04-20T06:01:19.559+0000] {processor.py:758} INFO - Processing file /home/airflow/.local/lib/python3.7/site-packages/airflow/example_dags/example_branch_labels.py for tasks to queue
[2024-04-20T06:01:19.560+0000] {logging_mixin.py:117} INFO - [2024-04-20T06:01:19.559+0000] {dagbag.py:525} INFO - Filling up the DagBag from /home/airflow/.local/lib/python3.7/site-packages/airflow/example_dags/example_branch_labels.py
[2024-04-20T06:01:19.578+0000] {processor.py:768} INFO - DAG(s) dict_keys(['example_branch_labels']) retrieved from /home/airflow/.local/lib/python3.7/site-packages/airflow/example_dags/example_branch_labels.py
[2024-04-20T06:01:19.627+0000] {logging_mixin.py:117} INFO - [2024-04-20T06:01:19.627+0000] {dag.py:2573} INFO - Sync 1 DAGs
[2024-04-20T06:01:19.663+0000] {logging_mixin.py:117} INFO - [2024-04-20T06:01:19.663+0000] {dag.py:3328} INFO - Setting next_dagrun for example_branch_labels to 2024-04-19T00:00:00+00:00, run_after=2024-04-20T00:00:00+00:00
[2024-04-20T06:01:19.689+0000] {processor.py:178} INFO - Processing /home/airflow/.local/lib/python3.7/site-packages/airflow/example_dags/example_branch_labels.py took 0.134 seconds
[2024-04-20T06:01:50.125+0000] {processor.py:156} INFO - Started process (PID=2512) to work on /home/airflow/.local/lib/python3.7/site-packages/airflow/example_dags/example_branch_labels.py
[2024-04-20T06:01:50.125+0000] {processor.py:758} INFO - Processing file /home/airflow/.local/lib/python3.7/site-packages/airflow/example_dags/example_branch_labels.py for tasks to queue
[2024-04-20T06:01:50.126+0000] {logging_mixin.py:117} INFO - [2024-04-20T06:01:50.126+0000] {dagbag.py:525} INFO - Filling up the DagBag from /home/airflow/.local/lib/python3.7/site-packages/airflow/example_dags/example_branch_labels.py
[2024-04-20T06:01:50.144+0000] {processor.py:768} INFO - DAG(s) dict_keys(['example_branch_labels']) retrieved from /home/airflow/.local/lib/python3.7/site-packages/airflow/example_dags/example_branch_labels.py
[2024-04-20T06:01:50.233+0000] {logging_mixin.py:117} INFO - [2024-04-20T06:01:50.233+0000] {dag.py:2573} INFO - Sync 1 DAGs
[2024-04-20T06:01:50.267+0000] {logging_mixin.py:117} INFO - [2024-04-20T06:01:50.267+0000] {dag.py:3328} INFO - Setting next_dagrun for example_branch_labels to 2024-04-19T00:00:00+00:00, run_after=2024-04-20T00:00:00+00:00
[2024-04-20T06:01:50.341+0000] {processor.py:178} INFO - Processing /home/airflow/.local/lib/python3.7/site-packages/airflow/example_dags/example_branch_labels.py took 0.220 seconds
[2024-04-20T06:02:21.211+0000] {processor.py:156} INFO - Started process (PID=2740) to work on /home/airflow/.local/lib/python3.7/site-packages/airflow/example_dags/example_branch_labels.py
[2024-04-20T06:02:21.211+0000] {processor.py:758} INFO - Processing file /home/airflow/.local/lib/python3.7/site-packages/airflow/example_dags/example_branch_labels.py for tasks to queue
[2024-04-20T06:02:21.212+0000] {logging_mixin.py:117} INFO - [2024-04-20T06:02:21.212+0000] {dagbag.py:525} INFO - Filling up the DagBag from /home/airflow/.local/lib/python3.7/site-packages/airflow/example_dags/example_branch_labels.py
[2024-04-20T06:02:21.232+0000] {processor.py:768} INFO - DAG(s) dict_keys(['example_branch_labels']) retrieved from /home/airflow/.local/lib/python3.7/site-packages/airflow/example_dags/example_branch_labels.py
[2024-04-20T06:02:21.282+0000] {logging_mixin.py:117} INFO - [2024-04-20T06:02:21.282+0000] {dag.py:2573} INFO - Sync 1 DAGs
[2024-04-20T06:02:21.318+0000] {logging_mixin.py:117} INFO - [2024-04-20T06:02:21.317+0000] {dag.py:3328} INFO - Setting next_dagrun for example_branch_labels to 2024-04-19T00:00:00+00:00, run_after=2024-04-20T00:00:00+00:00
[2024-04-20T06:02:21.344+0000] {processor.py:178} INFO - Processing /home/airflow/.local/lib/python3.7/site-packages/airflow/example_dags/example_branch_labels.py took 0.137 seconds
[2024-04-20T06:02:52.085+0000] {processor.py:156} INFO - Started process (PID=2968) to work on /home/airflow/.local/lib/python3.7/site-packages/airflow/example_dags/example_branch_labels.py
[2024-04-20T06:02:52.087+0000] {processor.py:758} INFO - Processing file /home/airflow/.local/lib/python3.7/site-packages/airflow/example_dags/example_branch_labels.py for tasks to queue
[2024-04-20T06:02:52.088+0000] {logging_mixin.py:117} INFO - [2024-04-20T06:02:52.088+0000] {dagbag.py:525} INFO - Filling up the DagBag from /home/airflow/.local/lib/python3.7/site-packages/airflow/example_dags/example_branch_labels.py
[2024-04-20T06:02:52.107+0000] {processor.py:768} INFO - DAG(s) dict_keys(['example_branch_labels']) retrieved from /home/airflow/.local/lib/python3.7/site-packages/airflow/example_dags/example_branch_labels.py
[2024-04-20T06:02:52.155+0000] {logging_mixin.py:117} INFO - [2024-04-20T06:02:52.154+0000] {dag.py:2573} INFO - Sync 1 DAGs
[2024-04-20T06:02:52.183+0000] {logging_mixin.py:117} INFO - [2024-04-20T06:02:52.183+0000] {dag.py:3328} INFO - Setting next_dagrun for example_branch_labels to 2024-04-19T00:00:00+00:00, run_after=2024-04-20T00:00:00+00:00
[2024-04-20T06:02:52.206+0000] {processor.py:178} INFO - Processing /home/airflow/.local/lib/python3.7/site-packages/airflow/example_dags/example_branch_labels.py took 0.126 seconds
[2024-04-20T06:03:23.624+0000] {processor.py:156} INFO - Started process (PID=3185) to work on /home/airflow/.local/lib/python3.7/site-packages/airflow/example_dags/example_branch_labels.py
[2024-04-20T06:03:23.625+0000] {processor.py:758} INFO - Processing file /home/airflow/.local/lib/python3.7/site-packages/airflow/example_dags/example_branch_labels.py for tasks to queue
[2024-04-20T06:03:23.626+0000] {logging_mixin.py:117} INFO - [2024-04-20T06:03:23.626+0000] {dagbag.py:525} INFO - Filling up the DagBag from /home/airflow/.local/lib/python3.7/site-packages/airflow/example_dags/example_branch_labels.py
[2024-04-20T06:03:23.707+0000] {processor.py:768} INFO - DAG(s) dict_keys(['example_branch_labels']) retrieved from /home/airflow/.local/lib/python3.7/site-packages/airflow/example_dags/example_branch_labels.py
[2024-04-20T06:03:23.758+0000] {logging_mixin.py:117} INFO - [2024-04-20T06:03:23.758+0000] {dag.py:2573} INFO - Sync 1 DAGs
[2024-04-20T06:03:23.793+0000] {logging_mixin.py:117} INFO - [2024-04-20T06:03:23.793+0000] {dag.py:3328} INFO - Setting next_dagrun for example_branch_labels to 2024-04-19T00:00:00+00:00, run_after=2024-04-20T00:00:00+00:00
[2024-04-20T06:03:23.823+0000] {processor.py:178} INFO - Processing /home/airflow/.local/lib/python3.7/site-packages/airflow/example_dags/example_branch_labels.py took 0.207 seconds
