[2024-04-20T05:32:05.335+0000] {processor.py:156} INFO - Started process (PID=369) to work on /home/airflow/.local/lib/python3.7/site-packages/airflow/example_dags/example_xcomargs.py
[2024-04-20T05:32:05.336+0000] {processor.py:758} INFO - Processing file /home/airflow/.local/lib/python3.7/site-packages/airflow/example_dags/example_xcomargs.py for tasks to queue
[2024-04-20T05:32:05.337+0000] {logging_mixin.py:117} INFO - [2024-04-20T05:32:05.337+0000] {dagbag.py:525} INFO - Filling up the DagBag from /home/airflow/.local/lib/python3.7/site-packages/airflow/example_dags/example_xcomargs.py
[2024-04-20T05:32:05.453+0000] {processor.py:768} INFO - DAG(s) dict_keys(['example_xcom_args_with_operators', 'example_xcom_args']) retrieved from /home/airflow/.local/lib/python3.7/site-packages/airflow/example_dags/example_xcomargs.py
[2024-04-20T05:32:06.629+0000] {logging_mixin.py:117} INFO - [2024-04-20T05:32:06.629+0000] {manager.py:507} INFO - Created Permission View: can delete on DAG:example_xcom_args_with_operators
[2024-04-20T05:32:06.652+0000] {logging_mixin.py:117} INFO - [2024-04-20T05:32:06.651+0000] {manager.py:507} INFO - Created Permission View: can edit on DAG:example_xcom_args_with_operators
[2024-04-20T05:32:06.689+0000] {logging_mixin.py:117} INFO - [2024-04-20T05:32:06.688+0000] {manager.py:507} INFO - Created Permission View: can read on DAG:example_xcom_args_with_operators
[2024-04-20T05:32:06.718+0000] {logging_mixin.py:117} INFO - [2024-04-20T05:32:06.718+0000] {manager.py:507} INFO - Created Permission View: can delete on DAG:example_xcom_args
[2024-04-20T05:32:06.732+0000] {logging_mixin.py:117} INFO - [2024-04-20T05:32:06.732+0000] {manager.py:507} INFO - Created Permission View: can edit on DAG:example_xcom_args
[2024-04-20T05:32:06.746+0000] {logging_mixin.py:117} INFO - [2024-04-20T05:32:06.745+0000] {manager.py:507} INFO - Created Permission View: can read on DAG:example_xcom_args
[2024-04-20T05:32:06.746+0000] {logging_mixin.py:117} INFO - [2024-04-20T05:32:06.746+0000] {dag.py:2573} INFO - Sync 2 DAGs
[2024-04-20T05:32:06.771+0000] {logging_mixin.py:117} INFO - [2024-04-20T05:32:06.771+0000] {dag.py:2594} INFO - Creating ORM DAG for example_xcom_args_with_operators
[2024-04-20T05:32:06.772+0000] {logging_mixin.py:117} INFO - [2024-04-20T05:32:06.772+0000] {dag.py:2594} INFO - Creating ORM DAG for example_xcom_args
[2024-04-20T05:32:06.792+0000] {logging_mixin.py:117} INFO - [2024-04-20T05:32:06.792+0000] {dag.py:3328} INFO - Setting next_dagrun for example_xcom_args to None, run_after=None
[2024-04-20T05:32:06.793+0000] {logging_mixin.py:117} INFO - [2024-04-20T05:32:06.793+0000] {dag.py:3328} INFO - Setting next_dagrun for example_xcom_args_with_operators to None, run_after=None
[2024-04-20T05:32:06.827+0000] {processor.py:178} INFO - Processing /home/airflow/.local/lib/python3.7/site-packages/airflow/example_dags/example_xcomargs.py took 1.501 seconds
[2024-04-20T05:32:36.961+0000] {processor.py:156} INFO - Started process (PID=597) to work on /home/airflow/.local/lib/python3.7/site-packages/airflow/example_dags/example_xcomargs.py
[2024-04-20T05:32:36.962+0000] {processor.py:758} INFO - Processing file /home/airflow/.local/lib/python3.7/site-packages/airflow/example_dags/example_xcomargs.py for tasks to queue
[2024-04-20T05:32:36.963+0000] {logging_mixin.py:117} INFO - [2024-04-20T05:32:36.963+0000] {dagbag.py:525} INFO - Filling up the DagBag from /home/airflow/.local/lib/python3.7/site-packages/airflow/example_dags/example_xcomargs.py
[2024-04-20T05:32:36.994+0000] {processor.py:768} INFO - DAG(s) dict_keys(['example_xcom_args_with_operators', 'example_xcom_args']) retrieved from /home/airflow/.local/lib/python3.7/site-packages/airflow/example_dags/example_xcomargs.py
[2024-04-20T05:32:37.046+0000] {logging_mixin.py:117} INFO - [2024-04-20T05:32:37.046+0000] {dag.py:2573} INFO - Sync 2 DAGs
[2024-04-20T05:32:37.301+0000] {logging_mixin.py:117} INFO - [2024-04-20T05:32:37.301+0000] {dag.py:3328} INFO - Setting next_dagrun for example_xcom_args to None, run_after=None
[2024-04-20T05:32:37.304+0000] {logging_mixin.py:117} INFO - [2024-04-20T05:32:37.304+0000] {dag.py:3328} INFO - Setting next_dagrun for example_xcom_args_with_operators to None, run_after=None
[2024-04-20T05:32:37.326+0000] {processor.py:178} INFO - Processing /home/airflow/.local/lib/python3.7/site-packages/airflow/example_dags/example_xcomargs.py took 0.368 seconds
[2024-04-20T05:33:07.798+0000] {processor.py:156} INFO - Started process (PID=820) to work on /home/airflow/.local/lib/python3.7/site-packages/airflow/example_dags/example_xcomargs.py
[2024-04-20T05:33:07.799+0000] {processor.py:758} INFO - Processing file /home/airflow/.local/lib/python3.7/site-packages/airflow/example_dags/example_xcomargs.py for tasks to queue
[2024-04-20T05:33:07.799+0000] {logging_mixin.py:117} INFO - [2024-04-20T05:33:07.799+0000] {dagbag.py:525} INFO - Filling up the DagBag from /home/airflow/.local/lib/python3.7/site-packages/airflow/example_dags/example_xcomargs.py
[2024-04-20T05:33:07.848+0000] {processor.py:768} INFO - DAG(s) dict_keys(['example_xcom_args', 'example_xcom_args_with_operators']) retrieved from /home/airflow/.local/lib/python3.7/site-packages/airflow/example_dags/example_xcomargs.py
[2024-04-20T05:33:08.070+0000] {logging_mixin.py:117} INFO - [2024-04-20T05:33:08.069+0000] {dag.py:2573} INFO - Sync 2 DAGs
[2024-04-20T05:33:08.117+0000] {logging_mixin.py:117} INFO - [2024-04-20T05:33:08.117+0000] {dag.py:3328} INFO - Setting next_dagrun for example_xcom_args to None, run_after=None
[2024-04-20T05:33:08.120+0000] {logging_mixin.py:117} INFO - [2024-04-20T05:33:08.120+0000] {dag.py:3328} INFO - Setting next_dagrun for example_xcom_args_with_operators to None, run_after=None
[2024-04-20T05:33:08.152+0000] {processor.py:178} INFO - Processing /home/airflow/.local/lib/python3.7/site-packages/airflow/example_dags/example_xcomargs.py took 0.356 seconds
[2024-04-20T05:33:38.282+0000] {processor.py:156} INFO - Started process (PID=1028) to work on /home/airflow/.local/lib/python3.7/site-packages/airflow/example_dags/example_xcomargs.py
[2024-04-20T05:33:38.283+0000] {processor.py:758} INFO - Processing file /home/airflow/.local/lib/python3.7/site-packages/airflow/example_dags/example_xcomargs.py for tasks to queue
[2024-04-20T05:33:38.284+0000] {logging_mixin.py:117} INFO - [2024-04-20T05:33:38.283+0000] {dagbag.py:525} INFO - Filling up the DagBag from /home/airflow/.local/lib/python3.7/site-packages/airflow/example_dags/example_xcomargs.py
[2024-04-20T05:33:38.314+0000] {processor.py:768} INFO - DAG(s) dict_keys(['example_xcom_args', 'example_xcom_args_with_operators']) retrieved from /home/airflow/.local/lib/python3.7/site-packages/airflow/example_dags/example_xcomargs.py
[2024-04-20T05:33:38.475+0000] {logging_mixin.py:117} INFO - [2024-04-20T05:33:38.475+0000] {dag.py:2573} INFO - Sync 2 DAGs
[2024-04-20T05:33:38.494+0000] {logging_mixin.py:117} INFO - [2024-04-20T05:33:38.494+0000] {dag.py:3328} INFO - Setting next_dagrun for example_xcom_args to None, run_after=None
[2024-04-20T05:33:38.497+0000] {logging_mixin.py:117} INFO - [2024-04-20T05:33:38.497+0000] {dag.py:3328} INFO - Setting next_dagrun for example_xcom_args_with_operators to None, run_after=None
[2024-04-20T05:33:38.516+0000] {processor.py:178} INFO - Processing /home/airflow/.local/lib/python3.7/site-packages/airflow/example_dags/example_xcomargs.py took 0.236 seconds
[2024-04-20T05:34:09.623+0000] {processor.py:156} INFO - Started process (PID=1241) to work on /home/airflow/.local/lib/python3.7/site-packages/airflow/example_dags/example_xcomargs.py
[2024-04-20T05:34:09.624+0000] {processor.py:758} INFO - Processing file /home/airflow/.local/lib/python3.7/site-packages/airflow/example_dags/example_xcomargs.py for tasks to queue
[2024-04-20T05:34:09.625+0000] {logging_mixin.py:117} INFO - [2024-04-20T05:34:09.625+0000] {dagbag.py:525} INFO - Filling up the DagBag from /home/airflow/.local/lib/python3.7/site-packages/airflow/example_dags/example_xcomargs.py
[2024-04-20T05:34:09.851+0000] {processor.py:768} INFO - DAG(s) dict_keys(['example_xcom_args', 'example_xcom_args_with_operators']) retrieved from /home/airflow/.local/lib/python3.7/site-packages/airflow/example_dags/example_xcomargs.py
[2024-04-20T05:34:09.894+0000] {logging_mixin.py:117} INFO - [2024-04-20T05:34:09.894+0000] {dag.py:2573} INFO - Sync 2 DAGs
[2024-04-20T05:34:09.929+0000] {logging_mixin.py:117} INFO - [2024-04-20T05:34:09.928+0000] {dag.py:3328} INFO - Setting next_dagrun for example_xcom_args to None, run_after=None
[2024-04-20T05:34:09.932+0000] {logging_mixin.py:117} INFO - [2024-04-20T05:34:09.932+0000] {dag.py:3328} INFO - Setting next_dagrun for example_xcom_args_with_operators to None, run_after=None
[2024-04-20T05:34:09.953+0000] {processor.py:178} INFO - Processing /home/airflow/.local/lib/python3.7/site-packages/airflow/example_dags/example_xcomargs.py took 0.333 seconds
[2024-04-20T05:34:40.550+0000] {processor.py:156} INFO - Started process (PID=1459) to work on /home/airflow/.local/lib/python3.7/site-packages/airflow/example_dags/example_xcomargs.py
[2024-04-20T05:34:40.551+0000] {processor.py:758} INFO - Processing file /home/airflow/.local/lib/python3.7/site-packages/airflow/example_dags/example_xcomargs.py for tasks to queue
[2024-04-20T05:34:40.551+0000] {logging_mixin.py:117} INFO - [2024-04-20T05:34:40.551+0000] {dagbag.py:525} INFO - Filling up the DagBag from /home/airflow/.local/lib/python3.7/site-packages/airflow/example_dags/example_xcomargs.py
[2024-04-20T05:34:40.788+0000] {processor.py:768} INFO - DAG(s) dict_keys(['example_xcom_args', 'example_xcom_args_with_operators']) retrieved from /home/airflow/.local/lib/python3.7/site-packages/airflow/example_dags/example_xcomargs.py
[2024-04-20T05:34:40.877+0000] {logging_mixin.py:117} INFO - [2024-04-20T05:34:40.877+0000] {dag.py:2573} INFO - Sync 2 DAGs
[2024-04-20T05:34:40.940+0000] {logging_mixin.py:117} INFO - [2024-04-20T05:34:40.939+0000] {dag.py:3328} INFO - Setting next_dagrun for example_xcom_args to None, run_after=None
[2024-04-20T05:34:40.943+0000] {logging_mixin.py:117} INFO - [2024-04-20T05:34:40.943+0000] {dag.py:3328} INFO - Setting next_dagrun for example_xcom_args_with_operators to None, run_after=None
[2024-04-20T05:34:40.987+0000] {processor.py:178} INFO - Processing /home/airflow/.local/lib/python3.7/site-packages/airflow/example_dags/example_xcomargs.py took 0.440 seconds
[2024-04-20T05:35:11.666+0000] {processor.py:156} INFO - Started process (PID=1670) to work on /home/airflow/.local/lib/python3.7/site-packages/airflow/example_dags/example_xcomargs.py
[2024-04-20T05:35:11.667+0000] {processor.py:758} INFO - Processing file /home/airflow/.local/lib/python3.7/site-packages/airflow/example_dags/example_xcomargs.py for tasks to queue
[2024-04-20T05:35:11.667+0000] {logging_mixin.py:117} INFO - [2024-04-20T05:35:11.667+0000] {dagbag.py:525} INFO - Filling up the DagBag from /home/airflow/.local/lib/python3.7/site-packages/airflow/example_dags/example_xcomargs.py
[2024-04-20T05:35:11.690+0000] {processor.py:768} INFO - DAG(s) dict_keys(['example_xcom_args', 'example_xcom_args_with_operators']) retrieved from /home/airflow/.local/lib/python3.7/site-packages/airflow/example_dags/example_xcomargs.py
[2024-04-20T05:35:11.730+0000] {logging_mixin.py:117} INFO - [2024-04-20T05:35:11.730+0000] {dag.py:2573} INFO - Sync 2 DAGs
[2024-04-20T05:35:11.749+0000] {logging_mixin.py:117} INFO - [2024-04-20T05:35:11.749+0000] {dag.py:3328} INFO - Setting next_dagrun for example_xcom_args to None, run_after=None
[2024-04-20T05:35:11.752+0000] {logging_mixin.py:117} INFO - [2024-04-20T05:35:11.752+0000] {dag.py:3328} INFO - Setting next_dagrun for example_xcom_args_with_operators to None, run_after=None
[2024-04-20T05:35:11.773+0000] {processor.py:178} INFO - Processing /home/airflow/.local/lib/python3.7/site-packages/airflow/example_dags/example_xcomargs.py took 0.109 seconds
[2024-04-20T05:35:42.970+0000] {processor.py:156} INFO - Started process (PID=1893) to work on /home/airflow/.local/lib/python3.7/site-packages/airflow/example_dags/example_xcomargs.py
[2024-04-20T05:35:42.971+0000] {processor.py:758} INFO - Processing file /home/airflow/.local/lib/python3.7/site-packages/airflow/example_dags/example_xcomargs.py for tasks to queue
[2024-04-20T05:35:42.972+0000] {logging_mixin.py:117} INFO - [2024-04-20T05:35:42.972+0000] {dagbag.py:525} INFO - Filling up the DagBag from /home/airflow/.local/lib/python3.7/site-packages/airflow/example_dags/example_xcomargs.py
[2024-04-20T05:35:43.073+0000] {processor.py:768} INFO - DAG(s) dict_keys(['example_xcom_args_with_operators', 'example_xcom_args']) retrieved from /home/airflow/.local/lib/python3.7/site-packages/airflow/example_dags/example_xcomargs.py
[2024-04-20T05:35:43.294+0000] {logging_mixin.py:117} INFO - [2024-04-20T05:35:43.294+0000] {dag.py:2573} INFO - Sync 2 DAGs
[2024-04-20T05:35:43.376+0000] {logging_mixin.py:117} INFO - [2024-04-20T05:35:43.376+0000] {dag.py:3328} INFO - Setting next_dagrun for example_xcom_args to None, run_after=None
[2024-04-20T05:35:43.381+0000] {logging_mixin.py:117} INFO - [2024-04-20T05:35:43.381+0000] {dag.py:3328} INFO - Setting next_dagrun for example_xcom_args_with_operators to None, run_after=None
[2024-04-20T05:35:43.430+0000] {processor.py:178} INFO - Processing /home/airflow/.local/lib/python3.7/site-packages/airflow/example_dags/example_xcomargs.py took 0.464 seconds
[2024-04-20T05:36:14.276+0000] {processor.py:156} INFO - Started process (PID=2102) to work on /home/airflow/.local/lib/python3.7/site-packages/airflow/example_dags/example_xcomargs.py
[2024-04-20T05:36:14.277+0000] {processor.py:758} INFO - Processing file /home/airflow/.local/lib/python3.7/site-packages/airflow/example_dags/example_xcomargs.py for tasks to queue
[2024-04-20T05:36:14.277+0000] {logging_mixin.py:117} INFO - [2024-04-20T05:36:14.277+0000] {dagbag.py:525} INFO - Filling up the DagBag from /home/airflow/.local/lib/python3.7/site-packages/airflow/example_dags/example_xcomargs.py
[2024-04-20T05:36:14.313+0000] {processor.py:768} INFO - DAG(s) dict_keys(['example_xcom_args_with_operators', 'example_xcom_args']) retrieved from /home/airflow/.local/lib/python3.7/site-packages/airflow/example_dags/example_xcomargs.py
[2024-04-20T05:36:14.368+0000] {logging_mixin.py:117} INFO - [2024-04-20T05:36:14.367+0000] {dag.py:2573} INFO - Sync 2 DAGs
[2024-04-20T05:36:14.400+0000] {logging_mixin.py:117} INFO - [2024-04-20T05:36:14.400+0000] {dag.py:3328} INFO - Setting next_dagrun for example_xcom_args to None, run_after=None
[2024-04-20T05:36:14.403+0000] {logging_mixin.py:117} INFO - [2024-04-20T05:36:14.403+0000] {dag.py:3328} INFO - Setting next_dagrun for example_xcom_args_with_operators to None, run_after=None
[2024-04-20T05:36:14.444+0000] {processor.py:178} INFO - Processing /home/airflow/.local/lib/python3.7/site-packages/airflow/example_dags/example_xcomargs.py took 0.171 seconds
[2024-04-20T05:36:44.784+0000] {processor.py:156} INFO - Started process (PID=2344) to work on /home/airflow/.local/lib/python3.7/site-packages/airflow/example_dags/example_xcomargs.py
[2024-04-20T05:36:44.785+0000] {processor.py:758} INFO - Processing file /home/airflow/.local/lib/python3.7/site-packages/airflow/example_dags/example_xcomargs.py for tasks to queue
[2024-04-20T05:36:44.786+0000] {logging_mixin.py:117} INFO - [2024-04-20T05:36:44.785+0000] {dagbag.py:525} INFO - Filling up the DagBag from /home/airflow/.local/lib/python3.7/site-packages/airflow/example_dags/example_xcomargs.py
[2024-04-20T05:36:44.821+0000] {processor.py:768} INFO - DAG(s) dict_keys(['example_xcom_args', 'example_xcom_args_with_operators']) retrieved from /home/airflow/.local/lib/python3.7/site-packages/airflow/example_dags/example_xcomargs.py
[2024-04-20T05:36:44.872+0000] {logging_mixin.py:117} INFO - [2024-04-20T05:36:44.872+0000] {dag.py:2573} INFO - Sync 2 DAGs
[2024-04-20T05:36:44.901+0000] {logging_mixin.py:117} INFO - [2024-04-20T05:36:44.901+0000] {dag.py:3328} INFO - Setting next_dagrun for example_xcom_args to None, run_after=None
[2024-04-20T05:36:44.904+0000] {logging_mixin.py:117} INFO - [2024-04-20T05:36:44.904+0000] {dag.py:3328} INFO - Setting next_dagrun for example_xcom_args_with_operators to None, run_after=None
[2024-04-20T05:36:44.926+0000] {processor.py:178} INFO - Processing /home/airflow/.local/lib/python3.7/site-packages/airflow/example_dags/example_xcomargs.py took 0.146 seconds
[2024-04-20T05:37:15.457+0000] {processor.py:156} INFO - Started process (PID=2607) to work on /home/airflow/.local/lib/python3.7/site-packages/airflow/example_dags/example_xcomargs.py
[2024-04-20T05:37:15.464+0000] {processor.py:758} INFO - Processing file /home/airflow/.local/lib/python3.7/site-packages/airflow/example_dags/example_xcomargs.py for tasks to queue
[2024-04-20T05:37:15.465+0000] {logging_mixin.py:117} INFO - [2024-04-20T05:37:15.465+0000] {dagbag.py:525} INFO - Filling up the DagBag from /home/airflow/.local/lib/python3.7/site-packages/airflow/example_dags/example_xcomargs.py
[2024-04-20T05:37:15.518+0000] {processor.py:768} INFO - DAG(s) dict_keys(['example_xcom_args_with_operators', 'example_xcom_args']) retrieved from /home/airflow/.local/lib/python3.7/site-packages/airflow/example_dags/example_xcomargs.py
[2024-04-20T05:37:15.605+0000] {logging_mixin.py:117} INFO - [2024-04-20T05:37:15.604+0000] {dag.py:2573} INFO - Sync 2 DAGs
[2024-04-20T05:37:15.636+0000] {logging_mixin.py:117} INFO - [2024-04-20T05:37:15.636+0000] {dag.py:3328} INFO - Setting next_dagrun for example_xcom_args to None, run_after=None
[2024-04-20T05:37:15.640+0000] {logging_mixin.py:117} INFO - [2024-04-20T05:37:15.640+0000] {dag.py:3328} INFO - Setting next_dagrun for example_xcom_args_with_operators to None, run_after=None
[2024-04-20T05:37:15.666+0000] {processor.py:178} INFO - Processing /home/airflow/.local/lib/python3.7/site-packages/airflow/example_dags/example_xcomargs.py took 0.215 seconds
[2024-04-20T05:37:45.883+0000] {processor.py:156} INFO - Started process (PID=2861) to work on /home/airflow/.local/lib/python3.7/site-packages/airflow/example_dags/example_xcomargs.py
[2024-04-20T05:37:45.883+0000] {processor.py:758} INFO - Processing file /home/airflow/.local/lib/python3.7/site-packages/airflow/example_dags/example_xcomargs.py for tasks to queue
[2024-04-20T05:37:45.884+0000] {logging_mixin.py:117} INFO - [2024-04-20T05:37:45.884+0000] {dagbag.py:525} INFO - Filling up the DagBag from /home/airflow/.local/lib/python3.7/site-packages/airflow/example_dags/example_xcomargs.py
[2024-04-20T05:37:45.914+0000] {processor.py:768} INFO - DAG(s) dict_keys(['example_xcom_args_with_operators', 'example_xcom_args']) retrieved from /home/airflow/.local/lib/python3.7/site-packages/airflow/example_dags/example_xcomargs.py
[2024-04-20T05:37:45.962+0000] {logging_mixin.py:117} INFO - [2024-04-20T05:37:45.962+0000] {dag.py:2573} INFO - Sync 2 DAGs
[2024-04-20T05:37:45.991+0000] {logging_mixin.py:117} INFO - [2024-04-20T05:37:45.991+0000] {dag.py:3328} INFO - Setting next_dagrun for example_xcom_args to None, run_after=None
[2024-04-20T05:37:45.995+0000] {logging_mixin.py:117} INFO - [2024-04-20T05:37:45.995+0000] {dag.py:3328} INFO - Setting next_dagrun for example_xcom_args_with_operators to None, run_after=None
[2024-04-20T05:37:46.018+0000] {processor.py:178} INFO - Processing /home/airflow/.local/lib/python3.7/site-packages/airflow/example_dags/example_xcomargs.py took 0.139 seconds
[2024-04-20T05:38:16.256+0000] {processor.py:156} INFO - Started process (PID=3089) to work on /home/airflow/.local/lib/python3.7/site-packages/airflow/example_dags/example_xcomargs.py
[2024-04-20T05:38:16.258+0000] {processor.py:758} INFO - Processing file /home/airflow/.local/lib/python3.7/site-packages/airflow/example_dags/example_xcomargs.py for tasks to queue
[2024-04-20T05:38:16.259+0000] {logging_mixin.py:117} INFO - [2024-04-20T05:38:16.259+0000] {dagbag.py:525} INFO - Filling up the DagBag from /home/airflow/.local/lib/python3.7/site-packages/airflow/example_dags/example_xcomargs.py
[2024-04-20T05:38:16.323+0000] {processor.py:768} INFO - DAG(s) dict_keys(['example_xcom_args', 'example_xcom_args_with_operators']) retrieved from /home/airflow/.local/lib/python3.7/site-packages/airflow/example_dags/example_xcomargs.py
[2024-04-20T05:38:16.419+0000] {logging_mixin.py:117} INFO - [2024-04-20T05:38:16.419+0000] {dag.py:2573} INFO - Sync 2 DAGs
[2024-04-20T05:38:16.475+0000] {logging_mixin.py:117} INFO - [2024-04-20T05:38:16.474+0000] {dag.py:3328} INFO - Setting next_dagrun for example_xcom_args to None, run_after=None
[2024-04-20T05:38:16.478+0000] {logging_mixin.py:117} INFO - [2024-04-20T05:38:16.478+0000] {dag.py:3328} INFO - Setting next_dagrun for example_xcom_args_with_operators to None, run_after=None
[2024-04-20T05:38:16.502+0000] {processor.py:178} INFO - Processing /home/airflow/.local/lib/python3.7/site-packages/airflow/example_dags/example_xcomargs.py took 0.250 seconds
[2024-04-20T05:38:46.821+0000] {processor.py:156} INFO - Started process (PID=3308) to work on /home/airflow/.local/lib/python3.7/site-packages/airflow/example_dags/example_xcomargs.py
[2024-04-20T05:38:46.825+0000] {processor.py:758} INFO - Processing file /home/airflow/.local/lib/python3.7/site-packages/airflow/example_dags/example_xcomargs.py for tasks to queue
[2024-04-20T05:38:46.826+0000] {logging_mixin.py:117} INFO - [2024-04-20T05:38:46.826+0000] {dagbag.py:525} INFO - Filling up the DagBag from /home/airflow/.local/lib/python3.7/site-packages/airflow/example_dags/example_xcomargs.py
[2024-04-20T05:38:46.925+0000] {processor.py:768} INFO - DAG(s) dict_keys(['example_xcom_args', 'example_xcom_args_with_operators']) retrieved from /home/airflow/.local/lib/python3.7/site-packages/airflow/example_dags/example_xcomargs.py
[2024-04-20T05:38:47.018+0000] {logging_mixin.py:117} INFO - [2024-04-20T05:38:47.018+0000] {dag.py:2573} INFO - Sync 2 DAGs
[2024-04-20T05:38:47.073+0000] {logging_mixin.py:117} INFO - [2024-04-20T05:38:47.073+0000] {dag.py:3328} INFO - Setting next_dagrun for example_xcom_args to None, run_after=None
[2024-04-20T05:38:47.083+0000] {logging_mixin.py:117} INFO - [2024-04-20T05:38:47.082+0000] {dag.py:3328} INFO - Setting next_dagrun for example_xcom_args_with_operators to None, run_after=None
[2024-04-20T05:38:47.127+0000] {processor.py:178} INFO - Processing /home/airflow/.local/lib/python3.7/site-packages/airflow/example_dags/example_xcomargs.py took 0.309 seconds
[2024-04-20T05:39:17.348+0000] {processor.py:156} INFO - Started process (PID=3543) to work on /home/airflow/.local/lib/python3.7/site-packages/airflow/example_dags/example_xcomargs.py
[2024-04-20T05:39:17.349+0000] {processor.py:758} INFO - Processing file /home/airflow/.local/lib/python3.7/site-packages/airflow/example_dags/example_xcomargs.py for tasks to queue
[2024-04-20T05:39:17.350+0000] {logging_mixin.py:117} INFO - [2024-04-20T05:39:17.349+0000] {dagbag.py:525} INFO - Filling up the DagBag from /home/airflow/.local/lib/python3.7/site-packages/airflow/example_dags/example_xcomargs.py
[2024-04-20T05:39:17.383+0000] {processor.py:768} INFO - DAG(s) dict_keys(['example_xcom_args_with_operators', 'example_xcom_args']) retrieved from /home/airflow/.local/lib/python3.7/site-packages/airflow/example_dags/example_xcomargs.py
[2024-04-20T05:39:17.436+0000] {logging_mixin.py:117} INFO - [2024-04-20T05:39:17.436+0000] {dag.py:2573} INFO - Sync 2 DAGs
[2024-04-20T05:39:17.466+0000] {logging_mixin.py:117} INFO - [2024-04-20T05:39:17.465+0000] {dag.py:3328} INFO - Setting next_dagrun for example_xcom_args to None, run_after=None
[2024-04-20T05:39:17.470+0000] {logging_mixin.py:117} INFO - [2024-04-20T05:39:17.470+0000] {dag.py:3328} INFO - Setting next_dagrun for example_xcom_args_with_operators to None, run_after=None
[2024-04-20T05:39:17.493+0000] {processor.py:178} INFO - Processing /home/airflow/.local/lib/python3.7/site-packages/airflow/example_dags/example_xcomargs.py took 0.148 seconds
[2024-04-20T05:39:47.973+0000] {processor.py:156} INFO - Started process (PID=3780) to work on /home/airflow/.local/lib/python3.7/site-packages/airflow/example_dags/example_xcomargs.py
[2024-04-20T05:39:47.974+0000] {processor.py:758} INFO - Processing file /home/airflow/.local/lib/python3.7/site-packages/airflow/example_dags/example_xcomargs.py for tasks to queue
[2024-04-20T05:39:47.975+0000] {logging_mixin.py:117} INFO - [2024-04-20T05:39:47.975+0000] {dagbag.py:525} INFO - Filling up the DagBag from /home/airflow/.local/lib/python3.7/site-packages/airflow/example_dags/example_xcomargs.py
[2024-04-20T05:39:48.004+0000] {processor.py:768} INFO - DAG(s) dict_keys(['example_xcom_args', 'example_xcom_args_with_operators']) retrieved from /home/airflow/.local/lib/python3.7/site-packages/airflow/example_dags/example_xcomargs.py
[2024-04-20T05:39:48.075+0000] {logging_mixin.py:117} INFO - [2024-04-20T05:39:48.075+0000] {dag.py:2573} INFO - Sync 2 DAGs
[2024-04-20T05:39:48.107+0000] {logging_mixin.py:117} INFO - [2024-04-20T05:39:48.107+0000] {dag.py:3328} INFO - Setting next_dagrun for example_xcom_args to None, run_after=None
[2024-04-20T05:39:48.111+0000] {logging_mixin.py:117} INFO - [2024-04-20T05:39:48.111+0000] {dag.py:3328} INFO - Setting next_dagrun for example_xcom_args_with_operators to None, run_after=None
[2024-04-20T05:39:48.146+0000] {processor.py:178} INFO - Processing /home/airflow/.local/lib/python3.7/site-packages/airflow/example_dags/example_xcomargs.py took 0.176 seconds
[2024-04-20T05:40:18.346+0000] {processor.py:156} INFO - Started process (PID=4008) to work on /home/airflow/.local/lib/python3.7/site-packages/airflow/example_dags/example_xcomargs.py
[2024-04-20T05:40:18.347+0000] {processor.py:758} INFO - Processing file /home/airflow/.local/lib/python3.7/site-packages/airflow/example_dags/example_xcomargs.py for tasks to queue
[2024-04-20T05:40:18.347+0000] {logging_mixin.py:117} INFO - [2024-04-20T05:40:18.347+0000] {dagbag.py:525} INFO - Filling up the DagBag from /home/airflow/.local/lib/python3.7/site-packages/airflow/example_dags/example_xcomargs.py
[2024-04-20T05:40:18.377+0000] {processor.py:768} INFO - DAG(s) dict_keys(['example_xcom_args_with_operators', 'example_xcom_args']) retrieved from /home/airflow/.local/lib/python3.7/site-packages/airflow/example_dags/example_xcomargs.py
[2024-04-20T05:40:18.430+0000] {logging_mixin.py:117} INFO - [2024-04-20T05:40:18.429+0000] {dag.py:2573} INFO - Sync 2 DAGs
[2024-04-20T05:40:18.467+0000] {logging_mixin.py:117} INFO - [2024-04-20T05:40:18.467+0000] {dag.py:3328} INFO - Setting next_dagrun for example_xcom_args to None, run_after=None
[2024-04-20T05:40:18.470+0000] {logging_mixin.py:117} INFO - [2024-04-20T05:40:18.470+0000] {dag.py:3328} INFO - Setting next_dagrun for example_xcom_args_with_operators to None, run_after=None
[2024-04-20T05:40:18.490+0000] {processor.py:178} INFO - Processing /home/airflow/.local/lib/python3.7/site-packages/airflow/example_dags/example_xcomargs.py took 0.147 seconds
[2024-04-20T05:40:48.663+0000] {processor.py:156} INFO - Started process (PID=4233) to work on /home/airflow/.local/lib/python3.7/site-packages/airflow/example_dags/example_xcomargs.py
[2024-04-20T05:40:48.664+0000] {processor.py:758} INFO - Processing file /home/airflow/.local/lib/python3.7/site-packages/airflow/example_dags/example_xcomargs.py for tasks to queue
[2024-04-20T05:40:48.664+0000] {logging_mixin.py:117} INFO - [2024-04-20T05:40:48.664+0000] {dagbag.py:525} INFO - Filling up the DagBag from /home/airflow/.local/lib/python3.7/site-packages/airflow/example_dags/example_xcomargs.py
[2024-04-20T05:40:48.694+0000] {processor.py:768} INFO - DAG(s) dict_keys(['example_xcom_args', 'example_xcom_args_with_operators']) retrieved from /home/airflow/.local/lib/python3.7/site-packages/airflow/example_dags/example_xcomargs.py
[2024-04-20T05:40:48.779+0000] {logging_mixin.py:117} INFO - [2024-04-20T05:40:48.779+0000] {dag.py:2573} INFO - Sync 2 DAGs
[2024-04-20T05:40:48.837+0000] {logging_mixin.py:117} INFO - [2024-04-20T05:40:48.837+0000] {dag.py:3328} INFO - Setting next_dagrun for example_xcom_args to None, run_after=None
[2024-04-20T05:40:48.843+0000] {logging_mixin.py:117} INFO - [2024-04-20T05:40:48.843+0000] {dag.py:3328} INFO - Setting next_dagrun for example_xcom_args_with_operators to None, run_after=None
[2024-04-20T05:40:48.933+0000] {processor.py:178} INFO - Processing /home/airflow/.local/lib/python3.7/site-packages/airflow/example_dags/example_xcomargs.py took 0.273 seconds
[2024-04-20T05:41:19.657+0000] {processor.py:156} INFO - Started process (PID=4458) to work on /home/airflow/.local/lib/python3.7/site-packages/airflow/example_dags/example_xcomargs.py
[2024-04-20T05:41:19.663+0000] {processor.py:758} INFO - Processing file /home/airflow/.local/lib/python3.7/site-packages/airflow/example_dags/example_xcomargs.py for tasks to queue
[2024-04-20T05:41:19.665+0000] {logging_mixin.py:117} INFO - [2024-04-20T05:41:19.665+0000] {dagbag.py:525} INFO - Filling up the DagBag from /home/airflow/.local/lib/python3.7/site-packages/airflow/example_dags/example_xcomargs.py
[2024-04-20T05:41:19.749+0000] {processor.py:768} INFO - DAG(s) dict_keys(['example_xcom_args', 'example_xcom_args_with_operators']) retrieved from /home/airflow/.local/lib/python3.7/site-packages/airflow/example_dags/example_xcomargs.py
[2024-04-20T05:41:19.846+0000] {logging_mixin.py:117} INFO - [2024-04-20T05:41:19.846+0000] {dag.py:2573} INFO - Sync 2 DAGs
[2024-04-20T05:41:19.976+0000] {logging_mixin.py:117} INFO - [2024-04-20T05:41:19.976+0000] {dag.py:3328} INFO - Setting next_dagrun for example_xcom_args to None, run_after=None
[2024-04-20T05:41:19.980+0000] {logging_mixin.py:117} INFO - [2024-04-20T05:41:19.980+0000] {dag.py:3328} INFO - Setting next_dagrun for example_xcom_args_with_operators to None, run_after=None
[2024-04-20T05:41:20.008+0000] {processor.py:178} INFO - Processing /home/airflow/.local/lib/python3.7/site-packages/airflow/example_dags/example_xcomargs.py took 0.354 seconds
[2024-04-20T05:41:50.276+0000] {processor.py:156} INFO - Started process (PID=4685) to work on /home/airflow/.local/lib/python3.7/site-packages/airflow/example_dags/example_xcomargs.py
[2024-04-20T05:41:50.276+0000] {processor.py:758} INFO - Processing file /home/airflow/.local/lib/python3.7/site-packages/airflow/example_dags/example_xcomargs.py for tasks to queue
[2024-04-20T05:41:50.277+0000] {logging_mixin.py:117} INFO - [2024-04-20T05:41:50.277+0000] {dagbag.py:525} INFO - Filling up the DagBag from /home/airflow/.local/lib/python3.7/site-packages/airflow/example_dags/example_xcomargs.py
[2024-04-20T05:41:50.309+0000] {processor.py:768} INFO - DAG(s) dict_keys(['example_xcom_args_with_operators', 'example_xcom_args']) retrieved from /home/airflow/.local/lib/python3.7/site-packages/airflow/example_dags/example_xcomargs.py
[2024-04-20T05:41:50.361+0000] {logging_mixin.py:117} INFO - [2024-04-20T05:41:50.361+0000] {dag.py:2573} INFO - Sync 2 DAGs
[2024-04-20T05:41:50.389+0000] {logging_mixin.py:117} INFO - [2024-04-20T05:41:50.389+0000] {dag.py:3328} INFO - Setting next_dagrun for example_xcom_args to None, run_after=None
[2024-04-20T05:41:50.393+0000] {logging_mixin.py:117} INFO - [2024-04-20T05:41:50.393+0000] {dag.py:3328} INFO - Setting next_dagrun for example_xcom_args_with_operators to None, run_after=None
[2024-04-20T05:41:50.418+0000] {processor.py:178} INFO - Processing /home/airflow/.local/lib/python3.7/site-packages/airflow/example_dags/example_xcomargs.py took 0.146 seconds
[2024-04-20T05:42:20.628+0000] {processor.py:156} INFO - Started process (PID=4939) to work on /home/airflow/.local/lib/python3.7/site-packages/airflow/example_dags/example_xcomargs.py
[2024-04-20T05:42:20.629+0000] {processor.py:758} INFO - Processing file /home/airflow/.local/lib/python3.7/site-packages/airflow/example_dags/example_xcomargs.py for tasks to queue
[2024-04-20T05:42:20.630+0000] {logging_mixin.py:117} INFO - [2024-04-20T05:42:20.630+0000] {dagbag.py:525} INFO - Filling up the DagBag from /home/airflow/.local/lib/python3.7/site-packages/airflow/example_dags/example_xcomargs.py
[2024-04-20T05:42:20.664+0000] {processor.py:768} INFO - DAG(s) dict_keys(['example_xcom_args', 'example_xcom_args_with_operators']) retrieved from /home/airflow/.local/lib/python3.7/site-packages/airflow/example_dags/example_xcomargs.py
[2024-04-20T05:42:20.715+0000] {logging_mixin.py:117} INFO - [2024-04-20T05:42:20.715+0000] {dag.py:2573} INFO - Sync 2 DAGs
[2024-04-20T05:42:20.749+0000] {logging_mixin.py:117} INFO - [2024-04-20T05:42:20.749+0000] {dag.py:3328} INFO - Setting next_dagrun for example_xcom_args to None, run_after=None
[2024-04-20T05:42:20.756+0000] {logging_mixin.py:117} INFO - [2024-04-20T05:42:20.756+0000] {dag.py:3328} INFO - Setting next_dagrun for example_xcom_args_with_operators to None, run_after=None
[2024-04-20T05:42:20.785+0000] {processor.py:178} INFO - Processing /home/airflow/.local/lib/python3.7/site-packages/airflow/example_dags/example_xcomargs.py took 0.160 seconds
[2024-04-20T05:42:51.376+0000] {processor.py:156} INFO - Started process (PID=5176) to work on /home/airflow/.local/lib/python3.7/site-packages/airflow/example_dags/example_xcomargs.py
[2024-04-20T05:42:51.376+0000] {processor.py:758} INFO - Processing file /home/airflow/.local/lib/python3.7/site-packages/airflow/example_dags/example_xcomargs.py for tasks to queue
[2024-04-20T05:42:51.382+0000] {logging_mixin.py:117} INFO - [2024-04-20T05:42:51.382+0000] {dagbag.py:525} INFO - Filling up the DagBag from /home/airflow/.local/lib/python3.7/site-packages/airflow/example_dags/example_xcomargs.py
[2024-04-20T05:42:51.431+0000] {processor.py:768} INFO - DAG(s) dict_keys(['example_xcom_args_with_operators', 'example_xcom_args']) retrieved from /home/airflow/.local/lib/python3.7/site-packages/airflow/example_dags/example_xcomargs.py
[2024-04-20T05:42:51.660+0000] {logging_mixin.py:117} INFO - [2024-04-20T05:42:51.660+0000] {dag.py:2573} INFO - Sync 2 DAGs
[2024-04-20T05:42:51.810+0000] {logging_mixin.py:117} INFO - [2024-04-20T05:42:51.809+0000] {dag.py:3328} INFO - Setting next_dagrun for example_xcom_args to None, run_after=None
[2024-04-20T05:42:51.821+0000] {logging_mixin.py:117} INFO - [2024-04-20T05:42:51.821+0000] {dag.py:3328} INFO - Setting next_dagrun for example_xcom_args_with_operators to None, run_after=None
[2024-04-20T05:42:52.089+0000] {processor.py:178} INFO - Processing /home/airflow/.local/lib/python3.7/site-packages/airflow/example_dags/example_xcomargs.py took 0.717 seconds
[2024-04-20T05:43:22.598+0000] {processor.py:156} INFO - Started process (PID=5440) to work on /home/airflow/.local/lib/python3.7/site-packages/airflow/example_dags/example_xcomargs.py
[2024-04-20T05:43:22.598+0000] {processor.py:758} INFO - Processing file /home/airflow/.local/lib/python3.7/site-packages/airflow/example_dags/example_xcomargs.py for tasks to queue
[2024-04-20T05:43:22.600+0000] {logging_mixin.py:117} INFO - [2024-04-20T05:43:22.600+0000] {dagbag.py:525} INFO - Filling up the DagBag from /home/airflow/.local/lib/python3.7/site-packages/airflow/example_dags/example_xcomargs.py
[2024-04-20T05:43:22.631+0000] {processor.py:768} INFO - DAG(s) dict_keys(['example_xcom_args', 'example_xcom_args_with_operators']) retrieved from /home/airflow/.local/lib/python3.7/site-packages/airflow/example_dags/example_xcomargs.py
[2024-04-20T05:43:22.692+0000] {logging_mixin.py:117} INFO - [2024-04-20T05:43:22.692+0000] {dag.py:2573} INFO - Sync 2 DAGs
[2024-04-20T05:43:22.724+0000] {logging_mixin.py:117} INFO - [2024-04-20T05:43:22.724+0000] {dag.py:3328} INFO - Setting next_dagrun for example_xcom_args to None, run_after=None
[2024-04-20T05:43:22.727+0000] {logging_mixin.py:117} INFO - [2024-04-20T05:43:22.727+0000] {dag.py:3328} INFO - Setting next_dagrun for example_xcom_args_with_operators to None, run_after=None
[2024-04-20T05:43:22.748+0000] {processor.py:178} INFO - Processing /home/airflow/.local/lib/python3.7/site-packages/airflow/example_dags/example_xcomargs.py took 0.153 seconds
[2024-04-20T05:43:53.101+0000] {processor.py:156} INFO - Started process (PID=5687) to work on /home/airflow/.local/lib/python3.7/site-packages/airflow/example_dags/example_xcomargs.py
[2024-04-20T05:43:53.102+0000] {processor.py:758} INFO - Processing file /home/airflow/.local/lib/python3.7/site-packages/airflow/example_dags/example_xcomargs.py for tasks to queue
[2024-04-20T05:43:53.103+0000] {logging_mixin.py:117} INFO - [2024-04-20T05:43:53.103+0000] {dagbag.py:525} INFO - Filling up the DagBag from /home/airflow/.local/lib/python3.7/site-packages/airflow/example_dags/example_xcomargs.py
[2024-04-20T05:43:53.136+0000] {processor.py:768} INFO - DAG(s) dict_keys(['example_xcom_args', 'example_xcom_args_with_operators']) retrieved from /home/airflow/.local/lib/python3.7/site-packages/airflow/example_dags/example_xcomargs.py
[2024-04-20T05:43:53.189+0000] {logging_mixin.py:117} INFO - [2024-04-20T05:43:53.189+0000] {dag.py:2573} INFO - Sync 2 DAGs
[2024-04-20T05:43:53.236+0000] {logging_mixin.py:117} INFO - [2024-04-20T05:43:53.236+0000] {dag.py:3328} INFO - Setting next_dagrun for example_xcom_args to None, run_after=None
[2024-04-20T05:43:53.242+0000] {logging_mixin.py:117} INFO - [2024-04-20T05:43:53.242+0000] {dag.py:3328} INFO - Setting next_dagrun for example_xcom_args_with_operators to None, run_after=None
[2024-04-20T05:43:53.271+0000] {processor.py:178} INFO - Processing /home/airflow/.local/lib/python3.7/site-packages/airflow/example_dags/example_xcomargs.py took 0.175 seconds
[2024-04-20T05:44:23.392+0000] {processor.py:156} INFO - Started process (PID=5915) to work on /home/airflow/.local/lib/python3.7/site-packages/airflow/example_dags/example_xcomargs.py
[2024-04-20T05:44:23.393+0000] {processor.py:758} INFO - Processing file /home/airflow/.local/lib/python3.7/site-packages/airflow/example_dags/example_xcomargs.py for tasks to queue
[2024-04-20T05:44:23.393+0000] {logging_mixin.py:117} INFO - [2024-04-20T05:44:23.393+0000] {dagbag.py:525} INFO - Filling up the DagBag from /home/airflow/.local/lib/python3.7/site-packages/airflow/example_dags/example_xcomargs.py
[2024-04-20T05:44:23.439+0000] {processor.py:768} INFO - DAG(s) dict_keys(['example_xcom_args_with_operators', 'example_xcom_args']) retrieved from /home/airflow/.local/lib/python3.7/site-packages/airflow/example_dags/example_xcomargs.py
[2024-04-20T05:44:23.553+0000] {logging_mixin.py:117} INFO - [2024-04-20T05:44:23.553+0000] {dag.py:2573} INFO - Sync 2 DAGs
[2024-04-20T05:44:23.601+0000] {logging_mixin.py:117} INFO - [2024-04-20T05:44:23.601+0000] {dag.py:3328} INFO - Setting next_dagrun for example_xcom_args to None, run_after=None
[2024-04-20T05:44:23.604+0000] {logging_mixin.py:117} INFO - [2024-04-20T05:44:23.604+0000] {dag.py:3328} INFO - Setting next_dagrun for example_xcom_args_with_operators to None, run_after=None
[2024-04-20T05:44:23.626+0000] {processor.py:178} INFO - Processing /home/airflow/.local/lib/python3.7/site-packages/airflow/example_dags/example_xcomargs.py took 0.237 seconds
[2024-04-20T05:44:54.443+0000] {processor.py:156} INFO - Started process (PID=6192) to work on /home/airflow/.local/lib/python3.7/site-packages/airflow/example_dags/example_xcomargs.py
[2024-04-20T05:44:54.444+0000] {processor.py:758} INFO - Processing file /home/airflow/.local/lib/python3.7/site-packages/airflow/example_dags/example_xcomargs.py for tasks to queue
[2024-04-20T05:44:54.444+0000] {logging_mixin.py:117} INFO - [2024-04-20T05:44:54.444+0000] {dagbag.py:525} INFO - Filling up the DagBag from /home/airflow/.local/lib/python3.7/site-packages/airflow/example_dags/example_xcomargs.py
[2024-04-20T05:44:54.490+0000] {processor.py:768} INFO - DAG(s) dict_keys(['example_xcom_args_with_operators', 'example_xcom_args']) retrieved from /home/airflow/.local/lib/python3.7/site-packages/airflow/example_dags/example_xcomargs.py
[2024-04-20T05:44:54.591+0000] {logging_mixin.py:117} INFO - [2024-04-20T05:44:54.591+0000] {dag.py:2573} INFO - Sync 2 DAGs
[2024-04-20T05:44:54.623+0000] {logging_mixin.py:117} INFO - [2024-04-20T05:44:54.623+0000] {dag.py:3328} INFO - Setting next_dagrun for example_xcom_args to None, run_after=None
[2024-04-20T05:44:54.627+0000] {logging_mixin.py:117} INFO - [2024-04-20T05:44:54.627+0000] {dag.py:3328} INFO - Setting next_dagrun for example_xcom_args_with_operators to None, run_after=None
[2024-04-20T05:44:54.647+0000] {processor.py:178} INFO - Processing /home/airflow/.local/lib/python3.7/site-packages/airflow/example_dags/example_xcomargs.py took 0.208 seconds
[2024-04-20T05:45:25.069+0000] {processor.py:156} INFO - Started process (PID=6442) to work on /home/airflow/.local/lib/python3.7/site-packages/airflow/example_dags/example_xcomargs.py
[2024-04-20T05:45:25.070+0000] {processor.py:758} INFO - Processing file /home/airflow/.local/lib/python3.7/site-packages/airflow/example_dags/example_xcomargs.py for tasks to queue
[2024-04-20T05:45:25.071+0000] {logging_mixin.py:117} INFO - [2024-04-20T05:45:25.071+0000] {dagbag.py:525} INFO - Filling up the DagBag from /home/airflow/.local/lib/python3.7/site-packages/airflow/example_dags/example_xcomargs.py
[2024-04-20T05:45:25.134+0000] {processor.py:768} INFO - DAG(s) dict_keys(['example_xcom_args', 'example_xcom_args_with_operators']) retrieved from /home/airflow/.local/lib/python3.7/site-packages/airflow/example_dags/example_xcomargs.py
[2024-04-20T05:45:25.226+0000] {logging_mixin.py:117} INFO - [2024-04-20T05:45:25.226+0000] {dag.py:2573} INFO - Sync 2 DAGs
[2024-04-20T05:45:25.290+0000] {logging_mixin.py:117} INFO - [2024-04-20T05:45:25.290+0000] {dag.py:3328} INFO - Setting next_dagrun for example_xcom_args to None, run_after=None
[2024-04-20T05:45:25.295+0000] {logging_mixin.py:117} INFO - [2024-04-20T05:45:25.295+0000] {dag.py:3328} INFO - Setting next_dagrun for example_xcom_args_with_operators to None, run_after=None
[2024-04-20T05:45:25.333+0000] {processor.py:178} INFO - Processing /home/airflow/.local/lib/python3.7/site-packages/airflow/example_dags/example_xcomargs.py took 0.267 seconds
[2024-04-20T05:45:55.506+0000] {processor.py:156} INFO - Started process (PID=6722) to work on /home/airflow/.local/lib/python3.7/site-packages/airflow/example_dags/example_xcomargs.py
[2024-04-20T05:45:55.507+0000] {processor.py:758} INFO - Processing file /home/airflow/.local/lib/python3.7/site-packages/airflow/example_dags/example_xcomargs.py for tasks to queue
[2024-04-20T05:45:55.508+0000] {logging_mixin.py:117} INFO - [2024-04-20T05:45:55.508+0000] {dagbag.py:525} INFO - Filling up the DagBag from /home/airflow/.local/lib/python3.7/site-packages/airflow/example_dags/example_xcomargs.py
[2024-04-20T05:45:55.554+0000] {processor.py:768} INFO - DAG(s) dict_keys(['example_xcom_args_with_operators', 'example_xcom_args']) retrieved from /home/airflow/.local/lib/python3.7/site-packages/airflow/example_dags/example_xcomargs.py
[2024-04-20T05:45:55.606+0000] {logging_mixin.py:117} INFO - [2024-04-20T05:45:55.606+0000] {dag.py:2573} INFO - Sync 2 DAGs
[2024-04-20T05:45:55.631+0000] {logging_mixin.py:117} INFO - [2024-04-20T05:45:55.631+0000] {dag.py:3328} INFO - Setting next_dagrun for example_xcom_args to None, run_after=None
[2024-04-20T05:45:55.635+0000] {logging_mixin.py:117} INFO - [2024-04-20T05:45:55.635+0000] {dag.py:3328} INFO - Setting next_dagrun for example_xcom_args_with_operators to None, run_after=None
[2024-04-20T05:45:55.659+0000] {processor.py:178} INFO - Processing /home/airflow/.local/lib/python3.7/site-packages/airflow/example_dags/example_xcomargs.py took 0.156 seconds
[2024-04-20T05:46:26.235+0000] {processor.py:156} INFO - Started process (PID=6960) to work on /home/airflow/.local/lib/python3.7/site-packages/airflow/example_dags/example_xcomargs.py
[2024-04-20T05:46:26.236+0000] {processor.py:758} INFO - Processing file /home/airflow/.local/lib/python3.7/site-packages/airflow/example_dags/example_xcomargs.py for tasks to queue
[2024-04-20T05:46:26.236+0000] {logging_mixin.py:117} INFO - [2024-04-20T05:46:26.236+0000] {dagbag.py:525} INFO - Filling up the DagBag from /home/airflow/.local/lib/python3.7/site-packages/airflow/example_dags/example_xcomargs.py
[2024-04-20T05:46:26.268+0000] {processor.py:768} INFO - DAG(s) dict_keys(['example_xcom_args', 'example_xcom_args_with_operators']) retrieved from /home/airflow/.local/lib/python3.7/site-packages/airflow/example_dags/example_xcomargs.py
[2024-04-20T05:46:26.318+0000] {logging_mixin.py:117} INFO - [2024-04-20T05:46:26.318+0000] {dag.py:2573} INFO - Sync 2 DAGs
[2024-04-20T05:46:26.354+0000] {logging_mixin.py:117} INFO - [2024-04-20T05:46:26.354+0000] {dag.py:3328} INFO - Setting next_dagrun for example_xcom_args to None, run_after=None
[2024-04-20T05:46:26.358+0000] {logging_mixin.py:117} INFO - [2024-04-20T05:46:26.358+0000] {dag.py:3328} INFO - Setting next_dagrun for example_xcom_args_with_operators to None, run_after=None
[2024-04-20T05:46:26.380+0000] {processor.py:178} INFO - Processing /home/airflow/.local/lib/python3.7/site-packages/airflow/example_dags/example_xcomargs.py took 0.149 seconds
[2024-04-20T05:46:56.720+0000] {processor.py:156} INFO - Started process (PID=7213) to work on /home/airflow/.local/lib/python3.7/site-packages/airflow/example_dags/example_xcomargs.py
[2024-04-20T05:46:56.721+0000] {processor.py:758} INFO - Processing file /home/airflow/.local/lib/python3.7/site-packages/airflow/example_dags/example_xcomargs.py for tasks to queue
[2024-04-20T05:46:56.722+0000] {logging_mixin.py:117} INFO - [2024-04-20T05:46:56.722+0000] {dagbag.py:525} INFO - Filling up the DagBag from /home/airflow/.local/lib/python3.7/site-packages/airflow/example_dags/example_xcomargs.py
[2024-04-20T05:46:56.756+0000] {processor.py:768} INFO - DAG(s) dict_keys(['example_xcom_args_with_operators', 'example_xcom_args']) retrieved from /home/airflow/.local/lib/python3.7/site-packages/airflow/example_dags/example_xcomargs.py
[2024-04-20T05:46:56.808+0000] {logging_mixin.py:117} INFO - [2024-04-20T05:46:56.808+0000] {dag.py:2573} INFO - Sync 2 DAGs
[2024-04-20T05:46:56.840+0000] {logging_mixin.py:117} INFO - [2024-04-20T05:46:56.840+0000] {dag.py:3328} INFO - Setting next_dagrun for example_xcom_args to None, run_after=None
[2024-04-20T05:46:56.844+0000] {logging_mixin.py:117} INFO - [2024-04-20T05:46:56.844+0000] {dag.py:3328} INFO - Setting next_dagrun for example_xcom_args_with_operators to None, run_after=None
[2024-04-20T05:46:56.870+0000] {processor.py:178} INFO - Processing /home/airflow/.local/lib/python3.7/site-packages/airflow/example_dags/example_xcomargs.py took 0.153 seconds
[2024-04-20T05:47:27.048+0000] {processor.py:156} INFO - Started process (PID=7466) to work on /home/airflow/.local/lib/python3.7/site-packages/airflow/example_dags/example_xcomargs.py
[2024-04-20T05:47:27.048+0000] {processor.py:758} INFO - Processing file /home/airflow/.local/lib/python3.7/site-packages/airflow/example_dags/example_xcomargs.py for tasks to queue
[2024-04-20T05:47:27.049+0000] {logging_mixin.py:117} INFO - [2024-04-20T05:47:27.049+0000] {dagbag.py:525} INFO - Filling up the DagBag from /home/airflow/.local/lib/python3.7/site-packages/airflow/example_dags/example_xcomargs.py
[2024-04-20T05:47:27.082+0000] {processor.py:768} INFO - DAG(s) dict_keys(['example_xcom_args_with_operators', 'example_xcom_args']) retrieved from /home/airflow/.local/lib/python3.7/site-packages/airflow/example_dags/example_xcomargs.py
[2024-04-20T05:47:27.154+0000] {logging_mixin.py:117} INFO - [2024-04-20T05:47:27.153+0000] {dag.py:2573} INFO - Sync 2 DAGs
[2024-04-20T05:47:27.186+0000] {logging_mixin.py:117} INFO - [2024-04-20T05:47:27.186+0000] {dag.py:3328} INFO - Setting next_dagrun for example_xcom_args to None, run_after=None
[2024-04-20T05:47:27.190+0000] {logging_mixin.py:117} INFO - [2024-04-20T05:47:27.190+0000] {dag.py:3328} INFO - Setting next_dagrun for example_xcom_args_with_operators to None, run_after=None
[2024-04-20T05:47:27.213+0000] {processor.py:178} INFO - Processing /home/airflow/.local/lib/python3.7/site-packages/airflow/example_dags/example_xcomargs.py took 0.168 seconds
[2024-04-20T05:47:57.496+0000] {processor.py:156} INFO - Started process (PID=7720) to work on /home/airflow/.local/lib/python3.7/site-packages/airflow/example_dags/example_xcomargs.py
[2024-04-20T05:47:57.497+0000] {processor.py:758} INFO - Processing file /home/airflow/.local/lib/python3.7/site-packages/airflow/example_dags/example_xcomargs.py for tasks to queue
[2024-04-20T05:47:57.497+0000] {logging_mixin.py:117} INFO - [2024-04-20T05:47:57.497+0000] {dagbag.py:525} INFO - Filling up the DagBag from /home/airflow/.local/lib/python3.7/site-packages/airflow/example_dags/example_xcomargs.py
[2024-04-20T05:47:57.530+0000] {processor.py:768} INFO - DAG(s) dict_keys(['example_xcom_args_with_operators', 'example_xcom_args']) retrieved from /home/airflow/.local/lib/python3.7/site-packages/airflow/example_dags/example_xcomargs.py
[2024-04-20T05:47:57.592+0000] {logging_mixin.py:117} INFO - [2024-04-20T05:47:57.592+0000] {dag.py:2573} INFO - Sync 2 DAGs
[2024-04-20T05:47:57.622+0000] {logging_mixin.py:117} INFO - [2024-04-20T05:47:57.622+0000] {dag.py:3328} INFO - Setting next_dagrun for example_xcom_args to None, run_after=None
[2024-04-20T05:47:57.626+0000] {logging_mixin.py:117} INFO - [2024-04-20T05:47:57.626+0000] {dag.py:3328} INFO - Setting next_dagrun for example_xcom_args_with_operators to None, run_after=None
[2024-04-20T05:47:57.649+0000] {processor.py:178} INFO - Processing /home/airflow/.local/lib/python3.7/site-packages/airflow/example_dags/example_xcomargs.py took 0.157 seconds
[2024-04-20T05:48:28.272+0000] {processor.py:156} INFO - Started process (PID=7959) to work on /home/airflow/.local/lib/python3.7/site-packages/airflow/example_dags/example_xcomargs.py
[2024-04-20T05:48:28.273+0000] {processor.py:758} INFO - Processing file /home/airflow/.local/lib/python3.7/site-packages/airflow/example_dags/example_xcomargs.py for tasks to queue
[2024-04-20T05:48:28.273+0000] {logging_mixin.py:117} INFO - [2024-04-20T05:48:28.273+0000] {dagbag.py:525} INFO - Filling up the DagBag from /home/airflow/.local/lib/python3.7/site-packages/airflow/example_dags/example_xcomargs.py
[2024-04-20T05:48:28.305+0000] {processor.py:768} INFO - DAG(s) dict_keys(['example_xcom_args_with_operators', 'example_xcom_args']) retrieved from /home/airflow/.local/lib/python3.7/site-packages/airflow/example_dags/example_xcomargs.py
[2024-04-20T05:48:28.358+0000] {logging_mixin.py:117} INFO - [2024-04-20T05:48:28.358+0000] {dag.py:2573} INFO - Sync 2 DAGs
[2024-04-20T05:48:28.410+0000] {logging_mixin.py:117} INFO - [2024-04-20T05:48:28.409+0000] {dag.py:3328} INFO - Setting next_dagrun for example_xcom_args to None, run_after=None
[2024-04-20T05:48:28.425+0000] {logging_mixin.py:117} INFO - [2024-04-20T05:48:28.425+0000] {dag.py:3328} INFO - Setting next_dagrun for example_xcom_args_with_operators to None, run_after=None
[2024-04-20T05:48:28.450+0000] {processor.py:178} INFO - Processing /home/airflow/.local/lib/python3.7/site-packages/airflow/example_dags/example_xcomargs.py took 0.181 seconds
[2024-04-20T05:48:59.258+0000] {processor.py:156} INFO - Started process (PID=8199) to work on /home/airflow/.local/lib/python3.7/site-packages/airflow/example_dags/example_xcomargs.py
[2024-04-20T05:48:59.259+0000] {processor.py:758} INFO - Processing file /home/airflow/.local/lib/python3.7/site-packages/airflow/example_dags/example_xcomargs.py for tasks to queue
[2024-04-20T05:48:59.259+0000] {logging_mixin.py:117} INFO - [2024-04-20T05:48:59.259+0000] {dagbag.py:525} INFO - Filling up the DagBag from /home/airflow/.local/lib/python3.7/site-packages/airflow/example_dags/example_xcomargs.py
[2024-04-20T05:48:59.283+0000] {processor.py:768} INFO - DAG(s) dict_keys(['example_xcom_args', 'example_xcom_args_with_operators']) retrieved from /home/airflow/.local/lib/python3.7/site-packages/airflow/example_dags/example_xcomargs.py
[2024-04-20T05:48:59.318+0000] {logging_mixin.py:117} INFO - [2024-04-20T05:48:59.318+0000] {dag.py:2573} INFO - Sync 2 DAGs
[2024-04-20T05:48:59.339+0000] {logging_mixin.py:117} INFO - [2024-04-20T05:48:59.339+0000] {dag.py:3328} INFO - Setting next_dagrun for example_xcom_args to None, run_after=None
[2024-04-20T05:48:59.343+0000] {logging_mixin.py:117} INFO - [2024-04-20T05:48:59.342+0000] {dag.py:3328} INFO - Setting next_dagrun for example_xcom_args_with_operators to None, run_after=None
[2024-04-20T05:48:59.362+0000] {processor.py:178} INFO - Processing /home/airflow/.local/lib/python3.7/site-packages/airflow/example_dags/example_xcomargs.py took 0.106 seconds
[2024-04-20T05:49:29.594+0000] {processor.py:156} INFO - Started process (PID=8427) to work on /home/airflow/.local/lib/python3.7/site-packages/airflow/example_dags/example_xcomargs.py
[2024-04-20T05:49:29.594+0000] {processor.py:758} INFO - Processing file /home/airflow/.local/lib/python3.7/site-packages/airflow/example_dags/example_xcomargs.py for tasks to queue
[2024-04-20T05:49:29.595+0000] {logging_mixin.py:117} INFO - [2024-04-20T05:49:29.595+0000] {dagbag.py:525} INFO - Filling up the DagBag from /home/airflow/.local/lib/python3.7/site-packages/airflow/example_dags/example_xcomargs.py
[2024-04-20T05:49:29.627+0000] {processor.py:768} INFO - DAG(s) dict_keys(['example_xcom_args_with_operators', 'example_xcom_args']) retrieved from /home/airflow/.local/lib/python3.7/site-packages/airflow/example_dags/example_xcomargs.py
[2024-04-20T05:49:29.674+0000] {logging_mixin.py:117} INFO - [2024-04-20T05:49:29.674+0000] {dag.py:2573} INFO - Sync 2 DAGs
[2024-04-20T05:49:29.706+0000] {logging_mixin.py:117} INFO - [2024-04-20T05:49:29.706+0000] {dag.py:3328} INFO - Setting next_dagrun for example_xcom_args to None, run_after=None
[2024-04-20T05:49:29.712+0000] {logging_mixin.py:117} INFO - [2024-04-20T05:49:29.712+0000] {dag.py:3328} INFO - Setting next_dagrun for example_xcom_args_with_operators to None, run_after=None
[2024-04-20T05:49:29.740+0000] {processor.py:178} INFO - Processing /home/airflow/.local/lib/python3.7/site-packages/airflow/example_dags/example_xcomargs.py took 0.149 seconds
[2024-04-20T05:50:00.343+0000] {processor.py:156} INFO - Started process (PID=8677) to work on /home/airflow/.local/lib/python3.7/site-packages/airflow/example_dags/example_xcomargs.py
[2024-04-20T05:50:00.343+0000] {processor.py:758} INFO - Processing file /home/airflow/.local/lib/python3.7/site-packages/airflow/example_dags/example_xcomargs.py for tasks to queue
[2024-04-20T05:50:00.344+0000] {logging_mixin.py:117} INFO - [2024-04-20T05:50:00.344+0000] {dagbag.py:525} INFO - Filling up the DagBag from /home/airflow/.local/lib/python3.7/site-packages/airflow/example_dags/example_xcomargs.py
[2024-04-20T05:50:00.380+0000] {processor.py:768} INFO - DAG(s) dict_keys(['example_xcom_args', 'example_xcom_args_with_operators']) retrieved from /home/airflow/.local/lib/python3.7/site-packages/airflow/example_dags/example_xcomargs.py
[2024-04-20T05:50:00.428+0000] {logging_mixin.py:117} INFO - [2024-04-20T05:50:00.428+0000] {dag.py:2573} INFO - Sync 2 DAGs
[2024-04-20T05:50:00.510+0000] {logging_mixin.py:117} INFO - [2024-04-20T05:50:00.509+0000] {dag.py:3328} INFO - Setting next_dagrun for example_xcom_args to None, run_after=None
[2024-04-20T05:50:00.528+0000] {logging_mixin.py:117} INFO - [2024-04-20T05:50:00.528+0000] {dag.py:3328} INFO - Setting next_dagrun for example_xcom_args_with_operators to None, run_after=None
[2024-04-20T05:50:00.560+0000] {processor.py:178} INFO - Processing /home/airflow/.local/lib/python3.7/site-packages/airflow/example_dags/example_xcomargs.py took 0.221 seconds
[2024-04-20T05:50:30.823+0000] {processor.py:156} INFO - Started process (PID=8910) to work on /home/airflow/.local/lib/python3.7/site-packages/airflow/example_dags/example_xcomargs.py
[2024-04-20T05:50:30.828+0000] {processor.py:758} INFO - Processing file /home/airflow/.local/lib/python3.7/site-packages/airflow/example_dags/example_xcomargs.py for tasks to queue
[2024-04-20T05:50:30.829+0000] {logging_mixin.py:117} INFO - [2024-04-20T05:50:30.829+0000] {dagbag.py:525} INFO - Filling up the DagBag from /home/airflow/.local/lib/python3.7/site-packages/airflow/example_dags/example_xcomargs.py
[2024-04-20T05:50:30.983+0000] {processor.py:768} INFO - DAG(s) dict_keys(['example_xcom_args', 'example_xcom_args_with_operators']) retrieved from /home/airflow/.local/lib/python3.7/site-packages/airflow/example_dags/example_xcomargs.py
[2024-04-20T05:50:31.126+0000] {logging_mixin.py:117} INFO - [2024-04-20T05:50:31.126+0000] {dag.py:2573} INFO - Sync 2 DAGs
[2024-04-20T05:50:31.158+0000] {logging_mixin.py:117} INFO - [2024-04-20T05:50:31.158+0000] {dag.py:3328} INFO - Setting next_dagrun for example_xcom_args to None, run_after=None
[2024-04-20T05:50:31.162+0000] {logging_mixin.py:117} INFO - [2024-04-20T05:50:31.162+0000] {dag.py:3328} INFO - Setting next_dagrun for example_xcom_args_with_operators to None, run_after=None
[2024-04-20T05:50:31.196+0000] {processor.py:178} INFO - Processing /home/airflow/.local/lib/python3.7/site-packages/airflow/example_dags/example_xcomargs.py took 0.385 seconds
[2024-04-20T05:51:01.505+0000] {processor.py:156} INFO - Started process (PID=9146) to work on /home/airflow/.local/lib/python3.7/site-packages/airflow/example_dags/example_xcomargs.py
[2024-04-20T05:51:01.505+0000] {processor.py:758} INFO - Processing file /home/airflow/.local/lib/python3.7/site-packages/airflow/example_dags/example_xcomargs.py for tasks to queue
[2024-04-20T05:51:01.506+0000] {logging_mixin.py:117} INFO - [2024-04-20T05:51:01.505+0000] {dagbag.py:525} INFO - Filling up the DagBag from /home/airflow/.local/lib/python3.7/site-packages/airflow/example_dags/example_xcomargs.py
[2024-04-20T05:51:01.540+0000] {processor.py:768} INFO - DAG(s) dict_keys(['example_xcom_args_with_operators', 'example_xcom_args']) retrieved from /home/airflow/.local/lib/python3.7/site-packages/airflow/example_dags/example_xcomargs.py
[2024-04-20T05:51:01.593+0000] {logging_mixin.py:117} INFO - [2024-04-20T05:51:01.593+0000] {dag.py:2573} INFO - Sync 2 DAGs
[2024-04-20T05:51:01.663+0000] {logging_mixin.py:117} INFO - [2024-04-20T05:51:01.663+0000] {dag.py:3328} INFO - Setting next_dagrun for example_xcom_args to None, run_after=None
[2024-04-20T05:51:01.667+0000] {logging_mixin.py:117} INFO - [2024-04-20T05:51:01.667+0000] {dag.py:3328} INFO - Setting next_dagrun for example_xcom_args_with_operators to None, run_after=None
[2024-04-20T05:51:01.700+0000] {processor.py:178} INFO - Processing /home/airflow/.local/lib/python3.7/site-packages/airflow/example_dags/example_xcomargs.py took 0.197 seconds
[2024-04-20T05:51:31.911+0000] {processor.py:156} INFO - Started process (PID=9365) to work on /home/airflow/.local/lib/python3.7/site-packages/airflow/example_dags/example_xcomargs.py
[2024-04-20T05:51:31.912+0000] {processor.py:758} INFO - Processing file /home/airflow/.local/lib/python3.7/site-packages/airflow/example_dags/example_xcomargs.py for tasks to queue
[2024-04-20T05:51:31.913+0000] {logging_mixin.py:117} INFO - [2024-04-20T05:51:31.913+0000] {dagbag.py:525} INFO - Filling up the DagBag from /home/airflow/.local/lib/python3.7/site-packages/airflow/example_dags/example_xcomargs.py
[2024-04-20T05:51:31.938+0000] {processor.py:768} INFO - DAG(s) dict_keys(['example_xcom_args_with_operators', 'example_xcom_args']) retrieved from /home/airflow/.local/lib/python3.7/site-packages/airflow/example_dags/example_xcomargs.py
[2024-04-20T05:51:31.974+0000] {logging_mixin.py:117} INFO - [2024-04-20T05:51:31.974+0000] {dag.py:2573} INFO - Sync 2 DAGs
[2024-04-20T05:51:31.994+0000] {logging_mixin.py:117} INFO - [2024-04-20T05:51:31.994+0000] {dag.py:3328} INFO - Setting next_dagrun for example_xcom_args to None, run_after=None
[2024-04-20T05:51:32.000+0000] {logging_mixin.py:117} INFO - [2024-04-20T05:51:32.000+0000] {dag.py:3328} INFO - Setting next_dagrun for example_xcom_args_with_operators to None, run_after=None
[2024-04-20T05:51:32.025+0000] {processor.py:178} INFO - Processing /home/airflow/.local/lib/python3.7/site-packages/airflow/example_dags/example_xcomargs.py took 0.117 seconds
[2024-04-20T05:52:02.429+0000] {processor.py:156} INFO - Started process (PID=9585) to work on /home/airflow/.local/lib/python3.7/site-packages/airflow/example_dags/example_xcomargs.py
[2024-04-20T05:52:02.432+0000] {processor.py:758} INFO - Processing file /home/airflow/.local/lib/python3.7/site-packages/airflow/example_dags/example_xcomargs.py for tasks to queue
[2024-04-20T05:52:02.433+0000] {logging_mixin.py:117} INFO - [2024-04-20T05:52:02.433+0000] {dagbag.py:525} INFO - Filling up the DagBag from /home/airflow/.local/lib/python3.7/site-packages/airflow/example_dags/example_xcomargs.py
[2024-04-20T05:52:02.482+0000] {processor.py:768} INFO - DAG(s) dict_keys(['example_xcom_args', 'example_xcom_args_with_operators']) retrieved from /home/airflow/.local/lib/python3.7/site-packages/airflow/example_dags/example_xcomargs.py
[2024-04-20T05:52:02.558+0000] {logging_mixin.py:117} INFO - [2024-04-20T05:52:02.558+0000] {dag.py:2573} INFO - Sync 2 DAGs
[2024-04-20T05:52:02.595+0000] {logging_mixin.py:117} INFO - [2024-04-20T05:52:02.595+0000] {dag.py:3328} INFO - Setting next_dagrun for example_xcom_args to None, run_after=None
[2024-04-20T05:52:02.599+0000] {logging_mixin.py:117} INFO - [2024-04-20T05:52:02.599+0000] {dag.py:3328} INFO - Setting next_dagrun for example_xcom_args_with_operators to None, run_after=None
[2024-04-20T05:52:02.620+0000] {processor.py:178} INFO - Processing /home/airflow/.local/lib/python3.7/site-packages/airflow/example_dags/example_xcomargs.py took 0.194 seconds
[2024-04-20T05:52:33.038+0000] {processor.py:156} INFO - Started process (PID=9812) to work on /home/airflow/.local/lib/python3.7/site-packages/airflow/example_dags/example_xcomargs.py
[2024-04-20T05:52:33.039+0000] {processor.py:758} INFO - Processing file /home/airflow/.local/lib/python3.7/site-packages/airflow/example_dags/example_xcomargs.py for tasks to queue
[2024-04-20T05:52:33.040+0000] {logging_mixin.py:117} INFO - [2024-04-20T05:52:33.039+0000] {dagbag.py:525} INFO - Filling up the DagBag from /home/airflow/.local/lib/python3.7/site-packages/airflow/example_dags/example_xcomargs.py
[2024-04-20T05:52:33.070+0000] {processor.py:768} INFO - DAG(s) dict_keys(['example_xcom_args_with_operators', 'example_xcom_args']) retrieved from /home/airflow/.local/lib/python3.7/site-packages/airflow/example_dags/example_xcomargs.py
[2024-04-20T05:52:33.131+0000] {logging_mixin.py:117} INFO - [2024-04-20T05:52:33.130+0000] {dag.py:2573} INFO - Sync 2 DAGs
[2024-04-20T05:52:33.171+0000] {logging_mixin.py:117} INFO - [2024-04-20T05:52:33.171+0000] {dag.py:3328} INFO - Setting next_dagrun for example_xcom_args to None, run_after=None
[2024-04-20T05:52:33.174+0000] {logging_mixin.py:117} INFO - [2024-04-20T05:52:33.174+0000] {dag.py:3328} INFO - Setting next_dagrun for example_xcom_args_with_operators to None, run_after=None
[2024-04-20T05:52:33.200+0000] {processor.py:178} INFO - Processing /home/airflow/.local/lib/python3.7/site-packages/airflow/example_dags/example_xcomargs.py took 0.164 seconds
[2024-04-20T05:53:03.405+0000] {processor.py:156} INFO - Started process (PID=10027) to work on /home/airflow/.local/lib/python3.7/site-packages/airflow/example_dags/example_xcomargs.py
[2024-04-20T05:53:03.405+0000] {processor.py:758} INFO - Processing file /home/airflow/.local/lib/python3.7/site-packages/airflow/example_dags/example_xcomargs.py for tasks to queue
[2024-04-20T05:53:03.406+0000] {logging_mixin.py:117} INFO - [2024-04-20T05:53:03.406+0000] {dagbag.py:525} INFO - Filling up the DagBag from /home/airflow/.local/lib/python3.7/site-packages/airflow/example_dags/example_xcomargs.py
[2024-04-20T05:53:03.436+0000] {processor.py:768} INFO - DAG(s) dict_keys(['example_xcom_args', 'example_xcom_args_with_operators']) retrieved from /home/airflow/.local/lib/python3.7/site-packages/airflow/example_dags/example_xcomargs.py
[2024-04-20T05:53:03.491+0000] {logging_mixin.py:117} INFO - [2024-04-20T05:53:03.490+0000] {dag.py:2573} INFO - Sync 2 DAGs
[2024-04-20T05:53:03.530+0000] {logging_mixin.py:117} INFO - [2024-04-20T05:53:03.529+0000] {dag.py:3328} INFO - Setting next_dagrun for example_xcom_args to None, run_after=None
[2024-04-20T05:53:03.534+0000] {logging_mixin.py:117} INFO - [2024-04-20T05:53:03.534+0000] {dag.py:3328} INFO - Setting next_dagrun for example_xcom_args_with_operators to None, run_after=None
[2024-04-20T05:53:03.558+0000] {processor.py:178} INFO - Processing /home/airflow/.local/lib/python3.7/site-packages/airflow/example_dags/example_xcomargs.py took 0.157 seconds
[2024-04-20T05:53:34.083+0000] {processor.py:156} INFO - Started process (PID=10271) to work on /home/airflow/.local/lib/python3.7/site-packages/airflow/example_dags/example_xcomargs.py
[2024-04-20T05:53:34.084+0000] {processor.py:758} INFO - Processing file /home/airflow/.local/lib/python3.7/site-packages/airflow/example_dags/example_xcomargs.py for tasks to queue
[2024-04-20T05:53:34.085+0000] {logging_mixin.py:117} INFO - [2024-04-20T05:53:34.085+0000] {dagbag.py:525} INFO - Filling up the DagBag from /home/airflow/.local/lib/python3.7/site-packages/airflow/example_dags/example_xcomargs.py
[2024-04-20T05:53:34.115+0000] {processor.py:768} INFO - DAG(s) dict_keys(['example_xcom_args', 'example_xcom_args_with_operators']) retrieved from /home/airflow/.local/lib/python3.7/site-packages/airflow/example_dags/example_xcomargs.py
[2024-04-20T05:53:34.165+0000] {logging_mixin.py:117} INFO - [2024-04-20T05:53:34.164+0000] {dag.py:2573} INFO - Sync 2 DAGs
[2024-04-20T05:53:34.201+0000] {logging_mixin.py:117} INFO - [2024-04-20T05:53:34.201+0000] {dag.py:3328} INFO - Setting next_dagrun for example_xcom_args to None, run_after=None
[2024-04-20T05:53:34.206+0000] {logging_mixin.py:117} INFO - [2024-04-20T05:53:34.206+0000] {dag.py:3328} INFO - Setting next_dagrun for example_xcom_args_with_operators to None, run_after=None
[2024-04-20T05:53:34.229+0000] {processor.py:178} INFO - Processing /home/airflow/.local/lib/python3.7/site-packages/airflow/example_dags/example_xcomargs.py took 0.149 seconds
[2024-04-20T05:54:04.735+0000] {processor.py:156} INFO - Started process (PID=10510) to work on /home/airflow/.local/lib/python3.7/site-packages/airflow/example_dags/example_xcomargs.py
[2024-04-20T05:54:04.735+0000] {processor.py:758} INFO - Processing file /home/airflow/.local/lib/python3.7/site-packages/airflow/example_dags/example_xcomargs.py for tasks to queue
[2024-04-20T05:54:04.736+0000] {logging_mixin.py:117} INFO - [2024-04-20T05:54:04.735+0000] {dagbag.py:525} INFO - Filling up the DagBag from /home/airflow/.local/lib/python3.7/site-packages/airflow/example_dags/example_xcomargs.py
[2024-04-20T05:54:04.758+0000] {processor.py:768} INFO - DAG(s) dict_keys(['example_xcom_args_with_operators', 'example_xcom_args']) retrieved from /home/airflow/.local/lib/python3.7/site-packages/airflow/example_dags/example_xcomargs.py
[2024-04-20T05:54:04.794+0000] {logging_mixin.py:117} INFO - [2024-04-20T05:54:04.794+0000] {dag.py:2573} INFO - Sync 2 DAGs
[2024-04-20T05:54:04.815+0000] {logging_mixin.py:117} INFO - [2024-04-20T05:54:04.815+0000] {dag.py:3328} INFO - Setting next_dagrun for example_xcom_args to None, run_after=None
[2024-04-20T05:54:04.818+0000] {logging_mixin.py:117} INFO - [2024-04-20T05:54:04.818+0000] {dag.py:3328} INFO - Setting next_dagrun for example_xcom_args_with_operators to None, run_after=None
[2024-04-20T05:54:04.835+0000] {processor.py:178} INFO - Processing /home/airflow/.local/lib/python3.7/site-packages/airflow/example_dags/example_xcomargs.py took 0.103 seconds
[2024-04-20T05:54:35.358+0000] {processor.py:156} INFO - Started process (PID=10732) to work on /home/airflow/.local/lib/python3.7/site-packages/airflow/example_dags/example_xcomargs.py
[2024-04-20T05:54:35.359+0000] {processor.py:758} INFO - Processing file /home/airflow/.local/lib/python3.7/site-packages/airflow/example_dags/example_xcomargs.py for tasks to queue
[2024-04-20T05:54:35.361+0000] {logging_mixin.py:117} INFO - [2024-04-20T05:54:35.361+0000] {dagbag.py:525} INFO - Filling up the DagBag from /home/airflow/.local/lib/python3.7/site-packages/airflow/example_dags/example_xcomargs.py
[2024-04-20T05:54:35.389+0000] {processor.py:768} INFO - DAG(s) dict_keys(['example_xcom_args', 'example_xcom_args_with_operators']) retrieved from /home/airflow/.local/lib/python3.7/site-packages/airflow/example_dags/example_xcomargs.py
[2024-04-20T05:54:35.438+0000] {logging_mixin.py:117} INFO - [2024-04-20T05:54:35.438+0000] {dag.py:2573} INFO - Sync 2 DAGs
[2024-04-20T05:54:35.469+0000] {logging_mixin.py:117} INFO - [2024-04-20T05:54:35.469+0000] {dag.py:3328} INFO - Setting next_dagrun for example_xcom_args to None, run_after=None
[2024-04-20T05:54:35.481+0000] {logging_mixin.py:117} INFO - [2024-04-20T05:54:35.481+0000] {dag.py:3328} INFO - Setting next_dagrun for example_xcom_args_with_operators to None, run_after=None
[2024-04-20T05:54:35.515+0000] {processor.py:178} INFO - Processing /home/airflow/.local/lib/python3.7/site-packages/airflow/example_dags/example_xcomargs.py took 0.160 seconds
[2024-04-20T05:55:06.505+0000] {processor.py:156} INFO - Started process (PID=10962) to work on /home/airflow/.local/lib/python3.7/site-packages/airflow/example_dags/example_xcomargs.py
[2024-04-20T05:55:06.507+0000] {processor.py:758} INFO - Processing file /home/airflow/.local/lib/python3.7/site-packages/airflow/example_dags/example_xcomargs.py for tasks to queue
[2024-04-20T05:55:06.508+0000] {logging_mixin.py:117} INFO - [2024-04-20T05:55:06.508+0000] {dagbag.py:525} INFO - Filling up the DagBag from /home/airflow/.local/lib/python3.7/site-packages/airflow/example_dags/example_xcomargs.py
[2024-04-20T05:55:06.568+0000] {processor.py:768} INFO - DAG(s) dict_keys(['example_xcom_args_with_operators', 'example_xcom_args']) retrieved from /home/airflow/.local/lib/python3.7/site-packages/airflow/example_dags/example_xcomargs.py
[2024-04-20T05:55:06.625+0000] {logging_mixin.py:117} INFO - [2024-04-20T05:55:06.625+0000] {dag.py:2573} INFO - Sync 2 DAGs
[2024-04-20T05:55:06.662+0000] {logging_mixin.py:117} INFO - [2024-04-20T05:55:06.662+0000] {dag.py:3328} INFO - Setting next_dagrun for example_xcom_args to None, run_after=None
[2024-04-20T05:55:06.667+0000] {logging_mixin.py:117} INFO - [2024-04-20T05:55:06.666+0000] {dag.py:3328} INFO - Setting next_dagrun for example_xcom_args_with_operators to None, run_after=None
[2024-04-20T05:55:06.688+0000] {processor.py:178} INFO - Processing /home/airflow/.local/lib/python3.7/site-packages/airflow/example_dags/example_xcomargs.py took 0.190 seconds
[2024-04-20T05:55:37.488+0000] {processor.py:156} INFO - Started process (PID=11191) to work on /home/airflow/.local/lib/python3.7/site-packages/airflow/example_dags/example_xcomargs.py
[2024-04-20T05:55:37.489+0000] {processor.py:758} INFO - Processing file /home/airflow/.local/lib/python3.7/site-packages/airflow/example_dags/example_xcomargs.py for tasks to queue
[2024-04-20T05:55:37.489+0000] {logging_mixin.py:117} INFO - [2024-04-20T05:55:37.489+0000] {dagbag.py:525} INFO - Filling up the DagBag from /home/airflow/.local/lib/python3.7/site-packages/airflow/example_dags/example_xcomargs.py
[2024-04-20T05:55:37.545+0000] {processor.py:768} INFO - DAG(s) dict_keys(['example_xcom_args_with_operators', 'example_xcom_args']) retrieved from /home/airflow/.local/lib/python3.7/site-packages/airflow/example_dags/example_xcomargs.py
[2024-04-20T05:55:37.646+0000] {logging_mixin.py:117} INFO - [2024-04-20T05:55:37.646+0000] {dag.py:2573} INFO - Sync 2 DAGs
[2024-04-20T05:55:37.736+0000] {logging_mixin.py:117} INFO - [2024-04-20T05:55:37.736+0000] {dag.py:3328} INFO - Setting next_dagrun for example_xcom_args to None, run_after=None
[2024-04-20T05:55:37.740+0000] {logging_mixin.py:117} INFO - [2024-04-20T05:55:37.740+0000] {dag.py:3328} INFO - Setting next_dagrun for example_xcom_args_with_operators to None, run_after=None
[2024-04-20T05:55:37.763+0000] {processor.py:178} INFO - Processing /home/airflow/.local/lib/python3.7/site-packages/airflow/example_dags/example_xcomargs.py took 0.279 seconds
[2024-04-20T05:56:49.832+0000] {processor.py:156} INFO - Started process (PID=365) to work on /home/airflow/.local/lib/python3.7/site-packages/airflow/example_dags/example_xcomargs.py
[2024-04-20T05:56:49.838+0000] {processor.py:758} INFO - Processing file /home/airflow/.local/lib/python3.7/site-packages/airflow/example_dags/example_xcomargs.py for tasks to queue
[2024-04-20T05:56:49.839+0000] {logging_mixin.py:117} INFO - [2024-04-20T05:56:49.839+0000] {dagbag.py:525} INFO - Filling up the DagBag from /home/airflow/.local/lib/python3.7/site-packages/airflow/example_dags/example_xcomargs.py
[2024-04-20T05:56:49.914+0000] {processor.py:768} INFO - DAG(s) dict_keys(['example_xcom_args_with_operators', 'example_xcom_args']) retrieved from /home/airflow/.local/lib/python3.7/site-packages/airflow/example_dags/example_xcomargs.py
[2024-04-20T05:56:50.143+0000] {logging_mixin.py:117} INFO - [2024-04-20T05:56:50.137+0000] {dag.py:2573} INFO - Sync 2 DAGs
[2024-04-20T05:56:50.296+0000] {logging_mixin.py:117} INFO - [2024-04-20T05:56:50.295+0000] {dag.py:3328} INFO - Setting next_dagrun for example_xcom_args to None, run_after=None
[2024-04-20T05:56:50.320+0000] {logging_mixin.py:117} INFO - [2024-04-20T05:56:50.320+0000] {dag.py:3328} INFO - Setting next_dagrun for example_xcom_args_with_operators to None, run_after=None
[2024-04-20T05:56:50.862+0000] {processor.py:178} INFO - Processing /home/airflow/.local/lib/python3.7/site-packages/airflow/example_dags/example_xcomargs.py took 1.034 seconds
[2024-04-20T05:57:21.657+0000] {processor.py:156} INFO - Started process (PID=590) to work on /home/airflow/.local/lib/python3.7/site-packages/airflow/example_dags/example_xcomargs.py
[2024-04-20T05:57:21.674+0000] {processor.py:758} INFO - Processing file /home/airflow/.local/lib/python3.7/site-packages/airflow/example_dags/example_xcomargs.py for tasks to queue
[2024-04-20T05:57:21.675+0000] {logging_mixin.py:117} INFO - [2024-04-20T05:57:21.675+0000] {dagbag.py:525} INFO - Filling up the DagBag from /home/airflow/.local/lib/python3.7/site-packages/airflow/example_dags/example_xcomargs.py
[2024-04-20T05:57:21.756+0000] {processor.py:768} INFO - DAG(s) dict_keys(['example_xcom_args', 'example_xcom_args_with_operators']) retrieved from /home/airflow/.local/lib/python3.7/site-packages/airflow/example_dags/example_xcomargs.py
[2024-04-20T05:57:21.813+0000] {logging_mixin.py:117} INFO - [2024-04-20T05:57:21.813+0000] {dag.py:2573} INFO - Sync 2 DAGs
[2024-04-20T05:57:21.995+0000] {logging_mixin.py:117} INFO - [2024-04-20T05:57:21.995+0000] {dag.py:3328} INFO - Setting next_dagrun for example_xcom_args to None, run_after=None
[2024-04-20T05:57:21.999+0000] {logging_mixin.py:117} INFO - [2024-04-20T05:57:21.999+0000] {dag.py:3328} INFO - Setting next_dagrun for example_xcom_args_with_operators to None, run_after=None
[2024-04-20T05:57:22.021+0000] {processor.py:178} INFO - Processing /home/airflow/.local/lib/python3.7/site-packages/airflow/example_dags/example_xcomargs.py took 0.393 seconds
[2024-04-20T05:57:52.457+0000] {processor.py:156} INFO - Started process (PID=817) to work on /home/airflow/.local/lib/python3.7/site-packages/airflow/example_dags/example_xcomargs.py
[2024-04-20T05:57:52.458+0000] {processor.py:758} INFO - Processing file /home/airflow/.local/lib/python3.7/site-packages/airflow/example_dags/example_xcomargs.py for tasks to queue
[2024-04-20T05:57:52.458+0000] {logging_mixin.py:117} INFO - [2024-04-20T05:57:52.458+0000] {dagbag.py:525} INFO - Filling up the DagBag from /home/airflow/.local/lib/python3.7/site-packages/airflow/example_dags/example_xcomargs.py
[2024-04-20T05:57:52.490+0000] {processor.py:768} INFO - DAG(s) dict_keys(['example_xcom_args', 'example_xcom_args_with_operators']) retrieved from /home/airflow/.local/lib/python3.7/site-packages/airflow/example_dags/example_xcomargs.py
[2024-04-20T05:57:52.647+0000] {logging_mixin.py:117} INFO - [2024-04-20T05:57:52.647+0000] {dag.py:2573} INFO - Sync 2 DAGs
[2024-04-20T05:57:52.666+0000] {logging_mixin.py:117} INFO - [2024-04-20T05:57:52.666+0000] {dag.py:3328} INFO - Setting next_dagrun for example_xcom_args to None, run_after=None
[2024-04-20T05:57:52.669+0000] {logging_mixin.py:117} INFO - [2024-04-20T05:57:52.669+0000] {dag.py:3328} INFO - Setting next_dagrun for example_xcom_args_with_operators to None, run_after=None
[2024-04-20T05:57:52.686+0000] {processor.py:178} INFO - Processing /home/airflow/.local/lib/python3.7/site-packages/airflow/example_dags/example_xcomargs.py took 0.233 seconds
[2024-04-20T05:58:23.508+0000] {processor.py:156} INFO - Started process (PID=1039) to work on /home/airflow/.local/lib/python3.7/site-packages/airflow/example_dags/example_xcomargs.py
[2024-04-20T05:58:23.512+0000] {processor.py:758} INFO - Processing file /home/airflow/.local/lib/python3.7/site-packages/airflow/example_dags/example_xcomargs.py for tasks to queue
[2024-04-20T05:58:23.513+0000] {logging_mixin.py:117} INFO - [2024-04-20T05:58:23.513+0000] {dagbag.py:525} INFO - Filling up the DagBag from /home/airflow/.local/lib/python3.7/site-packages/airflow/example_dags/example_xcomargs.py
[2024-04-20T05:58:23.609+0000] {processor.py:768} INFO - DAG(s) dict_keys(['example_xcom_args', 'example_xcom_args_with_operators']) retrieved from /home/airflow/.local/lib/python3.7/site-packages/airflow/example_dags/example_xcomargs.py
[2024-04-20T05:58:23.911+0000] {logging_mixin.py:117} INFO - [2024-04-20T05:58:23.910+0000] {dag.py:2573} INFO - Sync 2 DAGs
[2024-04-20T05:58:23.942+0000] {logging_mixin.py:117} INFO - [2024-04-20T05:58:23.942+0000] {dag.py:3328} INFO - Setting next_dagrun for example_xcom_args to None, run_after=None
[2024-04-20T05:58:23.946+0000] {logging_mixin.py:117} INFO - [2024-04-20T05:58:23.946+0000] {dag.py:3328} INFO - Setting next_dagrun for example_xcom_args_with_operators to None, run_after=None
[2024-04-20T05:58:23.969+0000] {processor.py:178} INFO - Processing /home/airflow/.local/lib/python3.7/site-packages/airflow/example_dags/example_xcomargs.py took 0.468 seconds
[2024-04-20T05:58:54.183+0000] {processor.py:156} INFO - Started process (PID=1261) to work on /home/airflow/.local/lib/python3.7/site-packages/airflow/example_dags/example_xcomargs.py
[2024-04-20T05:58:54.183+0000] {processor.py:758} INFO - Processing file /home/airflow/.local/lib/python3.7/site-packages/airflow/example_dags/example_xcomargs.py for tasks to queue
[2024-04-20T05:58:54.184+0000] {logging_mixin.py:117} INFO - [2024-04-20T05:58:54.184+0000] {dagbag.py:525} INFO - Filling up the DagBag from /home/airflow/.local/lib/python3.7/site-packages/airflow/example_dags/example_xcomargs.py
[2024-04-20T05:58:54.381+0000] {processor.py:768} INFO - DAG(s) dict_keys(['example_xcom_args', 'example_xcom_args_with_operators']) retrieved from /home/airflow/.local/lib/python3.7/site-packages/airflow/example_dags/example_xcomargs.py
[2024-04-20T05:58:54.412+0000] {logging_mixin.py:117} INFO - [2024-04-20T05:58:54.412+0000] {dag.py:2573} INFO - Sync 2 DAGs
[2024-04-20T05:58:54.433+0000] {logging_mixin.py:117} INFO - [2024-04-20T05:58:54.433+0000] {dag.py:3328} INFO - Setting next_dagrun for example_xcom_args to None, run_after=None
[2024-04-20T05:58:54.435+0000] {logging_mixin.py:117} INFO - [2024-04-20T05:58:54.435+0000] {dag.py:3328} INFO - Setting next_dagrun for example_xcom_args_with_operators to None, run_after=None
[2024-04-20T05:58:54.454+0000] {processor.py:178} INFO - Processing /home/airflow/.local/lib/python3.7/site-packages/airflow/example_dags/example_xcomargs.py took 0.274 seconds
[2024-04-20T05:59:24.901+0000] {processor.py:156} INFO - Started process (PID=1498) to work on /home/airflow/.local/lib/python3.7/site-packages/airflow/example_dags/example_xcomargs.py
[2024-04-20T05:59:24.902+0000] {processor.py:758} INFO - Processing file /home/airflow/.local/lib/python3.7/site-packages/airflow/example_dags/example_xcomargs.py for tasks to queue
[2024-04-20T05:59:24.903+0000] {logging_mixin.py:117} INFO - [2024-04-20T05:59:24.903+0000] {dagbag.py:525} INFO - Filling up the DagBag from /home/airflow/.local/lib/python3.7/site-packages/airflow/example_dags/example_xcomargs.py
[2024-04-20T05:59:25.097+0000] {processor.py:768} INFO - DAG(s) dict_keys(['example_xcom_args', 'example_xcom_args_with_operators']) retrieved from /home/airflow/.local/lib/python3.7/site-packages/airflow/example_dags/example_xcomargs.py
[2024-04-20T05:59:25.136+0000] {logging_mixin.py:117} INFO - [2024-04-20T05:59:25.136+0000] {dag.py:2573} INFO - Sync 2 DAGs
[2024-04-20T05:59:25.164+0000] {logging_mixin.py:117} INFO - [2024-04-20T05:59:25.164+0000] {dag.py:3328} INFO - Setting next_dagrun for example_xcom_args to None, run_after=None
[2024-04-20T05:59:25.166+0000] {logging_mixin.py:117} INFO - [2024-04-20T05:59:25.166+0000] {dag.py:3328} INFO - Setting next_dagrun for example_xcom_args_with_operators to None, run_after=None
[2024-04-20T05:59:25.184+0000] {processor.py:178} INFO - Processing /home/airflow/.local/lib/python3.7/site-packages/airflow/example_dags/example_xcomargs.py took 0.285 seconds
[2024-04-20T05:59:55.391+0000] {processor.py:156} INFO - Started process (PID=1711) to work on /home/airflow/.local/lib/python3.7/site-packages/airflow/example_dags/example_xcomargs.py
[2024-04-20T05:59:55.392+0000] {processor.py:758} INFO - Processing file /home/airflow/.local/lib/python3.7/site-packages/airflow/example_dags/example_xcomargs.py for tasks to queue
[2024-04-20T05:59:55.393+0000] {logging_mixin.py:117} INFO - [2024-04-20T05:59:55.392+0000] {dagbag.py:525} INFO - Filling up the DagBag from /home/airflow/.local/lib/python3.7/site-packages/airflow/example_dags/example_xcomargs.py
[2024-04-20T05:59:55.481+0000] {processor.py:768} INFO - DAG(s) dict_keys(['example_xcom_args_with_operators', 'example_xcom_args']) retrieved from /home/airflow/.local/lib/python3.7/site-packages/airflow/example_dags/example_xcomargs.py
[2024-04-20T05:59:55.567+0000] {logging_mixin.py:117} INFO - [2024-04-20T05:59:55.565+0000] {dag.py:2573} INFO - Sync 2 DAGs
[2024-04-20T05:59:55.599+0000] {logging_mixin.py:117} INFO - [2024-04-20T05:59:55.598+0000] {dag.py:3328} INFO - Setting next_dagrun for example_xcom_args to None, run_after=None
[2024-04-20T05:59:55.612+0000] {logging_mixin.py:117} INFO - [2024-04-20T05:59:55.612+0000] {dag.py:3328} INFO - Setting next_dagrun for example_xcom_args_with_operators to None, run_after=None
[2024-04-20T05:59:55.647+0000] {processor.py:178} INFO - Processing /home/airflow/.local/lib/python3.7/site-packages/airflow/example_dags/example_xcomargs.py took 0.269 seconds
[2024-04-20T06:00:25.772+0000] {processor.py:156} INFO - Started process (PID=1940) to work on /home/airflow/.local/lib/python3.7/site-packages/airflow/example_dags/example_xcomargs.py
[2024-04-20T06:00:25.773+0000] {processor.py:758} INFO - Processing file /home/airflow/.local/lib/python3.7/site-packages/airflow/example_dags/example_xcomargs.py for tasks to queue
[2024-04-20T06:00:25.774+0000] {logging_mixin.py:117} INFO - [2024-04-20T06:00:25.774+0000] {dagbag.py:525} INFO - Filling up the DagBag from /home/airflow/.local/lib/python3.7/site-packages/airflow/example_dags/example_xcomargs.py
[2024-04-20T06:00:25.805+0000] {processor.py:768} INFO - DAG(s) dict_keys(['example_xcom_args_with_operators', 'example_xcom_args']) retrieved from /home/airflow/.local/lib/python3.7/site-packages/airflow/example_dags/example_xcomargs.py
[2024-04-20T06:00:25.845+0000] {logging_mixin.py:117} INFO - [2024-04-20T06:00:25.845+0000] {dag.py:2573} INFO - Sync 2 DAGs
[2024-04-20T06:00:25.864+0000] {logging_mixin.py:117} INFO - [2024-04-20T06:00:25.864+0000] {dag.py:3328} INFO - Setting next_dagrun for example_xcom_args to None, run_after=None
[2024-04-20T06:00:25.867+0000] {logging_mixin.py:117} INFO - [2024-04-20T06:00:25.867+0000] {dag.py:3328} INFO - Setting next_dagrun for example_xcom_args_with_operators to None, run_after=None
[2024-04-20T06:00:25.886+0000] {processor.py:178} INFO - Processing /home/airflow/.local/lib/python3.7/site-packages/airflow/example_dags/example_xcomargs.py took 0.117 seconds
[2024-04-20T06:00:56.401+0000] {processor.py:156} INFO - Started process (PID=2162) to work on /home/airflow/.local/lib/python3.7/site-packages/airflow/example_dags/example_xcomargs.py
[2024-04-20T06:00:56.401+0000] {processor.py:758} INFO - Processing file /home/airflow/.local/lib/python3.7/site-packages/airflow/example_dags/example_xcomargs.py for tasks to queue
[2024-04-20T06:00:56.402+0000] {logging_mixin.py:117} INFO - [2024-04-20T06:00:56.402+0000] {dagbag.py:525} INFO - Filling up the DagBag from /home/airflow/.local/lib/python3.7/site-packages/airflow/example_dags/example_xcomargs.py
[2024-04-20T06:00:56.433+0000] {processor.py:768} INFO - DAG(s) dict_keys(['example_xcom_args', 'example_xcom_args_with_operators']) retrieved from /home/airflow/.local/lib/python3.7/site-packages/airflow/example_dags/example_xcomargs.py
[2024-04-20T06:00:56.482+0000] {logging_mixin.py:117} INFO - [2024-04-20T06:00:56.482+0000] {dag.py:2573} INFO - Sync 2 DAGs
[2024-04-20T06:00:56.526+0000] {logging_mixin.py:117} INFO - [2024-04-20T06:00:56.526+0000] {dag.py:3328} INFO - Setting next_dagrun for example_xcom_args to None, run_after=None
[2024-04-20T06:00:56.530+0000] {logging_mixin.py:117} INFO - [2024-04-20T06:00:56.530+0000] {dag.py:3328} INFO - Setting next_dagrun for example_xcom_args_with_operators to None, run_after=None
[2024-04-20T06:00:56.571+0000] {processor.py:178} INFO - Processing /home/airflow/.local/lib/python3.7/site-packages/airflow/example_dags/example_xcomargs.py took 0.173 seconds
[2024-04-20T06:01:27.084+0000] {processor.py:156} INFO - Started process (PID=2380) to work on /home/airflow/.local/lib/python3.7/site-packages/airflow/example_dags/example_xcomargs.py
[2024-04-20T06:01:27.084+0000] {processor.py:758} INFO - Processing file /home/airflow/.local/lib/python3.7/site-packages/airflow/example_dags/example_xcomargs.py for tasks to queue
[2024-04-20T06:01:27.085+0000] {logging_mixin.py:117} INFO - [2024-04-20T06:01:27.085+0000] {dagbag.py:525} INFO - Filling up the DagBag from /home/airflow/.local/lib/python3.7/site-packages/airflow/example_dags/example_xcomargs.py
[2024-04-20T06:01:27.115+0000] {processor.py:768} INFO - DAG(s) dict_keys(['example_xcom_args', 'example_xcom_args_with_operators']) retrieved from /home/airflow/.local/lib/python3.7/site-packages/airflow/example_dags/example_xcomargs.py
[2024-04-20T06:01:27.176+0000] {logging_mixin.py:117} INFO - [2024-04-20T06:01:27.176+0000] {dag.py:2573} INFO - Sync 2 DAGs
[2024-04-20T06:01:27.207+0000] {logging_mixin.py:117} INFO - [2024-04-20T06:01:27.207+0000] {dag.py:3328} INFO - Setting next_dagrun for example_xcom_args to None, run_after=None
[2024-04-20T06:01:27.210+0000] {logging_mixin.py:117} INFO - [2024-04-20T06:01:27.210+0000] {dag.py:3328} INFO - Setting next_dagrun for example_xcom_args_with_operators to None, run_after=None
[2024-04-20T06:01:27.229+0000] {processor.py:178} INFO - Processing /home/airflow/.local/lib/python3.7/site-packages/airflow/example_dags/example_xcomargs.py took 0.148 seconds
[2024-04-20T06:01:57.537+0000] {processor.py:156} INFO - Started process (PID=2606) to work on /home/airflow/.local/lib/python3.7/site-packages/airflow/example_dags/example_xcomargs.py
[2024-04-20T06:01:57.537+0000] {processor.py:758} INFO - Processing file /home/airflow/.local/lib/python3.7/site-packages/airflow/example_dags/example_xcomargs.py for tasks to queue
[2024-04-20T06:01:57.546+0000] {logging_mixin.py:117} INFO - [2024-04-20T06:01:57.546+0000] {dagbag.py:525} INFO - Filling up the DagBag from /home/airflow/.local/lib/python3.7/site-packages/airflow/example_dags/example_xcomargs.py
[2024-04-20T06:01:57.577+0000] {processor.py:768} INFO - DAG(s) dict_keys(['example_xcom_args_with_operators', 'example_xcom_args']) retrieved from /home/airflow/.local/lib/python3.7/site-packages/airflow/example_dags/example_xcomargs.py
[2024-04-20T06:01:57.634+0000] {logging_mixin.py:117} INFO - [2024-04-20T06:01:57.634+0000] {dag.py:2573} INFO - Sync 2 DAGs
[2024-04-20T06:01:57.669+0000] {logging_mixin.py:117} INFO - [2024-04-20T06:01:57.668+0000] {dag.py:3328} INFO - Setting next_dagrun for example_xcom_args to None, run_after=None
[2024-04-20T06:01:57.672+0000] {logging_mixin.py:117} INFO - [2024-04-20T06:01:57.672+0000] {dag.py:3328} INFO - Setting next_dagrun for example_xcom_args_with_operators to None, run_after=None
[2024-04-20T06:01:57.711+0000] {processor.py:178} INFO - Processing /home/airflow/.local/lib/python3.7/site-packages/airflow/example_dags/example_xcomargs.py took 0.182 seconds
[2024-04-20T06:02:27.948+0000] {processor.py:156} INFO - Started process (PID=2836) to work on /home/airflow/.local/lib/python3.7/site-packages/airflow/example_dags/example_xcomargs.py
[2024-04-20T06:02:27.949+0000] {processor.py:758} INFO - Processing file /home/airflow/.local/lib/python3.7/site-packages/airflow/example_dags/example_xcomargs.py for tasks to queue
[2024-04-20T06:02:27.949+0000] {logging_mixin.py:117} INFO - [2024-04-20T06:02:27.949+0000] {dagbag.py:525} INFO - Filling up the DagBag from /home/airflow/.local/lib/python3.7/site-packages/airflow/example_dags/example_xcomargs.py
[2024-04-20T06:02:28.007+0000] {processor.py:768} INFO - DAG(s) dict_keys(['example_xcom_args_with_operators', 'example_xcom_args']) retrieved from /home/airflow/.local/lib/python3.7/site-packages/airflow/example_dags/example_xcomargs.py
[2024-04-20T06:02:28.059+0000] {logging_mixin.py:117} INFO - [2024-04-20T06:02:28.059+0000] {dag.py:2573} INFO - Sync 2 DAGs
[2024-04-20T06:02:28.103+0000] {logging_mixin.py:117} INFO - [2024-04-20T06:02:28.102+0000] {dag.py:3328} INFO - Setting next_dagrun for example_xcom_args to None, run_after=None
[2024-04-20T06:02:28.111+0000] {logging_mixin.py:117} INFO - [2024-04-20T06:02:28.111+0000] {dag.py:3328} INFO - Setting next_dagrun for example_xcom_args_with_operators to None, run_after=None
[2024-04-20T06:02:28.144+0000] {processor.py:178} INFO - Processing /home/airflow/.local/lib/python3.7/site-packages/airflow/example_dags/example_xcomargs.py took 0.202 seconds
[2024-04-20T06:02:58.667+0000] {processor.py:156} INFO - Started process (PID=3055) to work on /home/airflow/.local/lib/python3.7/site-packages/airflow/example_dags/example_xcomargs.py
[2024-04-20T06:02:58.667+0000] {processor.py:758} INFO - Processing file /home/airflow/.local/lib/python3.7/site-packages/airflow/example_dags/example_xcomargs.py for tasks to queue
[2024-04-20T06:02:58.667+0000] {logging_mixin.py:117} INFO - [2024-04-20T06:02:58.667+0000] {dagbag.py:525} INFO - Filling up the DagBag from /home/airflow/.local/lib/python3.7/site-packages/airflow/example_dags/example_xcomargs.py
[2024-04-20T06:02:58.689+0000] {processor.py:768} INFO - DAG(s) dict_keys(['example_xcom_args', 'example_xcom_args_with_operators']) retrieved from /home/airflow/.local/lib/python3.7/site-packages/airflow/example_dags/example_xcomargs.py
[2024-04-20T06:02:58.734+0000] {logging_mixin.py:117} INFO - [2024-04-20T06:02:58.734+0000] {dag.py:2573} INFO - Sync 2 DAGs
[2024-04-20T06:02:58.763+0000] {logging_mixin.py:117} INFO - [2024-04-20T06:02:58.763+0000] {dag.py:3328} INFO - Setting next_dagrun for example_xcom_args to None, run_after=None
[2024-04-20T06:02:58.765+0000] {logging_mixin.py:117} INFO - [2024-04-20T06:02:58.765+0000] {dag.py:3328} INFO - Setting next_dagrun for example_xcom_args_with_operators to None, run_after=None
[2024-04-20T06:02:58.783+0000] {processor.py:178} INFO - Processing /home/airflow/.local/lib/python3.7/site-packages/airflow/example_dags/example_xcomargs.py took 0.120 seconds
[2024-04-20T06:03:29.109+0000] {processor.py:156} INFO - Started process (PID=3281) to work on /home/airflow/.local/lib/python3.7/site-packages/airflow/example_dags/example_xcomargs.py
[2024-04-20T06:03:29.109+0000] {processor.py:758} INFO - Processing file /home/airflow/.local/lib/python3.7/site-packages/airflow/example_dags/example_xcomargs.py for tasks to queue
[2024-04-20T06:03:29.110+0000] {logging_mixin.py:117} INFO - [2024-04-20T06:03:29.110+0000] {dagbag.py:525} INFO - Filling up the DagBag from /home/airflow/.local/lib/python3.7/site-packages/airflow/example_dags/example_xcomargs.py
[2024-04-20T06:03:29.131+0000] {processor.py:768} INFO - DAG(s) dict_keys(['example_xcom_args_with_operators', 'example_xcom_args']) retrieved from /home/airflow/.local/lib/python3.7/site-packages/airflow/example_dags/example_xcomargs.py
[2024-04-20T06:03:29.167+0000] {logging_mixin.py:117} INFO - [2024-04-20T06:03:29.167+0000] {dag.py:2573} INFO - Sync 2 DAGs
[2024-04-20T06:03:29.187+0000] {logging_mixin.py:117} INFO - [2024-04-20T06:03:29.187+0000] {dag.py:3328} INFO - Setting next_dagrun for example_xcom_args to None, run_after=None
[2024-04-20T06:03:29.189+0000] {logging_mixin.py:117} INFO - [2024-04-20T06:03:29.189+0000] {dag.py:3328} INFO - Setting next_dagrun for example_xcom_args_with_operators to None, run_after=None
[2024-04-20T06:03:29.208+0000] {processor.py:178} INFO - Processing /home/airflow/.local/lib/python3.7/site-packages/airflow/example_dags/example_xcomargs.py took 0.102 seconds
