[2024-04-20T05:31:56.980+0000] {processor.py:156} INFO - Started process (PID=315) to work on /home/airflow/.local/lib/python3.7/site-packages/airflow/example_dags/example_local_kubernetes_executor.py
[2024-04-20T05:31:56.992+0000] {processor.py:758} INFO - Processing file /home/airflow/.local/lib/python3.7/site-packages/airflow/example_dags/example_local_kubernetes_executor.py for tasks to queue
[2024-04-20T05:31:56.993+0000] {logging_mixin.py:117} INFO - [2024-04-20T05:31:56.993+0000] {dagbag.py:525} INFO - Filling up the DagBag from /home/airflow/.local/lib/python3.7/site-packages/airflow/example_dags/example_local_kubernetes_executor.py
[2024-04-20T05:31:57.131+0000] {processor.py:768} INFO - DAG(s) dict_keys(['example_local_kubernetes_executor']) retrieved from /home/airflow/.local/lib/python3.7/site-packages/airflow/example_dags/example_local_kubernetes_executor.py
[2024-04-20T05:31:58.662+0000] {logging_mixin.py:117} INFO - [2024-04-20T05:31:58.662+0000] {manager.py:507} INFO - Created Permission View: can delete on DAG:example_local_kubernetes_executor
[2024-04-20T05:31:58.713+0000] {logging_mixin.py:117} INFO - [2024-04-20T05:31:58.712+0000] {manager.py:507} INFO - Created Permission View: can edit on DAG:example_local_kubernetes_executor
[2024-04-20T05:31:58.735+0000] {logging_mixin.py:117} INFO - [2024-04-20T05:31:58.735+0000] {manager.py:507} INFO - Created Permission View: can read on DAG:example_local_kubernetes_executor
[2024-04-20T05:31:58.736+0000] {logging_mixin.py:117} INFO - [2024-04-20T05:31:58.736+0000] {dag.py:2573} INFO - Sync 1 DAGs
[2024-04-20T05:31:58.777+0000] {logging_mixin.py:117} INFO - [2024-04-20T05:31:58.777+0000] {dag.py:2594} INFO - Creating ORM DAG for example_local_kubernetes_executor
[2024-04-20T05:31:58.818+0000] {logging_mixin.py:117} INFO - [2024-04-20T05:31:58.818+0000] {dag.py:3328} INFO - Setting next_dagrun for example_local_kubernetes_executor to None, run_after=None
[2024-04-20T05:31:58.883+0000] {processor.py:178} INFO - Processing /home/airflow/.local/lib/python3.7/site-packages/airflow/example_dags/example_local_kubernetes_executor.py took 1.916 seconds
[2024-04-20T05:32:29.262+0000] {processor.py:156} INFO - Started process (PID=542) to work on /home/airflow/.local/lib/python3.7/site-packages/airflow/example_dags/example_local_kubernetes_executor.py
[2024-04-20T05:32:29.262+0000] {processor.py:758} INFO - Processing file /home/airflow/.local/lib/python3.7/site-packages/airflow/example_dags/example_local_kubernetes_executor.py for tasks to queue
[2024-04-20T05:32:29.263+0000] {logging_mixin.py:117} INFO - [2024-04-20T05:32:29.263+0000] {dagbag.py:525} INFO - Filling up the DagBag from /home/airflow/.local/lib/python3.7/site-packages/airflow/example_dags/example_local_kubernetes_executor.py
[2024-04-20T05:32:29.291+0000] {processor.py:768} INFO - DAG(s) dict_keys(['example_local_kubernetes_executor']) retrieved from /home/airflow/.local/lib/python3.7/site-packages/airflow/example_dags/example_local_kubernetes_executor.py
[2024-04-20T05:32:29.337+0000] {logging_mixin.py:117} INFO - [2024-04-20T05:32:29.337+0000] {dag.py:2573} INFO - Sync 1 DAGs
[2024-04-20T05:32:29.519+0000] {logging_mixin.py:117} INFO - [2024-04-20T05:32:29.519+0000] {dag.py:3328} INFO - Setting next_dagrun for example_local_kubernetes_executor to None, run_after=None
[2024-04-20T05:32:29.538+0000] {processor.py:178} INFO - Processing /home/airflow/.local/lib/python3.7/site-packages/airflow/example_dags/example_local_kubernetes_executor.py took 0.279 seconds
[2024-04-20T05:32:59.678+0000] {processor.py:156} INFO - Started process (PID=755) to work on /home/airflow/.local/lib/python3.7/site-packages/airflow/example_dags/example_local_kubernetes_executor.py
[2024-04-20T05:32:59.679+0000] {processor.py:758} INFO - Processing file /home/airflow/.local/lib/python3.7/site-packages/airflow/example_dags/example_local_kubernetes_executor.py for tasks to queue
[2024-04-20T05:32:59.680+0000] {logging_mixin.py:117} INFO - [2024-04-20T05:32:59.680+0000] {dagbag.py:525} INFO - Filling up the DagBag from /home/airflow/.local/lib/python3.7/site-packages/airflow/example_dags/example_local_kubernetes_executor.py
[2024-04-20T05:32:59.707+0000] {processor.py:768} INFO - DAG(s) dict_keys(['example_local_kubernetes_executor']) retrieved from /home/airflow/.local/lib/python3.7/site-packages/airflow/example_dags/example_local_kubernetes_executor.py
[2024-04-20T05:33:00.113+0000] {logging_mixin.py:117} INFO - [2024-04-20T05:33:00.113+0000] {dag.py:2573} INFO - Sync 1 DAGs
[2024-04-20T05:33:00.134+0000] {logging_mixin.py:117} INFO - [2024-04-20T05:33:00.134+0000] {dag.py:3328} INFO - Setting next_dagrun for example_local_kubernetes_executor to None, run_after=None
[2024-04-20T05:33:00.153+0000] {processor.py:178} INFO - Processing /home/airflow/.local/lib/python3.7/site-packages/airflow/example_dags/example_local_kubernetes_executor.py took 0.478 seconds
[2024-04-20T05:33:30.423+0000] {processor.py:156} INFO - Started process (PID=976) to work on /home/airflow/.local/lib/python3.7/site-packages/airflow/example_dags/example_local_kubernetes_executor.py
[2024-04-20T05:33:30.424+0000] {processor.py:758} INFO - Processing file /home/airflow/.local/lib/python3.7/site-packages/airflow/example_dags/example_local_kubernetes_executor.py for tasks to queue
[2024-04-20T05:33:30.424+0000] {logging_mixin.py:117} INFO - [2024-04-20T05:33:30.424+0000] {dagbag.py:525} INFO - Filling up the DagBag from /home/airflow/.local/lib/python3.7/site-packages/airflow/example_dags/example_local_kubernetes_executor.py
[2024-04-20T05:33:30.491+0000] {processor.py:768} INFO - DAG(s) dict_keys(['example_local_kubernetes_executor']) retrieved from /home/airflow/.local/lib/python3.7/site-packages/airflow/example_dags/example_local_kubernetes_executor.py
[2024-04-20T05:33:30.898+0000] {logging_mixin.py:117} INFO - [2024-04-20T05:33:30.898+0000] {dag.py:2573} INFO - Sync 1 DAGs
[2024-04-20T05:33:30.949+0000] {logging_mixin.py:117} INFO - [2024-04-20T05:33:30.949+0000] {dag.py:3328} INFO - Setting next_dagrun for example_local_kubernetes_executor to None, run_after=None
[2024-04-20T05:33:31.013+0000] {processor.py:178} INFO - Processing /home/airflow/.local/lib/python3.7/site-packages/airflow/example_dags/example_local_kubernetes_executor.py took 0.593 seconds
[2024-04-20T05:34:01.970+0000] {processor.py:156} INFO - Started process (PID=1186) to work on /home/airflow/.local/lib/python3.7/site-packages/airflow/example_dags/example_local_kubernetes_executor.py
[2024-04-20T05:34:01.971+0000] {processor.py:758} INFO - Processing file /home/airflow/.local/lib/python3.7/site-packages/airflow/example_dags/example_local_kubernetes_executor.py for tasks to queue
[2024-04-20T05:34:01.971+0000] {logging_mixin.py:117} INFO - [2024-04-20T05:34:01.971+0000] {dagbag.py:525} INFO - Filling up the DagBag from /home/airflow/.local/lib/python3.7/site-packages/airflow/example_dags/example_local_kubernetes_executor.py
[2024-04-20T05:34:02.002+0000] {processor.py:768} INFO - DAG(s) dict_keys(['example_local_kubernetes_executor']) retrieved from /home/airflow/.local/lib/python3.7/site-packages/airflow/example_dags/example_local_kubernetes_executor.py
[2024-04-20T05:34:02.214+0000] {logging_mixin.py:117} INFO - [2024-04-20T05:34:02.214+0000] {dag.py:2573} INFO - Sync 1 DAGs
[2024-04-20T05:34:02.242+0000] {logging_mixin.py:117} INFO - [2024-04-20T05:34:02.242+0000] {dag.py:3328} INFO - Setting next_dagrun for example_local_kubernetes_executor to None, run_after=None
[2024-04-20T05:34:02.264+0000] {processor.py:178} INFO - Processing /home/airflow/.local/lib/python3.7/site-packages/airflow/example_dags/example_local_kubernetes_executor.py took 0.298 seconds
[2024-04-20T05:34:33.172+0000] {processor.py:156} INFO - Started process (PID=1405) to work on /home/airflow/.local/lib/python3.7/site-packages/airflow/example_dags/example_local_kubernetes_executor.py
[2024-04-20T05:34:33.173+0000] {processor.py:758} INFO - Processing file /home/airflow/.local/lib/python3.7/site-packages/airflow/example_dags/example_local_kubernetes_executor.py for tasks to queue
[2024-04-20T05:34:33.174+0000] {logging_mixin.py:117} INFO - [2024-04-20T05:34:33.173+0000] {dagbag.py:525} INFO - Filling up the DagBag from /home/airflow/.local/lib/python3.7/site-packages/airflow/example_dags/example_local_kubernetes_executor.py
[2024-04-20T05:34:33.379+0000] {processor.py:768} INFO - DAG(s) dict_keys(['example_local_kubernetes_executor']) retrieved from /home/airflow/.local/lib/python3.7/site-packages/airflow/example_dags/example_local_kubernetes_executor.py
[2024-04-20T05:34:33.418+0000] {logging_mixin.py:117} INFO - [2024-04-20T05:34:33.418+0000] {dag.py:2573} INFO - Sync 1 DAGs
[2024-04-20T05:34:33.450+0000] {logging_mixin.py:117} INFO - [2024-04-20T05:34:33.450+0000] {dag.py:3328} INFO - Setting next_dagrun for example_local_kubernetes_executor to None, run_after=None
[2024-04-20T05:34:33.479+0000] {processor.py:178} INFO - Processing /home/airflow/.local/lib/python3.7/site-packages/airflow/example_dags/example_local_kubernetes_executor.py took 0.311 seconds
[2024-04-20T05:35:03.705+0000] {processor.py:156} INFO - Started process (PID=1614) to work on /home/airflow/.local/lib/python3.7/site-packages/airflow/example_dags/example_local_kubernetes_executor.py
[2024-04-20T05:35:03.706+0000] {processor.py:758} INFO - Processing file /home/airflow/.local/lib/python3.7/site-packages/airflow/example_dags/example_local_kubernetes_executor.py for tasks to queue
[2024-04-20T05:35:03.706+0000] {logging_mixin.py:117} INFO - [2024-04-20T05:35:03.706+0000] {dagbag.py:525} INFO - Filling up the DagBag from /home/airflow/.local/lib/python3.7/site-packages/airflow/example_dags/example_local_kubernetes_executor.py
[2024-04-20T05:35:03.734+0000] {processor.py:768} INFO - DAG(s) dict_keys(['example_local_kubernetes_executor']) retrieved from /home/airflow/.local/lib/python3.7/site-packages/airflow/example_dags/example_local_kubernetes_executor.py
[2024-04-20T05:35:03.787+0000] {logging_mixin.py:117} INFO - [2024-04-20T05:35:03.787+0000] {dag.py:2573} INFO - Sync 1 DAGs
[2024-04-20T05:35:03.846+0000] {logging_mixin.py:117} INFO - [2024-04-20T05:35:03.846+0000] {dag.py:3328} INFO - Setting next_dagrun for example_local_kubernetes_executor to None, run_after=None
[2024-04-20T05:35:03.888+0000] {processor.py:178} INFO - Processing /home/airflow/.local/lib/python3.7/site-packages/airflow/example_dags/example_local_kubernetes_executor.py took 0.186 seconds
[2024-04-20T05:35:34.508+0000] {processor.py:156} INFO - Started process (PID=1831) to work on /home/airflow/.local/lib/python3.7/site-packages/airflow/example_dags/example_local_kubernetes_executor.py
[2024-04-20T05:35:34.509+0000] {processor.py:758} INFO - Processing file /home/airflow/.local/lib/python3.7/site-packages/airflow/example_dags/example_local_kubernetes_executor.py for tasks to queue
[2024-04-20T05:35:34.540+0000] {logging_mixin.py:117} INFO - [2024-04-20T05:35:34.510+0000] {dagbag.py:525} INFO - Filling up the DagBag from /home/airflow/.local/lib/python3.7/site-packages/airflow/example_dags/example_local_kubernetes_executor.py
[2024-04-20T05:35:34.623+0000] {processor.py:768} INFO - DAG(s) dict_keys(['example_local_kubernetes_executor']) retrieved from /home/airflow/.local/lib/python3.7/site-packages/airflow/example_dags/example_local_kubernetes_executor.py
[2024-04-20T05:35:34.660+0000] {logging_mixin.py:117} INFO - [2024-04-20T05:35:34.660+0000] {dag.py:2573} INFO - Sync 1 DAGs
[2024-04-20T05:35:34.679+0000] {logging_mixin.py:117} INFO - [2024-04-20T05:35:34.679+0000] {dag.py:3328} INFO - Setting next_dagrun for example_local_kubernetes_executor to None, run_after=None
[2024-04-20T05:35:34.700+0000] {processor.py:178} INFO - Processing /home/airflow/.local/lib/python3.7/site-packages/airflow/example_dags/example_local_kubernetes_executor.py took 0.216 seconds
[2024-04-20T05:36:05.086+0000] {processor.py:156} INFO - Started process (PID=2039) to work on /home/airflow/.local/lib/python3.7/site-packages/airflow/example_dags/example_local_kubernetes_executor.py
[2024-04-20T05:36:05.087+0000] {processor.py:758} INFO - Processing file /home/airflow/.local/lib/python3.7/site-packages/airflow/example_dags/example_local_kubernetes_executor.py for tasks to queue
[2024-04-20T05:36:05.087+0000] {logging_mixin.py:117} INFO - [2024-04-20T05:36:05.087+0000] {dagbag.py:525} INFO - Filling up the DagBag from /home/airflow/.local/lib/python3.7/site-packages/airflow/example_dags/example_local_kubernetes_executor.py
[2024-04-20T05:36:05.117+0000] {processor.py:768} INFO - DAG(s) dict_keys(['example_local_kubernetes_executor']) retrieved from /home/airflow/.local/lib/python3.7/site-packages/airflow/example_dags/example_local_kubernetes_executor.py
[2024-04-20T05:36:05.167+0000] {logging_mixin.py:117} INFO - [2024-04-20T05:36:05.163+0000] {dag.py:2573} INFO - Sync 1 DAGs
[2024-04-20T05:36:05.221+0000] {logging_mixin.py:117} INFO - [2024-04-20T05:36:05.221+0000] {dag.py:3328} INFO - Setting next_dagrun for example_local_kubernetes_executor to None, run_after=None
[2024-04-20T05:36:05.266+0000] {processor.py:178} INFO - Processing /home/airflow/.local/lib/python3.7/site-packages/airflow/example_dags/example_local_kubernetes_executor.py took 0.183 seconds
[2024-04-20T05:36:35.421+0000] {processor.py:156} INFO - Started process (PID=2253) to work on /home/airflow/.local/lib/python3.7/site-packages/airflow/example_dags/example_local_kubernetes_executor.py
[2024-04-20T05:36:35.426+0000] {processor.py:758} INFO - Processing file /home/airflow/.local/lib/python3.7/site-packages/airflow/example_dags/example_local_kubernetes_executor.py for tasks to queue
[2024-04-20T05:36:35.427+0000] {logging_mixin.py:117} INFO - [2024-04-20T05:36:35.426+0000] {dagbag.py:525} INFO - Filling up the DagBag from /home/airflow/.local/lib/python3.7/site-packages/airflow/example_dags/example_local_kubernetes_executor.py
[2024-04-20T05:36:35.458+0000] {processor.py:768} INFO - DAG(s) dict_keys(['example_local_kubernetes_executor']) retrieved from /home/airflow/.local/lib/python3.7/site-packages/airflow/example_dags/example_local_kubernetes_executor.py
[2024-04-20T05:36:35.544+0000] {logging_mixin.py:117} INFO - [2024-04-20T05:36:35.543+0000] {dag.py:2573} INFO - Sync 1 DAGs
[2024-04-20T05:36:35.600+0000] {logging_mixin.py:117} INFO - [2024-04-20T05:36:35.599+0000] {dag.py:3328} INFO - Setting next_dagrun for example_local_kubernetes_executor to None, run_after=None
[2024-04-20T05:36:35.625+0000] {processor.py:178} INFO - Processing /home/airflow/.local/lib/python3.7/site-packages/airflow/example_dags/example_local_kubernetes_executor.py took 0.207 seconds
[2024-04-20T05:37:06.300+0000] {processor.py:156} INFO - Started process (PID=2536) to work on /home/airflow/.local/lib/python3.7/site-packages/airflow/example_dags/example_local_kubernetes_executor.py
[2024-04-20T05:37:06.302+0000] {processor.py:758} INFO - Processing file /home/airflow/.local/lib/python3.7/site-packages/airflow/example_dags/example_local_kubernetes_executor.py for tasks to queue
[2024-04-20T05:37:06.303+0000] {logging_mixin.py:117} INFO - [2024-04-20T05:37:06.302+0000] {dagbag.py:525} INFO - Filling up the DagBag from /home/airflow/.local/lib/python3.7/site-packages/airflow/example_dags/example_local_kubernetes_executor.py
[2024-04-20T05:37:06.342+0000] {processor.py:768} INFO - DAG(s) dict_keys(['example_local_kubernetes_executor']) retrieved from /home/airflow/.local/lib/python3.7/site-packages/airflow/example_dags/example_local_kubernetes_executor.py
[2024-04-20T05:37:06.406+0000] {logging_mixin.py:117} INFO - [2024-04-20T05:37:06.406+0000] {dag.py:2573} INFO - Sync 1 DAGs
[2024-04-20T05:37:06.458+0000] {logging_mixin.py:117} INFO - [2024-04-20T05:37:06.458+0000] {dag.py:3328} INFO - Setting next_dagrun for example_local_kubernetes_executor to None, run_after=None
[2024-04-20T05:37:06.507+0000] {processor.py:178} INFO - Processing /home/airflow/.local/lib/python3.7/site-packages/airflow/example_dags/example_local_kubernetes_executor.py took 0.211 seconds
[2024-04-20T05:37:36.700+0000] {processor.py:156} INFO - Started process (PID=2791) to work on /home/airflow/.local/lib/python3.7/site-packages/airflow/example_dags/example_local_kubernetes_executor.py
[2024-04-20T05:37:36.701+0000] {processor.py:758} INFO - Processing file /home/airflow/.local/lib/python3.7/site-packages/airflow/example_dags/example_local_kubernetes_executor.py for tasks to queue
[2024-04-20T05:37:36.701+0000] {logging_mixin.py:117} INFO - [2024-04-20T05:37:36.701+0000] {dagbag.py:525} INFO - Filling up the DagBag from /home/airflow/.local/lib/python3.7/site-packages/airflow/example_dags/example_local_kubernetes_executor.py
[2024-04-20T05:37:36.731+0000] {processor.py:768} INFO - DAG(s) dict_keys(['example_local_kubernetes_executor']) retrieved from /home/airflow/.local/lib/python3.7/site-packages/airflow/example_dags/example_local_kubernetes_executor.py
[2024-04-20T05:37:36.777+0000] {logging_mixin.py:117} INFO - [2024-04-20T05:37:36.777+0000] {dag.py:2573} INFO - Sync 1 DAGs
[2024-04-20T05:37:36.808+0000] {logging_mixin.py:117} INFO - [2024-04-20T05:37:36.807+0000] {dag.py:3328} INFO - Setting next_dagrun for example_local_kubernetes_executor to None, run_after=None
[2024-04-20T05:37:36.834+0000] {processor.py:178} INFO - Processing /home/airflow/.local/lib/python3.7/site-packages/airflow/example_dags/example_local_kubernetes_executor.py took 0.137 seconds
[2024-04-20T05:38:07.046+0000] {processor.py:156} INFO - Started process (PID=3021) to work on /home/airflow/.local/lib/python3.7/site-packages/airflow/example_dags/example_local_kubernetes_executor.py
[2024-04-20T05:38:07.047+0000] {processor.py:758} INFO - Processing file /home/airflow/.local/lib/python3.7/site-packages/airflow/example_dags/example_local_kubernetes_executor.py for tasks to queue
[2024-04-20T05:38:07.048+0000] {logging_mixin.py:117} INFO - [2024-04-20T05:38:07.048+0000] {dagbag.py:525} INFO - Filling up the DagBag from /home/airflow/.local/lib/python3.7/site-packages/airflow/example_dags/example_local_kubernetes_executor.py
[2024-04-20T05:38:07.084+0000] {processor.py:768} INFO - DAG(s) dict_keys(['example_local_kubernetes_executor']) retrieved from /home/airflow/.local/lib/python3.7/site-packages/airflow/example_dags/example_local_kubernetes_executor.py
[2024-04-20T05:38:07.149+0000] {logging_mixin.py:117} INFO - [2024-04-20T05:38:07.147+0000] {dag.py:2573} INFO - Sync 1 DAGs
[2024-04-20T05:38:07.183+0000] {logging_mixin.py:117} INFO - [2024-04-20T05:38:07.183+0000] {dag.py:3328} INFO - Setting next_dagrun for example_local_kubernetes_executor to None, run_after=None
[2024-04-20T05:38:07.209+0000] {processor.py:178} INFO - Processing /home/airflow/.local/lib/python3.7/site-packages/airflow/example_dags/example_local_kubernetes_executor.py took 0.167 seconds
[2024-04-20T05:38:37.545+0000] {processor.py:156} INFO - Started process (PID=3240) to work on /home/airflow/.local/lib/python3.7/site-packages/airflow/example_dags/example_local_kubernetes_executor.py
[2024-04-20T05:38:37.546+0000] {processor.py:758} INFO - Processing file /home/airflow/.local/lib/python3.7/site-packages/airflow/example_dags/example_local_kubernetes_executor.py for tasks to queue
[2024-04-20T05:38:37.547+0000] {logging_mixin.py:117} INFO - [2024-04-20T05:38:37.547+0000] {dagbag.py:525} INFO - Filling up the DagBag from /home/airflow/.local/lib/python3.7/site-packages/airflow/example_dags/example_local_kubernetes_executor.py
[2024-04-20T05:38:37.575+0000] {processor.py:768} INFO - DAG(s) dict_keys(['example_local_kubernetes_executor']) retrieved from /home/airflow/.local/lib/python3.7/site-packages/airflow/example_dags/example_local_kubernetes_executor.py
[2024-04-20T05:38:37.620+0000] {logging_mixin.py:117} INFO - [2024-04-20T05:38:37.620+0000] {dag.py:2573} INFO - Sync 1 DAGs
[2024-04-20T05:38:37.652+0000] {logging_mixin.py:117} INFO - [2024-04-20T05:38:37.652+0000] {dag.py:3328} INFO - Setting next_dagrun for example_local_kubernetes_executor to None, run_after=None
[2024-04-20T05:38:37.674+0000] {processor.py:178} INFO - Processing /home/airflow/.local/lib/python3.7/site-packages/airflow/example_dags/example_local_kubernetes_executor.py took 0.132 seconds
[2024-04-20T05:39:07.955+0000] {processor.py:156} INFO - Started process (PID=3469) to work on /home/airflow/.local/lib/python3.7/site-packages/airflow/example_dags/example_local_kubernetes_executor.py
[2024-04-20T05:39:07.956+0000] {processor.py:758} INFO - Processing file /home/airflow/.local/lib/python3.7/site-packages/airflow/example_dags/example_local_kubernetes_executor.py for tasks to queue
[2024-04-20T05:39:07.957+0000] {logging_mixin.py:117} INFO - [2024-04-20T05:39:07.957+0000] {dagbag.py:525} INFO - Filling up the DagBag from /home/airflow/.local/lib/python3.7/site-packages/airflow/example_dags/example_local_kubernetes_executor.py
[2024-04-20T05:39:07.985+0000] {processor.py:768} INFO - DAG(s) dict_keys(['example_local_kubernetes_executor']) retrieved from /home/airflow/.local/lib/python3.7/site-packages/airflow/example_dags/example_local_kubernetes_executor.py
[2024-04-20T05:39:08.032+0000] {logging_mixin.py:117} INFO - [2024-04-20T05:39:08.031+0000] {dag.py:2573} INFO - Sync 1 DAGs
[2024-04-20T05:39:08.063+0000] {logging_mixin.py:117} INFO - [2024-04-20T05:39:08.063+0000] {dag.py:3328} INFO - Setting next_dagrun for example_local_kubernetes_executor to None, run_after=None
[2024-04-20T05:39:08.088+0000] {processor.py:178} INFO - Processing /home/airflow/.local/lib/python3.7/site-packages/airflow/example_dags/example_local_kubernetes_executor.py took 0.136 seconds
[2024-04-20T05:39:39.013+0000] {processor.py:156} INFO - Started process (PID=3715) to work on /home/airflow/.local/lib/python3.7/site-packages/airflow/example_dags/example_local_kubernetes_executor.py
[2024-04-20T05:39:39.013+0000] {processor.py:758} INFO - Processing file /home/airflow/.local/lib/python3.7/site-packages/airflow/example_dags/example_local_kubernetes_executor.py for tasks to queue
[2024-04-20T05:39:39.022+0000] {logging_mixin.py:117} INFO - [2024-04-20T05:39:39.022+0000] {dagbag.py:525} INFO - Filling up the DagBag from /home/airflow/.local/lib/python3.7/site-packages/airflow/example_dags/example_local_kubernetes_executor.py
[2024-04-20T05:39:39.077+0000] {processor.py:768} INFO - DAG(s) dict_keys(['example_local_kubernetes_executor']) retrieved from /home/airflow/.local/lib/python3.7/site-packages/airflow/example_dags/example_local_kubernetes_executor.py
[2024-04-20T05:39:39.125+0000] {logging_mixin.py:117} INFO - [2024-04-20T05:39:39.125+0000] {dag.py:2573} INFO - Sync 1 DAGs
[2024-04-20T05:39:39.154+0000] {logging_mixin.py:117} INFO - [2024-04-20T05:39:39.154+0000] {dag.py:3328} INFO - Setting next_dagrun for example_local_kubernetes_executor to None, run_after=None
[2024-04-20T05:39:39.176+0000] {processor.py:178} INFO - Processing /home/airflow/.local/lib/python3.7/site-packages/airflow/example_dags/example_local_kubernetes_executor.py took 0.167 seconds
[2024-04-20T05:40:09.925+0000] {processor.py:156} INFO - Started process (PID=3934) to work on /home/airflow/.local/lib/python3.7/site-packages/airflow/example_dags/example_local_kubernetes_executor.py
[2024-04-20T05:40:09.926+0000] {processor.py:758} INFO - Processing file /home/airflow/.local/lib/python3.7/site-packages/airflow/example_dags/example_local_kubernetes_executor.py for tasks to queue
[2024-04-20T05:40:09.926+0000] {logging_mixin.py:117} INFO - [2024-04-20T05:40:09.926+0000] {dagbag.py:525} INFO - Filling up the DagBag from /home/airflow/.local/lib/python3.7/site-packages/airflow/example_dags/example_local_kubernetes_executor.py
[2024-04-20T05:40:09.981+0000] {processor.py:768} INFO - DAG(s) dict_keys(['example_local_kubernetes_executor']) retrieved from /home/airflow/.local/lib/python3.7/site-packages/airflow/example_dags/example_local_kubernetes_executor.py
[2024-04-20T05:40:10.027+0000] {logging_mixin.py:117} INFO - [2024-04-20T05:40:10.027+0000] {dag.py:2573} INFO - Sync 1 DAGs
[2024-04-20T05:40:10.057+0000] {logging_mixin.py:117} INFO - [2024-04-20T05:40:10.057+0000] {dag.py:3328} INFO - Setting next_dagrun for example_local_kubernetes_executor to None, run_after=None
[2024-04-20T05:40:10.084+0000] {processor.py:178} INFO - Processing /home/airflow/.local/lib/python3.7/site-packages/airflow/example_dags/example_local_kubernetes_executor.py took 0.162 seconds
[2024-04-20T05:40:40.826+0000] {processor.py:156} INFO - Started process (PID=4159) to work on /home/airflow/.local/lib/python3.7/site-packages/airflow/example_dags/example_local_kubernetes_executor.py
[2024-04-20T05:40:40.828+0000] {processor.py:758} INFO - Processing file /home/airflow/.local/lib/python3.7/site-packages/airflow/example_dags/example_local_kubernetes_executor.py for tasks to queue
[2024-04-20T05:40:40.829+0000] {logging_mixin.py:117} INFO - [2024-04-20T05:40:40.829+0000] {dagbag.py:525} INFO - Filling up the DagBag from /home/airflow/.local/lib/python3.7/site-packages/airflow/example_dags/example_local_kubernetes_executor.py
[2024-04-20T05:40:40.862+0000] {processor.py:768} INFO - DAG(s) dict_keys(['example_local_kubernetes_executor']) retrieved from /home/airflow/.local/lib/python3.7/site-packages/airflow/example_dags/example_local_kubernetes_executor.py
[2024-04-20T05:40:40.910+0000] {logging_mixin.py:117} INFO - [2024-04-20T05:40:40.910+0000] {dag.py:2573} INFO - Sync 1 DAGs
[2024-04-20T05:40:40.943+0000] {logging_mixin.py:117} INFO - [2024-04-20T05:40:40.942+0000] {dag.py:3328} INFO - Setting next_dagrun for example_local_kubernetes_executor to None, run_after=None
[2024-04-20T05:40:40.967+0000] {processor.py:178} INFO - Processing /home/airflow/.local/lib/python3.7/site-packages/airflow/example_dags/example_local_kubernetes_executor.py took 0.149 seconds
[2024-04-20T05:41:11.840+0000] {processor.py:156} INFO - Started process (PID=4393) to work on /home/airflow/.local/lib/python3.7/site-packages/airflow/example_dags/example_local_kubernetes_executor.py
[2024-04-20T05:41:11.841+0000] {processor.py:758} INFO - Processing file /home/airflow/.local/lib/python3.7/site-packages/airflow/example_dags/example_local_kubernetes_executor.py for tasks to queue
[2024-04-20T05:41:11.841+0000] {logging_mixin.py:117} INFO - [2024-04-20T05:41:11.841+0000] {dagbag.py:525} INFO - Filling up the DagBag from /home/airflow/.local/lib/python3.7/site-packages/airflow/example_dags/example_local_kubernetes_executor.py
[2024-04-20T05:41:11.885+0000] {processor.py:768} INFO - DAG(s) dict_keys(['example_local_kubernetes_executor']) retrieved from /home/airflow/.local/lib/python3.7/site-packages/airflow/example_dags/example_local_kubernetes_executor.py
[2024-04-20T05:41:11.990+0000] {logging_mixin.py:117} INFO - [2024-04-20T05:41:11.990+0000] {dag.py:2573} INFO - Sync 1 DAGs
[2024-04-20T05:41:12.023+0000] {logging_mixin.py:117} INFO - [2024-04-20T05:41:12.023+0000] {dag.py:3328} INFO - Setting next_dagrun for example_local_kubernetes_executor to None, run_after=None
[2024-04-20T05:41:12.050+0000] {processor.py:178} INFO - Processing /home/airflow/.local/lib/python3.7/site-packages/airflow/example_dags/example_local_kubernetes_executor.py took 0.214 seconds
[2024-04-20T05:41:42.351+0000] {processor.py:156} INFO - Started process (PID=4611) to work on /home/airflow/.local/lib/python3.7/site-packages/airflow/example_dags/example_local_kubernetes_executor.py
[2024-04-20T05:41:42.352+0000] {processor.py:758} INFO - Processing file /home/airflow/.local/lib/python3.7/site-packages/airflow/example_dags/example_local_kubernetes_executor.py for tasks to queue
[2024-04-20T05:41:42.353+0000] {logging_mixin.py:117} INFO - [2024-04-20T05:41:42.352+0000] {dagbag.py:525} INFO - Filling up the DagBag from /home/airflow/.local/lib/python3.7/site-packages/airflow/example_dags/example_local_kubernetes_executor.py
[2024-04-20T05:41:42.401+0000] {processor.py:768} INFO - DAG(s) dict_keys(['example_local_kubernetes_executor']) retrieved from /home/airflow/.local/lib/python3.7/site-packages/airflow/example_dags/example_local_kubernetes_executor.py
[2024-04-20T05:41:42.455+0000] {logging_mixin.py:117} INFO - [2024-04-20T05:41:42.455+0000] {dag.py:2573} INFO - Sync 1 DAGs
[2024-04-20T05:41:42.522+0000] {logging_mixin.py:117} INFO - [2024-04-20T05:41:42.522+0000] {dag.py:3328} INFO - Setting next_dagrun for example_local_kubernetes_executor to None, run_after=None
[2024-04-20T05:41:42.566+0000] {processor.py:178} INFO - Processing /home/airflow/.local/lib/python3.7/site-packages/airflow/example_dags/example_local_kubernetes_executor.py took 0.218 seconds
[2024-04-20T05:42:12.840+0000] {processor.py:156} INFO - Started process (PID=4855) to work on /home/airflow/.local/lib/python3.7/site-packages/airflow/example_dags/example_local_kubernetes_executor.py
[2024-04-20T05:42:12.841+0000] {processor.py:758} INFO - Processing file /home/airflow/.local/lib/python3.7/site-packages/airflow/example_dags/example_local_kubernetes_executor.py for tasks to queue
[2024-04-20T05:42:12.841+0000] {logging_mixin.py:117} INFO - [2024-04-20T05:42:12.841+0000] {dagbag.py:525} INFO - Filling up the DagBag from /home/airflow/.local/lib/python3.7/site-packages/airflow/example_dags/example_local_kubernetes_executor.py
[2024-04-20T05:42:12.864+0000] {processor.py:768} INFO - DAG(s) dict_keys(['example_local_kubernetes_executor']) retrieved from /home/airflow/.local/lib/python3.7/site-packages/airflow/example_dags/example_local_kubernetes_executor.py
[2024-04-20T05:42:12.895+0000] {logging_mixin.py:117} INFO - [2024-04-20T05:42:12.895+0000] {dag.py:2573} INFO - Sync 1 DAGs
[2024-04-20T05:42:12.915+0000] {logging_mixin.py:117} INFO - [2024-04-20T05:42:12.915+0000] {dag.py:3328} INFO - Setting next_dagrun for example_local_kubernetes_executor to None, run_after=None
[2024-04-20T05:42:12.934+0000] {processor.py:178} INFO - Processing /home/airflow/.local/lib/python3.7/site-packages/airflow/example_dags/example_local_kubernetes_executor.py took 0.096 seconds
[2024-04-20T05:42:43.095+0000] {processor.py:156} INFO - Started process (PID=5115) to work on /home/airflow/.local/lib/python3.7/site-packages/airflow/example_dags/example_local_kubernetes_executor.py
[2024-04-20T05:42:43.095+0000] {processor.py:758} INFO - Processing file /home/airflow/.local/lib/python3.7/site-packages/airflow/example_dags/example_local_kubernetes_executor.py for tasks to queue
[2024-04-20T05:42:43.096+0000] {logging_mixin.py:117} INFO - [2024-04-20T05:42:43.096+0000] {dagbag.py:525} INFO - Filling up the DagBag from /home/airflow/.local/lib/python3.7/site-packages/airflow/example_dags/example_local_kubernetes_executor.py
[2024-04-20T05:42:43.114+0000] {processor.py:768} INFO - DAG(s) dict_keys(['example_local_kubernetes_executor']) retrieved from /home/airflow/.local/lib/python3.7/site-packages/airflow/example_dags/example_local_kubernetes_executor.py
[2024-04-20T05:42:43.148+0000] {logging_mixin.py:117} INFO - [2024-04-20T05:42:43.147+0000] {dag.py:2573} INFO - Sync 1 DAGs
[2024-04-20T05:42:43.167+0000] {logging_mixin.py:117} INFO - [2024-04-20T05:42:43.167+0000] {dag.py:3328} INFO - Setting next_dagrun for example_local_kubernetes_executor to None, run_after=None
[2024-04-20T05:42:43.186+0000] {processor.py:178} INFO - Processing /home/airflow/.local/lib/python3.7/site-packages/airflow/example_dags/example_local_kubernetes_executor.py took 0.094 seconds
[2024-04-20T05:43:13.898+0000] {processor.py:156} INFO - Started process (PID=5354) to work on /home/airflow/.local/lib/python3.7/site-packages/airflow/example_dags/example_local_kubernetes_executor.py
[2024-04-20T05:43:13.906+0000] {processor.py:758} INFO - Processing file /home/airflow/.local/lib/python3.7/site-packages/airflow/example_dags/example_local_kubernetes_executor.py for tasks to queue
[2024-04-20T05:43:13.907+0000] {logging_mixin.py:117} INFO - [2024-04-20T05:43:13.907+0000] {dagbag.py:525} INFO - Filling up the DagBag from /home/airflow/.local/lib/python3.7/site-packages/airflow/example_dags/example_local_kubernetes_executor.py
[2024-04-20T05:43:13.983+0000] {processor.py:768} INFO - DAG(s) dict_keys(['example_local_kubernetes_executor']) retrieved from /home/airflow/.local/lib/python3.7/site-packages/airflow/example_dags/example_local_kubernetes_executor.py
[2024-04-20T05:43:14.134+0000] {logging_mixin.py:117} INFO - [2024-04-20T05:43:14.134+0000] {dag.py:2573} INFO - Sync 1 DAGs
[2024-04-20T05:43:14.193+0000] {logging_mixin.py:117} INFO - [2024-04-20T05:43:14.193+0000] {dag.py:3328} INFO - Setting next_dagrun for example_local_kubernetes_executor to None, run_after=None
[2024-04-20T05:43:14.271+0000] {processor.py:178} INFO - Processing /home/airflow/.local/lib/python3.7/site-packages/airflow/example_dags/example_local_kubernetes_executor.py took 0.387 seconds
[2024-04-20T05:43:45.383+0000] {processor.py:156} INFO - Started process (PID=5619) to work on /home/airflow/.local/lib/python3.7/site-packages/airflow/example_dags/example_local_kubernetes_executor.py
[2024-04-20T05:43:45.384+0000] {processor.py:758} INFO - Processing file /home/airflow/.local/lib/python3.7/site-packages/airflow/example_dags/example_local_kubernetes_executor.py for tasks to queue
[2024-04-20T05:43:45.384+0000] {logging_mixin.py:117} INFO - [2024-04-20T05:43:45.384+0000] {dagbag.py:525} INFO - Filling up the DagBag from /home/airflow/.local/lib/python3.7/site-packages/airflow/example_dags/example_local_kubernetes_executor.py
[2024-04-20T05:43:45.449+0000] {processor.py:768} INFO - DAG(s) dict_keys(['example_local_kubernetes_executor']) retrieved from /home/airflow/.local/lib/python3.7/site-packages/airflow/example_dags/example_local_kubernetes_executor.py
[2024-04-20T05:43:45.505+0000] {logging_mixin.py:117} INFO - [2024-04-20T05:43:45.505+0000] {dag.py:2573} INFO - Sync 1 DAGs
[2024-04-20T05:43:45.546+0000] {logging_mixin.py:117} INFO - [2024-04-20T05:43:45.546+0000] {dag.py:3328} INFO - Setting next_dagrun for example_local_kubernetes_executor to None, run_after=None
[2024-04-20T05:43:45.592+0000] {processor.py:178} INFO - Processing /home/airflow/.local/lib/python3.7/site-packages/airflow/example_dags/example_local_kubernetes_executor.py took 0.212 seconds
[2024-04-20T05:44:16.056+0000] {processor.py:156} INFO - Started process (PID=5855) to work on /home/airflow/.local/lib/python3.7/site-packages/airflow/example_dags/example_local_kubernetes_executor.py
[2024-04-20T05:44:16.057+0000] {processor.py:758} INFO - Processing file /home/airflow/.local/lib/python3.7/site-packages/airflow/example_dags/example_local_kubernetes_executor.py for tasks to queue
[2024-04-20T05:44:16.057+0000] {logging_mixin.py:117} INFO - [2024-04-20T05:44:16.057+0000] {dagbag.py:525} INFO - Filling up the DagBag from /home/airflow/.local/lib/python3.7/site-packages/airflow/example_dags/example_local_kubernetes_executor.py
[2024-04-20T05:44:16.139+0000] {processor.py:768} INFO - DAG(s) dict_keys(['example_local_kubernetes_executor']) retrieved from /home/airflow/.local/lib/python3.7/site-packages/airflow/example_dags/example_local_kubernetes_executor.py
[2024-04-20T05:44:16.230+0000] {logging_mixin.py:117} INFO - [2024-04-20T05:44:16.230+0000] {dag.py:2573} INFO - Sync 1 DAGs
[2024-04-20T05:44:16.298+0000] {logging_mixin.py:117} INFO - [2024-04-20T05:44:16.298+0000] {dag.py:3328} INFO - Setting next_dagrun for example_local_kubernetes_executor to None, run_after=None
[2024-04-20T05:44:16.327+0000] {processor.py:178} INFO - Processing /home/airflow/.local/lib/python3.7/site-packages/airflow/example_dags/example_local_kubernetes_executor.py took 0.274 seconds
[2024-04-20T05:44:46.599+0000] {processor.py:156} INFO - Started process (PID=6107) to work on /home/airflow/.local/lib/python3.7/site-packages/airflow/example_dags/example_local_kubernetes_executor.py
[2024-04-20T05:44:46.600+0000] {processor.py:758} INFO - Processing file /home/airflow/.local/lib/python3.7/site-packages/airflow/example_dags/example_local_kubernetes_executor.py for tasks to queue
[2024-04-20T05:44:46.601+0000] {logging_mixin.py:117} INFO - [2024-04-20T05:44:46.600+0000] {dagbag.py:525} INFO - Filling up the DagBag from /home/airflow/.local/lib/python3.7/site-packages/airflow/example_dags/example_local_kubernetes_executor.py
[2024-04-20T05:44:46.632+0000] {processor.py:768} INFO - DAG(s) dict_keys(['example_local_kubernetes_executor']) retrieved from /home/airflow/.local/lib/python3.7/site-packages/airflow/example_dags/example_local_kubernetes_executor.py
[2024-04-20T05:44:46.696+0000] {logging_mixin.py:117} INFO - [2024-04-20T05:44:46.695+0000] {dag.py:2573} INFO - Sync 1 DAGs
[2024-04-20T05:44:46.727+0000] {logging_mixin.py:117} INFO - [2024-04-20T05:44:46.727+0000] {dag.py:3328} INFO - Setting next_dagrun for example_local_kubernetes_executor to None, run_after=None
[2024-04-20T05:44:46.770+0000] {processor.py:178} INFO - Processing /home/airflow/.local/lib/python3.7/site-packages/airflow/example_dags/example_local_kubernetes_executor.py took 0.174 seconds
[2024-04-20T05:45:16.840+0000] {processor.py:156} INFO - Started process (PID=6362) to work on /home/airflow/.local/lib/python3.7/site-packages/airflow/example_dags/example_local_kubernetes_executor.py
[2024-04-20T05:45:16.841+0000] {processor.py:758} INFO - Processing file /home/airflow/.local/lib/python3.7/site-packages/airflow/example_dags/example_local_kubernetes_executor.py for tasks to queue
[2024-04-20T05:45:16.841+0000] {logging_mixin.py:117} INFO - [2024-04-20T05:45:16.841+0000] {dagbag.py:525} INFO - Filling up the DagBag from /home/airflow/.local/lib/python3.7/site-packages/airflow/example_dags/example_local_kubernetes_executor.py
[2024-04-20T05:45:16.862+0000] {processor.py:768} INFO - DAG(s) dict_keys(['example_local_kubernetes_executor']) retrieved from /home/airflow/.local/lib/python3.7/site-packages/airflow/example_dags/example_local_kubernetes_executor.py
[2024-04-20T05:45:16.906+0000] {logging_mixin.py:117} INFO - [2024-04-20T05:45:16.906+0000] {dag.py:2573} INFO - Sync 1 DAGs
[2024-04-20T05:45:16.953+0000] {logging_mixin.py:117} INFO - [2024-04-20T05:45:16.953+0000] {dag.py:3328} INFO - Setting next_dagrun for example_local_kubernetes_executor to None, run_after=None
[2024-04-20T05:45:17.016+0000] {processor.py:178} INFO - Processing /home/airflow/.local/lib/python3.7/site-packages/airflow/example_dags/example_local_kubernetes_executor.py took 0.179 seconds
[2024-04-20T05:45:47.341+0000] {processor.py:156} INFO - Started process (PID=6633) to work on /home/airflow/.local/lib/python3.7/site-packages/airflow/example_dags/example_local_kubernetes_executor.py
[2024-04-20T05:45:47.342+0000] {processor.py:758} INFO - Processing file /home/airflow/.local/lib/python3.7/site-packages/airflow/example_dags/example_local_kubernetes_executor.py for tasks to queue
[2024-04-20T05:45:47.342+0000] {logging_mixin.py:117} INFO - [2024-04-20T05:45:47.342+0000] {dagbag.py:525} INFO - Filling up the DagBag from /home/airflow/.local/lib/python3.7/site-packages/airflow/example_dags/example_local_kubernetes_executor.py
[2024-04-20T05:45:47.371+0000] {processor.py:768} INFO - DAG(s) dict_keys(['example_local_kubernetes_executor']) retrieved from /home/airflow/.local/lib/python3.7/site-packages/airflow/example_dags/example_local_kubernetes_executor.py
[2024-04-20T05:45:47.418+0000] {logging_mixin.py:117} INFO - [2024-04-20T05:45:47.417+0000] {dag.py:2573} INFO - Sync 1 DAGs
[2024-04-20T05:45:47.491+0000] {logging_mixin.py:117} INFO - [2024-04-20T05:45:47.491+0000] {dag.py:3328} INFO - Setting next_dagrun for example_local_kubernetes_executor to None, run_after=None
[2024-04-20T05:45:47.559+0000] {processor.py:178} INFO - Processing /home/airflow/.local/lib/python3.7/site-packages/airflow/example_dags/example_local_kubernetes_executor.py took 0.221 seconds
[2024-04-20T05:46:17.706+0000] {processor.py:156} INFO - Started process (PID=6878) to work on /home/airflow/.local/lib/python3.7/site-packages/airflow/example_dags/example_local_kubernetes_executor.py
[2024-04-20T05:46:17.707+0000] {processor.py:758} INFO - Processing file /home/airflow/.local/lib/python3.7/site-packages/airflow/example_dags/example_local_kubernetes_executor.py for tasks to queue
[2024-04-20T05:46:17.707+0000] {logging_mixin.py:117} INFO - [2024-04-20T05:46:17.707+0000] {dagbag.py:525} INFO - Filling up the DagBag from /home/airflow/.local/lib/python3.7/site-packages/airflow/example_dags/example_local_kubernetes_executor.py
[2024-04-20T05:46:17.749+0000] {processor.py:768} INFO - DAG(s) dict_keys(['example_local_kubernetes_executor']) retrieved from /home/airflow/.local/lib/python3.7/site-packages/airflow/example_dags/example_local_kubernetes_executor.py
[2024-04-20T05:46:17.822+0000] {logging_mixin.py:117} INFO - [2024-04-20T05:46:17.822+0000] {dag.py:2573} INFO - Sync 1 DAGs
[2024-04-20T05:46:17.877+0000] {logging_mixin.py:117} INFO - [2024-04-20T05:46:17.877+0000] {dag.py:3328} INFO - Setting next_dagrun for example_local_kubernetes_executor to None, run_after=None
[2024-04-20T05:46:17.902+0000] {processor.py:178} INFO - Processing /home/airflow/.local/lib/python3.7/site-packages/airflow/example_dags/example_local_kubernetes_executor.py took 0.199 seconds
[2024-04-20T05:46:48.353+0000] {processor.py:156} INFO - Started process (PID=7143) to work on /home/airflow/.local/lib/python3.7/site-packages/airflow/example_dags/example_local_kubernetes_executor.py
[2024-04-20T05:46:48.354+0000] {processor.py:758} INFO - Processing file /home/airflow/.local/lib/python3.7/site-packages/airflow/example_dags/example_local_kubernetes_executor.py for tasks to queue
[2024-04-20T05:46:48.355+0000] {logging_mixin.py:117} INFO - [2024-04-20T05:46:48.355+0000] {dagbag.py:525} INFO - Filling up the DagBag from /home/airflow/.local/lib/python3.7/site-packages/airflow/example_dags/example_local_kubernetes_executor.py
[2024-04-20T05:46:48.384+0000] {processor.py:768} INFO - DAG(s) dict_keys(['example_local_kubernetes_executor']) retrieved from /home/airflow/.local/lib/python3.7/site-packages/airflow/example_dags/example_local_kubernetes_executor.py
[2024-04-20T05:46:48.441+0000] {logging_mixin.py:117} INFO - [2024-04-20T05:46:48.440+0000] {dag.py:2573} INFO - Sync 1 DAGs
[2024-04-20T05:46:48.471+0000] {logging_mixin.py:117} INFO - [2024-04-20T05:46:48.471+0000] {dag.py:3328} INFO - Setting next_dagrun for example_local_kubernetes_executor to None, run_after=None
[2024-04-20T05:46:48.492+0000] {processor.py:178} INFO - Processing /home/airflow/.local/lib/python3.7/site-packages/airflow/example_dags/example_local_kubernetes_executor.py took 0.143 seconds
[2024-04-20T05:47:19.102+0000] {processor.py:156} INFO - Started process (PID=7382) to work on /home/airflow/.local/lib/python3.7/site-packages/airflow/example_dags/example_local_kubernetes_executor.py
[2024-04-20T05:47:19.103+0000] {processor.py:758} INFO - Processing file /home/airflow/.local/lib/python3.7/site-packages/airflow/example_dags/example_local_kubernetes_executor.py for tasks to queue
[2024-04-20T05:47:19.104+0000] {logging_mixin.py:117} INFO - [2024-04-20T05:47:19.103+0000] {dagbag.py:525} INFO - Filling up the DagBag from /home/airflow/.local/lib/python3.7/site-packages/airflow/example_dags/example_local_kubernetes_executor.py
[2024-04-20T05:47:19.176+0000] {processor.py:768} INFO - DAG(s) dict_keys(['example_local_kubernetes_executor']) retrieved from /home/airflow/.local/lib/python3.7/site-packages/airflow/example_dags/example_local_kubernetes_executor.py
[2024-04-20T05:47:19.277+0000] {logging_mixin.py:117} INFO - [2024-04-20T05:47:19.277+0000] {dag.py:2573} INFO - Sync 1 DAGs
[2024-04-20T05:47:19.339+0000] {logging_mixin.py:117} INFO - [2024-04-20T05:47:19.339+0000] {dag.py:3328} INFO - Setting next_dagrun for example_local_kubernetes_executor to None, run_after=None
[2024-04-20T05:47:19.363+0000] {processor.py:178} INFO - Processing /home/airflow/.local/lib/python3.7/site-packages/airflow/example_dags/example_local_kubernetes_executor.py took 0.264 seconds
[2024-04-20T05:47:49.920+0000] {processor.py:156} INFO - Started process (PID=7636) to work on /home/airflow/.local/lib/python3.7/site-packages/airflow/example_dags/example_local_kubernetes_executor.py
[2024-04-20T05:47:49.920+0000] {processor.py:758} INFO - Processing file /home/airflow/.local/lib/python3.7/site-packages/airflow/example_dags/example_local_kubernetes_executor.py for tasks to queue
[2024-04-20T05:47:49.921+0000] {logging_mixin.py:117} INFO - [2024-04-20T05:47:49.921+0000] {dagbag.py:525} INFO - Filling up the DagBag from /home/airflow/.local/lib/python3.7/site-packages/airflow/example_dags/example_local_kubernetes_executor.py
[2024-04-20T05:47:49.950+0000] {processor.py:768} INFO - DAG(s) dict_keys(['example_local_kubernetes_executor']) retrieved from /home/airflow/.local/lib/python3.7/site-packages/airflow/example_dags/example_local_kubernetes_executor.py
[2024-04-20T05:47:50.024+0000] {logging_mixin.py:117} INFO - [2024-04-20T05:47:50.023+0000] {dag.py:2573} INFO - Sync 1 DAGs
[2024-04-20T05:47:50.057+0000] {logging_mixin.py:117} INFO - [2024-04-20T05:47:50.057+0000] {dag.py:3328} INFO - Setting next_dagrun for example_local_kubernetes_executor to None, run_after=None
[2024-04-20T05:47:50.084+0000] {processor.py:178} INFO - Processing /home/airflow/.local/lib/python3.7/site-packages/airflow/example_dags/example_local_kubernetes_executor.py took 0.168 seconds
[2024-04-20T05:48:20.431+0000] {processor.py:156} INFO - Started process (PID=7899) to work on /home/airflow/.local/lib/python3.7/site-packages/airflow/example_dags/example_local_kubernetes_executor.py
[2024-04-20T05:48:20.432+0000] {processor.py:758} INFO - Processing file /home/airflow/.local/lib/python3.7/site-packages/airflow/example_dags/example_local_kubernetes_executor.py for tasks to queue
[2024-04-20T05:48:20.433+0000] {logging_mixin.py:117} INFO - [2024-04-20T05:48:20.433+0000] {dagbag.py:525} INFO - Filling up the DagBag from /home/airflow/.local/lib/python3.7/site-packages/airflow/example_dags/example_local_kubernetes_executor.py
[2024-04-20T05:48:20.491+0000] {processor.py:768} INFO - DAG(s) dict_keys(['example_local_kubernetes_executor']) retrieved from /home/airflow/.local/lib/python3.7/site-packages/airflow/example_dags/example_local_kubernetes_executor.py
[2024-04-20T05:48:20.580+0000] {logging_mixin.py:117} INFO - [2024-04-20T05:48:20.580+0000] {dag.py:2573} INFO - Sync 1 DAGs
[2024-04-20T05:48:20.601+0000] {logging_mixin.py:117} INFO - [2024-04-20T05:48:20.601+0000] {dag.py:3328} INFO - Setting next_dagrun for example_local_kubernetes_executor to None, run_after=None
[2024-04-20T05:48:20.619+0000] {processor.py:178} INFO - Processing /home/airflow/.local/lib/python3.7/site-packages/airflow/example_dags/example_local_kubernetes_executor.py took 0.192 seconds
[2024-04-20T05:48:50.813+0000] {processor.py:156} INFO - Started process (PID=8122) to work on /home/airflow/.local/lib/python3.7/site-packages/airflow/example_dags/example_local_kubernetes_executor.py
[2024-04-20T05:48:50.813+0000] {processor.py:758} INFO - Processing file /home/airflow/.local/lib/python3.7/site-packages/airflow/example_dags/example_local_kubernetes_executor.py for tasks to queue
[2024-04-20T05:48:50.814+0000] {logging_mixin.py:117} INFO - [2024-04-20T05:48:50.814+0000] {dagbag.py:525} INFO - Filling up the DagBag from /home/airflow/.local/lib/python3.7/site-packages/airflow/example_dags/example_local_kubernetes_executor.py
[2024-04-20T05:48:50.846+0000] {processor.py:768} INFO - DAG(s) dict_keys(['example_local_kubernetes_executor']) retrieved from /home/airflow/.local/lib/python3.7/site-packages/airflow/example_dags/example_local_kubernetes_executor.py
[2024-04-20T05:48:50.895+0000] {logging_mixin.py:117} INFO - [2024-04-20T05:48:50.895+0000] {dag.py:2573} INFO - Sync 1 DAGs
[2024-04-20T05:48:50.921+0000] {logging_mixin.py:117} INFO - [2024-04-20T05:48:50.921+0000] {dag.py:3328} INFO - Setting next_dagrun for example_local_kubernetes_executor to None, run_after=None
[2024-04-20T05:48:50.944+0000] {processor.py:178} INFO - Processing /home/airflow/.local/lib/python3.7/site-packages/airflow/example_dags/example_local_kubernetes_executor.py took 0.135 seconds
[2024-04-20T05:49:21.205+0000] {processor.py:156} INFO - Started process (PID=8357) to work on /home/airflow/.local/lib/python3.7/site-packages/airflow/example_dags/example_local_kubernetes_executor.py
[2024-04-20T05:49:21.206+0000] {processor.py:758} INFO - Processing file /home/airflow/.local/lib/python3.7/site-packages/airflow/example_dags/example_local_kubernetes_executor.py for tasks to queue
[2024-04-20T05:49:21.206+0000] {logging_mixin.py:117} INFO - [2024-04-20T05:49:21.206+0000] {dagbag.py:525} INFO - Filling up the DagBag from /home/airflow/.local/lib/python3.7/site-packages/airflow/example_dags/example_local_kubernetes_executor.py
[2024-04-20T05:49:21.234+0000] {processor.py:768} INFO - DAG(s) dict_keys(['example_local_kubernetes_executor']) retrieved from /home/airflow/.local/lib/python3.7/site-packages/airflow/example_dags/example_local_kubernetes_executor.py
[2024-04-20T05:49:21.284+0000] {logging_mixin.py:117} INFO - [2024-04-20T05:49:21.284+0000] {dag.py:2573} INFO - Sync 1 DAGs
[2024-04-20T05:49:21.322+0000] {logging_mixin.py:117} INFO - [2024-04-20T05:49:21.322+0000] {dag.py:3328} INFO - Setting next_dagrun for example_local_kubernetes_executor to None, run_after=None
[2024-04-20T05:49:21.347+0000] {processor.py:178} INFO - Processing /home/airflow/.local/lib/python3.7/site-packages/airflow/example_dags/example_local_kubernetes_executor.py took 0.146 seconds
[2024-04-20T05:49:51.972+0000] {processor.py:156} INFO - Started process (PID=8610) to work on /home/airflow/.local/lib/python3.7/site-packages/airflow/example_dags/example_local_kubernetes_executor.py
[2024-04-20T05:49:51.973+0000] {processor.py:758} INFO - Processing file /home/airflow/.local/lib/python3.7/site-packages/airflow/example_dags/example_local_kubernetes_executor.py for tasks to queue
[2024-04-20T05:49:51.973+0000] {logging_mixin.py:117} INFO - [2024-04-20T05:49:51.973+0000] {dagbag.py:525} INFO - Filling up the DagBag from /home/airflow/.local/lib/python3.7/site-packages/airflow/example_dags/example_local_kubernetes_executor.py
[2024-04-20T05:49:52.001+0000] {processor.py:768} INFO - DAG(s) dict_keys(['example_local_kubernetes_executor']) retrieved from /home/airflow/.local/lib/python3.7/site-packages/airflow/example_dags/example_local_kubernetes_executor.py
[2024-04-20T05:49:52.048+0000] {logging_mixin.py:117} INFO - [2024-04-20T05:49:52.048+0000] {dag.py:2573} INFO - Sync 1 DAGs
[2024-04-20T05:49:52.084+0000] {logging_mixin.py:117} INFO - [2024-04-20T05:49:52.084+0000] {dag.py:3328} INFO - Setting next_dagrun for example_local_kubernetes_executor to None, run_after=None
[2024-04-20T05:49:52.108+0000] {processor.py:178} INFO - Processing /home/airflow/.local/lib/python3.7/site-packages/airflow/example_dags/example_local_kubernetes_executor.py took 0.140 seconds
[2024-04-20T05:50:22.604+0000] {processor.py:156} INFO - Started process (PID=8836) to work on /home/airflow/.local/lib/python3.7/site-packages/airflow/example_dags/example_local_kubernetes_executor.py
[2024-04-20T05:50:22.604+0000] {processor.py:758} INFO - Processing file /home/airflow/.local/lib/python3.7/site-packages/airflow/example_dags/example_local_kubernetes_executor.py for tasks to queue
[2024-04-20T05:50:22.605+0000] {logging_mixin.py:117} INFO - [2024-04-20T05:50:22.605+0000] {dagbag.py:525} INFO - Filling up the DagBag from /home/airflow/.local/lib/python3.7/site-packages/airflow/example_dags/example_local_kubernetes_executor.py
[2024-04-20T05:50:22.632+0000] {processor.py:768} INFO - DAG(s) dict_keys(['example_local_kubernetes_executor']) retrieved from /home/airflow/.local/lib/python3.7/site-packages/airflow/example_dags/example_local_kubernetes_executor.py
[2024-04-20T05:50:22.682+0000] {logging_mixin.py:117} INFO - [2024-04-20T05:50:22.681+0000] {dag.py:2573} INFO - Sync 1 DAGs
[2024-04-20T05:50:22.717+0000] {logging_mixin.py:117} INFO - [2024-04-20T05:50:22.717+0000] {dag.py:3328} INFO - Setting next_dagrun for example_local_kubernetes_executor to None, run_after=None
[2024-04-20T05:50:22.751+0000] {processor.py:178} INFO - Processing /home/airflow/.local/lib/python3.7/site-packages/airflow/example_dags/example_local_kubernetes_executor.py took 0.151 seconds
[2024-04-20T05:50:53.341+0000] {processor.py:156} INFO - Started process (PID=9064) to work on /home/airflow/.local/lib/python3.7/site-packages/airflow/example_dags/example_local_kubernetes_executor.py
[2024-04-20T05:50:53.342+0000] {processor.py:758} INFO - Processing file /home/airflow/.local/lib/python3.7/site-packages/airflow/example_dags/example_local_kubernetes_executor.py for tasks to queue
[2024-04-20T05:50:53.343+0000] {logging_mixin.py:117} INFO - [2024-04-20T05:50:53.343+0000] {dagbag.py:525} INFO - Filling up the DagBag from /home/airflow/.local/lib/python3.7/site-packages/airflow/example_dags/example_local_kubernetes_executor.py
[2024-04-20T05:50:53.369+0000] {processor.py:768} INFO - DAG(s) dict_keys(['example_local_kubernetes_executor']) retrieved from /home/airflow/.local/lib/python3.7/site-packages/airflow/example_dags/example_local_kubernetes_executor.py
[2024-04-20T05:50:53.418+0000] {logging_mixin.py:117} INFO - [2024-04-20T05:50:53.418+0000] {dag.py:2573} INFO - Sync 1 DAGs
[2024-04-20T05:50:53.450+0000] {logging_mixin.py:117} INFO - [2024-04-20T05:50:53.450+0000] {dag.py:3328} INFO - Setting next_dagrun for example_local_kubernetes_executor to None, run_after=None
[2024-04-20T05:50:53.475+0000] {processor.py:178} INFO - Processing /home/airflow/.local/lib/python3.7/site-packages/airflow/example_dags/example_local_kubernetes_executor.py took 0.138 seconds
[2024-04-20T05:51:23.793+0000] {processor.py:156} INFO - Started process (PID=9293) to work on /home/airflow/.local/lib/python3.7/site-packages/airflow/example_dags/example_local_kubernetes_executor.py
[2024-04-20T05:51:23.794+0000] {processor.py:758} INFO - Processing file /home/airflow/.local/lib/python3.7/site-packages/airflow/example_dags/example_local_kubernetes_executor.py for tasks to queue
[2024-04-20T05:51:23.794+0000] {logging_mixin.py:117} INFO - [2024-04-20T05:51:23.794+0000] {dagbag.py:525} INFO - Filling up the DagBag from /home/airflow/.local/lib/python3.7/site-packages/airflow/example_dags/example_local_kubernetes_executor.py
[2024-04-20T05:51:23.821+0000] {processor.py:768} INFO - DAG(s) dict_keys(['example_local_kubernetes_executor']) retrieved from /home/airflow/.local/lib/python3.7/site-packages/airflow/example_dags/example_local_kubernetes_executor.py
[2024-04-20T05:51:23.873+0000] {logging_mixin.py:117} INFO - [2024-04-20T05:51:23.873+0000] {dag.py:2573} INFO - Sync 1 DAGs
[2024-04-20T05:51:23.901+0000] {logging_mixin.py:117} INFO - [2024-04-20T05:51:23.901+0000] {dag.py:3328} INFO - Setting next_dagrun for example_local_kubernetes_executor to None, run_after=None
[2024-04-20T05:51:23.927+0000] {processor.py:178} INFO - Processing /home/airflow/.local/lib/python3.7/site-packages/airflow/example_dags/example_local_kubernetes_executor.py took 0.138 seconds
[2024-04-20T05:51:54.150+0000] {processor.py:156} INFO - Started process (PID=9513) to work on /home/airflow/.local/lib/python3.7/site-packages/airflow/example_dags/example_local_kubernetes_executor.py
[2024-04-20T05:51:54.150+0000] {processor.py:758} INFO - Processing file /home/airflow/.local/lib/python3.7/site-packages/airflow/example_dags/example_local_kubernetes_executor.py for tasks to queue
[2024-04-20T05:51:54.151+0000] {logging_mixin.py:117} INFO - [2024-04-20T05:51:54.151+0000] {dagbag.py:525} INFO - Filling up the DagBag from /home/airflow/.local/lib/python3.7/site-packages/airflow/example_dags/example_local_kubernetes_executor.py
[2024-04-20T05:51:54.180+0000] {processor.py:768} INFO - DAG(s) dict_keys(['example_local_kubernetes_executor']) retrieved from /home/airflow/.local/lib/python3.7/site-packages/airflow/example_dags/example_local_kubernetes_executor.py
[2024-04-20T05:51:54.230+0000] {logging_mixin.py:117} INFO - [2024-04-20T05:51:54.230+0000] {dag.py:2573} INFO - Sync 1 DAGs
[2024-04-20T05:51:54.261+0000] {logging_mixin.py:117} INFO - [2024-04-20T05:51:54.261+0000] {dag.py:3328} INFO - Setting next_dagrun for example_local_kubernetes_executor to None, run_after=None
[2024-04-20T05:51:54.284+0000] {processor.py:178} INFO - Processing /home/airflow/.local/lib/python3.7/site-packages/airflow/example_dags/example_local_kubernetes_executor.py took 0.138 seconds
[2024-04-20T05:52:24.412+0000] {processor.py:156} INFO - Started process (PID=9741) to work on /home/airflow/.local/lib/python3.7/site-packages/airflow/example_dags/example_local_kubernetes_executor.py
[2024-04-20T05:52:24.412+0000] {processor.py:758} INFO - Processing file /home/airflow/.local/lib/python3.7/site-packages/airflow/example_dags/example_local_kubernetes_executor.py for tasks to queue
[2024-04-20T05:52:24.413+0000] {logging_mixin.py:117} INFO - [2024-04-20T05:52:24.413+0000] {dagbag.py:525} INFO - Filling up the DagBag from /home/airflow/.local/lib/python3.7/site-packages/airflow/example_dags/example_local_kubernetes_executor.py
[2024-04-20T05:52:24.443+0000] {processor.py:768} INFO - DAG(s) dict_keys(['example_local_kubernetes_executor']) retrieved from /home/airflow/.local/lib/python3.7/site-packages/airflow/example_dags/example_local_kubernetes_executor.py
[2024-04-20T05:52:24.506+0000] {logging_mixin.py:117} INFO - [2024-04-20T05:52:24.506+0000] {dag.py:2573} INFO - Sync 1 DAGs
[2024-04-20T05:52:24.573+0000] {logging_mixin.py:117} INFO - [2024-04-20T05:52:24.573+0000] {dag.py:3328} INFO - Setting next_dagrun for example_local_kubernetes_executor to None, run_after=None
[2024-04-20T05:52:24.617+0000] {processor.py:178} INFO - Processing /home/airflow/.local/lib/python3.7/site-packages/airflow/example_dags/example_local_kubernetes_executor.py took 0.209 seconds
[2024-04-20T05:52:54.776+0000] {processor.py:156} INFO - Started process (PID=9966) to work on /home/airflow/.local/lib/python3.7/site-packages/airflow/example_dags/example_local_kubernetes_executor.py
[2024-04-20T05:52:54.778+0000] {processor.py:758} INFO - Processing file /home/airflow/.local/lib/python3.7/site-packages/airflow/example_dags/example_local_kubernetes_executor.py for tasks to queue
[2024-04-20T05:52:54.779+0000] {logging_mixin.py:117} INFO - [2024-04-20T05:52:54.779+0000] {dagbag.py:525} INFO - Filling up the DagBag from /home/airflow/.local/lib/python3.7/site-packages/airflow/example_dags/example_local_kubernetes_executor.py
[2024-04-20T05:52:54.875+0000] {processor.py:768} INFO - DAG(s) dict_keys(['example_local_kubernetes_executor']) retrieved from /home/airflow/.local/lib/python3.7/site-packages/airflow/example_dags/example_local_kubernetes_executor.py
[2024-04-20T05:52:54.978+0000] {logging_mixin.py:117} INFO - [2024-04-20T05:52:54.978+0000] {dag.py:2573} INFO - Sync 1 DAGs
[2024-04-20T05:52:55.024+0000] {logging_mixin.py:117} INFO - [2024-04-20T05:52:55.023+0000] {dag.py:3328} INFO - Setting next_dagrun for example_local_kubernetes_executor to None, run_after=None
[2024-04-20T05:52:55.048+0000] {processor.py:178} INFO - Processing /home/airflow/.local/lib/python3.7/site-packages/airflow/example_dags/example_local_kubernetes_executor.py took 0.279 seconds
[2024-04-20T05:53:25.187+0000] {processor.py:156} INFO - Started process (PID=10194) to work on /home/airflow/.local/lib/python3.7/site-packages/airflow/example_dags/example_local_kubernetes_executor.py
[2024-04-20T05:53:25.198+0000] {processor.py:758} INFO - Processing file /home/airflow/.local/lib/python3.7/site-packages/airflow/example_dags/example_local_kubernetes_executor.py for tasks to queue
[2024-04-20T05:53:25.199+0000] {logging_mixin.py:117} INFO - [2024-04-20T05:53:25.199+0000] {dagbag.py:525} INFO - Filling up the DagBag from /home/airflow/.local/lib/python3.7/site-packages/airflow/example_dags/example_local_kubernetes_executor.py
[2024-04-20T05:53:25.256+0000] {processor.py:768} INFO - DAG(s) dict_keys(['example_local_kubernetes_executor']) retrieved from /home/airflow/.local/lib/python3.7/site-packages/airflow/example_dags/example_local_kubernetes_executor.py
[2024-04-20T05:53:25.343+0000] {logging_mixin.py:117} INFO - [2024-04-20T05:53:25.343+0000] {dag.py:2573} INFO - Sync 1 DAGs
[2024-04-20T05:53:25.396+0000] {logging_mixin.py:117} INFO - [2024-04-20T05:53:25.396+0000] {dag.py:3328} INFO - Setting next_dagrun for example_local_kubernetes_executor to None, run_after=None
[2024-04-20T05:53:25.503+0000] {processor.py:178} INFO - Processing /home/airflow/.local/lib/python3.7/site-packages/airflow/example_dags/example_local_kubernetes_executor.py took 0.331 seconds
[2024-04-20T05:53:55.929+0000] {processor.py:156} INFO - Started process (PID=10424) to work on /home/airflow/.local/lib/python3.7/site-packages/airflow/example_dags/example_local_kubernetes_executor.py
[2024-04-20T05:53:55.930+0000] {processor.py:758} INFO - Processing file /home/airflow/.local/lib/python3.7/site-packages/airflow/example_dags/example_local_kubernetes_executor.py for tasks to queue
[2024-04-20T05:53:55.931+0000] {logging_mixin.py:117} INFO - [2024-04-20T05:53:55.930+0000] {dagbag.py:525} INFO - Filling up the DagBag from /home/airflow/.local/lib/python3.7/site-packages/airflow/example_dags/example_local_kubernetes_executor.py
[2024-04-20T05:53:55.962+0000] {processor.py:768} INFO - DAG(s) dict_keys(['example_local_kubernetes_executor']) retrieved from /home/airflow/.local/lib/python3.7/site-packages/airflow/example_dags/example_local_kubernetes_executor.py
[2024-04-20T05:53:56.011+0000] {logging_mixin.py:117} INFO - [2024-04-20T05:53:56.011+0000] {dag.py:2573} INFO - Sync 1 DAGs
[2024-04-20T05:53:56.046+0000] {logging_mixin.py:117} INFO - [2024-04-20T05:53:56.046+0000] {dag.py:3328} INFO - Setting next_dagrun for example_local_kubernetes_executor to None, run_after=None
[2024-04-20T05:53:56.077+0000] {processor.py:178} INFO - Processing /home/airflow/.local/lib/python3.7/site-packages/airflow/example_dags/example_local_kubernetes_executor.py took 0.151 seconds
[2024-04-20T05:54:26.491+0000] {processor.py:156} INFO - Started process (PID=10658) to work on /home/airflow/.local/lib/python3.7/site-packages/airflow/example_dags/example_local_kubernetes_executor.py
[2024-04-20T05:54:26.494+0000] {processor.py:758} INFO - Processing file /home/airflow/.local/lib/python3.7/site-packages/airflow/example_dags/example_local_kubernetes_executor.py for tasks to queue
[2024-04-20T05:54:26.494+0000] {logging_mixin.py:117} INFO - [2024-04-20T05:54:26.494+0000] {dagbag.py:525} INFO - Filling up the DagBag from /home/airflow/.local/lib/python3.7/site-packages/airflow/example_dags/example_local_kubernetes_executor.py
[2024-04-20T05:54:26.571+0000] {processor.py:768} INFO - DAG(s) dict_keys(['example_local_kubernetes_executor']) retrieved from /home/airflow/.local/lib/python3.7/site-packages/airflow/example_dags/example_local_kubernetes_executor.py
[2024-04-20T05:54:26.711+0000] {logging_mixin.py:117} INFO - [2024-04-20T05:54:26.711+0000] {dag.py:2573} INFO - Sync 1 DAGs
[2024-04-20T05:54:26.753+0000] {logging_mixin.py:117} INFO - [2024-04-20T05:54:26.744+0000] {dag.py:3328} INFO - Setting next_dagrun for example_local_kubernetes_executor to None, run_after=None
[2024-04-20T05:54:26.835+0000] {processor.py:178} INFO - Processing /home/airflow/.local/lib/python3.7/site-packages/airflow/example_dags/example_local_kubernetes_executor.py took 0.362 seconds
[2024-04-20T05:54:57.474+0000] {processor.py:156} INFO - Started process (PID=10885) to work on /home/airflow/.local/lib/python3.7/site-packages/airflow/example_dags/example_local_kubernetes_executor.py
[2024-04-20T05:54:57.475+0000] {processor.py:758} INFO - Processing file /home/airflow/.local/lib/python3.7/site-packages/airflow/example_dags/example_local_kubernetes_executor.py for tasks to queue
[2024-04-20T05:54:57.475+0000] {logging_mixin.py:117} INFO - [2024-04-20T05:54:57.475+0000] {dagbag.py:525} INFO - Filling up the DagBag from /home/airflow/.local/lib/python3.7/site-packages/airflow/example_dags/example_local_kubernetes_executor.py
[2024-04-20T05:54:57.612+0000] {processor.py:768} INFO - DAG(s) dict_keys(['example_local_kubernetes_executor']) retrieved from /home/airflow/.local/lib/python3.7/site-packages/airflow/example_dags/example_local_kubernetes_executor.py
[2024-04-20T05:54:57.751+0000] {logging_mixin.py:117} INFO - [2024-04-20T05:54:57.751+0000] {dag.py:2573} INFO - Sync 1 DAGs
[2024-04-20T05:54:57.845+0000] {logging_mixin.py:117} INFO - [2024-04-20T05:54:57.845+0000] {dag.py:3328} INFO - Setting next_dagrun for example_local_kubernetes_executor to None, run_after=None
[2024-04-20T05:54:57.891+0000] {processor.py:178} INFO - Processing /home/airflow/.local/lib/python3.7/site-packages/airflow/example_dags/example_local_kubernetes_executor.py took 0.432 seconds
[2024-04-20T05:55:28.782+0000] {processor.py:156} INFO - Started process (PID=11114) to work on /home/airflow/.local/lib/python3.7/site-packages/airflow/example_dags/example_local_kubernetes_executor.py
[2024-04-20T05:55:28.782+0000] {processor.py:758} INFO - Processing file /home/airflow/.local/lib/python3.7/site-packages/airflow/example_dags/example_local_kubernetes_executor.py for tasks to queue
[2024-04-20T05:55:28.783+0000] {logging_mixin.py:117} INFO - [2024-04-20T05:55:28.783+0000] {dagbag.py:525} INFO - Filling up the DagBag from /home/airflow/.local/lib/python3.7/site-packages/airflow/example_dags/example_local_kubernetes_executor.py
[2024-04-20T05:55:28.811+0000] {processor.py:768} INFO - DAG(s) dict_keys(['example_local_kubernetes_executor']) retrieved from /home/airflow/.local/lib/python3.7/site-packages/airflow/example_dags/example_local_kubernetes_executor.py
[2024-04-20T05:55:28.857+0000] {logging_mixin.py:117} INFO - [2024-04-20T05:55:28.857+0000] {dag.py:2573} INFO - Sync 1 DAGs
[2024-04-20T05:55:28.893+0000] {logging_mixin.py:117} INFO - [2024-04-20T05:55:28.892+0000] {dag.py:3328} INFO - Setting next_dagrun for example_local_kubernetes_executor to None, run_after=None
[2024-04-20T05:55:28.921+0000] {processor.py:178} INFO - Processing /home/airflow/.local/lib/python3.7/site-packages/airflow/example_dags/example_local_kubernetes_executor.py took 0.142 seconds
[2024-04-20T05:56:45.783+0000] {processor.py:156} INFO - Started process (PID=320) to work on /home/airflow/.local/lib/python3.7/site-packages/airflow/example_dags/example_local_kubernetes_executor.py
[2024-04-20T05:56:45.792+0000] {processor.py:758} INFO - Processing file /home/airflow/.local/lib/python3.7/site-packages/airflow/example_dags/example_local_kubernetes_executor.py for tasks to queue
[2024-04-20T05:56:45.793+0000] {logging_mixin.py:117} INFO - [2024-04-20T05:56:45.793+0000] {dagbag.py:525} INFO - Filling up the DagBag from /home/airflow/.local/lib/python3.7/site-packages/airflow/example_dags/example_local_kubernetes_executor.py
[2024-04-20T05:56:45.926+0000] {processor.py:768} INFO - DAG(s) dict_keys(['example_local_kubernetes_executor']) retrieved from /home/airflow/.local/lib/python3.7/site-packages/airflow/example_dags/example_local_kubernetes_executor.py
[2024-04-20T05:56:46.122+0000] {logging_mixin.py:117} INFO - [2024-04-20T05:56:46.122+0000] {dag.py:2573} INFO - Sync 1 DAGs
[2024-04-20T05:56:46.222+0000] {logging_mixin.py:117} INFO - [2024-04-20T05:56:46.222+0000] {dag.py:3328} INFO - Setting next_dagrun for example_local_kubernetes_executor to None, run_after=None
[2024-04-20T05:56:46.807+0000] {processor.py:178} INFO - Processing /home/airflow/.local/lib/python3.7/site-packages/airflow/example_dags/example_local_kubernetes_executor.py took 1.036 seconds
[2024-04-20T05:57:17.143+0000] {processor.py:156} INFO - Started process (PID=538) to work on /home/airflow/.local/lib/python3.7/site-packages/airflow/example_dags/example_local_kubernetes_executor.py
[2024-04-20T05:57:17.143+0000] {processor.py:758} INFO - Processing file /home/airflow/.local/lib/python3.7/site-packages/airflow/example_dags/example_local_kubernetes_executor.py for tasks to queue
[2024-04-20T05:57:17.144+0000] {logging_mixin.py:117} INFO - [2024-04-20T05:57:17.144+0000] {dagbag.py:525} INFO - Filling up the DagBag from /home/airflow/.local/lib/python3.7/site-packages/airflow/example_dags/example_local_kubernetes_executor.py
[2024-04-20T05:57:17.173+0000] {processor.py:768} INFO - DAG(s) dict_keys(['example_local_kubernetes_executor']) retrieved from /home/airflow/.local/lib/python3.7/site-packages/airflow/example_dags/example_local_kubernetes_executor.py
[2024-04-20T05:57:17.218+0000] {logging_mixin.py:117} INFO - [2024-04-20T05:57:17.217+0000] {dag.py:2573} INFO - Sync 1 DAGs
[2024-04-20T05:57:17.429+0000] {logging_mixin.py:117} INFO - [2024-04-20T05:57:17.429+0000] {dag.py:3328} INFO - Setting next_dagrun for example_local_kubernetes_executor to None, run_after=None
[2024-04-20T05:57:17.471+0000] {processor.py:178} INFO - Processing /home/airflow/.local/lib/python3.7/site-packages/airflow/example_dags/example_local_kubernetes_executor.py took 0.331 seconds
[2024-04-20T05:57:47.809+0000] {processor.py:156} INFO - Started process (PID=757) to work on /home/airflow/.local/lib/python3.7/site-packages/airflow/example_dags/example_local_kubernetes_executor.py
[2024-04-20T05:57:47.810+0000] {processor.py:758} INFO - Processing file /home/airflow/.local/lib/python3.7/site-packages/airflow/example_dags/example_local_kubernetes_executor.py for tasks to queue
[2024-04-20T05:57:47.810+0000] {logging_mixin.py:117} INFO - [2024-04-20T05:57:47.810+0000] {dagbag.py:525} INFO - Filling up the DagBag from /home/airflow/.local/lib/python3.7/site-packages/airflow/example_dags/example_local_kubernetes_executor.py
[2024-04-20T05:57:47.838+0000] {processor.py:768} INFO - DAG(s) dict_keys(['example_local_kubernetes_executor']) retrieved from /home/airflow/.local/lib/python3.7/site-packages/airflow/example_dags/example_local_kubernetes_executor.py
[2024-04-20T05:57:47.924+0000] {logging_mixin.py:117} INFO - [2024-04-20T05:57:47.924+0000] {dag.py:2573} INFO - Sync 1 DAGs
[2024-04-20T05:57:48.197+0000] {logging_mixin.py:117} INFO - [2024-04-20T05:57:48.197+0000] {dag.py:3328} INFO - Setting next_dagrun for example_local_kubernetes_executor to None, run_after=None
[2024-04-20T05:57:48.220+0000] {processor.py:178} INFO - Processing /home/airflow/.local/lib/python3.7/site-packages/airflow/example_dags/example_local_kubernetes_executor.py took 0.415 seconds
[2024-04-20T05:58:18.359+0000] {processor.py:156} INFO - Started process (PID=982) to work on /home/airflow/.local/lib/python3.7/site-packages/airflow/example_dags/example_local_kubernetes_executor.py
[2024-04-20T05:58:18.360+0000] {processor.py:758} INFO - Processing file /home/airflow/.local/lib/python3.7/site-packages/airflow/example_dags/example_local_kubernetes_executor.py for tasks to queue
[2024-04-20T05:58:18.360+0000] {logging_mixin.py:117} INFO - [2024-04-20T05:58:18.360+0000] {dagbag.py:525} INFO - Filling up the DagBag from /home/airflow/.local/lib/python3.7/site-packages/airflow/example_dags/example_local_kubernetes_executor.py
[2024-04-20T05:58:18.388+0000] {processor.py:768} INFO - DAG(s) dict_keys(['example_local_kubernetes_executor']) retrieved from /home/airflow/.local/lib/python3.7/site-packages/airflow/example_dags/example_local_kubernetes_executor.py
[2024-04-20T05:58:18.582+0000] {logging_mixin.py:117} INFO - [2024-04-20T05:58:18.582+0000] {dag.py:2573} INFO - Sync 1 DAGs
[2024-04-20T05:58:18.611+0000] {logging_mixin.py:117} INFO - [2024-04-20T05:58:18.610+0000] {dag.py:3328} INFO - Setting next_dagrun for example_local_kubernetes_executor to None, run_after=None
[2024-04-20T05:58:18.631+0000] {processor.py:178} INFO - Processing /home/airflow/.local/lib/python3.7/site-packages/airflow/example_dags/example_local_kubernetes_executor.py took 0.275 seconds
[2024-04-20T05:58:49.040+0000] {processor.py:156} INFO - Started process (PID=1210) to work on /home/airflow/.local/lib/python3.7/site-packages/airflow/example_dags/example_local_kubernetes_executor.py
[2024-04-20T05:58:49.042+0000] {processor.py:758} INFO - Processing file /home/airflow/.local/lib/python3.7/site-packages/airflow/example_dags/example_local_kubernetes_executor.py for tasks to queue
[2024-04-20T05:58:49.043+0000] {logging_mixin.py:117} INFO - [2024-04-20T05:58:49.043+0000] {dagbag.py:525} INFO - Filling up the DagBag from /home/airflow/.local/lib/python3.7/site-packages/airflow/example_dags/example_local_kubernetes_executor.py
[2024-04-20T05:58:49.071+0000] {processor.py:768} INFO - DAG(s) dict_keys(['example_local_kubernetes_executor']) retrieved from /home/airflow/.local/lib/python3.7/site-packages/airflow/example_dags/example_local_kubernetes_executor.py
[2024-04-20T05:58:49.283+0000] {logging_mixin.py:117} INFO - [2024-04-20T05:58:49.283+0000] {dag.py:2573} INFO - Sync 1 DAGs
[2024-04-20T05:58:49.314+0000] {logging_mixin.py:117} INFO - [2024-04-20T05:58:49.314+0000] {dag.py:3328} INFO - Setting next_dagrun for example_local_kubernetes_executor to None, run_after=None
[2024-04-20T05:58:49.341+0000] {processor.py:178} INFO - Processing /home/airflow/.local/lib/python3.7/site-packages/airflow/example_dags/example_local_kubernetes_executor.py took 0.304 seconds
[2024-04-20T05:59:19.704+0000] {processor.py:156} INFO - Started process (PID=1427) to work on /home/airflow/.local/lib/python3.7/site-packages/airflow/example_dags/example_local_kubernetes_executor.py
[2024-04-20T05:59:19.713+0000] {processor.py:758} INFO - Processing file /home/airflow/.local/lib/python3.7/site-packages/airflow/example_dags/example_local_kubernetes_executor.py for tasks to queue
[2024-04-20T05:59:19.714+0000] {logging_mixin.py:117} INFO - [2024-04-20T05:59:19.714+0000] {dagbag.py:525} INFO - Filling up the DagBag from /home/airflow/.local/lib/python3.7/site-packages/airflow/example_dags/example_local_kubernetes_executor.py
[2024-04-20T05:59:20.345+0000] {processor.py:768} INFO - DAG(s) dict_keys(['example_local_kubernetes_executor']) retrieved from /home/airflow/.local/lib/python3.7/site-packages/airflow/example_dags/example_local_kubernetes_executor.py
[2024-04-20T05:59:20.433+0000] {logging_mixin.py:117} INFO - [2024-04-20T05:59:20.432+0000] {dag.py:2573} INFO - Sync 1 DAGs
[2024-04-20T05:59:20.490+0000] {logging_mixin.py:117} INFO - [2024-04-20T05:59:20.489+0000] {dag.py:3328} INFO - Setting next_dagrun for example_local_kubernetes_executor to None, run_after=None
[2024-04-20T05:59:20.525+0000] {processor.py:178} INFO - Processing /home/airflow/.local/lib/python3.7/site-packages/airflow/example_dags/example_local_kubernetes_executor.py took 0.824 seconds
[2024-04-20T05:59:51.117+0000] {processor.py:156} INFO - Started process (PID=1661) to work on /home/airflow/.local/lib/python3.7/site-packages/airflow/example_dags/example_local_kubernetes_executor.py
[2024-04-20T05:59:51.117+0000] {processor.py:758} INFO - Processing file /home/airflow/.local/lib/python3.7/site-packages/airflow/example_dags/example_local_kubernetes_executor.py for tasks to queue
[2024-04-20T05:59:51.118+0000] {logging_mixin.py:117} INFO - [2024-04-20T05:59:51.118+0000] {dagbag.py:525} INFO - Filling up the DagBag from /home/airflow/.local/lib/python3.7/site-packages/airflow/example_dags/example_local_kubernetes_executor.py
[2024-04-20T05:59:51.179+0000] {processor.py:768} INFO - DAG(s) dict_keys(['example_local_kubernetes_executor']) retrieved from /home/airflow/.local/lib/python3.7/site-packages/airflow/example_dags/example_local_kubernetes_executor.py
[2024-04-20T05:59:51.227+0000] {logging_mixin.py:117} INFO - [2024-04-20T05:59:51.227+0000] {dag.py:2573} INFO - Sync 1 DAGs
[2024-04-20T05:59:51.268+0000] {logging_mixin.py:117} INFO - [2024-04-20T05:59:51.268+0000] {dag.py:3328} INFO - Setting next_dagrun for example_local_kubernetes_executor to None, run_after=None
[2024-04-20T05:59:51.294+0000] {processor.py:178} INFO - Processing /home/airflow/.local/lib/python3.7/site-packages/airflow/example_dags/example_local_kubernetes_executor.py took 0.181 seconds
[2024-04-20T06:00:21.884+0000] {processor.py:156} INFO - Started process (PID=1888) to work on /home/airflow/.local/lib/python3.7/site-packages/airflow/example_dags/example_local_kubernetes_executor.py
[2024-04-20T06:00:21.885+0000] {processor.py:758} INFO - Processing file /home/airflow/.local/lib/python3.7/site-packages/airflow/example_dags/example_local_kubernetes_executor.py for tasks to queue
[2024-04-20T06:00:21.885+0000] {logging_mixin.py:117} INFO - [2024-04-20T06:00:21.885+0000] {dagbag.py:525} INFO - Filling up the DagBag from /home/airflow/.local/lib/python3.7/site-packages/airflow/example_dags/example_local_kubernetes_executor.py
[2024-04-20T06:00:21.915+0000] {processor.py:768} INFO - DAG(s) dict_keys(['example_local_kubernetes_executor']) retrieved from /home/airflow/.local/lib/python3.7/site-packages/airflow/example_dags/example_local_kubernetes_executor.py
[2024-04-20T06:00:21.964+0000] {logging_mixin.py:117} INFO - [2024-04-20T06:00:21.964+0000] {dag.py:2573} INFO - Sync 1 DAGs
[2024-04-20T06:00:21.994+0000] {logging_mixin.py:117} INFO - [2024-04-20T06:00:21.994+0000] {dag.py:3328} INFO - Setting next_dagrun for example_local_kubernetes_executor to None, run_after=None
[2024-04-20T06:00:22.020+0000] {processor.py:178} INFO - Processing /home/airflow/.local/lib/python3.7/site-packages/airflow/example_dags/example_local_kubernetes_executor.py took 0.139 seconds
[2024-04-20T06:00:52.922+0000] {processor.py:156} INFO - Started process (PID=2106) to work on /home/airflow/.local/lib/python3.7/site-packages/airflow/example_dags/example_local_kubernetes_executor.py
[2024-04-20T06:00:52.924+0000] {processor.py:758} INFO - Processing file /home/airflow/.local/lib/python3.7/site-packages/airflow/example_dags/example_local_kubernetes_executor.py for tasks to queue
[2024-04-20T06:00:52.925+0000] {logging_mixin.py:117} INFO - [2024-04-20T06:00:52.925+0000] {dagbag.py:525} INFO - Filling up the DagBag from /home/airflow/.local/lib/python3.7/site-packages/airflow/example_dags/example_local_kubernetes_executor.py
[2024-04-20T06:00:52.986+0000] {processor.py:768} INFO - DAG(s) dict_keys(['example_local_kubernetes_executor']) retrieved from /home/airflow/.local/lib/python3.7/site-packages/airflow/example_dags/example_local_kubernetes_executor.py
[2024-04-20T06:00:53.064+0000] {logging_mixin.py:117} INFO - [2024-04-20T06:00:53.064+0000] {dag.py:2573} INFO - Sync 1 DAGs
[2024-04-20T06:00:53.108+0000] {logging_mixin.py:117} INFO - [2024-04-20T06:00:53.108+0000] {dag.py:3328} INFO - Setting next_dagrun for example_local_kubernetes_executor to None, run_after=None
[2024-04-20T06:00:53.139+0000] {processor.py:178} INFO - Processing /home/airflow/.local/lib/python3.7/site-packages/airflow/example_dags/example_local_kubernetes_executor.py took 0.221 seconds
[2024-04-20T06:01:23.237+0000] {processor.py:156} INFO - Started process (PID=2333) to work on /home/airflow/.local/lib/python3.7/site-packages/airflow/example_dags/example_local_kubernetes_executor.py
[2024-04-20T06:01:23.239+0000] {processor.py:758} INFO - Processing file /home/airflow/.local/lib/python3.7/site-packages/airflow/example_dags/example_local_kubernetes_executor.py for tasks to queue
[2024-04-20T06:01:23.240+0000] {logging_mixin.py:117} INFO - [2024-04-20T06:01:23.240+0000] {dagbag.py:525} INFO - Filling up the DagBag from /home/airflow/.local/lib/python3.7/site-packages/airflow/example_dags/example_local_kubernetes_executor.py
[2024-04-20T06:01:23.297+0000] {processor.py:768} INFO - DAG(s) dict_keys(['example_local_kubernetes_executor']) retrieved from /home/airflow/.local/lib/python3.7/site-packages/airflow/example_dags/example_local_kubernetes_executor.py
[2024-04-20T06:01:23.372+0000] {logging_mixin.py:117} INFO - [2024-04-20T06:01:23.372+0000] {dag.py:2573} INFO - Sync 1 DAGs
[2024-04-20T06:01:23.406+0000] {logging_mixin.py:117} INFO - [2024-04-20T06:01:23.406+0000] {dag.py:3328} INFO - Setting next_dagrun for example_local_kubernetes_executor to None, run_after=None
[2024-04-20T06:01:23.432+0000] {processor.py:178} INFO - Processing /home/airflow/.local/lib/python3.7/site-packages/airflow/example_dags/example_local_kubernetes_executor.py took 0.198 seconds
[2024-04-20T06:01:53.607+0000] {processor.py:156} INFO - Started process (PID=2563) to work on /home/airflow/.local/lib/python3.7/site-packages/airflow/example_dags/example_local_kubernetes_executor.py
[2024-04-20T06:01:53.608+0000] {processor.py:758} INFO - Processing file /home/airflow/.local/lib/python3.7/site-packages/airflow/example_dags/example_local_kubernetes_executor.py for tasks to queue
[2024-04-20T06:01:53.609+0000] {logging_mixin.py:117} INFO - [2024-04-20T06:01:53.608+0000] {dagbag.py:525} INFO - Filling up the DagBag from /home/airflow/.local/lib/python3.7/site-packages/airflow/example_dags/example_local_kubernetes_executor.py
[2024-04-20T06:01:53.640+0000] {processor.py:768} INFO - DAG(s) dict_keys(['example_local_kubernetes_executor']) retrieved from /home/airflow/.local/lib/python3.7/site-packages/airflow/example_dags/example_local_kubernetes_executor.py
[2024-04-20T06:01:53.688+0000] {logging_mixin.py:117} INFO - [2024-04-20T06:01:53.688+0000] {dag.py:2573} INFO - Sync 1 DAGs
[2024-04-20T06:01:53.726+0000] {logging_mixin.py:117} INFO - [2024-04-20T06:01:53.726+0000] {dag.py:3328} INFO - Setting next_dagrun for example_local_kubernetes_executor to None, run_after=None
[2024-04-20T06:01:53.751+0000] {processor.py:178} INFO - Processing /home/airflow/.local/lib/python3.7/site-packages/airflow/example_dags/example_local_kubernetes_executor.py took 0.148 seconds
[2024-04-20T06:02:23.965+0000] {processor.py:156} INFO - Started process (PID=2780) to work on /home/airflow/.local/lib/python3.7/site-packages/airflow/example_dags/example_local_kubernetes_executor.py
[2024-04-20T06:02:23.966+0000] {processor.py:758} INFO - Processing file /home/airflow/.local/lib/python3.7/site-packages/airflow/example_dags/example_local_kubernetes_executor.py for tasks to queue
[2024-04-20T06:02:23.966+0000] {logging_mixin.py:117} INFO - [2024-04-20T06:02:23.966+0000] {dagbag.py:525} INFO - Filling up the DagBag from /home/airflow/.local/lib/python3.7/site-packages/airflow/example_dags/example_local_kubernetes_executor.py
[2024-04-20T06:02:23.996+0000] {processor.py:768} INFO - DAG(s) dict_keys(['example_local_kubernetes_executor']) retrieved from /home/airflow/.local/lib/python3.7/site-packages/airflow/example_dags/example_local_kubernetes_executor.py
[2024-04-20T06:02:24.042+0000] {logging_mixin.py:117} INFO - [2024-04-20T06:02:24.041+0000] {dag.py:2573} INFO - Sync 1 DAGs
[2024-04-20T06:02:24.074+0000] {logging_mixin.py:117} INFO - [2024-04-20T06:02:24.074+0000] {dag.py:3328} INFO - Setting next_dagrun for example_local_kubernetes_executor to None, run_after=None
[2024-04-20T06:02:24.100+0000] {processor.py:178} INFO - Processing /home/airflow/.local/lib/python3.7/site-packages/airflow/example_dags/example_local_kubernetes_executor.py took 0.139 seconds
[2024-04-20T06:02:54.853+0000] {processor.py:156} INFO - Started process (PID=3010) to work on /home/airflow/.local/lib/python3.7/site-packages/airflow/example_dags/example_local_kubernetes_executor.py
[2024-04-20T06:02:54.853+0000] {processor.py:758} INFO - Processing file /home/airflow/.local/lib/python3.7/site-packages/airflow/example_dags/example_local_kubernetes_executor.py for tasks to queue
[2024-04-20T06:02:54.854+0000] {logging_mixin.py:117} INFO - [2024-04-20T06:02:54.854+0000] {dagbag.py:525} INFO - Filling up the DagBag from /home/airflow/.local/lib/python3.7/site-packages/airflow/example_dags/example_local_kubernetes_executor.py
[2024-04-20T06:02:54.874+0000] {processor.py:768} INFO - DAG(s) dict_keys(['example_local_kubernetes_executor']) retrieved from /home/airflow/.local/lib/python3.7/site-packages/airflow/example_dags/example_local_kubernetes_executor.py
[2024-04-20T06:02:54.907+0000] {logging_mixin.py:117} INFO - [2024-04-20T06:02:54.907+0000] {dag.py:2573} INFO - Sync 1 DAGs
[2024-04-20T06:02:54.928+0000] {logging_mixin.py:117} INFO - [2024-04-20T06:02:54.928+0000] {dag.py:3328} INFO - Setting next_dagrun for example_local_kubernetes_executor to None, run_after=None
[2024-04-20T06:02:54.947+0000] {processor.py:178} INFO - Processing /home/airflow/.local/lib/python3.7/site-packages/airflow/example_dags/example_local_kubernetes_executor.py took 0.097 seconds
[2024-04-20T06:03:26.229+0000] {processor.py:156} INFO - Started process (PID=3234) to work on /home/airflow/.local/lib/python3.7/site-packages/airflow/example_dags/example_local_kubernetes_executor.py
[2024-04-20T06:03:26.230+0000] {processor.py:758} INFO - Processing file /home/airflow/.local/lib/python3.7/site-packages/airflow/example_dags/example_local_kubernetes_executor.py for tasks to queue
[2024-04-20T06:03:26.234+0000] {logging_mixin.py:117} INFO - [2024-04-20T06:03:26.234+0000] {dagbag.py:525} INFO - Filling up the DagBag from /home/airflow/.local/lib/python3.7/site-packages/airflow/example_dags/example_local_kubernetes_executor.py
[2024-04-20T06:03:26.293+0000] {processor.py:768} INFO - DAG(s) dict_keys(['example_local_kubernetes_executor']) retrieved from /home/airflow/.local/lib/python3.7/site-packages/airflow/example_dags/example_local_kubernetes_executor.py
[2024-04-20T06:03:26.400+0000] {logging_mixin.py:117} INFO - [2024-04-20T06:03:26.400+0000] {dag.py:2573} INFO - Sync 1 DAGs
[2024-04-20T06:03:26.437+0000] {logging_mixin.py:117} INFO - [2024-04-20T06:03:26.437+0000] {dag.py:3328} INFO - Setting next_dagrun for example_local_kubernetes_executor to None, run_after=None
[2024-04-20T06:03:26.461+0000] {processor.py:178} INFO - Processing /home/airflow/.local/lib/python3.7/site-packages/airflow/example_dags/example_local_kubernetes_executor.py took 0.236 seconds
