[2024-04-20T05:32:03.872+0000] {processor.py:156} INFO - Started process (PID=361) to work on /home/airflow/.local/lib/python3.7/site-packages/airflow/example_dags/example_branch_operator_decorator.py
[2024-04-20T05:32:03.873+0000] {processor.py:758} INFO - Processing file /home/airflow/.local/lib/python3.7/site-packages/airflow/example_dags/example_branch_operator_decorator.py for tasks to queue
[2024-04-20T05:32:03.874+0000] {logging_mixin.py:117} INFO - [2024-04-20T05:32:03.874+0000] {dagbag.py:525} INFO - Filling up the DagBag from /home/airflow/.local/lib/python3.7/site-packages/airflow/example_dags/example_branch_operator_decorator.py
[2024-04-20T05:32:03.936+0000] {processor.py:768} INFO - DAG(s) dict_keys(['example_branch_python_operator_decorator']) retrieved from /home/airflow/.local/lib/python3.7/site-packages/airflow/example_dags/example_branch_operator_decorator.py
[2024-04-20T05:32:04.824+0000] {logging_mixin.py:117} INFO - [2024-04-20T05:32:04.824+0000] {manager.py:507} INFO - Created Permission View: can delete on DAG:example_branch_python_operator_decorator
[2024-04-20T05:32:04.845+0000] {logging_mixin.py:117} INFO - [2024-04-20T05:32:04.845+0000] {manager.py:507} INFO - Created Permission View: can edit on DAG:example_branch_python_operator_decorator
[2024-04-20T05:32:04.869+0000] {logging_mixin.py:117} INFO - [2024-04-20T05:32:04.869+0000] {manager.py:507} INFO - Created Permission View: can read on DAG:example_branch_python_operator_decorator
[2024-04-20T05:32:04.870+0000] {logging_mixin.py:117} INFO - [2024-04-20T05:32:04.870+0000] {dag.py:2573} INFO - Sync 1 DAGs
[2024-04-20T05:32:04.926+0000] {logging_mixin.py:117} INFO - [2024-04-20T05:32:04.926+0000] {dag.py:2594} INFO - Creating ORM DAG for example_branch_python_operator_decorator
[2024-04-20T05:32:04.989+0000] {logging_mixin.py:117} INFO - [2024-04-20T05:32:04.989+0000] {dag.py:3328} INFO - Setting next_dagrun for example_branch_python_operator_decorator to 2024-04-19T00:00:00+00:00, run_after=2024-04-20T00:00:00+00:00
[2024-04-20T05:32:05.053+0000] {processor.py:178} INFO - Processing /home/airflow/.local/lib/python3.7/site-packages/airflow/example_dags/example_branch_operator_decorator.py took 1.184 seconds
[2024-04-20T05:32:36.122+0000] {processor.py:156} INFO - Started process (PID=577) to work on /home/airflow/.local/lib/python3.7/site-packages/airflow/example_dags/example_branch_operator_decorator.py
[2024-04-20T05:32:36.123+0000] {processor.py:758} INFO - Processing file /home/airflow/.local/lib/python3.7/site-packages/airflow/example_dags/example_branch_operator_decorator.py for tasks to queue
[2024-04-20T05:32:36.130+0000] {logging_mixin.py:117} INFO - [2024-04-20T05:32:36.130+0000] {dagbag.py:525} INFO - Filling up the DagBag from /home/airflow/.local/lib/python3.7/site-packages/airflow/example_dags/example_branch_operator_decorator.py
[2024-04-20T05:32:36.200+0000] {processor.py:768} INFO - DAG(s) dict_keys(['example_branch_python_operator_decorator']) retrieved from /home/airflow/.local/lib/python3.7/site-packages/airflow/example_dags/example_branch_operator_decorator.py
[2024-04-20T05:32:36.363+0000] {logging_mixin.py:117} INFO - [2024-04-20T05:32:36.363+0000] {dag.py:2573} INFO - Sync 1 DAGs
[2024-04-20T05:32:36.785+0000] {logging_mixin.py:117} INFO - [2024-04-20T05:32:36.784+0000] {dag.py:3328} INFO - Setting next_dagrun for example_branch_python_operator_decorator to 2024-04-19T00:00:00+00:00, run_after=2024-04-20T00:00:00+00:00
[2024-04-20T05:32:36.829+0000] {processor.py:178} INFO - Processing /home/airflow/.local/lib/python3.7/site-packages/airflow/example_dags/example_branch_operator_decorator.py took 0.713 seconds
[2024-04-20T05:33:07.038+0000] {processor.py:156} INFO - Started process (PID=802) to work on /home/airflow/.local/lib/python3.7/site-packages/airflow/example_dags/example_branch_operator_decorator.py
[2024-04-20T05:33:07.039+0000] {processor.py:758} INFO - Processing file /home/airflow/.local/lib/python3.7/site-packages/airflow/example_dags/example_branch_operator_decorator.py for tasks to queue
[2024-04-20T05:33:07.039+0000] {logging_mixin.py:117} INFO - [2024-04-20T05:33:07.039+0000] {dagbag.py:525} INFO - Filling up the DagBag from /home/airflow/.local/lib/python3.7/site-packages/airflow/example_dags/example_branch_operator_decorator.py
[2024-04-20T05:33:07.108+0000] {processor.py:768} INFO - DAG(s) dict_keys(['example_branch_python_operator_decorator']) retrieved from /home/airflow/.local/lib/python3.7/site-packages/airflow/example_dags/example_branch_operator_decorator.py
[2024-04-20T05:33:07.506+0000] {logging_mixin.py:117} INFO - [2024-04-20T05:33:07.506+0000] {dag.py:2573} INFO - Sync 1 DAGs
[2024-04-20T05:33:07.560+0000] {logging_mixin.py:117} INFO - [2024-04-20T05:33:07.560+0000] {dag.py:3328} INFO - Setting next_dagrun for example_branch_python_operator_decorator to 2024-04-19T00:00:00+00:00, run_after=2024-04-20T00:00:00+00:00
[2024-04-20T05:33:07.600+0000] {processor.py:178} INFO - Processing /home/airflow/.local/lib/python3.7/site-packages/airflow/example_dags/example_branch_operator_decorator.py took 0.566 seconds
[2024-04-20T05:33:37.808+0000] {processor.py:156} INFO - Started process (PID=1015) to work on /home/airflow/.local/lib/python3.7/site-packages/airflow/example_dags/example_branch_operator_decorator.py
[2024-04-20T05:33:37.808+0000] {processor.py:758} INFO - Processing file /home/airflow/.local/lib/python3.7/site-packages/airflow/example_dags/example_branch_operator_decorator.py for tasks to queue
[2024-04-20T05:33:37.809+0000] {logging_mixin.py:117} INFO - [2024-04-20T05:33:37.809+0000] {dagbag.py:525} INFO - Filling up the DagBag from /home/airflow/.local/lib/python3.7/site-packages/airflow/example_dags/example_branch_operator_decorator.py
[2024-04-20T05:33:37.850+0000] {processor.py:768} INFO - DAG(s) dict_keys(['example_branch_python_operator_decorator']) retrieved from /home/airflow/.local/lib/python3.7/site-packages/airflow/example_dags/example_branch_operator_decorator.py
[2024-04-20T05:33:38.155+0000] {logging_mixin.py:117} INFO - [2024-04-20T05:33:38.155+0000] {dag.py:2573} INFO - Sync 1 DAGs
[2024-04-20T05:33:38.188+0000] {logging_mixin.py:117} INFO - [2024-04-20T05:33:38.188+0000] {dag.py:3328} INFO - Setting next_dagrun for example_branch_python_operator_decorator to 2024-04-19T00:00:00+00:00, run_after=2024-04-20T00:00:00+00:00
[2024-04-20T05:33:38.212+0000] {processor.py:178} INFO - Processing /home/airflow/.local/lib/python3.7/site-packages/airflow/example_dags/example_branch_operator_decorator.py took 0.409 seconds
[2024-04-20T05:34:09.148+0000] {processor.py:156} INFO - Started process (PID=1233) to work on /home/airflow/.local/lib/python3.7/site-packages/airflow/example_dags/example_branch_operator_decorator.py
[2024-04-20T05:34:09.149+0000] {processor.py:758} INFO - Processing file /home/airflow/.local/lib/python3.7/site-packages/airflow/example_dags/example_branch_operator_decorator.py for tasks to queue
[2024-04-20T05:34:09.150+0000] {logging_mixin.py:117} INFO - [2024-04-20T05:34:09.149+0000] {dagbag.py:525} INFO - Filling up the DagBag from /home/airflow/.local/lib/python3.7/site-packages/airflow/example_dags/example_branch_operator_decorator.py
[2024-04-20T05:34:09.192+0000] {processor.py:768} INFO - DAG(s) dict_keys(['example_branch_python_operator_decorator']) retrieved from /home/airflow/.local/lib/python3.7/site-packages/airflow/example_dags/example_branch_operator_decorator.py
[2024-04-20T05:34:09.559+0000] {logging_mixin.py:117} INFO - [2024-04-20T05:34:09.559+0000] {dag.py:2573} INFO - Sync 1 DAGs
[2024-04-20T05:34:09.604+0000] {logging_mixin.py:117} INFO - [2024-04-20T05:34:09.603+0000] {dag.py:3328} INFO - Setting next_dagrun for example_branch_python_operator_decorator to 2024-04-19T00:00:00+00:00, run_after=2024-04-20T00:00:00+00:00
[2024-04-20T05:34:09.628+0000] {processor.py:178} INFO - Processing /home/airflow/.local/lib/python3.7/site-packages/airflow/example_dags/example_branch_operator_decorator.py took 0.483 seconds
[2024-04-20T05:34:40.089+0000] {processor.py:156} INFO - Started process (PID=1442) to work on /home/airflow/.local/lib/python3.7/site-packages/airflow/example_dags/example_branch_operator_decorator.py
[2024-04-20T05:34:40.090+0000] {processor.py:758} INFO - Processing file /home/airflow/.local/lib/python3.7/site-packages/airflow/example_dags/example_branch_operator_decorator.py for tasks to queue
[2024-04-20T05:34:40.090+0000] {logging_mixin.py:117} INFO - [2024-04-20T05:34:40.090+0000] {dagbag.py:525} INFO - Filling up the DagBag from /home/airflow/.local/lib/python3.7/site-packages/airflow/example_dags/example_branch_operator_decorator.py
[2024-04-20T05:34:40.314+0000] {processor.py:768} INFO - DAG(s) dict_keys(['example_branch_python_operator_decorator']) retrieved from /home/airflow/.local/lib/python3.7/site-packages/airflow/example_dags/example_branch_operator_decorator.py
[2024-04-20T05:34:40.386+0000] {logging_mixin.py:117} INFO - [2024-04-20T05:34:40.386+0000] {dag.py:2573} INFO - Sync 1 DAGs
[2024-04-20T05:34:40.432+0000] {logging_mixin.py:117} INFO - [2024-04-20T05:34:40.432+0000] {dag.py:3328} INFO - Setting next_dagrun for example_branch_python_operator_decorator to 2024-04-19T00:00:00+00:00, run_after=2024-04-20T00:00:00+00:00
[2024-04-20T05:34:40.469+0000] {processor.py:178} INFO - Processing /home/airflow/.local/lib/python3.7/site-packages/airflow/example_dags/example_branch_operator_decorator.py took 0.383 seconds
[2024-04-20T05:35:11.455+0000] {processor.py:156} INFO - Started process (PID=1660) to work on /home/airflow/.local/lib/python3.7/site-packages/airflow/example_dags/example_branch_operator_decorator.py
[2024-04-20T05:35:11.457+0000] {processor.py:758} INFO - Processing file /home/airflow/.local/lib/python3.7/site-packages/airflow/example_dags/example_branch_operator_decorator.py for tasks to queue
[2024-04-20T05:35:11.459+0000] {logging_mixin.py:117} INFO - [2024-04-20T05:35:11.459+0000] {dagbag.py:525} INFO - Filling up the DagBag from /home/airflow/.local/lib/python3.7/site-packages/airflow/example_dags/example_branch_operator_decorator.py
[2024-04-20T05:35:11.530+0000] {processor.py:768} INFO - DAG(s) dict_keys(['example_branch_python_operator_decorator']) retrieved from /home/airflow/.local/lib/python3.7/site-packages/airflow/example_dags/example_branch_operator_decorator.py
[2024-04-20T05:35:11.580+0000] {logging_mixin.py:117} INFO - [2024-04-20T05:35:11.580+0000] {dag.py:2573} INFO - Sync 1 DAGs
[2024-04-20T05:35:11.613+0000] {logging_mixin.py:117} INFO - [2024-04-20T05:35:11.613+0000] {dag.py:3328} INFO - Setting next_dagrun for example_branch_python_operator_decorator to 2024-04-19T00:00:00+00:00, run_after=2024-04-20T00:00:00+00:00
[2024-04-20T05:35:11.637+0000] {processor.py:178} INFO - Processing /home/airflow/.local/lib/python3.7/site-packages/airflow/example_dags/example_branch_operator_decorator.py took 0.188 seconds
[2024-04-20T05:35:42.619+0000] {processor.py:156} INFO - Started process (PID=1884) to work on /home/airflow/.local/lib/python3.7/site-packages/airflow/example_dags/example_branch_operator_decorator.py
[2024-04-20T05:35:42.620+0000] {processor.py:758} INFO - Processing file /home/airflow/.local/lib/python3.7/site-packages/airflow/example_dags/example_branch_operator_decorator.py for tasks to queue
[2024-04-20T05:35:42.622+0000] {logging_mixin.py:117} INFO - [2024-04-20T05:35:42.622+0000] {dagbag.py:525} INFO - Filling up the DagBag from /home/airflow/.local/lib/python3.7/site-packages/airflow/example_dags/example_branch_operator_decorator.py
[2024-04-20T05:35:42.685+0000] {processor.py:768} INFO - DAG(s) dict_keys(['example_branch_python_operator_decorator']) retrieved from /home/airflow/.local/lib/python3.7/site-packages/airflow/example_dags/example_branch_operator_decorator.py
[2024-04-20T05:35:42.770+0000] {logging_mixin.py:117} INFO - [2024-04-20T05:35:42.769+0000] {dag.py:2573} INFO - Sync 1 DAGs
[2024-04-20T05:35:42.802+0000] {logging_mixin.py:117} INFO - [2024-04-20T05:35:42.801+0000] {dag.py:3328} INFO - Setting next_dagrun for example_branch_python_operator_decorator to 2024-04-19T00:00:00+00:00, run_after=2024-04-20T00:00:00+00:00
[2024-04-20T05:35:42.835+0000] {processor.py:178} INFO - Processing /home/airflow/.local/lib/python3.7/site-packages/airflow/example_dags/example_branch_operator_decorator.py took 0.226 seconds
[2024-04-20T05:36:13.220+0000] {processor.py:156} INFO - Started process (PID=2092) to work on /home/airflow/.local/lib/python3.7/site-packages/airflow/example_dags/example_branch_operator_decorator.py
[2024-04-20T05:36:13.221+0000] {processor.py:758} INFO - Processing file /home/airflow/.local/lib/python3.7/site-packages/airflow/example_dags/example_branch_operator_decorator.py for tasks to queue
[2024-04-20T05:36:13.222+0000] {logging_mixin.py:117} INFO - [2024-04-20T05:36:13.222+0000] {dagbag.py:525} INFO - Filling up the DagBag from /home/airflow/.local/lib/python3.7/site-packages/airflow/example_dags/example_branch_operator_decorator.py
[2024-04-20T05:36:13.254+0000] {processor.py:768} INFO - DAG(s) dict_keys(['example_branch_python_operator_decorator']) retrieved from /home/airflow/.local/lib/python3.7/site-packages/airflow/example_dags/example_branch_operator_decorator.py
[2024-04-20T05:36:13.289+0000] {logging_mixin.py:117} INFO - [2024-04-20T05:36:13.289+0000] {dag.py:2573} INFO - Sync 1 DAGs
[2024-04-20T05:36:13.311+0000] {logging_mixin.py:117} INFO - [2024-04-20T05:36:13.311+0000] {dag.py:3328} INFO - Setting next_dagrun for example_branch_python_operator_decorator to 2024-04-19T00:00:00+00:00, run_after=2024-04-20T00:00:00+00:00
[2024-04-20T05:36:13.332+0000] {processor.py:178} INFO - Processing /home/airflow/.local/lib/python3.7/site-packages/airflow/example_dags/example_branch_operator_decorator.py took 0.116 seconds
[2024-04-20T05:36:43.579+0000] {processor.py:156} INFO - Started process (PID=2331) to work on /home/airflow/.local/lib/python3.7/site-packages/airflow/example_dags/example_branch_operator_decorator.py
[2024-04-20T05:36:43.579+0000] {processor.py:758} INFO - Processing file /home/airflow/.local/lib/python3.7/site-packages/airflow/example_dags/example_branch_operator_decorator.py for tasks to queue
[2024-04-20T05:36:43.580+0000] {logging_mixin.py:117} INFO - [2024-04-20T05:36:43.580+0000] {dagbag.py:525} INFO - Filling up the DagBag from /home/airflow/.local/lib/python3.7/site-packages/airflow/example_dags/example_branch_operator_decorator.py
[2024-04-20T05:36:43.601+0000] {processor.py:768} INFO - DAG(s) dict_keys(['example_branch_python_operator_decorator']) retrieved from /home/airflow/.local/lib/python3.7/site-packages/airflow/example_dags/example_branch_operator_decorator.py
[2024-04-20T05:36:43.639+0000] {logging_mixin.py:117} INFO - [2024-04-20T05:36:43.638+0000] {dag.py:2573} INFO - Sync 1 DAGs
[2024-04-20T05:36:43.672+0000] {logging_mixin.py:117} INFO - [2024-04-20T05:36:43.671+0000] {dag.py:3328} INFO - Setting next_dagrun for example_branch_python_operator_decorator to 2024-04-19T00:00:00+00:00, run_after=2024-04-20T00:00:00+00:00
[2024-04-20T05:36:43.722+0000] {processor.py:178} INFO - Processing /home/airflow/.local/lib/python3.7/site-packages/airflow/example_dags/example_branch_operator_decorator.py took 0.147 seconds
[2024-04-20T05:37:14.310+0000] {processor.py:156} INFO - Started process (PID=2594) to work on /home/airflow/.local/lib/python3.7/site-packages/airflow/example_dags/example_branch_operator_decorator.py
[2024-04-20T05:37:14.314+0000] {processor.py:758} INFO - Processing file /home/airflow/.local/lib/python3.7/site-packages/airflow/example_dags/example_branch_operator_decorator.py for tasks to queue
[2024-04-20T05:37:14.315+0000] {logging_mixin.py:117} INFO - [2024-04-20T05:37:14.315+0000] {dagbag.py:525} INFO - Filling up the DagBag from /home/airflow/.local/lib/python3.7/site-packages/airflow/example_dags/example_branch_operator_decorator.py
[2024-04-20T05:37:14.387+0000] {processor.py:768} INFO - DAG(s) dict_keys(['example_branch_python_operator_decorator']) retrieved from /home/airflow/.local/lib/python3.7/site-packages/airflow/example_dags/example_branch_operator_decorator.py
[2024-04-20T05:37:14.444+0000] {logging_mixin.py:117} INFO - [2024-04-20T05:37:14.444+0000] {dag.py:2573} INFO - Sync 1 DAGs
[2024-04-20T05:37:14.465+0000] {logging_mixin.py:117} INFO - [2024-04-20T05:37:14.465+0000] {dag.py:3328} INFO - Setting next_dagrun for example_branch_python_operator_decorator to 2024-04-19T00:00:00+00:00, run_after=2024-04-20T00:00:00+00:00
[2024-04-20T05:37:14.483+0000] {processor.py:178} INFO - Processing /home/airflow/.local/lib/python3.7/site-packages/airflow/example_dags/example_branch_operator_decorator.py took 0.176 seconds
[2024-04-20T05:37:44.862+0000] {processor.py:156} INFO - Started process (PID=2853) to work on /home/airflow/.local/lib/python3.7/site-packages/airflow/example_dags/example_branch_operator_decorator.py
[2024-04-20T05:37:44.863+0000] {processor.py:758} INFO - Processing file /home/airflow/.local/lib/python3.7/site-packages/airflow/example_dags/example_branch_operator_decorator.py for tasks to queue
[2024-04-20T05:37:44.863+0000] {logging_mixin.py:117} INFO - [2024-04-20T05:37:44.863+0000] {dagbag.py:525} INFO - Filling up the DagBag from /home/airflow/.local/lib/python3.7/site-packages/airflow/example_dags/example_branch_operator_decorator.py
[2024-04-20T05:37:44.885+0000] {processor.py:768} INFO - DAG(s) dict_keys(['example_branch_python_operator_decorator']) retrieved from /home/airflow/.local/lib/python3.7/site-packages/airflow/example_dags/example_branch_operator_decorator.py
[2024-04-20T05:37:44.918+0000] {logging_mixin.py:117} INFO - [2024-04-20T05:37:44.918+0000] {dag.py:2573} INFO - Sync 1 DAGs
[2024-04-20T05:37:44.939+0000] {logging_mixin.py:117} INFO - [2024-04-20T05:37:44.939+0000] {dag.py:3328} INFO - Setting next_dagrun for example_branch_python_operator_decorator to 2024-04-19T00:00:00+00:00, run_after=2024-04-20T00:00:00+00:00
[2024-04-20T05:37:44.959+0000] {processor.py:178} INFO - Processing /home/airflow/.local/lib/python3.7/site-packages/airflow/example_dags/example_branch_operator_decorator.py took 0.099 seconds
[2024-04-20T05:38:15.218+0000] {processor.py:156} INFO - Started process (PID=3073) to work on /home/airflow/.local/lib/python3.7/site-packages/airflow/example_dags/example_branch_operator_decorator.py
[2024-04-20T05:38:15.219+0000] {processor.py:758} INFO - Processing file /home/airflow/.local/lib/python3.7/site-packages/airflow/example_dags/example_branch_operator_decorator.py for tasks to queue
[2024-04-20T05:38:15.219+0000] {logging_mixin.py:117} INFO - [2024-04-20T05:38:15.219+0000] {dagbag.py:525} INFO - Filling up the DagBag from /home/airflow/.local/lib/python3.7/site-packages/airflow/example_dags/example_branch_operator_decorator.py
[2024-04-20T05:38:15.242+0000] {processor.py:768} INFO - DAG(s) dict_keys(['example_branch_python_operator_decorator']) retrieved from /home/airflow/.local/lib/python3.7/site-packages/airflow/example_dags/example_branch_operator_decorator.py
[2024-04-20T05:38:15.310+0000] {logging_mixin.py:117} INFO - [2024-04-20T05:38:15.310+0000] {dag.py:2573} INFO - Sync 1 DAGs
[2024-04-20T05:38:15.342+0000] {logging_mixin.py:117} INFO - [2024-04-20T05:38:15.342+0000] {dag.py:3328} INFO - Setting next_dagrun for example_branch_python_operator_decorator to 2024-04-19T00:00:00+00:00, run_after=2024-04-20T00:00:00+00:00
[2024-04-20T05:38:15.385+0000] {processor.py:178} INFO - Processing /home/airflow/.local/lib/python3.7/site-packages/airflow/example_dags/example_branch_operator_decorator.py took 0.169 seconds
[2024-04-20T05:38:45.749+0000] {processor.py:156} INFO - Started process (PID=3301) to work on /home/airflow/.local/lib/python3.7/site-packages/airflow/example_dags/example_branch_operator_decorator.py
[2024-04-20T05:38:45.749+0000] {processor.py:758} INFO - Processing file /home/airflow/.local/lib/python3.7/site-packages/airflow/example_dags/example_branch_operator_decorator.py for tasks to queue
[2024-04-20T05:38:45.750+0000] {logging_mixin.py:117} INFO - [2024-04-20T05:38:45.749+0000] {dagbag.py:525} INFO - Filling up the DagBag from /home/airflow/.local/lib/python3.7/site-packages/airflow/example_dags/example_branch_operator_decorator.py
[2024-04-20T05:38:45.776+0000] {processor.py:768} INFO - DAG(s) dict_keys(['example_branch_python_operator_decorator']) retrieved from /home/airflow/.local/lib/python3.7/site-packages/airflow/example_dags/example_branch_operator_decorator.py
[2024-04-20T05:38:45.818+0000] {logging_mixin.py:117} INFO - [2024-04-20T05:38:45.818+0000] {dag.py:2573} INFO - Sync 1 DAGs
[2024-04-20T05:38:45.839+0000] {logging_mixin.py:117} INFO - [2024-04-20T05:38:45.838+0000] {dag.py:3328} INFO - Setting next_dagrun for example_branch_python_operator_decorator to 2024-04-19T00:00:00+00:00, run_after=2024-04-20T00:00:00+00:00
[2024-04-20T05:38:45.857+0000] {processor.py:178} INFO - Processing /home/airflow/.local/lib/python3.7/site-packages/airflow/example_dags/example_branch_operator_decorator.py took 0.111 seconds
[2024-04-20T05:39:16.262+0000] {processor.py:156} INFO - Started process (PID=3530) to work on /home/airflow/.local/lib/python3.7/site-packages/airflow/example_dags/example_branch_operator_decorator.py
[2024-04-20T05:39:16.263+0000] {processor.py:758} INFO - Processing file /home/airflow/.local/lib/python3.7/site-packages/airflow/example_dags/example_branch_operator_decorator.py for tasks to queue
[2024-04-20T05:39:16.263+0000] {logging_mixin.py:117} INFO - [2024-04-20T05:39:16.263+0000] {dagbag.py:525} INFO - Filling up the DagBag from /home/airflow/.local/lib/python3.7/site-packages/airflow/example_dags/example_branch_operator_decorator.py
[2024-04-20T05:39:16.285+0000] {processor.py:768} INFO - DAG(s) dict_keys(['example_branch_python_operator_decorator']) retrieved from /home/airflow/.local/lib/python3.7/site-packages/airflow/example_dags/example_branch_operator_decorator.py
[2024-04-20T05:39:16.322+0000] {logging_mixin.py:117} INFO - [2024-04-20T05:39:16.322+0000] {dag.py:2573} INFO - Sync 1 DAGs
[2024-04-20T05:39:16.358+0000] {logging_mixin.py:117} INFO - [2024-04-20T05:39:16.357+0000] {dag.py:3328} INFO - Setting next_dagrun for example_branch_python_operator_decorator to 2024-04-19T00:00:00+00:00, run_after=2024-04-20T00:00:00+00:00
[2024-04-20T05:39:16.382+0000] {processor.py:178} INFO - Processing /home/airflow/.local/lib/python3.7/site-packages/airflow/example_dags/example_branch_operator_decorator.py took 0.123 seconds
[2024-04-20T05:39:46.908+0000] {processor.py:156} INFO - Started process (PID=3770) to work on /home/airflow/.local/lib/python3.7/site-packages/airflow/example_dags/example_branch_operator_decorator.py
[2024-04-20T05:39:46.908+0000] {processor.py:758} INFO - Processing file /home/airflow/.local/lib/python3.7/site-packages/airflow/example_dags/example_branch_operator_decorator.py for tasks to queue
[2024-04-20T05:39:46.909+0000] {logging_mixin.py:117} INFO - [2024-04-20T05:39:46.909+0000] {dagbag.py:525} INFO - Filling up the DagBag from /home/airflow/.local/lib/python3.7/site-packages/airflow/example_dags/example_branch_operator_decorator.py
[2024-04-20T05:39:46.939+0000] {processor.py:768} INFO - DAG(s) dict_keys(['example_branch_python_operator_decorator']) retrieved from /home/airflow/.local/lib/python3.7/site-packages/airflow/example_dags/example_branch_operator_decorator.py
[2024-04-20T05:39:46.976+0000] {logging_mixin.py:117} INFO - [2024-04-20T05:39:46.976+0000] {dag.py:2573} INFO - Sync 1 DAGs
[2024-04-20T05:39:46.997+0000] {logging_mixin.py:117} INFO - [2024-04-20T05:39:46.997+0000] {dag.py:3328} INFO - Setting next_dagrun for example_branch_python_operator_decorator to 2024-04-19T00:00:00+00:00, run_after=2024-04-20T00:00:00+00:00
[2024-04-20T05:39:47.016+0000] {processor.py:178} INFO - Processing /home/airflow/.local/lib/python3.7/site-packages/airflow/example_dags/example_branch_operator_decorator.py took 0.112 seconds
[2024-04-20T05:40:17.260+0000] {processor.py:156} INFO - Started process (PID=3998) to work on /home/airflow/.local/lib/python3.7/site-packages/airflow/example_dags/example_branch_operator_decorator.py
[2024-04-20T05:40:17.260+0000] {processor.py:758} INFO - Processing file /home/airflow/.local/lib/python3.7/site-packages/airflow/example_dags/example_branch_operator_decorator.py for tasks to queue
[2024-04-20T05:40:17.261+0000] {logging_mixin.py:117} INFO - [2024-04-20T05:40:17.261+0000] {dagbag.py:525} INFO - Filling up the DagBag from /home/airflow/.local/lib/python3.7/site-packages/airflow/example_dags/example_branch_operator_decorator.py
[2024-04-20T05:40:17.293+0000] {processor.py:768} INFO - DAG(s) dict_keys(['example_branch_python_operator_decorator']) retrieved from /home/airflow/.local/lib/python3.7/site-packages/airflow/example_dags/example_branch_operator_decorator.py
[2024-04-20T05:40:17.336+0000] {logging_mixin.py:117} INFO - [2024-04-20T05:40:17.336+0000] {dag.py:2573} INFO - Sync 1 DAGs
[2024-04-20T05:40:17.367+0000] {logging_mixin.py:117} INFO - [2024-04-20T05:40:17.367+0000] {dag.py:3328} INFO - Setting next_dagrun for example_branch_python_operator_decorator to 2024-04-19T00:00:00+00:00, run_after=2024-04-20T00:00:00+00:00
[2024-04-20T05:40:17.395+0000] {processor.py:178} INFO - Processing /home/airflow/.local/lib/python3.7/site-packages/airflow/example_dags/example_branch_operator_decorator.py took 0.139 seconds
[2024-04-20T05:40:47.599+0000] {processor.py:156} INFO - Started process (PID=4223) to work on /home/airflow/.local/lib/python3.7/site-packages/airflow/example_dags/example_branch_operator_decorator.py
[2024-04-20T05:40:47.600+0000] {processor.py:758} INFO - Processing file /home/airflow/.local/lib/python3.7/site-packages/airflow/example_dags/example_branch_operator_decorator.py for tasks to queue
[2024-04-20T05:40:47.604+0000] {logging_mixin.py:117} INFO - [2024-04-20T05:40:47.604+0000] {dagbag.py:525} INFO - Filling up the DagBag from /home/airflow/.local/lib/python3.7/site-packages/airflow/example_dags/example_branch_operator_decorator.py
[2024-04-20T05:40:47.648+0000] {processor.py:768} INFO - DAG(s) dict_keys(['example_branch_python_operator_decorator']) retrieved from /home/airflow/.local/lib/python3.7/site-packages/airflow/example_dags/example_branch_operator_decorator.py
[2024-04-20T05:40:47.694+0000] {logging_mixin.py:117} INFO - [2024-04-20T05:40:47.694+0000] {dag.py:2573} INFO - Sync 1 DAGs
[2024-04-20T05:40:47.728+0000] {logging_mixin.py:117} INFO - [2024-04-20T05:40:47.728+0000] {dag.py:3328} INFO - Setting next_dagrun for example_branch_python_operator_decorator to 2024-04-19T00:00:00+00:00, run_after=2024-04-20T00:00:00+00:00
[2024-04-20T05:40:47.756+0000] {processor.py:178} INFO - Processing /home/airflow/.local/lib/python3.7/site-packages/airflow/example_dags/example_branch_operator_decorator.py took 0.160 seconds
[2024-04-20T05:41:18.514+0000] {processor.py:156} INFO - Started process (PID=4443) to work on /home/airflow/.local/lib/python3.7/site-packages/airflow/example_dags/example_branch_operator_decorator.py
[2024-04-20T05:41:18.516+0000] {processor.py:758} INFO - Processing file /home/airflow/.local/lib/python3.7/site-packages/airflow/example_dags/example_branch_operator_decorator.py for tasks to queue
[2024-04-20T05:41:18.516+0000] {logging_mixin.py:117} INFO - [2024-04-20T05:41:18.516+0000] {dagbag.py:525} INFO - Filling up the DagBag from /home/airflow/.local/lib/python3.7/site-packages/airflow/example_dags/example_branch_operator_decorator.py
[2024-04-20T05:41:18.591+0000] {processor.py:768} INFO - DAG(s) dict_keys(['example_branch_python_operator_decorator']) retrieved from /home/airflow/.local/lib/python3.7/site-packages/airflow/example_dags/example_branch_operator_decorator.py
[2024-04-20T05:41:18.650+0000] {logging_mixin.py:117} INFO - [2024-04-20T05:41:18.650+0000] {dag.py:2573} INFO - Sync 1 DAGs
[2024-04-20T05:41:18.711+0000] {logging_mixin.py:117} INFO - [2024-04-20T05:41:18.711+0000] {dag.py:3328} INFO - Setting next_dagrun for example_branch_python_operator_decorator to 2024-04-19T00:00:00+00:00, run_after=2024-04-20T00:00:00+00:00
[2024-04-20T05:41:18.735+0000] {processor.py:178} INFO - Processing /home/airflow/.local/lib/python3.7/site-packages/airflow/example_dags/example_branch_operator_decorator.py took 0.224 seconds
[2024-04-20T05:41:49.060+0000] {processor.py:156} INFO - Started process (PID=4670) to work on /home/airflow/.local/lib/python3.7/site-packages/airflow/example_dags/example_branch_operator_decorator.py
[2024-04-20T05:41:49.061+0000] {processor.py:758} INFO - Processing file /home/airflow/.local/lib/python3.7/site-packages/airflow/example_dags/example_branch_operator_decorator.py for tasks to queue
[2024-04-20T05:41:49.062+0000] {logging_mixin.py:117} INFO - [2024-04-20T05:41:49.062+0000] {dagbag.py:525} INFO - Filling up the DagBag from /home/airflow/.local/lib/python3.7/site-packages/airflow/example_dags/example_branch_operator_decorator.py
[2024-04-20T05:41:49.094+0000] {processor.py:768} INFO - DAG(s) dict_keys(['example_branch_python_operator_decorator']) retrieved from /home/airflow/.local/lib/python3.7/site-packages/airflow/example_dags/example_branch_operator_decorator.py
[2024-04-20T05:41:49.150+0000] {logging_mixin.py:117} INFO - [2024-04-20T05:41:49.150+0000] {dag.py:2573} INFO - Sync 1 DAGs
[2024-04-20T05:41:49.171+0000] {logging_mixin.py:117} INFO - [2024-04-20T05:41:49.171+0000] {dag.py:3328} INFO - Setting next_dagrun for example_branch_python_operator_decorator to 2024-04-19T00:00:00+00:00, run_after=2024-04-20T00:00:00+00:00
[2024-04-20T05:41:49.191+0000] {processor.py:178} INFO - Processing /home/airflow/.local/lib/python3.7/site-packages/airflow/example_dags/example_branch_operator_decorator.py took 0.134 seconds
[2024-04-20T05:42:19.522+0000] {processor.py:156} INFO - Started process (PID=4926) to work on /home/airflow/.local/lib/python3.7/site-packages/airflow/example_dags/example_branch_operator_decorator.py
[2024-04-20T05:42:19.523+0000] {processor.py:758} INFO - Processing file /home/airflow/.local/lib/python3.7/site-packages/airflow/example_dags/example_branch_operator_decorator.py for tasks to queue
[2024-04-20T05:42:19.524+0000] {logging_mixin.py:117} INFO - [2024-04-20T05:42:19.523+0000] {dagbag.py:525} INFO - Filling up the DagBag from /home/airflow/.local/lib/python3.7/site-packages/airflow/example_dags/example_branch_operator_decorator.py
[2024-04-20T05:42:19.559+0000] {processor.py:768} INFO - DAG(s) dict_keys(['example_branch_python_operator_decorator']) retrieved from /home/airflow/.local/lib/python3.7/site-packages/airflow/example_dags/example_branch_operator_decorator.py
[2024-04-20T05:42:19.615+0000] {logging_mixin.py:117} INFO - [2024-04-20T05:42:19.615+0000] {dag.py:2573} INFO - Sync 1 DAGs
[2024-04-20T05:42:19.654+0000] {logging_mixin.py:117} INFO - [2024-04-20T05:42:19.654+0000] {dag.py:3328} INFO - Setting next_dagrun for example_branch_python_operator_decorator to 2024-04-19T00:00:00+00:00, run_after=2024-04-20T00:00:00+00:00
[2024-04-20T05:42:19.679+0000] {processor.py:178} INFO - Processing /home/airflow/.local/lib/python3.7/site-packages/airflow/example_dags/example_branch_operator_decorator.py took 0.160 seconds
[2024-04-20T05:42:50.337+0000] {processor.py:156} INFO - Started process (PID=5170) to work on /home/airflow/.local/lib/python3.7/site-packages/airflow/example_dags/example_branch_operator_decorator.py
[2024-04-20T05:42:50.338+0000] {processor.py:758} INFO - Processing file /home/airflow/.local/lib/python3.7/site-packages/airflow/example_dags/example_branch_operator_decorator.py for tasks to queue
[2024-04-20T05:42:50.338+0000] {logging_mixin.py:117} INFO - [2024-04-20T05:42:50.338+0000] {dagbag.py:525} INFO - Filling up the DagBag from /home/airflow/.local/lib/python3.7/site-packages/airflow/example_dags/example_branch_operator_decorator.py
[2024-04-20T05:42:50.405+0000] {processor.py:768} INFO - DAG(s) dict_keys(['example_branch_python_operator_decorator']) retrieved from /home/airflow/.local/lib/python3.7/site-packages/airflow/example_dags/example_branch_operator_decorator.py
[2024-04-20T05:42:50.555+0000] {logging_mixin.py:117} INFO - [2024-04-20T05:42:50.555+0000] {dag.py:2573} INFO - Sync 1 DAGs
[2024-04-20T05:42:50.613+0000] {logging_mixin.py:117} INFO - [2024-04-20T05:42:50.613+0000] {dag.py:3328} INFO - Setting next_dagrun for example_branch_python_operator_decorator to 2024-04-19T00:00:00+00:00, run_after=2024-04-20T00:00:00+00:00
[2024-04-20T05:42:50.644+0000] {processor.py:178} INFO - Processing /home/airflow/.local/lib/python3.7/site-packages/airflow/example_dags/example_branch_operator_decorator.py took 0.310 seconds
[2024-04-20T05:43:21.572+0000] {processor.py:156} INFO - Started process (PID=5432) to work on /home/airflow/.local/lib/python3.7/site-packages/airflow/example_dags/example_branch_operator_decorator.py
[2024-04-20T05:43:21.573+0000] {processor.py:758} INFO - Processing file /home/airflow/.local/lib/python3.7/site-packages/airflow/example_dags/example_branch_operator_decorator.py for tasks to queue
[2024-04-20T05:43:21.573+0000] {logging_mixin.py:117} INFO - [2024-04-20T05:43:21.573+0000] {dagbag.py:525} INFO - Filling up the DagBag from /home/airflow/.local/lib/python3.7/site-packages/airflow/example_dags/example_branch_operator_decorator.py
[2024-04-20T05:43:21.594+0000] {processor.py:768} INFO - DAG(s) dict_keys(['example_branch_python_operator_decorator']) retrieved from /home/airflow/.local/lib/python3.7/site-packages/airflow/example_dags/example_branch_operator_decorator.py
[2024-04-20T05:43:21.629+0000] {logging_mixin.py:117} INFO - [2024-04-20T05:43:21.628+0000] {dag.py:2573} INFO - Sync 1 DAGs
[2024-04-20T05:43:21.650+0000] {logging_mixin.py:117} INFO - [2024-04-20T05:43:21.649+0000] {dag.py:3328} INFO - Setting next_dagrun for example_branch_python_operator_decorator to 2024-04-19T00:00:00+00:00, run_after=2024-04-20T00:00:00+00:00
[2024-04-20T05:43:21.669+0000] {processor.py:178} INFO - Processing /home/airflow/.local/lib/python3.7/site-packages/airflow/example_dags/example_branch_operator_decorator.py took 0.100 seconds
[2024-04-20T05:43:52.074+0000] {processor.py:156} INFO - Started process (PID=5679) to work on /home/airflow/.local/lib/python3.7/site-packages/airflow/example_dags/example_branch_operator_decorator.py
[2024-04-20T05:43:52.075+0000] {processor.py:758} INFO - Processing file /home/airflow/.local/lib/python3.7/site-packages/airflow/example_dags/example_branch_operator_decorator.py for tasks to queue
[2024-04-20T05:43:52.075+0000] {logging_mixin.py:117} INFO - [2024-04-20T05:43:52.075+0000] {dagbag.py:525} INFO - Filling up the DagBag from /home/airflow/.local/lib/python3.7/site-packages/airflow/example_dags/example_branch_operator_decorator.py
[2024-04-20T05:43:52.097+0000] {processor.py:768} INFO - DAG(s) dict_keys(['example_branch_python_operator_decorator']) retrieved from /home/airflow/.local/lib/python3.7/site-packages/airflow/example_dags/example_branch_operator_decorator.py
[2024-04-20T05:43:52.131+0000] {logging_mixin.py:117} INFO - [2024-04-20T05:43:52.131+0000] {dag.py:2573} INFO - Sync 1 DAGs
[2024-04-20T05:43:52.162+0000] {logging_mixin.py:117} INFO - [2024-04-20T05:43:52.161+0000] {dag.py:3328} INFO - Setting next_dagrun for example_branch_python_operator_decorator to 2024-04-19T00:00:00+00:00, run_after=2024-04-20T00:00:00+00:00
[2024-04-20T05:43:52.183+0000] {processor.py:178} INFO - Processing /home/airflow/.local/lib/python3.7/site-packages/airflow/example_dags/example_branch_operator_decorator.py took 0.112 seconds
[2024-04-20T05:44:22.332+0000] {processor.py:156} INFO - Started process (PID=5905) to work on /home/airflow/.local/lib/python3.7/site-packages/airflow/example_dags/example_branch_operator_decorator.py
[2024-04-20T05:44:22.332+0000] {processor.py:758} INFO - Processing file /home/airflow/.local/lib/python3.7/site-packages/airflow/example_dags/example_branch_operator_decorator.py for tasks to queue
[2024-04-20T05:44:22.333+0000] {logging_mixin.py:117} INFO - [2024-04-20T05:44:22.333+0000] {dagbag.py:525} INFO - Filling up the DagBag from /home/airflow/.local/lib/python3.7/site-packages/airflow/example_dags/example_branch_operator_decorator.py
[2024-04-20T05:44:22.364+0000] {processor.py:768} INFO - DAG(s) dict_keys(['example_branch_python_operator_decorator']) retrieved from /home/airflow/.local/lib/python3.7/site-packages/airflow/example_dags/example_branch_operator_decorator.py
[2024-04-20T05:44:22.408+0000] {logging_mixin.py:117} INFO - [2024-04-20T05:44:22.408+0000] {dag.py:2573} INFO - Sync 1 DAGs
[2024-04-20T05:44:22.447+0000] {logging_mixin.py:117} INFO - [2024-04-20T05:44:22.447+0000] {dag.py:3328} INFO - Setting next_dagrun for example_branch_python_operator_decorator to 2024-04-19T00:00:00+00:00, run_after=2024-04-20T00:00:00+00:00
[2024-04-20T05:44:22.475+0000] {processor.py:178} INFO - Processing /home/airflow/.local/lib/python3.7/site-packages/airflow/example_dags/example_branch_operator_decorator.py took 0.147 seconds
[2024-04-20T05:44:53.375+0000] {processor.py:156} INFO - Started process (PID=6182) to work on /home/airflow/.local/lib/python3.7/site-packages/airflow/example_dags/example_branch_operator_decorator.py
[2024-04-20T05:44:53.376+0000] {processor.py:758} INFO - Processing file /home/airflow/.local/lib/python3.7/site-packages/airflow/example_dags/example_branch_operator_decorator.py for tasks to queue
[2024-04-20T05:44:53.376+0000] {logging_mixin.py:117} INFO - [2024-04-20T05:44:53.376+0000] {dagbag.py:525} INFO - Filling up the DagBag from /home/airflow/.local/lib/python3.7/site-packages/airflow/example_dags/example_branch_operator_decorator.py
[2024-04-20T05:44:53.406+0000] {processor.py:768} INFO - DAG(s) dict_keys(['example_branch_python_operator_decorator']) retrieved from /home/airflow/.local/lib/python3.7/site-packages/airflow/example_dags/example_branch_operator_decorator.py
[2024-04-20T05:44:53.463+0000] {logging_mixin.py:117} INFO - [2024-04-20T05:44:53.463+0000] {dag.py:2573} INFO - Sync 1 DAGs
[2024-04-20T05:44:53.487+0000] {logging_mixin.py:117} INFO - [2024-04-20T05:44:53.487+0000] {dag.py:3328} INFO - Setting next_dagrun for example_branch_python_operator_decorator to 2024-04-19T00:00:00+00:00, run_after=2024-04-20T00:00:00+00:00
[2024-04-20T05:44:53.506+0000] {processor.py:178} INFO - Processing /home/airflow/.local/lib/python3.7/site-packages/airflow/example_dags/example_branch_operator_decorator.py took 0.134 seconds
[2024-04-20T05:45:23.775+0000] {processor.py:156} INFO - Started process (PID=6421) to work on /home/airflow/.local/lib/python3.7/site-packages/airflow/example_dags/example_branch_operator_decorator.py
[2024-04-20T05:45:23.776+0000] {processor.py:758} INFO - Processing file /home/airflow/.local/lib/python3.7/site-packages/airflow/example_dags/example_branch_operator_decorator.py for tasks to queue
[2024-04-20T05:45:23.777+0000] {logging_mixin.py:117} INFO - [2024-04-20T05:45:23.776+0000] {dagbag.py:525} INFO - Filling up the DagBag from /home/airflow/.local/lib/python3.7/site-packages/airflow/example_dags/example_branch_operator_decorator.py
[2024-04-20T05:45:23.878+0000] {processor.py:768} INFO - DAG(s) dict_keys(['example_branch_python_operator_decorator']) retrieved from /home/airflow/.local/lib/python3.7/site-packages/airflow/example_dags/example_branch_operator_decorator.py
[2024-04-20T05:45:23.959+0000] {logging_mixin.py:117} INFO - [2024-04-20T05:45:23.959+0000] {dag.py:2573} INFO - Sync 1 DAGs
[2024-04-20T05:45:23.992+0000] {logging_mixin.py:117} INFO - [2024-04-20T05:45:23.992+0000] {dag.py:3328} INFO - Setting next_dagrun for example_branch_python_operator_decorator to 2024-04-19T00:00:00+00:00, run_after=2024-04-20T00:00:00+00:00
[2024-04-20T05:45:24.018+0000] {processor.py:178} INFO - Processing /home/airflow/.local/lib/python3.7/site-packages/airflow/example_dags/example_branch_operator_decorator.py took 0.293 seconds
[2024-04-20T05:45:54.306+0000] {processor.py:156} INFO - Started process (PID=6704) to work on /home/airflow/.local/lib/python3.7/site-packages/airflow/example_dags/example_branch_operator_decorator.py
[2024-04-20T05:45:54.306+0000] {processor.py:758} INFO - Processing file /home/airflow/.local/lib/python3.7/site-packages/airflow/example_dags/example_branch_operator_decorator.py for tasks to queue
[2024-04-20T05:45:54.307+0000] {logging_mixin.py:117} INFO - [2024-04-20T05:45:54.307+0000] {dagbag.py:525} INFO - Filling up the DagBag from /home/airflow/.local/lib/python3.7/site-packages/airflow/example_dags/example_branch_operator_decorator.py
[2024-04-20T05:45:54.335+0000] {processor.py:768} INFO - DAG(s) dict_keys(['example_branch_python_operator_decorator']) retrieved from /home/airflow/.local/lib/python3.7/site-packages/airflow/example_dags/example_branch_operator_decorator.py
[2024-04-20T05:45:54.381+0000] {logging_mixin.py:117} INFO - [2024-04-20T05:45:54.381+0000] {dag.py:2573} INFO - Sync 1 DAGs
[2024-04-20T05:45:54.421+0000] {logging_mixin.py:117} INFO - [2024-04-20T05:45:54.420+0000] {dag.py:3328} INFO - Setting next_dagrun for example_branch_python_operator_decorator to 2024-04-19T00:00:00+00:00, run_after=2024-04-20T00:00:00+00:00
[2024-04-20T05:45:54.445+0000] {processor.py:178} INFO - Processing /home/airflow/.local/lib/python3.7/site-packages/airflow/example_dags/example_branch_operator_decorator.py took 0.143 seconds
[2024-04-20T05:46:25.203+0000] {processor.py:156} INFO - Started process (PID=6952) to work on /home/airflow/.local/lib/python3.7/site-packages/airflow/example_dags/example_branch_operator_decorator.py
[2024-04-20T05:46:25.203+0000] {processor.py:758} INFO - Processing file /home/airflow/.local/lib/python3.7/site-packages/airflow/example_dags/example_branch_operator_decorator.py for tasks to queue
[2024-04-20T05:46:25.204+0000] {logging_mixin.py:117} INFO - [2024-04-20T05:46:25.204+0000] {dagbag.py:525} INFO - Filling up the DagBag from /home/airflow/.local/lib/python3.7/site-packages/airflow/example_dags/example_branch_operator_decorator.py
[2024-04-20T05:46:25.228+0000] {processor.py:768} INFO - DAG(s) dict_keys(['example_branch_python_operator_decorator']) retrieved from /home/airflow/.local/lib/python3.7/site-packages/airflow/example_dags/example_branch_operator_decorator.py
[2024-04-20T05:46:25.262+0000] {logging_mixin.py:117} INFO - [2024-04-20T05:46:25.262+0000] {dag.py:2573} INFO - Sync 1 DAGs
[2024-04-20T05:46:25.284+0000] {logging_mixin.py:117} INFO - [2024-04-20T05:46:25.284+0000] {dag.py:3328} INFO - Setting next_dagrun for example_branch_python_operator_decorator to 2024-04-19T00:00:00+00:00, run_after=2024-04-20T00:00:00+00:00
[2024-04-20T05:46:25.305+0000] {processor.py:178} INFO - Processing /home/airflow/.local/lib/python3.7/site-packages/airflow/example_dags/example_branch_operator_decorator.py took 0.106 seconds
[2024-04-20T05:46:55.665+0000] {processor.py:156} INFO - Started process (PID=7203) to work on /home/airflow/.local/lib/python3.7/site-packages/airflow/example_dags/example_branch_operator_decorator.py
[2024-04-20T05:46:55.666+0000] {processor.py:758} INFO - Processing file /home/airflow/.local/lib/python3.7/site-packages/airflow/example_dags/example_branch_operator_decorator.py for tasks to queue
[2024-04-20T05:46:55.667+0000] {logging_mixin.py:117} INFO - [2024-04-20T05:46:55.667+0000] {dagbag.py:525} INFO - Filling up the DagBag from /home/airflow/.local/lib/python3.7/site-packages/airflow/example_dags/example_branch_operator_decorator.py
[2024-04-20T05:46:55.716+0000] {processor.py:768} INFO - DAG(s) dict_keys(['example_branch_python_operator_decorator']) retrieved from /home/airflow/.local/lib/python3.7/site-packages/airflow/example_dags/example_branch_operator_decorator.py
[2024-04-20T05:46:55.795+0000] {logging_mixin.py:117} INFO - [2024-04-20T05:46:55.794+0000] {dag.py:2573} INFO - Sync 1 DAGs
[2024-04-20T05:46:55.854+0000] {logging_mixin.py:117} INFO - [2024-04-20T05:46:55.854+0000] {dag.py:3328} INFO - Setting next_dagrun for example_branch_python_operator_decorator to 2024-04-19T00:00:00+00:00, run_after=2024-04-20T00:00:00+00:00
[2024-04-20T05:46:55.891+0000] {processor.py:178} INFO - Processing /home/airflow/.local/lib/python3.7/site-packages/airflow/example_dags/example_branch_operator_decorator.py took 0.231 seconds
[2024-04-20T05:47:26.865+0000] {processor.py:156} INFO - Started process (PID=7456) to work on /home/airflow/.local/lib/python3.7/site-packages/airflow/example_dags/example_branch_operator_decorator.py
[2024-04-20T05:47:26.866+0000] {processor.py:758} INFO - Processing file /home/airflow/.local/lib/python3.7/site-packages/airflow/example_dags/example_branch_operator_decorator.py for tasks to queue
[2024-04-20T05:47:26.866+0000] {logging_mixin.py:117} INFO - [2024-04-20T05:47:26.866+0000] {dagbag.py:525} INFO - Filling up the DagBag from /home/airflow/.local/lib/python3.7/site-packages/airflow/example_dags/example_branch_operator_decorator.py
[2024-04-20T05:47:26.896+0000] {processor.py:768} INFO - DAG(s) dict_keys(['example_branch_python_operator_decorator']) retrieved from /home/airflow/.local/lib/python3.7/site-packages/airflow/example_dags/example_branch_operator_decorator.py
[2024-04-20T05:47:26.947+0000] {logging_mixin.py:117} INFO - [2024-04-20T05:47:26.947+0000] {dag.py:2573} INFO - Sync 1 DAGs
[2024-04-20T05:47:26.981+0000] {logging_mixin.py:117} INFO - [2024-04-20T05:47:26.981+0000] {dag.py:3328} INFO - Setting next_dagrun for example_branch_python_operator_decorator to 2024-04-19T00:00:00+00:00, run_after=2024-04-20T00:00:00+00:00
[2024-04-20T05:47:27.007+0000] {processor.py:178} INFO - Processing /home/airflow/.local/lib/python3.7/site-packages/airflow/example_dags/example_branch_operator_decorator.py took 0.146 seconds
[2024-04-20T05:47:57.309+0000] {processor.py:156} INFO - Started process (PID=7709) to work on /home/airflow/.local/lib/python3.7/site-packages/airflow/example_dags/example_branch_operator_decorator.py
[2024-04-20T05:47:57.310+0000] {processor.py:758} INFO - Processing file /home/airflow/.local/lib/python3.7/site-packages/airflow/example_dags/example_branch_operator_decorator.py for tasks to queue
[2024-04-20T05:47:57.310+0000] {logging_mixin.py:117} INFO - [2024-04-20T05:47:57.310+0000] {dagbag.py:525} INFO - Filling up the DagBag from /home/airflow/.local/lib/python3.7/site-packages/airflow/example_dags/example_branch_operator_decorator.py
[2024-04-20T05:47:57.348+0000] {processor.py:768} INFO - DAG(s) dict_keys(['example_branch_python_operator_decorator']) retrieved from /home/airflow/.local/lib/python3.7/site-packages/airflow/example_dags/example_branch_operator_decorator.py
[2024-04-20T05:47:57.396+0000] {logging_mixin.py:117} INFO - [2024-04-20T05:47:57.396+0000] {dag.py:2573} INFO - Sync 1 DAGs
[2024-04-20T05:47:57.433+0000] {logging_mixin.py:117} INFO - [2024-04-20T05:47:57.433+0000] {dag.py:3328} INFO - Setting next_dagrun for example_branch_python_operator_decorator to 2024-04-19T00:00:00+00:00, run_after=2024-04-20T00:00:00+00:00
[2024-04-20T05:47:57.457+0000] {processor.py:178} INFO - Processing /home/airflow/.local/lib/python3.7/site-packages/airflow/example_dags/example_branch_operator_decorator.py took 0.154 seconds
[2024-04-20T05:48:28.088+0000] {processor.py:156} INFO - Started process (PID=7951) to work on /home/airflow/.local/lib/python3.7/site-packages/airflow/example_dags/example_branch_operator_decorator.py
[2024-04-20T05:48:28.089+0000] {processor.py:758} INFO - Processing file /home/airflow/.local/lib/python3.7/site-packages/airflow/example_dags/example_branch_operator_decorator.py for tasks to queue
[2024-04-20T05:48:28.090+0000] {logging_mixin.py:117} INFO - [2024-04-20T05:48:28.089+0000] {dagbag.py:525} INFO - Filling up the DagBag from /home/airflow/.local/lib/python3.7/site-packages/airflow/example_dags/example_branch_operator_decorator.py
[2024-04-20T05:48:28.124+0000] {processor.py:768} INFO - DAG(s) dict_keys(['example_branch_python_operator_decorator']) retrieved from /home/airflow/.local/lib/python3.7/site-packages/airflow/example_dags/example_branch_operator_decorator.py
[2024-04-20T05:48:28.203+0000] {logging_mixin.py:117} INFO - [2024-04-20T05:48:28.203+0000] {dag.py:2573} INFO - Sync 1 DAGs
[2024-04-20T05:48:28.234+0000] {logging_mixin.py:117} INFO - [2024-04-20T05:48:28.234+0000] {dag.py:3328} INFO - Setting next_dagrun for example_branch_python_operator_decorator to 2024-04-19T00:00:00+00:00, run_after=2024-04-20T00:00:00+00:00
[2024-04-20T05:48:28.264+0000] {processor.py:178} INFO - Processing /home/airflow/.local/lib/python3.7/site-packages/airflow/example_dags/example_branch_operator_decorator.py took 0.179 seconds
[2024-04-20T05:48:59.082+0000] {processor.py:156} INFO - Started process (PID=8189) to work on /home/airflow/.local/lib/python3.7/site-packages/airflow/example_dags/example_branch_operator_decorator.py
[2024-04-20T05:48:59.083+0000] {processor.py:758} INFO - Processing file /home/airflow/.local/lib/python3.7/site-packages/airflow/example_dags/example_branch_operator_decorator.py for tasks to queue
[2024-04-20T05:48:59.083+0000] {logging_mixin.py:117} INFO - [2024-04-20T05:48:59.083+0000] {dagbag.py:525} INFO - Filling up the DagBag from /home/airflow/.local/lib/python3.7/site-packages/airflow/example_dags/example_branch_operator_decorator.py
[2024-04-20T05:48:59.119+0000] {processor.py:768} INFO - DAG(s) dict_keys(['example_branch_python_operator_decorator']) retrieved from /home/airflow/.local/lib/python3.7/site-packages/airflow/example_dags/example_branch_operator_decorator.py
[2024-04-20T05:48:59.170+0000] {logging_mixin.py:117} INFO - [2024-04-20T05:48:59.170+0000] {dag.py:2573} INFO - Sync 1 DAGs
[2024-04-20T05:48:59.203+0000] {logging_mixin.py:117} INFO - [2024-04-20T05:48:59.203+0000] {dag.py:3328} INFO - Setting next_dagrun for example_branch_python_operator_decorator to 2024-04-19T00:00:00+00:00, run_after=2024-04-20T00:00:00+00:00
[2024-04-20T05:48:59.227+0000] {processor.py:178} INFO - Processing /home/airflow/.local/lib/python3.7/site-packages/airflow/example_dags/example_branch_operator_decorator.py took 0.148 seconds
[2024-04-20T05:49:29.409+0000] {processor.py:156} INFO - Started process (PID=8418) to work on /home/airflow/.local/lib/python3.7/site-packages/airflow/example_dags/example_branch_operator_decorator.py
[2024-04-20T05:49:29.410+0000] {processor.py:758} INFO - Processing file /home/airflow/.local/lib/python3.7/site-packages/airflow/example_dags/example_branch_operator_decorator.py for tasks to queue
[2024-04-20T05:49:29.411+0000] {logging_mixin.py:117} INFO - [2024-04-20T05:49:29.410+0000] {dagbag.py:525} INFO - Filling up the DagBag from /home/airflow/.local/lib/python3.7/site-packages/airflow/example_dags/example_branch_operator_decorator.py
[2024-04-20T05:49:29.444+0000] {processor.py:768} INFO - DAG(s) dict_keys(['example_branch_python_operator_decorator']) retrieved from /home/airflow/.local/lib/python3.7/site-packages/airflow/example_dags/example_branch_operator_decorator.py
[2024-04-20T05:49:29.493+0000] {logging_mixin.py:117} INFO - [2024-04-20T05:49:29.493+0000] {dag.py:2573} INFO - Sync 1 DAGs
[2024-04-20T05:49:29.525+0000] {logging_mixin.py:117} INFO - [2024-04-20T05:49:29.525+0000] {dag.py:3328} INFO - Setting next_dagrun for example_branch_python_operator_decorator to 2024-04-19T00:00:00+00:00, run_after=2024-04-20T00:00:00+00:00
[2024-04-20T05:49:29.552+0000] {processor.py:178} INFO - Processing /home/airflow/.local/lib/python3.7/site-packages/airflow/example_dags/example_branch_operator_decorator.py took 0.146 seconds
[2024-04-20T05:50:00.129+0000] {processor.py:156} INFO - Started process (PID=8667) to work on /home/airflow/.local/lib/python3.7/site-packages/airflow/example_dags/example_branch_operator_decorator.py
[2024-04-20T05:50:00.129+0000] {processor.py:758} INFO - Processing file /home/airflow/.local/lib/python3.7/site-packages/airflow/example_dags/example_branch_operator_decorator.py for tasks to queue
[2024-04-20T05:50:00.130+0000] {logging_mixin.py:117} INFO - [2024-04-20T05:50:00.130+0000] {dagbag.py:525} INFO - Filling up the DagBag from /home/airflow/.local/lib/python3.7/site-packages/airflow/example_dags/example_branch_operator_decorator.py
[2024-04-20T05:50:00.168+0000] {processor.py:768} INFO - DAG(s) dict_keys(['example_branch_python_operator_decorator']) retrieved from /home/airflow/.local/lib/python3.7/site-packages/airflow/example_dags/example_branch_operator_decorator.py
[2024-04-20T05:50:00.230+0000] {logging_mixin.py:117} INFO - [2024-04-20T05:50:00.230+0000] {dag.py:2573} INFO - Sync 1 DAGs
[2024-04-20T05:50:00.287+0000] {logging_mixin.py:117} INFO - [2024-04-20T05:50:00.287+0000] {dag.py:3328} INFO - Setting next_dagrun for example_branch_python_operator_decorator to 2024-04-19T00:00:00+00:00, run_after=2024-04-20T00:00:00+00:00
[2024-04-20T05:50:00.311+0000] {processor.py:178} INFO - Processing /home/airflow/.local/lib/python3.7/site-packages/airflow/example_dags/example_branch_operator_decorator.py took 0.186 seconds
[2024-04-20T05:50:30.529+0000] {processor.py:156} INFO - Started process (PID=8897) to work on /home/airflow/.local/lib/python3.7/site-packages/airflow/example_dags/example_branch_operator_decorator.py
[2024-04-20T05:50:30.530+0000] {processor.py:758} INFO - Processing file /home/airflow/.local/lib/python3.7/site-packages/airflow/example_dags/example_branch_operator_decorator.py for tasks to queue
[2024-04-20T05:50:30.531+0000] {logging_mixin.py:117} INFO - [2024-04-20T05:50:30.530+0000] {dagbag.py:525} INFO - Filling up the DagBag from /home/airflow/.local/lib/python3.7/site-packages/airflow/example_dags/example_branch_operator_decorator.py
[2024-04-20T05:50:30.567+0000] {processor.py:768} INFO - DAG(s) dict_keys(['example_branch_python_operator_decorator']) retrieved from /home/airflow/.local/lib/python3.7/site-packages/airflow/example_dags/example_branch_operator_decorator.py
[2024-04-20T05:50:30.622+0000] {logging_mixin.py:117} INFO - [2024-04-20T05:50:30.622+0000] {dag.py:2573} INFO - Sync 1 DAGs
[2024-04-20T05:50:30.685+0000] {logging_mixin.py:117} INFO - [2024-04-20T05:50:30.685+0000] {dag.py:3328} INFO - Setting next_dagrun for example_branch_python_operator_decorator to 2024-04-19T00:00:00+00:00, run_after=2024-04-20T00:00:00+00:00
[2024-04-20T05:50:30.727+0000] {processor.py:178} INFO - Processing /home/airflow/.local/lib/python3.7/site-packages/airflow/example_dags/example_branch_operator_decorator.py took 0.202 seconds
[2024-04-20T05:51:01.211+0000] {processor.py:156} INFO - Started process (PID=9126) to work on /home/airflow/.local/lib/python3.7/site-packages/airflow/example_dags/example_branch_operator_decorator.py
[2024-04-20T05:51:01.212+0000] {processor.py:758} INFO - Processing file /home/airflow/.local/lib/python3.7/site-packages/airflow/example_dags/example_branch_operator_decorator.py for tasks to queue
[2024-04-20T05:51:01.212+0000] {logging_mixin.py:117} INFO - [2024-04-20T05:51:01.212+0000] {dagbag.py:525} INFO - Filling up the DagBag from /home/airflow/.local/lib/python3.7/site-packages/airflow/example_dags/example_branch_operator_decorator.py
[2024-04-20T05:51:01.244+0000] {processor.py:768} INFO - DAG(s) dict_keys(['example_branch_python_operator_decorator']) retrieved from /home/airflow/.local/lib/python3.7/site-packages/airflow/example_dags/example_branch_operator_decorator.py
[2024-04-20T05:51:01.294+0000] {logging_mixin.py:117} INFO - [2024-04-20T05:51:01.293+0000] {dag.py:2573} INFO - Sync 1 DAGs
[2024-04-20T05:51:01.326+0000] {logging_mixin.py:117} INFO - [2024-04-20T05:51:01.326+0000] {dag.py:3328} INFO - Setting next_dagrun for example_branch_python_operator_decorator to 2024-04-19T00:00:00+00:00, run_after=2024-04-20T00:00:00+00:00
[2024-04-20T05:51:01.352+0000] {processor.py:178} INFO - Processing /home/airflow/.local/lib/python3.7/site-packages/airflow/example_dags/example_branch_operator_decorator.py took 0.144 seconds
[2024-04-20T05:51:31.601+0000] {processor.py:156} INFO - Started process (PID=9345) to work on /home/airflow/.local/lib/python3.7/site-packages/airflow/example_dags/example_branch_operator_decorator.py
[2024-04-20T05:51:31.602+0000] {processor.py:758} INFO - Processing file /home/airflow/.local/lib/python3.7/site-packages/airflow/example_dags/example_branch_operator_decorator.py for tasks to queue
[2024-04-20T05:51:31.603+0000] {logging_mixin.py:117} INFO - [2024-04-20T05:51:31.602+0000] {dagbag.py:525} INFO - Filling up the DagBag from /home/airflow/.local/lib/python3.7/site-packages/airflow/example_dags/example_branch_operator_decorator.py
[2024-04-20T05:51:31.635+0000] {processor.py:768} INFO - DAG(s) dict_keys(['example_branch_python_operator_decorator']) retrieved from /home/airflow/.local/lib/python3.7/site-packages/airflow/example_dags/example_branch_operator_decorator.py
[2024-04-20T05:51:31.710+0000] {logging_mixin.py:117} INFO - [2024-04-20T05:51:31.710+0000] {dag.py:2573} INFO - Sync 1 DAGs
[2024-04-20T05:51:31.750+0000] {logging_mixin.py:117} INFO - [2024-04-20T05:51:31.750+0000] {dag.py:3328} INFO - Setting next_dagrun for example_branch_python_operator_decorator to 2024-04-19T00:00:00+00:00, run_after=2024-04-20T00:00:00+00:00
[2024-04-20T05:51:31.810+0000] {processor.py:178} INFO - Processing /home/airflow/.local/lib/python3.7/site-packages/airflow/example_dags/example_branch_operator_decorator.py took 0.212 seconds
[2024-04-20T05:52:02.257+0000] {processor.py:156} INFO - Started process (PID=9575) to work on /home/airflow/.local/lib/python3.7/site-packages/airflow/example_dags/example_branch_operator_decorator.py
[2024-04-20T05:52:02.257+0000] {processor.py:758} INFO - Processing file /home/airflow/.local/lib/python3.7/site-packages/airflow/example_dags/example_branch_operator_decorator.py for tasks to queue
[2024-04-20T05:52:02.258+0000] {logging_mixin.py:117} INFO - [2024-04-20T05:52:02.258+0000] {dagbag.py:525} INFO - Filling up the DagBag from /home/airflow/.local/lib/python3.7/site-packages/airflow/example_dags/example_branch_operator_decorator.py
[2024-04-20T05:52:02.289+0000] {processor.py:768} INFO - DAG(s) dict_keys(['example_branch_python_operator_decorator']) retrieved from /home/airflow/.local/lib/python3.7/site-packages/airflow/example_dags/example_branch_operator_decorator.py
[2024-04-20T05:52:02.339+0000] {logging_mixin.py:117} INFO - [2024-04-20T05:52:02.339+0000] {dag.py:2573} INFO - Sync 1 DAGs
[2024-04-20T05:52:02.374+0000] {logging_mixin.py:117} INFO - [2024-04-20T05:52:02.374+0000] {dag.py:3328} INFO - Setting next_dagrun for example_branch_python_operator_decorator to 2024-04-19T00:00:00+00:00, run_after=2024-04-20T00:00:00+00:00
[2024-04-20T05:52:02.398+0000] {processor.py:178} INFO - Processing /home/airflow/.local/lib/python3.7/site-packages/airflow/example_dags/example_branch_operator_decorator.py took 0.144 seconds
[2024-04-20T05:52:32.857+0000] {processor.py:156} INFO - Started process (PID=9802) to work on /home/airflow/.local/lib/python3.7/site-packages/airflow/example_dags/example_branch_operator_decorator.py
[2024-04-20T05:52:32.857+0000] {processor.py:758} INFO - Processing file /home/airflow/.local/lib/python3.7/site-packages/airflow/example_dags/example_branch_operator_decorator.py for tasks to queue
[2024-04-20T05:52:32.858+0000] {logging_mixin.py:117} INFO - [2024-04-20T05:52:32.858+0000] {dagbag.py:525} INFO - Filling up the DagBag from /home/airflow/.local/lib/python3.7/site-packages/airflow/example_dags/example_branch_operator_decorator.py
[2024-04-20T05:52:32.893+0000] {processor.py:768} INFO - DAG(s) dict_keys(['example_branch_python_operator_decorator']) retrieved from /home/airflow/.local/lib/python3.7/site-packages/airflow/example_dags/example_branch_operator_decorator.py
[2024-04-20T05:52:32.949+0000] {logging_mixin.py:117} INFO - [2024-04-20T05:52:32.949+0000] {dag.py:2573} INFO - Sync 1 DAGs
[2024-04-20T05:52:32.985+0000] {logging_mixin.py:117} INFO - [2024-04-20T05:52:32.985+0000] {dag.py:3328} INFO - Setting next_dagrun for example_branch_python_operator_decorator to 2024-04-19T00:00:00+00:00, run_after=2024-04-20T00:00:00+00:00
[2024-04-20T05:52:33.014+0000] {processor.py:178} INFO - Processing /home/airflow/.local/lib/python3.7/site-packages/airflow/example_dags/example_branch_operator_decorator.py took 0.160 seconds
[2024-04-20T05:53:03.159+0000] {processor.py:156} INFO - Started process (PID=10019) to work on /home/airflow/.local/lib/python3.7/site-packages/airflow/example_dags/example_branch_operator_decorator.py
[2024-04-20T05:53:03.159+0000] {processor.py:758} INFO - Processing file /home/airflow/.local/lib/python3.7/site-packages/airflow/example_dags/example_branch_operator_decorator.py for tasks to queue
[2024-04-20T05:53:03.160+0000] {logging_mixin.py:117} INFO - [2024-04-20T05:53:03.160+0000] {dagbag.py:525} INFO - Filling up the DagBag from /home/airflow/.local/lib/python3.7/site-packages/airflow/example_dags/example_branch_operator_decorator.py
[2024-04-20T05:53:03.209+0000] {processor.py:768} INFO - DAG(s) dict_keys(['example_branch_python_operator_decorator']) retrieved from /home/airflow/.local/lib/python3.7/site-packages/airflow/example_dags/example_branch_operator_decorator.py
[2024-04-20T05:53:03.305+0000] {logging_mixin.py:117} INFO - [2024-04-20T05:53:03.305+0000] {dag.py:2573} INFO - Sync 1 DAGs
[2024-04-20T05:53:03.346+0000] {logging_mixin.py:117} INFO - [2024-04-20T05:53:03.346+0000] {dag.py:3328} INFO - Setting next_dagrun for example_branch_python_operator_decorator to 2024-04-19T00:00:00+00:00, run_after=2024-04-20T00:00:00+00:00
[2024-04-20T05:53:03.371+0000] {processor.py:178} INFO - Processing /home/airflow/.local/lib/python3.7/site-packages/airflow/example_dags/example_branch_operator_decorator.py took 0.214 seconds
[2024-04-20T05:53:33.889+0000] {processor.py:156} INFO - Started process (PID=10263) to work on /home/airflow/.local/lib/python3.7/site-packages/airflow/example_dags/example_branch_operator_decorator.py
[2024-04-20T05:53:33.890+0000] {processor.py:758} INFO - Processing file /home/airflow/.local/lib/python3.7/site-packages/airflow/example_dags/example_branch_operator_decorator.py for tasks to queue
[2024-04-20T05:53:33.891+0000] {logging_mixin.py:117} INFO - [2024-04-20T05:53:33.891+0000] {dagbag.py:525} INFO - Filling up the DagBag from /home/airflow/.local/lib/python3.7/site-packages/airflow/example_dags/example_branch_operator_decorator.py
[2024-04-20T05:53:33.969+0000] {processor.py:768} INFO - DAG(s) dict_keys(['example_branch_python_operator_decorator']) retrieved from /home/airflow/.local/lib/python3.7/site-packages/airflow/example_dags/example_branch_operator_decorator.py
[2024-04-20T05:53:34.033+0000] {logging_mixin.py:117} INFO - [2024-04-20T05:53:34.033+0000] {dag.py:2573} INFO - Sync 1 DAGs
[2024-04-20T05:53:34.063+0000] {logging_mixin.py:117} INFO - [2024-04-20T05:53:34.063+0000] {dag.py:3328} INFO - Setting next_dagrun for example_branch_python_operator_decorator to 2024-04-19T00:00:00+00:00, run_after=2024-04-20T00:00:00+00:00
[2024-04-20T05:53:34.088+0000] {processor.py:178} INFO - Processing /home/airflow/.local/lib/python3.7/site-packages/airflow/example_dags/example_branch_operator_decorator.py took 0.207 seconds
[2024-04-20T05:54:04.423+0000] {processor.py:156} INFO - Started process (PID=10497) to work on /home/airflow/.local/lib/python3.7/site-packages/airflow/example_dags/example_branch_operator_decorator.py
[2024-04-20T05:54:04.424+0000] {processor.py:758} INFO - Processing file /home/airflow/.local/lib/python3.7/site-packages/airflow/example_dags/example_branch_operator_decorator.py for tasks to queue
[2024-04-20T05:54:04.424+0000] {logging_mixin.py:117} INFO - [2024-04-20T05:54:04.424+0000] {dagbag.py:525} INFO - Filling up the DagBag from /home/airflow/.local/lib/python3.7/site-packages/airflow/example_dags/example_branch_operator_decorator.py
[2024-04-20T05:54:04.477+0000] {processor.py:768} INFO - DAG(s) dict_keys(['example_branch_python_operator_decorator']) retrieved from /home/airflow/.local/lib/python3.7/site-packages/airflow/example_dags/example_branch_operator_decorator.py
[2024-04-20T05:54:04.575+0000] {logging_mixin.py:117} INFO - [2024-04-20T05:54:04.575+0000] {dag.py:2573} INFO - Sync 1 DAGs
[2024-04-20T05:54:04.645+0000] {logging_mixin.py:117} INFO - [2024-04-20T05:54:04.645+0000] {dag.py:3328} INFO - Setting next_dagrun for example_branch_python_operator_decorator to 2024-04-19T00:00:00+00:00, run_after=2024-04-20T00:00:00+00:00
[2024-04-20T05:54:04.698+0000] {processor.py:178} INFO - Processing /home/airflow/.local/lib/python3.7/site-packages/airflow/example_dags/example_branch_operator_decorator.py took 0.278 seconds
[2024-04-20T05:54:35.154+0000] {processor.py:156} INFO - Started process (PID=10724) to work on /home/airflow/.local/lib/python3.7/site-packages/airflow/example_dags/example_branch_operator_decorator.py
[2024-04-20T05:54:35.155+0000] {processor.py:758} INFO - Processing file /home/airflow/.local/lib/python3.7/site-packages/airflow/example_dags/example_branch_operator_decorator.py for tasks to queue
[2024-04-20T05:54:35.155+0000] {logging_mixin.py:117} INFO - [2024-04-20T05:54:35.155+0000] {dagbag.py:525} INFO - Filling up the DagBag from /home/airflow/.local/lib/python3.7/site-packages/airflow/example_dags/example_branch_operator_decorator.py
[2024-04-20T05:54:35.188+0000] {processor.py:768} INFO - DAG(s) dict_keys(['example_branch_python_operator_decorator']) retrieved from /home/airflow/.local/lib/python3.7/site-packages/airflow/example_dags/example_branch_operator_decorator.py
[2024-04-20T05:54:35.246+0000] {logging_mixin.py:117} INFO - [2024-04-20T05:54:35.245+0000] {dag.py:2573} INFO - Sync 1 DAGs
[2024-04-20T05:54:35.296+0000] {logging_mixin.py:117} INFO - [2024-04-20T05:54:35.296+0000] {dag.py:3328} INFO - Setting next_dagrun for example_branch_python_operator_decorator to 2024-04-19T00:00:00+00:00, run_after=2024-04-20T00:00:00+00:00
[2024-04-20T05:54:35.324+0000] {processor.py:178} INFO - Processing /home/airflow/.local/lib/python3.7/site-packages/airflow/example_dags/example_branch_operator_decorator.py took 0.173 seconds
[2024-04-20T05:55:06.273+0000] {processor.py:156} INFO - Started process (PID=10952) to work on /home/airflow/.local/lib/python3.7/site-packages/airflow/example_dags/example_branch_operator_decorator.py
[2024-04-20T05:55:06.274+0000] {processor.py:758} INFO - Processing file /home/airflow/.local/lib/python3.7/site-packages/airflow/example_dags/example_branch_operator_decorator.py for tasks to queue
[2024-04-20T05:55:06.274+0000] {logging_mixin.py:117} INFO - [2024-04-20T05:55:06.274+0000] {dagbag.py:525} INFO - Filling up the DagBag from /home/airflow/.local/lib/python3.7/site-packages/airflow/example_dags/example_branch_operator_decorator.py
[2024-04-20T05:55:06.306+0000] {processor.py:768} INFO - DAG(s) dict_keys(['example_branch_python_operator_decorator']) retrieved from /home/airflow/.local/lib/python3.7/site-packages/airflow/example_dags/example_branch_operator_decorator.py
[2024-04-20T05:55:06.361+0000] {logging_mixin.py:117} INFO - [2024-04-20T05:55:06.360+0000] {dag.py:2573} INFO - Sync 1 DAGs
[2024-04-20T05:55:06.394+0000] {logging_mixin.py:117} INFO - [2024-04-20T05:55:06.394+0000] {dag.py:3328} INFO - Setting next_dagrun for example_branch_python_operator_decorator to 2024-04-19T00:00:00+00:00, run_after=2024-04-20T00:00:00+00:00
[2024-04-20T05:55:06.445+0000] {processor.py:178} INFO - Processing /home/airflow/.local/lib/python3.7/site-packages/airflow/example_dags/example_branch_operator_decorator.py took 0.175 seconds
[2024-04-20T05:55:37.031+0000] {processor.py:156} INFO - Started process (PID=11181) to work on /home/airflow/.local/lib/python3.7/site-packages/airflow/example_dags/example_branch_operator_decorator.py
[2024-04-20T05:55:37.038+0000] {processor.py:758} INFO - Processing file /home/airflow/.local/lib/python3.7/site-packages/airflow/example_dags/example_branch_operator_decorator.py for tasks to queue
[2024-04-20T05:55:37.039+0000] {logging_mixin.py:117} INFO - [2024-04-20T05:55:37.039+0000] {dagbag.py:525} INFO - Filling up the DagBag from /home/airflow/.local/lib/python3.7/site-packages/airflow/example_dags/example_branch_operator_decorator.py
[2024-04-20T05:55:37.110+0000] {processor.py:768} INFO - DAG(s) dict_keys(['example_branch_python_operator_decorator']) retrieved from /home/airflow/.local/lib/python3.7/site-packages/airflow/example_dags/example_branch_operator_decorator.py
[2024-04-20T05:55:37.243+0000] {logging_mixin.py:117} INFO - [2024-04-20T05:55:37.243+0000] {dag.py:2573} INFO - Sync 1 DAGs
[2024-04-20T05:55:37.328+0000] {logging_mixin.py:117} INFO - [2024-04-20T05:55:37.328+0000] {dag.py:3328} INFO - Setting next_dagrun for example_branch_python_operator_decorator to 2024-04-19T00:00:00+00:00, run_after=2024-04-20T00:00:00+00:00
[2024-04-20T05:55:37.403+0000] {processor.py:178} INFO - Processing /home/airflow/.local/lib/python3.7/site-packages/airflow/example_dags/example_branch_operator_decorator.py took 0.377 seconds
[2024-04-20T05:56:48.949+0000] {processor.py:156} INFO - Started process (PID=355) to work on /home/airflow/.local/lib/python3.7/site-packages/airflow/example_dags/example_branch_operator_decorator.py
[2024-04-20T05:56:48.956+0000] {processor.py:758} INFO - Processing file /home/airflow/.local/lib/python3.7/site-packages/airflow/example_dags/example_branch_operator_decorator.py for tasks to queue
[2024-04-20T05:56:48.957+0000] {logging_mixin.py:117} INFO - [2024-04-20T05:56:48.957+0000] {dagbag.py:525} INFO - Filling up the DagBag from /home/airflow/.local/lib/python3.7/site-packages/airflow/example_dags/example_branch_operator_decorator.py
[2024-04-20T05:56:49.057+0000] {processor.py:768} INFO - DAG(s) dict_keys(['example_branch_python_operator_decorator']) retrieved from /home/airflow/.local/lib/python3.7/site-packages/airflow/example_dags/example_branch_operator_decorator.py
[2024-04-20T05:56:49.153+0000] {logging_mixin.py:117} INFO - [2024-04-20T05:56:49.153+0000] {dag.py:2573} INFO - Sync 1 DAGs
[2024-04-20T05:56:49.233+0000] {logging_mixin.py:117} INFO - [2024-04-20T05:56:49.233+0000] {dag.py:3328} INFO - Setting next_dagrun for example_branch_python_operator_decorator to 2024-04-19T00:00:00+00:00, run_after=2024-04-20T00:00:00+00:00
[2024-04-20T05:56:49.740+0000] {processor.py:178} INFO - Processing /home/airflow/.local/lib/python3.7/site-packages/airflow/example_dags/example_branch_operator_decorator.py took 0.794 seconds
[2024-04-20T05:57:20.902+0000] {processor.py:156} INFO - Started process (PID=573) to work on /home/airflow/.local/lib/python3.7/site-packages/airflow/example_dags/example_branch_operator_decorator.py
[2024-04-20T05:57:20.903+0000] {processor.py:758} INFO - Processing file /home/airflow/.local/lib/python3.7/site-packages/airflow/example_dags/example_branch_operator_decorator.py for tasks to queue
[2024-04-20T05:57:20.904+0000] {logging_mixin.py:117} INFO - [2024-04-20T05:57:20.903+0000] {dagbag.py:525} INFO - Filling up the DagBag from /home/airflow/.local/lib/python3.7/site-packages/airflow/example_dags/example_branch_operator_decorator.py
[2024-04-20T05:57:20.936+0000] {processor.py:768} INFO - DAG(s) dict_keys(['example_branch_python_operator_decorator']) retrieved from /home/airflow/.local/lib/python3.7/site-packages/airflow/example_dags/example_branch_operator_decorator.py
[2024-04-20T05:57:20.984+0000] {logging_mixin.py:117} INFO - [2024-04-20T05:57:20.983+0000] {dag.py:2573} INFO - Sync 1 DAGs
[2024-04-20T05:57:21.392+0000] {logging_mixin.py:117} INFO - [2024-04-20T05:57:21.392+0000] {dag.py:3328} INFO - Setting next_dagrun for example_branch_python_operator_decorator to 2024-04-19T00:00:00+00:00, run_after=2024-04-20T00:00:00+00:00
[2024-04-20T05:57:21.437+0000] {processor.py:178} INFO - Processing /home/airflow/.local/lib/python3.7/site-packages/airflow/example_dags/example_branch_operator_decorator.py took 0.538 seconds
[2024-04-20T05:57:52.051+0000] {processor.py:156} INFO - Started process (PID=802) to work on /home/airflow/.local/lib/python3.7/site-packages/airflow/example_dags/example_branch_operator_decorator.py
[2024-04-20T05:57:52.052+0000] {processor.py:758} INFO - Processing file /home/airflow/.local/lib/python3.7/site-packages/airflow/example_dags/example_branch_operator_decorator.py for tasks to queue
[2024-04-20T05:57:52.053+0000] {logging_mixin.py:117} INFO - [2024-04-20T05:57:52.052+0000] {dagbag.py:525} INFO - Filling up the DagBag from /home/airflow/.local/lib/python3.7/site-packages/airflow/example_dags/example_branch_operator_decorator.py
[2024-04-20T05:57:52.104+0000] {processor.py:768} INFO - DAG(s) dict_keys(['example_branch_python_operator_decorator']) retrieved from /home/airflow/.local/lib/python3.7/site-packages/airflow/example_dags/example_branch_operator_decorator.py
[2024-04-20T05:57:52.298+0000] {logging_mixin.py:117} INFO - [2024-04-20T05:57:52.298+0000] {dag.py:2573} INFO - Sync 1 DAGs
[2024-04-20T05:57:52.331+0000] {logging_mixin.py:117} INFO - [2024-04-20T05:57:52.331+0000] {dag.py:3328} INFO - Setting next_dagrun for example_branch_python_operator_decorator to 2024-04-19T00:00:00+00:00, run_after=2024-04-20T00:00:00+00:00
[2024-04-20T05:57:52.363+0000] {processor.py:178} INFO - Processing /home/airflow/.local/lib/python3.7/site-packages/airflow/example_dags/example_branch_operator_decorator.py took 0.315 seconds
[2024-04-20T05:58:23.024+0000] {processor.py:156} INFO - Started process (PID=1024) to work on /home/airflow/.local/lib/python3.7/site-packages/airflow/example_dags/example_branch_operator_decorator.py
[2024-04-20T05:58:23.024+0000] {processor.py:758} INFO - Processing file /home/airflow/.local/lib/python3.7/site-packages/airflow/example_dags/example_branch_operator_decorator.py for tasks to queue
[2024-04-20T05:58:23.025+0000] {logging_mixin.py:117} INFO - [2024-04-20T05:58:23.025+0000] {dagbag.py:525} INFO - Filling up the DagBag from /home/airflow/.local/lib/python3.7/site-packages/airflow/example_dags/example_branch_operator_decorator.py
[2024-04-20T05:58:23.057+0000] {processor.py:768} INFO - DAG(s) dict_keys(['example_branch_python_operator_decorator']) retrieved from /home/airflow/.local/lib/python3.7/site-packages/airflow/example_dags/example_branch_operator_decorator.py
[2024-04-20T05:58:23.384+0000] {logging_mixin.py:117} INFO - [2024-04-20T05:58:23.384+0000] {dag.py:2573} INFO - Sync 1 DAGs
[2024-04-20T05:58:23.433+0000] {logging_mixin.py:117} INFO - [2024-04-20T05:58:23.433+0000] {dag.py:3328} INFO - Setting next_dagrun for example_branch_python_operator_decorator to 2024-04-19T00:00:00+00:00, run_after=2024-04-20T00:00:00+00:00
[2024-04-20T05:58:23.478+0000] {processor.py:178} INFO - Processing /home/airflow/.local/lib/python3.7/site-packages/airflow/example_dags/example_branch_operator_decorator.py took 0.457 seconds
[2024-04-20T05:58:53.661+0000] {processor.py:156} INFO - Started process (PID=1252) to work on /home/airflow/.local/lib/python3.7/site-packages/airflow/example_dags/example_branch_operator_decorator.py
[2024-04-20T05:58:53.663+0000] {processor.py:758} INFO - Processing file /home/airflow/.local/lib/python3.7/site-packages/airflow/example_dags/example_branch_operator_decorator.py for tasks to queue
[2024-04-20T05:58:53.664+0000] {logging_mixin.py:117} INFO - [2024-04-20T05:58:53.664+0000] {dagbag.py:525} INFO - Filling up the DagBag from /home/airflow/.local/lib/python3.7/site-packages/airflow/example_dags/example_branch_operator_decorator.py
[2024-04-20T05:58:53.708+0000] {processor.py:768} INFO - DAG(s) dict_keys(['example_branch_python_operator_decorator']) retrieved from /home/airflow/.local/lib/python3.7/site-packages/airflow/example_dags/example_branch_operator_decorator.py
[2024-04-20T05:58:53.967+0000] {logging_mixin.py:117} INFO - [2024-04-20T05:58:53.967+0000] {dag.py:2573} INFO - Sync 1 DAGs
[2024-04-20T05:58:54.023+0000] {logging_mixin.py:117} INFO - [2024-04-20T05:58:54.023+0000] {dag.py:3328} INFO - Setting next_dagrun for example_branch_python_operator_decorator to 2024-04-19T00:00:00+00:00, run_after=2024-04-20T00:00:00+00:00
[2024-04-20T05:58:54.072+0000] {processor.py:178} INFO - Processing /home/airflow/.local/lib/python3.7/site-packages/airflow/example_dags/example_branch_operator_decorator.py took 0.419 seconds
[2024-04-20T05:59:24.391+0000] {processor.py:156} INFO - Started process (PID=1480) to work on /home/airflow/.local/lib/python3.7/site-packages/airflow/example_dags/example_branch_operator_decorator.py
[2024-04-20T05:59:24.393+0000] {processor.py:758} INFO - Processing file /home/airflow/.local/lib/python3.7/site-packages/airflow/example_dags/example_branch_operator_decorator.py for tasks to queue
[2024-04-20T05:59:24.393+0000] {logging_mixin.py:117} INFO - [2024-04-20T05:59:24.393+0000] {dagbag.py:525} INFO - Filling up the DagBag from /home/airflow/.local/lib/python3.7/site-packages/airflow/example_dags/example_branch_operator_decorator.py
[2024-04-20T05:59:24.702+0000] {processor.py:768} INFO - DAG(s) dict_keys(['example_branch_python_operator_decorator']) retrieved from /home/airflow/.local/lib/python3.7/site-packages/airflow/example_dags/example_branch_operator_decorator.py
[2024-04-20T05:59:24.744+0000] {logging_mixin.py:117} INFO - [2024-04-20T05:59:24.744+0000] {dag.py:2573} INFO - Sync 1 DAGs
[2024-04-20T05:59:24.785+0000] {logging_mixin.py:117} INFO - [2024-04-20T05:59:24.785+0000] {dag.py:3328} INFO - Setting next_dagrun for example_branch_python_operator_decorator to 2024-04-19T00:00:00+00:00, run_after=2024-04-20T00:00:00+00:00
[2024-04-20T05:59:24.809+0000] {processor.py:178} INFO - Processing /home/airflow/.local/lib/python3.7/site-packages/airflow/example_dags/example_branch_operator_decorator.py took 0.422 seconds
[2024-04-20T05:59:54.905+0000] {processor.py:156} INFO - Started process (PID=1698) to work on /home/airflow/.local/lib/python3.7/site-packages/airflow/example_dags/example_branch_operator_decorator.py
[2024-04-20T05:59:54.906+0000] {processor.py:758} INFO - Processing file /home/airflow/.local/lib/python3.7/site-packages/airflow/example_dags/example_branch_operator_decorator.py for tasks to queue
[2024-04-20T05:59:54.907+0000] {logging_mixin.py:117} INFO - [2024-04-20T05:59:54.907+0000] {dagbag.py:525} INFO - Filling up the DagBag from /home/airflow/.local/lib/python3.7/site-packages/airflow/example_dags/example_branch_operator_decorator.py
[2024-04-20T05:59:54.965+0000] {processor.py:768} INFO - DAG(s) dict_keys(['example_branch_python_operator_decorator']) retrieved from /home/airflow/.local/lib/python3.7/site-packages/airflow/example_dags/example_branch_operator_decorator.py
[2024-04-20T05:59:55.062+0000] {logging_mixin.py:117} INFO - [2024-04-20T05:59:55.062+0000] {dag.py:2573} INFO - Sync 1 DAGs
[2024-04-20T05:59:55.124+0000] {logging_mixin.py:117} INFO - [2024-04-20T05:59:55.124+0000] {dag.py:3328} INFO - Setting next_dagrun for example_branch_python_operator_decorator to 2024-04-19T00:00:00+00:00, run_after=2024-04-20T00:00:00+00:00
[2024-04-20T05:59:55.228+0000] {processor.py:178} INFO - Processing /home/airflow/.local/lib/python3.7/site-packages/airflow/example_dags/example_branch_operator_decorator.py took 0.326 seconds
[2024-04-20T06:00:25.558+0000] {processor.py:156} INFO - Started process (PID=1925) to work on /home/airflow/.local/lib/python3.7/site-packages/airflow/example_dags/example_branch_operator_decorator.py
[2024-04-20T06:00:25.559+0000] {processor.py:758} INFO - Processing file /home/airflow/.local/lib/python3.7/site-packages/airflow/example_dags/example_branch_operator_decorator.py for tasks to queue
[2024-04-20T06:00:25.559+0000] {logging_mixin.py:117} INFO - [2024-04-20T06:00:25.559+0000] {dagbag.py:525} INFO - Filling up the DagBag from /home/airflow/.local/lib/python3.7/site-packages/airflow/example_dags/example_branch_operator_decorator.py
[2024-04-20T06:00:25.590+0000] {processor.py:768} INFO - DAG(s) dict_keys(['example_branch_python_operator_decorator']) retrieved from /home/airflow/.local/lib/python3.7/site-packages/airflow/example_dags/example_branch_operator_decorator.py
[2024-04-20T06:00:25.644+0000] {logging_mixin.py:117} INFO - [2024-04-20T06:00:25.644+0000] {dag.py:2573} INFO - Sync 1 DAGs
[2024-04-20T06:00:25.677+0000] {logging_mixin.py:117} INFO - [2024-04-20T06:00:25.677+0000] {dag.py:3328} INFO - Setting next_dagrun for example_branch_python_operator_decorator to 2024-04-19T00:00:00+00:00, run_after=2024-04-20T00:00:00+00:00
[2024-04-20T06:00:25.702+0000] {processor.py:178} INFO - Processing /home/airflow/.local/lib/python3.7/site-packages/airflow/example_dags/example_branch_operator_decorator.py took 0.148 seconds
[2024-04-20T06:00:56.224+0000] {processor.py:156} INFO - Started process (PID=2152) to work on /home/airflow/.local/lib/python3.7/site-packages/airflow/example_dags/example_branch_operator_decorator.py
[2024-04-20T06:00:56.225+0000] {processor.py:758} INFO - Processing file /home/airflow/.local/lib/python3.7/site-packages/airflow/example_dags/example_branch_operator_decorator.py for tasks to queue
[2024-04-20T06:00:56.225+0000] {logging_mixin.py:117} INFO - [2024-04-20T06:00:56.225+0000] {dagbag.py:525} INFO - Filling up the DagBag from /home/airflow/.local/lib/python3.7/site-packages/airflow/example_dags/example_branch_operator_decorator.py
[2024-04-20T06:00:56.258+0000] {processor.py:768} INFO - DAG(s) dict_keys(['example_branch_python_operator_decorator']) retrieved from /home/airflow/.local/lib/python3.7/site-packages/airflow/example_dags/example_branch_operator_decorator.py
[2024-04-20T06:00:56.307+0000] {logging_mixin.py:117} INFO - [2024-04-20T06:00:56.307+0000] {dag.py:2573} INFO - Sync 1 DAGs
[2024-04-20T06:00:56.346+0000] {logging_mixin.py:117} INFO - [2024-04-20T06:00:56.345+0000] {dag.py:3328} INFO - Setting next_dagrun for example_branch_python_operator_decorator to 2024-04-19T00:00:00+00:00, run_after=2024-04-20T00:00:00+00:00
[2024-04-20T06:00:56.370+0000] {processor.py:178} INFO - Processing /home/airflow/.local/lib/python3.7/site-packages/airflow/example_dags/example_branch_operator_decorator.py took 0.149 seconds
[2024-04-20T06:01:26.898+0000] {processor.py:156} INFO - Started process (PID=2370) to work on /home/airflow/.local/lib/python3.7/site-packages/airflow/example_dags/example_branch_operator_decorator.py
[2024-04-20T06:01:26.899+0000] {processor.py:758} INFO - Processing file /home/airflow/.local/lib/python3.7/site-packages/airflow/example_dags/example_branch_operator_decorator.py for tasks to queue
[2024-04-20T06:01:26.900+0000] {logging_mixin.py:117} INFO - [2024-04-20T06:01:26.899+0000] {dagbag.py:525} INFO - Filling up the DagBag from /home/airflow/.local/lib/python3.7/site-packages/airflow/example_dags/example_branch_operator_decorator.py
[2024-04-20T06:01:26.933+0000] {processor.py:768} INFO - DAG(s) dict_keys(['example_branch_python_operator_decorator']) retrieved from /home/airflow/.local/lib/python3.7/site-packages/airflow/example_dags/example_branch_operator_decorator.py
[2024-04-20T06:01:26.984+0000] {logging_mixin.py:117} INFO - [2024-04-20T06:01:26.984+0000] {dag.py:2573} INFO - Sync 1 DAGs
[2024-04-20T06:01:27.021+0000] {logging_mixin.py:117} INFO - [2024-04-20T06:01:27.021+0000] {dag.py:3328} INFO - Setting next_dagrun for example_branch_python_operator_decorator to 2024-04-19T00:00:00+00:00, run_after=2024-04-20T00:00:00+00:00
[2024-04-20T06:01:27.049+0000] {processor.py:178} INFO - Processing /home/airflow/.local/lib/python3.7/site-packages/airflow/example_dags/example_branch_operator_decorator.py took 0.154 seconds
[2024-04-20T06:01:57.313+0000] {processor.py:156} INFO - Started process (PID=2598) to work on /home/airflow/.local/lib/python3.7/site-packages/airflow/example_dags/example_branch_operator_decorator.py
[2024-04-20T06:01:57.314+0000] {processor.py:758} INFO - Processing file /home/airflow/.local/lib/python3.7/site-packages/airflow/example_dags/example_branch_operator_decorator.py for tasks to queue
[2024-04-20T06:01:57.315+0000] {logging_mixin.py:117} INFO - [2024-04-20T06:01:57.315+0000] {dagbag.py:525} INFO - Filling up the DagBag from /home/airflow/.local/lib/python3.7/site-packages/airflow/example_dags/example_branch_operator_decorator.py
[2024-04-20T06:01:57.347+0000] {processor.py:768} INFO - DAG(s) dict_keys(['example_branch_python_operator_decorator']) retrieved from /home/airflow/.local/lib/python3.7/site-packages/airflow/example_dags/example_branch_operator_decorator.py
[2024-04-20T06:01:57.404+0000] {logging_mixin.py:117} INFO - [2024-04-20T06:01:57.404+0000] {dag.py:2573} INFO - Sync 1 DAGs
[2024-04-20T06:01:57.453+0000] {logging_mixin.py:117} INFO - [2024-04-20T06:01:57.453+0000] {dag.py:3328} INFO - Setting next_dagrun for example_branch_python_operator_decorator to 2024-04-19T00:00:00+00:00, run_after=2024-04-20T00:00:00+00:00
[2024-04-20T06:01:57.486+0000] {processor.py:178} INFO - Processing /home/airflow/.local/lib/python3.7/site-packages/airflow/example_dags/example_branch_operator_decorator.py took 0.175 seconds
[2024-04-20T06:02:27.679+0000] {processor.py:156} INFO - Started process (PID=2826) to work on /home/airflow/.local/lib/python3.7/site-packages/airflow/example_dags/example_branch_operator_decorator.py
[2024-04-20T06:02:27.680+0000] {processor.py:758} INFO - Processing file /home/airflow/.local/lib/python3.7/site-packages/airflow/example_dags/example_branch_operator_decorator.py for tasks to queue
[2024-04-20T06:02:27.681+0000] {logging_mixin.py:117} INFO - [2024-04-20T06:02:27.680+0000] {dagbag.py:525} INFO - Filling up the DagBag from /home/airflow/.local/lib/python3.7/site-packages/airflow/example_dags/example_branch_operator_decorator.py
[2024-04-20T06:02:27.748+0000] {processor.py:768} INFO - DAG(s) dict_keys(['example_branch_python_operator_decorator']) retrieved from /home/airflow/.local/lib/python3.7/site-packages/airflow/example_dags/example_branch_operator_decorator.py
[2024-04-20T06:02:27.812+0000] {logging_mixin.py:117} INFO - [2024-04-20T06:02:27.811+0000] {dag.py:2573} INFO - Sync 1 DAGs
[2024-04-20T06:02:27.848+0000] {logging_mixin.py:117} INFO - [2024-04-20T06:02:27.846+0000] {dag.py:3328} INFO - Setting next_dagrun for example_branch_python_operator_decorator to 2024-04-19T00:00:00+00:00, run_after=2024-04-20T00:00:00+00:00
[2024-04-20T06:02:27.879+0000] {processor.py:178} INFO - Processing /home/airflow/.local/lib/python3.7/site-packages/airflow/example_dags/example_branch_operator_decorator.py took 0.204 seconds
[2024-04-20T06:02:58.436+0000] {processor.py:156} INFO - Started process (PID=3045) to work on /home/airflow/.local/lib/python3.7/site-packages/airflow/example_dags/example_branch_operator_decorator.py
[2024-04-20T06:02:58.437+0000] {processor.py:758} INFO - Processing file /home/airflow/.local/lib/python3.7/site-packages/airflow/example_dags/example_branch_operator_decorator.py for tasks to queue
[2024-04-20T06:02:58.438+0000] {logging_mixin.py:117} INFO - [2024-04-20T06:02:58.438+0000] {dagbag.py:525} INFO - Filling up the DagBag from /home/airflow/.local/lib/python3.7/site-packages/airflow/example_dags/example_branch_operator_decorator.py
[2024-04-20T06:02:58.507+0000] {processor.py:768} INFO - DAG(s) dict_keys(['example_branch_python_operator_decorator']) retrieved from /home/airflow/.local/lib/python3.7/site-packages/airflow/example_dags/example_branch_operator_decorator.py
[2024-04-20T06:02:58.570+0000] {logging_mixin.py:117} INFO - [2024-04-20T06:02:58.570+0000] {dag.py:2573} INFO - Sync 1 DAGs
[2024-04-20T06:02:58.610+0000] {logging_mixin.py:117} INFO - [2024-04-20T06:02:58.610+0000] {dag.py:3328} INFO - Setting next_dagrun for example_branch_python_operator_decorator to 2024-04-19T00:00:00+00:00, run_after=2024-04-20T00:00:00+00:00
[2024-04-20T06:02:58.634+0000] {processor.py:178} INFO - Processing /home/airflow/.local/lib/python3.7/site-packages/airflow/example_dags/example_branch_operator_decorator.py took 0.202 seconds
[2024-04-20T06:03:28.931+0000] {processor.py:156} INFO - Started process (PID=3271) to work on /home/airflow/.local/lib/python3.7/site-packages/airflow/example_dags/example_branch_operator_decorator.py
[2024-04-20T06:03:28.932+0000] {processor.py:758} INFO - Processing file /home/airflow/.local/lib/python3.7/site-packages/airflow/example_dags/example_branch_operator_decorator.py for tasks to queue
[2024-04-20T06:03:28.933+0000] {logging_mixin.py:117} INFO - [2024-04-20T06:03:28.932+0000] {dagbag.py:525} INFO - Filling up the DagBag from /home/airflow/.local/lib/python3.7/site-packages/airflow/example_dags/example_branch_operator_decorator.py
[2024-04-20T06:03:28.967+0000] {processor.py:768} INFO - DAG(s) dict_keys(['example_branch_python_operator_decorator']) retrieved from /home/airflow/.local/lib/python3.7/site-packages/airflow/example_dags/example_branch_operator_decorator.py
[2024-04-20T06:03:29.020+0000] {logging_mixin.py:117} INFO - [2024-04-20T06:03:29.020+0000] {dag.py:2573} INFO - Sync 1 DAGs
[2024-04-20T06:03:29.054+0000] {logging_mixin.py:117} INFO - [2024-04-20T06:03:29.054+0000] {dag.py:3328} INFO - Setting next_dagrun for example_branch_python_operator_decorator to 2024-04-19T00:00:00+00:00, run_after=2024-04-20T00:00:00+00:00
[2024-04-20T06:03:29.079+0000] {processor.py:178} INFO - Processing /home/airflow/.local/lib/python3.7/site-packages/airflow/example_dags/example_branch_operator_decorator.py took 0.151 seconds
