[2024-04-20T05:32:00.777+0000] {processor.py:156} INFO - Started process (PID=342) to work on /home/airflow/.local/lib/python3.7/site-packages/airflow/example_dags/example_branch_day_of_week_operator.py
[2024-04-20T05:32:00.777+0000] {processor.py:758} INFO - Processing file /home/airflow/.local/lib/python3.7/site-packages/airflow/example_dags/example_branch_day_of_week_operator.py for tasks to queue
[2024-04-20T05:32:00.790+0000] {logging_mixin.py:117} INFO - [2024-04-20T05:32:00.790+0000] {dagbag.py:525} INFO - Filling up the DagBag from /home/airflow/.local/lib/python3.7/site-packages/airflow/example_dags/example_branch_day_of_week_operator.py
[2024-04-20T05:32:00.872+0000] {processor.py:768} INFO - DAG(s) dict_keys(['example_weekday_branch_operator']) retrieved from /home/airflow/.local/lib/python3.7/site-packages/airflow/example_dags/example_branch_day_of_week_operator.py
[2024-04-20T05:32:01.776+0000] {logging_mixin.py:117} INFO - [2024-04-20T05:32:01.776+0000] {manager.py:507} INFO - Created Permission View: can delete on DAG:example_weekday_branch_operator
[2024-04-20T05:32:01.809+0000] {logging_mixin.py:117} INFO - [2024-04-20T05:32:01.808+0000] {manager.py:507} INFO - Created Permission View: can edit on DAG:example_weekday_branch_operator
[2024-04-20T05:32:01.836+0000] {logging_mixin.py:117} INFO - [2024-04-20T05:32:01.836+0000] {manager.py:507} INFO - Created Permission View: can read on DAG:example_weekday_branch_operator
[2024-04-20T05:32:01.837+0000] {logging_mixin.py:117} INFO - [2024-04-20T05:32:01.837+0000] {dag.py:2573} INFO - Sync 1 DAGs
[2024-04-20T05:32:01.876+0000] {logging_mixin.py:117} INFO - [2024-04-20T05:32:01.876+0000] {dag.py:2594} INFO - Creating ORM DAG for example_weekday_branch_operator
[2024-04-20T05:32:01.908+0000] {logging_mixin.py:117} INFO - [2024-04-20T05:32:01.908+0000] {dag.py:3328} INFO - Setting next_dagrun for example_weekday_branch_operator to 2024-04-19T00:00:00+00:00, run_after=2024-04-20T00:00:00+00:00
[2024-04-20T05:32:01.994+0000] {processor.py:178} INFO - Processing /home/airflow/.local/lib/python3.7/site-packages/airflow/example_dags/example_branch_day_of_week_operator.py took 1.226 seconds
[2024-04-20T05:32:32.550+0000] {processor.py:156} INFO - Started process (PID=562) to work on /home/airflow/.local/lib/python3.7/site-packages/airflow/example_dags/example_branch_day_of_week_operator.py
[2024-04-20T05:32:32.551+0000] {processor.py:758} INFO - Processing file /home/airflow/.local/lib/python3.7/site-packages/airflow/example_dags/example_branch_day_of_week_operator.py for tasks to queue
[2024-04-20T05:32:32.551+0000] {logging_mixin.py:117} INFO - [2024-04-20T05:32:32.551+0000] {dagbag.py:525} INFO - Filling up the DagBag from /home/airflow/.local/lib/python3.7/site-packages/airflow/example_dags/example_branch_day_of_week_operator.py
[2024-04-20T05:32:32.567+0000] {processor.py:768} INFO - DAG(s) dict_keys(['example_weekday_branch_operator']) retrieved from /home/airflow/.local/lib/python3.7/site-packages/airflow/example_dags/example_branch_day_of_week_operator.py
[2024-04-20T05:32:32.600+0000] {logging_mixin.py:117} INFO - [2024-04-20T05:32:32.600+0000] {dag.py:2573} INFO - Sync 1 DAGs
[2024-04-20T05:32:32.621+0000] {logging_mixin.py:117} INFO - [2024-04-20T05:32:32.621+0000] {dag.py:3328} INFO - Setting next_dagrun for example_weekday_branch_operator to 2024-04-19T00:00:00+00:00, run_after=2024-04-20T00:00:00+00:00
[2024-04-20T05:32:32.755+0000] {processor.py:178} INFO - Processing /home/airflow/.local/lib/python3.7/site-packages/airflow/example_dags/example_branch_day_of_week_operator.py took 0.207 seconds
[2024-04-20T05:33:03.514+0000] {processor.py:156} INFO - Started process (PID=777) to work on /home/airflow/.local/lib/python3.7/site-packages/airflow/example_dags/example_branch_day_of_week_operator.py
[2024-04-20T05:33:03.515+0000] {processor.py:758} INFO - Processing file /home/airflow/.local/lib/python3.7/site-packages/airflow/example_dags/example_branch_day_of_week_operator.py for tasks to queue
[2024-04-20T05:33:03.515+0000] {logging_mixin.py:117} INFO - [2024-04-20T05:33:03.515+0000] {dagbag.py:525} INFO - Filling up the DagBag from /home/airflow/.local/lib/python3.7/site-packages/airflow/example_dags/example_branch_day_of_week_operator.py
[2024-04-20T05:33:03.529+0000] {processor.py:768} INFO - DAG(s) dict_keys(['example_weekday_branch_operator']) retrieved from /home/airflow/.local/lib/python3.7/site-packages/airflow/example_dags/example_branch_day_of_week_operator.py
[2024-04-20T05:33:03.561+0000] {logging_mixin.py:117} INFO - [2024-04-20T05:33:03.561+0000] {dag.py:2573} INFO - Sync 1 DAGs
[2024-04-20T05:33:03.695+0000] {logging_mixin.py:117} INFO - [2024-04-20T05:33:03.695+0000] {dag.py:3328} INFO - Setting next_dagrun for example_weekday_branch_operator to 2024-04-19T00:00:00+00:00, run_after=2024-04-20T00:00:00+00:00
[2024-04-20T05:33:03.717+0000] {processor.py:178} INFO - Processing /home/airflow/.local/lib/python3.7/site-packages/airflow/example_dags/example_branch_day_of_week_operator.py took 0.206 seconds
[2024-04-20T05:33:34.443+0000] {processor.py:156} INFO - Started process (PID=1000) to work on /home/airflow/.local/lib/python3.7/site-packages/airflow/example_dags/example_branch_day_of_week_operator.py
[2024-04-20T05:33:34.443+0000] {processor.py:758} INFO - Processing file /home/airflow/.local/lib/python3.7/site-packages/airflow/example_dags/example_branch_day_of_week_operator.py for tasks to queue
[2024-04-20T05:33:34.444+0000] {logging_mixin.py:117} INFO - [2024-04-20T05:33:34.444+0000] {dagbag.py:525} INFO - Filling up the DagBag from /home/airflow/.local/lib/python3.7/site-packages/airflow/example_dags/example_branch_day_of_week_operator.py
[2024-04-20T05:33:34.458+0000] {processor.py:768} INFO - DAG(s) dict_keys(['example_weekday_branch_operator']) retrieved from /home/airflow/.local/lib/python3.7/site-packages/airflow/example_dags/example_branch_day_of_week_operator.py
[2024-04-20T05:33:34.603+0000] {logging_mixin.py:117} INFO - [2024-04-20T05:33:34.603+0000] {dag.py:2573} INFO - Sync 1 DAGs
[2024-04-20T05:33:34.623+0000] {logging_mixin.py:117} INFO - [2024-04-20T05:33:34.623+0000] {dag.py:3328} INFO - Setting next_dagrun for example_weekday_branch_operator to 2024-04-19T00:00:00+00:00, run_after=2024-04-20T00:00:00+00:00
[2024-04-20T05:33:34.644+0000] {processor.py:178} INFO - Processing /home/airflow/.local/lib/python3.7/site-packages/airflow/example_dags/example_branch_day_of_week_operator.py took 0.204 seconds
[2024-04-20T05:34:04.807+0000] {processor.py:156} INFO - Started process (PID=1218) to work on /home/airflow/.local/lib/python3.7/site-packages/airflow/example_dags/example_branch_day_of_week_operator.py
[2024-04-20T05:34:04.811+0000] {processor.py:758} INFO - Processing file /home/airflow/.local/lib/python3.7/site-packages/airflow/example_dags/example_branch_day_of_week_operator.py for tasks to queue
[2024-04-20T05:34:04.812+0000] {logging_mixin.py:117} INFO - [2024-04-20T05:34:04.812+0000] {dagbag.py:525} INFO - Filling up the DagBag from /home/airflow/.local/lib/python3.7/site-packages/airflow/example_dags/example_branch_day_of_week_operator.py
[2024-04-20T05:34:04.851+0000] {processor.py:768} INFO - DAG(s) dict_keys(['example_weekday_branch_operator']) retrieved from /home/airflow/.local/lib/python3.7/site-packages/airflow/example_dags/example_branch_day_of_week_operator.py
[2024-04-20T05:34:05.512+0000] {logging_mixin.py:117} INFO - [2024-04-20T05:34:05.512+0000] {dag.py:2573} INFO - Sync 1 DAGs
[2024-04-20T05:34:05.544+0000] {logging_mixin.py:117} INFO - [2024-04-20T05:34:05.544+0000] {dag.py:3328} INFO - Setting next_dagrun for example_weekday_branch_operator to 2024-04-19T00:00:00+00:00, run_after=2024-04-20T00:00:00+00:00
[2024-04-20T05:34:05.577+0000] {processor.py:178} INFO - Processing /home/airflow/.local/lib/python3.7/site-packages/airflow/example_dags/example_branch_day_of_week_operator.py took 0.777 seconds
[2024-04-20T05:34:36.485+0000] {processor.py:156} INFO - Started process (PID=1427) to work on /home/airflow/.local/lib/python3.7/site-packages/airflow/example_dags/example_branch_day_of_week_operator.py
[2024-04-20T05:34:36.486+0000] {processor.py:758} INFO - Processing file /home/airflow/.local/lib/python3.7/site-packages/airflow/example_dags/example_branch_day_of_week_operator.py for tasks to queue
[2024-04-20T05:34:36.486+0000] {logging_mixin.py:117} INFO - [2024-04-20T05:34:36.486+0000] {dagbag.py:525} INFO - Filling up the DagBag from /home/airflow/.local/lib/python3.7/site-packages/airflow/example_dags/example_branch_day_of_week_operator.py
[2024-04-20T05:34:36.618+0000] {processor.py:768} INFO - DAG(s) dict_keys(['example_weekday_branch_operator']) retrieved from /home/airflow/.local/lib/python3.7/site-packages/airflow/example_dags/example_branch_day_of_week_operator.py
[2024-04-20T05:34:36.648+0000] {logging_mixin.py:117} INFO - [2024-04-20T05:34:36.647+0000] {dag.py:2573} INFO - Sync 1 DAGs
[2024-04-20T05:34:36.668+0000] {logging_mixin.py:117} INFO - [2024-04-20T05:34:36.668+0000] {dag.py:3328} INFO - Setting next_dagrun for example_weekday_branch_operator to 2024-04-19T00:00:00+00:00, run_after=2024-04-20T00:00:00+00:00
[2024-04-20T05:34:36.687+0000] {processor.py:178} INFO - Processing /home/airflow/.local/lib/python3.7/site-packages/airflow/example_dags/example_branch_day_of_week_operator.py took 0.204 seconds
[2024-04-20T05:35:07.107+0000] {processor.py:156} INFO - Started process (PID=1645) to work on /home/airflow/.local/lib/python3.7/site-packages/airflow/example_dags/example_branch_day_of_week_operator.py
[2024-04-20T05:35:07.108+0000] {processor.py:758} INFO - Processing file /home/airflow/.local/lib/python3.7/site-packages/airflow/example_dags/example_branch_day_of_week_operator.py for tasks to queue
[2024-04-20T05:35:07.109+0000] {logging_mixin.py:117} INFO - [2024-04-20T05:35:07.109+0000] {dagbag.py:525} INFO - Filling up the DagBag from /home/airflow/.local/lib/python3.7/site-packages/airflow/example_dags/example_branch_day_of_week_operator.py
[2024-04-20T05:35:07.151+0000] {processor.py:768} INFO - DAG(s) dict_keys(['example_weekday_branch_operator']) retrieved from /home/airflow/.local/lib/python3.7/site-packages/airflow/example_dags/example_branch_day_of_week_operator.py
[2024-04-20T05:35:07.252+0000] {logging_mixin.py:117} INFO - [2024-04-20T05:35:07.252+0000] {dag.py:2573} INFO - Sync 1 DAGs
[2024-04-20T05:35:07.311+0000] {logging_mixin.py:117} INFO - [2024-04-20T05:35:07.311+0000] {dag.py:3328} INFO - Setting next_dagrun for example_weekday_branch_operator to 2024-04-19T00:00:00+00:00, run_after=2024-04-20T00:00:00+00:00
[2024-04-20T05:35:07.363+0000] {processor.py:178} INFO - Processing /home/airflow/.local/lib/python3.7/site-packages/airflow/example_dags/example_branch_day_of_week_operator.py took 0.258 seconds
[2024-04-20T05:35:37.910+0000] {processor.py:156} INFO - Started process (PID=1853) to work on /home/airflow/.local/lib/python3.7/site-packages/airflow/example_dags/example_branch_day_of_week_operator.py
[2024-04-20T05:35:37.911+0000] {processor.py:758} INFO - Processing file /home/airflow/.local/lib/python3.7/site-packages/airflow/example_dags/example_branch_day_of_week_operator.py for tasks to queue
[2024-04-20T05:35:37.911+0000] {logging_mixin.py:117} INFO - [2024-04-20T05:35:37.911+0000] {dagbag.py:525} INFO - Filling up the DagBag from /home/airflow/.local/lib/python3.7/site-packages/airflow/example_dags/example_branch_day_of_week_operator.py
[2024-04-20T05:35:37.925+0000] {processor.py:768} INFO - DAG(s) dict_keys(['example_weekday_branch_operator']) retrieved from /home/airflow/.local/lib/python3.7/site-packages/airflow/example_dags/example_branch_day_of_week_operator.py
[2024-04-20T05:35:37.960+0000] {logging_mixin.py:117} INFO - [2024-04-20T05:35:37.960+0000] {dag.py:2573} INFO - Sync 1 DAGs
[2024-04-20T05:35:37.981+0000] {logging_mixin.py:117} INFO - [2024-04-20T05:35:37.981+0000] {dag.py:3328} INFO - Setting next_dagrun for example_weekday_branch_operator to 2024-04-19T00:00:00+00:00, run_after=2024-04-20T00:00:00+00:00
[2024-04-20T05:35:38.000+0000] {processor.py:178} INFO - Processing /home/airflow/.local/lib/python3.7/site-packages/airflow/example_dags/example_branch_day_of_week_operator.py took 0.094 seconds
[2024-04-20T05:36:08.682+0000] {processor.py:156} INFO - Started process (PID=2069) to work on /home/airflow/.local/lib/python3.7/site-packages/airflow/example_dags/example_branch_day_of_week_operator.py
[2024-04-20T05:36:08.683+0000] {processor.py:758} INFO - Processing file /home/airflow/.local/lib/python3.7/site-packages/airflow/example_dags/example_branch_day_of_week_operator.py for tasks to queue
[2024-04-20T05:36:08.684+0000] {logging_mixin.py:117} INFO - [2024-04-20T05:36:08.684+0000] {dagbag.py:525} INFO - Filling up the DagBag from /home/airflow/.local/lib/python3.7/site-packages/airflow/example_dags/example_branch_day_of_week_operator.py
[2024-04-20T05:36:08.697+0000] {processor.py:768} INFO - DAG(s) dict_keys(['example_weekday_branch_operator']) retrieved from /home/airflow/.local/lib/python3.7/site-packages/airflow/example_dags/example_branch_day_of_week_operator.py
[2024-04-20T05:36:08.731+0000] {logging_mixin.py:117} INFO - [2024-04-20T05:36:08.731+0000] {dag.py:2573} INFO - Sync 1 DAGs
[2024-04-20T05:36:08.754+0000] {logging_mixin.py:117} INFO - [2024-04-20T05:36:08.754+0000] {dag.py:3328} INFO - Setting next_dagrun for example_weekday_branch_operator to 2024-04-19T00:00:00+00:00, run_after=2024-04-20T00:00:00+00:00
[2024-04-20T05:36:08.774+0000] {processor.py:178} INFO - Processing /home/airflow/.local/lib/python3.7/site-packages/airflow/example_dags/example_branch_day_of_week_operator.py took 0.094 seconds
[2024-04-20T05:36:38.973+0000] {processor.py:156} INFO - Started process (PID=2287) to work on /home/airflow/.local/lib/python3.7/site-packages/airflow/example_dags/example_branch_day_of_week_operator.py
[2024-04-20T05:36:38.974+0000] {processor.py:758} INFO - Processing file /home/airflow/.local/lib/python3.7/site-packages/airflow/example_dags/example_branch_day_of_week_operator.py for tasks to queue
[2024-04-20T05:36:38.975+0000] {logging_mixin.py:117} INFO - [2024-04-20T05:36:38.975+0000] {dagbag.py:525} INFO - Filling up the DagBag from /home/airflow/.local/lib/python3.7/site-packages/airflow/example_dags/example_branch_day_of_week_operator.py
[2024-04-20T05:36:38.998+0000] {processor.py:768} INFO - DAG(s) dict_keys(['example_weekday_branch_operator']) retrieved from /home/airflow/.local/lib/python3.7/site-packages/airflow/example_dags/example_branch_day_of_week_operator.py
[2024-04-20T05:36:39.031+0000] {logging_mixin.py:117} INFO - [2024-04-20T05:36:39.031+0000] {dag.py:2573} INFO - Sync 1 DAGs
[2024-04-20T05:36:39.053+0000] {logging_mixin.py:117} INFO - [2024-04-20T05:36:39.053+0000] {dag.py:3328} INFO - Setting next_dagrun for example_weekday_branch_operator to 2024-04-19T00:00:00+00:00, run_after=2024-04-20T00:00:00+00:00
[2024-04-20T05:36:39.072+0000] {processor.py:178} INFO - Processing /home/airflow/.local/lib/python3.7/site-packages/airflow/example_dags/example_branch_day_of_week_operator.py took 0.102 seconds
[2024-04-20T05:37:09.781+0000] {processor.py:156} INFO - Started process (PID=2569) to work on /home/airflow/.local/lib/python3.7/site-packages/airflow/example_dags/example_branch_day_of_week_operator.py
[2024-04-20T05:37:09.781+0000] {processor.py:758} INFO - Processing file /home/airflow/.local/lib/python3.7/site-packages/airflow/example_dags/example_branch_day_of_week_operator.py for tasks to queue
[2024-04-20T05:37:09.782+0000] {logging_mixin.py:117} INFO - [2024-04-20T05:37:09.781+0000] {dagbag.py:525} INFO - Filling up the DagBag from /home/airflow/.local/lib/python3.7/site-packages/airflow/example_dags/example_branch_day_of_week_operator.py
[2024-04-20T05:37:09.797+0000] {processor.py:768} INFO - DAG(s) dict_keys(['example_weekday_branch_operator']) retrieved from /home/airflow/.local/lib/python3.7/site-packages/airflow/example_dags/example_branch_day_of_week_operator.py
[2024-04-20T05:37:09.839+0000] {logging_mixin.py:117} INFO - [2024-04-20T05:37:09.839+0000] {dag.py:2573} INFO - Sync 1 DAGs
[2024-04-20T05:37:09.861+0000] {logging_mixin.py:117} INFO - [2024-04-20T05:37:09.861+0000] {dag.py:3328} INFO - Setting next_dagrun for example_weekday_branch_operator to 2024-04-19T00:00:00+00:00, run_after=2024-04-20T00:00:00+00:00
[2024-04-20T05:37:09.880+0000] {processor.py:178} INFO - Processing /home/airflow/.local/lib/python3.7/site-packages/airflow/example_dags/example_branch_day_of_week_operator.py took 0.102 seconds
[2024-04-20T05:37:40.462+0000] {processor.py:156} INFO - Started process (PID=2818) to work on /home/airflow/.local/lib/python3.7/site-packages/airflow/example_dags/example_branch_day_of_week_operator.py
[2024-04-20T05:37:40.462+0000] {processor.py:758} INFO - Processing file /home/airflow/.local/lib/python3.7/site-packages/airflow/example_dags/example_branch_day_of_week_operator.py for tasks to queue
[2024-04-20T05:37:40.462+0000] {logging_mixin.py:117} INFO - [2024-04-20T05:37:40.462+0000] {dagbag.py:525} INFO - Filling up the DagBag from /home/airflow/.local/lib/python3.7/site-packages/airflow/example_dags/example_branch_day_of_week_operator.py
[2024-04-20T05:37:40.476+0000] {processor.py:768} INFO - DAG(s) dict_keys(['example_weekday_branch_operator']) retrieved from /home/airflow/.local/lib/python3.7/site-packages/airflow/example_dags/example_branch_day_of_week_operator.py
[2024-04-20T05:37:40.510+0000] {logging_mixin.py:117} INFO - [2024-04-20T05:37:40.510+0000] {dag.py:2573} INFO - Sync 1 DAGs
[2024-04-20T05:37:40.532+0000] {logging_mixin.py:117} INFO - [2024-04-20T05:37:40.532+0000] {dag.py:3328} INFO - Setting next_dagrun for example_weekday_branch_operator to 2024-04-19T00:00:00+00:00, run_after=2024-04-20T00:00:00+00:00
[2024-04-20T05:37:40.552+0000] {processor.py:178} INFO - Processing /home/airflow/.local/lib/python3.7/site-packages/airflow/example_dags/example_branch_day_of_week_operator.py took 0.093 seconds
[2024-04-20T05:38:10.824+0000] {processor.py:156} INFO - Started process (PID=3048) to work on /home/airflow/.local/lib/python3.7/site-packages/airflow/example_dags/example_branch_day_of_week_operator.py
[2024-04-20T05:38:10.824+0000] {processor.py:758} INFO - Processing file /home/airflow/.local/lib/python3.7/site-packages/airflow/example_dags/example_branch_day_of_week_operator.py for tasks to queue
[2024-04-20T05:38:10.825+0000] {logging_mixin.py:117} INFO - [2024-04-20T05:38:10.825+0000] {dagbag.py:525} INFO - Filling up the DagBag from /home/airflow/.local/lib/python3.7/site-packages/airflow/example_dags/example_branch_day_of_week_operator.py
[2024-04-20T05:38:10.839+0000] {processor.py:768} INFO - DAG(s) dict_keys(['example_weekday_branch_operator']) retrieved from /home/airflow/.local/lib/python3.7/site-packages/airflow/example_dags/example_branch_day_of_week_operator.py
[2024-04-20T05:38:10.872+0000] {logging_mixin.py:117} INFO - [2024-04-20T05:38:10.872+0000] {dag.py:2573} INFO - Sync 1 DAGs
[2024-04-20T05:38:10.893+0000] {logging_mixin.py:117} INFO - [2024-04-20T05:38:10.893+0000] {dag.py:3328} INFO - Setting next_dagrun for example_weekday_branch_operator to 2024-04-19T00:00:00+00:00, run_after=2024-04-20T00:00:00+00:00
[2024-04-20T05:38:10.913+0000] {processor.py:178} INFO - Processing /home/airflow/.local/lib/python3.7/site-packages/airflow/example_dags/example_branch_day_of_week_operator.py took 0.093 seconds
[2024-04-20T05:38:41.350+0000] {processor.py:156} INFO - Started process (PID=3276) to work on /home/airflow/.local/lib/python3.7/site-packages/airflow/example_dags/example_branch_day_of_week_operator.py
[2024-04-20T05:38:41.351+0000] {processor.py:758} INFO - Processing file /home/airflow/.local/lib/python3.7/site-packages/airflow/example_dags/example_branch_day_of_week_operator.py for tasks to queue
[2024-04-20T05:38:41.351+0000] {logging_mixin.py:117} INFO - [2024-04-20T05:38:41.351+0000] {dagbag.py:525} INFO - Filling up the DagBag from /home/airflow/.local/lib/python3.7/site-packages/airflow/example_dags/example_branch_day_of_week_operator.py
[2024-04-20T05:38:41.369+0000] {processor.py:768} INFO - DAG(s) dict_keys(['example_weekday_branch_operator']) retrieved from /home/airflow/.local/lib/python3.7/site-packages/airflow/example_dags/example_branch_day_of_week_operator.py
[2024-04-20T05:38:41.403+0000] {logging_mixin.py:117} INFO - [2024-04-20T05:38:41.402+0000] {dag.py:2573} INFO - Sync 1 DAGs
[2024-04-20T05:38:41.425+0000] {logging_mixin.py:117} INFO - [2024-04-20T05:38:41.425+0000] {dag.py:3328} INFO - Setting next_dagrun for example_weekday_branch_operator to 2024-04-19T00:00:00+00:00, run_after=2024-04-20T00:00:00+00:00
[2024-04-20T05:38:41.443+0000] {processor.py:178} INFO - Processing /home/airflow/.local/lib/python3.7/site-packages/airflow/example_dags/example_branch_day_of_week_operator.py took 0.097 seconds
[2024-04-20T05:39:11.664+0000] {processor.py:156} INFO - Started process (PID=3496) to work on /home/airflow/.local/lib/python3.7/site-packages/airflow/example_dags/example_branch_day_of_week_operator.py
[2024-04-20T05:39:11.664+0000] {processor.py:758} INFO - Processing file /home/airflow/.local/lib/python3.7/site-packages/airflow/example_dags/example_branch_day_of_week_operator.py for tasks to queue
[2024-04-20T05:39:11.665+0000] {logging_mixin.py:117} INFO - [2024-04-20T05:39:11.665+0000] {dagbag.py:525} INFO - Filling up the DagBag from /home/airflow/.local/lib/python3.7/site-packages/airflow/example_dags/example_branch_day_of_week_operator.py
[2024-04-20T05:39:11.684+0000] {processor.py:768} INFO - DAG(s) dict_keys(['example_weekday_branch_operator']) retrieved from /home/airflow/.local/lib/python3.7/site-packages/airflow/example_dags/example_branch_day_of_week_operator.py
[2024-04-20T05:39:11.747+0000] {logging_mixin.py:117} INFO - [2024-04-20T05:39:11.747+0000] {dag.py:2573} INFO - Sync 1 DAGs
[2024-04-20T05:39:11.777+0000] {logging_mixin.py:117} INFO - [2024-04-20T05:39:11.777+0000] {dag.py:3328} INFO - Setting next_dagrun for example_weekday_branch_operator to 2024-04-19T00:00:00+00:00, run_after=2024-04-20T00:00:00+00:00
[2024-04-20T05:39:11.801+0000] {processor.py:178} INFO - Processing /home/airflow/.local/lib/python3.7/site-packages/airflow/example_dags/example_branch_day_of_week_operator.py took 0.141 seconds
[2024-04-20T05:39:42.466+0000] {processor.py:156} INFO - Started process (PID=3747) to work on /home/airflow/.local/lib/python3.7/site-packages/airflow/example_dags/example_branch_day_of_week_operator.py
[2024-04-20T05:39:42.466+0000] {processor.py:758} INFO - Processing file /home/airflow/.local/lib/python3.7/site-packages/airflow/example_dags/example_branch_day_of_week_operator.py for tasks to queue
[2024-04-20T05:39:42.467+0000] {logging_mixin.py:117} INFO - [2024-04-20T05:39:42.467+0000] {dagbag.py:525} INFO - Filling up the DagBag from /home/airflow/.local/lib/python3.7/site-packages/airflow/example_dags/example_branch_day_of_week_operator.py
[2024-04-20T05:39:42.480+0000] {processor.py:768} INFO - DAG(s) dict_keys(['example_weekday_branch_operator']) retrieved from /home/airflow/.local/lib/python3.7/site-packages/airflow/example_dags/example_branch_day_of_week_operator.py
[2024-04-20T05:39:42.514+0000] {logging_mixin.py:117} INFO - [2024-04-20T05:39:42.514+0000] {dag.py:2573} INFO - Sync 1 DAGs
[2024-04-20T05:39:42.535+0000] {logging_mixin.py:117} INFO - [2024-04-20T05:39:42.535+0000] {dag.py:3328} INFO - Setting next_dagrun for example_weekday_branch_operator to 2024-04-19T00:00:00+00:00, run_after=2024-04-20T00:00:00+00:00
[2024-04-20T05:39:42.554+0000] {processor.py:178} INFO - Processing /home/airflow/.local/lib/python3.7/site-packages/airflow/example_dags/example_branch_day_of_week_operator.py took 0.091 seconds
[2024-04-20T05:40:12.739+0000] {processor.py:156} INFO - Started process (PID=3975) to work on /home/airflow/.local/lib/python3.7/site-packages/airflow/example_dags/example_branch_day_of_week_operator.py
[2024-04-20T05:40:12.739+0000] {processor.py:758} INFO - Processing file /home/airflow/.local/lib/python3.7/site-packages/airflow/example_dags/example_branch_day_of_week_operator.py for tasks to queue
[2024-04-20T05:40:12.740+0000] {logging_mixin.py:117} INFO - [2024-04-20T05:40:12.740+0000] {dagbag.py:525} INFO - Filling up the DagBag from /home/airflow/.local/lib/python3.7/site-packages/airflow/example_dags/example_branch_day_of_week_operator.py
[2024-04-20T05:40:12.765+0000] {processor.py:768} INFO - DAG(s) dict_keys(['example_weekday_branch_operator']) retrieved from /home/airflow/.local/lib/python3.7/site-packages/airflow/example_dags/example_branch_day_of_week_operator.py
[2024-04-20T05:40:12.806+0000] {logging_mixin.py:117} INFO - [2024-04-20T05:40:12.806+0000] {dag.py:2573} INFO - Sync 1 DAGs
[2024-04-20T05:40:12.827+0000] {logging_mixin.py:117} INFO - [2024-04-20T05:40:12.827+0000] {dag.py:3328} INFO - Setting next_dagrun for example_weekday_branch_operator to 2024-04-19T00:00:00+00:00, run_after=2024-04-20T00:00:00+00:00
[2024-04-20T05:40:12.845+0000] {processor.py:178} INFO - Processing /home/airflow/.local/lib/python3.7/site-packages/airflow/example_dags/example_branch_day_of_week_operator.py took 0.110 seconds
[2024-04-20T05:40:43.877+0000] {processor.py:156} INFO - Started process (PID=4189) to work on /home/airflow/.local/lib/python3.7/site-packages/airflow/example_dags/example_branch_day_of_week_operator.py
[2024-04-20T05:40:43.889+0000] {processor.py:758} INFO - Processing file /home/airflow/.local/lib/python3.7/site-packages/airflow/example_dags/example_branch_day_of_week_operator.py for tasks to queue
[2024-04-20T05:40:43.889+0000] {logging_mixin.py:117} INFO - [2024-04-20T05:40:43.889+0000] {dagbag.py:525} INFO - Filling up the DagBag from /home/airflow/.local/lib/python3.7/site-packages/airflow/example_dags/example_branch_day_of_week_operator.py
[2024-04-20T05:40:44.023+0000] {processor.py:768} INFO - DAG(s) dict_keys(['example_weekday_branch_operator']) retrieved from /home/airflow/.local/lib/python3.7/site-packages/airflow/example_dags/example_branch_day_of_week_operator.py
[2024-04-20T05:40:44.111+0000] {logging_mixin.py:117} INFO - [2024-04-20T05:40:44.111+0000] {dag.py:2573} INFO - Sync 1 DAGs
[2024-04-20T05:40:44.280+0000] {logging_mixin.py:117} INFO - [2024-04-20T05:40:44.280+0000] {dag.py:3328} INFO - Setting next_dagrun for example_weekday_branch_operator to 2024-04-19T00:00:00+00:00, run_after=2024-04-20T00:00:00+00:00
[2024-04-20T05:40:44.331+0000] {processor.py:178} INFO - Processing /home/airflow/.local/lib/python3.7/site-packages/airflow/example_dags/example_branch_day_of_week_operator.py took 0.457 seconds
[2024-04-20T05:41:14.840+0000] {processor.py:156} INFO - Started process (PID=4420) to work on /home/airflow/.local/lib/python3.7/site-packages/airflow/example_dags/example_branch_day_of_week_operator.py
[2024-04-20T05:41:14.840+0000] {processor.py:758} INFO - Processing file /home/airflow/.local/lib/python3.7/site-packages/airflow/example_dags/example_branch_day_of_week_operator.py for tasks to queue
[2024-04-20T05:41:14.841+0000] {logging_mixin.py:117} INFO - [2024-04-20T05:41:14.841+0000] {dagbag.py:525} INFO - Filling up the DagBag from /home/airflow/.local/lib/python3.7/site-packages/airflow/example_dags/example_branch_day_of_week_operator.py
[2024-04-20T05:41:14.856+0000] {processor.py:768} INFO - DAG(s) dict_keys(['example_weekday_branch_operator']) retrieved from /home/airflow/.local/lib/python3.7/site-packages/airflow/example_dags/example_branch_day_of_week_operator.py
[2024-04-20T05:41:14.892+0000] {logging_mixin.py:117} INFO - [2024-04-20T05:41:14.892+0000] {dag.py:2573} INFO - Sync 1 DAGs
[2024-04-20T05:41:14.913+0000] {logging_mixin.py:117} INFO - [2024-04-20T05:41:14.913+0000] {dag.py:3328} INFO - Setting next_dagrun for example_weekday_branch_operator to 2024-04-19T00:00:00+00:00, run_after=2024-04-20T00:00:00+00:00
[2024-04-20T05:41:14.932+0000] {processor.py:178} INFO - Processing /home/airflow/.local/lib/python3.7/site-packages/airflow/example_dags/example_branch_day_of_week_operator.py took 0.094 seconds
[2024-04-20T05:41:45.434+0000] {processor.py:156} INFO - Started process (PID=4645) to work on /home/airflow/.local/lib/python3.7/site-packages/airflow/example_dags/example_branch_day_of_week_operator.py
[2024-04-20T05:41:45.435+0000] {processor.py:758} INFO - Processing file /home/airflow/.local/lib/python3.7/site-packages/airflow/example_dags/example_branch_day_of_week_operator.py for tasks to queue
[2024-04-20T05:41:45.436+0000] {logging_mixin.py:117} INFO - [2024-04-20T05:41:45.436+0000] {dagbag.py:525} INFO - Filling up the DagBag from /home/airflow/.local/lib/python3.7/site-packages/airflow/example_dags/example_branch_day_of_week_operator.py
[2024-04-20T05:41:45.457+0000] {processor.py:768} INFO - DAG(s) dict_keys(['example_weekday_branch_operator']) retrieved from /home/airflow/.local/lib/python3.7/site-packages/airflow/example_dags/example_branch_day_of_week_operator.py
[2024-04-20T05:41:45.509+0000] {logging_mixin.py:117} INFO - [2024-04-20T05:41:45.508+0000] {dag.py:2573} INFO - Sync 1 DAGs
[2024-04-20T05:41:45.546+0000] {logging_mixin.py:117} INFO - [2024-04-20T05:41:45.546+0000] {dag.py:3328} INFO - Setting next_dagrun for example_weekday_branch_operator to 2024-04-19T00:00:00+00:00, run_after=2024-04-20T00:00:00+00:00
[2024-04-20T05:41:45.574+0000] {processor.py:178} INFO - Processing /home/airflow/.local/lib/python3.7/site-packages/airflow/example_dags/example_branch_day_of_week_operator.py took 0.154 seconds
[2024-04-20T05:42:16.105+0000] {processor.py:156} INFO - Started process (PID=4884) to work on /home/airflow/.local/lib/python3.7/site-packages/airflow/example_dags/example_branch_day_of_week_operator.py
[2024-04-20T05:42:16.105+0000] {processor.py:758} INFO - Processing file /home/airflow/.local/lib/python3.7/site-packages/airflow/example_dags/example_branch_day_of_week_operator.py for tasks to queue
[2024-04-20T05:42:16.106+0000] {logging_mixin.py:117} INFO - [2024-04-20T05:42:16.106+0000] {dagbag.py:525} INFO - Filling up the DagBag from /home/airflow/.local/lib/python3.7/site-packages/airflow/example_dags/example_branch_day_of_week_operator.py
[2024-04-20T05:42:16.126+0000] {processor.py:768} INFO - DAG(s) dict_keys(['example_weekday_branch_operator']) retrieved from /home/airflow/.local/lib/python3.7/site-packages/airflow/example_dags/example_branch_day_of_week_operator.py
[2024-04-20T05:42:16.174+0000] {logging_mixin.py:117} INFO - [2024-04-20T05:42:16.174+0000] {dag.py:2573} INFO - Sync 1 DAGs
[2024-04-20T05:42:16.209+0000] {logging_mixin.py:117} INFO - [2024-04-20T05:42:16.209+0000] {dag.py:3328} INFO - Setting next_dagrun for example_weekday_branch_operator to 2024-04-19T00:00:00+00:00, run_after=2024-04-20T00:00:00+00:00
[2024-04-20T05:42:16.251+0000] {processor.py:178} INFO - Processing /home/airflow/.local/lib/python3.7/site-packages/airflow/example_dags/example_branch_day_of_week_operator.py took 0.149 seconds
[2024-04-20T05:42:46.735+0000] {processor.py:156} INFO - Started process (PID=5145) to work on /home/airflow/.local/lib/python3.7/site-packages/airflow/example_dags/example_branch_day_of_week_operator.py
[2024-04-20T05:42:46.736+0000] {processor.py:758} INFO - Processing file /home/airflow/.local/lib/python3.7/site-packages/airflow/example_dags/example_branch_day_of_week_operator.py for tasks to queue
[2024-04-20T05:42:46.736+0000] {logging_mixin.py:117} INFO - [2024-04-20T05:42:46.736+0000] {dagbag.py:525} INFO - Filling up the DagBag from /home/airflow/.local/lib/python3.7/site-packages/airflow/example_dags/example_branch_day_of_week_operator.py
[2024-04-20T05:42:46.757+0000] {processor.py:768} INFO - DAG(s) dict_keys(['example_weekday_branch_operator']) retrieved from /home/airflow/.local/lib/python3.7/site-packages/airflow/example_dags/example_branch_day_of_week_operator.py
[2024-04-20T05:42:46.798+0000] {logging_mixin.py:117} INFO - [2024-04-20T05:42:46.798+0000] {dag.py:2573} INFO - Sync 1 DAGs
[2024-04-20T05:42:46.822+0000] {logging_mixin.py:117} INFO - [2024-04-20T05:42:46.822+0000] {dag.py:3328} INFO - Setting next_dagrun for example_weekday_branch_operator to 2024-04-19T00:00:00+00:00, run_after=2024-04-20T00:00:00+00:00
[2024-04-20T05:42:46.843+0000] {processor.py:178} INFO - Processing /home/airflow/.local/lib/python3.7/site-packages/airflow/example_dags/example_branch_day_of_week_operator.py took 0.112 seconds
[2024-04-20T05:43:18.000+0000] {processor.py:156} INFO - Started process (PID=5400) to work on /home/airflow/.local/lib/python3.7/site-packages/airflow/example_dags/example_branch_day_of_week_operator.py
[2024-04-20T05:43:18.000+0000] {processor.py:758} INFO - Processing file /home/airflow/.local/lib/python3.7/site-packages/airflow/example_dags/example_branch_day_of_week_operator.py for tasks to queue
[2024-04-20T05:43:18.001+0000] {logging_mixin.py:117} INFO - [2024-04-20T05:43:18.001+0000] {dagbag.py:525} INFO - Filling up the DagBag from /home/airflow/.local/lib/python3.7/site-packages/airflow/example_dags/example_branch_day_of_week_operator.py
[2024-04-20T05:43:18.020+0000] {processor.py:768} INFO - DAG(s) dict_keys(['example_weekday_branch_operator']) retrieved from /home/airflow/.local/lib/python3.7/site-packages/airflow/example_dags/example_branch_day_of_week_operator.py
[2024-04-20T05:43:18.069+0000] {logging_mixin.py:117} INFO - [2024-04-20T05:43:18.068+0000] {dag.py:2573} INFO - Sync 1 DAGs
[2024-04-20T05:43:18.102+0000] {logging_mixin.py:117} INFO - [2024-04-20T05:43:18.102+0000] {dag.py:3328} INFO - Setting next_dagrun for example_weekday_branch_operator to 2024-04-19T00:00:00+00:00, run_after=2024-04-20T00:00:00+00:00
[2024-04-20T05:43:18.128+0000] {processor.py:178} INFO - Processing /home/airflow/.local/lib/python3.7/site-packages/airflow/example_dags/example_branch_day_of_week_operator.py took 0.132 seconds
[2024-04-20T05:43:48.984+0000] {processor.py:156} INFO - Started process (PID=5639) to work on /home/airflow/.local/lib/python3.7/site-packages/airflow/example_dags/example_branch_day_of_week_operator.py
[2024-04-20T05:43:48.985+0000] {processor.py:758} INFO - Processing file /home/airflow/.local/lib/python3.7/site-packages/airflow/example_dags/example_branch_day_of_week_operator.py for tasks to queue
[2024-04-20T05:43:48.985+0000] {logging_mixin.py:117} INFO - [2024-04-20T05:43:48.985+0000] {dagbag.py:525} INFO - Filling up the DagBag from /home/airflow/.local/lib/python3.7/site-packages/airflow/example_dags/example_branch_day_of_week_operator.py
[2024-04-20T05:43:49.077+0000] {processor.py:768} INFO - DAG(s) dict_keys(['example_weekday_branch_operator']) retrieved from /home/airflow/.local/lib/python3.7/site-packages/airflow/example_dags/example_branch_day_of_week_operator.py
[2024-04-20T05:43:49.127+0000] {logging_mixin.py:117} INFO - [2024-04-20T05:43:49.127+0000] {dag.py:2573} INFO - Sync 1 DAGs
[2024-04-20T05:43:49.161+0000] {logging_mixin.py:117} INFO - [2024-04-20T05:43:49.161+0000] {dag.py:3328} INFO - Setting next_dagrun for example_weekday_branch_operator to 2024-04-19T00:00:00+00:00, run_after=2024-04-20T00:00:00+00:00
[2024-04-20T05:43:49.198+0000] {processor.py:178} INFO - Processing /home/airflow/.local/lib/python3.7/site-packages/airflow/example_dags/example_branch_day_of_week_operator.py took 0.219 seconds
[2024-04-20T05:44:19.647+0000] {processor.py:156} INFO - Started process (PID=5877) to work on /home/airflow/.local/lib/python3.7/site-packages/airflow/example_dags/example_branch_day_of_week_operator.py
[2024-04-20T05:44:19.648+0000] {processor.py:758} INFO - Processing file /home/airflow/.local/lib/python3.7/site-packages/airflow/example_dags/example_branch_day_of_week_operator.py for tasks to queue
[2024-04-20T05:44:19.648+0000] {logging_mixin.py:117} INFO - [2024-04-20T05:44:19.648+0000] {dagbag.py:525} INFO - Filling up the DagBag from /home/airflow/.local/lib/python3.7/site-packages/airflow/example_dags/example_branch_day_of_week_operator.py
[2024-04-20T05:44:19.668+0000] {processor.py:768} INFO - DAG(s) dict_keys(['example_weekday_branch_operator']) retrieved from /home/airflow/.local/lib/python3.7/site-packages/airflow/example_dags/example_branch_day_of_week_operator.py
[2024-04-20T05:44:19.706+0000] {logging_mixin.py:117} INFO - [2024-04-20T05:44:19.706+0000] {dag.py:2573} INFO - Sync 1 DAGs
[2024-04-20T05:44:19.728+0000] {logging_mixin.py:117} INFO - [2024-04-20T05:44:19.727+0000] {dag.py:3328} INFO - Setting next_dagrun for example_weekday_branch_operator to 2024-04-19T00:00:00+00:00, run_after=2024-04-20T00:00:00+00:00
[2024-04-20T05:44:19.751+0000] {processor.py:178} INFO - Processing /home/airflow/.local/lib/python3.7/site-packages/airflow/example_dags/example_branch_day_of_week_operator.py took 0.108 seconds
[2024-04-20T05:44:50.483+0000] {processor.py:156} INFO - Started process (PID=6148) to work on /home/airflow/.local/lib/python3.7/site-packages/airflow/example_dags/example_branch_day_of_week_operator.py
[2024-04-20T05:44:50.483+0000] {processor.py:758} INFO - Processing file /home/airflow/.local/lib/python3.7/site-packages/airflow/example_dags/example_branch_day_of_week_operator.py for tasks to queue
[2024-04-20T05:44:50.484+0000] {logging_mixin.py:117} INFO - [2024-04-20T05:44:50.484+0000] {dagbag.py:525} INFO - Filling up the DagBag from /home/airflow/.local/lib/python3.7/site-packages/airflow/example_dags/example_branch_day_of_week_operator.py
[2024-04-20T05:44:50.515+0000] {processor.py:768} INFO - DAG(s) dict_keys(['example_weekday_branch_operator']) retrieved from /home/airflow/.local/lib/python3.7/site-packages/airflow/example_dags/example_branch_day_of_week_operator.py
[2024-04-20T05:44:50.646+0000] {logging_mixin.py:117} INFO - [2024-04-20T05:44:50.646+0000] {dag.py:2573} INFO - Sync 1 DAGs
[2024-04-20T05:44:50.753+0000] {logging_mixin.py:117} INFO - [2024-04-20T05:44:50.752+0000] {dag.py:3328} INFO - Setting next_dagrun for example_weekday_branch_operator to 2024-04-19T00:00:00+00:00, run_after=2024-04-20T00:00:00+00:00
[2024-04-20T05:44:50.832+0000] {processor.py:178} INFO - Processing /home/airflow/.local/lib/python3.7/site-packages/airflow/example_dags/example_branch_day_of_week_operator.py took 0.352 seconds
[2024-04-20T05:45:21.801+0000] {processor.py:156} INFO - Started process (PID=6397) to work on /home/airflow/.local/lib/python3.7/site-packages/airflow/example_dags/example_branch_day_of_week_operator.py
[2024-04-20T05:45:21.803+0000] {processor.py:758} INFO - Processing file /home/airflow/.local/lib/python3.7/site-packages/airflow/example_dags/example_branch_day_of_week_operator.py for tasks to queue
[2024-04-20T05:45:21.804+0000] {logging_mixin.py:117} INFO - [2024-04-20T05:45:21.804+0000] {dagbag.py:525} INFO - Filling up the DagBag from /home/airflow/.local/lib/python3.7/site-packages/airflow/example_dags/example_branch_day_of_week_operator.py
[2024-04-20T05:45:21.856+0000] {processor.py:768} INFO - DAG(s) dict_keys(['example_weekday_branch_operator']) retrieved from /home/airflow/.local/lib/python3.7/site-packages/airflow/example_dags/example_branch_day_of_week_operator.py
[2024-04-20T05:45:21.963+0000] {logging_mixin.py:117} INFO - [2024-04-20T05:45:21.962+0000] {dag.py:2573} INFO - Sync 1 DAGs
[2024-04-20T05:45:22.041+0000] {logging_mixin.py:117} INFO - [2024-04-20T05:45:22.041+0000] {dag.py:3328} INFO - Setting next_dagrun for example_weekday_branch_operator to 2024-04-19T00:00:00+00:00, run_after=2024-04-20T00:00:00+00:00
[2024-04-20T05:45:22.098+0000] {processor.py:178} INFO - Processing /home/airflow/.local/lib/python3.7/site-packages/airflow/example_dags/example_branch_day_of_week_operator.py took 0.299 seconds
[2024-04-20T05:45:52.712+0000] {processor.py:156} INFO - Started process (PID=6677) to work on /home/airflow/.local/lib/python3.7/site-packages/airflow/example_dags/example_branch_day_of_week_operator.py
[2024-04-20T05:45:52.713+0000] {processor.py:758} INFO - Processing file /home/airflow/.local/lib/python3.7/site-packages/airflow/example_dags/example_branch_day_of_week_operator.py for tasks to queue
[2024-04-20T05:45:52.713+0000] {logging_mixin.py:117} INFO - [2024-04-20T05:45:52.713+0000] {dagbag.py:525} INFO - Filling up the DagBag from /home/airflow/.local/lib/python3.7/site-packages/airflow/example_dags/example_branch_day_of_week_operator.py
[2024-04-20T05:45:52.732+0000] {processor.py:768} INFO - DAG(s) dict_keys(['example_weekday_branch_operator']) retrieved from /home/airflow/.local/lib/python3.7/site-packages/airflow/example_dags/example_branch_day_of_week_operator.py
[2024-04-20T05:45:52.781+0000] {logging_mixin.py:117} INFO - [2024-04-20T05:45:52.781+0000] {dag.py:2573} INFO - Sync 1 DAGs
[2024-04-20T05:45:52.817+0000] {logging_mixin.py:117} INFO - [2024-04-20T05:45:52.817+0000] {dag.py:3328} INFO - Setting next_dagrun for example_weekday_branch_operator to 2024-04-19T00:00:00+00:00, run_after=2024-04-20T00:00:00+00:00
[2024-04-20T05:45:52.863+0000] {processor.py:178} INFO - Processing /home/airflow/.local/lib/python3.7/site-packages/airflow/example_dags/example_branch_day_of_week_operator.py took 0.154 seconds
[2024-04-20T05:46:23.390+0000] {processor.py:156} INFO - Started process (PID=6919) to work on /home/airflow/.local/lib/python3.7/site-packages/airflow/example_dags/example_branch_day_of_week_operator.py
[2024-04-20T05:46:23.391+0000] {processor.py:758} INFO - Processing file /home/airflow/.local/lib/python3.7/site-packages/airflow/example_dags/example_branch_day_of_week_operator.py for tasks to queue
[2024-04-20T05:46:23.392+0000] {logging_mixin.py:117} INFO - [2024-04-20T05:46:23.392+0000] {dagbag.py:525} INFO - Filling up the DagBag from /home/airflow/.local/lib/python3.7/site-packages/airflow/example_dags/example_branch_day_of_week_operator.py
[2024-04-20T05:46:23.433+0000] {processor.py:768} INFO - DAG(s) dict_keys(['example_weekday_branch_operator']) retrieved from /home/airflow/.local/lib/python3.7/site-packages/airflow/example_dags/example_branch_day_of_week_operator.py
[2024-04-20T05:46:23.500+0000] {logging_mixin.py:117} INFO - [2024-04-20T05:46:23.500+0000] {dag.py:2573} INFO - Sync 1 DAGs
[2024-04-20T05:46:23.568+0000] {logging_mixin.py:117} INFO - [2024-04-20T05:46:23.568+0000] {dag.py:3328} INFO - Setting next_dagrun for example_weekday_branch_operator to 2024-04-19T00:00:00+00:00, run_after=2024-04-20T00:00:00+00:00
[2024-04-20T05:46:23.608+0000] {processor.py:178} INFO - Processing /home/airflow/.local/lib/python3.7/site-packages/airflow/example_dags/example_branch_day_of_week_operator.py took 0.221 seconds
[2024-04-20T05:46:54.033+0000] {processor.py:156} INFO - Started process (PID=7180) to work on /home/airflow/.local/lib/python3.7/site-packages/airflow/example_dags/example_branch_day_of_week_operator.py
[2024-04-20T05:46:54.034+0000] {processor.py:758} INFO - Processing file /home/airflow/.local/lib/python3.7/site-packages/airflow/example_dags/example_branch_day_of_week_operator.py for tasks to queue
[2024-04-20T05:46:54.035+0000] {logging_mixin.py:117} INFO - [2024-04-20T05:46:54.035+0000] {dagbag.py:525} INFO - Filling up the DagBag from /home/airflow/.local/lib/python3.7/site-packages/airflow/example_dags/example_branch_day_of_week_operator.py
[2024-04-20T05:46:54.104+0000] {processor.py:768} INFO - DAG(s) dict_keys(['example_weekday_branch_operator']) retrieved from /home/airflow/.local/lib/python3.7/site-packages/airflow/example_dags/example_branch_day_of_week_operator.py
[2024-04-20T05:46:54.187+0000] {logging_mixin.py:117} INFO - [2024-04-20T05:46:54.187+0000] {dag.py:2573} INFO - Sync 1 DAGs
[2024-04-20T05:46:54.222+0000] {logging_mixin.py:117} INFO - [2024-04-20T05:46:54.221+0000] {dag.py:3328} INFO - Setting next_dagrun for example_weekday_branch_operator to 2024-04-19T00:00:00+00:00, run_after=2024-04-20T00:00:00+00:00
[2024-04-20T05:46:54.275+0000] {processor.py:178} INFO - Processing /home/airflow/.local/lib/python3.7/site-packages/airflow/example_dags/example_branch_day_of_week_operator.py took 0.244 seconds
[2024-04-20T05:47:24.358+0000] {processor.py:156} INFO - Started process (PID=7428) to work on /home/airflow/.local/lib/python3.7/site-packages/airflow/example_dags/example_branch_day_of_week_operator.py
[2024-04-20T05:47:24.359+0000] {processor.py:758} INFO - Processing file /home/airflow/.local/lib/python3.7/site-packages/airflow/example_dags/example_branch_day_of_week_operator.py for tasks to queue
[2024-04-20T05:47:24.359+0000] {logging_mixin.py:117} INFO - [2024-04-20T05:47:24.359+0000] {dagbag.py:525} INFO - Filling up the DagBag from /home/airflow/.local/lib/python3.7/site-packages/airflow/example_dags/example_branch_day_of_week_operator.py
[2024-04-20T05:47:24.373+0000] {processor.py:768} INFO - DAG(s) dict_keys(['example_weekday_branch_operator']) retrieved from /home/airflow/.local/lib/python3.7/site-packages/airflow/example_dags/example_branch_day_of_week_operator.py
[2024-04-20T05:47:24.407+0000] {logging_mixin.py:117} INFO - [2024-04-20T05:47:24.407+0000] {dag.py:2573} INFO - Sync 1 DAGs
[2024-04-20T05:47:24.428+0000] {logging_mixin.py:117} INFO - [2024-04-20T05:47:24.427+0000] {dag.py:3328} INFO - Setting next_dagrun for example_weekday_branch_operator to 2024-04-19T00:00:00+00:00, run_after=2024-04-20T00:00:00+00:00
[2024-04-20T05:47:24.448+0000] {processor.py:178} INFO - Processing /home/airflow/.local/lib/python3.7/site-packages/airflow/example_dags/example_branch_day_of_week_operator.py took 0.093 seconds
[2024-04-20T05:47:54.677+0000] {processor.py:156} INFO - Started process (PID=7678) to work on /home/airflow/.local/lib/python3.7/site-packages/airflow/example_dags/example_branch_day_of_week_operator.py
[2024-04-20T05:47:54.680+0000] {processor.py:758} INFO - Processing file /home/airflow/.local/lib/python3.7/site-packages/airflow/example_dags/example_branch_day_of_week_operator.py for tasks to queue
[2024-04-20T05:47:54.681+0000] {logging_mixin.py:117} INFO - [2024-04-20T05:47:54.681+0000] {dagbag.py:525} INFO - Filling up the DagBag from /home/airflow/.local/lib/python3.7/site-packages/airflow/example_dags/example_branch_day_of_week_operator.py
[2024-04-20T05:47:54.724+0000] {processor.py:768} INFO - DAG(s) dict_keys(['example_weekday_branch_operator']) retrieved from /home/airflow/.local/lib/python3.7/site-packages/airflow/example_dags/example_branch_day_of_week_operator.py
[2024-04-20T05:47:54.802+0000] {logging_mixin.py:117} INFO - [2024-04-20T05:47:54.801+0000] {dag.py:2573} INFO - Sync 1 DAGs
[2024-04-20T05:47:54.878+0000] {logging_mixin.py:117} INFO - [2024-04-20T05:47:54.877+0000] {dag.py:3328} INFO - Setting next_dagrun for example_weekday_branch_operator to 2024-04-19T00:00:00+00:00, run_after=2024-04-20T00:00:00+00:00
[2024-04-20T05:47:54.955+0000] {processor.py:178} INFO - Processing /home/airflow/.local/lib/python3.7/site-packages/airflow/example_dags/example_branch_day_of_week_operator.py took 0.281 seconds
[2024-04-20T05:48:25.152+0000] {processor.py:156} INFO - Started process (PID=7926) to work on /home/airflow/.local/lib/python3.7/site-packages/airflow/example_dags/example_branch_day_of_week_operator.py
[2024-04-20T05:48:25.153+0000] {processor.py:758} INFO - Processing file /home/airflow/.local/lib/python3.7/site-packages/airflow/example_dags/example_branch_day_of_week_operator.py for tasks to queue
[2024-04-20T05:48:25.153+0000] {logging_mixin.py:117} INFO - [2024-04-20T05:48:25.153+0000] {dagbag.py:525} INFO - Filling up the DagBag from /home/airflow/.local/lib/python3.7/site-packages/airflow/example_dags/example_branch_day_of_week_operator.py
[2024-04-20T05:48:25.167+0000] {processor.py:768} INFO - DAG(s) dict_keys(['example_weekday_branch_operator']) retrieved from /home/airflow/.local/lib/python3.7/site-packages/airflow/example_dags/example_branch_day_of_week_operator.py
[2024-04-20T05:48:25.202+0000] {logging_mixin.py:117} INFO - [2024-04-20T05:48:25.202+0000] {dag.py:2573} INFO - Sync 1 DAGs
[2024-04-20T05:48:25.224+0000] {logging_mixin.py:117} INFO - [2024-04-20T05:48:25.224+0000] {dag.py:3328} INFO - Setting next_dagrun for example_weekday_branch_operator to 2024-04-19T00:00:00+00:00, run_after=2024-04-20T00:00:00+00:00
[2024-04-20T05:48:25.243+0000] {processor.py:178} INFO - Processing /home/airflow/.local/lib/python3.7/site-packages/airflow/example_dags/example_branch_day_of_week_operator.py took 0.094 seconds
[2024-04-20T05:48:55.400+0000] {processor.py:156} INFO - Started process (PID=8159) to work on /home/airflow/.local/lib/python3.7/site-packages/airflow/example_dags/example_branch_day_of_week_operator.py
[2024-04-20T05:48:55.401+0000] {processor.py:758} INFO - Processing file /home/airflow/.local/lib/python3.7/site-packages/airflow/example_dags/example_branch_day_of_week_operator.py for tasks to queue
[2024-04-20T05:48:55.401+0000] {logging_mixin.py:117} INFO - [2024-04-20T05:48:55.401+0000] {dagbag.py:525} INFO - Filling up the DagBag from /home/airflow/.local/lib/python3.7/site-packages/airflow/example_dags/example_branch_day_of_week_operator.py
[2024-04-20T05:48:55.417+0000] {processor.py:768} INFO - DAG(s) dict_keys(['example_weekday_branch_operator']) retrieved from /home/airflow/.local/lib/python3.7/site-packages/airflow/example_dags/example_branch_day_of_week_operator.py
[2024-04-20T05:48:55.452+0000] {logging_mixin.py:117} INFO - [2024-04-20T05:48:55.452+0000] {dag.py:2573} INFO - Sync 1 DAGs
[2024-04-20T05:48:55.473+0000] {logging_mixin.py:117} INFO - [2024-04-20T05:48:55.472+0000] {dag.py:3328} INFO - Setting next_dagrun for example_weekday_branch_operator to 2024-04-19T00:00:00+00:00, run_after=2024-04-20T00:00:00+00:00
[2024-04-20T05:48:55.491+0000] {processor.py:178} INFO - Processing /home/airflow/.local/lib/python3.7/site-packages/airflow/example_dags/example_branch_day_of_week_operator.py took 0.094 seconds
[2024-04-20T05:49:25.646+0000] {processor.py:156} INFO - Started process (PID=8384) to work on /home/airflow/.local/lib/python3.7/site-packages/airflow/example_dags/example_branch_day_of_week_operator.py
[2024-04-20T05:49:25.647+0000] {processor.py:758} INFO - Processing file /home/airflow/.local/lib/python3.7/site-packages/airflow/example_dags/example_branch_day_of_week_operator.py for tasks to queue
[2024-04-20T05:49:25.648+0000] {logging_mixin.py:117} INFO - [2024-04-20T05:49:25.648+0000] {dagbag.py:525} INFO - Filling up the DagBag from /home/airflow/.local/lib/python3.7/site-packages/airflow/example_dags/example_branch_day_of_week_operator.py
[2024-04-20T05:49:25.673+0000] {processor.py:768} INFO - DAG(s) dict_keys(['example_weekday_branch_operator']) retrieved from /home/airflow/.local/lib/python3.7/site-packages/airflow/example_dags/example_branch_day_of_week_operator.py
[2024-04-20T05:49:25.727+0000] {logging_mixin.py:117} INFO - [2024-04-20T05:49:25.727+0000] {dag.py:2573} INFO - Sync 1 DAGs
[2024-04-20T05:49:25.750+0000] {logging_mixin.py:117} INFO - [2024-04-20T05:49:25.750+0000] {dag.py:3328} INFO - Setting next_dagrun for example_weekday_branch_operator to 2024-04-19T00:00:00+00:00, run_after=2024-04-20T00:00:00+00:00
[2024-04-20T05:49:25.772+0000] {processor.py:178} INFO - Processing /home/airflow/.local/lib/python3.7/site-packages/airflow/example_dags/example_branch_day_of_week_operator.py took 0.131 seconds
[2024-04-20T05:49:56.313+0000] {processor.py:156} INFO - Started process (PID=8637) to work on /home/airflow/.local/lib/python3.7/site-packages/airflow/example_dags/example_branch_day_of_week_operator.py
[2024-04-20T05:49:56.314+0000] {processor.py:758} INFO - Processing file /home/airflow/.local/lib/python3.7/site-packages/airflow/example_dags/example_branch_day_of_week_operator.py for tasks to queue
[2024-04-20T05:49:56.314+0000] {logging_mixin.py:117} INFO - [2024-04-20T05:49:56.314+0000] {dagbag.py:525} INFO - Filling up the DagBag from /home/airflow/.local/lib/python3.7/site-packages/airflow/example_dags/example_branch_day_of_week_operator.py
[2024-04-20T05:49:56.329+0000] {processor.py:768} INFO - DAG(s) dict_keys(['example_weekday_branch_operator']) retrieved from /home/airflow/.local/lib/python3.7/site-packages/airflow/example_dags/example_branch_day_of_week_operator.py
[2024-04-20T05:49:56.364+0000] {logging_mixin.py:117} INFO - [2024-04-20T05:49:56.364+0000] {dag.py:2573} INFO - Sync 1 DAGs
[2024-04-20T05:49:56.386+0000] {logging_mixin.py:117} INFO - [2024-04-20T05:49:56.385+0000] {dag.py:3328} INFO - Setting next_dagrun for example_weekday_branch_operator to 2024-04-19T00:00:00+00:00, run_after=2024-04-20T00:00:00+00:00
[2024-04-20T05:49:56.407+0000] {processor.py:178} INFO - Processing /home/airflow/.local/lib/python3.7/site-packages/airflow/example_dags/example_branch_day_of_week_operator.py took 0.097 seconds
[2024-04-20T05:50:27.104+0000] {processor.py:156} INFO - Started process (PID=8872) to work on /home/airflow/.local/lib/python3.7/site-packages/airflow/example_dags/example_branch_day_of_week_operator.py
[2024-04-20T05:50:27.105+0000] {processor.py:758} INFO - Processing file /home/airflow/.local/lib/python3.7/site-packages/airflow/example_dags/example_branch_day_of_week_operator.py for tasks to queue
[2024-04-20T05:50:27.105+0000] {logging_mixin.py:117} INFO - [2024-04-20T05:50:27.105+0000] {dagbag.py:525} INFO - Filling up the DagBag from /home/airflow/.local/lib/python3.7/site-packages/airflow/example_dags/example_branch_day_of_week_operator.py
[2024-04-20T05:50:27.120+0000] {processor.py:768} INFO - DAG(s) dict_keys(['example_weekday_branch_operator']) retrieved from /home/airflow/.local/lib/python3.7/site-packages/airflow/example_dags/example_branch_day_of_week_operator.py
[2024-04-20T05:50:27.153+0000] {logging_mixin.py:117} INFO - [2024-04-20T05:50:27.153+0000] {dag.py:2573} INFO - Sync 1 DAGs
[2024-04-20T05:50:27.176+0000] {logging_mixin.py:117} INFO - [2024-04-20T05:50:27.176+0000] {dag.py:3328} INFO - Setting next_dagrun for example_weekday_branch_operator to 2024-04-19T00:00:00+00:00, run_after=2024-04-20T00:00:00+00:00
[2024-04-20T05:50:27.195+0000] {processor.py:178} INFO - Processing /home/airflow/.local/lib/python3.7/site-packages/airflow/example_dags/example_branch_day_of_week_operator.py took 0.094 seconds
[2024-04-20T05:50:57.484+0000] {processor.py:156} INFO - Started process (PID=9091) to work on /home/airflow/.local/lib/python3.7/site-packages/airflow/example_dags/example_branch_day_of_week_operator.py
[2024-04-20T05:50:57.485+0000] {processor.py:758} INFO - Processing file /home/airflow/.local/lib/python3.7/site-packages/airflow/example_dags/example_branch_day_of_week_operator.py for tasks to queue
[2024-04-20T05:50:57.485+0000] {logging_mixin.py:117} INFO - [2024-04-20T05:50:57.485+0000] {dagbag.py:525} INFO - Filling up the DagBag from /home/airflow/.local/lib/python3.7/site-packages/airflow/example_dags/example_branch_day_of_week_operator.py
[2024-04-20T05:50:57.507+0000] {processor.py:768} INFO - DAG(s) dict_keys(['example_weekday_branch_operator']) retrieved from /home/airflow/.local/lib/python3.7/site-packages/airflow/example_dags/example_branch_day_of_week_operator.py
[2024-04-20T05:50:57.553+0000] {logging_mixin.py:117} INFO - [2024-04-20T05:50:57.553+0000] {dag.py:2573} INFO - Sync 1 DAGs
[2024-04-20T05:50:57.588+0000] {logging_mixin.py:117} INFO - [2024-04-20T05:50:57.588+0000] {dag.py:3328} INFO - Setting next_dagrun for example_weekday_branch_operator to 2024-04-19T00:00:00+00:00, run_after=2024-04-20T00:00:00+00:00
[2024-04-20T05:50:57.612+0000] {processor.py:178} INFO - Processing /home/airflow/.local/lib/python3.7/site-packages/airflow/example_dags/example_branch_day_of_week_operator.py took 0.135 seconds
[2024-04-20T05:51:28.019+0000] {processor.py:156} INFO - Started process (PID=9320) to work on /home/airflow/.local/lib/python3.7/site-packages/airflow/example_dags/example_branch_day_of_week_operator.py
[2024-04-20T05:51:28.019+0000] {processor.py:758} INFO - Processing file /home/airflow/.local/lib/python3.7/site-packages/airflow/example_dags/example_branch_day_of_week_operator.py for tasks to queue
[2024-04-20T05:51:28.020+0000] {logging_mixin.py:117} INFO - [2024-04-20T05:51:28.020+0000] {dagbag.py:525} INFO - Filling up the DagBag from /home/airflow/.local/lib/python3.7/site-packages/airflow/example_dags/example_branch_day_of_week_operator.py
[2024-04-20T05:51:28.034+0000] {processor.py:768} INFO - DAG(s) dict_keys(['example_weekday_branch_operator']) retrieved from /home/airflow/.local/lib/python3.7/site-packages/airflow/example_dags/example_branch_day_of_week_operator.py
[2024-04-20T05:51:28.068+0000] {logging_mixin.py:117} INFO - [2024-04-20T05:51:28.068+0000] {dag.py:2573} INFO - Sync 1 DAGs
[2024-04-20T05:51:28.089+0000] {logging_mixin.py:117} INFO - [2024-04-20T05:51:28.089+0000] {dag.py:3328} INFO - Setting next_dagrun for example_weekday_branch_operator to 2024-04-19T00:00:00+00:00, run_after=2024-04-20T00:00:00+00:00
[2024-04-20T05:51:28.110+0000] {processor.py:178} INFO - Processing /home/airflow/.local/lib/python3.7/site-packages/airflow/example_dags/example_branch_day_of_week_operator.py took 0.094 seconds
[2024-04-20T05:51:58.795+0000] {processor.py:156} INFO - Started process (PID=9550) to work on /home/airflow/.local/lib/python3.7/site-packages/airflow/example_dags/example_branch_day_of_week_operator.py
[2024-04-20T05:51:58.795+0000] {processor.py:758} INFO - Processing file /home/airflow/.local/lib/python3.7/site-packages/airflow/example_dags/example_branch_day_of_week_operator.py for tasks to queue
[2024-04-20T05:51:58.796+0000] {logging_mixin.py:117} INFO - [2024-04-20T05:51:58.796+0000] {dagbag.py:525} INFO - Filling up the DagBag from /home/airflow/.local/lib/python3.7/site-packages/airflow/example_dags/example_branch_day_of_week_operator.py
[2024-04-20T05:51:58.810+0000] {processor.py:768} INFO - DAG(s) dict_keys(['example_weekday_branch_operator']) retrieved from /home/airflow/.local/lib/python3.7/site-packages/airflow/example_dags/example_branch_day_of_week_operator.py
[2024-04-20T05:51:58.843+0000] {logging_mixin.py:117} INFO - [2024-04-20T05:51:58.843+0000] {dag.py:2573} INFO - Sync 1 DAGs
[2024-04-20T05:51:58.865+0000] {logging_mixin.py:117} INFO - [2024-04-20T05:51:58.865+0000] {dag.py:3328} INFO - Setting next_dagrun for example_weekday_branch_operator to 2024-04-19T00:00:00+00:00, run_after=2024-04-20T00:00:00+00:00
[2024-04-20T05:51:58.885+0000] {processor.py:178} INFO - Processing /home/airflow/.local/lib/python3.7/site-packages/airflow/example_dags/example_branch_day_of_week_operator.py took 0.092 seconds
[2024-04-20T05:52:29.418+0000] {processor.py:156} INFO - Started process (PID=9768) to work on /home/airflow/.local/lib/python3.7/site-packages/airflow/example_dags/example_branch_day_of_week_operator.py
[2024-04-20T05:52:29.419+0000] {processor.py:758} INFO - Processing file /home/airflow/.local/lib/python3.7/site-packages/airflow/example_dags/example_branch_day_of_week_operator.py for tasks to queue
[2024-04-20T05:52:29.419+0000] {logging_mixin.py:117} INFO - [2024-04-20T05:52:29.419+0000] {dagbag.py:525} INFO - Filling up the DagBag from /home/airflow/.local/lib/python3.7/site-packages/airflow/example_dags/example_branch_day_of_week_operator.py
[2024-04-20T05:52:29.434+0000] {processor.py:768} INFO - DAG(s) dict_keys(['example_weekday_branch_operator']) retrieved from /home/airflow/.local/lib/python3.7/site-packages/airflow/example_dags/example_branch_day_of_week_operator.py
[2024-04-20T05:52:29.469+0000] {logging_mixin.py:117} INFO - [2024-04-20T05:52:29.469+0000] {dag.py:2573} INFO - Sync 1 DAGs
[2024-04-20T05:52:29.490+0000] {logging_mixin.py:117} INFO - [2024-04-20T05:52:29.490+0000] {dag.py:3328} INFO - Setting next_dagrun for example_weekday_branch_operator to 2024-04-19T00:00:00+00:00, run_after=2024-04-20T00:00:00+00:00
[2024-04-20T05:52:29.508+0000] {processor.py:178} INFO - Processing /home/airflow/.local/lib/python3.7/site-packages/airflow/example_dags/example_branch_day_of_week_operator.py took 0.093 seconds
[2024-04-20T05:52:59.586+0000] {processor.py:156} INFO - Started process (PID=9994) to work on /home/airflow/.local/lib/python3.7/site-packages/airflow/example_dags/example_branch_day_of_week_operator.py
[2024-04-20T05:52:59.587+0000] {processor.py:758} INFO - Processing file /home/airflow/.local/lib/python3.7/site-packages/airflow/example_dags/example_branch_day_of_week_operator.py for tasks to queue
[2024-04-20T05:52:59.587+0000] {logging_mixin.py:117} INFO - [2024-04-20T05:52:59.587+0000] {dagbag.py:525} INFO - Filling up the DagBag from /home/airflow/.local/lib/python3.7/site-packages/airflow/example_dags/example_branch_day_of_week_operator.py
[2024-04-20T05:52:59.601+0000] {processor.py:768} INFO - DAG(s) dict_keys(['example_weekday_branch_operator']) retrieved from /home/airflow/.local/lib/python3.7/site-packages/airflow/example_dags/example_branch_day_of_week_operator.py
[2024-04-20T05:52:59.643+0000] {logging_mixin.py:117} INFO - [2024-04-20T05:52:59.643+0000] {dag.py:2573} INFO - Sync 1 DAGs
[2024-04-20T05:52:59.669+0000] {logging_mixin.py:117} INFO - [2024-04-20T05:52:59.668+0000] {dag.py:3328} INFO - Setting next_dagrun for example_weekday_branch_operator to 2024-04-19T00:00:00+00:00, run_after=2024-04-20T00:00:00+00:00
[2024-04-20T05:52:59.688+0000] {processor.py:178} INFO - Processing /home/airflow/.local/lib/python3.7/site-packages/airflow/example_dags/example_branch_day_of_week_operator.py took 0.104 seconds
[2024-04-20T05:53:30.233+0000] {processor.py:156} INFO - Started process (PID=10236) to work on /home/airflow/.local/lib/python3.7/site-packages/airflow/example_dags/example_branch_day_of_week_operator.py
[2024-04-20T05:53:30.234+0000] {processor.py:758} INFO - Processing file /home/airflow/.local/lib/python3.7/site-packages/airflow/example_dags/example_branch_day_of_week_operator.py for tasks to queue
[2024-04-20T05:53:30.234+0000] {logging_mixin.py:117} INFO - [2024-04-20T05:53:30.234+0000] {dagbag.py:525} INFO - Filling up the DagBag from /home/airflow/.local/lib/python3.7/site-packages/airflow/example_dags/example_branch_day_of_week_operator.py
[2024-04-20T05:53:30.259+0000] {processor.py:768} INFO - DAG(s) dict_keys(['example_weekday_branch_operator']) retrieved from /home/airflow/.local/lib/python3.7/site-packages/airflow/example_dags/example_branch_day_of_week_operator.py
[2024-04-20T05:53:30.334+0000] {logging_mixin.py:117} INFO - [2024-04-20T05:53:30.333+0000] {dag.py:2573} INFO - Sync 1 DAGs
[2024-04-20T05:53:30.368+0000] {logging_mixin.py:117} INFO - [2024-04-20T05:53:30.368+0000] {dag.py:3328} INFO - Setting next_dagrun for example_weekday_branch_operator to 2024-04-19T00:00:00+00:00, run_after=2024-04-20T00:00:00+00:00
[2024-04-20T05:53:30.394+0000] {processor.py:178} INFO - Processing /home/airflow/.local/lib/python3.7/site-packages/airflow/example_dags/example_branch_day_of_week_operator.py took 0.165 seconds
[2024-04-20T05:54:00.507+0000] {processor.py:156} INFO - Started process (PID=10457) to work on /home/airflow/.local/lib/python3.7/site-packages/airflow/example_dags/example_branch_day_of_week_operator.py
[2024-04-20T05:54:00.512+0000] {processor.py:758} INFO - Processing file /home/airflow/.local/lib/python3.7/site-packages/airflow/example_dags/example_branch_day_of_week_operator.py for tasks to queue
[2024-04-20T05:54:00.515+0000] {logging_mixin.py:117} INFO - [2024-04-20T05:54:00.515+0000] {dagbag.py:525} INFO - Filling up the DagBag from /home/airflow/.local/lib/python3.7/site-packages/airflow/example_dags/example_branch_day_of_week_operator.py
[2024-04-20T05:54:00.601+0000] {processor.py:768} INFO - DAG(s) dict_keys(['example_weekday_branch_operator']) retrieved from /home/airflow/.local/lib/python3.7/site-packages/airflow/example_dags/example_branch_day_of_week_operator.py
[2024-04-20T05:54:00.759+0000] {logging_mixin.py:117} INFO - [2024-04-20T05:54:00.758+0000] {dag.py:2573} INFO - Sync 1 DAGs
[2024-04-20T05:54:00.810+0000] {logging_mixin.py:117} INFO - [2024-04-20T05:54:00.810+0000] {dag.py:3328} INFO - Setting next_dagrun for example_weekday_branch_operator to 2024-04-19T00:00:00+00:00, run_after=2024-04-20T00:00:00+00:00
[2024-04-20T05:54:00.835+0000] {processor.py:178} INFO - Processing /home/airflow/.local/lib/python3.7/site-packages/airflow/example_dags/example_branch_day_of_week_operator.py took 0.331 seconds
[2024-04-20T05:54:31.398+0000] {processor.py:156} INFO - Started process (PID=10692) to work on /home/airflow/.local/lib/python3.7/site-packages/airflow/example_dags/example_branch_day_of_week_operator.py
[2024-04-20T05:54:31.399+0000] {processor.py:758} INFO - Processing file /home/airflow/.local/lib/python3.7/site-packages/airflow/example_dags/example_branch_day_of_week_operator.py for tasks to queue
[2024-04-20T05:54:31.399+0000] {logging_mixin.py:117} INFO - [2024-04-20T05:54:31.399+0000] {dagbag.py:525} INFO - Filling up the DagBag from /home/airflow/.local/lib/python3.7/site-packages/airflow/example_dags/example_branch_day_of_week_operator.py
[2024-04-20T05:54:31.419+0000] {processor.py:768} INFO - DAG(s) dict_keys(['example_weekday_branch_operator']) retrieved from /home/airflow/.local/lib/python3.7/site-packages/airflow/example_dags/example_branch_day_of_week_operator.py
[2024-04-20T05:54:31.553+0000] {logging_mixin.py:117} INFO - [2024-04-20T05:54:31.553+0000] {dag.py:2573} INFO - Sync 1 DAGs
[2024-04-20T05:54:31.605+0000] {logging_mixin.py:117} INFO - [2024-04-20T05:54:31.605+0000] {dag.py:3328} INFO - Setting next_dagrun for example_weekday_branch_operator to 2024-04-19T00:00:00+00:00, run_after=2024-04-20T00:00:00+00:00
[2024-04-20T05:54:31.628+0000] {processor.py:178} INFO - Processing /home/airflow/.local/lib/python3.7/site-packages/airflow/example_dags/example_branch_day_of_week_operator.py took 0.233 seconds
[2024-04-20T05:55:02.323+0000] {processor.py:156} INFO - Started process (PID=10918) to work on /home/airflow/.local/lib/python3.7/site-packages/airflow/example_dags/example_branch_day_of_week_operator.py
[2024-04-20T05:55:02.324+0000] {processor.py:758} INFO - Processing file /home/airflow/.local/lib/python3.7/site-packages/airflow/example_dags/example_branch_day_of_week_operator.py for tasks to queue
[2024-04-20T05:55:02.325+0000] {logging_mixin.py:117} INFO - [2024-04-20T05:55:02.324+0000] {dagbag.py:525} INFO - Filling up the DagBag from /home/airflow/.local/lib/python3.7/site-packages/airflow/example_dags/example_branch_day_of_week_operator.py
[2024-04-20T05:55:02.367+0000] {processor.py:768} INFO - DAG(s) dict_keys(['example_weekday_branch_operator']) retrieved from /home/airflow/.local/lib/python3.7/site-packages/airflow/example_dags/example_branch_day_of_week_operator.py
[2024-04-20T05:55:02.456+0000] {logging_mixin.py:117} INFO - [2024-04-20T05:55:02.456+0000] {dag.py:2573} INFO - Sync 1 DAGs
[2024-04-20T05:55:02.517+0000] {logging_mixin.py:117} INFO - [2024-04-20T05:55:02.517+0000] {dag.py:3328} INFO - Setting next_dagrun for example_weekday_branch_operator to 2024-04-19T00:00:00+00:00, run_after=2024-04-20T00:00:00+00:00
[2024-04-20T05:55:02.561+0000] {processor.py:178} INFO - Processing /home/airflow/.local/lib/python3.7/site-packages/airflow/example_dags/example_branch_day_of_week_operator.py took 0.240 seconds
[2024-04-20T05:55:33.323+0000] {processor.py:156} INFO - Started process (PID=11139) to work on /home/airflow/.local/lib/python3.7/site-packages/airflow/example_dags/example_branch_day_of_week_operator.py
[2024-04-20T05:55:33.323+0000] {processor.py:758} INFO - Processing file /home/airflow/.local/lib/python3.7/site-packages/airflow/example_dags/example_branch_day_of_week_operator.py for tasks to queue
[2024-04-20T05:55:33.325+0000] {logging_mixin.py:117} INFO - [2024-04-20T05:55:33.325+0000] {dagbag.py:525} INFO - Filling up the DagBag from /home/airflow/.local/lib/python3.7/site-packages/airflow/example_dags/example_branch_day_of_week_operator.py
[2024-04-20T05:55:33.346+0000] {processor.py:768} INFO - DAG(s) dict_keys(['example_weekday_branch_operator']) retrieved from /home/airflow/.local/lib/python3.7/site-packages/airflow/example_dags/example_branch_day_of_week_operator.py
[2024-04-20T05:55:33.394+0000] {logging_mixin.py:117} INFO - [2024-04-20T05:55:33.394+0000] {dag.py:2573} INFO - Sync 1 DAGs
[2024-04-20T05:55:33.426+0000] {logging_mixin.py:117} INFO - [2024-04-20T05:55:33.425+0000] {dag.py:3328} INFO - Setting next_dagrun for example_weekday_branch_operator to 2024-04-19T00:00:00+00:00, run_after=2024-04-20T00:00:00+00:00
[2024-04-20T05:55:33.450+0000] {processor.py:178} INFO - Processing /home/airflow/.local/lib/python3.7/site-packages/airflow/example_dags/example_branch_day_of_week_operator.py took 0.131 seconds
[2024-04-20T05:56:47.853+0000] {processor.py:156} INFO - Started process (PID=340) to work on /home/airflow/.local/lib/python3.7/site-packages/airflow/example_dags/example_branch_day_of_week_operator.py
[2024-04-20T05:56:47.858+0000] {processor.py:758} INFO - Processing file /home/airflow/.local/lib/python3.7/site-packages/airflow/example_dags/example_branch_day_of_week_operator.py for tasks to queue
[2024-04-20T05:56:47.859+0000] {logging_mixin.py:117} INFO - [2024-04-20T05:56:47.859+0000] {dagbag.py:525} INFO - Filling up the DagBag from /home/airflow/.local/lib/python3.7/site-packages/airflow/example_dags/example_branch_day_of_week_operator.py
[2024-04-20T05:56:47.914+0000] {processor.py:768} INFO - DAG(s) dict_keys(['example_weekday_branch_operator']) retrieved from /home/airflow/.local/lib/python3.7/site-packages/airflow/example_dags/example_branch_day_of_week_operator.py
[2024-04-20T05:56:48.046+0000] {logging_mixin.py:117} INFO - [2024-04-20T05:56:48.045+0000] {dag.py:2573} INFO - Sync 1 DAGs
[2024-04-20T05:56:48.151+0000] {logging_mixin.py:117} INFO - [2024-04-20T05:56:48.151+0000] {dag.py:3328} INFO - Setting next_dagrun for example_weekday_branch_operator to 2024-04-19T00:00:00+00:00, run_after=2024-04-20T00:00:00+00:00
[2024-04-20T05:56:48.222+0000] {processor.py:178} INFO - Processing /home/airflow/.local/lib/python3.7/site-packages/airflow/example_dags/example_branch_day_of_week_operator.py took 0.371 seconds
[2024-04-20T05:57:19.131+0000] {processor.py:156} INFO - Started process (PID=558) to work on /home/airflow/.local/lib/python3.7/site-packages/airflow/example_dags/example_branch_day_of_week_operator.py
[2024-04-20T05:57:19.134+0000] {processor.py:758} INFO - Processing file /home/airflow/.local/lib/python3.7/site-packages/airflow/example_dags/example_branch_day_of_week_operator.py for tasks to queue
[2024-04-20T05:57:19.138+0000] {logging_mixin.py:117} INFO - [2024-04-20T05:57:19.135+0000] {dagbag.py:525} INFO - Filling up the DagBag from /home/airflow/.local/lib/python3.7/site-packages/airflow/example_dags/example_branch_day_of_week_operator.py
[2024-04-20T05:57:19.211+0000] {processor.py:768} INFO - DAG(s) dict_keys(['example_weekday_branch_operator']) retrieved from /home/airflow/.local/lib/python3.7/site-packages/airflow/example_dags/example_branch_day_of_week_operator.py
[2024-04-20T05:57:19.303+0000] {logging_mixin.py:117} INFO - [2024-04-20T05:57:19.303+0000] {dag.py:2573} INFO - Sync 1 DAGs
[2024-04-20T05:57:19.405+0000] {logging_mixin.py:117} INFO - [2024-04-20T05:57:19.405+0000] {dag.py:3328} INFO - Setting next_dagrun for example_weekday_branch_operator to 2024-04-19T00:00:00+00:00, run_after=2024-04-20T00:00:00+00:00
[2024-04-20T05:57:20.421+0000] {processor.py:178} INFO - Processing /home/airflow/.local/lib/python3.7/site-packages/airflow/example_dags/example_branch_day_of_week_operator.py took 1.304 seconds
[2024-04-20T05:57:50.728+0000] {processor.py:156} INFO - Started process (PID=787) to work on /home/airflow/.local/lib/python3.7/site-packages/airflow/example_dags/example_branch_day_of_week_operator.py
[2024-04-20T05:57:50.728+0000] {processor.py:758} INFO - Processing file /home/airflow/.local/lib/python3.7/site-packages/airflow/example_dags/example_branch_day_of_week_operator.py for tasks to queue
[2024-04-20T05:57:50.729+0000] {logging_mixin.py:117} INFO - [2024-04-20T05:57:50.729+0000] {dagbag.py:525} INFO - Filling up the DagBag from /home/airflow/.local/lib/python3.7/site-packages/airflow/example_dags/example_branch_day_of_week_operator.py
[2024-04-20T05:57:50.747+0000] {processor.py:768} INFO - DAG(s) dict_keys(['example_weekday_branch_operator']) retrieved from /home/airflow/.local/lib/python3.7/site-packages/airflow/example_dags/example_branch_day_of_week_operator.py
[2024-04-20T05:57:50.789+0000] {logging_mixin.py:117} INFO - [2024-04-20T05:57:50.789+0000] {dag.py:2573} INFO - Sync 1 DAGs
[2024-04-20T05:57:50.954+0000] {logging_mixin.py:117} INFO - [2024-04-20T05:57:50.954+0000] {dag.py:3328} INFO - Setting next_dagrun for example_weekday_branch_operator to 2024-04-19T00:00:00+00:00, run_after=2024-04-20T00:00:00+00:00
[2024-04-20T05:57:50.988+0000] {processor.py:178} INFO - Processing /home/airflow/.local/lib/python3.7/site-packages/airflow/example_dags/example_branch_day_of_week_operator.py took 0.265 seconds
[2024-04-20T05:58:21.285+0000] {processor.py:156} INFO - Started process (PID=1009) to work on /home/airflow/.local/lib/python3.7/site-packages/airflow/example_dags/example_branch_day_of_week_operator.py
[2024-04-20T05:58:21.287+0000] {processor.py:758} INFO - Processing file /home/airflow/.local/lib/python3.7/site-packages/airflow/example_dags/example_branch_day_of_week_operator.py for tasks to queue
[2024-04-20T05:58:21.288+0000] {logging_mixin.py:117} INFO - [2024-04-20T05:58:21.287+0000] {dagbag.py:525} INFO - Filling up the DagBag from /home/airflow/.local/lib/python3.7/site-packages/airflow/example_dags/example_branch_day_of_week_operator.py
[2024-04-20T05:58:21.309+0000] {processor.py:768} INFO - DAG(s) dict_keys(['example_weekday_branch_operator']) retrieved from /home/airflow/.local/lib/python3.7/site-packages/airflow/example_dags/example_branch_day_of_week_operator.py
[2024-04-20T05:58:21.553+0000] {logging_mixin.py:117} INFO - [2024-04-20T05:58:21.553+0000] {dag.py:2573} INFO - Sync 1 DAGs
[2024-04-20T05:58:21.649+0000] {logging_mixin.py:117} INFO - [2024-04-20T05:58:21.649+0000] {dag.py:3328} INFO - Setting next_dagrun for example_weekday_branch_operator to 2024-04-19T00:00:00+00:00, run_after=2024-04-20T00:00:00+00:00
[2024-04-20T05:58:21.736+0000] {processor.py:178} INFO - Processing /home/airflow/.local/lib/python3.7/site-packages/airflow/example_dags/example_branch_day_of_week_operator.py took 0.463 seconds
[2024-04-20T05:58:51.987+0000] {processor.py:156} INFO - Started process (PID=1237) to work on /home/airflow/.local/lib/python3.7/site-packages/airflow/example_dags/example_branch_day_of_week_operator.py
[2024-04-20T05:58:51.989+0000] {processor.py:758} INFO - Processing file /home/airflow/.local/lib/python3.7/site-packages/airflow/example_dags/example_branch_day_of_week_operator.py for tasks to queue
[2024-04-20T05:58:51.989+0000] {logging_mixin.py:117} INFO - [2024-04-20T05:58:51.989+0000] {dagbag.py:525} INFO - Filling up the DagBag from /home/airflow/.local/lib/python3.7/site-packages/airflow/example_dags/example_branch_day_of_week_operator.py
[2024-04-20T05:58:52.008+0000] {processor.py:768} INFO - DAG(s) dict_keys(['example_weekday_branch_operator']) retrieved from /home/airflow/.local/lib/python3.7/site-packages/airflow/example_dags/example_branch_day_of_week_operator.py
[2024-04-20T05:58:52.158+0000] {logging_mixin.py:117} INFO - [2024-04-20T05:58:52.158+0000] {dag.py:2573} INFO - Sync 1 DAGs
[2024-04-20T05:58:52.180+0000] {logging_mixin.py:117} INFO - [2024-04-20T05:58:52.180+0000] {dag.py:3328} INFO - Setting next_dagrun for example_weekday_branch_operator to 2024-04-19T00:00:00+00:00, run_after=2024-04-20T00:00:00+00:00
[2024-04-20T05:58:52.198+0000] {processor.py:178} INFO - Processing /home/airflow/.local/lib/python3.7/site-packages/airflow/example_dags/example_branch_day_of_week_operator.py took 0.216 seconds
[2024-04-20T05:59:22.561+0000] {processor.py:156} INFO - Started process (PID=1465) to work on /home/airflow/.local/lib/python3.7/site-packages/airflow/example_dags/example_branch_day_of_week_operator.py
[2024-04-20T05:59:22.562+0000] {processor.py:758} INFO - Processing file /home/airflow/.local/lib/python3.7/site-packages/airflow/example_dags/example_branch_day_of_week_operator.py for tasks to queue
[2024-04-20T05:59:22.562+0000] {logging_mixin.py:117} INFO - [2024-04-20T05:59:22.562+0000] {dagbag.py:525} INFO - Filling up the DagBag from /home/airflow/.local/lib/python3.7/site-packages/airflow/example_dags/example_branch_day_of_week_operator.py
[2024-04-20T05:59:22.809+0000] {processor.py:768} INFO - DAG(s) dict_keys(['example_weekday_branch_operator']) retrieved from /home/airflow/.local/lib/python3.7/site-packages/airflow/example_dags/example_branch_day_of_week_operator.py
[2024-04-20T05:59:22.852+0000] {logging_mixin.py:117} INFO - [2024-04-20T05:59:22.852+0000] {dag.py:2573} INFO - Sync 1 DAGs
[2024-04-20T05:59:22.886+0000] {logging_mixin.py:117} INFO - [2024-04-20T05:59:22.886+0000] {dag.py:3328} INFO - Setting next_dagrun for example_weekday_branch_operator to 2024-04-19T00:00:00+00:00, run_after=2024-04-20T00:00:00+00:00
[2024-04-20T05:59:22.911+0000] {processor.py:178} INFO - Processing /home/airflow/.local/lib/python3.7/site-packages/airflow/example_dags/example_branch_day_of_week_operator.py took 0.362 seconds
[2024-04-20T05:59:53.509+0000] {processor.py:156} INFO - Started process (PID=1683) to work on /home/airflow/.local/lib/python3.7/site-packages/airflow/example_dags/example_branch_day_of_week_operator.py
[2024-04-20T05:59:53.509+0000] {processor.py:758} INFO - Processing file /home/airflow/.local/lib/python3.7/site-packages/airflow/example_dags/example_branch_day_of_week_operator.py for tasks to queue
[2024-04-20T05:59:53.510+0000] {logging_mixin.py:117} INFO - [2024-04-20T05:59:53.510+0000] {dagbag.py:525} INFO - Filling up the DagBag from /home/airflow/.local/lib/python3.7/site-packages/airflow/example_dags/example_branch_day_of_week_operator.py
[2024-04-20T05:59:53.536+0000] {processor.py:768} INFO - DAG(s) dict_keys(['example_weekday_branch_operator']) retrieved from /home/airflow/.local/lib/python3.7/site-packages/airflow/example_dags/example_branch_day_of_week_operator.py
[2024-04-20T05:59:53.626+0000] {logging_mixin.py:117} INFO - [2024-04-20T05:59:53.626+0000] {dag.py:2573} INFO - Sync 1 DAGs
[2024-04-20T05:59:53.660+0000] {logging_mixin.py:117} INFO - [2024-04-20T05:59:53.660+0000] {dag.py:3328} INFO - Setting next_dagrun for example_weekday_branch_operator to 2024-04-19T00:00:00+00:00, run_after=2024-04-20T00:00:00+00:00
[2024-04-20T05:59:53.686+0000] {processor.py:178} INFO - Processing /home/airflow/.local/lib/python3.7/site-packages/airflow/example_dags/example_branch_day_of_week_operator.py took 0.180 seconds
[2024-04-20T06:00:24.321+0000] {processor.py:156} INFO - Started process (PID=1910) to work on /home/airflow/.local/lib/python3.7/site-packages/airflow/example_dags/example_branch_day_of_week_operator.py
[2024-04-20T06:00:24.323+0000] {processor.py:758} INFO - Processing file /home/airflow/.local/lib/python3.7/site-packages/airflow/example_dags/example_branch_day_of_week_operator.py for tasks to queue
[2024-04-20T06:00:24.324+0000] {logging_mixin.py:117} INFO - [2024-04-20T06:00:24.324+0000] {dagbag.py:525} INFO - Filling up the DagBag from /home/airflow/.local/lib/python3.7/site-packages/airflow/example_dags/example_branch_day_of_week_operator.py
[2024-04-20T06:00:24.352+0000] {processor.py:768} INFO - DAG(s) dict_keys(['example_weekday_branch_operator']) retrieved from /home/airflow/.local/lib/python3.7/site-packages/airflow/example_dags/example_branch_day_of_week_operator.py
[2024-04-20T06:00:24.401+0000] {logging_mixin.py:117} INFO - [2024-04-20T06:00:24.401+0000] {dag.py:2573} INFO - Sync 1 DAGs
[2024-04-20T06:00:24.434+0000] {logging_mixin.py:117} INFO - [2024-04-20T06:00:24.434+0000] {dag.py:3328} INFO - Setting next_dagrun for example_weekday_branch_operator to 2024-04-19T00:00:00+00:00, run_after=2024-04-20T00:00:00+00:00
[2024-04-20T06:00:24.460+0000] {processor.py:178} INFO - Processing /home/airflow/.local/lib/python3.7/site-packages/airflow/example_dags/example_branch_day_of_week_operator.py took 0.146 seconds
[2024-04-20T06:00:54.773+0000] {processor.py:156} INFO - Started process (PID=2137) to work on /home/airflow/.local/lib/python3.7/site-packages/airflow/example_dags/example_branch_day_of_week_operator.py
[2024-04-20T06:00:54.774+0000] {processor.py:758} INFO - Processing file /home/airflow/.local/lib/python3.7/site-packages/airflow/example_dags/example_branch_day_of_week_operator.py for tasks to queue
[2024-04-20T06:00:54.775+0000] {logging_mixin.py:117} INFO - [2024-04-20T06:00:54.775+0000] {dagbag.py:525} INFO - Filling up the DagBag from /home/airflow/.local/lib/python3.7/site-packages/airflow/example_dags/example_branch_day_of_week_operator.py
[2024-04-20T06:00:54.797+0000] {processor.py:768} INFO - DAG(s) dict_keys(['example_weekday_branch_operator']) retrieved from /home/airflow/.local/lib/python3.7/site-packages/airflow/example_dags/example_branch_day_of_week_operator.py
[2024-04-20T06:00:54.875+0000] {logging_mixin.py:117} INFO - [2024-04-20T06:00:54.875+0000] {dag.py:2573} INFO - Sync 1 DAGs
[2024-04-20T06:00:54.916+0000] {logging_mixin.py:117} INFO - [2024-04-20T06:00:54.916+0000] {dag.py:3328} INFO - Setting next_dagrun for example_weekday_branch_operator to 2024-04-19T00:00:00+00:00, run_after=2024-04-20T00:00:00+00:00
[2024-04-20T06:00:54.948+0000] {processor.py:178} INFO - Processing /home/airflow/.local/lib/python3.7/site-packages/airflow/example_dags/example_branch_day_of_week_operator.py took 0.178 seconds
[2024-04-20T06:01:25.675+0000] {processor.py:156} INFO - Started process (PID=2355) to work on /home/airflow/.local/lib/python3.7/site-packages/airflow/example_dags/example_branch_day_of_week_operator.py
[2024-04-20T06:01:25.676+0000] {processor.py:758} INFO - Processing file /home/airflow/.local/lib/python3.7/site-packages/airflow/example_dags/example_branch_day_of_week_operator.py for tasks to queue
[2024-04-20T06:01:25.677+0000] {logging_mixin.py:117} INFO - [2024-04-20T06:01:25.677+0000] {dagbag.py:525} INFO - Filling up the DagBag from /home/airflow/.local/lib/python3.7/site-packages/airflow/example_dags/example_branch_day_of_week_operator.py
[2024-04-20T06:01:25.697+0000] {processor.py:768} INFO - DAG(s) dict_keys(['example_weekday_branch_operator']) retrieved from /home/airflow/.local/lib/python3.7/site-packages/airflow/example_dags/example_branch_day_of_week_operator.py
[2024-04-20T06:01:25.746+0000] {logging_mixin.py:117} INFO - [2024-04-20T06:01:25.745+0000] {dag.py:2573} INFO - Sync 1 DAGs
[2024-04-20T06:01:25.781+0000] {logging_mixin.py:117} INFO - [2024-04-20T06:01:25.781+0000] {dag.py:3328} INFO - Setting next_dagrun for example_weekday_branch_operator to 2024-04-19T00:00:00+00:00, run_after=2024-04-20T00:00:00+00:00
[2024-04-20T06:01:25.806+0000] {processor.py:178} INFO - Processing /home/airflow/.local/lib/python3.7/site-packages/airflow/example_dags/example_branch_day_of_week_operator.py took 0.134 seconds
[2024-04-20T06:01:55.984+0000] {processor.py:156} INFO - Started process (PID=2583) to work on /home/airflow/.local/lib/python3.7/site-packages/airflow/example_dags/example_branch_day_of_week_operator.py
[2024-04-20T06:01:55.984+0000] {processor.py:758} INFO - Processing file /home/airflow/.local/lib/python3.7/site-packages/airflow/example_dags/example_branch_day_of_week_operator.py for tasks to queue
[2024-04-20T06:01:55.985+0000] {logging_mixin.py:117} INFO - [2024-04-20T06:01:55.985+0000] {dagbag.py:525} INFO - Filling up the DagBag from /home/airflow/.local/lib/python3.7/site-packages/airflow/example_dags/example_branch_day_of_week_operator.py
[2024-04-20T06:01:56.005+0000] {processor.py:768} INFO - DAG(s) dict_keys(['example_weekday_branch_operator']) retrieved from /home/airflow/.local/lib/python3.7/site-packages/airflow/example_dags/example_branch_day_of_week_operator.py
[2024-04-20T06:01:56.053+0000] {logging_mixin.py:117} INFO - [2024-04-20T06:01:56.053+0000] {dag.py:2573} INFO - Sync 1 DAGs
[2024-04-20T06:01:56.092+0000] {logging_mixin.py:117} INFO - [2024-04-20T06:01:56.092+0000] {dag.py:3328} INFO - Setting next_dagrun for example_weekday_branch_operator to 2024-04-19T00:00:00+00:00, run_after=2024-04-20T00:00:00+00:00
[2024-04-20T06:01:56.133+0000] {processor.py:178} INFO - Processing /home/airflow/.local/lib/python3.7/site-packages/airflow/example_dags/example_branch_day_of_week_operator.py took 0.153 seconds
[2024-04-20T06:02:26.398+0000] {processor.py:156} INFO - Started process (PID=2802) to work on /home/airflow/.local/lib/python3.7/site-packages/airflow/example_dags/example_branch_day_of_week_operator.py
[2024-04-20T06:02:26.399+0000] {processor.py:758} INFO - Processing file /home/airflow/.local/lib/python3.7/site-packages/airflow/example_dags/example_branch_day_of_week_operator.py for tasks to queue
[2024-04-20T06:02:26.399+0000] {logging_mixin.py:117} INFO - [2024-04-20T06:02:26.399+0000] {dagbag.py:525} INFO - Filling up the DagBag from /home/airflow/.local/lib/python3.7/site-packages/airflow/example_dags/example_branch_day_of_week_operator.py
[2024-04-20T06:02:26.424+0000] {processor.py:768} INFO - DAG(s) dict_keys(['example_weekday_branch_operator']) retrieved from /home/airflow/.local/lib/python3.7/site-packages/airflow/example_dags/example_branch_day_of_week_operator.py
[2024-04-20T06:02:26.477+0000] {logging_mixin.py:117} INFO - [2024-04-20T06:02:26.476+0000] {dag.py:2573} INFO - Sync 1 DAGs
[2024-04-20T06:02:26.510+0000] {logging_mixin.py:117} INFO - [2024-04-20T06:02:26.510+0000] {dag.py:3328} INFO - Setting next_dagrun for example_weekday_branch_operator to 2024-04-19T00:00:00+00:00, run_after=2024-04-20T00:00:00+00:00
[2024-04-20T06:02:26.536+0000] {processor.py:178} INFO - Processing /home/airflow/.local/lib/python3.7/site-packages/airflow/example_dags/example_branch_day_of_week_operator.py took 0.141 seconds
[2024-04-20T06:02:57.197+0000] {processor.py:156} INFO - Started process (PID=3030) to work on /home/airflow/.local/lib/python3.7/site-packages/airflow/example_dags/example_branch_day_of_week_operator.py
[2024-04-20T06:02:57.197+0000] {processor.py:758} INFO - Processing file /home/airflow/.local/lib/python3.7/site-packages/airflow/example_dags/example_branch_day_of_week_operator.py for tasks to queue
[2024-04-20T06:02:57.198+0000] {logging_mixin.py:117} INFO - [2024-04-20T06:02:57.198+0000] {dagbag.py:525} INFO - Filling up the DagBag from /home/airflow/.local/lib/python3.7/site-packages/airflow/example_dags/example_branch_day_of_week_operator.py
[2024-04-20T06:02:57.218+0000] {processor.py:768} INFO - DAG(s) dict_keys(['example_weekday_branch_operator']) retrieved from /home/airflow/.local/lib/python3.7/site-packages/airflow/example_dags/example_branch_day_of_week_operator.py
[2024-04-20T06:02:57.266+0000] {logging_mixin.py:117} INFO - [2024-04-20T06:02:57.266+0000] {dag.py:2573} INFO - Sync 1 DAGs
[2024-04-20T06:02:57.300+0000] {logging_mixin.py:117} INFO - [2024-04-20T06:02:57.300+0000] {dag.py:3328} INFO - Setting next_dagrun for example_weekday_branch_operator to 2024-04-19T00:00:00+00:00, run_after=2024-04-20T00:00:00+00:00
[2024-04-20T06:02:57.327+0000] {processor.py:178} INFO - Processing /home/airflow/.local/lib/python3.7/site-packages/airflow/example_dags/example_branch_day_of_week_operator.py took 0.134 seconds
[2024-04-20T06:03:27.669+0000] {processor.py:156} INFO - Started process (PID=3256) to work on /home/airflow/.local/lib/python3.7/site-packages/airflow/example_dags/example_branch_day_of_week_operator.py
[2024-04-20T06:03:27.669+0000] {processor.py:758} INFO - Processing file /home/airflow/.local/lib/python3.7/site-packages/airflow/example_dags/example_branch_day_of_week_operator.py for tasks to queue
[2024-04-20T06:03:27.670+0000] {logging_mixin.py:117} INFO - [2024-04-20T06:03:27.670+0000] {dagbag.py:525} INFO - Filling up the DagBag from /home/airflow/.local/lib/python3.7/site-packages/airflow/example_dags/example_branch_day_of_week_operator.py
[2024-04-20T06:03:27.690+0000] {processor.py:768} INFO - DAG(s) dict_keys(['example_weekday_branch_operator']) retrieved from /home/airflow/.local/lib/python3.7/site-packages/airflow/example_dags/example_branch_day_of_week_operator.py
[2024-04-20T06:03:27.741+0000] {logging_mixin.py:117} INFO - [2024-04-20T06:03:27.741+0000] {dag.py:2573} INFO - Sync 1 DAGs
[2024-04-20T06:03:27.777+0000] {logging_mixin.py:117} INFO - [2024-04-20T06:03:27.776+0000] {dag.py:3328} INFO - Setting next_dagrun for example_weekday_branch_operator to 2024-04-19T00:00:00+00:00, run_after=2024-04-20T00:00:00+00:00
[2024-04-20T06:03:27.802+0000] {processor.py:178} INFO - Processing /home/airflow/.local/lib/python3.7/site-packages/airflow/example_dags/example_branch_day_of_week_operator.py took 0.136 seconds
