[2024-04-20T05:31:55.625+0000] {processor.py:156} INFO - Started process (PID=305) to work on /home/airflow/.local/lib/python3.7/site-packages/airflow/example_dags/example_branch_python_dop_operator_3.py
[2024-04-20T05:31:55.626+0000] {processor.py:758} INFO - Processing file /home/airflow/.local/lib/python3.7/site-packages/airflow/example_dags/example_branch_python_dop_operator_3.py for tasks to queue
[2024-04-20T05:31:55.627+0000] {logging_mixin.py:117} INFO - [2024-04-20T05:31:55.626+0000] {dagbag.py:525} INFO - Filling up the DagBag from /home/airflow/.local/lib/python3.7/site-packages/airflow/example_dags/example_branch_python_dop_operator_3.py
[2024-04-20T05:31:55.721+0000] {processor.py:768} INFO - DAG(s) dict_keys(['example_branch_dop_operator_v3']) retrieved from /home/airflow/.local/lib/python3.7/site-packages/airflow/example_dags/example_branch_python_dop_operator_3.py
[2024-04-20T05:31:56.552+0000] {logging_mixin.py:117} INFO - [2024-04-20T05:31:56.552+0000] {manager.py:507} INFO - Created Permission View: can delete on DAG:example_branch_dop_operator_v3
[2024-04-20T05:31:56.589+0000] {logging_mixin.py:117} INFO - [2024-04-20T05:31:56.589+0000] {manager.py:507} INFO - Created Permission View: can edit on DAG:example_branch_dop_operator_v3
[2024-04-20T05:31:56.602+0000] {logging_mixin.py:117} INFO - [2024-04-20T05:31:56.601+0000] {manager.py:507} INFO - Created Permission View: can read on DAG:example_branch_dop_operator_v3
[2024-04-20T05:31:56.602+0000] {logging_mixin.py:117} INFO - [2024-04-20T05:31:56.602+0000] {dag.py:2573} INFO - Sync 1 DAGs
[2024-04-20T05:31:56.662+0000] {logging_mixin.py:117} INFO - [2024-04-20T05:31:56.662+0000] {dag.py:2594} INFO - Creating ORM DAG for example_branch_dop_operator_v3
[2024-04-20T05:31:56.738+0000] {logging_mixin.py:117} INFO - [2024-04-20T05:31:56.738+0000] {dag.py:3328} INFO - Setting next_dagrun for example_branch_dop_operator_v3 to 2024-04-20T05:30:00+00:00, run_after=2024-04-20T05:31:00+00:00
[2024-04-20T05:31:56.813+0000] {processor.py:178} INFO - Processing /home/airflow/.local/lib/python3.7/site-packages/airflow/example_dags/example_branch_python_dop_operator_3.py took 1.197 seconds
[2024-04-20T05:32:27.414+0000] {processor.py:156} INFO - Started process (PID=520) to work on /home/airflow/.local/lib/python3.7/site-packages/airflow/example_dags/example_branch_python_dop_operator_3.py
[2024-04-20T05:32:27.414+0000] {processor.py:758} INFO - Processing file /home/airflow/.local/lib/python3.7/site-packages/airflow/example_dags/example_branch_python_dop_operator_3.py for tasks to queue
[2024-04-20T05:32:27.415+0000] {logging_mixin.py:117} INFO - [2024-04-20T05:32:27.415+0000] {dagbag.py:525} INFO - Filling up the DagBag from /home/airflow/.local/lib/python3.7/site-packages/airflow/example_dags/example_branch_python_dop_operator_3.py
[2024-04-20T05:32:27.447+0000] {processor.py:768} INFO - DAG(s) dict_keys(['example_branch_dop_operator_v3']) retrieved from /home/airflow/.local/lib/python3.7/site-packages/airflow/example_dags/example_branch_python_dop_operator_3.py
[2024-04-20T05:32:27.548+0000] {logging_mixin.py:117} INFO - [2024-04-20T05:32:27.547+0000] {dag.py:2573} INFO - Sync 1 DAGs
[2024-04-20T05:32:27.803+0000] {logging_mixin.py:117} INFO - [2024-04-20T05:32:27.803+0000] {dag.py:3328} INFO - Setting next_dagrun for example_branch_dop_operator_v3 to 2024-04-20T05:31:00+00:00, run_after=2024-04-20T05:32:00+00:00
[2024-04-20T05:32:27.826+0000] {processor.py:178} INFO - Processing /home/airflow/.local/lib/python3.7/site-packages/airflow/example_dags/example_branch_python_dop_operator_3.py took 0.416 seconds
[2024-04-20T05:32:58.325+0000] {processor.py:156} INFO - Started process (PID=745) to work on /home/airflow/.local/lib/python3.7/site-packages/airflow/example_dags/example_branch_python_dop_operator_3.py
[2024-04-20T05:32:58.326+0000] {processor.py:758} INFO - Processing file /home/airflow/.local/lib/python3.7/site-packages/airflow/example_dags/example_branch_python_dop_operator_3.py for tasks to queue
[2024-04-20T05:32:58.326+0000] {logging_mixin.py:117} INFO - [2024-04-20T05:32:58.326+0000] {dagbag.py:525} INFO - Filling up the DagBag from /home/airflow/.local/lib/python3.7/site-packages/airflow/example_dags/example_branch_python_dop_operator_3.py
[2024-04-20T05:32:58.356+0000] {processor.py:768} INFO - DAG(s) dict_keys(['example_branch_dop_operator_v3']) retrieved from /home/airflow/.local/lib/python3.7/site-packages/airflow/example_dags/example_branch_python_dop_operator_3.py
[2024-04-20T05:32:58.401+0000] {logging_mixin.py:117} INFO - [2024-04-20T05:32:58.401+0000] {dag.py:2573} INFO - Sync 1 DAGs
[2024-04-20T05:32:58.583+0000] {logging_mixin.py:117} INFO - [2024-04-20T05:32:58.583+0000] {dag.py:3328} INFO - Setting next_dagrun for example_branch_dop_operator_v3 to 2024-04-20T05:31:00+00:00, run_after=2024-04-20T05:32:00+00:00
[2024-04-20T05:32:58.613+0000] {processor.py:178} INFO - Processing /home/airflow/.local/lib/python3.7/site-packages/airflow/example_dags/example_branch_python_dop_operator_3.py took 0.292 seconds
[2024-04-20T05:33:28.911+0000] {processor.py:156} INFO - Started process (PID=967) to work on /home/airflow/.local/lib/python3.7/site-packages/airflow/example_dags/example_branch_python_dop_operator_3.py
[2024-04-20T05:33:28.914+0000] {processor.py:758} INFO - Processing file /home/airflow/.local/lib/python3.7/site-packages/airflow/example_dags/example_branch_python_dop_operator_3.py for tasks to queue
[2024-04-20T05:33:28.915+0000] {logging_mixin.py:117} INFO - [2024-04-20T05:33:28.914+0000] {dagbag.py:525} INFO - Filling up the DagBag from /home/airflow/.local/lib/python3.7/site-packages/airflow/example_dags/example_branch_python_dop_operator_3.py
[2024-04-20T05:33:28.970+0000] {processor.py:768} INFO - DAG(s) dict_keys(['example_branch_dop_operator_v3']) retrieved from /home/airflow/.local/lib/python3.7/site-packages/airflow/example_dags/example_branch_python_dop_operator_3.py
[2024-04-20T05:33:29.267+0000] {logging_mixin.py:117} INFO - [2024-04-20T05:33:29.267+0000] {dag.py:2573} INFO - Sync 1 DAGs
[2024-04-20T05:33:29.326+0000] {logging_mixin.py:117} INFO - [2024-04-20T05:33:29.326+0000] {dag.py:3328} INFO - Setting next_dagrun for example_branch_dop_operator_v3 to 2024-04-20T05:32:00+00:00, run_after=2024-04-20T05:33:00+00:00
[2024-04-20T05:33:29.401+0000] {processor.py:178} INFO - Processing /home/airflow/.local/lib/python3.7/site-packages/airflow/example_dags/example_branch_python_dop_operator_3.py took 0.495 seconds
[2024-04-20T05:33:59.602+0000] {processor.py:156} INFO - Started process (PID=1176) to work on /home/airflow/.local/lib/python3.7/site-packages/airflow/example_dags/example_branch_python_dop_operator_3.py
[2024-04-20T05:33:59.603+0000] {processor.py:758} INFO - Processing file /home/airflow/.local/lib/python3.7/site-packages/airflow/example_dags/example_branch_python_dop_operator_3.py for tasks to queue
[2024-04-20T05:33:59.604+0000] {logging_mixin.py:117} INFO - [2024-04-20T05:33:59.604+0000] {dagbag.py:525} INFO - Filling up the DagBag from /home/airflow/.local/lib/python3.7/site-packages/airflow/example_dags/example_branch_python_dop_operator_3.py
[2024-04-20T05:33:59.633+0000] {processor.py:768} INFO - DAG(s) dict_keys(['example_branch_dop_operator_v3']) retrieved from /home/airflow/.local/lib/python3.7/site-packages/airflow/example_dags/example_branch_python_dop_operator_3.py
[2024-04-20T05:33:59.833+0000] {logging_mixin.py:117} INFO - [2024-04-20T05:33:59.833+0000] {dag.py:2573} INFO - Sync 1 DAGs
[2024-04-20T05:33:59.880+0000] {logging_mixin.py:117} INFO - [2024-04-20T05:33:59.880+0000] {dag.py:3328} INFO - Setting next_dagrun for example_branch_dop_operator_v3 to 2024-04-20T05:32:00+00:00, run_after=2024-04-20T05:33:00+00:00
[2024-04-20T05:33:59.923+0000] {processor.py:178} INFO - Processing /home/airflow/.local/lib/python3.7/site-packages/airflow/example_dags/example_branch_python_dop_operator_3.py took 0.324 seconds
[2024-04-20T05:34:30.636+0000] {processor.py:156} INFO - Started process (PID=1395) to work on /home/airflow/.local/lib/python3.7/site-packages/airflow/example_dags/example_branch_python_dop_operator_3.py
[2024-04-20T05:34:30.637+0000] {processor.py:758} INFO - Processing file /home/airflow/.local/lib/python3.7/site-packages/airflow/example_dags/example_branch_python_dop_operator_3.py for tasks to queue
[2024-04-20T05:34:30.639+0000] {logging_mixin.py:117} INFO - [2024-04-20T05:34:30.639+0000] {dagbag.py:525} INFO - Filling up the DagBag from /home/airflow/.local/lib/python3.7/site-packages/airflow/example_dags/example_branch_python_dop_operator_3.py
[2024-04-20T05:34:31.077+0000] {processor.py:768} INFO - DAG(s) dict_keys(['example_branch_dop_operator_v3']) retrieved from /home/airflow/.local/lib/python3.7/site-packages/airflow/example_dags/example_branch_python_dop_operator_3.py
[2024-04-20T05:34:31.150+0000] {logging_mixin.py:117} INFO - [2024-04-20T05:34:31.150+0000] {dag.py:2573} INFO - Sync 1 DAGs
[2024-04-20T05:34:31.180+0000] {logging_mixin.py:117} INFO - [2024-04-20T05:34:31.180+0000] {dag.py:3328} INFO - Setting next_dagrun for example_branch_dop_operator_v3 to 2024-04-20T05:33:00+00:00, run_after=2024-04-20T05:34:00+00:00
[2024-04-20T05:34:31.200+0000] {processor.py:178} INFO - Processing /home/airflow/.local/lib/python3.7/site-packages/airflow/example_dags/example_branch_python_dop_operator_3.py took 0.568 seconds
[2024-04-20T05:35:01.499+0000] {processor.py:156} INFO - Started process (PID=1604) to work on /home/airflow/.local/lib/python3.7/site-packages/airflow/example_dags/example_branch_python_dop_operator_3.py
[2024-04-20T05:35:01.500+0000] {processor.py:758} INFO - Processing file /home/airflow/.local/lib/python3.7/site-packages/airflow/example_dags/example_branch_python_dop_operator_3.py for tasks to queue
[2024-04-20T05:35:01.501+0000] {logging_mixin.py:117} INFO - [2024-04-20T05:35:01.501+0000] {dagbag.py:525} INFO - Filling up the DagBag from /home/airflow/.local/lib/python3.7/site-packages/airflow/example_dags/example_branch_python_dop_operator_3.py
[2024-04-20T05:35:01.532+0000] {processor.py:768} INFO - DAG(s) dict_keys(['example_branch_dop_operator_v3']) retrieved from /home/airflow/.local/lib/python3.7/site-packages/airflow/example_dags/example_branch_python_dop_operator_3.py
[2024-04-20T05:35:01.581+0000] {logging_mixin.py:117} INFO - [2024-04-20T05:35:01.581+0000] {dag.py:2573} INFO - Sync 1 DAGs
[2024-04-20T05:35:01.621+0000] {logging_mixin.py:117} INFO - [2024-04-20T05:35:01.621+0000] {dag.py:3328} INFO - Setting next_dagrun for example_branch_dop_operator_v3 to 2024-04-20T05:34:00+00:00, run_after=2024-04-20T05:35:00+00:00
[2024-04-20T05:35:01.650+0000] {processor.py:178} INFO - Processing /home/airflow/.local/lib/python3.7/site-packages/airflow/example_dags/example_branch_python_dop_operator_3.py took 0.154 seconds
[2024-04-20T05:35:32.220+0000] {processor.py:156} INFO - Started process (PID=1821) to work on /home/airflow/.local/lib/python3.7/site-packages/airflow/example_dags/example_branch_python_dop_operator_3.py
[2024-04-20T05:35:32.220+0000] {processor.py:758} INFO - Processing file /home/airflow/.local/lib/python3.7/site-packages/airflow/example_dags/example_branch_python_dop_operator_3.py for tasks to queue
[2024-04-20T05:35:32.221+0000] {logging_mixin.py:117} INFO - [2024-04-20T05:35:32.221+0000] {dagbag.py:525} INFO - Filling up the DagBag from /home/airflow/.local/lib/python3.7/site-packages/airflow/example_dags/example_branch_python_dop_operator_3.py
[2024-04-20T05:35:32.285+0000] {processor.py:768} INFO - DAG(s) dict_keys(['example_branch_dop_operator_v3']) retrieved from /home/airflow/.local/lib/python3.7/site-packages/airflow/example_dags/example_branch_python_dop_operator_3.py
[2024-04-20T05:35:32.371+0000] {logging_mixin.py:117} INFO - [2024-04-20T05:35:32.370+0000] {dag.py:2573} INFO - Sync 1 DAGs
[2024-04-20T05:35:32.422+0000] {logging_mixin.py:117} INFO - [2024-04-20T05:35:32.422+0000] {dag.py:3328} INFO - Setting next_dagrun for example_branch_dop_operator_v3 to 2024-04-20T05:34:00+00:00, run_after=2024-04-20T05:35:00+00:00
[2024-04-20T05:35:32.448+0000] {processor.py:178} INFO - Processing /home/airflow/.local/lib/python3.7/site-packages/airflow/example_dags/example_branch_python_dop_operator_3.py took 0.232 seconds
[2024-04-20T05:36:02.883+0000] {processor.py:156} INFO - Started process (PID=2029) to work on /home/airflow/.local/lib/python3.7/site-packages/airflow/example_dags/example_branch_python_dop_operator_3.py
[2024-04-20T05:36:02.884+0000] {processor.py:758} INFO - Processing file /home/airflow/.local/lib/python3.7/site-packages/airflow/example_dags/example_branch_python_dop_operator_3.py for tasks to queue
[2024-04-20T05:36:02.884+0000] {logging_mixin.py:117} INFO - [2024-04-20T05:36:02.884+0000] {dagbag.py:525} INFO - Filling up the DagBag from /home/airflow/.local/lib/python3.7/site-packages/airflow/example_dags/example_branch_python_dop_operator_3.py
[2024-04-20T05:36:02.914+0000] {processor.py:768} INFO - DAG(s) dict_keys(['example_branch_dop_operator_v3']) retrieved from /home/airflow/.local/lib/python3.7/site-packages/airflow/example_dags/example_branch_python_dop_operator_3.py
[2024-04-20T05:36:02.963+0000] {logging_mixin.py:117} INFO - [2024-04-20T05:36:02.962+0000] {dag.py:2573} INFO - Sync 1 DAGs
[2024-04-20T05:36:03.001+0000] {logging_mixin.py:117} INFO - [2024-04-20T05:36:03.001+0000] {dag.py:3328} INFO - Setting next_dagrun for example_branch_dop_operator_v3 to 2024-04-20T05:35:00+00:00, run_after=2024-04-20T05:36:00+00:00
[2024-04-20T05:36:03.029+0000] {processor.py:178} INFO - Processing /home/airflow/.local/lib/python3.7/site-packages/airflow/example_dags/example_branch_python_dop_operator_3.py took 0.149 seconds
[2024-04-20T05:36:34.040+0000] {processor.py:156} INFO - Started process (PID=2245) to work on /home/airflow/.local/lib/python3.7/site-packages/airflow/example_dags/example_branch_python_dop_operator_3.py
[2024-04-20T05:36:34.041+0000] {processor.py:758} INFO - Processing file /home/airflow/.local/lib/python3.7/site-packages/airflow/example_dags/example_branch_python_dop_operator_3.py for tasks to queue
[2024-04-20T05:36:34.041+0000] {logging_mixin.py:117} INFO - [2024-04-20T05:36:34.041+0000] {dagbag.py:525} INFO - Filling up the DagBag from /home/airflow/.local/lib/python3.7/site-packages/airflow/example_dags/example_branch_python_dop_operator_3.py
[2024-04-20T05:36:34.071+0000] {processor.py:768} INFO - DAG(s) dict_keys(['example_branch_dop_operator_v3']) retrieved from /home/airflow/.local/lib/python3.7/site-packages/airflow/example_dags/example_branch_python_dop_operator_3.py
[2024-04-20T05:36:34.118+0000] {logging_mixin.py:117} INFO - [2024-04-20T05:36:34.118+0000] {dag.py:2573} INFO - Sync 1 DAGs
[2024-04-20T05:36:34.165+0000] {logging_mixin.py:117} INFO - [2024-04-20T05:36:34.165+0000] {dag.py:3328} INFO - Setting next_dagrun for example_branch_dop_operator_v3 to 2024-04-20T05:35:00+00:00, run_after=2024-04-20T05:36:00+00:00
[2024-04-20T05:36:34.213+0000] {processor.py:178} INFO - Processing /home/airflow/.local/lib/python3.7/site-packages/airflow/example_dags/example_branch_python_dop_operator_3.py took 0.176 seconds
[2024-04-20T05:37:04.879+0000] {processor.py:156} INFO - Started process (PID=2518) to work on /home/airflow/.local/lib/python3.7/site-packages/airflow/example_dags/example_branch_python_dop_operator_3.py
[2024-04-20T05:37:04.890+0000] {processor.py:758} INFO - Processing file /home/airflow/.local/lib/python3.7/site-packages/airflow/example_dags/example_branch_python_dop_operator_3.py for tasks to queue
[2024-04-20T05:37:04.891+0000] {logging_mixin.py:117} INFO - [2024-04-20T05:37:04.890+0000] {dagbag.py:525} INFO - Filling up the DagBag from /home/airflow/.local/lib/python3.7/site-packages/airflow/example_dags/example_branch_python_dop_operator_3.py
[2024-04-20T05:37:04.942+0000] {processor.py:768} INFO - DAG(s) dict_keys(['example_branch_dop_operator_v3']) retrieved from /home/airflow/.local/lib/python3.7/site-packages/airflow/example_dags/example_branch_python_dop_operator_3.py
[2024-04-20T05:37:05.040+0000] {logging_mixin.py:117} INFO - [2024-04-20T05:37:05.040+0000] {dag.py:2573} INFO - Sync 1 DAGs
[2024-04-20T05:37:05.123+0000] {logging_mixin.py:117} INFO - [2024-04-20T05:37:05.123+0000] {dag.py:3328} INFO - Setting next_dagrun for example_branch_dop_operator_v3 to 2024-04-20T05:36:00+00:00, run_after=2024-04-20T05:37:00+00:00
[2024-04-20T05:37:05.180+0000] {processor.py:178} INFO - Processing /home/airflow/.local/lib/python3.7/site-packages/airflow/example_dags/example_branch_python_dop_operator_3.py took 0.308 seconds
[2024-04-20T05:37:35.305+0000] {processor.py:156} INFO - Started process (PID=2778) to work on /home/airflow/.local/lib/python3.7/site-packages/airflow/example_dags/example_branch_python_dop_operator_3.py
[2024-04-20T05:37:35.305+0000] {processor.py:758} INFO - Processing file /home/airflow/.local/lib/python3.7/site-packages/airflow/example_dags/example_branch_python_dop_operator_3.py for tasks to queue
[2024-04-20T05:37:35.306+0000] {logging_mixin.py:117} INFO - [2024-04-20T05:37:35.305+0000] {dagbag.py:525} INFO - Filling up the DagBag from /home/airflow/.local/lib/python3.7/site-packages/airflow/example_dags/example_branch_python_dop_operator_3.py
[2024-04-20T05:37:35.328+0000] {processor.py:768} INFO - DAG(s) dict_keys(['example_branch_dop_operator_v3']) retrieved from /home/airflow/.local/lib/python3.7/site-packages/airflow/example_dags/example_branch_python_dop_operator_3.py
[2024-04-20T05:37:35.362+0000] {logging_mixin.py:117} INFO - [2024-04-20T05:37:35.361+0000] {dag.py:2573} INFO - Sync 1 DAGs
[2024-04-20T05:37:35.389+0000] {logging_mixin.py:117} INFO - [2024-04-20T05:37:35.389+0000] {dag.py:3328} INFO - Setting next_dagrun for example_branch_dop_operator_v3 to 2024-04-20T05:36:00+00:00, run_after=2024-04-20T05:37:00+00:00
[2024-04-20T05:37:35.412+0000] {processor.py:178} INFO - Processing /home/airflow/.local/lib/python3.7/site-packages/airflow/example_dags/example_branch_python_dop_operator_3.py took 0.110 seconds
[2024-04-20T05:38:05.849+0000] {processor.py:156} INFO - Started process (PID=3008) to work on /home/airflow/.local/lib/python3.7/site-packages/airflow/example_dags/example_branch_python_dop_operator_3.py
[2024-04-20T05:38:05.850+0000] {processor.py:758} INFO - Processing file /home/airflow/.local/lib/python3.7/site-packages/airflow/example_dags/example_branch_python_dop_operator_3.py for tasks to queue
[2024-04-20T05:38:05.850+0000] {logging_mixin.py:117} INFO - [2024-04-20T05:38:05.850+0000] {dagbag.py:525} INFO - Filling up the DagBag from /home/airflow/.local/lib/python3.7/site-packages/airflow/example_dags/example_branch_python_dop_operator_3.py
[2024-04-20T05:38:05.871+0000] {processor.py:768} INFO - DAG(s) dict_keys(['example_branch_dop_operator_v3']) retrieved from /home/airflow/.local/lib/python3.7/site-packages/airflow/example_dags/example_branch_python_dop_operator_3.py
[2024-04-20T05:38:05.903+0000] {logging_mixin.py:117} INFO - [2024-04-20T05:38:05.903+0000] {dag.py:2573} INFO - Sync 1 DAGs
[2024-04-20T05:38:05.928+0000] {logging_mixin.py:117} INFO - [2024-04-20T05:38:05.928+0000] {dag.py:3328} INFO - Setting next_dagrun for example_branch_dop_operator_v3 to 2024-04-20T05:37:00+00:00, run_after=2024-04-20T05:38:00+00:00
[2024-04-20T05:38:05.947+0000] {processor.py:178} INFO - Processing /home/airflow/.local/lib/python3.7/site-packages/airflow/example_dags/example_branch_python_dop_operator_3.py took 0.101 seconds
[2024-04-20T05:38:36.335+0000] {processor.py:156} INFO - Started process (PID=3227) to work on /home/airflow/.local/lib/python3.7/site-packages/airflow/example_dags/example_branch_python_dop_operator_3.py
[2024-04-20T05:38:36.336+0000] {processor.py:758} INFO - Processing file /home/airflow/.local/lib/python3.7/site-packages/airflow/example_dags/example_branch_python_dop_operator_3.py for tasks to queue
[2024-04-20T05:38:36.336+0000] {logging_mixin.py:117} INFO - [2024-04-20T05:38:36.336+0000] {dagbag.py:525} INFO - Filling up the DagBag from /home/airflow/.local/lib/python3.7/site-packages/airflow/example_dags/example_branch_python_dop_operator_3.py
[2024-04-20T05:38:36.367+0000] {processor.py:768} INFO - DAG(s) dict_keys(['example_branch_dop_operator_v3']) retrieved from /home/airflow/.local/lib/python3.7/site-packages/airflow/example_dags/example_branch_python_dop_operator_3.py
[2024-04-20T05:38:36.412+0000] {logging_mixin.py:117} INFO - [2024-04-20T05:38:36.412+0000] {dag.py:2573} INFO - Sync 1 DAGs
[2024-04-20T05:38:36.453+0000] {logging_mixin.py:117} INFO - [2024-04-20T05:38:36.453+0000] {dag.py:3328} INFO - Setting next_dagrun for example_branch_dop_operator_v3 to 2024-04-20T05:37:00+00:00, run_after=2024-04-20T05:38:00+00:00
[2024-04-20T05:38:36.479+0000] {processor.py:178} INFO - Processing /home/airflow/.local/lib/python3.7/site-packages/airflow/example_dags/example_branch_python_dop_operator_3.py took 0.147 seconds
[2024-04-20T05:39:06.756+0000] {processor.py:156} INFO - Started process (PID=3456) to work on /home/airflow/.local/lib/python3.7/site-packages/airflow/example_dags/example_branch_python_dop_operator_3.py
[2024-04-20T05:39:06.757+0000] {processor.py:758} INFO - Processing file /home/airflow/.local/lib/python3.7/site-packages/airflow/example_dags/example_branch_python_dop_operator_3.py for tasks to queue
[2024-04-20T05:39:06.757+0000] {logging_mixin.py:117} INFO - [2024-04-20T05:39:06.757+0000] {dagbag.py:525} INFO - Filling up the DagBag from /home/airflow/.local/lib/python3.7/site-packages/airflow/example_dags/example_branch_python_dop_operator_3.py
[2024-04-20T05:39:06.777+0000] {processor.py:768} INFO - DAG(s) dict_keys(['example_branch_dop_operator_v3']) retrieved from /home/airflow/.local/lib/python3.7/site-packages/airflow/example_dags/example_branch_python_dop_operator_3.py
[2024-04-20T05:39:06.810+0000] {logging_mixin.py:117} INFO - [2024-04-20T05:39:06.810+0000] {dag.py:2573} INFO - Sync 1 DAGs
[2024-04-20T05:39:06.834+0000] {logging_mixin.py:117} INFO - [2024-04-20T05:39:06.834+0000] {dag.py:3328} INFO - Setting next_dagrun for example_branch_dop_operator_v3 to 2024-04-20T05:38:00+00:00, run_after=2024-04-20T05:39:00+00:00
[2024-04-20T05:39:06.853+0000] {processor.py:178} INFO - Processing /home/airflow/.local/lib/python3.7/site-packages/airflow/example_dags/example_branch_python_dop_operator_3.py took 0.100 seconds
[2024-04-20T05:39:37.619+0000] {processor.py:156} INFO - Started process (PID=3702) to work on /home/airflow/.local/lib/python3.7/site-packages/airflow/example_dags/example_branch_python_dop_operator_3.py
[2024-04-20T05:39:37.620+0000] {processor.py:758} INFO - Processing file /home/airflow/.local/lib/python3.7/site-packages/airflow/example_dags/example_branch_python_dop_operator_3.py for tasks to queue
[2024-04-20T05:39:37.620+0000] {logging_mixin.py:117} INFO - [2024-04-20T05:39:37.620+0000] {dagbag.py:525} INFO - Filling up the DagBag from /home/airflow/.local/lib/python3.7/site-packages/airflow/example_dags/example_branch_python_dop_operator_3.py
[2024-04-20T05:39:37.661+0000] {processor.py:768} INFO - DAG(s) dict_keys(['example_branch_dop_operator_v3']) retrieved from /home/airflow/.local/lib/python3.7/site-packages/airflow/example_dags/example_branch_python_dop_operator_3.py
[2024-04-20T05:39:37.730+0000] {logging_mixin.py:117} INFO - [2024-04-20T05:39:37.730+0000] {dag.py:2573} INFO - Sync 1 DAGs
[2024-04-20T05:39:37.774+0000] {logging_mixin.py:117} INFO - [2024-04-20T05:39:37.774+0000] {dag.py:3328} INFO - Setting next_dagrun for example_branch_dop_operator_v3 to 2024-04-20T05:38:00+00:00, run_after=2024-04-20T05:39:00+00:00
[2024-04-20T05:39:37.800+0000] {processor.py:178} INFO - Processing /home/airflow/.local/lib/python3.7/site-packages/airflow/example_dags/example_branch_python_dop_operator_3.py took 0.184 seconds
[2024-04-20T05:40:08.715+0000] {processor.py:156} INFO - Started process (PID=3921) to work on /home/airflow/.local/lib/python3.7/site-packages/airflow/example_dags/example_branch_python_dop_operator_3.py
[2024-04-20T05:40:08.715+0000] {processor.py:758} INFO - Processing file /home/airflow/.local/lib/python3.7/site-packages/airflow/example_dags/example_branch_python_dop_operator_3.py for tasks to queue
[2024-04-20T05:40:08.716+0000] {logging_mixin.py:117} INFO - [2024-04-20T05:40:08.716+0000] {dagbag.py:525} INFO - Filling up the DagBag from /home/airflow/.local/lib/python3.7/site-packages/airflow/example_dags/example_branch_python_dop_operator_3.py
[2024-04-20T05:40:08.745+0000] {processor.py:768} INFO - DAG(s) dict_keys(['example_branch_dop_operator_v3']) retrieved from /home/airflow/.local/lib/python3.7/site-packages/airflow/example_dags/example_branch_python_dop_operator_3.py
[2024-04-20T05:40:08.788+0000] {logging_mixin.py:117} INFO - [2024-04-20T05:40:08.788+0000] {dag.py:2573} INFO - Sync 1 DAGs
[2024-04-20T05:40:08.812+0000] {logging_mixin.py:117} INFO - [2024-04-20T05:40:08.812+0000] {dag.py:3328} INFO - Setting next_dagrun for example_branch_dop_operator_v3 to 2024-04-20T05:39:00+00:00, run_after=2024-04-20T05:40:00+00:00
[2024-04-20T05:40:08.832+0000] {processor.py:178} INFO - Processing /home/airflow/.local/lib/python3.7/site-packages/airflow/example_dags/example_branch_python_dop_operator_3.py took 0.120 seconds
[2024-04-20T05:40:39.456+0000] {processor.py:156} INFO - Started process (PID=4146) to work on /home/airflow/.local/lib/python3.7/site-packages/airflow/example_dags/example_branch_python_dop_operator_3.py
[2024-04-20T05:40:39.457+0000] {processor.py:758} INFO - Processing file /home/airflow/.local/lib/python3.7/site-packages/airflow/example_dags/example_branch_python_dop_operator_3.py for tasks to queue
[2024-04-20T05:40:39.458+0000] {logging_mixin.py:117} INFO - [2024-04-20T05:40:39.458+0000] {dagbag.py:525} INFO - Filling up the DagBag from /home/airflow/.local/lib/python3.7/site-packages/airflow/example_dags/example_branch_python_dop_operator_3.py
[2024-04-20T05:40:39.510+0000] {processor.py:768} INFO - DAG(s) dict_keys(['example_branch_dop_operator_v3']) retrieved from /home/airflow/.local/lib/python3.7/site-packages/airflow/example_dags/example_branch_python_dop_operator_3.py
[2024-04-20T05:40:39.573+0000] {logging_mixin.py:117} INFO - [2024-04-20T05:40:39.573+0000] {dag.py:2573} INFO - Sync 1 DAGs
[2024-04-20T05:40:39.599+0000] {logging_mixin.py:117} INFO - [2024-04-20T05:40:39.599+0000] {dag.py:3328} INFO - Setting next_dagrun for example_branch_dop_operator_v3 to 2024-04-20T05:39:00+00:00, run_after=2024-04-20T05:40:00+00:00
[2024-04-20T05:40:39.620+0000] {processor.py:178} INFO - Processing /home/airflow/.local/lib/python3.7/site-packages/airflow/example_dags/example_branch_python_dop_operator_3.py took 0.170 seconds
[2024-04-20T05:41:09.681+0000] {processor.py:156} INFO - Started process (PID=4380) to work on /home/airflow/.local/lib/python3.7/site-packages/airflow/example_dags/example_branch_python_dop_operator_3.py
[2024-04-20T05:41:09.681+0000] {processor.py:758} INFO - Processing file /home/airflow/.local/lib/python3.7/site-packages/airflow/example_dags/example_branch_python_dop_operator_3.py for tasks to queue
[2024-04-20T05:41:09.682+0000] {logging_mixin.py:117} INFO - [2024-04-20T05:41:09.681+0000] {dagbag.py:525} INFO - Filling up the DagBag from /home/airflow/.local/lib/python3.7/site-packages/airflow/example_dags/example_branch_python_dop_operator_3.py
[2024-04-20T05:41:09.702+0000] {processor.py:768} INFO - DAG(s) dict_keys(['example_branch_dop_operator_v3']) retrieved from /home/airflow/.local/lib/python3.7/site-packages/airflow/example_dags/example_branch_python_dop_operator_3.py
[2024-04-20T05:41:09.741+0000] {logging_mixin.py:117} INFO - [2024-04-20T05:41:09.741+0000] {dag.py:2573} INFO - Sync 1 DAGs
[2024-04-20T05:41:09.765+0000] {logging_mixin.py:117} INFO - [2024-04-20T05:41:09.765+0000] {dag.py:3328} INFO - Setting next_dagrun for example_branch_dop_operator_v3 to 2024-04-20T05:40:00+00:00, run_after=2024-04-20T05:41:00+00:00
[2024-04-20T05:41:09.784+0000] {processor.py:178} INFO - Processing /home/airflow/.local/lib/python3.7/site-packages/airflow/example_dags/example_branch_python_dop_operator_3.py took 0.106 seconds
[2024-04-20T05:41:40.313+0000] {processor.py:156} INFO - Started process (PID=4598) to work on /home/airflow/.local/lib/python3.7/site-packages/airflow/example_dags/example_branch_python_dop_operator_3.py
[2024-04-20T05:41:40.314+0000] {processor.py:758} INFO - Processing file /home/airflow/.local/lib/python3.7/site-packages/airflow/example_dags/example_branch_python_dop_operator_3.py for tasks to queue
[2024-04-20T05:41:40.314+0000] {logging_mixin.py:117} INFO - [2024-04-20T05:41:40.314+0000] {dagbag.py:525} INFO - Filling up the DagBag from /home/airflow/.local/lib/python3.7/site-packages/airflow/example_dags/example_branch_python_dop_operator_3.py
[2024-04-20T05:41:40.346+0000] {processor.py:768} INFO - DAG(s) dict_keys(['example_branch_dop_operator_v3']) retrieved from /home/airflow/.local/lib/python3.7/site-packages/airflow/example_dags/example_branch_python_dop_operator_3.py
[2024-04-20T05:41:40.395+0000] {logging_mixin.py:117} INFO - [2024-04-20T05:41:40.395+0000] {dag.py:2573} INFO - Sync 1 DAGs
[2024-04-20T05:41:40.435+0000] {logging_mixin.py:117} INFO - [2024-04-20T05:41:40.435+0000] {dag.py:3328} INFO - Setting next_dagrun for example_branch_dop_operator_v3 to 2024-04-20T05:40:00+00:00, run_after=2024-04-20T05:41:00+00:00
[2024-04-20T05:41:40.460+0000] {processor.py:178} INFO - Processing /home/airflow/.local/lib/python3.7/site-packages/airflow/example_dags/example_branch_python_dop_operator_3.py took 0.151 seconds
[2024-04-20T05:42:10.635+0000] {processor.py:156} INFO - Started process (PID=4838) to work on /home/airflow/.local/lib/python3.7/site-packages/airflow/example_dags/example_branch_python_dop_operator_3.py
[2024-04-20T05:42:10.636+0000] {processor.py:758} INFO - Processing file /home/airflow/.local/lib/python3.7/site-packages/airflow/example_dags/example_branch_python_dop_operator_3.py for tasks to queue
[2024-04-20T05:42:10.637+0000] {logging_mixin.py:117} INFO - [2024-04-20T05:42:10.637+0000] {dagbag.py:525} INFO - Filling up the DagBag from /home/airflow/.local/lib/python3.7/site-packages/airflow/example_dags/example_branch_python_dop_operator_3.py
[2024-04-20T05:42:10.664+0000] {processor.py:768} INFO - DAG(s) dict_keys(['example_branch_dop_operator_v3']) retrieved from /home/airflow/.local/lib/python3.7/site-packages/airflow/example_dags/example_branch_python_dop_operator_3.py
[2024-04-20T05:42:10.697+0000] {logging_mixin.py:117} INFO - [2024-04-20T05:42:10.697+0000] {dag.py:2573} INFO - Sync 1 DAGs
[2024-04-20T05:42:10.722+0000] {logging_mixin.py:117} INFO - [2024-04-20T05:42:10.722+0000] {dag.py:3328} INFO - Setting next_dagrun for example_branch_dop_operator_v3 to 2024-04-20T05:41:00+00:00, run_after=2024-04-20T05:42:00+00:00
[2024-04-20T05:42:10.743+0000] {processor.py:178} INFO - Processing /home/airflow/.local/lib/python3.7/site-packages/airflow/example_dags/example_branch_python_dop_operator_3.py took 0.111 seconds
[2024-04-20T05:42:40.794+0000] {processor.py:156} INFO - Started process (PID=5105) to work on /home/airflow/.local/lib/python3.7/site-packages/airflow/example_dags/example_branch_python_dop_operator_3.py
[2024-04-20T05:42:40.794+0000] {processor.py:758} INFO - Processing file /home/airflow/.local/lib/python3.7/site-packages/airflow/example_dags/example_branch_python_dop_operator_3.py for tasks to queue
[2024-04-20T05:42:40.795+0000] {logging_mixin.py:117} INFO - [2024-04-20T05:42:40.795+0000] {dagbag.py:525} INFO - Filling up the DagBag from /home/airflow/.local/lib/python3.7/site-packages/airflow/example_dags/example_branch_python_dop_operator_3.py
[2024-04-20T05:42:40.841+0000] {processor.py:768} INFO - DAG(s) dict_keys(['example_branch_dop_operator_v3']) retrieved from /home/airflow/.local/lib/python3.7/site-packages/airflow/example_dags/example_branch_python_dop_operator_3.py
[2024-04-20T05:42:40.974+0000] {logging_mixin.py:117} INFO - [2024-04-20T05:42:40.974+0000] {dag.py:2573} INFO - Sync 1 DAGs
[2024-04-20T05:42:41.020+0000] {logging_mixin.py:117} INFO - [2024-04-20T05:42:41.020+0000] {dag.py:3328} INFO - Setting next_dagrun for example_branch_dop_operator_v3 to 2024-04-20T05:41:00+00:00, run_after=2024-04-20T05:42:00+00:00
[2024-04-20T05:42:41.049+0000] {processor.py:178} INFO - Processing /home/airflow/.local/lib/python3.7/site-packages/airflow/example_dags/example_branch_python_dop_operator_3.py took 0.258 seconds
[2024-04-20T05:43:11.827+0000] {processor.py:156} INFO - Started process (PID=5342) to work on /home/airflow/.local/lib/python3.7/site-packages/airflow/example_dags/example_branch_python_dop_operator_3.py
[2024-04-20T05:43:11.828+0000] {processor.py:758} INFO - Processing file /home/airflow/.local/lib/python3.7/site-packages/airflow/example_dags/example_branch_python_dop_operator_3.py for tasks to queue
[2024-04-20T05:43:11.828+0000] {logging_mixin.py:117} INFO - [2024-04-20T05:43:11.828+0000] {dagbag.py:525} INFO - Filling up the DagBag from /home/airflow/.local/lib/python3.7/site-packages/airflow/example_dags/example_branch_python_dop_operator_3.py
[2024-04-20T05:43:11.849+0000] {processor.py:768} INFO - DAG(s) dict_keys(['example_branch_dop_operator_v3']) retrieved from /home/airflow/.local/lib/python3.7/site-packages/airflow/example_dags/example_branch_python_dop_operator_3.py
[2024-04-20T05:43:11.886+0000] {logging_mixin.py:117} INFO - [2024-04-20T05:43:11.886+0000] {dag.py:2573} INFO - Sync 1 DAGs
[2024-04-20T05:43:11.909+0000] {logging_mixin.py:117} INFO - [2024-04-20T05:43:11.909+0000] {dag.py:3328} INFO - Setting next_dagrun for example_branch_dop_operator_v3 to 2024-04-20T05:42:00+00:00, run_after=2024-04-20T05:43:00+00:00
[2024-04-20T05:43:11.929+0000] {processor.py:178} INFO - Processing /home/airflow/.local/lib/python3.7/site-packages/airflow/example_dags/example_branch_python_dop_operator_3.py took 0.104 seconds
[2024-04-20T05:43:41.959+0000] {processor.py:156} INFO - Started process (PID=5601) to work on /home/airflow/.local/lib/python3.7/site-packages/airflow/example_dags/example_branch_python_dop_operator_3.py
[2024-04-20T05:43:41.959+0000] {processor.py:758} INFO - Processing file /home/airflow/.local/lib/python3.7/site-packages/airflow/example_dags/example_branch_python_dop_operator_3.py for tasks to queue
[2024-04-20T05:43:41.960+0000] {logging_mixin.py:117} INFO - [2024-04-20T05:43:41.960+0000] {dagbag.py:525} INFO - Filling up the DagBag from /home/airflow/.local/lib/python3.7/site-packages/airflow/example_dags/example_branch_python_dop_operator_3.py
[2024-04-20T05:43:41.981+0000] {processor.py:768} INFO - DAG(s) dict_keys(['example_branch_dop_operator_v3']) retrieved from /home/airflow/.local/lib/python3.7/site-packages/airflow/example_dags/example_branch_python_dop_operator_3.py
[2024-04-20T05:43:42.021+0000] {logging_mixin.py:117} INFO - [2024-04-20T05:43:42.021+0000] {dag.py:2573} INFO - Sync 1 DAGs
[2024-04-20T05:43:42.046+0000] {logging_mixin.py:117} INFO - [2024-04-20T05:43:42.045+0000] {dag.py:3328} INFO - Setting next_dagrun for example_branch_dop_operator_v3 to 2024-04-20T05:42:00+00:00, run_after=2024-04-20T05:43:00+00:00
[2024-04-20T05:43:42.080+0000] {processor.py:178} INFO - Processing /home/airflow/.local/lib/python3.7/site-packages/airflow/example_dags/example_branch_python_dop_operator_3.py took 0.124 seconds
[2024-04-20T05:44:12.965+0000] {processor.py:156} INFO - Started process (PID=5818) to work on /home/airflow/.local/lib/python3.7/site-packages/airflow/example_dags/example_branch_python_dop_operator_3.py
[2024-04-20T05:44:12.965+0000] {processor.py:758} INFO - Processing file /home/airflow/.local/lib/python3.7/site-packages/airflow/example_dags/example_branch_python_dop_operator_3.py for tasks to queue
[2024-04-20T05:44:12.966+0000] {logging_mixin.py:117} INFO - [2024-04-20T05:44:12.966+0000] {dagbag.py:525} INFO - Filling up the DagBag from /home/airflow/.local/lib/python3.7/site-packages/airflow/example_dags/example_branch_python_dop_operator_3.py
[2024-04-20T05:44:13.019+0000] {processor.py:768} INFO - DAG(s) dict_keys(['example_branch_dop_operator_v3']) retrieved from /home/airflow/.local/lib/python3.7/site-packages/airflow/example_dags/example_branch_python_dop_operator_3.py
[2024-04-20T05:44:13.055+0000] {logging_mixin.py:117} INFO - [2024-04-20T05:44:13.055+0000] {dag.py:2573} INFO - Sync 1 DAGs
[2024-04-20T05:44:13.098+0000] {logging_mixin.py:117} INFO - [2024-04-20T05:44:13.098+0000] {dag.py:3328} INFO - Setting next_dagrun for example_branch_dop_operator_v3 to 2024-04-20T05:43:00+00:00, run_after=2024-04-20T05:44:00+00:00
[2024-04-20T05:44:13.124+0000] {processor.py:178} INFO - Processing /home/airflow/.local/lib/python3.7/site-packages/airflow/example_dags/example_branch_python_dop_operator_3.py took 0.163 seconds
[2024-04-20T05:44:43.277+0000] {processor.py:156} INFO - Started process (PID=6087) to work on /home/airflow/.local/lib/python3.7/site-packages/airflow/example_dags/example_branch_python_dop_operator_3.py
[2024-04-20T05:44:43.277+0000] {processor.py:758} INFO - Processing file /home/airflow/.local/lib/python3.7/site-packages/airflow/example_dags/example_branch_python_dop_operator_3.py for tasks to queue
[2024-04-20T05:44:43.278+0000] {logging_mixin.py:117} INFO - [2024-04-20T05:44:43.278+0000] {dagbag.py:525} INFO - Filling up the DagBag from /home/airflow/.local/lib/python3.7/site-packages/airflow/example_dags/example_branch_python_dop_operator_3.py
[2024-04-20T05:44:43.307+0000] {processor.py:768} INFO - DAG(s) dict_keys(['example_branch_dop_operator_v3']) retrieved from /home/airflow/.local/lib/python3.7/site-packages/airflow/example_dags/example_branch_python_dop_operator_3.py
[2024-04-20T05:44:43.343+0000] {logging_mixin.py:117} INFO - [2024-04-20T05:44:43.342+0000] {dag.py:2573} INFO - Sync 1 DAGs
[2024-04-20T05:44:43.371+0000] {logging_mixin.py:117} INFO - [2024-04-20T05:44:43.371+0000] {dag.py:3328} INFO - Setting next_dagrun for example_branch_dop_operator_v3 to 2024-04-20T05:43:00+00:00, run_after=2024-04-20T05:44:00+00:00
[2024-04-20T05:44:43.400+0000] {processor.py:178} INFO - Processing /home/airflow/.local/lib/python3.7/site-packages/airflow/example_dags/example_branch_python_dop_operator_3.py took 0.127 seconds
[2024-04-20T05:45:13.758+0000] {processor.py:156} INFO - Started process (PID=6345) to work on /home/airflow/.local/lib/python3.7/site-packages/airflow/example_dags/example_branch_python_dop_operator_3.py
[2024-04-20T05:45:13.759+0000] {processor.py:758} INFO - Processing file /home/airflow/.local/lib/python3.7/site-packages/airflow/example_dags/example_branch_python_dop_operator_3.py for tasks to queue
[2024-04-20T05:45:13.760+0000] {logging_mixin.py:117} INFO - [2024-04-20T05:45:13.759+0000] {dagbag.py:525} INFO - Filling up the DagBag from /home/airflow/.local/lib/python3.7/site-packages/airflow/example_dags/example_branch_python_dop_operator_3.py
[2024-04-20T05:45:13.789+0000] {processor.py:768} INFO - DAG(s) dict_keys(['example_branch_dop_operator_v3']) retrieved from /home/airflow/.local/lib/python3.7/site-packages/airflow/example_dags/example_branch_python_dop_operator_3.py
[2024-04-20T05:45:13.844+0000] {logging_mixin.py:117} INFO - [2024-04-20T05:45:13.844+0000] {dag.py:2573} INFO - Sync 1 DAGs
[2024-04-20T05:45:13.881+0000] {logging_mixin.py:117} INFO - [2024-04-20T05:45:13.881+0000] {dag.py:3328} INFO - Setting next_dagrun for example_branch_dop_operator_v3 to 2024-04-20T05:44:00+00:00, run_after=2024-04-20T05:45:00+00:00
[2024-04-20T05:45:13.907+0000] {processor.py:178} INFO - Processing /home/airflow/.local/lib/python3.7/site-packages/airflow/example_dags/example_branch_python_dop_operator_3.py took 0.152 seconds
[2024-04-20T05:45:44.171+0000] {processor.py:156} INFO - Started process (PID=6610) to work on /home/airflow/.local/lib/python3.7/site-packages/airflow/example_dags/example_branch_python_dop_operator_3.py
[2024-04-20T05:45:44.171+0000] {processor.py:758} INFO - Processing file /home/airflow/.local/lib/python3.7/site-packages/airflow/example_dags/example_branch_python_dop_operator_3.py for tasks to queue
[2024-04-20T05:45:44.172+0000] {logging_mixin.py:117} INFO - [2024-04-20T05:45:44.172+0000] {dagbag.py:525} INFO - Filling up the DagBag from /home/airflow/.local/lib/python3.7/site-packages/airflow/example_dags/example_branch_python_dop_operator_3.py
[2024-04-20T05:45:44.207+0000] {processor.py:768} INFO - DAG(s) dict_keys(['example_branch_dop_operator_v3']) retrieved from /home/airflow/.local/lib/python3.7/site-packages/airflow/example_dags/example_branch_python_dop_operator_3.py
[2024-04-20T05:45:44.260+0000] {logging_mixin.py:117} INFO - [2024-04-20T05:45:44.260+0000] {dag.py:2573} INFO - Sync 1 DAGs
[2024-04-20T05:45:44.301+0000] {logging_mixin.py:117} INFO - [2024-04-20T05:45:44.300+0000] {dag.py:3328} INFO - Setting next_dagrun for example_branch_dop_operator_v3 to 2024-04-20T05:44:00+00:00, run_after=2024-04-20T05:45:00+00:00
[2024-04-20T05:45:44.331+0000] {processor.py:178} INFO - Processing /home/airflow/.local/lib/python3.7/site-packages/airflow/example_dags/example_branch_python_dop_operator_3.py took 0.163 seconds
[2024-04-20T05:46:14.542+0000] {processor.py:156} INFO - Started process (PID=6867) to work on /home/airflow/.local/lib/python3.7/site-packages/airflow/example_dags/example_branch_python_dop_operator_3.py
[2024-04-20T05:46:14.543+0000] {processor.py:758} INFO - Processing file /home/airflow/.local/lib/python3.7/site-packages/airflow/example_dags/example_branch_python_dop_operator_3.py for tasks to queue
[2024-04-20T05:46:14.543+0000] {logging_mixin.py:117} INFO - [2024-04-20T05:46:14.543+0000] {dagbag.py:525} INFO - Filling up the DagBag from /home/airflow/.local/lib/python3.7/site-packages/airflow/example_dags/example_branch_python_dop_operator_3.py
[2024-04-20T05:46:14.565+0000] {processor.py:768} INFO - DAG(s) dict_keys(['example_branch_dop_operator_v3']) retrieved from /home/airflow/.local/lib/python3.7/site-packages/airflow/example_dags/example_branch_python_dop_operator_3.py
[2024-04-20T05:46:14.597+0000] {logging_mixin.py:117} INFO - [2024-04-20T05:46:14.597+0000] {dag.py:2573} INFO - Sync 1 DAGs
[2024-04-20T05:46:14.621+0000] {logging_mixin.py:117} INFO - [2024-04-20T05:46:14.621+0000] {dag.py:3328} INFO - Setting next_dagrun for example_branch_dop_operator_v3 to 2024-04-20T05:45:00+00:00, run_after=2024-04-20T05:46:00+00:00
[2024-04-20T05:46:14.642+0000] {processor.py:178} INFO - Processing /home/airflow/.local/lib/python3.7/site-packages/airflow/example_dags/example_branch_python_dop_operator_3.py took 0.102 seconds
[2024-04-20T05:46:45.168+0000] {processor.py:156} INFO - Started process (PID=7121) to work on /home/airflow/.local/lib/python3.7/site-packages/airflow/example_dags/example_branch_python_dop_operator_3.py
[2024-04-20T05:46:45.169+0000] {processor.py:758} INFO - Processing file /home/airflow/.local/lib/python3.7/site-packages/airflow/example_dags/example_branch_python_dop_operator_3.py for tasks to queue
[2024-04-20T05:46:45.169+0000] {logging_mixin.py:117} INFO - [2024-04-20T05:46:45.169+0000] {dagbag.py:525} INFO - Filling up the DagBag from /home/airflow/.local/lib/python3.7/site-packages/airflow/example_dags/example_branch_python_dop_operator_3.py
[2024-04-20T05:46:45.203+0000] {processor.py:768} INFO - DAG(s) dict_keys(['example_branch_dop_operator_v3']) retrieved from /home/airflow/.local/lib/python3.7/site-packages/airflow/example_dags/example_branch_python_dop_operator_3.py
[2024-04-20T05:46:45.256+0000] {logging_mixin.py:117} INFO - [2024-04-20T05:46:45.256+0000] {dag.py:2573} INFO - Sync 1 DAGs
[2024-04-20T05:46:45.281+0000] {logging_mixin.py:117} INFO - [2024-04-20T05:46:45.281+0000] {dag.py:3328} INFO - Setting next_dagrun for example_branch_dop_operator_v3 to 2024-04-20T05:45:00+00:00, run_after=2024-04-20T05:46:00+00:00
[2024-04-20T05:46:45.301+0000] {processor.py:178} INFO - Processing /home/airflow/.local/lib/python3.7/site-packages/airflow/example_dags/example_branch_python_dop_operator_3.py took 0.137 seconds
[2024-04-20T05:47:15.844+0000] {processor.py:156} INFO - Started process (PID=7364) to work on /home/airflow/.local/lib/python3.7/site-packages/airflow/example_dags/example_branch_python_dop_operator_3.py
[2024-04-20T05:47:15.844+0000] {processor.py:758} INFO - Processing file /home/airflow/.local/lib/python3.7/site-packages/airflow/example_dags/example_branch_python_dop_operator_3.py for tasks to queue
[2024-04-20T05:47:15.845+0000] {logging_mixin.py:117} INFO - [2024-04-20T05:47:15.844+0000] {dagbag.py:525} INFO - Filling up the DagBag from /home/airflow/.local/lib/python3.7/site-packages/airflow/example_dags/example_branch_python_dop_operator_3.py
[2024-04-20T05:47:15.868+0000] {processor.py:768} INFO - DAG(s) dict_keys(['example_branch_dop_operator_v3']) retrieved from /home/airflow/.local/lib/python3.7/site-packages/airflow/example_dags/example_branch_python_dop_operator_3.py
[2024-04-20T05:47:15.904+0000] {logging_mixin.py:117} INFO - [2024-04-20T05:47:15.904+0000] {dag.py:2573} INFO - Sync 1 DAGs
[2024-04-20T05:47:15.928+0000] {logging_mixin.py:117} INFO - [2024-04-20T05:47:15.928+0000] {dag.py:3328} INFO - Setting next_dagrun for example_branch_dop_operator_v3 to 2024-04-20T05:46:00+00:00, run_after=2024-04-20T05:47:00+00:00
[2024-04-20T05:47:15.948+0000] {processor.py:178} INFO - Processing /home/airflow/.local/lib/python3.7/site-packages/airflow/example_dags/example_branch_python_dop_operator_3.py took 0.106 seconds
[2024-04-20T05:47:46.752+0000] {processor.py:156} INFO - Started process (PID=7623) to work on /home/airflow/.local/lib/python3.7/site-packages/airflow/example_dags/example_branch_python_dop_operator_3.py
[2024-04-20T05:47:46.752+0000] {processor.py:758} INFO - Processing file /home/airflow/.local/lib/python3.7/site-packages/airflow/example_dags/example_branch_python_dop_operator_3.py for tasks to queue
[2024-04-20T05:47:46.753+0000] {logging_mixin.py:117} INFO - [2024-04-20T05:47:46.753+0000] {dagbag.py:525} INFO - Filling up the DagBag from /home/airflow/.local/lib/python3.7/site-packages/airflow/example_dags/example_branch_python_dop_operator_3.py
[2024-04-20T05:47:46.776+0000] {processor.py:768} INFO - DAG(s) dict_keys(['example_branch_dop_operator_v3']) retrieved from /home/airflow/.local/lib/python3.7/site-packages/airflow/example_dags/example_branch_python_dop_operator_3.py
[2024-04-20T05:47:46.810+0000] {logging_mixin.py:117} INFO - [2024-04-20T05:47:46.810+0000] {dag.py:2573} INFO - Sync 1 DAGs
[2024-04-20T05:47:46.835+0000] {logging_mixin.py:117} INFO - [2024-04-20T05:47:46.835+0000] {dag.py:3328} INFO - Setting next_dagrun for example_branch_dop_operator_v3 to 2024-04-20T05:46:00+00:00, run_after=2024-04-20T05:47:00+00:00
[2024-04-20T05:47:46.860+0000] {processor.py:178} INFO - Processing /home/airflow/.local/lib/python3.7/site-packages/airflow/example_dags/example_branch_python_dop_operator_3.py took 0.111 seconds
[2024-04-20T05:48:17.120+0000] {processor.py:156} INFO - Started process (PID=7872) to work on /home/airflow/.local/lib/python3.7/site-packages/airflow/example_dags/example_branch_python_dop_operator_3.py
[2024-04-20T05:48:17.121+0000] {processor.py:758} INFO - Processing file /home/airflow/.local/lib/python3.7/site-packages/airflow/example_dags/example_branch_python_dop_operator_3.py for tasks to queue
[2024-04-20T05:48:17.121+0000] {logging_mixin.py:117} INFO - [2024-04-20T05:48:17.121+0000] {dagbag.py:525} INFO - Filling up the DagBag from /home/airflow/.local/lib/python3.7/site-packages/airflow/example_dags/example_branch_python_dop_operator_3.py
[2024-04-20T05:48:17.142+0000] {processor.py:768} INFO - DAG(s) dict_keys(['example_branch_dop_operator_v3']) retrieved from /home/airflow/.local/lib/python3.7/site-packages/airflow/example_dags/example_branch_python_dop_operator_3.py
[2024-04-20T05:48:17.178+0000] {logging_mixin.py:117} INFO - [2024-04-20T05:48:17.178+0000] {dag.py:2573} INFO - Sync 1 DAGs
[2024-04-20T05:48:17.230+0000] {logging_mixin.py:117} INFO - [2024-04-20T05:48:17.229+0000] {dag.py:3328} INFO - Setting next_dagrun for example_branch_dop_operator_v3 to 2024-04-20T05:47:00+00:00, run_after=2024-04-20T05:48:00+00:00
[2024-04-20T05:48:17.259+0000] {processor.py:178} INFO - Processing /home/airflow/.local/lib/python3.7/site-packages/airflow/example_dags/example_branch_python_dop_operator_3.py took 0.142 seconds
[2024-04-20T05:48:47.522+0000] {processor.py:156} INFO - Started process (PID=8104) to work on /home/airflow/.local/lib/python3.7/site-packages/airflow/example_dags/example_branch_python_dop_operator_3.py
[2024-04-20T05:48:47.523+0000] {processor.py:758} INFO - Processing file /home/airflow/.local/lib/python3.7/site-packages/airflow/example_dags/example_branch_python_dop_operator_3.py for tasks to queue
[2024-04-20T05:48:47.526+0000] {logging_mixin.py:117} INFO - [2024-04-20T05:48:47.526+0000] {dagbag.py:525} INFO - Filling up the DagBag from /home/airflow/.local/lib/python3.7/site-packages/airflow/example_dags/example_branch_python_dop_operator_3.py
[2024-04-20T05:48:47.557+0000] {processor.py:768} INFO - DAG(s) dict_keys(['example_branch_dop_operator_v3']) retrieved from /home/airflow/.local/lib/python3.7/site-packages/airflow/example_dags/example_branch_python_dop_operator_3.py
[2024-04-20T05:48:47.612+0000] {logging_mixin.py:117} INFO - [2024-04-20T05:48:47.612+0000] {dag.py:2573} INFO - Sync 1 DAGs
[2024-04-20T05:48:47.667+0000] {logging_mixin.py:117} INFO - [2024-04-20T05:48:47.666+0000] {dag.py:3328} INFO - Setting next_dagrun for example_branch_dop_operator_v3 to 2024-04-20T05:47:00+00:00, run_after=2024-04-20T05:48:00+00:00
[2024-04-20T05:48:47.694+0000] {processor.py:178} INFO - Processing /home/airflow/.local/lib/python3.7/site-packages/airflow/example_dags/example_branch_python_dop_operator_3.py took 0.175 seconds
[2024-04-20T05:49:18.173+0000] {processor.py:156} INFO - Started process (PID=8344) to work on /home/airflow/.local/lib/python3.7/site-packages/airflow/example_dags/example_branch_python_dop_operator_3.py
[2024-04-20T05:49:18.174+0000] {processor.py:758} INFO - Processing file /home/airflow/.local/lib/python3.7/site-packages/airflow/example_dags/example_branch_python_dop_operator_3.py for tasks to queue
[2024-04-20T05:49:18.174+0000] {logging_mixin.py:117} INFO - [2024-04-20T05:49:18.174+0000] {dagbag.py:525} INFO - Filling up the DagBag from /home/airflow/.local/lib/python3.7/site-packages/airflow/example_dags/example_branch_python_dop_operator_3.py
[2024-04-20T05:49:18.203+0000] {processor.py:768} INFO - DAG(s) dict_keys(['example_branch_dop_operator_v3']) retrieved from /home/airflow/.local/lib/python3.7/site-packages/airflow/example_dags/example_branch_python_dop_operator_3.py
[2024-04-20T05:49:18.251+0000] {logging_mixin.py:117} INFO - [2024-04-20T05:49:18.251+0000] {dag.py:2573} INFO - Sync 1 DAGs
[2024-04-20T05:49:18.279+0000] {logging_mixin.py:117} INFO - [2024-04-20T05:49:18.279+0000] {dag.py:3328} INFO - Setting next_dagrun for example_branch_dop_operator_v3 to 2024-04-20T05:48:00+00:00, run_after=2024-04-20T05:49:00+00:00
[2024-04-20T05:49:18.306+0000] {processor.py:178} INFO - Processing /home/airflow/.local/lib/python3.7/site-packages/airflow/example_dags/example_branch_python_dop_operator_3.py took 0.136 seconds
[2024-04-20T05:49:48.598+0000] {processor.py:156} INFO - Started process (PID=8578) to work on /home/airflow/.local/lib/python3.7/site-packages/airflow/example_dags/example_branch_python_dop_operator_3.py
[2024-04-20T05:49:48.598+0000] {processor.py:758} INFO - Processing file /home/airflow/.local/lib/python3.7/site-packages/airflow/example_dags/example_branch_python_dop_operator_3.py for tasks to queue
[2024-04-20T05:49:48.599+0000] {logging_mixin.py:117} INFO - [2024-04-20T05:49:48.599+0000] {dagbag.py:525} INFO - Filling up the DagBag from /home/airflow/.local/lib/python3.7/site-packages/airflow/example_dags/example_branch_python_dop_operator_3.py
[2024-04-20T05:49:48.619+0000] {processor.py:768} INFO - DAG(s) dict_keys(['example_branch_dop_operator_v3']) retrieved from /home/airflow/.local/lib/python3.7/site-packages/airflow/example_dags/example_branch_python_dop_operator_3.py
[2024-04-20T05:49:48.654+0000] {logging_mixin.py:117} INFO - [2024-04-20T05:49:48.654+0000] {dag.py:2573} INFO - Sync 1 DAGs
[2024-04-20T05:49:48.680+0000] {logging_mixin.py:117} INFO - [2024-04-20T05:49:48.680+0000] {dag.py:3328} INFO - Setting next_dagrun for example_branch_dop_operator_v3 to 2024-04-20T05:48:00+00:00, run_after=2024-04-20T05:49:00+00:00
[2024-04-20T05:49:48.698+0000] {processor.py:178} INFO - Processing /home/airflow/.local/lib/python3.7/site-packages/airflow/example_dags/example_branch_python_dop_operator_3.py took 0.102 seconds
[2024-04-20T05:50:19.340+0000] {processor.py:156} INFO - Started process (PID=8823) to work on /home/airflow/.local/lib/python3.7/site-packages/airflow/example_dags/example_branch_python_dop_operator_3.py
[2024-04-20T05:50:19.341+0000] {processor.py:758} INFO - Processing file /home/airflow/.local/lib/python3.7/site-packages/airflow/example_dags/example_branch_python_dop_operator_3.py for tasks to queue
[2024-04-20T05:50:19.341+0000] {logging_mixin.py:117} INFO - [2024-04-20T05:50:19.341+0000] {dagbag.py:525} INFO - Filling up the DagBag from /home/airflow/.local/lib/python3.7/site-packages/airflow/example_dags/example_branch_python_dop_operator_3.py
[2024-04-20T05:50:19.399+0000] {processor.py:768} INFO - DAG(s) dict_keys(['example_branch_dop_operator_v3']) retrieved from /home/airflow/.local/lib/python3.7/site-packages/airflow/example_dags/example_branch_python_dop_operator_3.py
[2024-04-20T05:50:19.455+0000] {logging_mixin.py:117} INFO - [2024-04-20T05:50:19.455+0000] {dag.py:2573} INFO - Sync 1 DAGs
[2024-04-20T05:50:19.496+0000] {logging_mixin.py:117} INFO - [2024-04-20T05:50:19.496+0000] {dag.py:3328} INFO - Setting next_dagrun for example_branch_dop_operator_v3 to 2024-04-20T05:49:00+00:00, run_after=2024-04-20T05:50:00+00:00
[2024-04-20T05:50:19.521+0000] {processor.py:178} INFO - Processing /home/airflow/.local/lib/python3.7/site-packages/airflow/example_dags/example_branch_python_dop_operator_3.py took 0.184 seconds
[2024-04-20T05:50:50.169+0000] {processor.py:156} INFO - Started process (PID=9051) to work on /home/airflow/.local/lib/python3.7/site-packages/airflow/example_dags/example_branch_python_dop_operator_3.py
[2024-04-20T05:50:50.170+0000] {processor.py:758} INFO - Processing file /home/airflow/.local/lib/python3.7/site-packages/airflow/example_dags/example_branch_python_dop_operator_3.py for tasks to queue
[2024-04-20T05:50:50.170+0000] {logging_mixin.py:117} INFO - [2024-04-20T05:50:50.170+0000] {dagbag.py:525} INFO - Filling up the DagBag from /home/airflow/.local/lib/python3.7/site-packages/airflow/example_dags/example_branch_python_dop_operator_3.py
[2024-04-20T05:50:50.191+0000] {processor.py:768} INFO - DAG(s) dict_keys(['example_branch_dop_operator_v3']) retrieved from /home/airflow/.local/lib/python3.7/site-packages/airflow/example_dags/example_branch_python_dop_operator_3.py
[2024-04-20T05:50:50.225+0000] {logging_mixin.py:117} INFO - [2024-04-20T05:50:50.225+0000] {dag.py:2573} INFO - Sync 1 DAGs
[2024-04-20T05:50:50.250+0000] {logging_mixin.py:117} INFO - [2024-04-20T05:50:50.250+0000] {dag.py:3328} INFO - Setting next_dagrun for example_branch_dop_operator_v3 to 2024-04-20T05:49:00+00:00, run_after=2024-04-20T05:50:00+00:00
[2024-04-20T05:50:50.272+0000] {processor.py:178} INFO - Processing /home/airflow/.local/lib/python3.7/site-packages/airflow/example_dags/example_branch_python_dop_operator_3.py took 0.105 seconds
[2024-04-20T05:51:20.633+0000] {processor.py:156} INFO - Started process (PID=9270) to work on /home/airflow/.local/lib/python3.7/site-packages/airflow/example_dags/example_branch_python_dop_operator_3.py
[2024-04-20T05:51:20.634+0000] {processor.py:758} INFO - Processing file /home/airflow/.local/lib/python3.7/site-packages/airflow/example_dags/example_branch_python_dop_operator_3.py for tasks to queue
[2024-04-20T05:51:20.634+0000] {logging_mixin.py:117} INFO - [2024-04-20T05:51:20.634+0000] {dagbag.py:525} INFO - Filling up the DagBag from /home/airflow/.local/lib/python3.7/site-packages/airflow/example_dags/example_branch_python_dop_operator_3.py
[2024-04-20T05:51:20.657+0000] {processor.py:768} INFO - DAG(s) dict_keys(['example_branch_dop_operator_v3']) retrieved from /home/airflow/.local/lib/python3.7/site-packages/airflow/example_dags/example_branch_python_dop_operator_3.py
[2024-04-20T05:51:20.690+0000] {logging_mixin.py:117} INFO - [2024-04-20T05:51:20.689+0000] {dag.py:2573} INFO - Sync 1 DAGs
[2024-04-20T05:51:20.713+0000] {logging_mixin.py:117} INFO - [2024-04-20T05:51:20.713+0000] {dag.py:3328} INFO - Setting next_dagrun for example_branch_dop_operator_v3 to 2024-04-20T05:50:00+00:00, run_after=2024-04-20T05:51:00+00:00
[2024-04-20T05:51:20.732+0000] {processor.py:178} INFO - Processing /home/airflow/.local/lib/python3.7/site-packages/airflow/example_dags/example_branch_python_dop_operator_3.py took 0.102 seconds
[2024-04-20T05:51:51.002+0000] {processor.py:156} INFO - Started process (PID=9500) to work on /home/airflow/.local/lib/python3.7/site-packages/airflow/example_dags/example_branch_python_dop_operator_3.py
[2024-04-20T05:51:51.003+0000] {processor.py:758} INFO - Processing file /home/airflow/.local/lib/python3.7/site-packages/airflow/example_dags/example_branch_python_dop_operator_3.py for tasks to queue
[2024-04-20T05:51:51.004+0000] {logging_mixin.py:117} INFO - [2024-04-20T05:51:51.003+0000] {dagbag.py:525} INFO - Filling up the DagBag from /home/airflow/.local/lib/python3.7/site-packages/airflow/example_dags/example_branch_python_dop_operator_3.py
[2024-04-20T05:51:51.025+0000] {processor.py:768} INFO - DAG(s) dict_keys(['example_branch_dop_operator_v3']) retrieved from /home/airflow/.local/lib/python3.7/site-packages/airflow/example_dags/example_branch_python_dop_operator_3.py
[2024-04-20T05:51:51.059+0000] {logging_mixin.py:117} INFO - [2024-04-20T05:51:51.059+0000] {dag.py:2573} INFO - Sync 1 DAGs
[2024-04-20T05:51:51.084+0000] {logging_mixin.py:117} INFO - [2024-04-20T05:51:51.084+0000] {dag.py:3328} INFO - Setting next_dagrun for example_branch_dop_operator_v3 to 2024-04-20T05:50:00+00:00, run_after=2024-04-20T05:51:00+00:00
[2024-04-20T05:51:51.103+0000] {processor.py:178} INFO - Processing /home/airflow/.local/lib/python3.7/site-packages/airflow/example_dags/example_branch_python_dop_operator_3.py took 0.104 seconds
[2024-04-20T05:52:22.113+0000] {processor.py:156} INFO - Started process (PID=9728) to work on /home/airflow/.local/lib/python3.7/site-packages/airflow/example_dags/example_branch_python_dop_operator_3.py
[2024-04-20T05:52:22.114+0000] {processor.py:758} INFO - Processing file /home/airflow/.local/lib/python3.7/site-packages/airflow/example_dags/example_branch_python_dop_operator_3.py for tasks to queue
[2024-04-20T05:52:22.115+0000] {logging_mixin.py:117} INFO - [2024-04-20T05:52:22.115+0000] {dagbag.py:525} INFO - Filling up the DagBag from /home/airflow/.local/lib/python3.7/site-packages/airflow/example_dags/example_branch_python_dop_operator_3.py
[2024-04-20T05:52:22.144+0000] {processor.py:768} INFO - DAG(s) dict_keys(['example_branch_dop_operator_v3']) retrieved from /home/airflow/.local/lib/python3.7/site-packages/airflow/example_dags/example_branch_python_dop_operator_3.py
[2024-04-20T05:52:22.185+0000] {logging_mixin.py:117} INFO - [2024-04-20T05:52:22.185+0000] {dag.py:2573} INFO - Sync 1 DAGs
[2024-04-20T05:52:22.210+0000] {logging_mixin.py:117} INFO - [2024-04-20T05:52:22.210+0000] {dag.py:3328} INFO - Setting next_dagrun for example_branch_dop_operator_v3 to 2024-04-20T05:51:00+00:00, run_after=2024-04-20T05:52:00+00:00
[2024-04-20T05:52:22.229+0000] {processor.py:178} INFO - Processing /home/airflow/.local/lib/python3.7/site-packages/airflow/example_dags/example_branch_python_dop_operator_3.py took 0.119 seconds
[2024-04-20T05:52:52.530+0000] {processor.py:156} INFO - Started process (PID=9946) to work on /home/airflow/.local/lib/python3.7/site-packages/airflow/example_dags/example_branch_python_dop_operator_3.py
[2024-04-20T05:52:52.533+0000] {processor.py:758} INFO - Processing file /home/airflow/.local/lib/python3.7/site-packages/airflow/example_dags/example_branch_python_dop_operator_3.py for tasks to queue
[2024-04-20T05:52:52.534+0000] {logging_mixin.py:117} INFO - [2024-04-20T05:52:52.533+0000] {dagbag.py:525} INFO - Filling up the DagBag from /home/airflow/.local/lib/python3.7/site-packages/airflow/example_dags/example_branch_python_dop_operator_3.py
[2024-04-20T05:52:52.576+0000] {processor.py:768} INFO - DAG(s) dict_keys(['example_branch_dop_operator_v3']) retrieved from /home/airflow/.local/lib/python3.7/site-packages/airflow/example_dags/example_branch_python_dop_operator_3.py
[2024-04-20T05:52:52.621+0000] {logging_mixin.py:117} INFO - [2024-04-20T05:52:52.621+0000] {dag.py:2573} INFO - Sync 1 DAGs
[2024-04-20T05:52:52.658+0000] {logging_mixin.py:117} INFO - [2024-04-20T05:52:52.658+0000] {dag.py:3328} INFO - Setting next_dagrun for example_branch_dop_operator_v3 to 2024-04-20T05:51:00+00:00, run_after=2024-04-20T05:52:00+00:00
[2024-04-20T05:52:52.681+0000] {processor.py:178} INFO - Processing /home/airflow/.local/lib/python3.7/site-packages/airflow/example_dags/example_branch_python_dop_operator_3.py took 0.155 seconds
[2024-04-20T05:53:22.952+0000] {processor.py:156} INFO - Started process (PID=10183) to work on /home/airflow/.local/lib/python3.7/site-packages/airflow/example_dags/example_branch_python_dop_operator_3.py
[2024-04-20T05:53:22.953+0000] {processor.py:758} INFO - Processing file /home/airflow/.local/lib/python3.7/site-packages/airflow/example_dags/example_branch_python_dop_operator_3.py for tasks to queue
[2024-04-20T05:53:22.954+0000] {logging_mixin.py:117} INFO - [2024-04-20T05:53:22.953+0000] {dagbag.py:525} INFO - Filling up the DagBag from /home/airflow/.local/lib/python3.7/site-packages/airflow/example_dags/example_branch_python_dop_operator_3.py
[2024-04-20T05:53:22.983+0000] {processor.py:768} INFO - DAG(s) dict_keys(['example_branch_dop_operator_v3']) retrieved from /home/airflow/.local/lib/python3.7/site-packages/airflow/example_dags/example_branch_python_dop_operator_3.py
[2024-04-20T05:53:23.036+0000] {logging_mixin.py:117} INFO - [2024-04-20T05:53:23.035+0000] {dag.py:2573} INFO - Sync 1 DAGs
[2024-04-20T05:53:23.074+0000] {logging_mixin.py:117} INFO - [2024-04-20T05:53:23.074+0000] {dag.py:3328} INFO - Setting next_dagrun for example_branch_dop_operator_v3 to 2024-04-20T05:52:00+00:00, run_after=2024-04-20T05:53:00+00:00
[2024-04-20T05:53:23.098+0000] {processor.py:178} INFO - Processing /home/airflow/.local/lib/python3.7/site-packages/airflow/example_dags/example_branch_python_dop_operator_3.py took 0.148 seconds
[2024-04-20T05:53:53.724+0000] {processor.py:156} INFO - Started process (PID=10411) to work on /home/airflow/.local/lib/python3.7/site-packages/airflow/example_dags/example_branch_python_dop_operator_3.py
[2024-04-20T05:53:53.725+0000] {processor.py:758} INFO - Processing file /home/airflow/.local/lib/python3.7/site-packages/airflow/example_dags/example_branch_python_dop_operator_3.py for tasks to queue
[2024-04-20T05:53:53.725+0000] {logging_mixin.py:117} INFO - [2024-04-20T05:53:53.725+0000] {dagbag.py:525} INFO - Filling up the DagBag from /home/airflow/.local/lib/python3.7/site-packages/airflow/example_dags/example_branch_python_dop_operator_3.py
[2024-04-20T05:53:53.757+0000] {processor.py:768} INFO - DAG(s) dict_keys(['example_branch_dop_operator_v3']) retrieved from /home/airflow/.local/lib/python3.7/site-packages/airflow/example_dags/example_branch_python_dop_operator_3.py
[2024-04-20T05:53:53.804+0000] {logging_mixin.py:117} INFO - [2024-04-20T05:53:53.804+0000] {dag.py:2573} INFO - Sync 1 DAGs
[2024-04-20T05:53:53.847+0000] {logging_mixin.py:117} INFO - [2024-04-20T05:53:53.846+0000] {dag.py:3328} INFO - Setting next_dagrun for example_branch_dop_operator_v3 to 2024-04-20T05:52:00+00:00, run_after=2024-04-20T05:53:00+00:00
[2024-04-20T05:53:53.872+0000] {processor.py:178} INFO - Processing /home/airflow/.local/lib/python3.7/site-packages/airflow/example_dags/example_branch_python_dop_operator_3.py took 0.151 seconds
[2024-04-20T05:54:24.208+0000] {processor.py:156} INFO - Started process (PID=10643) to work on /home/airflow/.local/lib/python3.7/site-packages/airflow/example_dags/example_branch_python_dop_operator_3.py
[2024-04-20T05:54:24.209+0000] {processor.py:758} INFO - Processing file /home/airflow/.local/lib/python3.7/site-packages/airflow/example_dags/example_branch_python_dop_operator_3.py for tasks to queue
[2024-04-20T05:54:24.210+0000] {logging_mixin.py:117} INFO - [2024-04-20T05:54:24.210+0000] {dagbag.py:525} INFO - Filling up the DagBag from /home/airflow/.local/lib/python3.7/site-packages/airflow/example_dags/example_branch_python_dop_operator_3.py
[2024-04-20T05:54:24.252+0000] {processor.py:768} INFO - DAG(s) dict_keys(['example_branch_dop_operator_v3']) retrieved from /home/airflow/.local/lib/python3.7/site-packages/airflow/example_dags/example_branch_python_dop_operator_3.py
[2024-04-20T05:54:24.302+0000] {logging_mixin.py:117} INFO - [2024-04-20T05:54:24.302+0000] {dag.py:2573} INFO - Sync 1 DAGs
[2024-04-20T05:54:24.344+0000] {logging_mixin.py:117} INFO - [2024-04-20T05:54:24.344+0000] {dag.py:3328} INFO - Setting next_dagrun for example_branch_dop_operator_v3 to 2024-04-20T05:53:00+00:00, run_after=2024-04-20T05:54:00+00:00
[2024-04-20T05:54:24.370+0000] {processor.py:178} INFO - Processing /home/airflow/.local/lib/python3.7/site-packages/airflow/example_dags/example_branch_python_dop_operator_3.py took 0.170 seconds
[2024-04-20T05:54:55.021+0000] {processor.py:156} INFO - Started process (PID=10873) to work on /home/airflow/.local/lib/python3.7/site-packages/airflow/example_dags/example_branch_python_dop_operator_3.py
[2024-04-20T05:54:55.022+0000] {processor.py:758} INFO - Processing file /home/airflow/.local/lib/python3.7/site-packages/airflow/example_dags/example_branch_python_dop_operator_3.py for tasks to queue
[2024-04-20T05:54:55.027+0000] {logging_mixin.py:117} INFO - [2024-04-20T05:54:55.027+0000] {dagbag.py:525} INFO - Filling up the DagBag from /home/airflow/.local/lib/python3.7/site-packages/airflow/example_dags/example_branch_python_dop_operator_3.py
[2024-04-20T05:54:55.090+0000] {processor.py:768} INFO - DAG(s) dict_keys(['example_branch_dop_operator_v3']) retrieved from /home/airflow/.local/lib/python3.7/site-packages/airflow/example_dags/example_branch_python_dop_operator_3.py
[2024-04-20T05:54:55.140+0000] {logging_mixin.py:117} INFO - [2024-04-20T05:54:55.140+0000] {dag.py:2573} INFO - Sync 1 DAGs
[2024-04-20T05:54:55.194+0000] {logging_mixin.py:117} INFO - [2024-04-20T05:54:55.194+0000] {dag.py:3328} INFO - Setting next_dagrun for example_branch_dop_operator_v3 to 2024-04-20T05:53:00+00:00, run_after=2024-04-20T05:54:00+00:00
[2024-04-20T05:54:55.218+0000] {processor.py:178} INFO - Processing /home/airflow/.local/lib/python3.7/site-packages/airflow/example_dags/example_branch_python_dop_operator_3.py took 0.227 seconds
[2024-04-20T05:55:25.500+0000] {processor.py:156} INFO - Started process (PID=11099) to work on /home/airflow/.local/lib/python3.7/site-packages/airflow/example_dags/example_branch_python_dop_operator_3.py
[2024-04-20T05:55:25.502+0000] {processor.py:758} INFO - Processing file /home/airflow/.local/lib/python3.7/site-packages/airflow/example_dags/example_branch_python_dop_operator_3.py for tasks to queue
[2024-04-20T05:55:25.502+0000] {logging_mixin.py:117} INFO - [2024-04-20T05:55:25.502+0000] {dagbag.py:525} INFO - Filling up the DagBag from /home/airflow/.local/lib/python3.7/site-packages/airflow/example_dags/example_branch_python_dop_operator_3.py
[2024-04-20T05:55:25.553+0000] {processor.py:768} INFO - DAG(s) dict_keys(['example_branch_dop_operator_v3']) retrieved from /home/airflow/.local/lib/python3.7/site-packages/airflow/example_dags/example_branch_python_dop_operator_3.py
[2024-04-20T05:55:25.634+0000] {logging_mixin.py:117} INFO - [2024-04-20T05:55:25.634+0000] {dag.py:2573} INFO - Sync 1 DAGs
[2024-04-20T05:55:25.674+0000] {logging_mixin.py:117} INFO - [2024-04-20T05:55:25.674+0000] {dag.py:3328} INFO - Setting next_dagrun for example_branch_dop_operator_v3 to 2024-04-20T05:54:00+00:00, run_after=2024-04-20T05:55:00+00:00
[2024-04-20T05:55:25.707+0000] {processor.py:178} INFO - Processing /home/airflow/.local/lib/python3.7/site-packages/airflow/example_dags/example_branch_python_dop_operator_3.py took 0.210 seconds
[2024-04-20T05:56:44.888+0000] {processor.py:156} INFO - Started process (PID=310) to work on /home/airflow/.local/lib/python3.7/site-packages/airflow/example_dags/example_branch_python_dop_operator_3.py
[2024-04-20T05:56:44.938+0000] {processor.py:758} INFO - Processing file /home/airflow/.local/lib/python3.7/site-packages/airflow/example_dags/example_branch_python_dop_operator_3.py for tasks to queue
[2024-04-20T05:56:44.939+0000] {logging_mixin.py:117} INFO - [2024-04-20T05:56:44.939+0000] {dagbag.py:525} INFO - Filling up the DagBag from /home/airflow/.local/lib/python3.7/site-packages/airflow/example_dags/example_branch_python_dop_operator_3.py
[2024-04-20T05:56:45.185+0000] {processor.py:768} INFO - DAG(s) dict_keys(['example_branch_dop_operator_v3']) retrieved from /home/airflow/.local/lib/python3.7/site-packages/airflow/example_dags/example_branch_python_dop_operator_3.py
[2024-04-20T05:56:45.433+0000] {logging_mixin.py:117} INFO - [2024-04-20T05:56:45.433+0000] {dag.py:2573} INFO - Sync 1 DAGs
[2024-04-20T05:56:45.577+0000] {logging_mixin.py:117} INFO - [2024-04-20T05:56:45.577+0000] {dag.py:3328} INFO - Setting next_dagrun for example_branch_dop_operator_v3 to 2024-04-20T05:55:00+00:00, run_after=2024-04-20T05:56:00+00:00
[2024-04-20T05:56:45.657+0000] {processor.py:178} INFO - Processing /home/airflow/.local/lib/python3.7/site-packages/airflow/example_dags/example_branch_python_dop_operator_3.py took 0.781 seconds
[2024-04-20T05:57:15.785+0000] {processor.py:156} INFO - Started process (PID=528) to work on /home/airflow/.local/lib/python3.7/site-packages/airflow/example_dags/example_branch_python_dop_operator_3.py
[2024-04-20T05:57:15.786+0000] {processor.py:758} INFO - Processing file /home/airflow/.local/lib/python3.7/site-packages/airflow/example_dags/example_branch_python_dop_operator_3.py for tasks to queue
[2024-04-20T05:57:15.787+0000] {logging_mixin.py:117} INFO - [2024-04-20T05:57:15.786+0000] {dagbag.py:525} INFO - Filling up the DagBag from /home/airflow/.local/lib/python3.7/site-packages/airflow/example_dags/example_branch_python_dop_operator_3.py
[2024-04-20T05:57:15.820+0000] {processor.py:768} INFO - DAG(s) dict_keys(['example_branch_dop_operator_v3']) retrieved from /home/airflow/.local/lib/python3.7/site-packages/airflow/example_dags/example_branch_python_dop_operator_3.py
[2024-04-20T05:57:15.865+0000] {logging_mixin.py:117} INFO - [2024-04-20T05:57:15.865+0000] {dag.py:2573} INFO - Sync 1 DAGs
[2024-04-20T05:57:16.067+0000] {logging_mixin.py:117} INFO - [2024-04-20T05:57:16.067+0000] {dag.py:3328} INFO - Setting next_dagrun for example_branch_dop_operator_v3 to 2024-04-20T05:56:00+00:00, run_after=2024-04-20T05:57:00+00:00
[2024-04-20T05:57:16.092+0000] {processor.py:178} INFO - Processing /home/airflow/.local/lib/python3.7/site-packages/airflow/example_dags/example_branch_python_dop_operator_3.py took 0.310 seconds
[2024-04-20T05:57:46.454+0000] {processor.py:156} INFO - Started process (PID=747) to work on /home/airflow/.local/lib/python3.7/site-packages/airflow/example_dags/example_branch_python_dop_operator_3.py
[2024-04-20T05:57:46.455+0000] {processor.py:758} INFO - Processing file /home/airflow/.local/lib/python3.7/site-packages/airflow/example_dags/example_branch_python_dop_operator_3.py for tasks to queue
[2024-04-20T05:57:46.455+0000] {logging_mixin.py:117} INFO - [2024-04-20T05:57:46.455+0000] {dagbag.py:525} INFO - Filling up the DagBag from /home/airflow/.local/lib/python3.7/site-packages/airflow/example_dags/example_branch_python_dop_operator_3.py
[2024-04-20T05:57:46.486+0000] {processor.py:768} INFO - DAG(s) dict_keys(['example_branch_dop_operator_v3']) retrieved from /home/airflow/.local/lib/python3.7/site-packages/airflow/example_dags/example_branch_python_dop_operator_3.py
[2024-04-20T05:57:46.536+0000] {logging_mixin.py:117} INFO - [2024-04-20T05:57:46.535+0000] {dag.py:2573} INFO - Sync 1 DAGs
[2024-04-20T05:57:46.732+0000] {logging_mixin.py:117} INFO - [2024-04-20T05:57:46.731+0000] {dag.py:3328} INFO - Setting next_dagrun for example_branch_dop_operator_v3 to 2024-04-20T05:56:00+00:00, run_after=2024-04-20T05:57:00+00:00
[2024-04-20T05:57:46.756+0000] {processor.py:178} INFO - Processing /home/airflow/.local/lib/python3.7/site-packages/airflow/example_dags/example_branch_python_dop_operator_3.py took 0.305 seconds
[2024-04-20T05:58:16.986+0000] {processor.py:156} INFO - Started process (PID=972) to work on /home/airflow/.local/lib/python3.7/site-packages/airflow/example_dags/example_branch_python_dop_operator_3.py
[2024-04-20T05:58:16.987+0000] {processor.py:758} INFO - Processing file /home/airflow/.local/lib/python3.7/site-packages/airflow/example_dags/example_branch_python_dop_operator_3.py for tasks to queue
[2024-04-20T05:58:16.987+0000] {logging_mixin.py:117} INFO - [2024-04-20T05:58:16.987+0000] {dagbag.py:525} INFO - Filling up the DagBag from /home/airflow/.local/lib/python3.7/site-packages/airflow/example_dags/example_branch_python_dop_operator_3.py
[2024-04-20T05:58:17.018+0000] {processor.py:768} INFO - DAG(s) dict_keys(['example_branch_dop_operator_v3']) retrieved from /home/airflow/.local/lib/python3.7/site-packages/airflow/example_dags/example_branch_python_dop_operator_3.py
[2024-04-20T05:58:17.245+0000] {logging_mixin.py:117} INFO - [2024-04-20T05:58:17.244+0000] {dag.py:2573} INFO - Sync 1 DAGs
[2024-04-20T05:58:17.282+0000] {logging_mixin.py:117} INFO - [2024-04-20T05:58:17.282+0000] {dag.py:3328} INFO - Setting next_dagrun for example_branch_dop_operator_v3 to 2024-04-20T05:57:00+00:00, run_after=2024-04-20T05:58:00+00:00
[2024-04-20T05:58:17.307+0000] {processor.py:178} INFO - Processing /home/airflow/.local/lib/python3.7/site-packages/airflow/example_dags/example_branch_python_dop_operator_3.py took 0.324 seconds
[2024-04-20T05:58:47.440+0000] {processor.py:156} INFO - Started process (PID=1195) to work on /home/airflow/.local/lib/python3.7/site-packages/airflow/example_dags/example_branch_python_dop_operator_3.py
[2024-04-20T05:58:47.440+0000] {processor.py:758} INFO - Processing file /home/airflow/.local/lib/python3.7/site-packages/airflow/example_dags/example_branch_python_dop_operator_3.py for tasks to queue
[2024-04-20T05:58:47.441+0000] {logging_mixin.py:117} INFO - [2024-04-20T05:58:47.441+0000] {dagbag.py:525} INFO - Filling up the DagBag from /home/airflow/.local/lib/python3.7/site-packages/airflow/example_dags/example_branch_python_dop_operator_3.py
[2024-04-20T05:58:47.520+0000] {processor.py:768} INFO - DAG(s) dict_keys(['example_branch_dop_operator_v3']) retrieved from /home/airflow/.local/lib/python3.7/site-packages/airflow/example_dags/example_branch_python_dop_operator_3.py
[2024-04-20T05:58:47.816+0000] {logging_mixin.py:117} INFO - [2024-04-20T05:58:47.816+0000] {dag.py:2573} INFO - Sync 1 DAGs
[2024-04-20T05:58:47.857+0000] {logging_mixin.py:117} INFO - [2024-04-20T05:58:47.857+0000] {dag.py:3328} INFO - Setting next_dagrun for example_branch_dop_operator_v3 to 2024-04-20T05:57:00+00:00, run_after=2024-04-20T05:58:00+00:00
[2024-04-20T05:58:47.907+0000] {processor.py:178} INFO - Processing /home/airflow/.local/lib/python3.7/site-packages/airflow/example_dags/example_branch_python_dop_operator_3.py took 0.471 seconds
[2024-04-20T05:59:18.159+0000] {processor.py:156} INFO - Started process (PID=1414) to work on /home/airflow/.local/lib/python3.7/site-packages/airflow/example_dags/example_branch_python_dop_operator_3.py
[2024-04-20T05:59:18.160+0000] {processor.py:758} INFO - Processing file /home/airflow/.local/lib/python3.7/site-packages/airflow/example_dags/example_branch_python_dop_operator_3.py for tasks to queue
[2024-04-20T05:59:18.161+0000] {logging_mixin.py:117} INFO - [2024-04-20T05:59:18.160+0000] {dagbag.py:525} INFO - Filling up the DagBag from /home/airflow/.local/lib/python3.7/site-packages/airflow/example_dags/example_branch_python_dop_operator_3.py
[2024-04-20T05:59:18.709+0000] {processor.py:768} INFO - DAG(s) dict_keys(['example_branch_dop_operator_v3']) retrieved from /home/airflow/.local/lib/python3.7/site-packages/airflow/example_dags/example_branch_python_dop_operator_3.py
[2024-04-20T05:59:18.791+0000] {logging_mixin.py:117} INFO - [2024-04-20T05:59:18.791+0000] {dag.py:2573} INFO - Sync 1 DAGs
[2024-04-20T05:59:18.846+0000] {logging_mixin.py:117} INFO - [2024-04-20T05:59:18.845+0000] {dag.py:3328} INFO - Setting next_dagrun for example_branch_dop_operator_v3 to 2024-04-20T05:58:00+00:00, run_after=2024-04-20T05:59:00+00:00
[2024-04-20T05:59:18.910+0000] {processor.py:178} INFO - Processing /home/airflow/.local/lib/python3.7/site-packages/airflow/example_dags/example_branch_python_dop_operator_3.py took 0.754 seconds
[2024-04-20T05:59:49.868+0000] {processor.py:156} INFO - Started process (PID=1646) to work on /home/airflow/.local/lib/python3.7/site-packages/airflow/example_dags/example_branch_python_dop_operator_3.py
[2024-04-20T05:59:49.869+0000] {processor.py:758} INFO - Processing file /home/airflow/.local/lib/python3.7/site-packages/airflow/example_dags/example_branch_python_dop_operator_3.py for tasks to queue
[2024-04-20T05:59:49.869+0000] {logging_mixin.py:117} INFO - [2024-04-20T05:59:49.869+0000] {dagbag.py:525} INFO - Filling up the DagBag from /home/airflow/.local/lib/python3.7/site-packages/airflow/example_dags/example_branch_python_dop_operator_3.py
[2024-04-20T05:59:49.900+0000] {processor.py:768} INFO - DAG(s) dict_keys(['example_branch_dop_operator_v3']) retrieved from /home/airflow/.local/lib/python3.7/site-packages/airflow/example_dags/example_branch_python_dop_operator_3.py
[2024-04-20T05:59:49.946+0000] {logging_mixin.py:117} INFO - [2024-04-20T05:59:49.946+0000] {dag.py:2573} INFO - Sync 1 DAGs
[2024-04-20T05:59:49.984+0000] {logging_mixin.py:117} INFO - [2024-04-20T05:59:49.984+0000] {dag.py:3328} INFO - Setting next_dagrun for example_branch_dop_operator_v3 to 2024-04-20T05:58:00+00:00, run_after=2024-04-20T05:59:00+00:00
[2024-04-20T05:59:50.013+0000] {processor.py:178} INFO - Processing /home/airflow/.local/lib/python3.7/site-packages/airflow/example_dags/example_branch_python_dop_operator_3.py took 0.148 seconds
[2024-04-20T06:00:20.629+0000] {processor.py:156} INFO - Started process (PID=1873) to work on /home/airflow/.local/lib/python3.7/site-packages/airflow/example_dags/example_branch_python_dop_operator_3.py
[2024-04-20T06:00:20.629+0000] {processor.py:758} INFO - Processing file /home/airflow/.local/lib/python3.7/site-packages/airflow/example_dags/example_branch_python_dop_operator_3.py for tasks to queue
[2024-04-20T06:00:20.630+0000] {logging_mixin.py:117} INFO - [2024-04-20T06:00:20.630+0000] {dagbag.py:525} INFO - Filling up the DagBag from /home/airflow/.local/lib/python3.7/site-packages/airflow/example_dags/example_branch_python_dop_operator_3.py
[2024-04-20T06:00:20.665+0000] {processor.py:768} INFO - DAG(s) dict_keys(['example_branch_dop_operator_v3']) retrieved from /home/airflow/.local/lib/python3.7/site-packages/airflow/example_dags/example_branch_python_dop_operator_3.py
[2024-04-20T06:00:20.713+0000] {logging_mixin.py:117} INFO - [2024-04-20T06:00:20.713+0000] {dag.py:2573} INFO - Sync 1 DAGs
[2024-04-20T06:00:20.752+0000] {logging_mixin.py:117} INFO - [2024-04-20T06:00:20.752+0000] {dag.py:3328} INFO - Setting next_dagrun for example_branch_dop_operator_v3 to 2024-04-20T05:59:00+00:00, run_after=2024-04-20T06:00:00+00:00
[2024-04-20T06:00:20.777+0000] {processor.py:178} INFO - Processing /home/airflow/.local/lib/python3.7/site-packages/airflow/example_dags/example_branch_python_dop_operator_3.py took 0.152 seconds
[2024-04-20T06:00:51.399+0000] {processor.py:156} INFO - Started process (PID=2091) to work on /home/airflow/.local/lib/python3.7/site-packages/airflow/example_dags/example_branch_python_dop_operator_3.py
[2024-04-20T06:00:51.399+0000] {processor.py:758} INFO - Processing file /home/airflow/.local/lib/python3.7/site-packages/airflow/example_dags/example_branch_python_dop_operator_3.py for tasks to queue
[2024-04-20T06:00:51.400+0000] {logging_mixin.py:117} INFO - [2024-04-20T06:00:51.400+0000] {dagbag.py:525} INFO - Filling up the DagBag from /home/airflow/.local/lib/python3.7/site-packages/airflow/example_dags/example_branch_python_dop_operator_3.py
[2024-04-20T06:00:51.430+0000] {processor.py:768} INFO - DAG(s) dict_keys(['example_branch_dop_operator_v3']) retrieved from /home/airflow/.local/lib/python3.7/site-packages/airflow/example_dags/example_branch_python_dop_operator_3.py
[2024-04-20T06:00:51.479+0000] {logging_mixin.py:117} INFO - [2024-04-20T06:00:51.478+0000] {dag.py:2573} INFO - Sync 1 DAGs
[2024-04-20T06:00:51.531+0000] {logging_mixin.py:117} INFO - [2024-04-20T06:00:51.531+0000] {dag.py:3328} INFO - Setting next_dagrun for example_branch_dop_operator_v3 to 2024-04-20T05:59:00+00:00, run_after=2024-04-20T06:00:00+00:00
[2024-04-20T06:00:51.558+0000] {processor.py:178} INFO - Processing /home/airflow/.local/lib/python3.7/site-packages/airflow/example_dags/example_branch_python_dop_operator_3.py took 0.163 seconds
[2024-04-20T06:01:21.896+0000] {processor.py:156} INFO - Started process (PID=2316) to work on /home/airflow/.local/lib/python3.7/site-packages/airflow/example_dags/example_branch_python_dop_operator_3.py
[2024-04-20T06:01:21.897+0000] {processor.py:758} INFO - Processing file /home/airflow/.local/lib/python3.7/site-packages/airflow/example_dags/example_branch_python_dop_operator_3.py for tasks to queue
[2024-04-20T06:01:21.897+0000] {logging_mixin.py:117} INFO - [2024-04-20T06:01:21.897+0000] {dagbag.py:525} INFO - Filling up the DagBag from /home/airflow/.local/lib/python3.7/site-packages/airflow/example_dags/example_branch_python_dop_operator_3.py
[2024-04-20T06:01:21.928+0000] {processor.py:768} INFO - DAG(s) dict_keys(['example_branch_dop_operator_v3']) retrieved from /home/airflow/.local/lib/python3.7/site-packages/airflow/example_dags/example_branch_python_dop_operator_3.py
[2024-04-20T06:01:22.004+0000] {logging_mixin.py:117} INFO - [2024-04-20T06:01:22.004+0000] {dag.py:2573} INFO - Sync 1 DAGs
[2024-04-20T06:01:22.057+0000] {logging_mixin.py:117} INFO - [2024-04-20T06:01:22.057+0000] {dag.py:3328} INFO - Setting next_dagrun for example_branch_dop_operator_v3 to 2024-04-20T06:00:00+00:00, run_after=2024-04-20T06:01:00+00:00
[2024-04-20T06:01:22.123+0000] {processor.py:178} INFO - Processing /home/airflow/.local/lib/python3.7/site-packages/airflow/example_dags/example_branch_python_dop_operator_3.py took 0.231 seconds
[2024-04-20T06:01:52.754+0000] {processor.py:156} INFO - Started process (PID=2545) to work on /home/airflow/.local/lib/python3.7/site-packages/airflow/example_dags/example_branch_python_dop_operator_3.py
[2024-04-20T06:01:52.755+0000] {processor.py:758} INFO - Processing file /home/airflow/.local/lib/python3.7/site-packages/airflow/example_dags/example_branch_python_dop_operator_3.py for tasks to queue
[2024-04-20T06:01:52.755+0000] {logging_mixin.py:117} INFO - [2024-04-20T06:01:52.755+0000] {dagbag.py:525} INFO - Filling up the DagBag from /home/airflow/.local/lib/python3.7/site-packages/airflow/example_dags/example_branch_python_dop_operator_3.py
[2024-04-20T06:01:52.809+0000] {processor.py:768} INFO - DAG(s) dict_keys(['example_branch_dop_operator_v3']) retrieved from /home/airflow/.local/lib/python3.7/site-packages/airflow/example_dags/example_branch_python_dop_operator_3.py
[2024-04-20T06:01:52.998+0000] {logging_mixin.py:117} INFO - [2024-04-20T06:01:52.998+0000] {dag.py:2573} INFO - Sync 1 DAGs
[2024-04-20T06:01:53.090+0000] {logging_mixin.py:117} INFO - [2024-04-20T06:01:53.090+0000] {dag.py:3328} INFO - Setting next_dagrun for example_branch_dop_operator_v3 to 2024-04-20T06:00:00+00:00, run_after=2024-04-20T06:01:00+00:00
[2024-04-20T06:01:53.127+0000] {processor.py:178} INFO - Processing /home/airflow/.local/lib/python3.7/site-packages/airflow/example_dags/example_branch_python_dop_operator_3.py took 0.375 seconds
[2024-04-20T06:02:23.632+0000] {processor.py:156} INFO - Started process (PID=2770) to work on /home/airflow/.local/lib/python3.7/site-packages/airflow/example_dags/example_branch_python_dop_operator_3.py
[2024-04-20T06:02:23.635+0000] {processor.py:758} INFO - Processing file /home/airflow/.local/lib/python3.7/site-packages/airflow/example_dags/example_branch_python_dop_operator_3.py for tasks to queue
[2024-04-20T06:02:23.636+0000] {logging_mixin.py:117} INFO - [2024-04-20T06:02:23.636+0000] {dagbag.py:525} INFO - Filling up the DagBag from /home/airflow/.local/lib/python3.7/site-packages/airflow/example_dags/example_branch_python_dop_operator_3.py
[2024-04-20T06:02:23.669+0000] {processor.py:768} INFO - DAG(s) dict_keys(['example_branch_dop_operator_v3']) retrieved from /home/airflow/.local/lib/python3.7/site-packages/airflow/example_dags/example_branch_python_dop_operator_3.py
[2024-04-20T06:02:23.717+0000] {logging_mixin.py:117} INFO - [2024-04-20T06:02:23.716+0000] {dag.py:2573} INFO - Sync 1 DAGs
[2024-04-20T06:02:23.755+0000] {logging_mixin.py:117} INFO - [2024-04-20T06:02:23.755+0000] {dag.py:3328} INFO - Setting next_dagrun for example_branch_dop_operator_v3 to 2024-04-20T06:01:00+00:00, run_after=2024-04-20T06:02:00+00:00
[2024-04-20T06:02:23.780+0000] {processor.py:178} INFO - Processing /home/airflow/.local/lib/python3.7/site-packages/airflow/example_dags/example_branch_python_dop_operator_3.py took 0.152 seconds
[2024-04-20T06:02:54.487+0000] {processor.py:156} INFO - Started process (PID=2998) to work on /home/airflow/.local/lib/python3.7/site-packages/airflow/example_dags/example_branch_python_dop_operator_3.py
[2024-04-20T06:02:54.488+0000] {processor.py:758} INFO - Processing file /home/airflow/.local/lib/python3.7/site-packages/airflow/example_dags/example_branch_python_dop_operator_3.py for tasks to queue
[2024-04-20T06:02:54.489+0000] {logging_mixin.py:117} INFO - [2024-04-20T06:02:54.489+0000] {dagbag.py:525} INFO - Filling up the DagBag from /home/airflow/.local/lib/python3.7/site-packages/airflow/example_dags/example_branch_python_dop_operator_3.py
[2024-04-20T06:02:54.523+0000] {processor.py:768} INFO - DAG(s) dict_keys(['example_branch_dop_operator_v3']) retrieved from /home/airflow/.local/lib/python3.7/site-packages/airflow/example_dags/example_branch_python_dop_operator_3.py
[2024-04-20T06:02:54.577+0000] {logging_mixin.py:117} INFO - [2024-04-20T06:02:54.573+0000] {dag.py:2573} INFO - Sync 1 DAGs
[2024-04-20T06:02:54.618+0000] {logging_mixin.py:117} INFO - [2024-04-20T06:02:54.617+0000] {dag.py:3328} INFO - Setting next_dagrun for example_branch_dop_operator_v3 to 2024-04-20T06:01:00+00:00, run_after=2024-04-20T06:02:00+00:00
[2024-04-20T06:02:54.660+0000] {processor.py:178} INFO - Processing /home/airflow/.local/lib/python3.7/site-packages/airflow/example_dags/example_branch_python_dop_operator_3.py took 0.176 seconds
[2024-04-20T06:03:25.580+0000] {processor.py:156} INFO - Started process (PID=3224) to work on /home/airflow/.local/lib/python3.7/site-packages/airflow/example_dags/example_branch_python_dop_operator_3.py
[2024-04-20T06:03:25.581+0000] {processor.py:758} INFO - Processing file /home/airflow/.local/lib/python3.7/site-packages/airflow/example_dags/example_branch_python_dop_operator_3.py for tasks to queue
[2024-04-20T06:03:25.582+0000] {logging_mixin.py:117} INFO - [2024-04-20T06:03:25.582+0000] {dagbag.py:525} INFO - Filling up the DagBag from /home/airflow/.local/lib/python3.7/site-packages/airflow/example_dags/example_branch_python_dop_operator_3.py
[2024-04-20T06:03:25.643+0000] {processor.py:768} INFO - DAG(s) dict_keys(['example_branch_dop_operator_v3']) retrieved from /home/airflow/.local/lib/python3.7/site-packages/airflow/example_dags/example_branch_python_dop_operator_3.py
[2024-04-20T06:03:25.689+0000] {logging_mixin.py:117} INFO - [2024-04-20T06:03:25.689+0000] {dag.py:2573} INFO - Sync 1 DAGs
[2024-04-20T06:03:25.733+0000] {logging_mixin.py:117} INFO - [2024-04-20T06:03:25.733+0000] {dag.py:3328} INFO - Setting next_dagrun for example_branch_dop_operator_v3 to 2024-04-20T06:02:00+00:00, run_after=2024-04-20T06:03:00+00:00
[2024-04-20T06:03:25.858+0000] {processor.py:178} INFO - Processing /home/airflow/.local/lib/python3.7/site-packages/airflow/example_dags/example_branch_python_dop_operator_3.py took 0.281 seconds
