[2024-04-20T05:31:40.760+0000] {processor.py:156} INFO - Started process (PID=210) to work on /home/airflow/.local/lib/python3.7/site-packages/airflow/example_dags/example_complex.py
[2024-04-20T05:31:40.770+0000] {processor.py:758} INFO - Processing file /home/airflow/.local/lib/python3.7/site-packages/airflow/example_dags/example_complex.py for tasks to queue
[2024-04-20T05:31:40.770+0000] {logging_mixin.py:117} INFO - [2024-04-20T05:31:40.770+0000] {dagbag.py:525} INFO - Filling up the DagBag from /home/airflow/.local/lib/python3.7/site-packages/airflow/example_dags/example_complex.py
[2024-04-20T05:31:40.857+0000] {processor.py:768} INFO - DAG(s) dict_keys(['example_complex']) retrieved from /home/airflow/.local/lib/python3.7/site-packages/airflow/example_dags/example_complex.py
[2024-04-20T05:31:41.534+0000] {logging_mixin.py:117} INFO - [2024-04-20T05:31:41.534+0000] {manager.py:507} INFO - Created Permission View: can delete on DAG:example_complex
[2024-04-20T05:31:41.548+0000] {logging_mixin.py:117} INFO - [2024-04-20T05:31:41.548+0000] {manager.py:507} INFO - Created Permission View: can edit on DAG:example_complex
[2024-04-20T05:31:41.560+0000] {logging_mixin.py:117} INFO - [2024-04-20T05:31:41.560+0000] {manager.py:507} INFO - Created Permission View: can read on DAG:example_complex
[2024-04-20T05:31:41.560+0000] {logging_mixin.py:117} INFO - [2024-04-20T05:31:41.560+0000] {dag.py:2573} INFO - Sync 1 DAGs
[2024-04-20T05:31:41.575+0000] {logging_mixin.py:117} INFO - [2024-04-20T05:31:41.575+0000] {dag.py:2594} INFO - Creating ORM DAG for example_complex
[2024-04-20T05:31:41.588+0000] {logging_mixin.py:117} INFO - [2024-04-20T05:31:41.588+0000] {dag.py:3328} INFO - Setting next_dagrun for example_complex to None, run_after=None
[2024-04-20T05:31:41.618+0000] {processor.py:178} INFO - Processing /home/airflow/.local/lib/python3.7/site-packages/airflow/example_dags/example_complex.py took 0.866 seconds
[2024-04-20T05:32:11.793+0000] {processor.py:156} INFO - Started process (PID=426) to work on /home/airflow/.local/lib/python3.7/site-packages/airflow/example_dags/example_complex.py
[2024-04-20T05:32:11.794+0000] {processor.py:758} INFO - Processing file /home/airflow/.local/lib/python3.7/site-packages/airflow/example_dags/example_complex.py for tasks to queue
[2024-04-20T05:32:11.794+0000] {logging_mixin.py:117} INFO - [2024-04-20T05:32:11.794+0000] {dagbag.py:525} INFO - Filling up the DagBag from /home/airflow/.local/lib/python3.7/site-packages/airflow/example_dags/example_complex.py
[2024-04-20T05:32:11.813+0000] {processor.py:768} INFO - DAG(s) dict_keys(['example_complex']) retrieved from /home/airflow/.local/lib/python3.7/site-packages/airflow/example_dags/example_complex.py
[2024-04-20T05:32:11.851+0000] {logging_mixin.py:117} INFO - [2024-04-20T05:32:11.851+0000] {dag.py:2573} INFO - Sync 1 DAGs
[2024-04-20T05:32:11.870+0000] {logging_mixin.py:117} INFO - [2024-04-20T05:32:11.870+0000] {dag.py:3328} INFO - Setting next_dagrun for example_complex to None, run_after=None
[2024-04-20T05:32:12.005+0000] {processor.py:178} INFO - Processing /home/airflow/.local/lib/python3.7/site-packages/airflow/example_dags/example_complex.py took 0.215 seconds
[2024-04-20T05:32:42.569+0000] {processor.py:156} INFO - Started process (PID=650) to work on /home/airflow/.local/lib/python3.7/site-packages/airflow/example_dags/example_complex.py
[2024-04-20T05:32:42.570+0000] {processor.py:758} INFO - Processing file /home/airflow/.local/lib/python3.7/site-packages/airflow/example_dags/example_complex.py for tasks to queue
[2024-04-20T05:32:42.571+0000] {logging_mixin.py:117} INFO - [2024-04-20T05:32:42.571+0000] {dagbag.py:525} INFO - Filling up the DagBag from /home/airflow/.local/lib/python3.7/site-packages/airflow/example_dags/example_complex.py
[2024-04-20T05:32:42.652+0000] {processor.py:768} INFO - DAG(s) dict_keys(['example_complex']) retrieved from /home/airflow/.local/lib/python3.7/site-packages/airflow/example_dags/example_complex.py
[2024-04-20T05:32:42.781+0000] {logging_mixin.py:117} INFO - [2024-04-20T05:32:42.781+0000] {dag.py:2573} INFO - Sync 1 DAGs
[2024-04-20T05:32:42.919+0000] {logging_mixin.py:117} INFO - [2024-04-20T05:32:42.919+0000] {dag.py:3328} INFO - Setting next_dagrun for example_complex to None, run_after=None
[2024-04-20T05:32:42.938+0000] {processor.py:178} INFO - Processing /home/airflow/.local/lib/python3.7/site-packages/airflow/example_dags/example_complex.py took 0.372 seconds
[2024-04-20T05:33:13.095+0000] {processor.py:156} INFO - Started process (PID=865) to work on /home/airflow/.local/lib/python3.7/site-packages/airflow/example_dags/example_complex.py
[2024-04-20T05:33:13.095+0000] {processor.py:758} INFO - Processing file /home/airflow/.local/lib/python3.7/site-packages/airflow/example_dags/example_complex.py for tasks to queue
[2024-04-20T05:33:13.096+0000] {logging_mixin.py:117} INFO - [2024-04-20T05:33:13.096+0000] {dagbag.py:525} INFO - Filling up the DagBag from /home/airflow/.local/lib/python3.7/site-packages/airflow/example_dags/example_complex.py
[2024-04-20T05:33:13.124+0000] {processor.py:768} INFO - DAG(s) dict_keys(['example_complex']) retrieved from /home/airflow/.local/lib/python3.7/site-packages/airflow/example_dags/example_complex.py
[2024-04-20T05:33:13.329+0000] {logging_mixin.py:117} INFO - [2024-04-20T05:33:13.329+0000] {dag.py:2573} INFO - Sync 1 DAGs
[2024-04-20T05:33:13.347+0000] {logging_mixin.py:117} INFO - [2024-04-20T05:33:13.347+0000] {dag.py:3328} INFO - Setting next_dagrun for example_complex to None, run_after=None
[2024-04-20T05:33:13.366+0000] {processor.py:178} INFO - Processing /home/airflow/.local/lib/python3.7/site-packages/airflow/example_dags/example_complex.py took 0.274 seconds
[2024-04-20T05:33:43.860+0000] {processor.py:156} INFO - Started process (PID=1082) to work on /home/airflow/.local/lib/python3.7/site-packages/airflow/example_dags/example_complex.py
[2024-04-20T05:33:43.861+0000] {processor.py:758} INFO - Processing file /home/airflow/.local/lib/python3.7/site-packages/airflow/example_dags/example_complex.py for tasks to queue
[2024-04-20T05:33:43.861+0000] {logging_mixin.py:117} INFO - [2024-04-20T05:33:43.861+0000] {dagbag.py:525} INFO - Filling up the DagBag from /home/airflow/.local/lib/python3.7/site-packages/airflow/example_dags/example_complex.py
[2024-04-20T05:33:43.892+0000] {processor.py:768} INFO - DAG(s) dict_keys(['example_complex']) retrieved from /home/airflow/.local/lib/python3.7/site-packages/airflow/example_dags/example_complex.py
[2024-04-20T05:33:44.119+0000] {logging_mixin.py:117} INFO - [2024-04-20T05:33:44.119+0000] {dag.py:2573} INFO - Sync 1 DAGs
[2024-04-20T05:33:44.151+0000] {logging_mixin.py:117} INFO - [2024-04-20T05:33:44.151+0000] {dag.py:3328} INFO - Setting next_dagrun for example_complex to None, run_after=None
[2024-04-20T05:33:44.178+0000] {processor.py:178} INFO - Processing /home/airflow/.local/lib/python3.7/site-packages/airflow/example_dags/example_complex.py took 0.321 seconds
[2024-04-20T05:34:14.970+0000] {processor.py:156} INFO - Started process (PID=1291) to work on /home/airflow/.local/lib/python3.7/site-packages/airflow/example_dags/example_complex.py
[2024-04-20T05:34:14.971+0000] {processor.py:758} INFO - Processing file /home/airflow/.local/lib/python3.7/site-packages/airflow/example_dags/example_complex.py for tasks to queue
[2024-04-20T05:34:14.971+0000] {logging_mixin.py:117} INFO - [2024-04-20T05:34:14.971+0000] {dagbag.py:525} INFO - Filling up the DagBag from /home/airflow/.local/lib/python3.7/site-packages/airflow/example_dags/example_complex.py
[2024-04-20T05:34:15.002+0000] {processor.py:768} INFO - DAG(s) dict_keys(['example_complex']) retrieved from /home/airflow/.local/lib/python3.7/site-packages/airflow/example_dags/example_complex.py
[2024-04-20T05:34:15.195+0000] {logging_mixin.py:117} INFO - [2024-04-20T05:34:15.195+0000] {dag.py:2573} INFO - Sync 1 DAGs
[2024-04-20T05:34:15.214+0000] {logging_mixin.py:117} INFO - [2024-04-20T05:34:15.214+0000] {dag.py:3328} INFO - Setting next_dagrun for example_complex to None, run_after=None
[2024-04-20T05:34:15.234+0000] {processor.py:178} INFO - Processing /home/airflow/.local/lib/python3.7/site-packages/airflow/example_dags/example_complex.py took 0.268 seconds
[2024-04-20T05:34:45.568+0000] {processor.py:156} INFO - Started process (PID=1509) to work on /home/airflow/.local/lib/python3.7/site-packages/airflow/example_dags/example_complex.py
[2024-04-20T05:34:45.569+0000] {processor.py:758} INFO - Processing file /home/airflow/.local/lib/python3.7/site-packages/airflow/example_dags/example_complex.py for tasks to queue
[2024-04-20T05:34:45.570+0000] {logging_mixin.py:117} INFO - [2024-04-20T05:34:45.569+0000] {dagbag.py:525} INFO - Filling up the DagBag from /home/airflow/.local/lib/python3.7/site-packages/airflow/example_dags/example_complex.py
[2024-04-20T05:34:45.808+0000] {processor.py:768} INFO - DAG(s) dict_keys(['example_complex']) retrieved from /home/airflow/.local/lib/python3.7/site-packages/airflow/example_dags/example_complex.py
[2024-04-20T05:34:45.841+0000] {logging_mixin.py:117} INFO - [2024-04-20T05:34:45.841+0000] {dag.py:2573} INFO - Sync 1 DAGs
[2024-04-20T05:34:45.860+0000] {logging_mixin.py:117} INFO - [2024-04-20T05:34:45.860+0000] {dag.py:3328} INFO - Setting next_dagrun for example_complex to None, run_after=None
[2024-04-20T05:34:45.879+0000] {processor.py:178} INFO - Processing /home/airflow/.local/lib/python3.7/site-packages/airflow/example_dags/example_complex.py took 0.315 seconds
[2024-04-20T05:35:16.468+0000] {processor.py:156} INFO - Started process (PID=1718) to work on /home/airflow/.local/lib/python3.7/site-packages/airflow/example_dags/example_complex.py
[2024-04-20T05:35:16.469+0000] {processor.py:758} INFO - Processing file /home/airflow/.local/lib/python3.7/site-packages/airflow/example_dags/example_complex.py for tasks to queue
[2024-04-20T05:35:16.470+0000] {logging_mixin.py:117} INFO - [2024-04-20T05:35:16.470+0000] {dagbag.py:525} INFO - Filling up the DagBag from /home/airflow/.local/lib/python3.7/site-packages/airflow/example_dags/example_complex.py
[2024-04-20T05:35:16.500+0000] {processor.py:768} INFO - DAG(s) dict_keys(['example_complex']) retrieved from /home/airflow/.local/lib/python3.7/site-packages/airflow/example_dags/example_complex.py
[2024-04-20T05:35:16.564+0000] {logging_mixin.py:117} INFO - [2024-04-20T05:35:16.564+0000] {dag.py:2573} INFO - Sync 1 DAGs
[2024-04-20T05:35:16.594+0000] {logging_mixin.py:117} INFO - [2024-04-20T05:35:16.594+0000] {dag.py:3328} INFO - Setting next_dagrun for example_complex to None, run_after=None
[2024-04-20T05:35:16.624+0000] {processor.py:178} INFO - Processing /home/airflow/.local/lib/python3.7/site-packages/airflow/example_dags/example_complex.py took 0.159 seconds
[2024-04-20T05:35:47.057+0000] {processor.py:156} INFO - Started process (PID=1935) to work on /home/airflow/.local/lib/python3.7/site-packages/airflow/example_dags/example_complex.py
[2024-04-20T05:35:47.057+0000] {processor.py:758} INFO - Processing file /home/airflow/.local/lib/python3.7/site-packages/airflow/example_dags/example_complex.py for tasks to queue
[2024-04-20T05:35:47.058+0000] {logging_mixin.py:117} INFO - [2024-04-20T05:35:47.058+0000] {dagbag.py:525} INFO - Filling up the DagBag from /home/airflow/.local/lib/python3.7/site-packages/airflow/example_dags/example_complex.py
[2024-04-20T05:35:47.086+0000] {processor.py:768} INFO - DAG(s) dict_keys(['example_complex']) retrieved from /home/airflow/.local/lib/python3.7/site-packages/airflow/example_dags/example_complex.py
[2024-04-20T05:35:47.145+0000] {logging_mixin.py:117} INFO - [2024-04-20T05:35:47.144+0000] {dag.py:2573} INFO - Sync 1 DAGs
[2024-04-20T05:35:47.179+0000] {logging_mixin.py:117} INFO - [2024-04-20T05:35:47.179+0000] {dag.py:3328} INFO - Setting next_dagrun for example_complex to None, run_after=None
[2024-04-20T05:35:47.203+0000] {processor.py:178} INFO - Processing /home/airflow/.local/lib/python3.7/site-packages/airflow/example_dags/example_complex.py took 0.151 seconds
[2024-04-20T05:36:18.887+0000] {processor.py:156} INFO - Started process (PID=2148) to work on /home/airflow/.local/lib/python3.7/site-packages/airflow/example_dags/example_complex.py
[2024-04-20T05:36:18.892+0000] {processor.py:758} INFO - Processing file /home/airflow/.local/lib/python3.7/site-packages/airflow/example_dags/example_complex.py for tasks to queue
[2024-04-20T05:36:18.893+0000] {logging_mixin.py:117} INFO - [2024-04-20T05:36:18.893+0000] {dagbag.py:525} INFO - Filling up the DagBag from /home/airflow/.local/lib/python3.7/site-packages/airflow/example_dags/example_complex.py
[2024-04-20T05:36:19.057+0000] {processor.py:768} INFO - DAG(s) dict_keys(['example_complex']) retrieved from /home/airflow/.local/lib/python3.7/site-packages/airflow/example_dags/example_complex.py
[2024-04-20T05:36:19.319+0000] {logging_mixin.py:117} INFO - [2024-04-20T05:36:19.318+0000] {dag.py:2573} INFO - Sync 1 DAGs
[2024-04-20T05:36:19.372+0000] {logging_mixin.py:117} INFO - [2024-04-20T05:36:19.371+0000] {dag.py:3328} INFO - Setting next_dagrun for example_complex to None, run_after=None
[2024-04-20T05:36:19.426+0000] {processor.py:178} INFO - Processing /home/airflow/.local/lib/python3.7/site-packages/airflow/example_dags/example_complex.py took 0.550 seconds
[2024-04-20T05:36:49.491+0000] {processor.py:156} INFO - Started process (PID=2386) to work on /home/airflow/.local/lib/python3.7/site-packages/airflow/example_dags/example_complex.py
[2024-04-20T05:36:49.492+0000] {processor.py:758} INFO - Processing file /home/airflow/.local/lib/python3.7/site-packages/airflow/example_dags/example_complex.py for tasks to queue
[2024-04-20T05:36:49.492+0000] {logging_mixin.py:117} INFO - [2024-04-20T05:36:49.492+0000] {dagbag.py:525} INFO - Filling up the DagBag from /home/airflow/.local/lib/python3.7/site-packages/airflow/example_dags/example_complex.py
[2024-04-20T05:36:49.511+0000] {processor.py:768} INFO - DAG(s) dict_keys(['example_complex']) retrieved from /home/airflow/.local/lib/python3.7/site-packages/airflow/example_dags/example_complex.py
[2024-04-20T05:36:49.550+0000] {logging_mixin.py:117} INFO - [2024-04-20T05:36:49.550+0000] {dag.py:2573} INFO - Sync 1 DAGs
[2024-04-20T05:36:49.571+0000] {logging_mixin.py:117} INFO - [2024-04-20T05:36:49.570+0000] {dag.py:3328} INFO - Setting next_dagrun for example_complex to None, run_after=None
[2024-04-20T05:36:49.589+0000] {processor.py:178} INFO - Processing /home/airflow/.local/lib/python3.7/site-packages/airflow/example_dags/example_complex.py took 0.100 seconds
[2024-04-20T05:37:19.843+0000] {processor.py:156} INFO - Started process (PID=2667) to work on /home/airflow/.local/lib/python3.7/site-packages/airflow/example_dags/example_complex.py
[2024-04-20T05:37:19.843+0000] {processor.py:758} INFO - Processing file /home/airflow/.local/lib/python3.7/site-packages/airflow/example_dags/example_complex.py for tasks to queue
[2024-04-20T05:37:19.844+0000] {logging_mixin.py:117} INFO - [2024-04-20T05:37:19.844+0000] {dagbag.py:525} INFO - Filling up the DagBag from /home/airflow/.local/lib/python3.7/site-packages/airflow/example_dags/example_complex.py
[2024-04-20T05:37:19.905+0000] {processor.py:768} INFO - DAG(s) dict_keys(['example_complex']) retrieved from /home/airflow/.local/lib/python3.7/site-packages/airflow/example_dags/example_complex.py
[2024-04-20T05:37:19.977+0000] {logging_mixin.py:117} INFO - [2024-04-20T05:37:19.977+0000] {dag.py:2573} INFO - Sync 1 DAGs
[2024-04-20T05:37:20.013+0000] {logging_mixin.py:117} INFO - [2024-04-20T05:37:20.013+0000] {dag.py:3328} INFO - Setting next_dagrun for example_complex to None, run_after=None
[2024-04-20T05:37:20.039+0000] {processor.py:178} INFO - Processing /home/airflow/.local/lib/python3.7/site-packages/airflow/example_dags/example_complex.py took 0.201 seconds
[2024-04-20T05:37:50.590+0000] {processor.py:156} INFO - Started process (PID=2901) to work on /home/airflow/.local/lib/python3.7/site-packages/airflow/example_dags/example_complex.py
[2024-04-20T05:37:50.591+0000] {processor.py:758} INFO - Processing file /home/airflow/.local/lib/python3.7/site-packages/airflow/example_dags/example_complex.py for tasks to queue
[2024-04-20T05:37:50.592+0000] {logging_mixin.py:117} INFO - [2024-04-20T05:37:50.592+0000] {dagbag.py:525} INFO - Filling up the DagBag from /home/airflow/.local/lib/python3.7/site-packages/airflow/example_dags/example_complex.py
[2024-04-20T05:37:50.643+0000] {processor.py:768} INFO - DAG(s) dict_keys(['example_complex']) retrieved from /home/airflow/.local/lib/python3.7/site-packages/airflow/example_dags/example_complex.py
[2024-04-20T05:37:50.763+0000] {logging_mixin.py:117} INFO - [2024-04-20T05:37:50.762+0000] {dag.py:2573} INFO - Sync 1 DAGs
[2024-04-20T05:37:50.818+0000] {logging_mixin.py:117} INFO - [2024-04-20T05:37:50.818+0000] {dag.py:3328} INFO - Setting next_dagrun for example_complex to None, run_after=None
[2024-04-20T05:37:50.864+0000] {processor.py:178} INFO - Processing /home/airflow/.local/lib/python3.7/site-packages/airflow/example_dags/example_complex.py took 0.277 seconds
[2024-04-20T05:38:20.974+0000] {processor.py:156} INFO - Started process (PID=3131) to work on /home/airflow/.local/lib/python3.7/site-packages/airflow/example_dags/example_complex.py
[2024-04-20T05:38:20.975+0000] {processor.py:758} INFO - Processing file /home/airflow/.local/lib/python3.7/site-packages/airflow/example_dags/example_complex.py for tasks to queue
[2024-04-20T05:38:20.975+0000] {logging_mixin.py:117} INFO - [2024-04-20T05:38:20.975+0000] {dagbag.py:525} INFO - Filling up the DagBag from /home/airflow/.local/lib/python3.7/site-packages/airflow/example_dags/example_complex.py
[2024-04-20T05:38:21.002+0000] {processor.py:768} INFO - DAG(s) dict_keys(['example_complex']) retrieved from /home/airflow/.local/lib/python3.7/site-packages/airflow/example_dags/example_complex.py
[2024-04-20T05:38:21.093+0000] {logging_mixin.py:117} INFO - [2024-04-20T05:38:21.093+0000] {dag.py:2573} INFO - Sync 1 DAGs
[2024-04-20T05:38:21.127+0000] {logging_mixin.py:117} INFO - [2024-04-20T05:38:21.127+0000] {dag.py:3328} INFO - Setting next_dagrun for example_complex to None, run_after=None
[2024-04-20T05:38:21.171+0000] {processor.py:178} INFO - Processing /home/airflow/.local/lib/python3.7/site-packages/airflow/example_dags/example_complex.py took 0.200 seconds
[2024-04-20T05:38:51.772+0000] {processor.py:156} INFO - Started process (PID=3359) to work on /home/airflow/.local/lib/python3.7/site-packages/airflow/example_dags/example_complex.py
[2024-04-20T05:38:51.773+0000] {processor.py:758} INFO - Processing file /home/airflow/.local/lib/python3.7/site-packages/airflow/example_dags/example_complex.py for tasks to queue
[2024-04-20T05:38:51.773+0000] {logging_mixin.py:117} INFO - [2024-04-20T05:38:51.773+0000] {dagbag.py:525} INFO - Filling up the DagBag from /home/airflow/.local/lib/python3.7/site-packages/airflow/example_dags/example_complex.py
[2024-04-20T05:38:51.800+0000] {processor.py:768} INFO - DAG(s) dict_keys(['example_complex']) retrieved from /home/airflow/.local/lib/python3.7/site-packages/airflow/example_dags/example_complex.py
[2024-04-20T05:38:51.858+0000] {logging_mixin.py:117} INFO - [2024-04-20T05:38:51.857+0000] {dag.py:2573} INFO - Sync 1 DAGs
[2024-04-20T05:38:51.898+0000] {logging_mixin.py:117} INFO - [2024-04-20T05:38:51.898+0000] {dag.py:3328} INFO - Setting next_dagrun for example_complex to None, run_after=None
[2024-04-20T05:38:51.921+0000] {processor.py:178} INFO - Processing /home/airflow/.local/lib/python3.7/site-packages/airflow/example_dags/example_complex.py took 0.153 seconds
[2024-04-20T05:39:22.081+0000] {processor.py:156} INFO - Started process (PID=3581) to work on /home/airflow/.local/lib/python3.7/site-packages/airflow/example_dags/example_complex.py
[2024-04-20T05:39:22.082+0000] {processor.py:758} INFO - Processing file /home/airflow/.local/lib/python3.7/site-packages/airflow/example_dags/example_complex.py for tasks to queue
[2024-04-20T05:39:22.090+0000] {logging_mixin.py:117} INFO - [2024-04-20T05:39:22.090+0000] {dagbag.py:525} INFO - Filling up the DagBag from /home/airflow/.local/lib/python3.7/site-packages/airflow/example_dags/example_complex.py
[2024-04-20T05:39:22.203+0000] {processor.py:768} INFO - DAG(s) dict_keys(['example_complex']) retrieved from /home/airflow/.local/lib/python3.7/site-packages/airflow/example_dags/example_complex.py
[2024-04-20T05:39:22.345+0000] {logging_mixin.py:117} INFO - [2024-04-20T05:39:22.345+0000] {dag.py:2573} INFO - Sync 1 DAGs
[2024-04-20T05:39:22.410+0000] {logging_mixin.py:117} INFO - [2024-04-20T05:39:22.410+0000] {dag.py:3328} INFO - Setting next_dagrun for example_complex to None, run_after=None
[2024-04-20T05:39:22.446+0000] {processor.py:178} INFO - Processing /home/airflow/.local/lib/python3.7/site-packages/airflow/example_dags/example_complex.py took 0.370 seconds
[2024-04-20T05:39:52.511+0000] {processor.py:156} INFO - Started process (PID=3824) to work on /home/airflow/.local/lib/python3.7/site-packages/airflow/example_dags/example_complex.py
[2024-04-20T05:39:52.512+0000] {processor.py:758} INFO - Processing file /home/airflow/.local/lib/python3.7/site-packages/airflow/example_dags/example_complex.py for tasks to queue
[2024-04-20T05:39:52.512+0000] {logging_mixin.py:117} INFO - [2024-04-20T05:39:52.512+0000] {dagbag.py:525} INFO - Filling up the DagBag from /home/airflow/.local/lib/python3.7/site-packages/airflow/example_dags/example_complex.py
[2024-04-20T05:39:52.542+0000] {processor.py:768} INFO - DAG(s) dict_keys(['example_complex']) retrieved from /home/airflow/.local/lib/python3.7/site-packages/airflow/example_dags/example_complex.py
[2024-04-20T05:39:52.634+0000] {logging_mixin.py:117} INFO - [2024-04-20T05:39:52.634+0000] {dag.py:2573} INFO - Sync 1 DAGs
[2024-04-20T05:39:52.665+0000] {logging_mixin.py:117} INFO - [2024-04-20T05:39:52.665+0000] {dag.py:3328} INFO - Setting next_dagrun for example_complex to None, run_after=None
[2024-04-20T05:39:52.690+0000] {processor.py:178} INFO - Processing /home/airflow/.local/lib/python3.7/site-packages/airflow/example_dags/example_complex.py took 0.182 seconds
[2024-04-20T05:40:22.774+0000] {processor.py:156} INFO - Started process (PID=4043) to work on /home/airflow/.local/lib/python3.7/site-packages/airflow/example_dags/example_complex.py
[2024-04-20T05:40:22.775+0000] {processor.py:758} INFO - Processing file /home/airflow/.local/lib/python3.7/site-packages/airflow/example_dags/example_complex.py for tasks to queue
[2024-04-20T05:40:22.776+0000] {logging_mixin.py:117} INFO - [2024-04-20T05:40:22.776+0000] {dagbag.py:525} INFO - Filling up the DagBag from /home/airflow/.local/lib/python3.7/site-packages/airflow/example_dags/example_complex.py
[2024-04-20T05:40:22.804+0000] {processor.py:768} INFO - DAG(s) dict_keys(['example_complex']) retrieved from /home/airflow/.local/lib/python3.7/site-packages/airflow/example_dags/example_complex.py
[2024-04-20T05:40:22.881+0000] {logging_mixin.py:117} INFO - [2024-04-20T05:40:22.881+0000] {dag.py:2573} INFO - Sync 1 DAGs
[2024-04-20T05:40:22.934+0000] {logging_mixin.py:117} INFO - [2024-04-20T05:40:22.934+0000] {dag.py:3328} INFO - Setting next_dagrun for example_complex to None, run_after=None
[2024-04-20T05:40:22.976+0000] {processor.py:178} INFO - Processing /home/airflow/.local/lib/python3.7/site-packages/airflow/example_dags/example_complex.py took 0.205 seconds
[2024-04-20T05:40:53.416+0000] {processor.py:156} INFO - Started process (PID=4273) to work on /home/airflow/.local/lib/python3.7/site-packages/airflow/example_dags/example_complex.py
[2024-04-20T05:40:53.431+0000] {processor.py:758} INFO - Processing file /home/airflow/.local/lib/python3.7/site-packages/airflow/example_dags/example_complex.py for tasks to queue
[2024-04-20T05:40:53.432+0000] {logging_mixin.py:117} INFO - [2024-04-20T05:40:53.432+0000] {dagbag.py:525} INFO - Filling up the DagBag from /home/airflow/.local/lib/python3.7/site-packages/airflow/example_dags/example_complex.py
[2024-04-20T05:40:53.496+0000] {processor.py:768} INFO - DAG(s) dict_keys(['example_complex']) retrieved from /home/airflow/.local/lib/python3.7/site-packages/airflow/example_dags/example_complex.py
[2024-04-20T05:40:53.553+0000] {logging_mixin.py:117} INFO - [2024-04-20T05:40:53.553+0000] {dag.py:2573} INFO - Sync 1 DAGs
[2024-04-20T05:40:53.583+0000] {logging_mixin.py:117} INFO - [2024-04-20T05:40:53.583+0000] {dag.py:3328} INFO - Setting next_dagrun for example_complex to None, run_after=None
[2024-04-20T05:40:53.609+0000] {processor.py:178} INFO - Processing /home/airflow/.local/lib/python3.7/site-packages/airflow/example_dags/example_complex.py took 0.208 seconds
[2024-04-20T05:41:24.511+0000] {processor.py:156} INFO - Started process (PID=4507) to work on /home/airflow/.local/lib/python3.7/site-packages/airflow/example_dags/example_complex.py
[2024-04-20T05:41:24.512+0000] {processor.py:758} INFO - Processing file /home/airflow/.local/lib/python3.7/site-packages/airflow/example_dags/example_complex.py for tasks to queue
[2024-04-20T05:41:24.513+0000] {logging_mixin.py:117} INFO - [2024-04-20T05:41:24.513+0000] {dagbag.py:525} INFO - Filling up the DagBag from /home/airflow/.local/lib/python3.7/site-packages/airflow/example_dags/example_complex.py
[2024-04-20T05:41:24.541+0000] {processor.py:768} INFO - DAG(s) dict_keys(['example_complex']) retrieved from /home/airflow/.local/lib/python3.7/site-packages/airflow/example_dags/example_complex.py
[2024-04-20T05:41:24.600+0000] {logging_mixin.py:117} INFO - [2024-04-20T05:41:24.599+0000] {dag.py:2573} INFO - Sync 1 DAGs
[2024-04-20T05:41:24.628+0000] {logging_mixin.py:117} INFO - [2024-04-20T05:41:24.628+0000] {dag.py:3328} INFO - Setting next_dagrun for example_complex to None, run_after=None
[2024-04-20T05:41:24.654+0000] {processor.py:178} INFO - Processing /home/airflow/.local/lib/python3.7/site-packages/airflow/example_dags/example_complex.py took 0.147 seconds
[2024-04-20T05:41:55.264+0000] {processor.py:156} INFO - Started process (PID=4734) to work on /home/airflow/.local/lib/python3.7/site-packages/airflow/example_dags/example_complex.py
[2024-04-20T05:41:55.266+0000] {processor.py:758} INFO - Processing file /home/airflow/.local/lib/python3.7/site-packages/airflow/example_dags/example_complex.py for tasks to queue
[2024-04-20T05:41:55.274+0000] {logging_mixin.py:117} INFO - [2024-04-20T05:41:55.274+0000] {dagbag.py:525} INFO - Filling up the DagBag from /home/airflow/.local/lib/python3.7/site-packages/airflow/example_dags/example_complex.py
[2024-04-20T05:41:55.333+0000] {processor.py:768} INFO - DAG(s) dict_keys(['example_complex']) retrieved from /home/airflow/.local/lib/python3.7/site-packages/airflow/example_dags/example_complex.py
[2024-04-20T05:41:55.475+0000] {logging_mixin.py:117} INFO - [2024-04-20T05:41:55.475+0000] {dag.py:2573} INFO - Sync 1 DAGs
[2024-04-20T05:41:55.507+0000] {logging_mixin.py:117} INFO - [2024-04-20T05:41:55.507+0000] {dag.py:3328} INFO - Setting next_dagrun for example_complex to None, run_after=None
[2024-04-20T05:41:55.533+0000] {processor.py:178} INFO - Processing /home/airflow/.local/lib/python3.7/site-packages/airflow/example_dags/example_complex.py took 0.273 seconds
[2024-04-20T05:42:26.330+0000] {processor.py:156} INFO - Started process (PID=4989) to work on /home/airflow/.local/lib/python3.7/site-packages/airflow/example_dags/example_complex.py
[2024-04-20T05:42:26.331+0000] {processor.py:758} INFO - Processing file /home/airflow/.local/lib/python3.7/site-packages/airflow/example_dags/example_complex.py for tasks to queue
[2024-04-20T05:42:26.331+0000] {logging_mixin.py:117} INFO - [2024-04-20T05:42:26.331+0000] {dagbag.py:525} INFO - Filling up the DagBag from /home/airflow/.local/lib/python3.7/site-packages/airflow/example_dags/example_complex.py
[2024-04-20T05:42:26.363+0000] {processor.py:768} INFO - DAG(s) dict_keys(['example_complex']) retrieved from /home/airflow/.local/lib/python3.7/site-packages/airflow/example_dags/example_complex.py
[2024-04-20T05:42:26.518+0000] {logging_mixin.py:117} INFO - [2024-04-20T05:42:26.518+0000] {dag.py:2573} INFO - Sync 1 DAGs
[2024-04-20T05:42:26.606+0000] {logging_mixin.py:117} INFO - [2024-04-20T05:42:26.606+0000] {dag.py:3328} INFO - Setting next_dagrun for example_complex to None, run_after=None
[2024-04-20T05:42:26.629+0000] {processor.py:178} INFO - Processing /home/airflow/.local/lib/python3.7/site-packages/airflow/example_dags/example_complex.py took 0.303 seconds
[2024-04-20T05:42:57.029+0000] {processor.py:156} INFO - Started process (PID=5226) to work on /home/airflow/.local/lib/python3.7/site-packages/airflow/example_dags/example_complex.py
[2024-04-20T05:42:57.030+0000] {processor.py:758} INFO - Processing file /home/airflow/.local/lib/python3.7/site-packages/airflow/example_dags/example_complex.py for tasks to queue
[2024-04-20T05:42:57.030+0000] {logging_mixin.py:117} INFO - [2024-04-20T05:42:57.030+0000] {dagbag.py:525} INFO - Filling up the DagBag from /home/airflow/.local/lib/python3.7/site-packages/airflow/example_dags/example_complex.py
[2024-04-20T05:42:57.096+0000] {processor.py:768} INFO - DAG(s) dict_keys(['example_complex']) retrieved from /home/airflow/.local/lib/python3.7/site-packages/airflow/example_dags/example_complex.py
[2024-04-20T05:42:57.215+0000] {logging_mixin.py:117} INFO - [2024-04-20T05:42:57.214+0000] {dag.py:2573} INFO - Sync 1 DAGs
[2024-04-20T05:42:57.290+0000] {logging_mixin.py:117} INFO - [2024-04-20T05:42:57.290+0000] {dag.py:3328} INFO - Setting next_dagrun for example_complex to None, run_after=None
[2024-04-20T05:42:57.325+0000] {processor.py:178} INFO - Processing /home/airflow/.local/lib/python3.7/site-packages/airflow/example_dags/example_complex.py took 0.300 seconds
[2024-04-20T05:43:27.454+0000] {processor.py:156} INFO - Started process (PID=5498) to work on /home/airflow/.local/lib/python3.7/site-packages/airflow/example_dags/example_complex.py
[2024-04-20T05:43:27.455+0000] {processor.py:758} INFO - Processing file /home/airflow/.local/lib/python3.7/site-packages/airflow/example_dags/example_complex.py for tasks to queue
[2024-04-20T05:43:27.456+0000] {logging_mixin.py:117} INFO - [2024-04-20T05:43:27.456+0000] {dagbag.py:525} INFO - Filling up the DagBag from /home/airflow/.local/lib/python3.7/site-packages/airflow/example_dags/example_complex.py
[2024-04-20T05:43:27.515+0000] {processor.py:768} INFO - DAG(s) dict_keys(['example_complex']) retrieved from /home/airflow/.local/lib/python3.7/site-packages/airflow/example_dags/example_complex.py
[2024-04-20T05:43:27.592+0000] {logging_mixin.py:117} INFO - [2024-04-20T05:43:27.592+0000] {dag.py:2573} INFO - Sync 1 DAGs
[2024-04-20T05:43:27.658+0000] {logging_mixin.py:117} INFO - [2024-04-20T05:43:27.658+0000] {dag.py:3328} INFO - Setting next_dagrun for example_complex to None, run_after=None
[2024-04-20T05:43:27.706+0000] {processor.py:178} INFO - Processing /home/airflow/.local/lib/python3.7/site-packages/airflow/example_dags/example_complex.py took 0.256 seconds
[2024-04-20T05:43:58.824+0000] {processor.py:156} INFO - Started process (PID=5726) to work on /home/airflow/.local/lib/python3.7/site-packages/airflow/example_dags/example_complex.py
[2024-04-20T05:43:58.824+0000] {processor.py:758} INFO - Processing file /home/airflow/.local/lib/python3.7/site-packages/airflow/example_dags/example_complex.py for tasks to queue
[2024-04-20T05:43:58.825+0000] {logging_mixin.py:117} INFO - [2024-04-20T05:43:58.825+0000] {dagbag.py:525} INFO - Filling up the DagBag from /home/airflow/.local/lib/python3.7/site-packages/airflow/example_dags/example_complex.py
[2024-04-20T05:43:58.855+0000] {processor.py:768} INFO - DAG(s) dict_keys(['example_complex']) retrieved from /home/airflow/.local/lib/python3.7/site-packages/airflow/example_dags/example_complex.py
[2024-04-20T05:43:58.925+0000] {logging_mixin.py:117} INFO - [2024-04-20T05:43:58.925+0000] {dag.py:2573} INFO - Sync 1 DAGs
[2024-04-20T05:43:58.955+0000] {logging_mixin.py:117} INFO - [2024-04-20T05:43:58.955+0000] {dag.py:3328} INFO - Setting next_dagrun for example_complex to None, run_after=None
[2024-04-20T05:43:59.036+0000] {processor.py:178} INFO - Processing /home/airflow/.local/lib/python3.7/site-packages/airflow/example_dags/example_complex.py took 0.215 seconds
[2024-04-20T05:44:29.186+0000] {processor.py:156} INFO - Started process (PID=5966) to work on /home/airflow/.local/lib/python3.7/site-packages/airflow/example_dags/example_complex.py
[2024-04-20T05:44:29.187+0000] {processor.py:758} INFO - Processing file /home/airflow/.local/lib/python3.7/site-packages/airflow/example_dags/example_complex.py for tasks to queue
[2024-04-20T05:44:29.187+0000] {logging_mixin.py:117} INFO - [2024-04-20T05:44:29.187+0000] {dagbag.py:525} INFO - Filling up the DagBag from /home/airflow/.local/lib/python3.7/site-packages/airflow/example_dags/example_complex.py
[2024-04-20T05:44:29.206+0000] {processor.py:768} INFO - DAG(s) dict_keys(['example_complex']) retrieved from /home/airflow/.local/lib/python3.7/site-packages/airflow/example_dags/example_complex.py
[2024-04-20T05:44:29.250+0000] {logging_mixin.py:117} INFO - [2024-04-20T05:44:29.250+0000] {dag.py:2573} INFO - Sync 1 DAGs
[2024-04-20T05:44:29.272+0000] {logging_mixin.py:117} INFO - [2024-04-20T05:44:29.272+0000] {dag.py:3328} INFO - Setting next_dagrun for example_complex to None, run_after=None
[2024-04-20T05:44:29.292+0000] {processor.py:178} INFO - Processing /home/airflow/.local/lib/python3.7/site-packages/airflow/example_dags/example_complex.py took 0.109 seconds
[2024-04-20T05:44:59.372+0000] {processor.py:156} INFO - Started process (PID=6234) to work on /home/airflow/.local/lib/python3.7/site-packages/airflow/example_dags/example_complex.py
[2024-04-20T05:44:59.372+0000] {processor.py:758} INFO - Processing file /home/airflow/.local/lib/python3.7/site-packages/airflow/example_dags/example_complex.py for tasks to queue
[2024-04-20T05:44:59.373+0000] {logging_mixin.py:117} INFO - [2024-04-20T05:44:59.373+0000] {dagbag.py:525} INFO - Filling up the DagBag from /home/airflow/.local/lib/python3.7/site-packages/airflow/example_dags/example_complex.py
[2024-04-20T05:44:59.392+0000] {processor.py:768} INFO - DAG(s) dict_keys(['example_complex']) retrieved from /home/airflow/.local/lib/python3.7/site-packages/airflow/example_dags/example_complex.py
[2024-04-20T05:44:59.454+0000] {logging_mixin.py:117} INFO - [2024-04-20T05:44:59.454+0000] {dag.py:2573} INFO - Sync 1 DAGs
[2024-04-20T05:44:59.486+0000] {logging_mixin.py:117} INFO - [2024-04-20T05:44:59.486+0000] {dag.py:3328} INFO - Setting next_dagrun for example_complex to None, run_after=None
[2024-04-20T05:44:59.511+0000] {processor.py:178} INFO - Processing /home/airflow/.local/lib/python3.7/site-packages/airflow/example_dags/example_complex.py took 0.141 seconds
[2024-04-20T05:45:29.799+0000] {processor.py:156} INFO - Started process (PID=6491) to work on /home/airflow/.local/lib/python3.7/site-packages/airflow/example_dags/example_complex.py
[2024-04-20T05:45:29.799+0000] {processor.py:758} INFO - Processing file /home/airflow/.local/lib/python3.7/site-packages/airflow/example_dags/example_complex.py for tasks to queue
[2024-04-20T05:45:29.800+0000] {logging_mixin.py:117} INFO - [2024-04-20T05:45:29.800+0000] {dagbag.py:525} INFO - Filling up the DagBag from /home/airflow/.local/lib/python3.7/site-packages/airflow/example_dags/example_complex.py
[2024-04-20T05:45:29.827+0000] {processor.py:768} INFO - DAG(s) dict_keys(['example_complex']) retrieved from /home/airflow/.local/lib/python3.7/site-packages/airflow/example_dags/example_complex.py
[2024-04-20T05:45:29.879+0000] {logging_mixin.py:117} INFO - [2024-04-20T05:45:29.879+0000] {dag.py:2573} INFO - Sync 1 DAGs
[2024-04-20T05:45:29.900+0000] {logging_mixin.py:117} INFO - [2024-04-20T05:45:29.899+0000] {dag.py:3328} INFO - Setting next_dagrun for example_complex to None, run_after=None
[2024-04-20T05:45:29.919+0000] {processor.py:178} INFO - Processing /home/airflow/.local/lib/python3.7/site-packages/airflow/example_dags/example_complex.py took 0.122 seconds
[2024-04-20T05:46:00.046+0000] {processor.py:156} INFO - Started process (PID=6768) to work on /home/airflow/.local/lib/python3.7/site-packages/airflow/example_dags/example_complex.py
[2024-04-20T05:46:00.047+0000] {processor.py:758} INFO - Processing file /home/airflow/.local/lib/python3.7/site-packages/airflow/example_dags/example_complex.py for tasks to queue
[2024-04-20T05:46:00.048+0000] {logging_mixin.py:117} INFO - [2024-04-20T05:46:00.048+0000] {dagbag.py:525} INFO - Filling up the DagBag from /home/airflow/.local/lib/python3.7/site-packages/airflow/example_dags/example_complex.py
[2024-04-20T05:46:00.077+0000] {processor.py:768} INFO - DAG(s) dict_keys(['example_complex']) retrieved from /home/airflow/.local/lib/python3.7/site-packages/airflow/example_dags/example_complex.py
[2024-04-20T05:46:00.140+0000] {logging_mixin.py:117} INFO - [2024-04-20T05:46:00.140+0000] {dag.py:2573} INFO - Sync 1 DAGs
[2024-04-20T05:46:00.172+0000] {logging_mixin.py:117} INFO - [2024-04-20T05:46:00.172+0000] {dag.py:3328} INFO - Setting next_dagrun for example_complex to None, run_after=None
[2024-04-20T05:46:00.208+0000] {processor.py:178} INFO - Processing /home/airflow/.local/lib/python3.7/site-packages/airflow/example_dags/example_complex.py took 0.165 seconds
[2024-04-20T05:46:30.883+0000] {processor.py:156} INFO - Started process (PID=7007) to work on /home/airflow/.local/lib/python3.7/site-packages/airflow/example_dags/example_complex.py
[2024-04-20T05:46:30.884+0000] {processor.py:758} INFO - Processing file /home/airflow/.local/lib/python3.7/site-packages/airflow/example_dags/example_complex.py for tasks to queue
[2024-04-20T05:46:30.884+0000] {logging_mixin.py:117} INFO - [2024-04-20T05:46:30.884+0000] {dagbag.py:525} INFO - Filling up the DagBag from /home/airflow/.local/lib/python3.7/site-packages/airflow/example_dags/example_complex.py
[2024-04-20T05:46:30.902+0000] {processor.py:768} INFO - DAG(s) dict_keys(['example_complex']) retrieved from /home/airflow/.local/lib/python3.7/site-packages/airflow/example_dags/example_complex.py
[2024-04-20T05:46:30.941+0000] {logging_mixin.py:117} INFO - [2024-04-20T05:46:30.941+0000] {dag.py:2573} INFO - Sync 1 DAGs
[2024-04-20T05:46:30.962+0000] {logging_mixin.py:117} INFO - [2024-04-20T05:46:30.962+0000] {dag.py:3328} INFO - Setting next_dagrun for example_complex to None, run_after=None
[2024-04-20T05:46:30.980+0000] {processor.py:178} INFO - Processing /home/airflow/.local/lib/python3.7/site-packages/airflow/example_dags/example_complex.py took 0.099 seconds
[2024-04-20T05:47:01.440+0000] {processor.py:156} INFO - Started process (PID=7260) to work on /home/airflow/.local/lib/python3.7/site-packages/airflow/example_dags/example_complex.py
[2024-04-20T05:47:01.441+0000] {processor.py:758} INFO - Processing file /home/airflow/.local/lib/python3.7/site-packages/airflow/example_dags/example_complex.py for tasks to queue
[2024-04-20T05:47:01.441+0000] {logging_mixin.py:117} INFO - [2024-04-20T05:47:01.441+0000] {dagbag.py:525} INFO - Filling up the DagBag from /home/airflow/.local/lib/python3.7/site-packages/airflow/example_dags/example_complex.py
[2024-04-20T05:47:01.464+0000] {processor.py:768} INFO - DAG(s) dict_keys(['example_complex']) retrieved from /home/airflow/.local/lib/python3.7/site-packages/airflow/example_dags/example_complex.py
[2024-04-20T05:47:01.503+0000] {logging_mixin.py:117} INFO - [2024-04-20T05:47:01.503+0000] {dag.py:2573} INFO - Sync 1 DAGs
[2024-04-20T05:47:01.523+0000] {logging_mixin.py:117} INFO - [2024-04-20T05:47:01.522+0000] {dag.py:3328} INFO - Setting next_dagrun for example_complex to None, run_after=None
[2024-04-20T05:47:01.542+0000] {processor.py:178} INFO - Processing /home/airflow/.local/lib/python3.7/site-packages/airflow/example_dags/example_complex.py took 0.105 seconds
[2024-04-20T05:47:31.609+0000] {processor.py:156} INFO - Started process (PID=7511) to work on /home/airflow/.local/lib/python3.7/site-packages/airflow/example_dags/example_complex.py
[2024-04-20T05:47:31.610+0000] {processor.py:758} INFO - Processing file /home/airflow/.local/lib/python3.7/site-packages/airflow/example_dags/example_complex.py for tasks to queue
[2024-04-20T05:47:31.612+0000] {logging_mixin.py:117} INFO - [2024-04-20T05:47:31.612+0000] {dagbag.py:525} INFO - Filling up the DagBag from /home/airflow/.local/lib/python3.7/site-packages/airflow/example_dags/example_complex.py
[2024-04-20T05:47:31.663+0000] {processor.py:768} INFO - DAG(s) dict_keys(['example_complex']) retrieved from /home/airflow/.local/lib/python3.7/site-packages/airflow/example_dags/example_complex.py
[2024-04-20T05:47:31.742+0000] {logging_mixin.py:117} INFO - [2024-04-20T05:47:31.741+0000] {dag.py:2573} INFO - Sync 1 DAGs
[2024-04-20T05:47:31.771+0000] {logging_mixin.py:117} INFO - [2024-04-20T05:47:31.771+0000] {dag.py:3328} INFO - Setting next_dagrun for example_complex to None, run_after=None
[2024-04-20T05:47:31.794+0000] {processor.py:178} INFO - Processing /home/airflow/.local/lib/python3.7/site-packages/airflow/example_dags/example_complex.py took 0.190 seconds
[2024-04-20T05:48:01.961+0000] {processor.py:156} INFO - Started process (PID=7762) to work on /home/airflow/.local/lib/python3.7/site-packages/airflow/example_dags/example_complex.py
[2024-04-20T05:48:01.962+0000] {processor.py:758} INFO - Processing file /home/airflow/.local/lib/python3.7/site-packages/airflow/example_dags/example_complex.py for tasks to queue
[2024-04-20T05:48:01.962+0000] {logging_mixin.py:117} INFO - [2024-04-20T05:48:01.962+0000] {dagbag.py:525} INFO - Filling up the DagBag from /home/airflow/.local/lib/python3.7/site-packages/airflow/example_dags/example_complex.py
[2024-04-20T05:48:01.981+0000] {processor.py:768} INFO - DAG(s) dict_keys(['example_complex']) retrieved from /home/airflow/.local/lib/python3.7/site-packages/airflow/example_dags/example_complex.py
[2024-04-20T05:48:02.021+0000] {logging_mixin.py:117} INFO - [2024-04-20T05:48:02.021+0000] {dag.py:2573} INFO - Sync 1 DAGs
[2024-04-20T05:48:02.044+0000] {logging_mixin.py:117} INFO - [2024-04-20T05:48:02.044+0000] {dag.py:3328} INFO - Setting next_dagrun for example_complex to None, run_after=None
[2024-04-20T05:48:02.063+0000] {processor.py:178} INFO - Processing /home/airflow/.local/lib/python3.7/site-packages/airflow/example_dags/example_complex.py took 0.105 seconds
[2024-04-20T05:48:32.860+0000] {processor.py:156} INFO - Started process (PID=8005) to work on /home/airflow/.local/lib/python3.7/site-packages/airflow/example_dags/example_complex.py
[2024-04-20T05:48:32.861+0000] {processor.py:758} INFO - Processing file /home/airflow/.local/lib/python3.7/site-packages/airflow/example_dags/example_complex.py for tasks to queue
[2024-04-20T05:48:32.861+0000] {logging_mixin.py:117} INFO - [2024-04-20T05:48:32.861+0000] {dagbag.py:525} INFO - Filling up the DagBag from /home/airflow/.local/lib/python3.7/site-packages/airflow/example_dags/example_complex.py
[2024-04-20T05:48:32.879+0000] {processor.py:768} INFO - DAG(s) dict_keys(['example_complex']) retrieved from /home/airflow/.local/lib/python3.7/site-packages/airflow/example_dags/example_complex.py
[2024-04-20T05:48:32.917+0000] {logging_mixin.py:117} INFO - [2024-04-20T05:48:32.917+0000] {dag.py:2573} INFO - Sync 1 DAGs
[2024-04-20T05:48:32.939+0000] {logging_mixin.py:117} INFO - [2024-04-20T05:48:32.939+0000] {dag.py:3328} INFO - Setting next_dagrun for example_complex to None, run_after=None
[2024-04-20T05:48:32.960+0000] {processor.py:178} INFO - Processing /home/airflow/.local/lib/python3.7/site-packages/airflow/example_dags/example_complex.py took 0.103 seconds
[2024-04-20T05:49:03.059+0000] {processor.py:156} INFO - Started process (PID=8234) to work on /home/airflow/.local/lib/python3.7/site-packages/airflow/example_dags/example_complex.py
[2024-04-20T05:49:03.059+0000] {processor.py:758} INFO - Processing file /home/airflow/.local/lib/python3.7/site-packages/airflow/example_dags/example_complex.py for tasks to queue
[2024-04-20T05:49:03.060+0000] {logging_mixin.py:117} INFO - [2024-04-20T05:49:03.059+0000] {dagbag.py:525} INFO - Filling up the DagBag from /home/airflow/.local/lib/python3.7/site-packages/airflow/example_dags/example_complex.py
[2024-04-20T05:49:03.078+0000] {processor.py:768} INFO - DAG(s) dict_keys(['example_complex']) retrieved from /home/airflow/.local/lib/python3.7/site-packages/airflow/example_dags/example_complex.py
[2024-04-20T05:49:03.129+0000] {logging_mixin.py:117} INFO - [2024-04-20T05:49:03.129+0000] {dag.py:2573} INFO - Sync 1 DAGs
[2024-04-20T05:49:03.181+0000] {logging_mixin.py:117} INFO - [2024-04-20T05:49:03.180+0000] {dag.py:3328} INFO - Setting next_dagrun for example_complex to None, run_after=None
[2024-04-20T05:49:03.223+0000] {processor.py:178} INFO - Processing /home/airflow/.local/lib/python3.7/site-packages/airflow/example_dags/example_complex.py took 0.167 seconds
[2024-04-20T05:49:34.117+0000] {processor.py:156} INFO - Started process (PID=8463) to work on /home/airflow/.local/lib/python3.7/site-packages/airflow/example_dags/example_complex.py
[2024-04-20T05:49:34.117+0000] {processor.py:758} INFO - Processing file /home/airflow/.local/lib/python3.7/site-packages/airflow/example_dags/example_complex.py for tasks to queue
[2024-04-20T05:49:34.118+0000] {logging_mixin.py:117} INFO - [2024-04-20T05:49:34.118+0000] {dagbag.py:525} INFO - Filling up the DagBag from /home/airflow/.local/lib/python3.7/site-packages/airflow/example_dags/example_complex.py
[2024-04-20T05:49:34.147+0000] {processor.py:768} INFO - DAG(s) dict_keys(['example_complex']) retrieved from /home/airflow/.local/lib/python3.7/site-packages/airflow/example_dags/example_complex.py
[2024-04-20T05:49:34.217+0000] {logging_mixin.py:117} INFO - [2024-04-20T05:49:34.216+0000] {dag.py:2573} INFO - Sync 1 DAGs
[2024-04-20T05:49:34.247+0000] {logging_mixin.py:117} INFO - [2024-04-20T05:49:34.247+0000] {dag.py:3328} INFO - Setting next_dagrun for example_complex to None, run_after=None
[2024-04-20T05:49:34.277+0000] {processor.py:178} INFO - Processing /home/airflow/.local/lib/python3.7/site-packages/airflow/example_dags/example_complex.py took 0.164 seconds
[2024-04-20T05:50:04.924+0000] {processor.py:156} INFO - Started process (PID=8723) to work on /home/airflow/.local/lib/python3.7/site-packages/airflow/example_dags/example_complex.py
[2024-04-20T05:50:04.924+0000] {processor.py:758} INFO - Processing file /home/airflow/.local/lib/python3.7/site-packages/airflow/example_dags/example_complex.py for tasks to queue
[2024-04-20T05:50:04.925+0000] {logging_mixin.py:117} INFO - [2024-04-20T05:50:04.925+0000] {dagbag.py:525} INFO - Filling up the DagBag from /home/airflow/.local/lib/python3.7/site-packages/airflow/example_dags/example_complex.py
[2024-04-20T05:50:04.945+0000] {processor.py:768} INFO - DAG(s) dict_keys(['example_complex']) retrieved from /home/airflow/.local/lib/python3.7/site-packages/airflow/example_dags/example_complex.py
[2024-04-20T05:50:04.981+0000] {logging_mixin.py:117} INFO - [2024-04-20T05:50:04.981+0000] {dag.py:2573} INFO - Sync 1 DAGs
[2024-04-20T05:50:05.002+0000] {logging_mixin.py:117} INFO - [2024-04-20T05:50:05.002+0000] {dag.py:3328} INFO - Setting next_dagrun for example_complex to None, run_after=None
[2024-04-20T05:50:05.023+0000] {processor.py:178} INFO - Processing /home/airflow/.local/lib/python3.7/site-packages/airflow/example_dags/example_complex.py took 0.101 seconds
[2024-04-20T05:50:35.561+0000] {processor.py:156} INFO - Started process (PID=8951) to work on /home/airflow/.local/lib/python3.7/site-packages/airflow/example_dags/example_complex.py
[2024-04-20T05:50:35.570+0000] {processor.py:758} INFO - Processing file /home/airflow/.local/lib/python3.7/site-packages/airflow/example_dags/example_complex.py for tasks to queue
[2024-04-20T05:50:35.571+0000] {logging_mixin.py:117} INFO - [2024-04-20T05:50:35.571+0000] {dagbag.py:525} INFO - Filling up the DagBag from /home/airflow/.local/lib/python3.7/site-packages/airflow/example_dags/example_complex.py
[2024-04-20T05:50:35.616+0000] {processor.py:768} INFO - DAG(s) dict_keys(['example_complex']) retrieved from /home/airflow/.local/lib/python3.7/site-packages/airflow/example_dags/example_complex.py
[2024-04-20T05:50:35.678+0000] {logging_mixin.py:117} INFO - [2024-04-20T05:50:35.678+0000] {dag.py:2573} INFO - Sync 1 DAGs
[2024-04-20T05:50:35.710+0000] {logging_mixin.py:117} INFO - [2024-04-20T05:50:35.709+0000] {dag.py:3328} INFO - Setting next_dagrun for example_complex to None, run_after=None
[2024-04-20T05:50:35.750+0000] {processor.py:178} INFO - Processing /home/airflow/.local/lib/python3.7/site-packages/airflow/example_dags/example_complex.py took 0.192 seconds
[2024-04-20T05:51:05.903+0000] {processor.py:156} INFO - Started process (PID=9171) to work on /home/airflow/.local/lib/python3.7/site-packages/airflow/example_dags/example_complex.py
[2024-04-20T05:51:05.903+0000] {processor.py:758} INFO - Processing file /home/airflow/.local/lib/python3.7/site-packages/airflow/example_dags/example_complex.py for tasks to queue
[2024-04-20T05:51:05.904+0000] {logging_mixin.py:117} INFO - [2024-04-20T05:51:05.904+0000] {dagbag.py:525} INFO - Filling up the DagBag from /home/airflow/.local/lib/python3.7/site-packages/airflow/example_dags/example_complex.py
[2024-04-20T05:51:05.932+0000] {processor.py:768} INFO - DAG(s) dict_keys(['example_complex']) retrieved from /home/airflow/.local/lib/python3.7/site-packages/airflow/example_dags/example_complex.py
[2024-04-20T05:51:05.990+0000] {logging_mixin.py:117} INFO - [2024-04-20T05:51:05.990+0000] {dag.py:2573} INFO - Sync 1 DAGs
[2024-04-20T05:51:06.020+0000] {logging_mixin.py:117} INFO - [2024-04-20T05:51:06.020+0000] {dag.py:3328} INFO - Setting next_dagrun for example_complex to None, run_after=None
[2024-04-20T05:51:06.044+0000] {processor.py:178} INFO - Processing /home/airflow/.local/lib/python3.7/site-packages/airflow/example_dags/example_complex.py took 0.144 seconds
[2024-04-20T05:51:36.261+0000] {processor.py:156} INFO - Started process (PID=9404) to work on /home/airflow/.local/lib/python3.7/site-packages/airflow/example_dags/example_complex.py
[2024-04-20T05:51:36.262+0000] {processor.py:758} INFO - Processing file /home/airflow/.local/lib/python3.7/site-packages/airflow/example_dags/example_complex.py for tasks to queue
[2024-04-20T05:51:36.262+0000] {logging_mixin.py:117} INFO - [2024-04-20T05:51:36.262+0000] {dagbag.py:525} INFO - Filling up the DagBag from /home/airflow/.local/lib/python3.7/site-packages/airflow/example_dags/example_complex.py
[2024-04-20T05:51:36.281+0000] {processor.py:768} INFO - DAG(s) dict_keys(['example_complex']) retrieved from /home/airflow/.local/lib/python3.7/site-packages/airflow/example_dags/example_complex.py
[2024-04-20T05:51:36.318+0000] {logging_mixin.py:117} INFO - [2024-04-20T05:51:36.318+0000] {dag.py:2573} INFO - Sync 1 DAGs
[2024-04-20T05:51:36.338+0000] {logging_mixin.py:117} INFO - [2024-04-20T05:51:36.338+0000] {dag.py:3328} INFO - Setting next_dagrun for example_complex to None, run_after=None
[2024-04-20T05:51:36.357+0000] {processor.py:178} INFO - Processing /home/airflow/.local/lib/python3.7/site-packages/airflow/example_dags/example_complex.py took 0.098 seconds
[2024-04-20T05:52:07.257+0000] {processor.py:156} INFO - Started process (PID=9632) to work on /home/airflow/.local/lib/python3.7/site-packages/airflow/example_dags/example_complex.py
[2024-04-20T05:52:07.257+0000] {processor.py:758} INFO - Processing file /home/airflow/.local/lib/python3.7/site-packages/airflow/example_dags/example_complex.py for tasks to queue
[2024-04-20T05:52:07.258+0000] {logging_mixin.py:117} INFO - [2024-04-20T05:52:07.258+0000] {dagbag.py:525} INFO - Filling up the DagBag from /home/airflow/.local/lib/python3.7/site-packages/airflow/example_dags/example_complex.py
[2024-04-20T05:52:07.291+0000] {processor.py:768} INFO - DAG(s) dict_keys(['example_complex']) retrieved from /home/airflow/.local/lib/python3.7/site-packages/airflow/example_dags/example_complex.py
[2024-04-20T05:52:07.378+0000] {logging_mixin.py:117} INFO - [2024-04-20T05:52:07.378+0000] {dag.py:2573} INFO - Sync 1 DAGs
[2024-04-20T05:52:07.421+0000] {logging_mixin.py:117} INFO - [2024-04-20T05:52:07.420+0000] {dag.py:3328} INFO - Setting next_dagrun for example_complex to None, run_after=None
[2024-04-20T05:52:07.446+0000] {processor.py:178} INFO - Processing /home/airflow/.local/lib/python3.7/site-packages/airflow/example_dags/example_complex.py took 0.192 seconds
[2024-04-20T05:52:37.662+0000] {processor.py:156} INFO - Started process (PID=9852) to work on /home/airflow/.local/lib/python3.7/site-packages/airflow/example_dags/example_complex.py
[2024-04-20T05:52:37.663+0000] {processor.py:758} INFO - Processing file /home/airflow/.local/lib/python3.7/site-packages/airflow/example_dags/example_complex.py for tasks to queue
[2024-04-20T05:52:37.663+0000] {logging_mixin.py:117} INFO - [2024-04-20T05:52:37.663+0000] {dagbag.py:525} INFO - Filling up the DagBag from /home/airflow/.local/lib/python3.7/site-packages/airflow/example_dags/example_complex.py
[2024-04-20T05:52:37.732+0000] {processor.py:768} INFO - DAG(s) dict_keys(['example_complex']) retrieved from /home/airflow/.local/lib/python3.7/site-packages/airflow/example_dags/example_complex.py
[2024-04-20T05:52:37.844+0000] {logging_mixin.py:117} INFO - [2024-04-20T05:52:37.844+0000] {dag.py:2573} INFO - Sync 1 DAGs
[2024-04-20T05:52:37.865+0000] {logging_mixin.py:117} INFO - [2024-04-20T05:52:37.864+0000] {dag.py:3328} INFO - Setting next_dagrun for example_complex to None, run_after=None
[2024-04-20T05:52:37.883+0000] {processor.py:178} INFO - Processing /home/airflow/.local/lib/python3.7/site-packages/airflow/example_dags/example_complex.py took 0.230 seconds
[2024-04-20T05:53:08.285+0000] {processor.py:156} INFO - Started process (PID=10088) to work on /home/airflow/.local/lib/python3.7/site-packages/airflow/example_dags/example_complex.py
[2024-04-20T05:53:08.286+0000] {processor.py:758} INFO - Processing file /home/airflow/.local/lib/python3.7/site-packages/airflow/example_dags/example_complex.py for tasks to queue
[2024-04-20T05:53:08.287+0000] {logging_mixin.py:117} INFO - [2024-04-20T05:53:08.286+0000] {dagbag.py:525} INFO - Filling up the DagBag from /home/airflow/.local/lib/python3.7/site-packages/airflow/example_dags/example_complex.py
[2024-04-20T05:53:08.316+0000] {processor.py:768} INFO - DAG(s) dict_keys(['example_complex']) retrieved from /home/airflow/.local/lib/python3.7/site-packages/airflow/example_dags/example_complex.py
[2024-04-20T05:53:08.412+0000] {logging_mixin.py:117} INFO - [2024-04-20T05:53:08.411+0000] {dag.py:2573} INFO - Sync 1 DAGs
[2024-04-20T05:53:08.472+0000] {logging_mixin.py:117} INFO - [2024-04-20T05:53:08.472+0000] {dag.py:3328} INFO - Setting next_dagrun for example_complex to None, run_after=None
[2024-04-20T05:53:08.512+0000] {processor.py:178} INFO - Processing /home/airflow/.local/lib/python3.7/site-packages/airflow/example_dags/example_complex.py took 0.230 seconds
[2024-04-20T05:53:38.754+0000] {processor.py:156} INFO - Started process (PID=10308) to work on /home/airflow/.local/lib/python3.7/site-packages/airflow/example_dags/example_complex.py
[2024-04-20T05:53:38.754+0000] {processor.py:758} INFO - Processing file /home/airflow/.local/lib/python3.7/site-packages/airflow/example_dags/example_complex.py for tasks to queue
[2024-04-20T05:53:38.755+0000] {logging_mixin.py:117} INFO - [2024-04-20T05:53:38.754+0000] {dagbag.py:525} INFO - Filling up the DagBag from /home/airflow/.local/lib/python3.7/site-packages/airflow/example_dags/example_complex.py
[2024-04-20T05:53:38.773+0000] {processor.py:768} INFO - DAG(s) dict_keys(['example_complex']) retrieved from /home/airflow/.local/lib/python3.7/site-packages/airflow/example_dags/example_complex.py
[2024-04-20T05:53:38.814+0000] {logging_mixin.py:117} INFO - [2024-04-20T05:53:38.813+0000] {dag.py:2573} INFO - Sync 1 DAGs
[2024-04-20T05:53:38.835+0000] {logging_mixin.py:117} INFO - [2024-04-20T05:53:38.834+0000] {dag.py:3328} INFO - Setting next_dagrun for example_complex to None, run_after=None
[2024-04-20T05:53:38.855+0000] {processor.py:178} INFO - Processing /home/airflow/.local/lib/python3.7/site-packages/airflow/example_dags/example_complex.py took 0.104 seconds
[2024-04-20T05:54:09.282+0000] {processor.py:156} INFO - Started process (PID=10545) to work on /home/airflow/.local/lib/python3.7/site-packages/airflow/example_dags/example_complex.py
[2024-04-20T05:54:09.283+0000] {processor.py:758} INFO - Processing file /home/airflow/.local/lib/python3.7/site-packages/airflow/example_dags/example_complex.py for tasks to queue
[2024-04-20T05:54:09.283+0000] {logging_mixin.py:117} INFO - [2024-04-20T05:54:09.283+0000] {dagbag.py:525} INFO - Filling up the DagBag from /home/airflow/.local/lib/python3.7/site-packages/airflow/example_dags/example_complex.py
[2024-04-20T05:54:09.302+0000] {processor.py:768} INFO - DAG(s) dict_keys(['example_complex']) retrieved from /home/airflow/.local/lib/python3.7/site-packages/airflow/example_dags/example_complex.py
[2024-04-20T05:54:09.341+0000] {logging_mixin.py:117} INFO - [2024-04-20T05:54:09.340+0000] {dag.py:2573} INFO - Sync 1 DAGs
[2024-04-20T05:54:09.360+0000] {logging_mixin.py:117} INFO - [2024-04-20T05:54:09.360+0000] {dag.py:3328} INFO - Setting next_dagrun for example_complex to None, run_after=None
[2024-04-20T05:54:09.378+0000] {processor.py:178} INFO - Processing /home/airflow/.local/lib/python3.7/site-packages/airflow/example_dags/example_complex.py took 0.099 seconds
[2024-04-20T05:54:39.785+0000] {processor.py:156} INFO - Started process (PID=10778) to work on /home/airflow/.local/lib/python3.7/site-packages/airflow/example_dags/example_complex.py
[2024-04-20T05:54:39.785+0000] {processor.py:758} INFO - Processing file /home/airflow/.local/lib/python3.7/site-packages/airflow/example_dags/example_complex.py for tasks to queue
[2024-04-20T05:54:39.786+0000] {logging_mixin.py:117} INFO - [2024-04-20T05:54:39.786+0000] {dagbag.py:525} INFO - Filling up the DagBag from /home/airflow/.local/lib/python3.7/site-packages/airflow/example_dags/example_complex.py
[2024-04-20T05:54:39.814+0000] {processor.py:768} INFO - DAG(s) dict_keys(['example_complex']) retrieved from /home/airflow/.local/lib/python3.7/site-packages/airflow/example_dags/example_complex.py
[2024-04-20T05:54:39.872+0000] {logging_mixin.py:117} INFO - [2024-04-20T05:54:39.872+0000] {dag.py:2573} INFO - Sync 1 DAGs
[2024-04-20T05:54:39.902+0000] {logging_mixin.py:117} INFO - [2024-04-20T05:54:39.902+0000] {dag.py:3328} INFO - Setting next_dagrun for example_complex to None, run_after=None
[2024-04-20T05:54:39.929+0000] {processor.py:178} INFO - Processing /home/airflow/.local/lib/python3.7/site-packages/airflow/example_dags/example_complex.py took 0.148 seconds
[2024-04-20T05:55:10.762+0000] {processor.py:156} INFO - Started process (PID=10997) to work on /home/airflow/.local/lib/python3.7/site-packages/airflow/example_dags/example_complex.py
[2024-04-20T05:55:10.763+0000] {processor.py:758} INFO - Processing file /home/airflow/.local/lib/python3.7/site-packages/airflow/example_dags/example_complex.py for tasks to queue
[2024-04-20T05:55:10.763+0000] {logging_mixin.py:117} INFO - [2024-04-20T05:55:10.763+0000] {dagbag.py:525} INFO - Filling up the DagBag from /home/airflow/.local/lib/python3.7/site-packages/airflow/example_dags/example_complex.py
[2024-04-20T05:55:10.783+0000] {processor.py:768} INFO - DAG(s) dict_keys(['example_complex']) retrieved from /home/airflow/.local/lib/python3.7/site-packages/airflow/example_dags/example_complex.py
[2024-04-20T05:55:10.825+0000] {logging_mixin.py:117} INFO - [2024-04-20T05:55:10.825+0000] {dag.py:2573} INFO - Sync 1 DAGs
[2024-04-20T05:55:10.845+0000] {logging_mixin.py:117} INFO - [2024-04-20T05:55:10.845+0000] {dag.py:3328} INFO - Setting next_dagrun for example_complex to None, run_after=None
[2024-04-20T05:55:10.867+0000] {processor.py:178} INFO - Processing /home/airflow/.local/lib/python3.7/site-packages/airflow/example_dags/example_complex.py took 0.107 seconds
[2024-04-20T05:55:41.425+0000] {processor.py:156} INFO - Started process (PID=11226) to work on /home/airflow/.local/lib/python3.7/site-packages/airflow/example_dags/example_complex.py
[2024-04-20T05:55:41.425+0000] {processor.py:758} INFO - Processing file /home/airflow/.local/lib/python3.7/site-packages/airflow/example_dags/example_complex.py for tasks to queue
[2024-04-20T05:55:41.426+0000] {logging_mixin.py:117} INFO - [2024-04-20T05:55:41.426+0000] {dagbag.py:525} INFO - Filling up the DagBag from /home/airflow/.local/lib/python3.7/site-packages/airflow/example_dags/example_complex.py
[2024-04-20T05:55:41.444+0000] {processor.py:768} INFO - DAG(s) dict_keys(['example_complex']) retrieved from /home/airflow/.local/lib/python3.7/site-packages/airflow/example_dags/example_complex.py
[2024-04-20T05:55:41.483+0000] {logging_mixin.py:117} INFO - [2024-04-20T05:55:41.483+0000] {dag.py:2573} INFO - Sync 1 DAGs
[2024-04-20T05:55:41.503+0000] {logging_mixin.py:117} INFO - [2024-04-20T05:55:41.502+0000] {dag.py:3328} INFO - Setting next_dagrun for example_complex to None, run_after=None
[2024-04-20T05:55:41.524+0000] {processor.py:178} INFO - Processing /home/airflow/.local/lib/python3.7/site-packages/airflow/example_dags/example_complex.py took 0.101 seconds
[2024-04-20T05:56:37.260+0000] {processor.py:156} INFO - Started process (PID=216) to work on /home/airflow/.local/lib/python3.7/site-packages/airflow/example_dags/example_complex.py
[2024-04-20T05:56:37.261+0000] {processor.py:758} INFO - Processing file /home/airflow/.local/lib/python3.7/site-packages/airflow/example_dags/example_complex.py for tasks to queue
[2024-04-20T05:56:37.262+0000] {logging_mixin.py:117} INFO - [2024-04-20T05:56:37.262+0000] {dagbag.py:525} INFO - Filling up the DagBag from /home/airflow/.local/lib/python3.7/site-packages/airflow/example_dags/example_complex.py
[2024-04-20T05:56:37.324+0000] {processor.py:768} INFO - DAG(s) dict_keys(['example_complex']) retrieved from /home/airflow/.local/lib/python3.7/site-packages/airflow/example_dags/example_complex.py
[2024-04-20T05:56:37.390+0000] {logging_mixin.py:117} INFO - [2024-04-20T05:56:37.390+0000] {dag.py:2573} INFO - Sync 1 DAGs
[2024-04-20T05:56:37.459+0000] {logging_mixin.py:117} INFO - [2024-04-20T05:56:37.458+0000] {dag.py:3328} INFO - Setting next_dagrun for example_complex to None, run_after=None
[2024-04-20T05:56:37.526+0000] {processor.py:178} INFO - Processing /home/airflow/.local/lib/python3.7/site-packages/airflow/example_dags/example_complex.py took 0.269 seconds
[2024-04-20T05:57:08.356+0000] {processor.py:156} INFO - Started process (PID=434) to work on /home/airflow/.local/lib/python3.7/site-packages/airflow/example_dags/example_complex.py
[2024-04-20T05:57:08.360+0000] {processor.py:758} INFO - Processing file /home/airflow/.local/lib/python3.7/site-packages/airflow/example_dags/example_complex.py for tasks to queue
[2024-04-20T05:57:08.361+0000] {logging_mixin.py:117} INFO - [2024-04-20T05:57:08.361+0000] {dagbag.py:525} INFO - Filling up the DagBag from /home/airflow/.local/lib/python3.7/site-packages/airflow/example_dags/example_complex.py
[2024-04-20T05:57:08.532+0000] {processor.py:768} INFO - DAG(s) dict_keys(['example_complex']) retrieved from /home/airflow/.local/lib/python3.7/site-packages/airflow/example_dags/example_complex.py
[2024-04-20T05:57:08.660+0000] {logging_mixin.py:117} INFO - [2024-04-20T05:57:08.659+0000] {dag.py:2573} INFO - Sync 1 DAGs
[2024-04-20T05:57:08.722+0000] {logging_mixin.py:117} INFO - [2024-04-20T05:57:08.722+0000] {dag.py:3328} INFO - Setting next_dagrun for example_complex to None, run_after=None
[2024-04-20T05:57:09.181+0000] {processor.py:178} INFO - Processing /home/airflow/.local/lib/python3.7/site-packages/airflow/example_dags/example_complex.py took 0.852 seconds
[2024-04-20T05:57:39.412+0000] {processor.py:156} INFO - Started process (PID=662) to work on /home/airflow/.local/lib/python3.7/site-packages/airflow/example_dags/example_complex.py
[2024-04-20T05:57:39.417+0000] {processor.py:758} INFO - Processing file /home/airflow/.local/lib/python3.7/site-packages/airflow/example_dags/example_complex.py for tasks to queue
[2024-04-20T05:57:39.418+0000] {logging_mixin.py:117} INFO - [2024-04-20T05:57:39.417+0000] {dagbag.py:525} INFO - Filling up the DagBag from /home/airflow/.local/lib/python3.7/site-packages/airflow/example_dags/example_complex.py
[2024-04-20T05:57:39.476+0000] {processor.py:768} INFO - DAG(s) dict_keys(['example_complex']) retrieved from /home/airflow/.local/lib/python3.7/site-packages/airflow/example_dags/example_complex.py
[2024-04-20T05:57:39.540+0000] {logging_mixin.py:117} INFO - [2024-04-20T05:57:39.540+0000] {dag.py:2573} INFO - Sync 1 DAGs
[2024-04-20T05:57:39.767+0000] {logging_mixin.py:117} INFO - [2024-04-20T05:57:39.767+0000] {dag.py:3328} INFO - Setting next_dagrun for example_complex to None, run_after=None
[2024-04-20T05:57:39.792+0000] {processor.py:178} INFO - Processing /home/airflow/.local/lib/python3.7/site-packages/airflow/example_dags/example_complex.py took 0.384 seconds
[2024-04-20T05:58:10.235+0000] {processor.py:156} INFO - Started process (PID=879) to work on /home/airflow/.local/lib/python3.7/site-packages/airflow/example_dags/example_complex.py
[2024-04-20T05:58:10.236+0000] {processor.py:758} INFO - Processing file /home/airflow/.local/lib/python3.7/site-packages/airflow/example_dags/example_complex.py for tasks to queue
[2024-04-20T05:58:10.237+0000] {logging_mixin.py:117} INFO - [2024-04-20T05:58:10.237+0000] {dagbag.py:525} INFO - Filling up the DagBag from /home/airflow/.local/lib/python3.7/site-packages/airflow/example_dags/example_complex.py
[2024-04-20T05:58:10.263+0000] {processor.py:768} INFO - DAG(s) dict_keys(['example_complex']) retrieved from /home/airflow/.local/lib/python3.7/site-packages/airflow/example_dags/example_complex.py
[2024-04-20T05:58:10.478+0000] {logging_mixin.py:117} INFO - [2024-04-20T05:58:10.477+0000] {dag.py:2573} INFO - Sync 1 DAGs
[2024-04-20T05:58:10.504+0000] {logging_mixin.py:117} INFO - [2024-04-20T05:58:10.504+0000] {dag.py:3328} INFO - Setting next_dagrun for example_complex to None, run_after=None
[2024-04-20T05:58:10.528+0000] {processor.py:178} INFO - Processing /home/airflow/.local/lib/python3.7/site-packages/airflow/example_dags/example_complex.py took 0.296 seconds
[2024-04-20T05:58:41.298+0000] {processor.py:156} INFO - Started process (PID=1106) to work on /home/airflow/.local/lib/python3.7/site-packages/airflow/example_dags/example_complex.py
[2024-04-20T05:58:41.299+0000] {processor.py:758} INFO - Processing file /home/airflow/.local/lib/python3.7/site-packages/airflow/example_dags/example_complex.py for tasks to queue
[2024-04-20T05:58:41.299+0000] {logging_mixin.py:117} INFO - [2024-04-20T05:58:41.299+0000] {dagbag.py:525} INFO - Filling up the DagBag from /home/airflow/.local/lib/python3.7/site-packages/airflow/example_dags/example_complex.py
[2024-04-20T05:58:41.353+0000] {processor.py:768} INFO - DAG(s) dict_keys(['example_complex']) retrieved from /home/airflow/.local/lib/python3.7/site-packages/airflow/example_dags/example_complex.py
[2024-04-20T05:58:41.614+0000] {logging_mixin.py:117} INFO - [2024-04-20T05:58:41.614+0000] {dag.py:2573} INFO - Sync 1 DAGs
[2024-04-20T05:58:41.643+0000] {logging_mixin.py:117} INFO - [2024-04-20T05:58:41.643+0000] {dag.py:3328} INFO - Setting next_dagrun for example_complex to None, run_after=None
[2024-04-20T05:58:41.687+0000] {processor.py:178} INFO - Processing /home/airflow/.local/lib/python3.7/site-packages/airflow/example_dags/example_complex.py took 0.392 seconds
[2024-04-20T05:59:12.072+0000] {processor.py:156} INFO - Started process (PID=1334) to work on /home/airflow/.local/lib/python3.7/site-packages/airflow/example_dags/example_complex.py
[2024-04-20T05:59:12.073+0000] {processor.py:758} INFO - Processing file /home/airflow/.local/lib/python3.7/site-packages/airflow/example_dags/example_complex.py for tasks to queue
[2024-04-20T05:59:12.074+0000] {logging_mixin.py:117} INFO - [2024-04-20T05:59:12.073+0000] {dagbag.py:525} INFO - Filling up the DagBag from /home/airflow/.local/lib/python3.7/site-packages/airflow/example_dags/example_complex.py
[2024-04-20T05:59:12.098+0000] {processor.py:768} INFO - DAG(s) dict_keys(['example_complex']) retrieved from /home/airflow/.local/lib/python3.7/site-packages/airflow/example_dags/example_complex.py
[2024-04-20T05:59:12.349+0000] {logging_mixin.py:117} INFO - [2024-04-20T05:59:12.349+0000] {dag.py:2573} INFO - Sync 1 DAGs
[2024-04-20T05:59:12.390+0000] {logging_mixin.py:117} INFO - [2024-04-20T05:59:12.390+0000] {dag.py:3328} INFO - Setting next_dagrun for example_complex to None, run_after=None
[2024-04-20T05:59:12.416+0000] {processor.py:178} INFO - Processing /home/airflow/.local/lib/python3.7/site-packages/airflow/example_dags/example_complex.py took 0.347 seconds
[2024-04-20T05:59:42.832+0000] {processor.py:156} INFO - Started process (PID=1551) to work on /home/airflow/.local/lib/python3.7/site-packages/airflow/example_dags/example_complex.py
[2024-04-20T05:59:42.843+0000] {processor.py:758} INFO - Processing file /home/airflow/.local/lib/python3.7/site-packages/airflow/example_dags/example_complex.py for tasks to queue
[2024-04-20T05:59:42.844+0000] {logging_mixin.py:117} INFO - [2024-04-20T05:59:42.843+0000] {dagbag.py:525} INFO - Filling up the DagBag from /home/airflow/.local/lib/python3.7/site-packages/airflow/example_dags/example_complex.py
[2024-04-20T05:59:43.284+0000] {processor.py:768} INFO - DAG(s) dict_keys(['example_complex']) retrieved from /home/airflow/.local/lib/python3.7/site-packages/airflow/example_dags/example_complex.py
[2024-04-20T05:59:43.343+0000] {logging_mixin.py:117} INFO - [2024-04-20T05:59:43.343+0000] {dag.py:2573} INFO - Sync 1 DAGs
[2024-04-20T05:59:43.373+0000] {logging_mixin.py:117} INFO - [2024-04-20T05:59:43.373+0000] {dag.py:3328} INFO - Setting next_dagrun for example_complex to None, run_after=None
[2024-04-20T05:59:43.401+0000] {processor.py:178} INFO - Processing /home/airflow/.local/lib/python3.7/site-packages/airflow/example_dags/example_complex.py took 0.573 seconds
[2024-04-20T06:00:14.208+0000] {processor.py:156} INFO - Started process (PID=1779) to work on /home/airflow/.local/lib/python3.7/site-packages/airflow/example_dags/example_complex.py
[2024-04-20T06:00:14.209+0000] {processor.py:758} INFO - Processing file /home/airflow/.local/lib/python3.7/site-packages/airflow/example_dags/example_complex.py for tasks to queue
[2024-04-20T06:00:14.210+0000] {logging_mixin.py:117} INFO - [2024-04-20T06:00:14.209+0000] {dagbag.py:525} INFO - Filling up the DagBag from /home/airflow/.local/lib/python3.7/site-packages/airflow/example_dags/example_complex.py
[2024-04-20T06:00:14.237+0000] {processor.py:768} INFO - DAG(s) dict_keys(['example_complex']) retrieved from /home/airflow/.local/lib/python3.7/site-packages/airflow/example_dags/example_complex.py
[2024-04-20T06:00:14.304+0000] {logging_mixin.py:117} INFO - [2024-04-20T06:00:14.304+0000] {dag.py:2573} INFO - Sync 1 DAGs
[2024-04-20T06:00:14.336+0000] {logging_mixin.py:117} INFO - [2024-04-20T06:00:14.335+0000] {dag.py:3328} INFO - Setting next_dagrun for example_complex to None, run_after=None
[2024-04-20T06:00:14.363+0000] {processor.py:178} INFO - Processing /home/airflow/.local/lib/python3.7/site-packages/airflow/example_dags/example_complex.py took 0.158 seconds
[2024-04-20T06:00:44.685+0000] {processor.py:156} INFO - Started process (PID=2006) to work on /home/airflow/.local/lib/python3.7/site-packages/airflow/example_dags/example_complex.py
[2024-04-20T06:00:44.686+0000] {processor.py:758} INFO - Processing file /home/airflow/.local/lib/python3.7/site-packages/airflow/example_dags/example_complex.py for tasks to queue
[2024-04-20T06:00:44.686+0000] {logging_mixin.py:117} INFO - [2024-04-20T06:00:44.686+0000] {dagbag.py:525} INFO - Filling up the DagBag from /home/airflow/.local/lib/python3.7/site-packages/airflow/example_dags/example_complex.py
[2024-04-20T06:00:44.713+0000] {processor.py:768} INFO - DAG(s) dict_keys(['example_complex']) retrieved from /home/airflow/.local/lib/python3.7/site-packages/airflow/example_dags/example_complex.py
[2024-04-20T06:00:44.771+0000] {logging_mixin.py:117} INFO - [2024-04-20T06:00:44.771+0000] {dag.py:2573} INFO - Sync 1 DAGs
[2024-04-20T06:00:44.802+0000] {logging_mixin.py:117} INFO - [2024-04-20T06:00:44.802+0000] {dag.py:3328} INFO - Setting next_dagrun for example_complex to None, run_after=None
[2024-04-20T06:00:44.840+0000] {processor.py:178} INFO - Processing /home/airflow/.local/lib/python3.7/site-packages/airflow/example_dags/example_complex.py took 0.158 seconds
[2024-04-20T06:01:15.142+0000] {processor.py:156} INFO - Started process (PID=2224) to work on /home/airflow/.local/lib/python3.7/site-packages/airflow/example_dags/example_complex.py
[2024-04-20T06:01:15.143+0000] {processor.py:758} INFO - Processing file /home/airflow/.local/lib/python3.7/site-packages/airflow/example_dags/example_complex.py for tasks to queue
[2024-04-20T06:01:15.144+0000] {logging_mixin.py:117} INFO - [2024-04-20T06:01:15.144+0000] {dagbag.py:525} INFO - Filling up the DagBag from /home/airflow/.local/lib/python3.7/site-packages/airflow/example_dags/example_complex.py
[2024-04-20T06:01:15.173+0000] {processor.py:768} INFO - DAG(s) dict_keys(['example_complex']) retrieved from /home/airflow/.local/lib/python3.7/site-packages/airflow/example_dags/example_complex.py
[2024-04-20T06:01:15.229+0000] {logging_mixin.py:117} INFO - [2024-04-20T06:01:15.229+0000] {dag.py:2573} INFO - Sync 1 DAGs
[2024-04-20T06:01:15.264+0000] {logging_mixin.py:117} INFO - [2024-04-20T06:01:15.264+0000] {dag.py:3328} INFO - Setting next_dagrun for example_complex to None, run_after=None
[2024-04-20T06:01:15.292+0000] {processor.py:178} INFO - Processing /home/airflow/.local/lib/python3.7/site-packages/airflow/example_dags/example_complex.py took 0.153 seconds
[2024-04-20T06:01:45.872+0000] {processor.py:156} INFO - Started process (PID=2452) to work on /home/airflow/.local/lib/python3.7/site-packages/airflow/example_dags/example_complex.py
[2024-04-20T06:01:45.873+0000] {processor.py:758} INFO - Processing file /home/airflow/.local/lib/python3.7/site-packages/airflow/example_dags/example_complex.py for tasks to queue
[2024-04-20T06:01:45.873+0000] {logging_mixin.py:117} INFO - [2024-04-20T06:01:45.873+0000] {dagbag.py:525} INFO - Filling up the DagBag from /home/airflow/.local/lib/python3.7/site-packages/airflow/example_dags/example_complex.py
[2024-04-20T06:01:45.906+0000] {processor.py:768} INFO - DAG(s) dict_keys(['example_complex']) retrieved from /home/airflow/.local/lib/python3.7/site-packages/airflow/example_dags/example_complex.py
[2024-04-20T06:01:45.968+0000] {logging_mixin.py:117} INFO - [2024-04-20T06:01:45.968+0000] {dag.py:2573} INFO - Sync 1 DAGs
[2024-04-20T06:01:46.023+0000] {logging_mixin.py:117} INFO - [2024-04-20T06:01:46.023+0000] {dag.py:3328} INFO - Setting next_dagrun for example_complex to None, run_after=None
[2024-04-20T06:01:46.049+0000] {processor.py:178} INFO - Processing /home/airflow/.local/lib/python3.7/site-packages/airflow/example_dags/example_complex.py took 0.180 seconds
[2024-04-20T06:02:16.846+0000] {processor.py:156} INFO - Started process (PID=2680) to work on /home/airflow/.local/lib/python3.7/site-packages/airflow/example_dags/example_complex.py
[2024-04-20T06:02:16.847+0000] {processor.py:758} INFO - Processing file /home/airflow/.local/lib/python3.7/site-packages/airflow/example_dags/example_complex.py for tasks to queue
[2024-04-20T06:02:16.848+0000] {logging_mixin.py:117} INFO - [2024-04-20T06:02:16.848+0000] {dagbag.py:525} INFO - Filling up the DagBag from /home/airflow/.local/lib/python3.7/site-packages/airflow/example_dags/example_complex.py
[2024-04-20T06:02:16.877+0000] {processor.py:768} INFO - DAG(s) dict_keys(['example_complex']) retrieved from /home/airflow/.local/lib/python3.7/site-packages/airflow/example_dags/example_complex.py
[2024-04-20T06:02:16.954+0000] {logging_mixin.py:117} INFO - [2024-04-20T06:02:16.954+0000] {dag.py:2573} INFO - Sync 1 DAGs
[2024-04-20T06:02:17.046+0000] {logging_mixin.py:117} INFO - [2024-04-20T06:02:17.046+0000] {dag.py:3328} INFO - Setting next_dagrun for example_complex to None, run_after=None
[2024-04-20T06:02:17.100+0000] {processor.py:178} INFO - Processing /home/airflow/.local/lib/python3.7/site-packages/airflow/example_dags/example_complex.py took 0.258 seconds
[2024-04-20T06:02:47.977+0000] {processor.py:156} INFO - Started process (PID=2898) to work on /home/airflow/.local/lib/python3.7/site-packages/airflow/example_dags/example_complex.py
[2024-04-20T06:02:47.978+0000] {processor.py:758} INFO - Processing file /home/airflow/.local/lib/python3.7/site-packages/airflow/example_dags/example_complex.py for tasks to queue
[2024-04-20T06:02:47.979+0000] {logging_mixin.py:117} INFO - [2024-04-20T06:02:47.979+0000] {dagbag.py:525} INFO - Filling up the DagBag from /home/airflow/.local/lib/python3.7/site-packages/airflow/example_dags/example_complex.py
[2024-04-20T06:02:48.033+0000] {processor.py:768} INFO - DAG(s) dict_keys(['example_complex']) retrieved from /home/airflow/.local/lib/python3.7/site-packages/airflow/example_dags/example_complex.py
[2024-04-20T06:02:48.159+0000] {logging_mixin.py:117} INFO - [2024-04-20T06:02:48.159+0000] {dag.py:2573} INFO - Sync 1 DAGs
[2024-04-20T06:02:48.236+0000] {logging_mixin.py:117} INFO - [2024-04-20T06:02:48.235+0000] {dag.py:3328} INFO - Setting next_dagrun for example_complex to None, run_after=None
[2024-04-20T06:02:48.283+0000] {processor.py:178} INFO - Processing /home/airflow/.local/lib/python3.7/site-packages/airflow/example_dags/example_complex.py took 0.309 seconds
[2024-04-20T06:03:18.784+0000] {processor.py:156} INFO - Started process (PID=3125) to work on /home/airflow/.local/lib/python3.7/site-packages/airflow/example_dags/example_complex.py
[2024-04-20T06:03:18.784+0000] {processor.py:758} INFO - Processing file /home/airflow/.local/lib/python3.7/site-packages/airflow/example_dags/example_complex.py for tasks to queue
[2024-04-20T06:03:18.785+0000] {logging_mixin.py:117} INFO - [2024-04-20T06:03:18.785+0000] {dagbag.py:525} INFO - Filling up the DagBag from /home/airflow/.local/lib/python3.7/site-packages/airflow/example_dags/example_complex.py
[2024-04-20T06:03:18.812+0000] {processor.py:768} INFO - DAG(s) dict_keys(['example_complex']) retrieved from /home/airflow/.local/lib/python3.7/site-packages/airflow/example_dags/example_complex.py
[2024-04-20T06:03:18.871+0000] {logging_mixin.py:117} INFO - [2024-04-20T06:03:18.871+0000] {dag.py:2573} INFO - Sync 1 DAGs
[2024-04-20T06:03:18.904+0000] {logging_mixin.py:117} INFO - [2024-04-20T06:03:18.902+0000] {dag.py:3328} INFO - Setting next_dagrun for example_complex to None, run_after=None
[2024-04-20T06:03:18.940+0000] {processor.py:178} INFO - Processing /home/airflow/.local/lib/python3.7/site-packages/airflow/example_dags/example_complex.py took 0.160 seconds
