[2024-04-20T05:31:54.187+0000] {processor.py:156} INFO - Started process (PID=295) to work on /home/airflow/.local/lib/python3.7/site-packages/airflow/example_dags/tutorial_taskflow_api.py
[2024-04-20T05:31:54.194+0000] {processor.py:758} INFO - Processing file /home/airflow/.local/lib/python3.7/site-packages/airflow/example_dags/tutorial_taskflow_api.py for tasks to queue
[2024-04-20T05:31:54.196+0000] {logging_mixin.py:117} INFO - [2024-04-20T05:31:54.195+0000] {dagbag.py:525} INFO - Filling up the DagBag from /home/airflow/.local/lib/python3.7/site-packages/airflow/example_dags/tutorial_taskflow_api.py
[2024-04-20T05:31:54.308+0000] {processor.py:768} INFO - DAG(s) dict_keys(['tutorial_taskflow_api']) retrieved from /home/airflow/.local/lib/python3.7/site-packages/airflow/example_dags/tutorial_taskflow_api.py
[2024-04-20T05:31:55.268+0000] {logging_mixin.py:117} INFO - [2024-04-20T05:31:55.268+0000] {manager.py:507} INFO - Created Permission View: can delete on DAG:tutorial_taskflow_api
[2024-04-20T05:31:55.293+0000] {logging_mixin.py:117} INFO - [2024-04-20T05:31:55.293+0000] {manager.py:507} INFO - Created Permission View: can edit on DAG:tutorial_taskflow_api
[2024-04-20T05:31:55.310+0000] {logging_mixin.py:117} INFO - [2024-04-20T05:31:55.310+0000] {manager.py:507} INFO - Created Permission View: can read on DAG:tutorial_taskflow_api
[2024-04-20T05:31:55.310+0000] {logging_mixin.py:117} INFO - [2024-04-20T05:31:55.310+0000] {dag.py:2573} INFO - Sync 1 DAGs
[2024-04-20T05:31:55.337+0000] {logging_mixin.py:117} INFO - [2024-04-20T05:31:55.337+0000] {dag.py:2594} INFO - Creating ORM DAG for tutorial_taskflow_api
[2024-04-20T05:31:55.372+0000] {logging_mixin.py:117} INFO - [2024-04-20T05:31:55.371+0000] {dag.py:3328} INFO - Setting next_dagrun for tutorial_taskflow_api to None, run_after=None
[2024-04-20T05:31:55.431+0000] {processor.py:178} INFO - Processing /home/airflow/.local/lib/python3.7/site-packages/airflow/example_dags/tutorial_taskflow_api.py took 1.251 seconds
[2024-04-20T05:32:25.964+0000] {processor.py:156} INFO - Started process (PID=510) to work on /home/airflow/.local/lib/python3.7/site-packages/airflow/example_dags/tutorial_taskflow_api.py
[2024-04-20T05:32:25.965+0000] {processor.py:758} INFO - Processing file /home/airflow/.local/lib/python3.7/site-packages/airflow/example_dags/tutorial_taskflow_api.py for tasks to queue
[2024-04-20T05:32:25.965+0000] {logging_mixin.py:117} INFO - [2024-04-20T05:32:25.965+0000] {dagbag.py:525} INFO - Filling up the DagBag from /home/airflow/.local/lib/python3.7/site-packages/airflow/example_dags/tutorial_taskflow_api.py
[2024-04-20T05:32:26.004+0000] {processor.py:768} INFO - DAG(s) dict_keys(['tutorial_taskflow_api']) retrieved from /home/airflow/.local/lib/python3.7/site-packages/airflow/example_dags/tutorial_taskflow_api.py
[2024-04-20T05:32:26.130+0000] {logging_mixin.py:117} INFO - [2024-04-20T05:32:26.130+0000] {dag.py:2573} INFO - Sync 1 DAGs
[2024-04-20T05:32:26.340+0000] {logging_mixin.py:117} INFO - [2024-04-20T05:32:26.340+0000] {dag.py:3328} INFO - Setting next_dagrun for tutorial_taskflow_api to None, run_after=None
[2024-04-20T05:32:26.365+0000] {processor.py:178} INFO - Processing /home/airflow/.local/lib/python3.7/site-packages/airflow/example_dags/tutorial_taskflow_api.py took 0.404 seconds
[2024-04-20T05:32:56.676+0000] {processor.py:156} INFO - Started process (PID=734) to work on /home/airflow/.local/lib/python3.7/site-packages/airflow/example_dags/tutorial_taskflow_api.py
[2024-04-20T05:32:56.682+0000] {processor.py:758} INFO - Processing file /home/airflow/.local/lib/python3.7/site-packages/airflow/example_dags/tutorial_taskflow_api.py for tasks to queue
[2024-04-20T05:32:56.683+0000] {logging_mixin.py:117} INFO - [2024-04-20T05:32:56.683+0000] {dagbag.py:525} INFO - Filling up the DagBag from /home/airflow/.local/lib/python3.7/site-packages/airflow/example_dags/tutorial_taskflow_api.py
[2024-04-20T05:32:56.738+0000] {processor.py:768} INFO - DAG(s) dict_keys(['tutorial_taskflow_api']) retrieved from /home/airflow/.local/lib/python3.7/site-packages/airflow/example_dags/tutorial_taskflow_api.py
[2024-04-20T05:32:56.888+0000] {logging_mixin.py:117} INFO - [2024-04-20T05:32:56.887+0000] {dag.py:2573} INFO - Sync 1 DAGs
[2024-04-20T05:32:57.245+0000] {logging_mixin.py:117} INFO - [2024-04-20T05:32:57.245+0000] {dag.py:3328} INFO - Setting next_dagrun for tutorial_taskflow_api to None, run_after=None
[2024-04-20T05:32:57.275+0000] {processor.py:178} INFO - Processing /home/airflow/.local/lib/python3.7/site-packages/airflow/example_dags/tutorial_taskflow_api.py took 0.603 seconds
[2024-04-20T05:33:27.574+0000] {processor.py:156} INFO - Started process (PID=946) to work on /home/airflow/.local/lib/python3.7/site-packages/airflow/example_dags/tutorial_taskflow_api.py
[2024-04-20T05:33:27.575+0000] {processor.py:758} INFO - Processing file /home/airflow/.local/lib/python3.7/site-packages/airflow/example_dags/tutorial_taskflow_api.py for tasks to queue
[2024-04-20T05:33:27.575+0000] {logging_mixin.py:117} INFO - [2024-04-20T05:33:27.575+0000] {dagbag.py:525} INFO - Filling up the DagBag from /home/airflow/.local/lib/python3.7/site-packages/airflow/example_dags/tutorial_taskflow_api.py
[2024-04-20T05:33:27.595+0000] {processor.py:768} INFO - DAG(s) dict_keys(['tutorial_taskflow_api']) retrieved from /home/airflow/.local/lib/python3.7/site-packages/airflow/example_dags/tutorial_taskflow_api.py
[2024-04-20T05:33:27.781+0000] {logging_mixin.py:117} INFO - [2024-04-20T05:33:27.780+0000] {dag.py:2573} INFO - Sync 1 DAGs
[2024-04-20T05:33:27.809+0000] {logging_mixin.py:117} INFO - [2024-04-20T05:33:27.809+0000] {dag.py:3328} INFO - Setting next_dagrun for tutorial_taskflow_api to None, run_after=None
[2024-04-20T05:33:27.833+0000] {processor.py:178} INFO - Processing /home/airflow/.local/lib/python3.7/site-packages/airflow/example_dags/tutorial_taskflow_api.py took 0.261 seconds
[2024-04-20T05:33:58.338+0000] {processor.py:156} INFO - Started process (PID=1163) to work on /home/airflow/.local/lib/python3.7/site-packages/airflow/example_dags/tutorial_taskflow_api.py
[2024-04-20T05:33:58.339+0000] {processor.py:758} INFO - Processing file /home/airflow/.local/lib/python3.7/site-packages/airflow/example_dags/tutorial_taskflow_api.py for tasks to queue
[2024-04-20T05:33:58.339+0000] {logging_mixin.py:117} INFO - [2024-04-20T05:33:58.339+0000] {dagbag.py:525} INFO - Filling up the DagBag from /home/airflow/.local/lib/python3.7/site-packages/airflow/example_dags/tutorial_taskflow_api.py
[2024-04-20T05:33:58.359+0000] {processor.py:768} INFO - DAG(s) dict_keys(['tutorial_taskflow_api']) retrieved from /home/airflow/.local/lib/python3.7/site-packages/airflow/example_dags/tutorial_taskflow_api.py
[2024-04-20T05:33:58.507+0000] {logging_mixin.py:117} INFO - [2024-04-20T05:33:58.507+0000] {dag.py:2573} INFO - Sync 1 DAGs
[2024-04-20T05:33:58.526+0000] {logging_mixin.py:117} INFO - [2024-04-20T05:33:58.526+0000] {dag.py:3328} INFO - Setting next_dagrun for tutorial_taskflow_api to None, run_after=None
[2024-04-20T05:33:58.549+0000] {processor.py:178} INFO - Processing /home/airflow/.local/lib/python3.7/site-packages/airflow/example_dags/tutorial_taskflow_api.py took 0.214 seconds
[2024-04-20T05:34:28.843+0000] {processor.py:156} INFO - Started process (PID=1382) to work on /home/airflow/.local/lib/python3.7/site-packages/airflow/example_dags/tutorial_taskflow_api.py
[2024-04-20T05:34:28.844+0000] {processor.py:758} INFO - Processing file /home/airflow/.local/lib/python3.7/site-packages/airflow/example_dags/tutorial_taskflow_api.py for tasks to queue
[2024-04-20T05:34:28.844+0000] {logging_mixin.py:117} INFO - [2024-04-20T05:34:28.844+0000] {dagbag.py:525} INFO - Filling up the DagBag from /home/airflow/.local/lib/python3.7/site-packages/airflow/example_dags/tutorial_taskflow_api.py
[2024-04-20T05:34:29.437+0000] {processor.py:768} INFO - DAG(s) dict_keys(['tutorial_taskflow_api']) retrieved from /home/airflow/.local/lib/python3.7/site-packages/airflow/example_dags/tutorial_taskflow_api.py
[2024-04-20T05:34:29.562+0000] {logging_mixin.py:117} INFO - [2024-04-20T05:34:29.562+0000] {dag.py:2573} INFO - Sync 1 DAGs
[2024-04-20T05:34:29.641+0000] {logging_mixin.py:117} INFO - [2024-04-20T05:34:29.641+0000] {dag.py:3328} INFO - Setting next_dagrun for tutorial_taskflow_api to None, run_after=None
[2024-04-20T05:34:29.683+0000] {processor.py:178} INFO - Processing /home/airflow/.local/lib/python3.7/site-packages/airflow/example_dags/tutorial_taskflow_api.py took 0.876 seconds
[2024-04-20T05:35:00.177+0000] {processor.py:156} INFO - Started process (PID=1591) to work on /home/airflow/.local/lib/python3.7/site-packages/airflow/example_dags/tutorial_taskflow_api.py
[2024-04-20T05:35:00.177+0000] {processor.py:758} INFO - Processing file /home/airflow/.local/lib/python3.7/site-packages/airflow/example_dags/tutorial_taskflow_api.py for tasks to queue
[2024-04-20T05:35:00.178+0000] {logging_mixin.py:117} INFO - [2024-04-20T05:35:00.177+0000] {dagbag.py:525} INFO - Filling up the DagBag from /home/airflow/.local/lib/python3.7/site-packages/airflow/example_dags/tutorial_taskflow_api.py
[2024-04-20T05:35:00.206+0000] {processor.py:768} INFO - DAG(s) dict_keys(['tutorial_taskflow_api']) retrieved from /home/airflow/.local/lib/python3.7/site-packages/airflow/example_dags/tutorial_taskflow_api.py
[2024-04-20T05:35:00.243+0000] {logging_mixin.py:117} INFO - [2024-04-20T05:35:00.243+0000] {dag.py:2573} INFO - Sync 1 DAGs
[2024-04-20T05:35:00.263+0000] {logging_mixin.py:117} INFO - [2024-04-20T05:35:00.263+0000] {dag.py:3328} INFO - Setting next_dagrun for tutorial_taskflow_api to None, run_after=None
[2024-04-20T05:35:00.285+0000] {processor.py:178} INFO - Processing /home/airflow/.local/lib/python3.7/site-packages/airflow/example_dags/tutorial_taskflow_api.py took 0.111 seconds
[2024-04-20T05:35:30.670+0000] {processor.py:156} INFO - Started process (PID=1806) to work on /home/airflow/.local/lib/python3.7/site-packages/airflow/example_dags/tutorial_taskflow_api.py
[2024-04-20T05:35:30.675+0000] {processor.py:758} INFO - Processing file /home/airflow/.local/lib/python3.7/site-packages/airflow/example_dags/tutorial_taskflow_api.py for tasks to queue
[2024-04-20T05:35:30.676+0000] {logging_mixin.py:117} INFO - [2024-04-20T05:35:30.675+0000] {dagbag.py:525} INFO - Filling up the DagBag from /home/airflow/.local/lib/python3.7/site-packages/airflow/example_dags/tutorial_taskflow_api.py
[2024-04-20T05:35:30.812+0000] {processor.py:768} INFO - DAG(s) dict_keys(['tutorial_taskflow_api']) retrieved from /home/airflow/.local/lib/python3.7/site-packages/airflow/example_dags/tutorial_taskflow_api.py
[2024-04-20T05:35:31.003+0000] {logging_mixin.py:117} INFO - [2024-04-20T05:35:31.002+0000] {dag.py:2573} INFO - Sync 1 DAGs
[2024-04-20T05:35:31.077+0000] {logging_mixin.py:117} INFO - [2024-04-20T05:35:31.076+0000] {dag.py:3328} INFO - Setting next_dagrun for tutorial_taskflow_api to None, run_after=None
[2024-04-20T05:35:31.122+0000] {processor.py:178} INFO - Processing /home/airflow/.local/lib/python3.7/site-packages/airflow/example_dags/tutorial_taskflow_api.py took 0.458 seconds
[2024-04-20T05:36:01.603+0000] {processor.py:156} INFO - Started process (PID=2016) to work on /home/airflow/.local/lib/python3.7/site-packages/airflow/example_dags/tutorial_taskflow_api.py
[2024-04-20T05:36:01.603+0000] {processor.py:758} INFO - Processing file /home/airflow/.local/lib/python3.7/site-packages/airflow/example_dags/tutorial_taskflow_api.py for tasks to queue
[2024-04-20T05:36:01.604+0000] {logging_mixin.py:117} INFO - [2024-04-20T05:36:01.604+0000] {dagbag.py:525} INFO - Filling up the DagBag from /home/airflow/.local/lib/python3.7/site-packages/airflow/example_dags/tutorial_taskflow_api.py
[2024-04-20T05:36:01.629+0000] {processor.py:768} INFO - DAG(s) dict_keys(['tutorial_taskflow_api']) retrieved from /home/airflow/.local/lib/python3.7/site-packages/airflow/example_dags/tutorial_taskflow_api.py
[2024-04-20T05:36:01.661+0000] {logging_mixin.py:117} INFO - [2024-04-20T05:36:01.661+0000] {dag.py:2573} INFO - Sync 1 DAGs
[2024-04-20T05:36:01.683+0000] {logging_mixin.py:117} INFO - [2024-04-20T05:36:01.683+0000] {dag.py:3328} INFO - Setting next_dagrun for tutorial_taskflow_api to None, run_after=None
[2024-04-20T05:36:01.703+0000] {processor.py:178} INFO - Processing /home/airflow/.local/lib/python3.7/site-packages/airflow/example_dags/tutorial_taskflow_api.py took 0.103 seconds
[2024-04-20T05:36:31.873+0000] {processor.py:156} INFO - Started process (PID=2232) to work on /home/airflow/.local/lib/python3.7/site-packages/airflow/example_dags/tutorial_taskflow_api.py
[2024-04-20T05:36:31.873+0000] {processor.py:758} INFO - Processing file /home/airflow/.local/lib/python3.7/site-packages/airflow/example_dags/tutorial_taskflow_api.py for tasks to queue
[2024-04-20T05:36:31.874+0000] {logging_mixin.py:117} INFO - [2024-04-20T05:36:31.873+0000] {dagbag.py:525} INFO - Filling up the DagBag from /home/airflow/.local/lib/python3.7/site-packages/airflow/example_dags/tutorial_taskflow_api.py
[2024-04-20T05:36:31.895+0000] {processor.py:768} INFO - DAG(s) dict_keys(['tutorial_taskflow_api']) retrieved from /home/airflow/.local/lib/python3.7/site-packages/airflow/example_dags/tutorial_taskflow_api.py
[2024-04-20T05:36:31.928+0000] {logging_mixin.py:117} INFO - [2024-04-20T05:36:31.928+0000] {dag.py:2573} INFO - Sync 1 DAGs
[2024-04-20T05:36:31.948+0000] {logging_mixin.py:117} INFO - [2024-04-20T05:36:31.948+0000] {dag.py:3328} INFO - Setting next_dagrun for tutorial_taskflow_api to None, run_after=None
[2024-04-20T05:36:31.969+0000] {processor.py:178} INFO - Processing /home/airflow/.local/lib/python3.7/site-packages/airflow/example_dags/tutorial_taskflow_api.py took 0.099 seconds
[2024-04-20T05:37:02.446+0000] {processor.py:156} INFO - Started process (PID=2500) to work on /home/airflow/.local/lib/python3.7/site-packages/airflow/example_dags/tutorial_taskflow_api.py
[2024-04-20T05:37:02.446+0000] {processor.py:758} INFO - Processing file /home/airflow/.local/lib/python3.7/site-packages/airflow/example_dags/tutorial_taskflow_api.py for tasks to queue
[2024-04-20T05:37:02.447+0000] {logging_mixin.py:117} INFO - [2024-04-20T05:37:02.447+0000] {dagbag.py:525} INFO - Filling up the DagBag from /home/airflow/.local/lib/python3.7/site-packages/airflow/example_dags/tutorial_taskflow_api.py
[2024-04-20T05:37:02.471+0000] {processor.py:768} INFO - DAG(s) dict_keys(['tutorial_taskflow_api']) retrieved from /home/airflow/.local/lib/python3.7/site-packages/airflow/example_dags/tutorial_taskflow_api.py
[2024-04-20T05:37:02.505+0000] {logging_mixin.py:117} INFO - [2024-04-20T05:37:02.505+0000] {dag.py:2573} INFO - Sync 1 DAGs
[2024-04-20T05:37:02.527+0000] {logging_mixin.py:117} INFO - [2024-04-20T05:37:02.527+0000] {dag.py:3328} INFO - Setting next_dagrun for tutorial_taskflow_api to None, run_after=None
[2024-04-20T05:37:02.549+0000] {processor.py:178} INFO - Processing /home/airflow/.local/lib/python3.7/site-packages/airflow/example_dags/tutorial_taskflow_api.py took 0.107 seconds
[2024-04-20T05:37:33.168+0000] {processor.py:156} INFO - Started process (PID=2768) to work on /home/airflow/.local/lib/python3.7/site-packages/airflow/example_dags/tutorial_taskflow_api.py
[2024-04-20T05:37:33.169+0000] {processor.py:758} INFO - Processing file /home/airflow/.local/lib/python3.7/site-packages/airflow/example_dags/tutorial_taskflow_api.py for tasks to queue
[2024-04-20T05:37:33.169+0000] {logging_mixin.py:117} INFO - [2024-04-20T05:37:33.169+0000] {dagbag.py:525} INFO - Filling up the DagBag from /home/airflow/.local/lib/python3.7/site-packages/airflow/example_dags/tutorial_taskflow_api.py
[2024-04-20T05:37:33.190+0000] {processor.py:768} INFO - DAG(s) dict_keys(['tutorial_taskflow_api']) retrieved from /home/airflow/.local/lib/python3.7/site-packages/airflow/example_dags/tutorial_taskflow_api.py
[2024-04-20T05:37:33.225+0000] {logging_mixin.py:117} INFO - [2024-04-20T05:37:33.225+0000] {dag.py:2573} INFO - Sync 1 DAGs
[2024-04-20T05:37:33.247+0000] {logging_mixin.py:117} INFO - [2024-04-20T05:37:33.247+0000] {dag.py:3328} INFO - Setting next_dagrun for tutorial_taskflow_api to None, run_after=None
[2024-04-20T05:37:33.266+0000] {processor.py:178} INFO - Processing /home/airflow/.local/lib/python3.7/site-packages/airflow/example_dags/tutorial_taskflow_api.py took 0.101 seconds
[2024-04-20T05:38:03.790+0000] {processor.py:156} INFO - Started process (PID=2996) to work on /home/airflow/.local/lib/python3.7/site-packages/airflow/example_dags/tutorial_taskflow_api.py
[2024-04-20T05:38:03.791+0000] {processor.py:758} INFO - Processing file /home/airflow/.local/lib/python3.7/site-packages/airflow/example_dags/tutorial_taskflow_api.py for tasks to queue
[2024-04-20T05:38:03.791+0000] {logging_mixin.py:117} INFO - [2024-04-20T05:38:03.791+0000] {dagbag.py:525} INFO - Filling up the DagBag from /home/airflow/.local/lib/python3.7/site-packages/airflow/example_dags/tutorial_taskflow_api.py
[2024-04-20T05:38:03.876+0000] {processor.py:768} INFO - DAG(s) dict_keys(['tutorial_taskflow_api']) retrieved from /home/airflow/.local/lib/python3.7/site-packages/airflow/example_dags/tutorial_taskflow_api.py
[2024-04-20T05:38:04.007+0000] {logging_mixin.py:117} INFO - [2024-04-20T05:38:04.007+0000] {dag.py:2573} INFO - Sync 1 DAGs
[2024-04-20T05:38:04.166+0000] {logging_mixin.py:117} INFO - [2024-04-20T05:38:04.166+0000] {dag.py:3328} INFO - Setting next_dagrun for tutorial_taskflow_api to None, run_after=None
[2024-04-20T05:38:04.210+0000] {processor.py:178} INFO - Processing /home/airflow/.local/lib/python3.7/site-packages/airflow/example_dags/tutorial_taskflow_api.py took 0.425 seconds
[2024-04-20T05:38:35.138+0000] {processor.py:156} INFO - Started process (PID=3217) to work on /home/airflow/.local/lib/python3.7/site-packages/airflow/example_dags/tutorial_taskflow_api.py
[2024-04-20T05:38:35.139+0000] {processor.py:758} INFO - Processing file /home/airflow/.local/lib/python3.7/site-packages/airflow/example_dags/tutorial_taskflow_api.py for tasks to queue
[2024-04-20T05:38:35.140+0000] {logging_mixin.py:117} INFO - [2024-04-20T05:38:35.139+0000] {dagbag.py:525} INFO - Filling up the DagBag from /home/airflow/.local/lib/python3.7/site-packages/airflow/example_dags/tutorial_taskflow_api.py
[2024-04-20T05:38:35.167+0000] {processor.py:768} INFO - DAG(s) dict_keys(['tutorial_taskflow_api']) retrieved from /home/airflow/.local/lib/python3.7/site-packages/airflow/example_dags/tutorial_taskflow_api.py
[2024-04-20T05:38:35.225+0000] {logging_mixin.py:117} INFO - [2024-04-20T05:38:35.216+0000] {dag.py:2573} INFO - Sync 1 DAGs
[2024-04-20T05:38:35.277+0000] {logging_mixin.py:117} INFO - [2024-04-20T05:38:35.277+0000] {dag.py:3328} INFO - Setting next_dagrun for tutorial_taskflow_api to None, run_after=None
[2024-04-20T05:38:35.299+0000] {processor.py:178} INFO - Processing /home/airflow/.local/lib/python3.7/site-packages/airflow/example_dags/tutorial_taskflow_api.py took 0.163 seconds
[2024-04-20T05:39:05.560+0000] {processor.py:156} INFO - Started process (PID=3446) to work on /home/airflow/.local/lib/python3.7/site-packages/airflow/example_dags/tutorial_taskflow_api.py
[2024-04-20T05:39:05.560+0000] {processor.py:758} INFO - Processing file /home/airflow/.local/lib/python3.7/site-packages/airflow/example_dags/tutorial_taskflow_api.py for tasks to queue
[2024-04-20T05:39:05.561+0000] {logging_mixin.py:117} INFO - [2024-04-20T05:39:05.561+0000] {dagbag.py:525} INFO - Filling up the DagBag from /home/airflow/.local/lib/python3.7/site-packages/airflow/example_dags/tutorial_taskflow_api.py
[2024-04-20T05:39:05.619+0000] {processor.py:768} INFO - DAG(s) dict_keys(['tutorial_taskflow_api']) retrieved from /home/airflow/.local/lib/python3.7/site-packages/airflow/example_dags/tutorial_taskflow_api.py
[2024-04-20T05:39:05.669+0000] {logging_mixin.py:117} INFO - [2024-04-20T05:39:05.668+0000] {dag.py:2573} INFO - Sync 1 DAGs
[2024-04-20T05:39:05.699+0000] {logging_mixin.py:117} INFO - [2024-04-20T05:39:05.699+0000] {dag.py:3328} INFO - Setting next_dagrun for tutorial_taskflow_api to None, run_after=None
[2024-04-20T05:39:05.723+0000] {processor.py:178} INFO - Processing /home/airflow/.local/lib/python3.7/site-packages/airflow/example_dags/tutorial_taskflow_api.py took 0.167 seconds
[2024-04-20T05:39:36.205+0000] {processor.py:156} INFO - Started process (PID=3684) to work on /home/airflow/.local/lib/python3.7/site-packages/airflow/example_dags/tutorial_taskflow_api.py
[2024-04-20T05:39:36.206+0000] {processor.py:758} INFO - Processing file /home/airflow/.local/lib/python3.7/site-packages/airflow/example_dags/tutorial_taskflow_api.py for tasks to queue
[2024-04-20T05:39:36.206+0000] {logging_mixin.py:117} INFO - [2024-04-20T05:39:36.206+0000] {dagbag.py:525} INFO - Filling up the DagBag from /home/airflow/.local/lib/python3.7/site-packages/airflow/example_dags/tutorial_taskflow_api.py
[2024-04-20T05:39:36.266+0000] {processor.py:768} INFO - DAG(s) dict_keys(['tutorial_taskflow_api']) retrieved from /home/airflow/.local/lib/python3.7/site-packages/airflow/example_dags/tutorial_taskflow_api.py
[2024-04-20T05:39:36.326+0000] {logging_mixin.py:117} INFO - [2024-04-20T05:39:36.325+0000] {dag.py:2573} INFO - Sync 1 DAGs
[2024-04-20T05:39:36.393+0000] {logging_mixin.py:117} INFO - [2024-04-20T05:39:36.393+0000] {dag.py:3328} INFO - Setting next_dagrun for tutorial_taskflow_api to None, run_after=None
[2024-04-20T05:39:36.490+0000] {processor.py:178} INFO - Processing /home/airflow/.local/lib/python3.7/site-packages/airflow/example_dags/tutorial_taskflow_api.py took 0.288 seconds
[2024-04-20T05:40:07.462+0000] {processor.py:156} INFO - Started process (PID=3911) to work on /home/airflow/.local/lib/python3.7/site-packages/airflow/example_dags/tutorial_taskflow_api.py
[2024-04-20T05:40:07.463+0000] {processor.py:758} INFO - Processing file /home/airflow/.local/lib/python3.7/site-packages/airflow/example_dags/tutorial_taskflow_api.py for tasks to queue
[2024-04-20T05:40:07.463+0000] {logging_mixin.py:117} INFO - [2024-04-20T05:40:07.463+0000] {dagbag.py:525} INFO - Filling up the DagBag from /home/airflow/.local/lib/python3.7/site-packages/airflow/example_dags/tutorial_taskflow_api.py
[2024-04-20T05:40:07.490+0000] {processor.py:768} INFO - DAG(s) dict_keys(['tutorial_taskflow_api']) retrieved from /home/airflow/.local/lib/python3.7/site-packages/airflow/example_dags/tutorial_taskflow_api.py
[2024-04-20T05:40:07.554+0000] {logging_mixin.py:117} INFO - [2024-04-20T05:40:07.554+0000] {dag.py:2573} INFO - Sync 1 DAGs
[2024-04-20T05:40:07.615+0000] {logging_mixin.py:117} INFO - [2024-04-20T05:40:07.614+0000] {dag.py:3328} INFO - Setting next_dagrun for tutorial_taskflow_api to None, run_after=None
[2024-04-20T05:40:07.657+0000] {processor.py:178} INFO - Processing /home/airflow/.local/lib/python3.7/site-packages/airflow/example_dags/tutorial_taskflow_api.py took 0.199 seconds
[2024-04-20T05:40:37.942+0000] {processor.py:156} INFO - Started process (PID=4136) to work on /home/airflow/.local/lib/python3.7/site-packages/airflow/example_dags/tutorial_taskflow_api.py
[2024-04-20T05:40:37.970+0000] {processor.py:758} INFO - Processing file /home/airflow/.local/lib/python3.7/site-packages/airflow/example_dags/tutorial_taskflow_api.py for tasks to queue
[2024-04-20T05:40:37.985+0000] {logging_mixin.py:117} INFO - [2024-04-20T05:40:37.974+0000] {dagbag.py:525} INFO - Filling up the DagBag from /home/airflow/.local/lib/python3.7/site-packages/airflow/example_dags/tutorial_taskflow_api.py
[2024-04-20T05:40:38.100+0000] {processor.py:768} INFO - DAG(s) dict_keys(['tutorial_taskflow_api']) retrieved from /home/airflow/.local/lib/python3.7/site-packages/airflow/example_dags/tutorial_taskflow_api.py
[2024-04-20T05:40:38.399+0000] {logging_mixin.py:117} INFO - [2024-04-20T05:40:38.399+0000] {dag.py:2573} INFO - Sync 1 DAGs
[2024-04-20T05:40:38.424+0000] {logging_mixin.py:117} INFO - [2024-04-20T05:40:38.424+0000] {dag.py:3328} INFO - Setting next_dagrun for tutorial_taskflow_api to None, run_after=None
[2024-04-20T05:40:38.444+0000] {processor.py:178} INFO - Processing /home/airflow/.local/lib/python3.7/site-packages/airflow/example_dags/tutorial_taskflow_api.py took 0.524 seconds
[2024-04-20T05:41:08.673+0000] {processor.py:156} INFO - Started process (PID=4375) to work on /home/airflow/.local/lib/python3.7/site-packages/airflow/example_dags/tutorial_taskflow_api.py
[2024-04-20T05:41:08.674+0000] {processor.py:758} INFO - Processing file /home/airflow/.local/lib/python3.7/site-packages/airflow/example_dags/tutorial_taskflow_api.py for tasks to queue
[2024-04-20T05:41:08.674+0000] {logging_mixin.py:117} INFO - [2024-04-20T05:41:08.674+0000] {dagbag.py:525} INFO - Filling up the DagBag from /home/airflow/.local/lib/python3.7/site-packages/airflow/example_dags/tutorial_taskflow_api.py
[2024-04-20T05:41:08.703+0000] {processor.py:768} INFO - DAG(s) dict_keys(['tutorial_taskflow_api']) retrieved from /home/airflow/.local/lib/python3.7/site-packages/airflow/example_dags/tutorial_taskflow_api.py
[2024-04-20T05:41:08.778+0000] {logging_mixin.py:117} INFO - [2024-04-20T05:41:08.778+0000] {dag.py:2573} INFO - Sync 1 DAGs
[2024-04-20T05:41:08.814+0000] {logging_mixin.py:117} INFO - [2024-04-20T05:41:08.814+0000] {dag.py:3328} INFO - Setting next_dagrun for tutorial_taskflow_api to None, run_after=None
[2024-04-20T05:41:08.848+0000] {processor.py:178} INFO - Processing /home/airflow/.local/lib/python3.7/site-packages/airflow/example_dags/tutorial_taskflow_api.py took 0.179 seconds
[2024-04-20T05:41:39.112+0000] {processor.py:156} INFO - Started process (PID=4588) to work on /home/airflow/.local/lib/python3.7/site-packages/airflow/example_dags/tutorial_taskflow_api.py
[2024-04-20T05:41:39.113+0000] {processor.py:758} INFO - Processing file /home/airflow/.local/lib/python3.7/site-packages/airflow/example_dags/tutorial_taskflow_api.py for tasks to queue
[2024-04-20T05:41:39.114+0000] {logging_mixin.py:117} INFO - [2024-04-20T05:41:39.114+0000] {dagbag.py:525} INFO - Filling up the DagBag from /home/airflow/.local/lib/python3.7/site-packages/airflow/example_dags/tutorial_taskflow_api.py
[2024-04-20T05:41:39.142+0000] {processor.py:768} INFO - DAG(s) dict_keys(['tutorial_taskflow_api']) retrieved from /home/airflow/.local/lib/python3.7/site-packages/airflow/example_dags/tutorial_taskflow_api.py
[2024-04-20T05:41:39.195+0000] {logging_mixin.py:117} INFO - [2024-04-20T05:41:39.195+0000] {dag.py:2573} INFO - Sync 1 DAGs
[2024-04-20T05:41:39.244+0000] {logging_mixin.py:117} INFO - [2024-04-20T05:41:39.244+0000] {dag.py:3328} INFO - Setting next_dagrun for tutorial_taskflow_api to None, run_after=None
[2024-04-20T05:41:39.268+0000] {processor.py:178} INFO - Processing /home/airflow/.local/lib/python3.7/site-packages/airflow/example_dags/tutorial_taskflow_api.py took 0.159 seconds
[2024-04-20T05:42:09.340+0000] {processor.py:156} INFO - Started process (PID=4825) to work on /home/airflow/.local/lib/python3.7/site-packages/airflow/example_dags/tutorial_taskflow_api.py
[2024-04-20T05:42:09.345+0000] {processor.py:758} INFO - Processing file /home/airflow/.local/lib/python3.7/site-packages/airflow/example_dags/tutorial_taskflow_api.py for tasks to queue
[2024-04-20T05:42:09.346+0000] {logging_mixin.py:117} INFO - [2024-04-20T05:42:09.346+0000] {dagbag.py:525} INFO - Filling up the DagBag from /home/airflow/.local/lib/python3.7/site-packages/airflow/example_dags/tutorial_taskflow_api.py
[2024-04-20T05:42:09.421+0000] {processor.py:768} INFO - DAG(s) dict_keys(['tutorial_taskflow_api']) retrieved from /home/airflow/.local/lib/python3.7/site-packages/airflow/example_dags/tutorial_taskflow_api.py
[2024-04-20T05:42:09.523+0000] {logging_mixin.py:117} INFO - [2024-04-20T05:42:09.523+0000] {dag.py:2573} INFO - Sync 1 DAGs
[2024-04-20T05:42:09.554+0000] {logging_mixin.py:117} INFO - [2024-04-20T05:42:09.554+0000] {dag.py:3328} INFO - Setting next_dagrun for tutorial_taskflow_api to None, run_after=None
[2024-04-20T05:42:09.578+0000] {processor.py:178} INFO - Processing /home/airflow/.local/lib/python3.7/site-packages/airflow/example_dags/tutorial_taskflow_api.py took 0.242 seconds
[2024-04-20T05:42:40.447+0000] {processor.py:156} INFO - Started process (PID=5093) to work on /home/airflow/.local/lib/python3.7/site-packages/airflow/example_dags/tutorial_taskflow_api.py
[2024-04-20T05:42:40.448+0000] {processor.py:758} INFO - Processing file /home/airflow/.local/lib/python3.7/site-packages/airflow/example_dags/tutorial_taskflow_api.py for tasks to queue
[2024-04-20T05:42:40.448+0000] {logging_mixin.py:117} INFO - [2024-04-20T05:42:40.448+0000] {dagbag.py:525} INFO - Filling up the DagBag from /home/airflow/.local/lib/python3.7/site-packages/airflow/example_dags/tutorial_taskflow_api.py
[2024-04-20T05:42:40.477+0000] {processor.py:768} INFO - DAG(s) dict_keys(['tutorial_taskflow_api']) retrieved from /home/airflow/.local/lib/python3.7/site-packages/airflow/example_dags/tutorial_taskflow_api.py
[2024-04-20T05:42:40.528+0000] {logging_mixin.py:117} INFO - [2024-04-20T05:42:40.528+0000] {dag.py:2573} INFO - Sync 1 DAGs
[2024-04-20T05:42:40.574+0000] {logging_mixin.py:117} INFO - [2024-04-20T05:42:40.574+0000] {dag.py:3328} INFO - Setting next_dagrun for tutorial_taskflow_api to None, run_after=None
[2024-04-20T05:42:40.623+0000] {processor.py:178} INFO - Processing /home/airflow/.local/lib/python3.7/site-packages/airflow/example_dags/tutorial_taskflow_api.py took 0.180 seconds
[2024-04-20T05:43:10.702+0000] {processor.py:156} INFO - Started process (PID=5332) to work on /home/airflow/.local/lib/python3.7/site-packages/airflow/example_dags/tutorial_taskflow_api.py
[2024-04-20T05:43:10.702+0000] {processor.py:758} INFO - Processing file /home/airflow/.local/lib/python3.7/site-packages/airflow/example_dags/tutorial_taskflow_api.py for tasks to queue
[2024-04-20T05:43:10.702+0000] {logging_mixin.py:117} INFO - [2024-04-20T05:43:10.702+0000] {dagbag.py:525} INFO - Filling up the DagBag from /home/airflow/.local/lib/python3.7/site-packages/airflow/example_dags/tutorial_taskflow_api.py
[2024-04-20T05:43:10.721+0000] {processor.py:768} INFO - DAG(s) dict_keys(['tutorial_taskflow_api']) retrieved from /home/airflow/.local/lib/python3.7/site-packages/airflow/example_dags/tutorial_taskflow_api.py
[2024-04-20T05:43:10.755+0000] {logging_mixin.py:117} INFO - [2024-04-20T05:43:10.755+0000] {dag.py:2573} INFO - Sync 1 DAGs
[2024-04-20T05:43:10.774+0000] {logging_mixin.py:117} INFO - [2024-04-20T05:43:10.774+0000] {dag.py:3328} INFO - Setting next_dagrun for tutorial_taskflow_api to None, run_after=None
[2024-04-20T05:43:10.793+0000] {processor.py:178} INFO - Processing /home/airflow/.local/lib/python3.7/site-packages/airflow/example_dags/tutorial_taskflow_api.py took 0.094 seconds
[2024-04-20T05:43:40.819+0000] {processor.py:156} INFO - Started process (PID=5591) to work on /home/airflow/.local/lib/python3.7/site-packages/airflow/example_dags/tutorial_taskflow_api.py
[2024-04-20T05:43:40.820+0000] {processor.py:758} INFO - Processing file /home/airflow/.local/lib/python3.7/site-packages/airflow/example_dags/tutorial_taskflow_api.py for tasks to queue
[2024-04-20T05:43:40.820+0000] {logging_mixin.py:117} INFO - [2024-04-20T05:43:40.820+0000] {dagbag.py:525} INFO - Filling up the DagBag from /home/airflow/.local/lib/python3.7/site-packages/airflow/example_dags/tutorial_taskflow_api.py
[2024-04-20T05:43:40.840+0000] {processor.py:768} INFO - DAG(s) dict_keys(['tutorial_taskflow_api']) retrieved from /home/airflow/.local/lib/python3.7/site-packages/airflow/example_dags/tutorial_taskflow_api.py
[2024-04-20T05:43:40.873+0000] {logging_mixin.py:117} INFO - [2024-04-20T05:43:40.873+0000] {dag.py:2573} INFO - Sync 1 DAGs
[2024-04-20T05:43:40.894+0000] {logging_mixin.py:117} INFO - [2024-04-20T05:43:40.893+0000] {dag.py:3328} INFO - Setting next_dagrun for tutorial_taskflow_api to None, run_after=None
[2024-04-20T05:43:40.918+0000] {processor.py:178} INFO - Processing /home/airflow/.local/lib/python3.7/site-packages/airflow/example_dags/tutorial_taskflow_api.py took 0.101 seconds
[2024-04-20T05:44:11.835+0000] {processor.py:156} INFO - Started process (PID=5808) to work on /home/airflow/.local/lib/python3.7/site-packages/airflow/example_dags/tutorial_taskflow_api.py
[2024-04-20T05:44:11.836+0000] {processor.py:758} INFO - Processing file /home/airflow/.local/lib/python3.7/site-packages/airflow/example_dags/tutorial_taskflow_api.py for tasks to queue
[2024-04-20T05:44:11.837+0000] {logging_mixin.py:117} INFO - [2024-04-20T05:44:11.837+0000] {dagbag.py:525} INFO - Filling up the DagBag from /home/airflow/.local/lib/python3.7/site-packages/airflow/example_dags/tutorial_taskflow_api.py
[2024-04-20T05:44:11.872+0000] {processor.py:768} INFO - DAG(s) dict_keys(['tutorial_taskflow_api']) retrieved from /home/airflow/.local/lib/python3.7/site-packages/airflow/example_dags/tutorial_taskflow_api.py
[2024-04-20T05:44:11.982+0000] {logging_mixin.py:117} INFO - [2024-04-20T05:44:11.982+0000] {dag.py:2573} INFO - Sync 1 DAGs
[2024-04-20T05:44:12.012+0000] {logging_mixin.py:117} INFO - [2024-04-20T05:44:12.012+0000] {dag.py:3328} INFO - Setting next_dagrun for tutorial_taskflow_api to None, run_after=None
[2024-04-20T05:44:12.033+0000] {processor.py:178} INFO - Processing /home/airflow/.local/lib/python3.7/site-packages/airflow/example_dags/tutorial_taskflow_api.py took 0.205 seconds
[2024-04-20T05:44:42.084+0000] {processor.py:156} INFO - Started process (PID=6074) to work on /home/airflow/.local/lib/python3.7/site-packages/airflow/example_dags/tutorial_taskflow_api.py
[2024-04-20T05:44:42.085+0000] {processor.py:758} INFO - Processing file /home/airflow/.local/lib/python3.7/site-packages/airflow/example_dags/tutorial_taskflow_api.py for tasks to queue
[2024-04-20T05:44:42.085+0000] {logging_mixin.py:117} INFO - [2024-04-20T05:44:42.085+0000] {dagbag.py:525} INFO - Filling up the DagBag from /home/airflow/.local/lib/python3.7/site-packages/airflow/example_dags/tutorial_taskflow_api.py
[2024-04-20T05:44:42.113+0000] {processor.py:768} INFO - DAG(s) dict_keys(['tutorial_taskflow_api']) retrieved from /home/airflow/.local/lib/python3.7/site-packages/airflow/example_dags/tutorial_taskflow_api.py
[2024-04-20T05:44:42.167+0000] {logging_mixin.py:117} INFO - [2024-04-20T05:44:42.167+0000] {dag.py:2573} INFO - Sync 1 DAGs
[2024-04-20T05:44:42.198+0000] {logging_mixin.py:117} INFO - [2024-04-20T05:44:42.198+0000] {dag.py:3328} INFO - Setting next_dagrun for tutorial_taskflow_api to None, run_after=None
[2024-04-20T05:44:42.225+0000] {processor.py:178} INFO - Processing /home/airflow/.local/lib/python3.7/site-packages/airflow/example_dags/tutorial_taskflow_api.py took 0.144 seconds
[2024-04-20T05:45:12.487+0000] {processor.py:156} INFO - Started process (PID=6328) to work on /home/airflow/.local/lib/python3.7/site-packages/airflow/example_dags/tutorial_taskflow_api.py
[2024-04-20T05:45:12.488+0000] {processor.py:758} INFO - Processing file /home/airflow/.local/lib/python3.7/site-packages/airflow/example_dags/tutorial_taskflow_api.py for tasks to queue
[2024-04-20T05:45:12.488+0000] {logging_mixin.py:117} INFO - [2024-04-20T05:45:12.488+0000] {dagbag.py:525} INFO - Filling up the DagBag from /home/airflow/.local/lib/python3.7/site-packages/airflow/example_dags/tutorial_taskflow_api.py
[2024-04-20T05:45:12.547+0000] {processor.py:768} INFO - DAG(s) dict_keys(['tutorial_taskflow_api']) retrieved from /home/airflow/.local/lib/python3.7/site-packages/airflow/example_dags/tutorial_taskflow_api.py
[2024-04-20T05:45:12.691+0000] {logging_mixin.py:117} INFO - [2024-04-20T05:45:12.690+0000] {dag.py:2573} INFO - Sync 1 DAGs
[2024-04-20T05:45:12.741+0000] {logging_mixin.py:117} INFO - [2024-04-20T05:45:12.741+0000] {dag.py:3328} INFO - Setting next_dagrun for tutorial_taskflow_api to None, run_after=None
[2024-04-20T05:45:12.777+0000] {processor.py:178} INFO - Processing /home/airflow/.local/lib/python3.7/site-packages/airflow/example_dags/tutorial_taskflow_api.py took 0.294 seconds
[2024-04-20T05:45:42.956+0000] {processor.py:156} INFO - Started process (PID=6600) to work on /home/airflow/.local/lib/python3.7/site-packages/airflow/example_dags/tutorial_taskflow_api.py
[2024-04-20T05:45:42.957+0000] {processor.py:758} INFO - Processing file /home/airflow/.local/lib/python3.7/site-packages/airflow/example_dags/tutorial_taskflow_api.py for tasks to queue
[2024-04-20T05:45:42.958+0000] {logging_mixin.py:117} INFO - [2024-04-20T05:45:42.957+0000] {dagbag.py:525} INFO - Filling up the DagBag from /home/airflow/.local/lib/python3.7/site-packages/airflow/example_dags/tutorial_taskflow_api.py
[2024-04-20T05:45:42.987+0000] {processor.py:768} INFO - DAG(s) dict_keys(['tutorial_taskflow_api']) retrieved from /home/airflow/.local/lib/python3.7/site-packages/airflow/example_dags/tutorial_taskflow_api.py
[2024-04-20T05:45:43.041+0000] {logging_mixin.py:117} INFO - [2024-04-20T05:45:43.041+0000] {dag.py:2573} INFO - Sync 1 DAGs
[2024-04-20T05:45:43.072+0000] {logging_mixin.py:117} INFO - [2024-04-20T05:45:43.072+0000] {dag.py:3328} INFO - Setting next_dagrun for tutorial_taskflow_api to None, run_after=None
[2024-04-20T05:45:43.116+0000] {processor.py:178} INFO - Processing /home/airflow/.local/lib/python3.7/site-packages/airflow/example_dags/tutorial_taskflow_api.py took 0.163 seconds
[2024-04-20T05:46:13.255+0000] {processor.py:156} INFO - Started process (PID=6857) to work on /home/airflow/.local/lib/python3.7/site-packages/airflow/example_dags/tutorial_taskflow_api.py
[2024-04-20T05:46:13.255+0000] {processor.py:758} INFO - Processing file /home/airflow/.local/lib/python3.7/site-packages/airflow/example_dags/tutorial_taskflow_api.py for tasks to queue
[2024-04-20T05:46:13.256+0000] {logging_mixin.py:117} INFO - [2024-04-20T05:46:13.256+0000] {dagbag.py:525} INFO - Filling up the DagBag from /home/airflow/.local/lib/python3.7/site-packages/airflow/example_dags/tutorial_taskflow_api.py
[2024-04-20T05:46:13.284+0000] {processor.py:768} INFO - DAG(s) dict_keys(['tutorial_taskflow_api']) retrieved from /home/airflow/.local/lib/python3.7/site-packages/airflow/example_dags/tutorial_taskflow_api.py
[2024-04-20T05:46:13.350+0000] {logging_mixin.py:117} INFO - [2024-04-20T05:46:13.350+0000] {dag.py:2573} INFO - Sync 1 DAGs
[2024-04-20T05:46:13.433+0000] {logging_mixin.py:117} INFO - [2024-04-20T05:46:13.433+0000] {dag.py:3328} INFO - Setting next_dagrun for tutorial_taskflow_api to None, run_after=None
[2024-04-20T05:46:13.519+0000] {processor.py:178} INFO - Processing /home/airflow/.local/lib/python3.7/site-packages/airflow/example_dags/tutorial_taskflow_api.py took 0.268 seconds
[2024-04-20T05:46:43.943+0000] {processor.py:156} INFO - Started process (PID=7109) to work on /home/airflow/.local/lib/python3.7/site-packages/airflow/example_dags/tutorial_taskflow_api.py
[2024-04-20T05:46:43.950+0000] {processor.py:758} INFO - Processing file /home/airflow/.local/lib/python3.7/site-packages/airflow/example_dags/tutorial_taskflow_api.py for tasks to queue
[2024-04-20T05:46:43.954+0000] {logging_mixin.py:117} INFO - [2024-04-20T05:46:43.952+0000] {dagbag.py:525} INFO - Filling up the DagBag from /home/airflow/.local/lib/python3.7/site-packages/airflow/example_dags/tutorial_taskflow_api.py
[2024-04-20T05:46:43.993+0000] {processor.py:768} INFO - DAG(s) dict_keys(['tutorial_taskflow_api']) retrieved from /home/airflow/.local/lib/python3.7/site-packages/airflow/example_dags/tutorial_taskflow_api.py
[2024-04-20T05:46:44.046+0000] {logging_mixin.py:117} INFO - [2024-04-20T05:46:44.046+0000] {dag.py:2573} INFO - Sync 1 DAGs
[2024-04-20T05:46:44.078+0000] {logging_mixin.py:117} INFO - [2024-04-20T05:46:44.078+0000] {dag.py:3328} INFO - Setting next_dagrun for tutorial_taskflow_api to None, run_after=None
[2024-04-20T05:46:44.110+0000] {processor.py:178} INFO - Processing /home/airflow/.local/lib/python3.7/site-packages/airflow/example_dags/tutorial_taskflow_api.py took 0.182 seconds
[2024-04-20T05:47:14.509+0000] {processor.py:156} INFO - Started process (PID=7354) to work on /home/airflow/.local/lib/python3.7/site-packages/airflow/example_dags/tutorial_taskflow_api.py
[2024-04-20T05:47:14.510+0000] {processor.py:758} INFO - Processing file /home/airflow/.local/lib/python3.7/site-packages/airflow/example_dags/tutorial_taskflow_api.py for tasks to queue
[2024-04-20T05:47:14.510+0000] {logging_mixin.py:117} INFO - [2024-04-20T05:47:14.510+0000] {dagbag.py:525} INFO - Filling up the DagBag from /home/airflow/.local/lib/python3.7/site-packages/airflow/example_dags/tutorial_taskflow_api.py
[2024-04-20T05:47:14.537+0000] {processor.py:768} INFO - DAG(s) dict_keys(['tutorial_taskflow_api']) retrieved from /home/airflow/.local/lib/python3.7/site-packages/airflow/example_dags/tutorial_taskflow_api.py
[2024-04-20T05:47:14.614+0000] {logging_mixin.py:117} INFO - [2024-04-20T05:47:14.613+0000] {dag.py:2573} INFO - Sync 1 DAGs
[2024-04-20T05:47:14.742+0000] {logging_mixin.py:117} INFO - [2024-04-20T05:47:14.742+0000] {dag.py:3328} INFO - Setting next_dagrun for tutorial_taskflow_api to None, run_after=None
[2024-04-20T05:47:14.803+0000] {processor.py:178} INFO - Processing /home/airflow/.local/lib/python3.7/site-packages/airflow/example_dags/tutorial_taskflow_api.py took 0.297 seconds
[2024-04-20T05:47:45.559+0000] {processor.py:156} INFO - Started process (PID=7613) to work on /home/airflow/.local/lib/python3.7/site-packages/airflow/example_dags/tutorial_taskflow_api.py
[2024-04-20T05:47:45.560+0000] {processor.py:758} INFO - Processing file /home/airflow/.local/lib/python3.7/site-packages/airflow/example_dags/tutorial_taskflow_api.py for tasks to queue
[2024-04-20T05:47:45.560+0000] {logging_mixin.py:117} INFO - [2024-04-20T05:47:45.560+0000] {dagbag.py:525} INFO - Filling up the DagBag from /home/airflow/.local/lib/python3.7/site-packages/airflow/example_dags/tutorial_taskflow_api.py
[2024-04-20T05:47:45.589+0000] {processor.py:768} INFO - DAG(s) dict_keys(['tutorial_taskflow_api']) retrieved from /home/airflow/.local/lib/python3.7/site-packages/airflow/example_dags/tutorial_taskflow_api.py
[2024-04-20T05:47:45.642+0000] {logging_mixin.py:117} INFO - [2024-04-20T05:47:45.642+0000] {dag.py:2573} INFO - Sync 1 DAGs
[2024-04-20T05:47:45.673+0000] {logging_mixin.py:117} INFO - [2024-04-20T05:47:45.673+0000] {dag.py:3328} INFO - Setting next_dagrun for tutorial_taskflow_api to None, run_after=None
[2024-04-20T05:47:45.698+0000] {processor.py:178} INFO - Processing /home/airflow/.local/lib/python3.7/site-packages/airflow/example_dags/tutorial_taskflow_api.py took 0.147 seconds
[2024-04-20T05:48:15.954+0000] {processor.py:156} INFO - Started process (PID=7862) to work on /home/airflow/.local/lib/python3.7/site-packages/airflow/example_dags/tutorial_taskflow_api.py
[2024-04-20T05:48:15.954+0000] {processor.py:758} INFO - Processing file /home/airflow/.local/lib/python3.7/site-packages/airflow/example_dags/tutorial_taskflow_api.py for tasks to queue
[2024-04-20T05:48:15.955+0000] {logging_mixin.py:117} INFO - [2024-04-20T05:48:15.955+0000] {dagbag.py:525} INFO - Filling up the DagBag from /home/airflow/.local/lib/python3.7/site-packages/airflow/example_dags/tutorial_taskflow_api.py
[2024-04-20T05:48:15.983+0000] {processor.py:768} INFO - DAG(s) dict_keys(['tutorial_taskflow_api']) retrieved from /home/airflow/.local/lib/python3.7/site-packages/airflow/example_dags/tutorial_taskflow_api.py
[2024-04-20T05:48:16.031+0000] {logging_mixin.py:117} INFO - [2024-04-20T05:48:16.030+0000] {dag.py:2573} INFO - Sync 1 DAGs
[2024-04-20T05:48:16.063+0000] {logging_mixin.py:117} INFO - [2024-04-20T05:48:16.063+0000] {dag.py:3328} INFO - Setting next_dagrun for tutorial_taskflow_api to None, run_after=None
[2024-04-20T05:48:16.088+0000] {processor.py:178} INFO - Processing /home/airflow/.local/lib/python3.7/site-packages/airflow/example_dags/tutorial_taskflow_api.py took 0.137 seconds
[2024-04-20T05:48:46.334+0000] {processor.py:156} INFO - Started process (PID=8092) to work on /home/airflow/.local/lib/python3.7/site-packages/airflow/example_dags/tutorial_taskflow_api.py
[2024-04-20T05:48:46.335+0000] {processor.py:758} INFO - Processing file /home/airflow/.local/lib/python3.7/site-packages/airflow/example_dags/tutorial_taskflow_api.py for tasks to queue
[2024-04-20T05:48:46.336+0000] {logging_mixin.py:117} INFO - [2024-04-20T05:48:46.336+0000] {dagbag.py:525} INFO - Filling up the DagBag from /home/airflow/.local/lib/python3.7/site-packages/airflow/example_dags/tutorial_taskflow_api.py
[2024-04-20T05:48:46.366+0000] {processor.py:768} INFO - DAG(s) dict_keys(['tutorial_taskflow_api']) retrieved from /home/airflow/.local/lib/python3.7/site-packages/airflow/example_dags/tutorial_taskflow_api.py
[2024-04-20T05:48:46.424+0000] {logging_mixin.py:117} INFO - [2024-04-20T05:48:46.424+0000] {dag.py:2573} INFO - Sync 1 DAGs
[2024-04-20T05:48:46.458+0000] {logging_mixin.py:117} INFO - [2024-04-20T05:48:46.458+0000] {dag.py:3328} INFO - Setting next_dagrun for tutorial_taskflow_api to None, run_after=None
[2024-04-20T05:48:46.483+0000] {processor.py:178} INFO - Processing /home/airflow/.local/lib/python3.7/site-packages/airflow/example_dags/tutorial_taskflow_api.py took 0.152 seconds
[2024-04-20T05:49:16.992+0000] {processor.py:156} INFO - Started process (PID=8334) to work on /home/airflow/.local/lib/python3.7/site-packages/airflow/example_dags/tutorial_taskflow_api.py
[2024-04-20T05:49:16.993+0000] {processor.py:758} INFO - Processing file /home/airflow/.local/lib/python3.7/site-packages/airflow/example_dags/tutorial_taskflow_api.py for tasks to queue
[2024-04-20T05:49:16.993+0000] {logging_mixin.py:117} INFO - [2024-04-20T05:49:16.993+0000] {dagbag.py:525} INFO - Filling up the DagBag from /home/airflow/.local/lib/python3.7/site-packages/airflow/example_dags/tutorial_taskflow_api.py
[2024-04-20T05:49:17.021+0000] {processor.py:768} INFO - DAG(s) dict_keys(['tutorial_taskflow_api']) retrieved from /home/airflow/.local/lib/python3.7/site-packages/airflow/example_dags/tutorial_taskflow_api.py
[2024-04-20T05:49:17.072+0000] {logging_mixin.py:117} INFO - [2024-04-20T05:49:17.072+0000] {dag.py:2573} INFO - Sync 1 DAGs
[2024-04-20T05:49:17.102+0000] {logging_mixin.py:117} INFO - [2024-04-20T05:49:17.102+0000] {dag.py:3328} INFO - Setting next_dagrun for tutorial_taskflow_api to None, run_after=None
[2024-04-20T05:49:17.128+0000] {processor.py:178} INFO - Processing /home/airflow/.local/lib/python3.7/site-packages/airflow/example_dags/tutorial_taskflow_api.py took 0.139 seconds
[2024-04-20T05:49:47.406+0000] {processor.py:156} INFO - Started process (PID=8563) to work on /home/airflow/.local/lib/python3.7/site-packages/airflow/example_dags/tutorial_taskflow_api.py
[2024-04-20T05:49:47.407+0000] {processor.py:758} INFO - Processing file /home/airflow/.local/lib/python3.7/site-packages/airflow/example_dags/tutorial_taskflow_api.py for tasks to queue
[2024-04-20T05:49:47.407+0000] {logging_mixin.py:117} INFO - [2024-04-20T05:49:47.407+0000] {dagbag.py:525} INFO - Filling up the DagBag from /home/airflow/.local/lib/python3.7/site-packages/airflow/example_dags/tutorial_taskflow_api.py
[2024-04-20T05:49:47.449+0000] {processor.py:768} INFO - DAG(s) dict_keys(['tutorial_taskflow_api']) retrieved from /home/airflow/.local/lib/python3.7/site-packages/airflow/example_dags/tutorial_taskflow_api.py
[2024-04-20T05:49:47.496+0000] {logging_mixin.py:117} INFO - [2024-04-20T05:49:47.496+0000] {dag.py:2573} INFO - Sync 1 DAGs
[2024-04-20T05:49:47.531+0000] {logging_mixin.py:117} INFO - [2024-04-20T05:49:47.531+0000] {dag.py:3328} INFO - Setting next_dagrun for tutorial_taskflow_api to None, run_after=None
[2024-04-20T05:49:47.554+0000] {processor.py:178} INFO - Processing /home/airflow/.local/lib/python3.7/site-packages/airflow/example_dags/tutorial_taskflow_api.py took 0.151 seconds
[2024-04-20T05:50:18.158+0000] {processor.py:156} INFO - Started process (PID=8813) to work on /home/airflow/.local/lib/python3.7/site-packages/airflow/example_dags/tutorial_taskflow_api.py
[2024-04-20T05:50:18.159+0000] {processor.py:758} INFO - Processing file /home/airflow/.local/lib/python3.7/site-packages/airflow/example_dags/tutorial_taskflow_api.py for tasks to queue
[2024-04-20T05:50:18.159+0000] {logging_mixin.py:117} INFO - [2024-04-20T05:50:18.159+0000] {dagbag.py:525} INFO - Filling up the DagBag from /home/airflow/.local/lib/python3.7/site-packages/airflow/example_dags/tutorial_taskflow_api.py
[2024-04-20T05:50:18.187+0000] {processor.py:768} INFO - DAG(s) dict_keys(['tutorial_taskflow_api']) retrieved from /home/airflow/.local/lib/python3.7/site-packages/airflow/example_dags/tutorial_taskflow_api.py
[2024-04-20T05:50:18.235+0000] {logging_mixin.py:117} INFO - [2024-04-20T05:50:18.235+0000] {dag.py:2573} INFO - Sync 1 DAGs
[2024-04-20T05:50:18.271+0000] {logging_mixin.py:117} INFO - [2024-04-20T05:50:18.271+0000] {dag.py:3328} INFO - Setting next_dagrun for tutorial_taskflow_api to None, run_after=None
[2024-04-20T05:50:18.295+0000] {processor.py:178} INFO - Processing /home/airflow/.local/lib/python3.7/site-packages/airflow/example_dags/tutorial_taskflow_api.py took 0.140 seconds
[2024-04-20T05:50:48.994+0000] {processor.py:156} INFO - Started process (PID=9041) to work on /home/airflow/.local/lib/python3.7/site-packages/airflow/example_dags/tutorial_taskflow_api.py
[2024-04-20T05:50:48.994+0000] {processor.py:758} INFO - Processing file /home/airflow/.local/lib/python3.7/site-packages/airflow/example_dags/tutorial_taskflow_api.py for tasks to queue
[2024-04-20T05:50:48.995+0000] {logging_mixin.py:117} INFO - [2024-04-20T05:50:48.995+0000] {dagbag.py:525} INFO - Filling up the DagBag from /home/airflow/.local/lib/python3.7/site-packages/airflow/example_dags/tutorial_taskflow_api.py
[2024-04-20T05:50:49.023+0000] {processor.py:768} INFO - DAG(s) dict_keys(['tutorial_taskflow_api']) retrieved from /home/airflow/.local/lib/python3.7/site-packages/airflow/example_dags/tutorial_taskflow_api.py
[2024-04-20T05:50:49.079+0000] {logging_mixin.py:117} INFO - [2024-04-20T05:50:49.079+0000] {dag.py:2573} INFO - Sync 1 DAGs
[2024-04-20T05:50:49.109+0000] {logging_mixin.py:117} INFO - [2024-04-20T05:50:49.109+0000] {dag.py:3328} INFO - Setting next_dagrun for tutorial_taskflow_api to None, run_after=None
[2024-04-20T05:50:49.134+0000] {processor.py:178} INFO - Processing /home/airflow/.local/lib/python3.7/site-packages/airflow/example_dags/tutorial_taskflow_api.py took 0.143 seconds
[2024-04-20T05:51:19.470+0000] {processor.py:156} INFO - Started process (PID=9260) to work on /home/airflow/.local/lib/python3.7/site-packages/airflow/example_dags/tutorial_taskflow_api.py
[2024-04-20T05:51:19.470+0000] {processor.py:758} INFO - Processing file /home/airflow/.local/lib/python3.7/site-packages/airflow/example_dags/tutorial_taskflow_api.py for tasks to queue
[2024-04-20T05:51:19.471+0000] {logging_mixin.py:117} INFO - [2024-04-20T05:51:19.471+0000] {dagbag.py:525} INFO - Filling up the DagBag from /home/airflow/.local/lib/python3.7/site-packages/airflow/example_dags/tutorial_taskflow_api.py
[2024-04-20T05:51:19.499+0000] {processor.py:768} INFO - DAG(s) dict_keys(['tutorial_taskflow_api']) retrieved from /home/airflow/.local/lib/python3.7/site-packages/airflow/example_dags/tutorial_taskflow_api.py
[2024-04-20T05:51:19.548+0000] {logging_mixin.py:117} INFO - [2024-04-20T05:51:19.548+0000] {dag.py:2573} INFO - Sync 1 DAGs
[2024-04-20T05:51:19.579+0000] {logging_mixin.py:117} INFO - [2024-04-20T05:51:19.579+0000] {dag.py:3328} INFO - Setting next_dagrun for tutorial_taskflow_api to None, run_after=None
[2024-04-20T05:51:19.603+0000] {processor.py:178} INFO - Processing /home/airflow/.local/lib/python3.7/site-packages/airflow/example_dags/tutorial_taskflow_api.py took 0.136 seconds
[2024-04-20T05:51:49.876+0000] {processor.py:156} INFO - Started process (PID=9490) to work on /home/airflow/.local/lib/python3.7/site-packages/airflow/example_dags/tutorial_taskflow_api.py
[2024-04-20T05:51:49.877+0000] {processor.py:758} INFO - Processing file /home/airflow/.local/lib/python3.7/site-packages/airflow/example_dags/tutorial_taskflow_api.py for tasks to queue
[2024-04-20T05:51:49.878+0000] {logging_mixin.py:117} INFO - [2024-04-20T05:51:49.877+0000] {dagbag.py:525} INFO - Filling up the DagBag from /home/airflow/.local/lib/python3.7/site-packages/airflow/example_dags/tutorial_taskflow_api.py
[2024-04-20T05:51:49.906+0000] {processor.py:768} INFO - DAG(s) dict_keys(['tutorial_taskflow_api']) retrieved from /home/airflow/.local/lib/python3.7/site-packages/airflow/example_dags/tutorial_taskflow_api.py
[2024-04-20T05:51:49.979+0000] {logging_mixin.py:117} INFO - [2024-04-20T05:51:49.978+0000] {dag.py:2573} INFO - Sync 1 DAGs
[2024-04-20T05:51:50.011+0000] {logging_mixin.py:117} INFO - [2024-04-20T05:51:50.011+0000] {dag.py:3328} INFO - Setting next_dagrun for tutorial_taskflow_api to None, run_after=None
[2024-04-20T05:51:50.034+0000] {processor.py:178} INFO - Processing /home/airflow/.local/lib/python3.7/site-packages/airflow/example_dags/tutorial_taskflow_api.py took 0.161 seconds
[2024-04-20T05:52:20.887+0000] {processor.py:156} INFO - Started process (PID=9718) to work on /home/airflow/.local/lib/python3.7/site-packages/airflow/example_dags/tutorial_taskflow_api.py
[2024-04-20T05:52:20.887+0000] {processor.py:758} INFO - Processing file /home/airflow/.local/lib/python3.7/site-packages/airflow/example_dags/tutorial_taskflow_api.py for tasks to queue
[2024-04-20T05:52:20.888+0000] {logging_mixin.py:117} INFO - [2024-04-20T05:52:20.888+0000] {dagbag.py:525} INFO - Filling up the DagBag from /home/airflow/.local/lib/python3.7/site-packages/airflow/example_dags/tutorial_taskflow_api.py
[2024-04-20T05:52:20.944+0000] {processor.py:768} INFO - DAG(s) dict_keys(['tutorial_taskflow_api']) retrieved from /home/airflow/.local/lib/python3.7/site-packages/airflow/example_dags/tutorial_taskflow_api.py
[2024-04-20T05:52:21.017+0000] {logging_mixin.py:117} INFO - [2024-04-20T05:52:21.017+0000] {dag.py:2573} INFO - Sync 1 DAGs
[2024-04-20T05:52:21.057+0000] {logging_mixin.py:117} INFO - [2024-04-20T05:52:21.057+0000] {dag.py:3328} INFO - Setting next_dagrun for tutorial_taskflow_api to None, run_after=None
[2024-04-20T05:52:21.081+0000] {processor.py:178} INFO - Processing /home/airflow/.local/lib/python3.7/site-packages/airflow/example_dags/tutorial_taskflow_api.py took 0.197 seconds
[2024-04-20T05:52:51.164+0000] {processor.py:156} INFO - Started process (PID=9936) to work on /home/airflow/.local/lib/python3.7/site-packages/airflow/example_dags/tutorial_taskflow_api.py
[2024-04-20T05:52:51.165+0000] {processor.py:758} INFO - Processing file /home/airflow/.local/lib/python3.7/site-packages/airflow/example_dags/tutorial_taskflow_api.py for tasks to queue
[2024-04-20T05:52:51.166+0000] {logging_mixin.py:117} INFO - [2024-04-20T05:52:51.166+0000] {dagbag.py:525} INFO - Filling up the DagBag from /home/airflow/.local/lib/python3.7/site-packages/airflow/example_dags/tutorial_taskflow_api.py
[2024-04-20T05:52:51.232+0000] {processor.py:768} INFO - DAG(s) dict_keys(['tutorial_taskflow_api']) retrieved from /home/airflow/.local/lib/python3.7/site-packages/airflow/example_dags/tutorial_taskflow_api.py
[2024-04-20T05:52:51.362+0000] {logging_mixin.py:117} INFO - [2024-04-20T05:52:51.362+0000] {dag.py:2573} INFO - Sync 1 DAGs
[2024-04-20T05:52:51.432+0000] {logging_mixin.py:117} INFO - [2024-04-20T05:52:51.432+0000] {dag.py:3328} INFO - Setting next_dagrun for tutorial_taskflow_api to None, run_after=None
[2024-04-20T05:52:51.493+0000] {processor.py:178} INFO - Processing /home/airflow/.local/lib/python3.7/site-packages/airflow/example_dags/tutorial_taskflow_api.py took 0.332 seconds
[2024-04-20T05:53:21.784+0000] {processor.py:156} INFO - Started process (PID=10173) to work on /home/airflow/.local/lib/python3.7/site-packages/airflow/example_dags/tutorial_taskflow_api.py
[2024-04-20T05:53:21.784+0000] {processor.py:758} INFO - Processing file /home/airflow/.local/lib/python3.7/site-packages/airflow/example_dags/tutorial_taskflow_api.py for tasks to queue
[2024-04-20T05:53:21.785+0000] {logging_mixin.py:117} INFO - [2024-04-20T05:53:21.785+0000] {dagbag.py:525} INFO - Filling up the DagBag from /home/airflow/.local/lib/python3.7/site-packages/airflow/example_dags/tutorial_taskflow_api.py
[2024-04-20T05:53:21.813+0000] {processor.py:768} INFO - DAG(s) dict_keys(['tutorial_taskflow_api']) retrieved from /home/airflow/.local/lib/python3.7/site-packages/airflow/example_dags/tutorial_taskflow_api.py
[2024-04-20T05:53:21.864+0000] {logging_mixin.py:117} INFO - [2024-04-20T05:53:21.864+0000] {dag.py:2573} INFO - Sync 1 DAGs
[2024-04-20T05:53:21.895+0000] {logging_mixin.py:117} INFO - [2024-04-20T05:53:21.895+0000] {dag.py:3328} INFO - Setting next_dagrun for tutorial_taskflow_api to None, run_after=None
[2024-04-20T05:53:21.918+0000] {processor.py:178} INFO - Processing /home/airflow/.local/lib/python3.7/site-packages/airflow/example_dags/tutorial_taskflow_api.py took 0.137 seconds
[2024-04-20T05:53:52.512+0000] {processor.py:156} INFO - Started process (PID=10401) to work on /home/airflow/.local/lib/python3.7/site-packages/airflow/example_dags/tutorial_taskflow_api.py
[2024-04-20T05:53:52.512+0000] {processor.py:758} INFO - Processing file /home/airflow/.local/lib/python3.7/site-packages/airflow/example_dags/tutorial_taskflow_api.py for tasks to queue
[2024-04-20T05:53:52.513+0000] {logging_mixin.py:117} INFO - [2024-04-20T05:53:52.513+0000] {dagbag.py:525} INFO - Filling up the DagBag from /home/airflow/.local/lib/python3.7/site-packages/airflow/example_dags/tutorial_taskflow_api.py
[2024-04-20T05:53:52.542+0000] {processor.py:768} INFO - DAG(s) dict_keys(['tutorial_taskflow_api']) retrieved from /home/airflow/.local/lib/python3.7/site-packages/airflow/example_dags/tutorial_taskflow_api.py
[2024-04-20T05:53:52.597+0000] {logging_mixin.py:117} INFO - [2024-04-20T05:53:52.597+0000] {dag.py:2573} INFO - Sync 1 DAGs
[2024-04-20T05:53:52.635+0000] {logging_mixin.py:117} INFO - [2024-04-20T05:53:52.635+0000] {dag.py:3328} INFO - Setting next_dagrun for tutorial_taskflow_api to None, run_after=None
[2024-04-20T05:53:52.670+0000] {processor.py:178} INFO - Processing /home/airflow/.local/lib/python3.7/site-packages/airflow/example_dags/tutorial_taskflow_api.py took 0.162 seconds
[2024-04-20T05:54:22.792+0000] {processor.py:156} INFO - Started process (PID=10630) to work on /home/airflow/.local/lib/python3.7/site-packages/airflow/example_dags/tutorial_taskflow_api.py
[2024-04-20T05:54:22.798+0000] {processor.py:758} INFO - Processing file /home/airflow/.local/lib/python3.7/site-packages/airflow/example_dags/tutorial_taskflow_api.py for tasks to queue
[2024-04-20T05:54:22.799+0000] {logging_mixin.py:117} INFO - [2024-04-20T05:54:22.799+0000] {dagbag.py:525} INFO - Filling up the DagBag from /home/airflow/.local/lib/python3.7/site-packages/airflow/example_dags/tutorial_taskflow_api.py
[2024-04-20T05:54:22.913+0000] {processor.py:768} INFO - DAG(s) dict_keys(['tutorial_taskflow_api']) retrieved from /home/airflow/.local/lib/python3.7/site-packages/airflow/example_dags/tutorial_taskflow_api.py
[2024-04-20T05:54:23.031+0000] {logging_mixin.py:117} INFO - [2024-04-20T05:54:23.031+0000] {dag.py:2573} INFO - Sync 1 DAGs
[2024-04-20T05:54:23.097+0000] {logging_mixin.py:117} INFO - [2024-04-20T05:54:23.097+0000] {dag.py:3328} INFO - Setting next_dagrun for tutorial_taskflow_api to None, run_after=None
[2024-04-20T05:54:23.133+0000] {processor.py:178} INFO - Processing /home/airflow/.local/lib/python3.7/site-packages/airflow/example_dags/tutorial_taskflow_api.py took 0.351 seconds
[2024-04-20T05:54:53.788+0000] {processor.py:156} INFO - Started process (PID=10863) to work on /home/airflow/.local/lib/python3.7/site-packages/airflow/example_dags/tutorial_taskflow_api.py
[2024-04-20T05:54:53.788+0000] {processor.py:758} INFO - Processing file /home/airflow/.local/lib/python3.7/site-packages/airflow/example_dags/tutorial_taskflow_api.py for tasks to queue
[2024-04-20T05:54:53.789+0000] {logging_mixin.py:117} INFO - [2024-04-20T05:54:53.789+0000] {dagbag.py:525} INFO - Filling up the DagBag from /home/airflow/.local/lib/python3.7/site-packages/airflow/example_dags/tutorial_taskflow_api.py
[2024-04-20T05:54:53.817+0000] {processor.py:768} INFO - DAG(s) dict_keys(['tutorial_taskflow_api']) retrieved from /home/airflow/.local/lib/python3.7/site-packages/airflow/example_dags/tutorial_taskflow_api.py
[2024-04-20T05:54:53.866+0000] {logging_mixin.py:117} INFO - [2024-04-20T05:54:53.866+0000] {dag.py:2573} INFO - Sync 1 DAGs
[2024-04-20T05:54:53.896+0000] {logging_mixin.py:117} INFO - [2024-04-20T05:54:53.896+0000] {dag.py:3328} INFO - Setting next_dagrun for tutorial_taskflow_api to None, run_after=None
[2024-04-20T05:54:53.920+0000] {processor.py:178} INFO - Processing /home/airflow/.local/lib/python3.7/site-packages/airflow/example_dags/tutorial_taskflow_api.py took 0.136 seconds
[2024-04-20T05:55:24.310+0000] {processor.py:156} INFO - Started process (PID=11081) to work on /home/airflow/.local/lib/python3.7/site-packages/airflow/example_dags/tutorial_taskflow_api.py
[2024-04-20T05:55:24.311+0000] {processor.py:758} INFO - Processing file /home/airflow/.local/lib/python3.7/site-packages/airflow/example_dags/tutorial_taskflow_api.py for tasks to queue
[2024-04-20T05:55:24.311+0000] {logging_mixin.py:117} INFO - [2024-04-20T05:55:24.311+0000] {dagbag.py:525} INFO - Filling up the DagBag from /home/airflow/.local/lib/python3.7/site-packages/airflow/example_dags/tutorial_taskflow_api.py
[2024-04-20T05:55:24.340+0000] {processor.py:768} INFO - DAG(s) dict_keys(['tutorial_taskflow_api']) retrieved from /home/airflow/.local/lib/python3.7/site-packages/airflow/example_dags/tutorial_taskflow_api.py
[2024-04-20T05:55:24.387+0000] {logging_mixin.py:117} INFO - [2024-04-20T05:55:24.387+0000] {dag.py:2573} INFO - Sync 1 DAGs
[2024-04-20T05:55:24.423+0000] {logging_mixin.py:117} INFO - [2024-04-20T05:55:24.422+0000] {dag.py:3328} INFO - Setting next_dagrun for tutorial_taskflow_api to None, run_after=None
[2024-04-20T05:55:24.445+0000] {processor.py:178} INFO - Processing /home/airflow/.local/lib/python3.7/site-packages/airflow/example_dags/tutorial_taskflow_api.py took 0.139 seconds
[2024-04-20T05:56:42.348+0000] {processor.py:156} INFO - Started process (PID=300) to work on /home/airflow/.local/lib/python3.7/site-packages/airflow/example_dags/tutorial_taskflow_api.py
[2024-04-20T05:56:42.357+0000] {processor.py:758} INFO - Processing file /home/airflow/.local/lib/python3.7/site-packages/airflow/example_dags/tutorial_taskflow_api.py for tasks to queue
[2024-04-20T05:56:42.361+0000] {logging_mixin.py:117} INFO - [2024-04-20T05:56:42.361+0000] {dagbag.py:525} INFO - Filling up the DagBag from /home/airflow/.local/lib/python3.7/site-packages/airflow/example_dags/tutorial_taskflow_api.py
[2024-04-20T05:56:42.535+0000] {processor.py:768} INFO - DAG(s) dict_keys(['tutorial_taskflow_api']) retrieved from /home/airflow/.local/lib/python3.7/site-packages/airflow/example_dags/tutorial_taskflow_api.py
[2024-04-20T05:56:42.773+0000] {logging_mixin.py:117} INFO - [2024-04-20T05:56:42.773+0000] {dag.py:2573} INFO - Sync 1 DAGs
[2024-04-20T05:56:42.842+0000] {logging_mixin.py:117} INFO - [2024-04-20T05:56:42.842+0000] {dag.py:3328} INFO - Setting next_dagrun for tutorial_taskflow_api to None, run_after=None
[2024-04-20T05:56:42.935+0000] {processor.py:178} INFO - Processing /home/airflow/.local/lib/python3.7/site-packages/airflow/example_dags/tutorial_taskflow_api.py took 0.590 seconds
[2024-04-20T05:57:13.445+0000] {processor.py:156} INFO - Started process (PID=513) to work on /home/airflow/.local/lib/python3.7/site-packages/airflow/example_dags/tutorial_taskflow_api.py
[2024-04-20T05:57:13.446+0000] {processor.py:758} INFO - Processing file /home/airflow/.local/lib/python3.7/site-packages/airflow/example_dags/tutorial_taskflow_api.py for tasks to queue
[2024-04-20T05:57:13.446+0000] {logging_mixin.py:117} INFO - [2024-04-20T05:57:13.446+0000] {dagbag.py:525} INFO - Filling up the DagBag from /home/airflow/.local/lib/python3.7/site-packages/airflow/example_dags/tutorial_taskflow_api.py
[2024-04-20T05:57:13.488+0000] {processor.py:768} INFO - DAG(s) dict_keys(['tutorial_taskflow_api']) retrieved from /home/airflow/.local/lib/python3.7/site-packages/airflow/example_dags/tutorial_taskflow_api.py
[2024-04-20T05:57:13.535+0000] {logging_mixin.py:117} INFO - [2024-04-20T05:57:13.535+0000] {dag.py:2573} INFO - Sync 1 DAGs
[2024-04-20T05:57:13.711+0000] {logging_mixin.py:117} INFO - [2024-04-20T05:57:13.711+0000] {dag.py:3328} INFO - Setting next_dagrun for tutorial_taskflow_api to None, run_after=None
[2024-04-20T05:57:13.729+0000] {processor.py:178} INFO - Processing /home/airflow/.local/lib/python3.7/site-packages/airflow/example_dags/tutorial_taskflow_api.py took 0.288 seconds
[2024-04-20T05:57:43.981+0000] {processor.py:156} INFO - Started process (PID=732) to work on /home/airflow/.local/lib/python3.7/site-packages/airflow/example_dags/tutorial_taskflow_api.py
[2024-04-20T05:57:43.982+0000] {processor.py:758} INFO - Processing file /home/airflow/.local/lib/python3.7/site-packages/airflow/example_dags/tutorial_taskflow_api.py for tasks to queue
[2024-04-20T05:57:43.982+0000] {logging_mixin.py:117} INFO - [2024-04-20T05:57:43.982+0000] {dagbag.py:525} INFO - Filling up the DagBag from /home/airflow/.local/lib/python3.7/site-packages/airflow/example_dags/tutorial_taskflow_api.py
[2024-04-20T05:57:44.009+0000] {processor.py:768} INFO - DAG(s) dict_keys(['tutorial_taskflow_api']) retrieved from /home/airflow/.local/lib/python3.7/site-packages/airflow/example_dags/tutorial_taskflow_api.py
[2024-04-20T05:57:44.059+0000] {logging_mixin.py:117} INFO - [2024-04-20T05:57:44.059+0000] {dag.py:2573} INFO - Sync 1 DAGs
[2024-04-20T05:57:44.318+0000] {logging_mixin.py:117} INFO - [2024-04-20T05:57:44.318+0000] {dag.py:3328} INFO - Setting next_dagrun for tutorial_taskflow_api to None, run_after=None
[2024-04-20T05:57:44.342+0000] {processor.py:178} INFO - Processing /home/airflow/.local/lib/python3.7/site-packages/airflow/example_dags/tutorial_taskflow_api.py took 0.365 seconds
[2024-04-20T05:58:15.097+0000] {processor.py:156} INFO - Started process (PID=957) to work on /home/airflow/.local/lib/python3.7/site-packages/airflow/example_dags/tutorial_taskflow_api.py
[2024-04-20T05:58:15.097+0000] {processor.py:758} INFO - Processing file /home/airflow/.local/lib/python3.7/site-packages/airflow/example_dags/tutorial_taskflow_api.py for tasks to queue
[2024-04-20T05:58:15.098+0000] {logging_mixin.py:117} INFO - [2024-04-20T05:58:15.098+0000] {dagbag.py:525} INFO - Filling up the DagBag from /home/airflow/.local/lib/python3.7/site-packages/airflow/example_dags/tutorial_taskflow_api.py
[2024-04-20T05:58:15.124+0000] {processor.py:768} INFO - DAG(s) dict_keys(['tutorial_taskflow_api']) retrieved from /home/airflow/.local/lib/python3.7/site-packages/airflow/example_dags/tutorial_taskflow_api.py
[2024-04-20T05:58:15.385+0000] {logging_mixin.py:117} INFO - [2024-04-20T05:58:15.385+0000] {dag.py:2573} INFO - Sync 1 DAGs
[2024-04-20T05:58:15.573+0000] {logging_mixin.py:117} INFO - [2024-04-20T05:58:15.572+0000] {dag.py:3328} INFO - Setting next_dagrun for tutorial_taskflow_api to None, run_after=None
[2024-04-20T05:58:15.611+0000] {processor.py:178} INFO - Processing /home/airflow/.local/lib/python3.7/site-packages/airflow/example_dags/tutorial_taskflow_api.py took 0.517 seconds
[2024-04-20T05:58:45.975+0000] {processor.py:156} INFO - Started process (PID=1176) to work on /home/airflow/.local/lib/python3.7/site-packages/airflow/example_dags/tutorial_taskflow_api.py
[2024-04-20T05:58:45.975+0000] {processor.py:758} INFO - Processing file /home/airflow/.local/lib/python3.7/site-packages/airflow/example_dags/tutorial_taskflow_api.py for tasks to queue
[2024-04-20T05:58:45.976+0000] {logging_mixin.py:117} INFO - [2024-04-20T05:58:45.976+0000] {dagbag.py:525} INFO - Filling up the DagBag from /home/airflow/.local/lib/python3.7/site-packages/airflow/example_dags/tutorial_taskflow_api.py
[2024-04-20T05:58:46.003+0000] {processor.py:768} INFO - DAG(s) dict_keys(['tutorial_taskflow_api']) retrieved from /home/airflow/.local/lib/python3.7/site-packages/airflow/example_dags/tutorial_taskflow_api.py
[2024-04-20T05:58:46.205+0000] {logging_mixin.py:117} INFO - [2024-04-20T05:58:46.205+0000] {dag.py:2573} INFO - Sync 1 DAGs
[2024-04-20T05:58:46.243+0000] {logging_mixin.py:117} INFO - [2024-04-20T05:58:46.242+0000] {dag.py:3328} INFO - Setting next_dagrun for tutorial_taskflow_api to None, run_after=None
[2024-04-20T05:58:46.310+0000] {processor.py:178} INFO - Processing /home/airflow/.local/lib/python3.7/site-packages/airflow/example_dags/tutorial_taskflow_api.py took 0.339 seconds
[2024-04-20T05:59:16.859+0000] {processor.py:156} INFO - Started process (PID=1404) to work on /home/airflow/.local/lib/python3.7/site-packages/airflow/example_dags/tutorial_taskflow_api.py
[2024-04-20T05:59:16.860+0000] {processor.py:758} INFO - Processing file /home/airflow/.local/lib/python3.7/site-packages/airflow/example_dags/tutorial_taskflow_api.py for tasks to queue
[2024-04-20T05:59:16.860+0000] {logging_mixin.py:117} INFO - [2024-04-20T05:59:16.860+0000] {dagbag.py:525} INFO - Filling up the DagBag from /home/airflow/.local/lib/python3.7/site-packages/airflow/example_dags/tutorial_taskflow_api.py
[2024-04-20T05:59:17.058+0000] {processor.py:768} INFO - DAG(s) dict_keys(['tutorial_taskflow_api']) retrieved from /home/airflow/.local/lib/python3.7/site-packages/airflow/example_dags/tutorial_taskflow_api.py
[2024-04-20T05:59:17.100+0000] {logging_mixin.py:117} INFO - [2024-04-20T05:59:17.100+0000] {dag.py:2573} INFO - Sync 1 DAGs
[2024-04-20T05:59:17.137+0000] {logging_mixin.py:117} INFO - [2024-04-20T05:59:17.137+0000] {dag.py:3328} INFO - Setting next_dagrun for tutorial_taskflow_api to None, run_after=None
[2024-04-20T05:59:17.163+0000] {processor.py:178} INFO - Processing /home/airflow/.local/lib/python3.7/site-packages/airflow/example_dags/tutorial_taskflow_api.py took 0.307 seconds
[2024-04-20T05:59:47.665+0000] {processor.py:156} INFO - Started process (PID=1633) to work on /home/airflow/.local/lib/python3.7/site-packages/airflow/example_dags/tutorial_taskflow_api.py
[2024-04-20T05:59:47.666+0000] {processor.py:758} INFO - Processing file /home/airflow/.local/lib/python3.7/site-packages/airflow/example_dags/tutorial_taskflow_api.py for tasks to queue
[2024-04-20T05:59:47.667+0000] {logging_mixin.py:117} INFO - [2024-04-20T05:59:47.667+0000] {dagbag.py:525} INFO - Filling up the DagBag from /home/airflow/.local/lib/python3.7/site-packages/airflow/example_dags/tutorial_taskflow_api.py
[2024-04-20T05:59:47.693+0000] {processor.py:768} INFO - DAG(s) dict_keys(['tutorial_taskflow_api']) retrieved from /home/airflow/.local/lib/python3.7/site-packages/airflow/example_dags/tutorial_taskflow_api.py
[2024-04-20T05:59:47.746+0000] {logging_mixin.py:117} INFO - [2024-04-20T05:59:47.746+0000] {dag.py:2573} INFO - Sync 1 DAGs
[2024-04-20T05:59:47.778+0000] {logging_mixin.py:117} INFO - [2024-04-20T05:59:47.778+0000] {dag.py:3328} INFO - Setting next_dagrun for tutorial_taskflow_api to None, run_after=None
[2024-04-20T05:59:47.815+0000] {processor.py:178} INFO - Processing /home/airflow/.local/lib/python3.7/site-packages/airflow/example_dags/tutorial_taskflow_api.py took 0.154 seconds
[2024-04-20T06:00:18.304+0000] {processor.py:156} INFO - Started process (PID=1849) to work on /home/airflow/.local/lib/python3.7/site-packages/airflow/example_dags/tutorial_taskflow_api.py
[2024-04-20T06:00:18.304+0000] {processor.py:758} INFO - Processing file /home/airflow/.local/lib/python3.7/site-packages/airflow/example_dags/tutorial_taskflow_api.py for tasks to queue
[2024-04-20T06:00:18.305+0000] {logging_mixin.py:117} INFO - [2024-04-20T06:00:18.305+0000] {dagbag.py:525} INFO - Filling up the DagBag from /home/airflow/.local/lib/python3.7/site-packages/airflow/example_dags/tutorial_taskflow_api.py
[2024-04-20T06:00:18.368+0000] {processor.py:768} INFO - DAG(s) dict_keys(['tutorial_taskflow_api']) retrieved from /home/airflow/.local/lib/python3.7/site-packages/airflow/example_dags/tutorial_taskflow_api.py
[2024-04-20T06:00:18.507+0000] {logging_mixin.py:117} INFO - [2024-04-20T06:00:18.506+0000] {dag.py:2573} INFO - Sync 1 DAGs
[2024-04-20T06:00:18.539+0000] {logging_mixin.py:117} INFO - [2024-04-20T06:00:18.539+0000] {dag.py:3328} INFO - Setting next_dagrun for tutorial_taskflow_api to None, run_after=None
[2024-04-20T06:00:18.577+0000] {processor.py:178} INFO - Processing /home/airflow/.local/lib/python3.7/site-packages/airflow/example_dags/tutorial_taskflow_api.py took 0.277 seconds
[2024-04-20T06:00:49.209+0000] {processor.py:156} INFO - Started process (PID=2076) to work on /home/airflow/.local/lib/python3.7/site-packages/airflow/example_dags/tutorial_taskflow_api.py
[2024-04-20T06:00:49.210+0000] {processor.py:758} INFO - Processing file /home/airflow/.local/lib/python3.7/site-packages/airflow/example_dags/tutorial_taskflow_api.py for tasks to queue
[2024-04-20T06:00:49.211+0000] {logging_mixin.py:117} INFO - [2024-04-20T06:00:49.210+0000] {dagbag.py:525} INFO - Filling up the DagBag from /home/airflow/.local/lib/python3.7/site-packages/airflow/example_dags/tutorial_taskflow_api.py
[2024-04-20T06:00:49.238+0000] {processor.py:768} INFO - DAG(s) dict_keys(['tutorial_taskflow_api']) retrieved from /home/airflow/.local/lib/python3.7/site-packages/airflow/example_dags/tutorial_taskflow_api.py
[2024-04-20T06:00:49.284+0000] {logging_mixin.py:117} INFO - [2024-04-20T06:00:49.284+0000] {dag.py:2573} INFO - Sync 1 DAGs
[2024-04-20T06:00:49.316+0000] {logging_mixin.py:117} INFO - [2024-04-20T06:00:49.316+0000] {dag.py:3328} INFO - Setting next_dagrun for tutorial_taskflow_api to None, run_after=None
[2024-04-20T06:00:49.347+0000] {processor.py:178} INFO - Processing /home/airflow/.local/lib/python3.7/site-packages/airflow/example_dags/tutorial_taskflow_api.py took 0.143 seconds
[2024-04-20T06:01:19.752+0000] {processor.py:156} INFO - Started process (PID=2303) to work on /home/airflow/.local/lib/python3.7/site-packages/airflow/example_dags/tutorial_taskflow_api.py
[2024-04-20T06:01:19.752+0000] {processor.py:758} INFO - Processing file /home/airflow/.local/lib/python3.7/site-packages/airflow/example_dags/tutorial_taskflow_api.py for tasks to queue
[2024-04-20T06:01:19.753+0000] {logging_mixin.py:117} INFO - [2024-04-20T06:01:19.753+0000] {dagbag.py:525} INFO - Filling up the DagBag from /home/airflow/.local/lib/python3.7/site-packages/airflow/example_dags/tutorial_taskflow_api.py
[2024-04-20T06:01:19.773+0000] {processor.py:768} INFO - DAG(s) dict_keys(['tutorial_taskflow_api']) retrieved from /home/airflow/.local/lib/python3.7/site-packages/airflow/example_dags/tutorial_taskflow_api.py
[2024-04-20T06:01:19.807+0000] {logging_mixin.py:117} INFO - [2024-04-20T06:01:19.807+0000] {dag.py:2573} INFO - Sync 1 DAGs
[2024-04-20T06:01:19.828+0000] {logging_mixin.py:117} INFO - [2024-04-20T06:01:19.828+0000] {dag.py:3328} INFO - Setting next_dagrun for tutorial_taskflow_api to None, run_after=None
[2024-04-20T06:01:19.848+0000] {processor.py:178} INFO - Processing /home/airflow/.local/lib/python3.7/site-packages/airflow/example_dags/tutorial_taskflow_api.py took 0.100 seconds
[2024-04-20T06:01:50.480+0000] {processor.py:156} INFO - Started process (PID=2522) to work on /home/airflow/.local/lib/python3.7/site-packages/airflow/example_dags/tutorial_taskflow_api.py
[2024-04-20T06:01:50.483+0000] {processor.py:758} INFO - Processing file /home/airflow/.local/lib/python3.7/site-packages/airflow/example_dags/tutorial_taskflow_api.py for tasks to queue
[2024-04-20T06:01:50.483+0000] {logging_mixin.py:117} INFO - [2024-04-20T06:01:50.483+0000] {dagbag.py:525} INFO - Filling up the DagBag from /home/airflow/.local/lib/python3.7/site-packages/airflow/example_dags/tutorial_taskflow_api.py
[2024-04-20T06:01:50.544+0000] {processor.py:768} INFO - DAG(s) dict_keys(['tutorial_taskflow_api']) retrieved from /home/airflow/.local/lib/python3.7/site-packages/airflow/example_dags/tutorial_taskflow_api.py
[2024-04-20T06:01:50.600+0000] {logging_mixin.py:117} INFO - [2024-04-20T06:01:50.599+0000] {dag.py:2573} INFO - Sync 1 DAGs
[2024-04-20T06:01:50.630+0000] {logging_mixin.py:117} INFO - [2024-04-20T06:01:50.630+0000] {dag.py:3328} INFO - Setting next_dagrun for tutorial_taskflow_api to None, run_after=None
[2024-04-20T06:01:50.676+0000] {processor.py:178} INFO - Processing /home/airflow/.local/lib/python3.7/site-packages/airflow/example_dags/tutorial_taskflow_api.py took 0.201 seconds
[2024-04-20T06:02:21.384+0000] {processor.py:156} INFO - Started process (PID=2750) to work on /home/airflow/.local/lib/python3.7/site-packages/airflow/example_dags/tutorial_taskflow_api.py
[2024-04-20T06:02:21.385+0000] {processor.py:758} INFO - Processing file /home/airflow/.local/lib/python3.7/site-packages/airflow/example_dags/tutorial_taskflow_api.py for tasks to queue
[2024-04-20T06:02:21.386+0000] {logging_mixin.py:117} INFO - [2024-04-20T06:02:21.386+0000] {dagbag.py:525} INFO - Filling up the DagBag from /home/airflow/.local/lib/python3.7/site-packages/airflow/example_dags/tutorial_taskflow_api.py
[2024-04-20T06:02:21.411+0000] {processor.py:768} INFO - DAG(s) dict_keys(['tutorial_taskflow_api']) retrieved from /home/airflow/.local/lib/python3.7/site-packages/airflow/example_dags/tutorial_taskflow_api.py
[2024-04-20T06:02:21.454+0000] {logging_mixin.py:117} INFO - [2024-04-20T06:02:21.454+0000] {dag.py:2573} INFO - Sync 1 DAGs
[2024-04-20T06:02:21.474+0000] {logging_mixin.py:117} INFO - [2024-04-20T06:02:21.474+0000] {dag.py:3328} INFO - Setting next_dagrun for tutorial_taskflow_api to None, run_after=None
[2024-04-20T06:02:21.498+0000] {processor.py:178} INFO - Processing /home/airflow/.local/lib/python3.7/site-packages/airflow/example_dags/tutorial_taskflow_api.py took 0.117 seconds
[2024-04-20T06:02:52.246+0000] {processor.py:156} INFO - Started process (PID=2978) to work on /home/airflow/.local/lib/python3.7/site-packages/airflow/example_dags/tutorial_taskflow_api.py
[2024-04-20T06:02:52.247+0000] {processor.py:758} INFO - Processing file /home/airflow/.local/lib/python3.7/site-packages/airflow/example_dags/tutorial_taskflow_api.py for tasks to queue
[2024-04-20T06:02:52.247+0000] {logging_mixin.py:117} INFO - [2024-04-20T06:02:52.247+0000] {dagbag.py:525} INFO - Filling up the DagBag from /home/airflow/.local/lib/python3.7/site-packages/airflow/example_dags/tutorial_taskflow_api.py
[2024-04-20T06:02:52.277+0000] {processor.py:768} INFO - DAG(s) dict_keys(['tutorial_taskflow_api']) retrieved from /home/airflow/.local/lib/python3.7/site-packages/airflow/example_dags/tutorial_taskflow_api.py
[2024-04-20T06:02:52.324+0000] {logging_mixin.py:117} INFO - [2024-04-20T06:02:52.324+0000] {dag.py:2573} INFO - Sync 1 DAGs
[2024-04-20T06:02:52.363+0000] {logging_mixin.py:117} INFO - [2024-04-20T06:02:52.363+0000] {dag.py:3328} INFO - Setting next_dagrun for tutorial_taskflow_api to None, run_after=None
[2024-04-20T06:02:52.387+0000] {processor.py:178} INFO - Processing /home/airflow/.local/lib/python3.7/site-packages/airflow/example_dags/tutorial_taskflow_api.py took 0.144 seconds
[2024-04-20T06:03:23.957+0000] {processor.py:156} INFO - Started process (PID=3195) to work on /home/airflow/.local/lib/python3.7/site-packages/airflow/example_dags/tutorial_taskflow_api.py
[2024-04-20T06:03:23.966+0000] {processor.py:758} INFO - Processing file /home/airflow/.local/lib/python3.7/site-packages/airflow/example_dags/tutorial_taskflow_api.py for tasks to queue
[2024-04-20T06:03:23.967+0000] {logging_mixin.py:117} INFO - [2024-04-20T06:03:23.967+0000] {dagbag.py:525} INFO - Filling up the DagBag from /home/airflow/.local/lib/python3.7/site-packages/airflow/example_dags/tutorial_taskflow_api.py
[2024-04-20T06:03:24.018+0000] {processor.py:768} INFO - DAG(s) dict_keys(['tutorial_taskflow_api']) retrieved from /home/airflow/.local/lib/python3.7/site-packages/airflow/example_dags/tutorial_taskflow_api.py
[2024-04-20T06:03:24.154+0000] {logging_mixin.py:117} INFO - [2024-04-20T06:03:24.154+0000] {dag.py:2573} INFO - Sync 1 DAGs
[2024-04-20T06:03:24.311+0000] {logging_mixin.py:117} INFO - [2024-04-20T06:03:24.310+0000] {dag.py:3328} INFO - Setting next_dagrun for tutorial_taskflow_api to None, run_after=None
[2024-04-20T06:03:24.375+0000] {processor.py:178} INFO - Processing /home/airflow/.local/lib/python3.7/site-packages/airflow/example_dags/tutorial_taskflow_api.py took 0.423 seconds
