[2024-04-20T05:31:52.709+0000] {processor.py:156} INFO - Started process (PID=285) to work on /home/airflow/.local/lib/python3.7/site-packages/airflow/example_dags/tutorial_dag.py
[2024-04-20T05:31:52.709+0000] {processor.py:758} INFO - Processing file /home/airflow/.local/lib/python3.7/site-packages/airflow/example_dags/tutorial_dag.py for tasks to queue
[2024-04-20T05:31:52.730+0000] {logging_mixin.py:117} INFO - [2024-04-20T05:31:52.730+0000] {dagbag.py:525} INFO - Filling up the DagBag from /home/airflow/.local/lib/python3.7/site-packages/airflow/example_dags/tutorial_dag.py
[2024-04-20T05:31:52.783+0000] {processor.py:768} INFO - DAG(s) dict_keys(['tutorial_dag']) retrieved from /home/airflow/.local/lib/python3.7/site-packages/airflow/example_dags/tutorial_dag.py
[2024-04-20T05:31:53.848+0000] {logging_mixin.py:117} INFO - [2024-04-20T05:31:53.848+0000] {manager.py:507} INFO - Created Permission View: can delete on DAG:tutorial_dag
[2024-04-20T05:31:53.872+0000] {logging_mixin.py:117} INFO - [2024-04-20T05:31:53.872+0000] {manager.py:507} INFO - Created Permission View: can edit on DAG:tutorial_dag
[2024-04-20T05:31:53.894+0000] {logging_mixin.py:117} INFO - [2024-04-20T05:31:53.893+0000] {manager.py:507} INFO - Created Permission View: can read on DAG:tutorial_dag
[2024-04-20T05:31:53.894+0000] {logging_mixin.py:117} INFO - [2024-04-20T05:31:53.894+0000] {dag.py:2573} INFO - Sync 1 DAGs
[2024-04-20T05:31:53.936+0000] {logging_mixin.py:117} INFO - [2024-04-20T05:31:53.935+0000] {dag.py:2594} INFO - Creating ORM DAG for tutorial_dag
[2024-04-20T05:31:53.969+0000] {logging_mixin.py:117} INFO - [2024-04-20T05:31:53.969+0000] {dag.py:3328} INFO - Setting next_dagrun for tutorial_dag to None, run_after=None
[2024-04-20T05:31:54.046+0000] {processor.py:178} INFO - Processing /home/airflow/.local/lib/python3.7/site-packages/airflow/example_dags/tutorial_dag.py took 1.344 seconds
[2024-04-20T05:32:24.906+0000] {processor.py:156} INFO - Started process (PID=502) to work on /home/airflow/.local/lib/python3.7/site-packages/airflow/example_dags/tutorial_dag.py
[2024-04-20T05:32:24.907+0000] {processor.py:758} INFO - Processing file /home/airflow/.local/lib/python3.7/site-packages/airflow/example_dags/tutorial_dag.py for tasks to queue
[2024-04-20T05:32:24.907+0000] {logging_mixin.py:117} INFO - [2024-04-20T05:32:24.907+0000] {dagbag.py:525} INFO - Filling up the DagBag from /home/airflow/.local/lib/python3.7/site-packages/airflow/example_dags/tutorial_dag.py
[2024-04-20T05:32:24.921+0000] {processor.py:768} INFO - DAG(s) dict_keys(['tutorial_dag']) retrieved from /home/airflow/.local/lib/python3.7/site-packages/airflow/example_dags/tutorial_dag.py
[2024-04-20T05:32:24.959+0000] {logging_mixin.py:117} INFO - [2024-04-20T05:32:24.959+0000] {dag.py:2573} INFO - Sync 1 DAGs
[2024-04-20T05:32:24.993+0000] {logging_mixin.py:117} INFO - [2024-04-20T05:32:24.992+0000] {dag.py:3328} INFO - Setting next_dagrun for tutorial_dag to None, run_after=None
[2024-04-20T05:32:25.128+0000] {processor.py:178} INFO - Processing /home/airflow/.local/lib/python3.7/site-packages/airflow/example_dags/tutorial_dag.py took 0.224 seconds
[2024-04-20T05:32:55.534+0000] {processor.py:156} INFO - Started process (PID=727) to work on /home/airflow/.local/lib/python3.7/site-packages/airflow/example_dags/tutorial_dag.py
[2024-04-20T05:32:55.535+0000] {processor.py:758} INFO - Processing file /home/airflow/.local/lib/python3.7/site-packages/airflow/example_dags/tutorial_dag.py for tasks to queue
[2024-04-20T05:32:55.535+0000] {logging_mixin.py:117} INFO - [2024-04-20T05:32:55.535+0000] {dagbag.py:525} INFO - Filling up the DagBag from /home/airflow/.local/lib/python3.7/site-packages/airflow/example_dags/tutorial_dag.py
[2024-04-20T05:32:55.552+0000] {processor.py:768} INFO - DAG(s) dict_keys(['tutorial_dag']) retrieved from /home/airflow/.local/lib/python3.7/site-packages/airflow/example_dags/tutorial_dag.py
[2024-04-20T05:32:55.595+0000] {logging_mixin.py:117} INFO - [2024-04-20T05:32:55.595+0000] {dag.py:2573} INFO - Sync 1 DAGs
[2024-04-20T05:32:55.792+0000] {logging_mixin.py:117} INFO - [2024-04-20T05:32:55.792+0000] {dag.py:3328} INFO - Setting next_dagrun for tutorial_dag to None, run_after=None
[2024-04-20T05:32:55.825+0000] {processor.py:178} INFO - Processing /home/airflow/.local/lib/python3.7/site-packages/airflow/example_dags/tutorial_dag.py took 0.293 seconds
[2024-04-20T05:33:26.555+0000] {processor.py:156} INFO - Started process (PID=941) to work on /home/airflow/.local/lib/python3.7/site-packages/airflow/example_dags/tutorial_dag.py
[2024-04-20T05:33:26.556+0000] {processor.py:758} INFO - Processing file /home/airflow/.local/lib/python3.7/site-packages/airflow/example_dags/tutorial_dag.py for tasks to queue
[2024-04-20T05:33:26.557+0000] {logging_mixin.py:117} INFO - [2024-04-20T05:33:26.557+0000] {dagbag.py:525} INFO - Filling up the DagBag from /home/airflow/.local/lib/python3.7/site-packages/airflow/example_dags/tutorial_dag.py
[2024-04-20T05:33:26.577+0000] {processor.py:768} INFO - DAG(s) dict_keys(['tutorial_dag']) retrieved from /home/airflow/.local/lib/python3.7/site-packages/airflow/example_dags/tutorial_dag.py
[2024-04-20T05:33:26.781+0000] {logging_mixin.py:117} INFO - [2024-04-20T05:33:26.781+0000] {dag.py:2573} INFO - Sync 1 DAGs
[2024-04-20T05:33:26.810+0000] {logging_mixin.py:117} INFO - [2024-04-20T05:33:26.810+0000] {dag.py:3328} INFO - Setting next_dagrun for tutorial_dag to None, run_after=None
[2024-04-20T05:33:26.833+0000] {processor.py:178} INFO - Processing /home/airflow/.local/lib/python3.7/site-packages/airflow/example_dags/tutorial_dag.py took 0.281 seconds
[2024-04-20T05:33:57.298+0000] {processor.py:156} INFO - Started process (PID=1158) to work on /home/airflow/.local/lib/python3.7/site-packages/airflow/example_dags/tutorial_dag.py
[2024-04-20T05:33:57.299+0000] {processor.py:758} INFO - Processing file /home/airflow/.local/lib/python3.7/site-packages/airflow/example_dags/tutorial_dag.py for tasks to queue
[2024-04-20T05:33:57.299+0000] {logging_mixin.py:117} INFO - [2024-04-20T05:33:57.299+0000] {dagbag.py:525} INFO - Filling up the DagBag from /home/airflow/.local/lib/python3.7/site-packages/airflow/example_dags/tutorial_dag.py
[2024-04-20T05:33:57.311+0000] {processor.py:768} INFO - DAG(s) dict_keys(['tutorial_dag']) retrieved from /home/airflow/.local/lib/python3.7/site-packages/airflow/example_dags/tutorial_dag.py
[2024-04-20T05:33:57.474+0000] {logging_mixin.py:117} INFO - [2024-04-20T05:33:57.474+0000] {dag.py:2573} INFO - Sync 1 DAGs
[2024-04-20T05:33:57.493+0000] {logging_mixin.py:117} INFO - [2024-04-20T05:33:57.493+0000] {dag.py:3328} INFO - Setting next_dagrun for tutorial_dag to None, run_after=None
[2024-04-20T05:33:57.511+0000] {processor.py:178} INFO - Processing /home/airflow/.local/lib/python3.7/site-packages/airflow/example_dags/tutorial_dag.py took 0.215 seconds
[2024-04-20T05:34:27.739+0000] {processor.py:156} INFO - Started process (PID=1367) to work on /home/airflow/.local/lib/python3.7/site-packages/airflow/example_dags/tutorial_dag.py
[2024-04-20T05:34:27.740+0000] {processor.py:758} INFO - Processing file /home/airflow/.local/lib/python3.7/site-packages/airflow/example_dags/tutorial_dag.py for tasks to queue
[2024-04-20T05:34:27.740+0000] {logging_mixin.py:117} INFO - [2024-04-20T05:34:27.740+0000] {dagbag.py:525} INFO - Filling up the DagBag from /home/airflow/.local/lib/python3.7/site-packages/airflow/example_dags/tutorial_dag.py
[2024-04-20T05:34:27.898+0000] {processor.py:768} INFO - DAG(s) dict_keys(['tutorial_dag']) retrieved from /home/airflow/.local/lib/python3.7/site-packages/airflow/example_dags/tutorial_dag.py
[2024-04-20T05:34:27.928+0000] {logging_mixin.py:117} INFO - [2024-04-20T05:34:27.927+0000] {dag.py:2573} INFO - Sync 1 DAGs
[2024-04-20T05:34:27.946+0000] {logging_mixin.py:117} INFO - [2024-04-20T05:34:27.946+0000] {dag.py:3328} INFO - Setting next_dagrun for tutorial_dag to None, run_after=None
[2024-04-20T05:34:27.965+0000] {processor.py:178} INFO - Processing /home/airflow/.local/lib/python3.7/site-packages/airflow/example_dags/tutorial_dag.py took 0.228 seconds
[2024-04-20T05:34:58.155+0000] {processor.py:156} INFO - Started process (PID=1586) to work on /home/airflow/.local/lib/python3.7/site-packages/airflow/example_dags/tutorial_dag.py
[2024-04-20T05:34:58.155+0000] {processor.py:758} INFO - Processing file /home/airflow/.local/lib/python3.7/site-packages/airflow/example_dags/tutorial_dag.py for tasks to queue
[2024-04-20T05:34:58.156+0000] {logging_mixin.py:117} INFO - [2024-04-20T05:34:58.156+0000] {dagbag.py:525} INFO - Filling up the DagBag from /home/airflow/.local/lib/python3.7/site-packages/airflow/example_dags/tutorial_dag.py
[2024-04-20T05:34:58.168+0000] {processor.py:768} INFO - DAG(s) dict_keys(['tutorial_dag']) retrieved from /home/airflow/.local/lib/python3.7/site-packages/airflow/example_dags/tutorial_dag.py
[2024-04-20T05:34:58.201+0000] {logging_mixin.py:117} INFO - [2024-04-20T05:34:58.201+0000] {dag.py:2573} INFO - Sync 1 DAGs
[2024-04-20T05:34:58.224+0000] {logging_mixin.py:117} INFO - [2024-04-20T05:34:58.224+0000] {dag.py:3328} INFO - Setting next_dagrun for tutorial_dag to None, run_after=None
[2024-04-20T05:34:58.244+0000] {processor.py:178} INFO - Processing /home/airflow/.local/lib/python3.7/site-packages/airflow/example_dags/tutorial_dag.py took 0.092 seconds
[2024-04-20T05:35:28.629+0000] {processor.py:156} INFO - Started process (PID=1794) to work on /home/airflow/.local/lib/python3.7/site-packages/airflow/example_dags/tutorial_dag.py
[2024-04-20T05:35:28.629+0000] {processor.py:758} INFO - Processing file /home/airflow/.local/lib/python3.7/site-packages/airflow/example_dags/tutorial_dag.py for tasks to queue
[2024-04-20T05:35:28.630+0000] {logging_mixin.py:117} INFO - [2024-04-20T05:35:28.630+0000] {dagbag.py:525} INFO - Filling up the DagBag from /home/airflow/.local/lib/python3.7/site-packages/airflow/example_dags/tutorial_dag.py
[2024-04-20T05:35:28.642+0000] {processor.py:768} INFO - DAG(s) dict_keys(['tutorial_dag']) retrieved from /home/airflow/.local/lib/python3.7/site-packages/airflow/example_dags/tutorial_dag.py
[2024-04-20T05:35:28.676+0000] {logging_mixin.py:117} INFO - [2024-04-20T05:35:28.675+0000] {dag.py:2573} INFO - Sync 1 DAGs
[2024-04-20T05:35:28.695+0000] {logging_mixin.py:117} INFO - [2024-04-20T05:35:28.695+0000] {dag.py:3328} INFO - Setting next_dagrun for tutorial_dag to None, run_after=None
[2024-04-20T05:35:28.715+0000] {processor.py:178} INFO - Processing /home/airflow/.local/lib/python3.7/site-packages/airflow/example_dags/tutorial_dag.py took 0.090 seconds
[2024-04-20T05:35:59.567+0000] {processor.py:156} INFO - Started process (PID=2011) to work on /home/airflow/.local/lib/python3.7/site-packages/airflow/example_dags/tutorial_dag.py
[2024-04-20T05:35:59.567+0000] {processor.py:758} INFO - Processing file /home/airflow/.local/lib/python3.7/site-packages/airflow/example_dags/tutorial_dag.py for tasks to queue
[2024-04-20T05:35:59.568+0000] {logging_mixin.py:117} INFO - [2024-04-20T05:35:59.568+0000] {dagbag.py:525} INFO - Filling up the DagBag from /home/airflow/.local/lib/python3.7/site-packages/airflow/example_dags/tutorial_dag.py
[2024-04-20T05:35:59.582+0000] {processor.py:768} INFO - DAG(s) dict_keys(['tutorial_dag']) retrieved from /home/airflow/.local/lib/python3.7/site-packages/airflow/example_dags/tutorial_dag.py
[2024-04-20T05:35:59.614+0000] {logging_mixin.py:117} INFO - [2024-04-20T05:35:59.614+0000] {dag.py:2573} INFO - Sync 1 DAGs
[2024-04-20T05:35:59.634+0000] {logging_mixin.py:117} INFO - [2024-04-20T05:35:59.634+0000] {dag.py:3328} INFO - Setting next_dagrun for tutorial_dag to None, run_after=None
[2024-04-20T05:35:59.654+0000] {processor.py:178} INFO - Processing /home/airflow/.local/lib/python3.7/site-packages/airflow/example_dags/tutorial_dag.py took 0.090 seconds
[2024-04-20T05:36:29.822+0000] {processor.py:156} INFO - Started process (PID=2217) to work on /home/airflow/.local/lib/python3.7/site-packages/airflow/example_dags/tutorial_dag.py
[2024-04-20T05:36:29.823+0000] {processor.py:758} INFO - Processing file /home/airflow/.local/lib/python3.7/site-packages/airflow/example_dags/tutorial_dag.py for tasks to queue
[2024-04-20T05:36:29.823+0000] {logging_mixin.py:117} INFO - [2024-04-20T05:36:29.823+0000] {dagbag.py:525} INFO - Filling up the DagBag from /home/airflow/.local/lib/python3.7/site-packages/airflow/example_dags/tutorial_dag.py
[2024-04-20T05:36:29.842+0000] {processor.py:768} INFO - DAG(s) dict_keys(['tutorial_dag']) retrieved from /home/airflow/.local/lib/python3.7/site-packages/airflow/example_dags/tutorial_dag.py
[2024-04-20T05:36:29.891+0000] {logging_mixin.py:117} INFO - [2024-04-20T05:36:29.891+0000] {dag.py:2573} INFO - Sync 1 DAGs
[2024-04-20T05:36:29.991+0000] {logging_mixin.py:117} INFO - [2024-04-20T05:36:29.991+0000] {dag.py:3328} INFO - Setting next_dagrun for tutorial_dag to None, run_after=None
[2024-04-20T05:36:30.035+0000] {processor.py:178} INFO - Processing /home/airflow/.local/lib/python3.7/site-packages/airflow/example_dags/tutorial_dag.py took 0.217 seconds
[2024-04-20T05:37:00.322+0000] {processor.py:156} INFO - Started process (PID=2490) to work on /home/airflow/.local/lib/python3.7/site-packages/airflow/example_dags/tutorial_dag.py
[2024-04-20T05:37:00.323+0000] {processor.py:758} INFO - Processing file /home/airflow/.local/lib/python3.7/site-packages/airflow/example_dags/tutorial_dag.py for tasks to queue
[2024-04-20T05:37:00.323+0000] {logging_mixin.py:117} INFO - [2024-04-20T05:37:00.323+0000] {dagbag.py:525} INFO - Filling up the DagBag from /home/airflow/.local/lib/python3.7/site-packages/airflow/example_dags/tutorial_dag.py
[2024-04-20T05:37:00.336+0000] {processor.py:768} INFO - DAG(s) dict_keys(['tutorial_dag']) retrieved from /home/airflow/.local/lib/python3.7/site-packages/airflow/example_dags/tutorial_dag.py
[2024-04-20T05:37:00.371+0000] {logging_mixin.py:117} INFO - [2024-04-20T05:37:00.371+0000] {dag.py:2573} INFO - Sync 1 DAGs
[2024-04-20T05:37:00.393+0000] {logging_mixin.py:117} INFO - [2024-04-20T05:37:00.392+0000] {dag.py:3328} INFO - Setting next_dagrun for tutorial_dag to None, run_after=None
[2024-04-20T05:37:00.412+0000] {processor.py:178} INFO - Processing /home/airflow/.local/lib/python3.7/site-packages/airflow/example_dags/tutorial_dag.py took 0.092 seconds
[2024-04-20T05:37:31.118+0000] {processor.py:156} INFO - Started process (PID=2763) to work on /home/airflow/.local/lib/python3.7/site-packages/airflow/example_dags/tutorial_dag.py
[2024-04-20T05:37:31.119+0000] {processor.py:758} INFO - Processing file /home/airflow/.local/lib/python3.7/site-packages/airflow/example_dags/tutorial_dag.py for tasks to queue
[2024-04-20T05:37:31.119+0000] {logging_mixin.py:117} INFO - [2024-04-20T05:37:31.119+0000] {dagbag.py:525} INFO - Filling up the DagBag from /home/airflow/.local/lib/python3.7/site-packages/airflow/example_dags/tutorial_dag.py
[2024-04-20T05:37:31.131+0000] {processor.py:768} INFO - DAG(s) dict_keys(['tutorial_dag']) retrieved from /home/airflow/.local/lib/python3.7/site-packages/airflow/example_dags/tutorial_dag.py
[2024-04-20T05:37:31.166+0000] {logging_mixin.py:117} INFO - [2024-04-20T05:37:31.166+0000] {dag.py:2573} INFO - Sync 1 DAGs
[2024-04-20T05:37:31.187+0000] {logging_mixin.py:117} INFO - [2024-04-20T05:37:31.187+0000] {dag.py:3328} INFO - Setting next_dagrun for tutorial_dag to None, run_after=None
[2024-04-20T05:37:31.207+0000] {processor.py:178} INFO - Processing /home/airflow/.local/lib/python3.7/site-packages/airflow/example_dags/tutorial_dag.py took 0.092 seconds
[2024-04-20T05:38:01.707+0000] {processor.py:156} INFO - Started process (PID=2983) to work on /home/airflow/.local/lib/python3.7/site-packages/airflow/example_dags/tutorial_dag.py
[2024-04-20T05:38:01.707+0000] {processor.py:758} INFO - Processing file /home/airflow/.local/lib/python3.7/site-packages/airflow/example_dags/tutorial_dag.py for tasks to queue
[2024-04-20T05:38:01.708+0000] {logging_mixin.py:117} INFO - [2024-04-20T05:38:01.708+0000] {dagbag.py:525} INFO - Filling up the DagBag from /home/airflow/.local/lib/python3.7/site-packages/airflow/example_dags/tutorial_dag.py
[2024-04-20T05:38:01.720+0000] {processor.py:768} INFO - DAG(s) dict_keys(['tutorial_dag']) retrieved from /home/airflow/.local/lib/python3.7/site-packages/airflow/example_dags/tutorial_dag.py
[2024-04-20T05:38:01.753+0000] {logging_mixin.py:117} INFO - [2024-04-20T05:38:01.753+0000] {dag.py:2573} INFO - Sync 1 DAGs
[2024-04-20T05:38:01.772+0000] {logging_mixin.py:117} INFO - [2024-04-20T05:38:01.772+0000] {dag.py:3328} INFO - Setting next_dagrun for tutorial_dag to None, run_after=None
[2024-04-20T05:38:01.791+0000] {processor.py:178} INFO - Processing /home/airflow/.local/lib/python3.7/site-packages/airflow/example_dags/tutorial_dag.py took 0.088 seconds
[2024-04-20T05:38:32.119+0000] {processor.py:156} INFO - Started process (PID=3212) to work on /home/airflow/.local/lib/python3.7/site-packages/airflow/example_dags/tutorial_dag.py
[2024-04-20T05:38:32.120+0000] {processor.py:758} INFO - Processing file /home/airflow/.local/lib/python3.7/site-packages/airflow/example_dags/tutorial_dag.py for tasks to queue
[2024-04-20T05:38:32.120+0000] {logging_mixin.py:117} INFO - [2024-04-20T05:38:32.120+0000] {dagbag.py:525} INFO - Filling up the DagBag from /home/airflow/.local/lib/python3.7/site-packages/airflow/example_dags/tutorial_dag.py
[2024-04-20T05:38:32.133+0000] {processor.py:768} INFO - DAG(s) dict_keys(['tutorial_dag']) retrieved from /home/airflow/.local/lib/python3.7/site-packages/airflow/example_dags/tutorial_dag.py
[2024-04-20T05:38:32.166+0000] {logging_mixin.py:117} INFO - [2024-04-20T05:38:32.166+0000] {dag.py:2573} INFO - Sync 1 DAGs
[2024-04-20T05:38:32.186+0000] {logging_mixin.py:117} INFO - [2024-04-20T05:38:32.186+0000] {dag.py:3328} INFO - Setting next_dagrun for tutorial_dag to None, run_after=None
[2024-04-20T05:38:32.205+0000] {processor.py:178} INFO - Processing /home/airflow/.local/lib/python3.7/site-packages/airflow/example_dags/tutorial_dag.py took 0.088 seconds
[2024-04-20T05:39:02.418+0000] {processor.py:156} INFO - Started process (PID=3439) to work on /home/airflow/.local/lib/python3.7/site-packages/airflow/example_dags/tutorial_dag.py
[2024-04-20T05:39:02.418+0000] {processor.py:758} INFO - Processing file /home/airflow/.local/lib/python3.7/site-packages/airflow/example_dags/tutorial_dag.py for tasks to queue
[2024-04-20T05:39:02.422+0000] {logging_mixin.py:117} INFO - [2024-04-20T05:39:02.422+0000] {dagbag.py:525} INFO - Filling up the DagBag from /home/airflow/.local/lib/python3.7/site-packages/airflow/example_dags/tutorial_dag.py
[2024-04-20T05:39:02.485+0000] {processor.py:768} INFO - DAG(s) dict_keys(['tutorial_dag']) retrieved from /home/airflow/.local/lib/python3.7/site-packages/airflow/example_dags/tutorial_dag.py
[2024-04-20T05:39:02.547+0000] {logging_mixin.py:117} INFO - [2024-04-20T05:39:02.547+0000] {dag.py:2573} INFO - Sync 1 DAGs
[2024-04-20T05:39:02.578+0000] {logging_mixin.py:117} INFO - [2024-04-20T05:39:02.578+0000] {dag.py:3328} INFO - Setting next_dagrun for tutorial_dag to None, run_after=None
[2024-04-20T05:39:02.603+0000] {processor.py:178} INFO - Processing /home/airflow/.local/lib/python3.7/site-packages/airflow/example_dags/tutorial_dag.py took 0.188 seconds
[2024-04-20T05:39:33.180+0000] {processor.py:156} INFO - Started process (PID=3674) to work on /home/airflow/.local/lib/python3.7/site-packages/airflow/example_dags/tutorial_dag.py
[2024-04-20T05:39:33.181+0000] {processor.py:758} INFO - Processing file /home/airflow/.local/lib/python3.7/site-packages/airflow/example_dags/tutorial_dag.py for tasks to queue
[2024-04-20T05:39:33.181+0000] {logging_mixin.py:117} INFO - [2024-04-20T05:39:33.181+0000] {dagbag.py:525} INFO - Filling up the DagBag from /home/airflow/.local/lib/python3.7/site-packages/airflow/example_dags/tutorial_dag.py
[2024-04-20T05:39:33.194+0000] {processor.py:768} INFO - DAG(s) dict_keys(['tutorial_dag']) retrieved from /home/airflow/.local/lib/python3.7/site-packages/airflow/example_dags/tutorial_dag.py
[2024-04-20T05:39:33.228+0000] {logging_mixin.py:117} INFO - [2024-04-20T05:39:33.228+0000] {dag.py:2573} INFO - Sync 1 DAGs
[2024-04-20T05:39:33.250+0000] {logging_mixin.py:117} INFO - [2024-04-20T05:39:33.250+0000] {dag.py:3328} INFO - Setting next_dagrun for tutorial_dag to None, run_after=None
[2024-04-20T05:39:33.268+0000] {processor.py:178} INFO - Processing /home/airflow/.local/lib/python3.7/site-packages/airflow/example_dags/tutorial_dag.py took 0.091 seconds
[2024-04-20T05:40:03.348+0000] {processor.py:156} INFO - Started process (PID=3904) to work on /home/airflow/.local/lib/python3.7/site-packages/airflow/example_dags/tutorial_dag.py
[2024-04-20T05:40:03.348+0000] {processor.py:758} INFO - Processing file /home/airflow/.local/lib/python3.7/site-packages/airflow/example_dags/tutorial_dag.py for tasks to queue
[2024-04-20T05:40:03.349+0000] {logging_mixin.py:117} INFO - [2024-04-20T05:40:03.349+0000] {dagbag.py:525} INFO - Filling up the DagBag from /home/airflow/.local/lib/python3.7/site-packages/airflow/example_dags/tutorial_dag.py
[2024-04-20T05:40:03.372+0000] {processor.py:768} INFO - DAG(s) dict_keys(['tutorial_dag']) retrieved from /home/airflow/.local/lib/python3.7/site-packages/airflow/example_dags/tutorial_dag.py
[2024-04-20T05:40:03.449+0000] {logging_mixin.py:117} INFO - [2024-04-20T05:40:03.449+0000] {dag.py:2573} INFO - Sync 1 DAGs
[2024-04-20T05:40:03.479+0000] {logging_mixin.py:117} INFO - [2024-04-20T05:40:03.478+0000] {dag.py:3328} INFO - Setting next_dagrun for tutorial_dag to None, run_after=None
[2024-04-20T05:40:03.499+0000] {processor.py:178} INFO - Processing /home/airflow/.local/lib/python3.7/site-packages/airflow/example_dags/tutorial_dag.py took 0.155 seconds
[2024-04-20T05:40:33.723+0000] {processor.py:156} INFO - Started process (PID=4121) to work on /home/airflow/.local/lib/python3.7/site-packages/airflow/example_dags/tutorial_dag.py
[2024-04-20T05:40:33.725+0000] {processor.py:758} INFO - Processing file /home/airflow/.local/lib/python3.7/site-packages/airflow/example_dags/tutorial_dag.py for tasks to queue
[2024-04-20T05:40:33.725+0000] {logging_mixin.py:117} INFO - [2024-04-20T05:40:33.725+0000] {dagbag.py:525} INFO - Filling up the DagBag from /home/airflow/.local/lib/python3.7/site-packages/airflow/example_dags/tutorial_dag.py
[2024-04-20T05:40:33.743+0000] {processor.py:768} INFO - DAG(s) dict_keys(['tutorial_dag']) retrieved from /home/airflow/.local/lib/python3.7/site-packages/airflow/example_dags/tutorial_dag.py
[2024-04-20T05:40:33.788+0000] {logging_mixin.py:117} INFO - [2024-04-20T05:40:33.788+0000] {dag.py:2573} INFO - Sync 1 DAGs
[2024-04-20T05:40:33.815+0000] {logging_mixin.py:117} INFO - [2024-04-20T05:40:33.815+0000] {dag.py:3328} INFO - Setting next_dagrun for tutorial_dag to None, run_after=None
[2024-04-20T05:40:33.834+0000] {processor.py:178} INFO - Processing /home/airflow/.local/lib/python3.7/site-packages/airflow/example_dags/tutorial_dag.py took 0.115 seconds
[2024-04-20T05:41:04.314+0000] {processor.py:156} INFO - Started process (PID=4353) to work on /home/airflow/.local/lib/python3.7/site-packages/airflow/example_dags/tutorial_dag.py
[2024-04-20T05:41:04.315+0000] {processor.py:758} INFO - Processing file /home/airflow/.local/lib/python3.7/site-packages/airflow/example_dags/tutorial_dag.py for tasks to queue
[2024-04-20T05:41:04.316+0000] {logging_mixin.py:117} INFO - [2024-04-20T05:41:04.315+0000] {dagbag.py:525} INFO - Filling up the DagBag from /home/airflow/.local/lib/python3.7/site-packages/airflow/example_dags/tutorial_dag.py
[2024-04-20T05:41:04.335+0000] {processor.py:768} INFO - DAG(s) dict_keys(['tutorial_dag']) retrieved from /home/airflow/.local/lib/python3.7/site-packages/airflow/example_dags/tutorial_dag.py
[2024-04-20T05:41:04.372+0000] {logging_mixin.py:117} INFO - [2024-04-20T05:41:04.372+0000] {dag.py:2573} INFO - Sync 1 DAGs
[2024-04-20T05:41:04.393+0000] {logging_mixin.py:117} INFO - [2024-04-20T05:41:04.393+0000] {dag.py:3328} INFO - Setting next_dagrun for tutorial_dag to None, run_after=None
[2024-04-20T05:41:04.417+0000] {processor.py:178} INFO - Processing /home/airflow/.local/lib/python3.7/site-packages/airflow/example_dags/tutorial_dag.py took 0.105 seconds
[2024-04-20T05:41:35.019+0000] {processor.py:156} INFO - Started process (PID=4581) to work on /home/airflow/.local/lib/python3.7/site-packages/airflow/example_dags/tutorial_dag.py
[2024-04-20T05:41:35.022+0000] {processor.py:758} INFO - Processing file /home/airflow/.local/lib/python3.7/site-packages/airflow/example_dags/tutorial_dag.py for tasks to queue
[2024-04-20T05:41:35.023+0000] {logging_mixin.py:117} INFO - [2024-04-20T05:41:35.023+0000] {dagbag.py:525} INFO - Filling up the DagBag from /home/airflow/.local/lib/python3.7/site-packages/airflow/example_dags/tutorial_dag.py
[2024-04-20T05:41:35.049+0000] {processor.py:768} INFO - DAG(s) dict_keys(['tutorial_dag']) retrieved from /home/airflow/.local/lib/python3.7/site-packages/airflow/example_dags/tutorial_dag.py
[2024-04-20T05:41:35.096+0000] {logging_mixin.py:117} INFO - [2024-04-20T05:41:35.096+0000] {dag.py:2573} INFO - Sync 1 DAGs
[2024-04-20T05:41:35.130+0000] {logging_mixin.py:117} INFO - [2024-04-20T05:41:35.130+0000] {dag.py:3328} INFO - Setting next_dagrun for tutorial_dag to None, run_after=None
[2024-04-20T05:41:35.151+0000] {processor.py:178} INFO - Processing /home/airflow/.local/lib/python3.7/site-packages/airflow/example_dags/tutorial_dag.py took 0.136 seconds
[2024-04-20T05:42:06.023+0000] {processor.py:156} INFO - Started process (PID=4806) to work on /home/airflow/.local/lib/python3.7/site-packages/airflow/example_dags/tutorial_dag.py
[2024-04-20T05:42:06.024+0000] {processor.py:758} INFO - Processing file /home/airflow/.local/lib/python3.7/site-packages/airflow/example_dags/tutorial_dag.py for tasks to queue
[2024-04-20T05:42:06.028+0000] {logging_mixin.py:117} INFO - [2024-04-20T05:42:06.028+0000] {dagbag.py:525} INFO - Filling up the DagBag from /home/airflow/.local/lib/python3.7/site-packages/airflow/example_dags/tutorial_dag.py
[2024-04-20T05:42:06.075+0000] {processor.py:768} INFO - DAG(s) dict_keys(['tutorial_dag']) retrieved from /home/airflow/.local/lib/python3.7/site-packages/airflow/example_dags/tutorial_dag.py
[2024-04-20T05:42:06.145+0000] {logging_mixin.py:117} INFO - [2024-04-20T05:42:06.145+0000] {dag.py:2573} INFO - Sync 1 DAGs
[2024-04-20T05:42:06.176+0000] {logging_mixin.py:117} INFO - [2024-04-20T05:42:06.176+0000] {dag.py:3328} INFO - Setting next_dagrun for tutorial_dag to None, run_after=None
[2024-04-20T05:42:06.210+0000] {processor.py:178} INFO - Processing /home/airflow/.local/lib/python3.7/site-packages/airflow/example_dags/tutorial_dag.py took 0.191 seconds
[2024-04-20T05:42:36.407+0000] {processor.py:156} INFO - Started process (PID=5080) to work on /home/airflow/.local/lib/python3.7/site-packages/airflow/example_dags/tutorial_dag.py
[2024-04-20T05:42:36.408+0000] {processor.py:758} INFO - Processing file /home/airflow/.local/lib/python3.7/site-packages/airflow/example_dags/tutorial_dag.py for tasks to queue
[2024-04-20T05:42:36.408+0000] {logging_mixin.py:117} INFO - [2024-04-20T05:42:36.408+0000] {dagbag.py:525} INFO - Filling up the DagBag from /home/airflow/.local/lib/python3.7/site-packages/airflow/example_dags/tutorial_dag.py
[2024-04-20T05:42:36.421+0000] {processor.py:768} INFO - DAG(s) dict_keys(['tutorial_dag']) retrieved from /home/airflow/.local/lib/python3.7/site-packages/airflow/example_dags/tutorial_dag.py
[2024-04-20T05:42:36.458+0000] {logging_mixin.py:117} INFO - [2024-04-20T05:42:36.458+0000] {dag.py:2573} INFO - Sync 1 DAGs
[2024-04-20T05:42:36.483+0000] {logging_mixin.py:117} INFO - [2024-04-20T05:42:36.482+0000] {dag.py:3328} INFO - Setting next_dagrun for tutorial_dag to None, run_after=None
[2024-04-20T05:42:36.506+0000] {processor.py:178} INFO - Processing /home/airflow/.local/lib/python3.7/site-packages/airflow/example_dags/tutorial_dag.py took 0.102 seconds
[2024-04-20T05:43:06.616+0000] {processor.py:156} INFO - Started process (PID=5317) to work on /home/airflow/.local/lib/python3.7/site-packages/airflow/example_dags/tutorial_dag.py
[2024-04-20T05:43:06.616+0000] {processor.py:758} INFO - Processing file /home/airflow/.local/lib/python3.7/site-packages/airflow/example_dags/tutorial_dag.py for tasks to queue
[2024-04-20T05:43:06.617+0000] {logging_mixin.py:117} INFO - [2024-04-20T05:43:06.617+0000] {dagbag.py:525} INFO - Filling up the DagBag from /home/airflow/.local/lib/python3.7/site-packages/airflow/example_dags/tutorial_dag.py
[2024-04-20T05:43:06.634+0000] {processor.py:768} INFO - DAG(s) dict_keys(['tutorial_dag']) retrieved from /home/airflow/.local/lib/python3.7/site-packages/airflow/example_dags/tutorial_dag.py
[2024-04-20T05:43:06.676+0000] {logging_mixin.py:117} INFO - [2024-04-20T05:43:06.676+0000] {dag.py:2573} INFO - Sync 1 DAGs
[2024-04-20T05:43:06.695+0000] {logging_mixin.py:117} INFO - [2024-04-20T05:43:06.695+0000] {dag.py:3328} INFO - Setting next_dagrun for tutorial_dag to None, run_after=None
[2024-04-20T05:43:06.715+0000] {processor.py:178} INFO - Processing /home/airflow/.local/lib/python3.7/site-packages/airflow/example_dags/tutorial_dag.py took 0.103 seconds
[2024-04-20T05:43:37.526+0000] {processor.py:156} INFO - Started process (PID=5570) to work on /home/airflow/.local/lib/python3.7/site-packages/airflow/example_dags/tutorial_dag.py
[2024-04-20T05:43:37.534+0000] {processor.py:758} INFO - Processing file /home/airflow/.local/lib/python3.7/site-packages/airflow/example_dags/tutorial_dag.py for tasks to queue
[2024-04-20T05:43:37.535+0000] {logging_mixin.py:117} INFO - [2024-04-20T05:43:37.535+0000] {dagbag.py:525} INFO - Filling up the DagBag from /home/airflow/.local/lib/python3.7/site-packages/airflow/example_dags/tutorial_dag.py
[2024-04-20T05:43:37.569+0000] {processor.py:768} INFO - DAG(s) dict_keys(['tutorial_dag']) retrieved from /home/airflow/.local/lib/python3.7/site-packages/airflow/example_dags/tutorial_dag.py
[2024-04-20T05:43:37.683+0000] {logging_mixin.py:117} INFO - [2024-04-20T05:43:37.683+0000] {dag.py:2573} INFO - Sync 1 DAGs
[2024-04-20T05:43:37.725+0000] {logging_mixin.py:117} INFO - [2024-04-20T05:43:37.724+0000] {dag.py:3328} INFO - Setting next_dagrun for tutorial_dag to None, run_after=None
[2024-04-20T05:43:37.761+0000] {processor.py:178} INFO - Processing /home/airflow/.local/lib/python3.7/site-packages/airflow/example_dags/tutorial_dag.py took 0.245 seconds
[2024-04-20T05:44:07.805+0000] {processor.py:156} INFO - Started process (PID=5803) to work on /home/airflow/.local/lib/python3.7/site-packages/airflow/example_dags/tutorial_dag.py
[2024-04-20T05:44:07.805+0000] {processor.py:758} INFO - Processing file /home/airflow/.local/lib/python3.7/site-packages/airflow/example_dags/tutorial_dag.py for tasks to queue
[2024-04-20T05:44:07.806+0000] {logging_mixin.py:117} INFO - [2024-04-20T05:44:07.806+0000] {dagbag.py:525} INFO - Filling up the DagBag from /home/airflow/.local/lib/python3.7/site-packages/airflow/example_dags/tutorial_dag.py
[2024-04-20T05:44:07.823+0000] {processor.py:768} INFO - DAG(s) dict_keys(['tutorial_dag']) retrieved from /home/airflow/.local/lib/python3.7/site-packages/airflow/example_dags/tutorial_dag.py
[2024-04-20T05:44:07.864+0000] {logging_mixin.py:117} INFO - [2024-04-20T05:44:07.864+0000] {dag.py:2573} INFO - Sync 1 DAGs
[2024-04-20T05:44:07.886+0000] {logging_mixin.py:117} INFO - [2024-04-20T05:44:07.886+0000] {dag.py:3328} INFO - Setting next_dagrun for tutorial_dag to None, run_after=None
[2024-04-20T05:44:07.907+0000] {processor.py:178} INFO - Processing /home/airflow/.local/lib/python3.7/site-packages/airflow/example_dags/tutorial_dag.py took 0.105 seconds
[2024-04-20T05:44:39.064+0000] {processor.py:156} INFO - Started process (PID=6064) to work on /home/airflow/.local/lib/python3.7/site-packages/airflow/example_dags/tutorial_dag.py
[2024-04-20T05:44:39.064+0000] {processor.py:758} INFO - Processing file /home/airflow/.local/lib/python3.7/site-packages/airflow/example_dags/tutorial_dag.py for tasks to queue
[2024-04-20T05:44:39.066+0000] {logging_mixin.py:117} INFO - [2024-04-20T05:44:39.066+0000] {dagbag.py:525} INFO - Filling up the DagBag from /home/airflow/.local/lib/python3.7/site-packages/airflow/example_dags/tutorial_dag.py
[2024-04-20T05:44:39.082+0000] {processor.py:768} INFO - DAG(s) dict_keys(['tutorial_dag']) retrieved from /home/airflow/.local/lib/python3.7/site-packages/airflow/example_dags/tutorial_dag.py
[2024-04-20T05:44:39.132+0000] {logging_mixin.py:117} INFO - [2024-04-20T05:44:39.132+0000] {dag.py:2573} INFO - Sync 1 DAGs
[2024-04-20T05:44:39.168+0000] {logging_mixin.py:117} INFO - [2024-04-20T05:44:39.168+0000] {dag.py:3328} INFO - Setting next_dagrun for tutorial_dag to None, run_after=None
[2024-04-20T05:44:39.192+0000] {processor.py:178} INFO - Processing /home/airflow/.local/lib/python3.7/site-packages/airflow/example_dags/tutorial_dag.py took 0.131 seconds
[2024-04-20T05:45:09.281+0000] {processor.py:156} INFO - Started process (PID=6321) to work on /home/airflow/.local/lib/python3.7/site-packages/airflow/example_dags/tutorial_dag.py
[2024-04-20T05:45:09.282+0000] {processor.py:758} INFO - Processing file /home/airflow/.local/lib/python3.7/site-packages/airflow/example_dags/tutorial_dag.py for tasks to queue
[2024-04-20T05:45:09.282+0000] {logging_mixin.py:117} INFO - [2024-04-20T05:45:09.282+0000] {dagbag.py:525} INFO - Filling up the DagBag from /home/airflow/.local/lib/python3.7/site-packages/airflow/example_dags/tutorial_dag.py
[2024-04-20T05:45:09.299+0000] {processor.py:768} INFO - DAG(s) dict_keys(['tutorial_dag']) retrieved from /home/airflow/.local/lib/python3.7/site-packages/airflow/example_dags/tutorial_dag.py
[2024-04-20T05:45:09.359+0000] {logging_mixin.py:117} INFO - [2024-04-20T05:45:09.359+0000] {dag.py:2573} INFO - Sync 1 DAGs
[2024-04-20T05:45:09.401+0000] {logging_mixin.py:117} INFO - [2024-04-20T05:45:09.401+0000] {dag.py:3328} INFO - Setting next_dagrun for tutorial_dag to None, run_after=None
[2024-04-20T05:45:09.425+0000] {processor.py:178} INFO - Processing /home/airflow/.local/lib/python3.7/site-packages/airflow/example_dags/tutorial_dag.py took 0.147 seconds
[2024-04-20T05:45:39.792+0000] {processor.py:156} INFO - Started process (PID=6588) to work on /home/airflow/.local/lib/python3.7/site-packages/airflow/example_dags/tutorial_dag.py
[2024-04-20T05:45:39.796+0000] {processor.py:758} INFO - Processing file /home/airflow/.local/lib/python3.7/site-packages/airflow/example_dags/tutorial_dag.py for tasks to queue
[2024-04-20T05:45:39.797+0000] {logging_mixin.py:117} INFO - [2024-04-20T05:45:39.797+0000] {dagbag.py:525} INFO - Filling up the DagBag from /home/airflow/.local/lib/python3.7/site-packages/airflow/example_dags/tutorial_dag.py
[2024-04-20T05:45:39.813+0000] {processor.py:768} INFO - DAG(s) dict_keys(['tutorial_dag']) retrieved from /home/airflow/.local/lib/python3.7/site-packages/airflow/example_dags/tutorial_dag.py
[2024-04-20T05:45:39.864+0000] {logging_mixin.py:117} INFO - [2024-04-20T05:45:39.863+0000] {dag.py:2573} INFO - Sync 1 DAGs
[2024-04-20T05:45:39.892+0000] {logging_mixin.py:117} INFO - [2024-04-20T05:45:39.892+0000] {dag.py:3328} INFO - Setting next_dagrun for tutorial_dag to None, run_after=None
[2024-04-20T05:45:39.911+0000] {processor.py:178} INFO - Processing /home/airflow/.local/lib/python3.7/site-packages/airflow/example_dags/tutorial_dag.py took 0.123 seconds
[2024-04-20T05:46:11.136+0000] {processor.py:156} INFO - Started process (PID=6848) to work on /home/airflow/.local/lib/python3.7/site-packages/airflow/example_dags/tutorial_dag.py
[2024-04-20T05:46:11.139+0000] {processor.py:758} INFO - Processing file /home/airflow/.local/lib/python3.7/site-packages/airflow/example_dags/tutorial_dag.py for tasks to queue
[2024-04-20T05:46:11.140+0000] {logging_mixin.py:117} INFO - [2024-04-20T05:46:11.140+0000] {dagbag.py:525} INFO - Filling up the DagBag from /home/airflow/.local/lib/python3.7/site-packages/airflow/example_dags/tutorial_dag.py
[2024-04-20T05:46:11.158+0000] {processor.py:768} INFO - DAG(s) dict_keys(['tutorial_dag']) retrieved from /home/airflow/.local/lib/python3.7/site-packages/airflow/example_dags/tutorial_dag.py
[2024-04-20T05:46:11.205+0000] {logging_mixin.py:117} INFO - [2024-04-20T05:46:11.205+0000] {dag.py:2573} INFO - Sync 1 DAGs
[2024-04-20T05:46:11.235+0000] {logging_mixin.py:117} INFO - [2024-04-20T05:46:11.235+0000] {dag.py:3328} INFO - Setting next_dagrun for tutorial_dag to None, run_after=None
[2024-04-20T05:46:11.271+0000] {processor.py:178} INFO - Processing /home/airflow/.local/lib/python3.7/site-packages/airflow/example_dags/tutorial_dag.py took 0.139 seconds
[2024-04-20T05:46:41.762+0000] {processor.py:156} INFO - Started process (PID=7094) to work on /home/airflow/.local/lib/python3.7/site-packages/airflow/example_dags/tutorial_dag.py
[2024-04-20T05:46:41.762+0000] {processor.py:758} INFO - Processing file /home/airflow/.local/lib/python3.7/site-packages/airflow/example_dags/tutorial_dag.py for tasks to queue
[2024-04-20T05:46:41.763+0000] {logging_mixin.py:117} INFO - [2024-04-20T05:46:41.763+0000] {dagbag.py:525} INFO - Filling up the DagBag from /home/airflow/.local/lib/python3.7/site-packages/airflow/example_dags/tutorial_dag.py
[2024-04-20T05:46:41.780+0000] {processor.py:768} INFO - DAG(s) dict_keys(['tutorial_dag']) retrieved from /home/airflow/.local/lib/python3.7/site-packages/airflow/example_dags/tutorial_dag.py
[2024-04-20T05:46:41.826+0000] {logging_mixin.py:117} INFO - [2024-04-20T05:46:41.826+0000] {dag.py:2573} INFO - Sync 1 DAGs
[2024-04-20T05:46:41.854+0000] {logging_mixin.py:117} INFO - [2024-04-20T05:46:41.854+0000] {dag.py:3328} INFO - Setting next_dagrun for tutorial_dag to None, run_after=None
[2024-04-20T05:46:41.875+0000] {processor.py:178} INFO - Processing /home/airflow/.local/lib/python3.7/site-packages/airflow/example_dags/tutorial_dag.py took 0.117 seconds
[2024-04-20T05:47:12.333+0000] {processor.py:156} INFO - Started process (PID=7342) to work on /home/airflow/.local/lib/python3.7/site-packages/airflow/example_dags/tutorial_dag.py
[2024-04-20T05:47:12.334+0000] {processor.py:758} INFO - Processing file /home/airflow/.local/lib/python3.7/site-packages/airflow/example_dags/tutorial_dag.py for tasks to queue
[2024-04-20T05:47:12.334+0000] {logging_mixin.py:117} INFO - [2024-04-20T05:47:12.334+0000] {dagbag.py:525} INFO - Filling up the DagBag from /home/airflow/.local/lib/python3.7/site-packages/airflow/example_dags/tutorial_dag.py
[2024-04-20T05:47:12.368+0000] {processor.py:768} INFO - DAG(s) dict_keys(['tutorial_dag']) retrieved from /home/airflow/.local/lib/python3.7/site-packages/airflow/example_dags/tutorial_dag.py
[2024-04-20T05:47:12.425+0000] {logging_mixin.py:117} INFO - [2024-04-20T05:47:12.424+0000] {dag.py:2573} INFO - Sync 1 DAGs
[2024-04-20T05:47:12.453+0000] {logging_mixin.py:117} INFO - [2024-04-20T05:47:12.453+0000] {dag.py:3328} INFO - Setting next_dagrun for tutorial_dag to None, run_after=None
[2024-04-20T05:47:12.473+0000] {processor.py:178} INFO - Processing /home/airflow/.local/lib/python3.7/site-packages/airflow/example_dags/tutorial_dag.py took 0.145 seconds
[2024-04-20T05:47:43.467+0000] {processor.py:156} INFO - Started process (PID=7606) to work on /home/airflow/.local/lib/python3.7/site-packages/airflow/example_dags/tutorial_dag.py
[2024-04-20T05:47:43.468+0000] {processor.py:758} INFO - Processing file /home/airflow/.local/lib/python3.7/site-packages/airflow/example_dags/tutorial_dag.py for tasks to queue
[2024-04-20T05:47:43.469+0000] {logging_mixin.py:117} INFO - [2024-04-20T05:47:43.469+0000] {dagbag.py:525} INFO - Filling up the DagBag from /home/airflow/.local/lib/python3.7/site-packages/airflow/example_dags/tutorial_dag.py
[2024-04-20T05:47:43.491+0000] {processor.py:768} INFO - DAG(s) dict_keys(['tutorial_dag']) retrieved from /home/airflow/.local/lib/python3.7/site-packages/airflow/example_dags/tutorial_dag.py
[2024-04-20T05:47:43.539+0000] {logging_mixin.py:117} INFO - [2024-04-20T05:47:43.539+0000] {dag.py:2573} INFO - Sync 1 DAGs
[2024-04-20T05:47:43.569+0000] {logging_mixin.py:117} INFO - [2024-04-20T05:47:43.569+0000] {dag.py:3328} INFO - Setting next_dagrun for tutorial_dag to None, run_after=None
[2024-04-20T05:47:43.593+0000] {processor.py:178} INFO - Processing /home/airflow/.local/lib/python3.7/site-packages/airflow/example_dags/tutorial_dag.py took 0.130 seconds
[2024-04-20T05:48:13.898+0000] {processor.py:156} INFO - Started process (PID=7855) to work on /home/airflow/.local/lib/python3.7/site-packages/airflow/example_dags/tutorial_dag.py
[2024-04-20T05:48:13.899+0000] {processor.py:758} INFO - Processing file /home/airflow/.local/lib/python3.7/site-packages/airflow/example_dags/tutorial_dag.py for tasks to queue
[2024-04-20T05:48:13.900+0000] {logging_mixin.py:117} INFO - [2024-04-20T05:48:13.899+0000] {dagbag.py:525} INFO - Filling up the DagBag from /home/airflow/.local/lib/python3.7/site-packages/airflow/example_dags/tutorial_dag.py
[2024-04-20T05:48:13.917+0000] {processor.py:768} INFO - DAG(s) dict_keys(['tutorial_dag']) retrieved from /home/airflow/.local/lib/python3.7/site-packages/airflow/example_dags/tutorial_dag.py
[2024-04-20T05:48:13.955+0000] {logging_mixin.py:117} INFO - [2024-04-20T05:48:13.954+0000] {dag.py:2573} INFO - Sync 1 DAGs
[2024-04-20T05:48:13.975+0000] {logging_mixin.py:117} INFO - [2024-04-20T05:48:13.975+0000] {dag.py:3328} INFO - Setting next_dagrun for tutorial_dag to None, run_after=None
[2024-04-20T05:48:13.994+0000] {processor.py:178} INFO - Processing /home/airflow/.local/lib/python3.7/site-packages/airflow/example_dags/tutorial_dag.py took 0.099 seconds
[2024-04-20T05:48:44.178+0000] {processor.py:156} INFO - Started process (PID=8082) to work on /home/airflow/.local/lib/python3.7/site-packages/airflow/example_dags/tutorial_dag.py
[2024-04-20T05:48:44.178+0000] {processor.py:758} INFO - Processing file /home/airflow/.local/lib/python3.7/site-packages/airflow/example_dags/tutorial_dag.py for tasks to queue
[2024-04-20T05:48:44.179+0000] {logging_mixin.py:117} INFO - [2024-04-20T05:48:44.179+0000] {dagbag.py:525} INFO - Filling up the DagBag from /home/airflow/.local/lib/python3.7/site-packages/airflow/example_dags/tutorial_dag.py
[2024-04-20T05:48:44.207+0000] {processor.py:768} INFO - DAG(s) dict_keys(['tutorial_dag']) retrieved from /home/airflow/.local/lib/python3.7/site-packages/airflow/example_dags/tutorial_dag.py
[2024-04-20T05:48:44.274+0000] {logging_mixin.py:117} INFO - [2024-04-20T05:48:44.274+0000] {dag.py:2573} INFO - Sync 1 DAGs
[2024-04-20T05:48:44.303+0000] {logging_mixin.py:117} INFO - [2024-04-20T05:48:44.303+0000] {dag.py:3328} INFO - Setting next_dagrun for tutorial_dag to None, run_after=None
[2024-04-20T05:48:44.323+0000] {processor.py:178} INFO - Processing /home/airflow/.local/lib/python3.7/site-packages/airflow/example_dags/tutorial_dag.py took 0.149 seconds
[2024-04-20T05:49:14.793+0000] {processor.py:156} INFO - Started process (PID=8325) to work on /home/airflow/.local/lib/python3.7/site-packages/airflow/example_dags/tutorial_dag.py
[2024-04-20T05:49:14.813+0000] {processor.py:758} INFO - Processing file /home/airflow/.local/lib/python3.7/site-packages/airflow/example_dags/tutorial_dag.py for tasks to queue
[2024-04-20T05:49:14.814+0000] {logging_mixin.py:117} INFO - [2024-04-20T05:49:14.814+0000] {dagbag.py:525} INFO - Filling up the DagBag from /home/airflow/.local/lib/python3.7/site-packages/airflow/example_dags/tutorial_dag.py
[2024-04-20T05:49:14.875+0000] {processor.py:768} INFO - DAG(s) dict_keys(['tutorial_dag']) retrieved from /home/airflow/.local/lib/python3.7/site-packages/airflow/example_dags/tutorial_dag.py
[2024-04-20T05:49:14.984+0000] {logging_mixin.py:117} INFO - [2024-04-20T05:49:14.984+0000] {dag.py:2573} INFO - Sync 1 DAGs
[2024-04-20T05:49:15.015+0000] {logging_mixin.py:117} INFO - [2024-04-20T05:49:15.014+0000] {dag.py:3328} INFO - Setting next_dagrun for tutorial_dag to None, run_after=None
[2024-04-20T05:49:15.039+0000] {processor.py:178} INFO - Processing /home/airflow/.local/lib/python3.7/site-packages/airflow/example_dags/tutorial_dag.py took 0.249 seconds
[2024-04-20T05:49:45.105+0000] {processor.py:156} INFO - Started process (PID=8556) to work on /home/airflow/.local/lib/python3.7/site-packages/airflow/example_dags/tutorial_dag.py
[2024-04-20T05:49:45.106+0000] {processor.py:758} INFO - Processing file /home/airflow/.local/lib/python3.7/site-packages/airflow/example_dags/tutorial_dag.py for tasks to queue
[2024-04-20T05:49:45.106+0000] {logging_mixin.py:117} INFO - [2024-04-20T05:49:45.106+0000] {dagbag.py:525} INFO - Filling up the DagBag from /home/airflow/.local/lib/python3.7/site-packages/airflow/example_dags/tutorial_dag.py
[2024-04-20T05:49:45.126+0000] {processor.py:768} INFO - DAG(s) dict_keys(['tutorial_dag']) retrieved from /home/airflow/.local/lib/python3.7/site-packages/airflow/example_dags/tutorial_dag.py
[2024-04-20T05:49:45.211+0000] {logging_mixin.py:117} INFO - [2024-04-20T05:49:45.211+0000] {dag.py:2573} INFO - Sync 1 DAGs
[2024-04-20T05:49:45.262+0000] {logging_mixin.py:117} INFO - [2024-04-20T05:49:45.262+0000] {dag.py:3328} INFO - Setting next_dagrun for tutorial_dag to None, run_after=None
[2024-04-20T05:49:45.320+0000] {processor.py:178} INFO - Processing /home/airflow/.local/lib/python3.7/site-packages/airflow/example_dags/tutorial_dag.py took 0.218 seconds
[2024-04-20T05:50:16.004+0000] {processor.py:156} INFO - Started process (PID=8801) to work on /home/airflow/.local/lib/python3.7/site-packages/airflow/example_dags/tutorial_dag.py
[2024-04-20T05:50:16.005+0000] {processor.py:758} INFO - Processing file /home/airflow/.local/lib/python3.7/site-packages/airflow/example_dags/tutorial_dag.py for tasks to queue
[2024-04-20T05:50:16.006+0000] {logging_mixin.py:117} INFO - [2024-04-20T05:50:16.006+0000] {dagbag.py:525} INFO - Filling up the DagBag from /home/airflow/.local/lib/python3.7/site-packages/airflow/example_dags/tutorial_dag.py
[2024-04-20T05:50:16.024+0000] {processor.py:768} INFO - DAG(s) dict_keys(['tutorial_dag']) retrieved from /home/airflow/.local/lib/python3.7/site-packages/airflow/example_dags/tutorial_dag.py
[2024-04-20T05:50:16.074+0000] {logging_mixin.py:117} INFO - [2024-04-20T05:50:16.074+0000] {dag.py:2573} INFO - Sync 1 DAGs
[2024-04-20T05:50:16.103+0000] {logging_mixin.py:117} INFO - [2024-04-20T05:50:16.103+0000] {dag.py:3328} INFO - Setting next_dagrun for tutorial_dag to None, run_after=None
[2024-04-20T05:50:16.124+0000] {processor.py:178} INFO - Processing /home/airflow/.local/lib/python3.7/site-packages/airflow/example_dags/tutorial_dag.py took 0.123 seconds
[2024-04-20T05:50:46.942+0000] {processor.py:156} INFO - Started process (PID=9027) to work on /home/airflow/.local/lib/python3.7/site-packages/airflow/example_dags/tutorial_dag.py
[2024-04-20T05:50:46.942+0000] {processor.py:758} INFO - Processing file /home/airflow/.local/lib/python3.7/site-packages/airflow/example_dags/tutorial_dag.py for tasks to queue
[2024-04-20T05:50:46.943+0000] {logging_mixin.py:117} INFO - [2024-04-20T05:50:46.943+0000] {dagbag.py:525} INFO - Filling up the DagBag from /home/airflow/.local/lib/python3.7/site-packages/airflow/example_dags/tutorial_dag.py
[2024-04-20T05:50:46.960+0000] {processor.py:768} INFO - DAG(s) dict_keys(['tutorial_dag']) retrieved from /home/airflow/.local/lib/python3.7/site-packages/airflow/example_dags/tutorial_dag.py
[2024-04-20T05:50:47.008+0000] {logging_mixin.py:117} INFO - [2024-04-20T05:50:47.008+0000] {dag.py:2573} INFO - Sync 1 DAGs
[2024-04-20T05:50:47.038+0000] {logging_mixin.py:117} INFO - [2024-04-20T05:50:47.037+0000] {dag.py:3328} INFO - Setting next_dagrun for tutorial_dag to None, run_after=None
[2024-04-20T05:50:47.062+0000] {processor.py:178} INFO - Processing /home/airflow/.local/lib/python3.7/site-packages/airflow/example_dags/tutorial_dag.py took 0.123 seconds
[2024-04-20T05:51:17.425+0000] {processor.py:156} INFO - Started process (PID=9248) to work on /home/airflow/.local/lib/python3.7/site-packages/airflow/example_dags/tutorial_dag.py
[2024-04-20T05:51:17.429+0000] {processor.py:758} INFO - Processing file /home/airflow/.local/lib/python3.7/site-packages/airflow/example_dags/tutorial_dag.py for tasks to queue
[2024-04-20T05:51:17.429+0000] {logging_mixin.py:117} INFO - [2024-04-20T05:51:17.429+0000] {dagbag.py:525} INFO - Filling up the DagBag from /home/airflow/.local/lib/python3.7/site-packages/airflow/example_dags/tutorial_dag.py
[2024-04-20T05:51:17.445+0000] {processor.py:768} INFO - DAG(s) dict_keys(['tutorial_dag']) retrieved from /home/airflow/.local/lib/python3.7/site-packages/airflow/example_dags/tutorial_dag.py
[2024-04-20T05:51:17.485+0000] {logging_mixin.py:117} INFO - [2024-04-20T05:51:17.485+0000] {dag.py:2573} INFO - Sync 1 DAGs
[2024-04-20T05:51:17.512+0000] {logging_mixin.py:117} INFO - [2024-04-20T05:51:17.512+0000] {dag.py:3328} INFO - Setting next_dagrun for tutorial_dag to None, run_after=None
[2024-04-20T05:51:17.537+0000] {processor.py:178} INFO - Processing /home/airflow/.local/lib/python3.7/site-packages/airflow/example_dags/tutorial_dag.py took 0.115 seconds
[2024-04-20T05:51:47.849+0000] {processor.py:156} INFO - Started process (PID=9485) to work on /home/airflow/.local/lib/python3.7/site-packages/airflow/example_dags/tutorial_dag.py
[2024-04-20T05:51:47.849+0000] {processor.py:758} INFO - Processing file /home/airflow/.local/lib/python3.7/site-packages/airflow/example_dags/tutorial_dag.py for tasks to queue
[2024-04-20T05:51:47.850+0000] {logging_mixin.py:117} INFO - [2024-04-20T05:51:47.850+0000] {dagbag.py:525} INFO - Filling up the DagBag from /home/airflow/.local/lib/python3.7/site-packages/airflow/example_dags/tutorial_dag.py
[2024-04-20T05:51:47.864+0000] {processor.py:768} INFO - DAG(s) dict_keys(['tutorial_dag']) retrieved from /home/airflow/.local/lib/python3.7/site-packages/airflow/example_dags/tutorial_dag.py
[2024-04-20T05:51:47.898+0000] {logging_mixin.py:117} INFO - [2024-04-20T05:51:47.898+0000] {dag.py:2573} INFO - Sync 1 DAGs
[2024-04-20T05:51:47.927+0000] {logging_mixin.py:117} INFO - [2024-04-20T05:51:47.927+0000] {dag.py:3328} INFO - Setting next_dagrun for tutorial_dag to None, run_after=None
[2024-04-20T05:51:47.949+0000] {processor.py:178} INFO - Processing /home/airflow/.local/lib/python3.7/site-packages/airflow/example_dags/tutorial_dag.py took 0.104 seconds
[2024-04-20T05:52:18.824+0000] {processor.py:156} INFO - Started process (PID=9702) to work on /home/airflow/.local/lib/python3.7/site-packages/airflow/example_dags/tutorial_dag.py
[2024-04-20T05:52:18.825+0000] {processor.py:758} INFO - Processing file /home/airflow/.local/lib/python3.7/site-packages/airflow/example_dags/tutorial_dag.py for tasks to queue
[2024-04-20T05:52:18.825+0000] {logging_mixin.py:117} INFO - [2024-04-20T05:52:18.825+0000] {dagbag.py:525} INFO - Filling up the DagBag from /home/airflow/.local/lib/python3.7/site-packages/airflow/example_dags/tutorial_dag.py
[2024-04-20T05:52:18.844+0000] {processor.py:768} INFO - DAG(s) dict_keys(['tutorial_dag']) retrieved from /home/airflow/.local/lib/python3.7/site-packages/airflow/example_dags/tutorial_dag.py
[2024-04-20T05:52:18.878+0000] {logging_mixin.py:117} INFO - [2024-04-20T05:52:18.878+0000] {dag.py:2573} INFO - Sync 1 DAGs
[2024-04-20T05:52:18.899+0000] {logging_mixin.py:117} INFO - [2024-04-20T05:52:18.899+0000] {dag.py:3328} INFO - Setting next_dagrun for tutorial_dag to None, run_after=None
[2024-04-20T05:52:18.918+0000] {processor.py:178} INFO - Processing /home/airflow/.local/lib/python3.7/site-packages/airflow/example_dags/tutorial_dag.py took 0.098 seconds
[2024-04-20T05:52:49.083+0000] {processor.py:156} INFO - Started process (PID=9929) to work on /home/airflow/.local/lib/python3.7/site-packages/airflow/example_dags/tutorial_dag.py
[2024-04-20T05:52:49.084+0000] {processor.py:758} INFO - Processing file /home/airflow/.local/lib/python3.7/site-packages/airflow/example_dags/tutorial_dag.py for tasks to queue
[2024-04-20T05:52:49.084+0000] {logging_mixin.py:117} INFO - [2024-04-20T05:52:49.084+0000] {dagbag.py:525} INFO - Filling up the DagBag from /home/airflow/.local/lib/python3.7/site-packages/airflow/example_dags/tutorial_dag.py
[2024-04-20T05:52:49.101+0000] {processor.py:768} INFO - DAG(s) dict_keys(['tutorial_dag']) retrieved from /home/airflow/.local/lib/python3.7/site-packages/airflow/example_dags/tutorial_dag.py
[2024-04-20T05:52:49.142+0000] {logging_mixin.py:117} INFO - [2024-04-20T05:52:49.142+0000] {dag.py:2573} INFO - Sync 1 DAGs
[2024-04-20T05:52:49.161+0000] {logging_mixin.py:117} INFO - [2024-04-20T05:52:49.161+0000] {dag.py:3328} INFO - Setting next_dagrun for tutorial_dag to None, run_after=None
[2024-04-20T05:52:49.179+0000] {processor.py:178} INFO - Processing /home/airflow/.local/lib/python3.7/site-packages/airflow/example_dags/tutorial_dag.py took 0.100 seconds
[2024-04-20T05:53:19.717+0000] {processor.py:156} INFO - Started process (PID=10166) to work on /home/airflow/.local/lib/python3.7/site-packages/airflow/example_dags/tutorial_dag.py
[2024-04-20T05:53:19.717+0000] {processor.py:758} INFO - Processing file /home/airflow/.local/lib/python3.7/site-packages/airflow/example_dags/tutorial_dag.py for tasks to queue
[2024-04-20T05:53:19.718+0000] {logging_mixin.py:117} INFO - [2024-04-20T05:53:19.718+0000] {dagbag.py:525} INFO - Filling up the DagBag from /home/airflow/.local/lib/python3.7/site-packages/airflow/example_dags/tutorial_dag.py
[2024-04-20T05:53:19.737+0000] {processor.py:768} INFO - DAG(s) dict_keys(['tutorial_dag']) retrieved from /home/airflow/.local/lib/python3.7/site-packages/airflow/example_dags/tutorial_dag.py
[2024-04-20T05:53:19.786+0000] {logging_mixin.py:117} INFO - [2024-04-20T05:53:19.785+0000] {dag.py:2573} INFO - Sync 1 DAGs
[2024-04-20T05:53:19.812+0000] {logging_mixin.py:117} INFO - [2024-04-20T05:53:19.812+0000] {dag.py:3328} INFO - Setting next_dagrun for tutorial_dag to None, run_after=None
[2024-04-20T05:53:19.836+0000] {processor.py:178} INFO - Processing /home/airflow/.local/lib/python3.7/site-packages/airflow/example_dags/tutorial_dag.py took 0.124 seconds
[2024-04-20T05:53:50.468+0000] {processor.py:156} INFO - Started process (PID=10386) to work on /home/airflow/.local/lib/python3.7/site-packages/airflow/example_dags/tutorial_dag.py
[2024-04-20T05:53:50.469+0000] {processor.py:758} INFO - Processing file /home/airflow/.local/lib/python3.7/site-packages/airflow/example_dags/tutorial_dag.py for tasks to queue
[2024-04-20T05:53:50.469+0000] {logging_mixin.py:117} INFO - [2024-04-20T05:53:50.469+0000] {dagbag.py:525} INFO - Filling up the DagBag from /home/airflow/.local/lib/python3.7/site-packages/airflow/example_dags/tutorial_dag.py
[2024-04-20T05:53:50.482+0000] {processor.py:768} INFO - DAG(s) dict_keys(['tutorial_dag']) retrieved from /home/airflow/.local/lib/python3.7/site-packages/airflow/example_dags/tutorial_dag.py
[2024-04-20T05:53:50.515+0000] {logging_mixin.py:117} INFO - [2024-04-20T05:53:50.515+0000] {dag.py:2573} INFO - Sync 1 DAGs
[2024-04-20T05:53:50.534+0000] {logging_mixin.py:117} INFO - [2024-04-20T05:53:50.534+0000] {dag.py:3328} INFO - Setting next_dagrun for tutorial_dag to None, run_after=None
[2024-04-20T05:53:50.555+0000] {processor.py:178} INFO - Processing /home/airflow/.local/lib/python3.7/site-packages/airflow/example_dags/tutorial_dag.py took 0.090 seconds
[2024-04-20T05:54:20.707+0000] {processor.py:156} INFO - Started process (PID=10623) to work on /home/airflow/.local/lib/python3.7/site-packages/airflow/example_dags/tutorial_dag.py
[2024-04-20T05:54:20.708+0000] {processor.py:758} INFO - Processing file /home/airflow/.local/lib/python3.7/site-packages/airflow/example_dags/tutorial_dag.py for tasks to queue
[2024-04-20T05:54:20.709+0000] {logging_mixin.py:117} INFO - [2024-04-20T05:54:20.709+0000] {dagbag.py:525} INFO - Filling up the DagBag from /home/airflow/.local/lib/python3.7/site-packages/airflow/example_dags/tutorial_dag.py
[2024-04-20T05:54:20.728+0000] {processor.py:768} INFO - DAG(s) dict_keys(['tutorial_dag']) retrieved from /home/airflow/.local/lib/python3.7/site-packages/airflow/example_dags/tutorial_dag.py
[2024-04-20T05:54:20.778+0000] {logging_mixin.py:117} INFO - [2024-04-20T05:54:20.778+0000] {dag.py:2573} INFO - Sync 1 DAGs
[2024-04-20T05:54:20.799+0000] {logging_mixin.py:117} INFO - [2024-04-20T05:54:20.799+0000] {dag.py:3328} INFO - Setting next_dagrun for tutorial_dag to None, run_after=None
[2024-04-20T05:54:20.818+0000] {processor.py:178} INFO - Processing /home/airflow/.local/lib/python3.7/site-packages/airflow/example_dags/tutorial_dag.py took 0.114 seconds
[2024-04-20T05:54:51.776+0000] {processor.py:156} INFO - Started process (PID=10858) to work on /home/airflow/.local/lib/python3.7/site-packages/airflow/example_dags/tutorial_dag.py
[2024-04-20T05:54:51.777+0000] {processor.py:758} INFO - Processing file /home/airflow/.local/lib/python3.7/site-packages/airflow/example_dags/tutorial_dag.py for tasks to queue
[2024-04-20T05:54:51.777+0000] {logging_mixin.py:117} INFO - [2024-04-20T05:54:51.777+0000] {dagbag.py:525} INFO - Filling up the DagBag from /home/airflow/.local/lib/python3.7/site-packages/airflow/example_dags/tutorial_dag.py
[2024-04-20T05:54:51.796+0000] {processor.py:768} INFO - DAG(s) dict_keys(['tutorial_dag']) retrieved from /home/airflow/.local/lib/python3.7/site-packages/airflow/example_dags/tutorial_dag.py
[2024-04-20T05:54:51.847+0000] {logging_mixin.py:117} INFO - [2024-04-20T05:54:51.847+0000] {dag.py:2573} INFO - Sync 1 DAGs
[2024-04-20T05:54:51.889+0000] {logging_mixin.py:117} INFO - [2024-04-20T05:54:51.889+0000] {dag.py:3328} INFO - Setting next_dagrun for tutorial_dag to None, run_after=None
[2024-04-20T05:54:51.919+0000] {processor.py:178} INFO - Processing /home/airflow/.local/lib/python3.7/site-packages/airflow/example_dags/tutorial_dag.py took 0.147 seconds
[2024-04-20T05:55:22.233+0000] {processor.py:156} INFO - Started process (PID=11074) to work on /home/airflow/.local/lib/python3.7/site-packages/airflow/example_dags/tutorial_dag.py
[2024-04-20T05:55:22.236+0000] {processor.py:758} INFO - Processing file /home/airflow/.local/lib/python3.7/site-packages/airflow/example_dags/tutorial_dag.py for tasks to queue
[2024-04-20T05:55:22.237+0000] {logging_mixin.py:117} INFO - [2024-04-20T05:55:22.237+0000] {dagbag.py:525} INFO - Filling up the DagBag from /home/airflow/.local/lib/python3.7/site-packages/airflow/example_dags/tutorial_dag.py
[2024-04-20T05:55:22.262+0000] {processor.py:768} INFO - DAG(s) dict_keys(['tutorial_dag']) retrieved from /home/airflow/.local/lib/python3.7/site-packages/airflow/example_dags/tutorial_dag.py
[2024-04-20T05:55:22.335+0000] {logging_mixin.py:117} INFO - [2024-04-20T05:55:22.335+0000] {dag.py:2573} INFO - Sync 1 DAGs
[2024-04-20T05:55:22.354+0000] {logging_mixin.py:117} INFO - [2024-04-20T05:55:22.354+0000] {dag.py:3328} INFO - Setting next_dagrun for tutorial_dag to None, run_after=None
[2024-04-20T05:55:22.373+0000] {processor.py:178} INFO - Processing /home/airflow/.local/lib/python3.7/site-packages/airflow/example_dags/tutorial_dag.py took 0.145 seconds
[2024-04-20T05:56:41.492+0000] {processor.py:156} INFO - Started process (PID=288) to work on /home/airflow/.local/lib/python3.7/site-packages/airflow/example_dags/tutorial_dag.py
[2024-04-20T05:56:41.505+0000] {processor.py:758} INFO - Processing file /home/airflow/.local/lib/python3.7/site-packages/airflow/example_dags/tutorial_dag.py for tasks to queue
[2024-04-20T05:56:41.505+0000] {logging_mixin.py:117} INFO - [2024-04-20T05:56:41.505+0000] {dagbag.py:525} INFO - Filling up the DagBag from /home/airflow/.local/lib/python3.7/site-packages/airflow/example_dags/tutorial_dag.py
[2024-04-20T05:56:41.571+0000] {processor.py:768} INFO - DAG(s) dict_keys(['tutorial_dag']) retrieved from /home/airflow/.local/lib/python3.7/site-packages/airflow/example_dags/tutorial_dag.py
[2024-04-20T05:56:41.788+0000] {logging_mixin.py:117} INFO - [2024-04-20T05:56:41.787+0000] {dag.py:2573} INFO - Sync 1 DAGs
[2024-04-20T05:56:41.947+0000] {logging_mixin.py:117} INFO - [2024-04-20T05:56:41.946+0000] {dag.py:3328} INFO - Setting next_dagrun for tutorial_dag to None, run_after=None
[2024-04-20T05:56:42.178+0000] {processor.py:178} INFO - Processing /home/airflow/.local/lib/python3.7/site-packages/airflow/example_dags/tutorial_dag.py took 0.698 seconds
[2024-04-20T05:57:13.048+0000] {processor.py:156} INFO - Started process (PID=508) to work on /home/airflow/.local/lib/python3.7/site-packages/airflow/example_dags/tutorial_dag.py
[2024-04-20T05:57:13.049+0000] {processor.py:758} INFO - Processing file /home/airflow/.local/lib/python3.7/site-packages/airflow/example_dags/tutorial_dag.py for tasks to queue
[2024-04-20T05:57:13.049+0000] {logging_mixin.py:117} INFO - [2024-04-20T05:57:13.049+0000] {dagbag.py:525} INFO - Filling up the DagBag from /home/airflow/.local/lib/python3.7/site-packages/airflow/example_dags/tutorial_dag.py
[2024-04-20T05:57:13.075+0000] {processor.py:768} INFO - DAG(s) dict_keys(['tutorial_dag']) retrieved from /home/airflow/.local/lib/python3.7/site-packages/airflow/example_dags/tutorial_dag.py
[2024-04-20T05:57:13.123+0000] {logging_mixin.py:117} INFO - [2024-04-20T05:57:13.122+0000] {dag.py:2573} INFO - Sync 1 DAGs
[2024-04-20T05:57:13.155+0000] {logging_mixin.py:117} INFO - [2024-04-20T05:57:13.155+0000] {dag.py:3328} INFO - Setting next_dagrun for tutorial_dag to None, run_after=None
[2024-04-20T05:57:13.420+0000] {processor.py:178} INFO - Processing /home/airflow/.local/lib/python3.7/site-packages/airflow/example_dags/tutorial_dag.py took 0.378 seconds
[2024-04-20T05:57:43.884+0000] {processor.py:156} INFO - Started process (PID=727) to work on /home/airflow/.local/lib/python3.7/site-packages/airflow/example_dags/tutorial_dag.py
[2024-04-20T05:57:43.884+0000] {processor.py:758} INFO - Processing file /home/airflow/.local/lib/python3.7/site-packages/airflow/example_dags/tutorial_dag.py for tasks to queue
[2024-04-20T05:57:43.885+0000] {logging_mixin.py:117} INFO - [2024-04-20T05:57:43.885+0000] {dagbag.py:525} INFO - Filling up the DagBag from /home/airflow/.local/lib/python3.7/site-packages/airflow/example_dags/tutorial_dag.py
[2024-04-20T05:57:43.903+0000] {processor.py:768} INFO - DAG(s) dict_keys(['tutorial_dag']) retrieved from /home/airflow/.local/lib/python3.7/site-packages/airflow/example_dags/tutorial_dag.py
[2024-04-20T05:57:43.964+0000] {logging_mixin.py:117} INFO - [2024-04-20T05:57:43.963+0000] {dag.py:2573} INFO - Sync 1 DAGs
[2024-04-20T05:57:44.190+0000] {logging_mixin.py:117} INFO - [2024-04-20T05:57:44.190+0000] {dag.py:3328} INFO - Setting next_dagrun for tutorial_dag to None, run_after=None
[2024-04-20T05:57:44.235+0000] {processor.py:178} INFO - Processing /home/airflow/.local/lib/python3.7/site-packages/airflow/example_dags/tutorial_dag.py took 0.354 seconds
[2024-04-20T05:58:15.023+0000] {processor.py:156} INFO - Started process (PID=952) to work on /home/airflow/.local/lib/python3.7/site-packages/airflow/example_dags/tutorial_dag.py
[2024-04-20T05:58:15.024+0000] {processor.py:758} INFO - Processing file /home/airflow/.local/lib/python3.7/site-packages/airflow/example_dags/tutorial_dag.py for tasks to queue
[2024-04-20T05:58:15.025+0000] {logging_mixin.py:117} INFO - [2024-04-20T05:58:15.025+0000] {dagbag.py:525} INFO - Filling up the DagBag from /home/airflow/.local/lib/python3.7/site-packages/airflow/example_dags/tutorial_dag.py
[2024-04-20T05:58:15.044+0000] {processor.py:768} INFO - DAG(s) dict_keys(['tutorial_dag']) retrieved from /home/airflow/.local/lib/python3.7/site-packages/airflow/example_dags/tutorial_dag.py
[2024-04-20T05:58:15.315+0000] {logging_mixin.py:117} INFO - [2024-04-20T05:58:15.314+0000] {dag.py:2573} INFO - Sync 1 DAGs
[2024-04-20T05:58:15.359+0000] {logging_mixin.py:117} INFO - [2024-04-20T05:58:15.359+0000] {dag.py:3328} INFO - Setting next_dagrun for tutorial_dag to None, run_after=None
[2024-04-20T05:58:15.439+0000] {processor.py:178} INFO - Processing /home/airflow/.local/lib/python3.7/site-packages/airflow/example_dags/tutorial_dag.py took 0.419 seconds
[2024-04-20T05:58:45.957+0000] {processor.py:156} INFO - Started process (PID=1173) to work on /home/airflow/.local/lib/python3.7/site-packages/airflow/example_dags/tutorial_dag.py
[2024-04-20T05:58:45.958+0000] {processor.py:758} INFO - Processing file /home/airflow/.local/lib/python3.7/site-packages/airflow/example_dags/tutorial_dag.py for tasks to queue
[2024-04-20T05:58:45.958+0000] {logging_mixin.py:117} INFO - [2024-04-20T05:58:45.958+0000] {dagbag.py:525} INFO - Filling up the DagBag from /home/airflow/.local/lib/python3.7/site-packages/airflow/example_dags/tutorial_dag.py
[2024-04-20T05:58:45.974+0000] {processor.py:768} INFO - DAG(s) dict_keys(['tutorial_dag']) retrieved from /home/airflow/.local/lib/python3.7/site-packages/airflow/example_dags/tutorial_dag.py
[2024-04-20T05:58:46.178+0000] {logging_mixin.py:117} INFO - [2024-04-20T05:58:46.178+0000] {dag.py:2573} INFO - Sync 1 DAGs
[2024-04-20T05:58:46.223+0000] {logging_mixin.py:117} INFO - [2024-04-20T05:58:46.223+0000] {dag.py:3328} INFO - Setting next_dagrun for tutorial_dag to None, run_after=None
[2024-04-20T05:58:46.268+0000] {processor.py:178} INFO - Processing /home/airflow/.local/lib/python3.7/site-packages/airflow/example_dags/tutorial_dag.py took 0.314 seconds
[2024-04-20T05:59:16.768+0000] {processor.py:156} INFO - Started process (PID=1399) to work on /home/airflow/.local/lib/python3.7/site-packages/airflow/example_dags/tutorial_dag.py
[2024-04-20T05:59:16.769+0000] {processor.py:758} INFO - Processing file /home/airflow/.local/lib/python3.7/site-packages/airflow/example_dags/tutorial_dag.py for tasks to queue
[2024-04-20T05:59:16.770+0000] {logging_mixin.py:117} INFO - [2024-04-20T05:59:16.770+0000] {dagbag.py:525} INFO - Filling up the DagBag from /home/airflow/.local/lib/python3.7/site-packages/airflow/example_dags/tutorial_dag.py
[2024-04-20T05:59:16.947+0000] {processor.py:768} INFO - DAG(s) dict_keys(['tutorial_dag']) retrieved from /home/airflow/.local/lib/python3.7/site-packages/airflow/example_dags/tutorial_dag.py
[2024-04-20T05:59:16.984+0000] {logging_mixin.py:117} INFO - [2024-04-20T05:59:16.984+0000] {dag.py:2573} INFO - Sync 1 DAGs
[2024-04-20T05:59:17.013+0000] {logging_mixin.py:117} INFO - [2024-04-20T05:59:17.012+0000] {dag.py:3328} INFO - Setting next_dagrun for tutorial_dag to None, run_after=None
[2024-04-20T05:59:17.050+0000] {processor.py:178} INFO - Processing /home/airflow/.local/lib/python3.7/site-packages/airflow/example_dags/tutorial_dag.py took 0.285 seconds
[2024-04-20T05:59:47.549+0000] {processor.py:156} INFO - Started process (PID=1628) to work on /home/airflow/.local/lib/python3.7/site-packages/airflow/example_dags/tutorial_dag.py
[2024-04-20T05:59:47.549+0000] {processor.py:758} INFO - Processing file /home/airflow/.local/lib/python3.7/site-packages/airflow/example_dags/tutorial_dag.py for tasks to queue
[2024-04-20T05:59:47.550+0000] {logging_mixin.py:117} INFO - [2024-04-20T05:59:47.550+0000] {dagbag.py:525} INFO - Filling up the DagBag from /home/airflow/.local/lib/python3.7/site-packages/airflow/example_dags/tutorial_dag.py
[2024-04-20T05:59:47.562+0000] {processor.py:768} INFO - DAG(s) dict_keys(['tutorial_dag']) retrieved from /home/airflow/.local/lib/python3.7/site-packages/airflow/example_dags/tutorial_dag.py
[2024-04-20T05:59:47.595+0000] {logging_mixin.py:117} INFO - [2024-04-20T05:59:47.595+0000] {dag.py:2573} INFO - Sync 1 DAGs
[2024-04-20T05:59:47.615+0000] {logging_mixin.py:117} INFO - [2024-04-20T05:59:47.615+0000] {dag.py:3328} INFO - Setting next_dagrun for tutorial_dag to None, run_after=None
[2024-04-20T05:59:47.634+0000] {processor.py:178} INFO - Processing /home/airflow/.local/lib/python3.7/site-packages/airflow/example_dags/tutorial_dag.py took 0.087 seconds
[2024-04-20T06:00:18.138+0000] {processor.py:156} INFO - Started process (PID=1844) to work on /home/airflow/.local/lib/python3.7/site-packages/airflow/example_dags/tutorial_dag.py
[2024-04-20T06:00:18.139+0000] {processor.py:758} INFO - Processing file /home/airflow/.local/lib/python3.7/site-packages/airflow/example_dags/tutorial_dag.py for tasks to queue
[2024-04-20T06:00:18.140+0000] {logging_mixin.py:117} INFO - [2024-04-20T06:00:18.140+0000] {dagbag.py:525} INFO - Filling up the DagBag from /home/airflow/.local/lib/python3.7/site-packages/airflow/example_dags/tutorial_dag.py
[2024-04-20T06:00:18.189+0000] {processor.py:768} INFO - DAG(s) dict_keys(['tutorial_dag']) retrieved from /home/airflow/.local/lib/python3.7/site-packages/airflow/example_dags/tutorial_dag.py
[2024-04-20T06:00:18.298+0000] {logging_mixin.py:117} INFO - [2024-04-20T06:00:18.298+0000] {dag.py:2573} INFO - Sync 1 DAGs
[2024-04-20T06:00:18.373+0000] {logging_mixin.py:117} INFO - [2024-04-20T06:00:18.373+0000] {dag.py:3328} INFO - Setting next_dagrun for tutorial_dag to None, run_after=None
[2024-04-20T06:00:18.443+0000] {processor.py:178} INFO - Processing /home/airflow/.local/lib/python3.7/site-packages/airflow/example_dags/tutorial_dag.py took 0.319 seconds
[2024-04-20T06:00:49.123+0000] {processor.py:156} INFO - Started process (PID=2071) to work on /home/airflow/.local/lib/python3.7/site-packages/airflow/example_dags/tutorial_dag.py
[2024-04-20T06:00:49.124+0000] {processor.py:758} INFO - Processing file /home/airflow/.local/lib/python3.7/site-packages/airflow/example_dags/tutorial_dag.py for tasks to queue
[2024-04-20T06:00:49.124+0000] {logging_mixin.py:117} INFO - [2024-04-20T06:00:49.124+0000] {dagbag.py:525} INFO - Filling up the DagBag from /home/airflow/.local/lib/python3.7/site-packages/airflow/example_dags/tutorial_dag.py
[2024-04-20T06:00:49.142+0000] {processor.py:768} INFO - DAG(s) dict_keys(['tutorial_dag']) retrieved from /home/airflow/.local/lib/python3.7/site-packages/airflow/example_dags/tutorial_dag.py
[2024-04-20T06:00:49.189+0000] {logging_mixin.py:117} INFO - [2024-04-20T06:00:49.188+0000] {dag.py:2573} INFO - Sync 1 DAGs
[2024-04-20T06:00:49.223+0000] {logging_mixin.py:117} INFO - [2024-04-20T06:00:49.223+0000] {dag.py:3328} INFO - Setting next_dagrun for tutorial_dag to None, run_after=None
[2024-04-20T06:00:49.248+0000] {processor.py:178} INFO - Processing /home/airflow/.local/lib/python3.7/site-packages/airflow/example_dags/tutorial_dag.py took 0.129 seconds
[2024-04-20T06:01:19.592+0000] {processor.py:156} INFO - Started process (PID=2298) to work on /home/airflow/.local/lib/python3.7/site-packages/airflow/example_dags/tutorial_dag.py
[2024-04-20T06:01:19.592+0000] {processor.py:758} INFO - Processing file /home/airflow/.local/lib/python3.7/site-packages/airflow/example_dags/tutorial_dag.py for tasks to queue
[2024-04-20T06:01:19.593+0000] {logging_mixin.py:117} INFO - [2024-04-20T06:01:19.593+0000] {dagbag.py:525} INFO - Filling up the DagBag from /home/airflow/.local/lib/python3.7/site-packages/airflow/example_dags/tutorial_dag.py
[2024-04-20T06:01:19.611+0000] {processor.py:768} INFO - DAG(s) dict_keys(['tutorial_dag']) retrieved from /home/airflow/.local/lib/python3.7/site-packages/airflow/example_dags/tutorial_dag.py
[2024-04-20T06:01:19.660+0000] {logging_mixin.py:117} INFO - [2024-04-20T06:01:19.660+0000] {dag.py:2573} INFO - Sync 1 DAGs
[2024-04-20T06:01:19.690+0000] {logging_mixin.py:117} INFO - [2024-04-20T06:01:19.690+0000] {dag.py:3328} INFO - Setting next_dagrun for tutorial_dag to None, run_after=None
[2024-04-20T06:01:19.717+0000] {processor.py:178} INFO - Processing /home/airflow/.local/lib/python3.7/site-packages/airflow/example_dags/tutorial_dag.py took 0.128 seconds
[2024-04-20T06:01:50.319+0000] {processor.py:156} INFO - Started process (PID=2517) to work on /home/airflow/.local/lib/python3.7/site-packages/airflow/example_dags/tutorial_dag.py
[2024-04-20T06:01:50.320+0000] {processor.py:758} INFO - Processing file /home/airflow/.local/lib/python3.7/site-packages/airflow/example_dags/tutorial_dag.py for tasks to queue
[2024-04-20T06:01:50.321+0000] {logging_mixin.py:117} INFO - [2024-04-20T06:01:50.321+0000] {dagbag.py:525} INFO - Filling up the DagBag from /home/airflow/.local/lib/python3.7/site-packages/airflow/example_dags/tutorial_dag.py
[2024-04-20T06:01:50.345+0000] {processor.py:768} INFO - DAG(s) dict_keys(['tutorial_dag']) retrieved from /home/airflow/.local/lib/python3.7/site-packages/airflow/example_dags/tutorial_dag.py
[2024-04-20T06:01:50.401+0000] {logging_mixin.py:117} INFO - [2024-04-20T06:01:50.400+0000] {dag.py:2573} INFO - Sync 1 DAGs
[2024-04-20T06:01:50.437+0000] {logging_mixin.py:117} INFO - [2024-04-20T06:01:50.437+0000] {dag.py:3328} INFO - Setting next_dagrun for tutorial_dag to None, run_after=None
[2024-04-20T06:01:50.467+0000] {processor.py:178} INFO - Processing /home/airflow/.local/lib/python3.7/site-packages/airflow/example_dags/tutorial_dag.py took 0.152 seconds
[2024-04-20T06:02:21.297+0000] {processor.py:156} INFO - Started process (PID=2745) to work on /home/airflow/.local/lib/python3.7/site-packages/airflow/example_dags/tutorial_dag.py
[2024-04-20T06:02:21.298+0000] {processor.py:758} INFO - Processing file /home/airflow/.local/lib/python3.7/site-packages/airflow/example_dags/tutorial_dag.py for tasks to queue
[2024-04-20T06:02:21.299+0000] {logging_mixin.py:117} INFO - [2024-04-20T06:02:21.299+0000] {dagbag.py:525} INFO - Filling up the DagBag from /home/airflow/.local/lib/python3.7/site-packages/airflow/example_dags/tutorial_dag.py
[2024-04-20T06:02:21.316+0000] {processor.py:768} INFO - DAG(s) dict_keys(['tutorial_dag']) retrieved from /home/airflow/.local/lib/python3.7/site-packages/airflow/example_dags/tutorial_dag.py
[2024-04-20T06:02:21.360+0000] {logging_mixin.py:117} INFO - [2024-04-20T06:02:21.360+0000] {dag.py:2573} INFO - Sync 1 DAGs
[2024-04-20T06:02:21.392+0000] {logging_mixin.py:117} INFO - [2024-04-20T06:02:21.392+0000] {dag.py:3328} INFO - Setting next_dagrun for tutorial_dag to None, run_after=None
[2024-04-20T06:02:21.418+0000] {processor.py:178} INFO - Processing /home/airflow/.local/lib/python3.7/site-packages/airflow/example_dags/tutorial_dag.py took 0.124 seconds
[2024-04-20T06:02:52.212+0000] {processor.py:156} INFO - Started process (PID=2973) to work on /home/airflow/.local/lib/python3.7/site-packages/airflow/example_dags/tutorial_dag.py
[2024-04-20T06:02:52.212+0000] {processor.py:758} INFO - Processing file /home/airflow/.local/lib/python3.7/site-packages/airflow/example_dags/tutorial_dag.py for tasks to queue
[2024-04-20T06:02:52.213+0000] {logging_mixin.py:117} INFO - [2024-04-20T06:02:52.213+0000] {dagbag.py:525} INFO - Filling up the DagBag from /home/airflow/.local/lib/python3.7/site-packages/airflow/example_dags/tutorial_dag.py
[2024-04-20T06:02:52.229+0000] {processor.py:768} INFO - DAG(s) dict_keys(['tutorial_dag']) retrieved from /home/airflow/.local/lib/python3.7/site-packages/airflow/example_dags/tutorial_dag.py
[2024-04-20T06:02:52.275+0000] {logging_mixin.py:117} INFO - [2024-04-20T06:02:52.275+0000] {dag.py:2573} INFO - Sync 1 DAGs
[2024-04-20T06:02:52.312+0000] {logging_mixin.py:117} INFO - [2024-04-20T06:02:52.312+0000] {dag.py:3328} INFO - Setting next_dagrun for tutorial_dag to None, run_after=None
[2024-04-20T06:02:52.336+0000] {processor.py:178} INFO - Processing /home/airflow/.local/lib/python3.7/site-packages/airflow/example_dags/tutorial_dag.py took 0.128 seconds
[2024-04-20T06:03:23.724+0000] {processor.py:156} INFO - Started process (PID=3190) to work on /home/airflow/.local/lib/python3.7/site-packages/airflow/example_dags/tutorial_dag.py
[2024-04-20T06:03:23.726+0000] {processor.py:758} INFO - Processing file /home/airflow/.local/lib/python3.7/site-packages/airflow/example_dags/tutorial_dag.py for tasks to queue
[2024-04-20T06:03:23.731+0000] {logging_mixin.py:117} INFO - [2024-04-20T06:03:23.731+0000] {dagbag.py:525} INFO - Filling up the DagBag from /home/airflow/.local/lib/python3.7/site-packages/airflow/example_dags/tutorial_dag.py
[2024-04-20T06:03:23.792+0000] {processor.py:768} INFO - DAG(s) dict_keys(['tutorial_dag']) retrieved from /home/airflow/.local/lib/python3.7/site-packages/airflow/example_dags/tutorial_dag.py
[2024-04-20T06:03:23.935+0000] {logging_mixin.py:117} INFO - [2024-04-20T06:03:23.935+0000] {dag.py:2573} INFO - Sync 1 DAGs
[2024-04-20T06:03:23.995+0000] {logging_mixin.py:117} INFO - [2024-04-20T06:03:23.994+0000] {dag.py:3328} INFO - Setting next_dagrun for tutorial_dag to None, run_after=None
[2024-04-20T06:03:24.034+0000] {processor.py:178} INFO - Processing /home/airflow/.local/lib/python3.7/site-packages/airflow/example_dags/tutorial_dag.py took 0.325 seconds
