[2024-04-20T05:31:48.825+0000] {processor.py:156} INFO - Started process (PID=260) to work on /home/airflow/.local/lib/python3.7/site-packages/airflow/example_dags/tutorial.py
[2024-04-20T05:31:48.830+0000] {processor.py:758} INFO - Processing file /home/airflow/.local/lib/python3.7/site-packages/airflow/example_dags/tutorial.py for tasks to queue
[2024-04-20T05:31:48.842+0000] {logging_mixin.py:117} INFO - [2024-04-20T05:31:48.842+0000] {dagbag.py:525} INFO - Filling up the DagBag from /home/airflow/.local/lib/python3.7/site-packages/airflow/example_dags/tutorial.py
[2024-04-20T05:31:48.896+0000] {processor.py:768} INFO - DAG(s) dict_keys(['tutorial']) retrieved from /home/airflow/.local/lib/python3.7/site-packages/airflow/example_dags/tutorial.py
[2024-04-20T05:31:49.959+0000] {logging_mixin.py:117} INFO - [2024-04-20T05:31:49.959+0000] {manager.py:507} INFO - Created Permission View: can delete on DAG:tutorial
[2024-04-20T05:31:49.991+0000] {logging_mixin.py:117} INFO - [2024-04-20T05:31:49.990+0000] {manager.py:507} INFO - Created Permission View: can edit on DAG:tutorial
[2024-04-20T05:31:50.012+0000] {logging_mixin.py:117} INFO - [2024-04-20T05:31:50.012+0000] {manager.py:507} INFO - Created Permission View: can read on DAG:tutorial
[2024-04-20T05:31:50.013+0000] {logging_mixin.py:117} INFO - [2024-04-20T05:31:50.012+0000] {dag.py:2573} INFO - Sync 1 DAGs
[2024-04-20T05:31:50.076+0000] {logging_mixin.py:117} INFO - [2024-04-20T05:31:50.076+0000] {dag.py:2594} INFO - Creating ORM DAG for tutorial
[2024-04-20T05:31:50.111+0000] {logging_mixin.py:117} INFO - [2024-04-20T05:31:50.110+0000] {dag.py:3328} INFO - Setting next_dagrun for tutorial to 2024-04-19T05:31:50.110593+00:00, run_after=2024-04-20T05:31:50.110593+00:00
[2024-04-20T05:31:50.154+0000] {processor.py:178} INFO - Processing /home/airflow/.local/lib/python3.7/site-packages/airflow/example_dags/tutorial.py took 1.337 seconds
[2024-04-20T05:32:20.558+0000] {processor.py:156} INFO - Started process (PID=475) to work on /home/airflow/.local/lib/python3.7/site-packages/airflow/example_dags/tutorial.py
[2024-04-20T05:32:20.559+0000] {processor.py:758} INFO - Processing file /home/airflow/.local/lib/python3.7/site-packages/airflow/example_dags/tutorial.py for tasks to queue
[2024-04-20T05:32:20.560+0000] {logging_mixin.py:117} INFO - [2024-04-20T05:32:20.560+0000] {dagbag.py:525} INFO - Filling up the DagBag from /home/airflow/.local/lib/python3.7/site-packages/airflow/example_dags/tutorial.py
[2024-04-20T05:32:20.579+0000] {processor.py:768} INFO - DAG(s) dict_keys(['tutorial']) retrieved from /home/airflow/.local/lib/python3.7/site-packages/airflow/example_dags/tutorial.py
[2024-04-20T05:32:20.627+0000] {logging_mixin.py:117} INFO - [2024-04-20T05:32:20.626+0000] {dag.py:2573} INFO - Sync 1 DAGs
[2024-04-20T05:32:20.657+0000] {logging_mixin.py:117} INFO - [2024-04-20T05:32:20.657+0000] {dag.py:3328} INFO - Setting next_dagrun for tutorial to 2024-04-19T05:32:20.656943+00:00, run_after=2024-04-20T05:32:20.656943+00:00
[2024-04-20T05:32:20.832+0000] {processor.py:178} INFO - Processing /home/airflow/.local/lib/python3.7/site-packages/airflow/example_dags/tutorial.py took 0.277 seconds
[2024-04-20T05:32:50.937+0000] {processor.py:156} INFO - Started process (PID=690) to work on /home/airflow/.local/lib/python3.7/site-packages/airflow/example_dags/tutorial.py
[2024-04-20T05:32:50.938+0000] {processor.py:758} INFO - Processing file /home/airflow/.local/lib/python3.7/site-packages/airflow/example_dags/tutorial.py for tasks to queue
[2024-04-20T05:32:50.939+0000] {logging_mixin.py:117} INFO - [2024-04-20T05:32:50.938+0000] {dagbag.py:525} INFO - Filling up the DagBag from /home/airflow/.local/lib/python3.7/site-packages/airflow/example_dags/tutorial.py
[2024-04-20T05:32:50.955+0000] {processor.py:768} INFO - DAG(s) dict_keys(['tutorial']) retrieved from /home/airflow/.local/lib/python3.7/site-packages/airflow/example_dags/tutorial.py
[2024-04-20T05:32:51.001+0000] {logging_mixin.py:117} INFO - [2024-04-20T05:32:51.001+0000] {dag.py:2573} INFO - Sync 1 DAGs
[2024-04-20T05:32:51.293+0000] {logging_mixin.py:117} INFO - [2024-04-20T05:32:51.293+0000] {dag.py:3328} INFO - Setting next_dagrun for tutorial to 2024-04-19T05:32:51.293464+00:00, run_after=2024-04-20T05:32:51.293464+00:00
[2024-04-20T05:32:51.315+0000] {processor.py:178} INFO - Processing /home/airflow/.local/lib/python3.7/site-packages/airflow/example_dags/tutorial.py took 0.381 seconds
[2024-04-20T05:33:21.389+0000] {processor.py:156} INFO - Started process (PID=912) to work on /home/airflow/.local/lib/python3.7/site-packages/airflow/example_dags/tutorial.py
[2024-04-20T05:33:21.389+0000] {processor.py:758} INFO - Processing file /home/airflow/.local/lib/python3.7/site-packages/airflow/example_dags/tutorial.py for tasks to queue
[2024-04-20T05:33:21.390+0000] {logging_mixin.py:117} INFO - [2024-04-20T05:33:21.390+0000] {dagbag.py:525} INFO - Filling up the DagBag from /home/airflow/.local/lib/python3.7/site-packages/airflow/example_dags/tutorial.py
[2024-04-20T05:33:21.407+0000] {processor.py:768} INFO - DAG(s) dict_keys(['tutorial']) retrieved from /home/airflow/.local/lib/python3.7/site-packages/airflow/example_dags/tutorial.py
[2024-04-20T05:33:21.692+0000] {logging_mixin.py:117} INFO - [2024-04-20T05:33:21.692+0000] {dag.py:2573} INFO - Sync 1 DAGs
[2024-04-20T05:33:21.720+0000] {logging_mixin.py:117} INFO - [2024-04-20T05:33:21.720+0000] {dag.py:3328} INFO - Setting next_dagrun for tutorial to 2024-04-19T05:33:21.720486+00:00, run_after=2024-04-20T05:33:21.720486+00:00
[2024-04-20T05:33:21.742+0000] {processor.py:178} INFO - Processing /home/airflow/.local/lib/python3.7/site-packages/airflow/example_dags/tutorial.py took 0.357 seconds
[2024-04-20T05:33:52.076+0000] {processor.py:156} INFO - Started process (PID=1129) to work on /home/airflow/.local/lib/python3.7/site-packages/airflow/example_dags/tutorial.py
[2024-04-20T05:33:52.077+0000] {processor.py:758} INFO - Processing file /home/airflow/.local/lib/python3.7/site-packages/airflow/example_dags/tutorial.py for tasks to queue
[2024-04-20T05:33:52.078+0000] {logging_mixin.py:117} INFO - [2024-04-20T05:33:52.078+0000] {dagbag.py:525} INFO - Filling up the DagBag from /home/airflow/.local/lib/python3.7/site-packages/airflow/example_dags/tutorial.py
[2024-04-20T05:33:52.109+0000] {processor.py:768} INFO - DAG(s) dict_keys(['tutorial']) retrieved from /home/airflow/.local/lib/python3.7/site-packages/airflow/example_dags/tutorial.py
[2024-04-20T05:33:52.436+0000] {logging_mixin.py:117} INFO - [2024-04-20T05:33:52.436+0000] {dag.py:2573} INFO - Sync 1 DAGs
[2024-04-20T05:33:52.507+0000] {logging_mixin.py:117} INFO - [2024-04-20T05:33:52.507+0000] {dag.py:3328} INFO - Setting next_dagrun for tutorial to 2024-04-19T05:33:52.507419+00:00, run_after=2024-04-20T05:33:52.507419+00:00
[2024-04-20T05:33:52.557+0000] {processor.py:178} INFO - Processing /home/airflow/.local/lib/python3.7/site-packages/airflow/example_dags/tutorial.py took 0.484 seconds
[2024-04-20T05:34:22.998+0000] {processor.py:156} INFO - Started process (PID=1340) to work on /home/airflow/.local/lib/python3.7/site-packages/airflow/example_dags/tutorial.py
[2024-04-20T05:34:22.999+0000] {processor.py:758} INFO - Processing file /home/airflow/.local/lib/python3.7/site-packages/airflow/example_dags/tutorial.py for tasks to queue
[2024-04-20T05:34:22.999+0000] {logging_mixin.py:117} INFO - [2024-04-20T05:34:22.999+0000] {dagbag.py:525} INFO - Filling up the DagBag from /home/airflow/.local/lib/python3.7/site-packages/airflow/example_dags/tutorial.py
[2024-04-20T05:34:23.016+0000] {processor.py:768} INFO - DAG(s) dict_keys(['tutorial']) retrieved from /home/airflow/.local/lib/python3.7/site-packages/airflow/example_dags/tutorial.py
[2024-04-20T05:34:23.212+0000] {logging_mixin.py:117} INFO - [2024-04-20T05:34:23.212+0000] {dag.py:2573} INFO - Sync 1 DAGs
[2024-04-20T05:34:23.242+0000] {logging_mixin.py:117} INFO - [2024-04-20T05:34:23.242+0000] {dag.py:3328} INFO - Setting next_dagrun for tutorial to 2024-04-19T05:34:23.242013+00:00, run_after=2024-04-20T05:34:23.242013+00:00
[2024-04-20T05:34:23.267+0000] {processor.py:178} INFO - Processing /home/airflow/.local/lib/python3.7/site-packages/airflow/example_dags/tutorial.py took 0.272 seconds
[2024-04-20T05:34:53.573+0000] {processor.py:156} INFO - Started process (PID=1559) to work on /home/airflow/.local/lib/python3.7/site-packages/airflow/example_dags/tutorial.py
[2024-04-20T05:34:53.574+0000] {processor.py:758} INFO - Processing file /home/airflow/.local/lib/python3.7/site-packages/airflow/example_dags/tutorial.py for tasks to queue
[2024-04-20T05:34:53.582+0000] {logging_mixin.py:117} INFO - [2024-04-20T05:34:53.582+0000] {dagbag.py:525} INFO - Filling up the DagBag from /home/airflow/.local/lib/python3.7/site-packages/airflow/example_dags/tutorial.py
[2024-04-20T05:34:54.124+0000] {processor.py:768} INFO - DAG(s) dict_keys(['tutorial']) retrieved from /home/airflow/.local/lib/python3.7/site-packages/airflow/example_dags/tutorial.py
[2024-04-20T05:34:54.309+0000] {logging_mixin.py:117} INFO - [2024-04-20T05:34:54.309+0000] {dag.py:2573} INFO - Sync 1 DAGs
[2024-04-20T05:34:54.415+0000] {logging_mixin.py:117} INFO - [2024-04-20T05:34:54.414+0000] {dag.py:3328} INFO - Setting next_dagrun for tutorial to 2024-04-19T05:34:54.414592+00:00, run_after=2024-04-20T05:34:54.414592+00:00
[2024-04-20T05:34:54.455+0000] {processor.py:178} INFO - Processing /home/airflow/.local/lib/python3.7/site-packages/airflow/example_dags/tutorial.py took 0.885 seconds
[2024-04-20T05:35:25.186+0000] {processor.py:156} INFO - Started process (PID=1767) to work on /home/airflow/.local/lib/python3.7/site-packages/airflow/example_dags/tutorial.py
[2024-04-20T05:35:25.187+0000] {processor.py:758} INFO - Processing file /home/airflow/.local/lib/python3.7/site-packages/airflow/example_dags/tutorial.py for tasks to queue
[2024-04-20T05:35:25.187+0000] {logging_mixin.py:117} INFO - [2024-04-20T05:35:25.187+0000] {dagbag.py:525} INFO - Filling up the DagBag from /home/airflow/.local/lib/python3.7/site-packages/airflow/example_dags/tutorial.py
[2024-04-20T05:35:25.205+0000] {processor.py:768} INFO - DAG(s) dict_keys(['tutorial']) retrieved from /home/airflow/.local/lib/python3.7/site-packages/airflow/example_dags/tutorial.py
[2024-04-20T05:35:25.265+0000] {logging_mixin.py:117} INFO - [2024-04-20T05:35:25.265+0000] {dag.py:2573} INFO - Sync 1 DAGs
[2024-04-20T05:35:25.298+0000] {logging_mixin.py:117} INFO - [2024-04-20T05:35:25.298+0000] {dag.py:3328} INFO - Setting next_dagrun for tutorial to 2024-04-19T05:35:25.298467+00:00, run_after=2024-04-20T05:35:25.298467+00:00
[2024-04-20T05:35:25.332+0000] {processor.py:178} INFO - Processing /home/airflow/.local/lib/python3.7/site-packages/airflow/example_dags/tutorial.py took 0.149 seconds
[2024-04-20T05:35:55.962+0000] {processor.py:156} INFO - Started process (PID=1984) to work on /home/airflow/.local/lib/python3.7/site-packages/airflow/example_dags/tutorial.py
[2024-04-20T05:35:55.963+0000] {processor.py:758} INFO - Processing file /home/airflow/.local/lib/python3.7/site-packages/airflow/example_dags/tutorial.py for tasks to queue
[2024-04-20T05:35:55.963+0000] {logging_mixin.py:117} INFO - [2024-04-20T05:35:55.963+0000] {dagbag.py:525} INFO - Filling up the DagBag from /home/airflow/.local/lib/python3.7/site-packages/airflow/example_dags/tutorial.py
[2024-04-20T05:35:55.980+0000] {processor.py:768} INFO - DAG(s) dict_keys(['tutorial']) retrieved from /home/airflow/.local/lib/python3.7/site-packages/airflow/example_dags/tutorial.py
[2024-04-20T05:35:56.032+0000] {logging_mixin.py:117} INFO - [2024-04-20T05:35:56.032+0000] {dag.py:2573} INFO - Sync 1 DAGs
[2024-04-20T05:35:56.094+0000] {logging_mixin.py:117} INFO - [2024-04-20T05:35:56.094+0000] {dag.py:3328} INFO - Setting next_dagrun for tutorial to 2024-04-19T05:35:56.094541+00:00, run_after=2024-04-20T05:35:56.094541+00:00
[2024-04-20T05:35:56.147+0000] {processor.py:178} INFO - Processing /home/airflow/.local/lib/python3.7/site-packages/airflow/example_dags/tutorial.py took 0.188 seconds
[2024-04-20T05:36:26.270+0000] {processor.py:156} INFO - Started process (PID=2190) to work on /home/airflow/.local/lib/python3.7/site-packages/airflow/example_dags/tutorial.py
[2024-04-20T05:36:26.271+0000] {processor.py:758} INFO - Processing file /home/airflow/.local/lib/python3.7/site-packages/airflow/example_dags/tutorial.py for tasks to queue
[2024-04-20T05:36:26.272+0000] {logging_mixin.py:117} INFO - [2024-04-20T05:36:26.271+0000] {dagbag.py:525} INFO - Filling up the DagBag from /home/airflow/.local/lib/python3.7/site-packages/airflow/example_dags/tutorial.py
[2024-04-20T05:36:26.289+0000] {processor.py:768} INFO - DAG(s) dict_keys(['tutorial']) retrieved from /home/airflow/.local/lib/python3.7/site-packages/airflow/example_dags/tutorial.py
[2024-04-20T05:36:26.342+0000] {logging_mixin.py:117} INFO - [2024-04-20T05:36:26.342+0000] {dag.py:2573} INFO - Sync 1 DAGs
[2024-04-20T05:36:26.374+0000] {logging_mixin.py:117} INFO - [2024-04-20T05:36:26.373+0000] {dag.py:3328} INFO - Setting next_dagrun for tutorial to 2024-04-19T05:36:26.373498+00:00, run_after=2024-04-20T05:36:26.373498+00:00
[2024-04-20T05:36:26.400+0000] {processor.py:178} INFO - Processing /home/airflow/.local/lib/python3.7/site-packages/airflow/example_dags/tutorial.py took 0.134 seconds
[2024-04-20T05:36:56.708+0000] {processor.py:156} INFO - Started process (PID=2453) to work on /home/airflow/.local/lib/python3.7/site-packages/airflow/example_dags/tutorial.py
[2024-04-20T05:36:56.709+0000] {processor.py:758} INFO - Processing file /home/airflow/.local/lib/python3.7/site-packages/airflow/example_dags/tutorial.py for tasks to queue
[2024-04-20T05:36:56.710+0000] {logging_mixin.py:117} INFO - [2024-04-20T05:36:56.709+0000] {dagbag.py:525} INFO - Filling up the DagBag from /home/airflow/.local/lib/python3.7/site-packages/airflow/example_dags/tutorial.py
[2024-04-20T05:36:56.727+0000] {processor.py:768} INFO - DAG(s) dict_keys(['tutorial']) retrieved from /home/airflow/.local/lib/python3.7/site-packages/airflow/example_dags/tutorial.py
[2024-04-20T05:36:56.774+0000] {logging_mixin.py:117} INFO - [2024-04-20T05:36:56.774+0000] {dag.py:2573} INFO - Sync 1 DAGs
[2024-04-20T05:36:56.807+0000] {logging_mixin.py:117} INFO - [2024-04-20T05:36:56.806+0000] {dag.py:3328} INFO - Setting next_dagrun for tutorial to 2024-04-19T05:36:56.806532+00:00, run_after=2024-04-20T05:36:56.806532+00:00
[2024-04-20T05:36:56.832+0000] {processor.py:178} INFO - Processing /home/airflow/.local/lib/python3.7/site-packages/airflow/example_dags/tutorial.py took 0.128 seconds
[2024-04-20T05:37:27.343+0000] {processor.py:156} INFO - Started process (PID=2727) to work on /home/airflow/.local/lib/python3.7/site-packages/airflow/example_dags/tutorial.py
[2024-04-20T05:37:27.344+0000] {processor.py:758} INFO - Processing file /home/airflow/.local/lib/python3.7/site-packages/airflow/example_dags/tutorial.py for tasks to queue
[2024-04-20T05:37:27.344+0000] {logging_mixin.py:117} INFO - [2024-04-20T05:37:27.344+0000] {dagbag.py:525} INFO - Filling up the DagBag from /home/airflow/.local/lib/python3.7/site-packages/airflow/example_dags/tutorial.py
[2024-04-20T05:37:27.361+0000] {processor.py:768} INFO - DAG(s) dict_keys(['tutorial']) retrieved from /home/airflow/.local/lib/python3.7/site-packages/airflow/example_dags/tutorial.py
[2024-04-20T05:37:27.413+0000] {logging_mixin.py:117} INFO - [2024-04-20T05:37:27.413+0000] {dag.py:2573} INFO - Sync 1 DAGs
[2024-04-20T05:37:27.446+0000] {logging_mixin.py:117} INFO - [2024-04-20T05:37:27.446+0000] {dag.py:3328} INFO - Setting next_dagrun for tutorial to 2024-04-19T05:37:27.446103+00:00, run_after=2024-04-20T05:37:27.446103+00:00
[2024-04-20T05:37:27.482+0000] {processor.py:178} INFO - Processing /home/airflow/.local/lib/python3.7/site-packages/airflow/example_dags/tutorial.py took 0.142 seconds
[2024-04-20T05:37:58.065+0000] {processor.py:156} INFO - Started process (PID=2956) to work on /home/airflow/.local/lib/python3.7/site-packages/airflow/example_dags/tutorial.py
[2024-04-20T05:37:58.067+0000] {processor.py:758} INFO - Processing file /home/airflow/.local/lib/python3.7/site-packages/airflow/example_dags/tutorial.py for tasks to queue
[2024-04-20T05:37:58.067+0000] {logging_mixin.py:117} INFO - [2024-04-20T05:37:58.067+0000] {dagbag.py:525} INFO - Filling up the DagBag from /home/airflow/.local/lib/python3.7/site-packages/airflow/example_dags/tutorial.py
[2024-04-20T05:37:58.086+0000] {processor.py:768} INFO - DAG(s) dict_keys(['tutorial']) retrieved from /home/airflow/.local/lib/python3.7/site-packages/airflow/example_dags/tutorial.py
[2024-04-20T05:37:58.133+0000] {logging_mixin.py:117} INFO - [2024-04-20T05:37:58.132+0000] {dag.py:2573} INFO - Sync 1 DAGs
[2024-04-20T05:37:58.168+0000] {logging_mixin.py:117} INFO - [2024-04-20T05:37:58.168+0000] {dag.py:3328} INFO - Setting next_dagrun for tutorial to 2024-04-19T05:37:58.167745+00:00, run_after=2024-04-20T05:37:58.167745+00:00
[2024-04-20T05:37:58.232+0000] {processor.py:178} INFO - Processing /home/airflow/.local/lib/python3.7/site-packages/airflow/example_dags/tutorial.py took 0.173 seconds
[2024-04-20T05:38:28.708+0000] {processor.py:156} INFO - Started process (PID=3185) to work on /home/airflow/.local/lib/python3.7/site-packages/airflow/example_dags/tutorial.py
[2024-04-20T05:38:28.709+0000] {processor.py:758} INFO - Processing file /home/airflow/.local/lib/python3.7/site-packages/airflow/example_dags/tutorial.py for tasks to queue
[2024-04-20T05:38:28.710+0000] {logging_mixin.py:117} INFO - [2024-04-20T05:38:28.710+0000] {dagbag.py:525} INFO - Filling up the DagBag from /home/airflow/.local/lib/python3.7/site-packages/airflow/example_dags/tutorial.py
[2024-04-20T05:38:28.729+0000] {processor.py:768} INFO - DAG(s) dict_keys(['tutorial']) retrieved from /home/airflow/.local/lib/python3.7/site-packages/airflow/example_dags/tutorial.py
[2024-04-20T05:38:28.777+0000] {logging_mixin.py:117} INFO - [2024-04-20T05:38:28.777+0000] {dag.py:2573} INFO - Sync 1 DAGs
[2024-04-20T05:38:28.815+0000] {logging_mixin.py:117} INFO - [2024-04-20T05:38:28.814+0000] {dag.py:3328} INFO - Setting next_dagrun for tutorial to 2024-04-19T05:38:28.814694+00:00, run_after=2024-04-20T05:38:28.814694+00:00
[2024-04-20T05:38:28.843+0000] {processor.py:178} INFO - Processing /home/airflow/.local/lib/python3.7/site-packages/airflow/example_dags/tutorial.py took 0.138 seconds
[2024-04-20T05:38:59.573+0000] {processor.py:156} INFO - Started process (PID=3402) to work on /home/airflow/.local/lib/python3.7/site-packages/airflow/example_dags/tutorial.py
[2024-04-20T05:38:59.574+0000] {processor.py:758} INFO - Processing file /home/airflow/.local/lib/python3.7/site-packages/airflow/example_dags/tutorial.py for tasks to queue
[2024-04-20T05:38:59.578+0000] {logging_mixin.py:117} INFO - [2024-04-20T05:38:59.578+0000] {dagbag.py:525} INFO - Filling up the DagBag from /home/airflow/.local/lib/python3.7/site-packages/airflow/example_dags/tutorial.py
[2024-04-20T05:38:59.610+0000] {processor.py:768} INFO - DAG(s) dict_keys(['tutorial']) retrieved from /home/airflow/.local/lib/python3.7/site-packages/airflow/example_dags/tutorial.py
[2024-04-20T05:38:59.722+0000] {logging_mixin.py:117} INFO - [2024-04-20T05:38:59.722+0000] {dag.py:2573} INFO - Sync 1 DAGs
[2024-04-20T05:38:59.785+0000] {logging_mixin.py:117} INFO - [2024-04-20T05:38:59.785+0000] {dag.py:3328} INFO - Setting next_dagrun for tutorial to 2024-04-19T05:38:59.784953+00:00, run_after=2024-04-20T05:38:59.784953+00:00
[2024-04-20T05:38:59.819+0000] {processor.py:178} INFO - Processing /home/airflow/.local/lib/python3.7/site-packages/airflow/example_dags/tutorial.py took 0.249 seconds
[2024-04-20T05:39:30.382+0000] {processor.py:156} INFO - Started process (PID=3647) to work on /home/airflow/.local/lib/python3.7/site-packages/airflow/example_dags/tutorial.py
[2024-04-20T05:39:30.383+0000] {processor.py:758} INFO - Processing file /home/airflow/.local/lib/python3.7/site-packages/airflow/example_dags/tutorial.py for tasks to queue
[2024-04-20T05:39:30.383+0000] {logging_mixin.py:117} INFO - [2024-04-20T05:39:30.383+0000] {dagbag.py:525} INFO - Filling up the DagBag from /home/airflow/.local/lib/python3.7/site-packages/airflow/example_dags/tutorial.py
[2024-04-20T05:39:30.402+0000] {processor.py:768} INFO - DAG(s) dict_keys(['tutorial']) retrieved from /home/airflow/.local/lib/python3.7/site-packages/airflow/example_dags/tutorial.py
[2024-04-20T05:39:30.451+0000] {logging_mixin.py:117} INFO - [2024-04-20T05:39:30.451+0000] {dag.py:2573} INFO - Sync 1 DAGs
[2024-04-20T05:39:30.481+0000] {logging_mixin.py:117} INFO - [2024-04-20T05:39:30.480+0000] {dag.py:3328} INFO - Setting next_dagrun for tutorial to 2024-04-19T05:39:30.480475+00:00, run_after=2024-04-20T05:39:30.480475+00:00
[2024-04-20T05:39:30.515+0000] {processor.py:178} INFO - Processing /home/airflow/.local/lib/python3.7/site-packages/airflow/example_dags/tutorial.py took 0.137 seconds
[2024-04-20T05:40:00.701+0000] {processor.py:156} INFO - Started process (PID=3877) to work on /home/airflow/.local/lib/python3.7/site-packages/airflow/example_dags/tutorial.py
[2024-04-20T05:40:00.701+0000] {processor.py:758} INFO - Processing file /home/airflow/.local/lib/python3.7/site-packages/airflow/example_dags/tutorial.py for tasks to queue
[2024-04-20T05:40:00.702+0000] {logging_mixin.py:117} INFO - [2024-04-20T05:40:00.702+0000] {dagbag.py:525} INFO - Filling up the DagBag from /home/airflow/.local/lib/python3.7/site-packages/airflow/example_dags/tutorial.py
[2024-04-20T05:40:00.737+0000] {processor.py:768} INFO - DAG(s) dict_keys(['tutorial']) retrieved from /home/airflow/.local/lib/python3.7/site-packages/airflow/example_dags/tutorial.py
[2024-04-20T05:40:00.852+0000] {logging_mixin.py:117} INFO - [2024-04-20T05:40:00.851+0000] {dag.py:2573} INFO - Sync 1 DAGs
[2024-04-20T05:40:00.907+0000] {logging_mixin.py:117} INFO - [2024-04-20T05:40:00.907+0000] {dag.py:3328} INFO - Setting next_dagrun for tutorial to 2024-04-19T05:40:00.906991+00:00, run_after=2024-04-20T05:40:00.906991+00:00
[2024-04-20T05:40:00.954+0000] {processor.py:178} INFO - Processing /home/airflow/.local/lib/python3.7/site-packages/airflow/example_dags/tutorial.py took 0.258 seconds
[2024-04-20T05:40:32.364+0000] {processor.py:156} INFO - Started process (PID=4098) to work on /home/airflow/.local/lib/python3.7/site-packages/airflow/example_dags/tutorial.py
[2024-04-20T05:40:32.370+0000] {processor.py:758} INFO - Processing file /home/airflow/.local/lib/python3.7/site-packages/airflow/example_dags/tutorial.py for tasks to queue
[2024-04-20T05:40:32.371+0000] {logging_mixin.py:117} INFO - [2024-04-20T05:40:32.371+0000] {dagbag.py:525} INFO - Filling up the DagBag from /home/airflow/.local/lib/python3.7/site-packages/airflow/example_dags/tutorial.py
[2024-04-20T05:40:32.399+0000] {processor.py:768} INFO - DAG(s) dict_keys(['tutorial']) retrieved from /home/airflow/.local/lib/python3.7/site-packages/airflow/example_dags/tutorial.py
[2024-04-20T05:40:32.500+0000] {logging_mixin.py:117} INFO - [2024-04-20T05:40:32.499+0000] {dag.py:2573} INFO - Sync 1 DAGs
[2024-04-20T05:40:32.541+0000] {logging_mixin.py:117} INFO - [2024-04-20T05:40:32.540+0000] {dag.py:3328} INFO - Setting next_dagrun for tutorial to 2024-04-19T05:40:32.540796+00:00, run_after=2024-04-20T05:40:32.540796+00:00
[2024-04-20T05:40:32.563+0000] {processor.py:178} INFO - Processing /home/airflow/.local/lib/python3.7/site-packages/airflow/example_dags/tutorial.py took 0.202 seconds
[2024-04-20T05:41:02.667+0000] {processor.py:156} INFO - Started process (PID=4328) to work on /home/airflow/.local/lib/python3.7/site-packages/airflow/example_dags/tutorial.py
[2024-04-20T05:41:02.667+0000] {processor.py:758} INFO - Processing file /home/airflow/.local/lib/python3.7/site-packages/airflow/example_dags/tutorial.py for tasks to queue
[2024-04-20T05:41:02.668+0000] {logging_mixin.py:117} INFO - [2024-04-20T05:41:02.668+0000] {dagbag.py:525} INFO - Filling up the DagBag from /home/airflow/.local/lib/python3.7/site-packages/airflow/example_dags/tutorial.py
[2024-04-20T05:41:02.685+0000] {processor.py:768} INFO - DAG(s) dict_keys(['tutorial']) retrieved from /home/airflow/.local/lib/python3.7/site-packages/airflow/example_dags/tutorial.py
[2024-04-20T05:41:02.734+0000] {logging_mixin.py:117} INFO - [2024-04-20T05:41:02.733+0000] {dag.py:2573} INFO - Sync 1 DAGs
[2024-04-20T05:41:02.767+0000] {logging_mixin.py:117} INFO - [2024-04-20T05:41:02.766+0000] {dag.py:3328} INFO - Setting next_dagrun for tutorial to 2024-04-19T05:41:02.766543+00:00, run_after=2024-04-20T05:41:02.766543+00:00
[2024-04-20T05:41:02.792+0000] {processor.py:178} INFO - Processing /home/airflow/.local/lib/python3.7/site-packages/airflow/example_dags/tutorial.py took 0.128 seconds
[2024-04-20T05:41:33.549+0000] {processor.py:156} INFO - Started process (PID=4556) to work on /home/airflow/.local/lib/python3.7/site-packages/airflow/example_dags/tutorial.py
[2024-04-20T05:41:33.550+0000] {processor.py:758} INFO - Processing file /home/airflow/.local/lib/python3.7/site-packages/airflow/example_dags/tutorial.py for tasks to queue
[2024-04-20T05:41:33.550+0000] {logging_mixin.py:117} INFO - [2024-04-20T05:41:33.550+0000] {dagbag.py:525} INFO - Filling up the DagBag from /home/airflow/.local/lib/python3.7/site-packages/airflow/example_dags/tutorial.py
[2024-04-20T05:41:33.566+0000] {processor.py:768} INFO - DAG(s) dict_keys(['tutorial']) retrieved from /home/airflow/.local/lib/python3.7/site-packages/airflow/example_dags/tutorial.py
[2024-04-20T05:41:33.608+0000] {logging_mixin.py:117} INFO - [2024-04-20T05:41:33.608+0000] {dag.py:2573} INFO - Sync 1 DAGs
[2024-04-20T05:41:33.628+0000] {logging_mixin.py:117} INFO - [2024-04-20T05:41:33.628+0000] {dag.py:3328} INFO - Setting next_dagrun for tutorial to 2024-04-19T05:41:33.628377+00:00, run_after=2024-04-20T05:41:33.628377+00:00
[2024-04-20T05:41:33.647+0000] {processor.py:178} INFO - Processing /home/airflow/.local/lib/python3.7/site-packages/airflow/example_dags/tutorial.py took 0.101 seconds
[2024-04-20T05:42:04.502+0000] {processor.py:156} INFO - Started process (PID=4774) to work on /home/airflow/.local/lib/python3.7/site-packages/airflow/example_dags/tutorial.py
[2024-04-20T05:42:04.502+0000] {processor.py:758} INFO - Processing file /home/airflow/.local/lib/python3.7/site-packages/airflow/example_dags/tutorial.py for tasks to queue
[2024-04-20T05:42:04.503+0000] {logging_mixin.py:117} INFO - [2024-04-20T05:42:04.503+0000] {dagbag.py:525} INFO - Filling up the DagBag from /home/airflow/.local/lib/python3.7/site-packages/airflow/example_dags/tutorial.py
[2024-04-20T05:42:04.520+0000] {processor.py:768} INFO - DAG(s) dict_keys(['tutorial']) retrieved from /home/airflow/.local/lib/python3.7/site-packages/airflow/example_dags/tutorial.py
[2024-04-20T05:42:04.568+0000] {logging_mixin.py:117} INFO - [2024-04-20T05:42:04.568+0000] {dag.py:2573} INFO - Sync 1 DAGs
[2024-04-20T05:42:04.599+0000] {logging_mixin.py:117} INFO - [2024-04-20T05:42:04.599+0000] {dag.py:3328} INFO - Setting next_dagrun for tutorial to 2024-04-19T05:42:04.599008+00:00, run_after=2024-04-20T05:42:04.599008+00:00
[2024-04-20T05:42:04.625+0000] {processor.py:178} INFO - Processing /home/airflow/.local/lib/python3.7/site-packages/airflow/example_dags/tutorial.py took 0.127 seconds
[2024-04-20T05:42:35.558+0000] {processor.py:156} INFO - Started process (PID=5053) to work on /home/airflow/.local/lib/python3.7/site-packages/airflow/example_dags/tutorial.py
[2024-04-20T05:42:35.559+0000] {processor.py:758} INFO - Processing file /home/airflow/.local/lib/python3.7/site-packages/airflow/example_dags/tutorial.py for tasks to queue
[2024-04-20T05:42:35.559+0000] {logging_mixin.py:117} INFO - [2024-04-20T05:42:35.559+0000] {dagbag.py:525} INFO - Filling up the DagBag from /home/airflow/.local/lib/python3.7/site-packages/airflow/example_dags/tutorial.py
[2024-04-20T05:42:35.577+0000] {processor.py:768} INFO - DAG(s) dict_keys(['tutorial']) retrieved from /home/airflow/.local/lib/python3.7/site-packages/airflow/example_dags/tutorial.py
[2024-04-20T05:42:35.623+0000] {logging_mixin.py:117} INFO - [2024-04-20T05:42:35.623+0000] {dag.py:2573} INFO - Sync 1 DAGs
[2024-04-20T05:42:35.655+0000] {logging_mixin.py:117} INFO - [2024-04-20T05:42:35.655+0000] {dag.py:3328} INFO - Setting next_dagrun for tutorial to 2024-04-19T05:42:35.655043+00:00, run_after=2024-04-20T05:42:35.655043+00:00
[2024-04-20T05:42:35.678+0000] {processor.py:178} INFO - Processing /home/airflow/.local/lib/python3.7/site-packages/airflow/example_dags/tutorial.py took 0.124 seconds
[2024-04-20T05:43:05.720+0000] {processor.py:156} INFO - Started process (PID=5280) to work on /home/airflow/.local/lib/python3.7/site-packages/airflow/example_dags/tutorial.py
[2024-04-20T05:43:05.720+0000] {processor.py:758} INFO - Processing file /home/airflow/.local/lib/python3.7/site-packages/airflow/example_dags/tutorial.py for tasks to queue
[2024-04-20T05:43:05.721+0000] {logging_mixin.py:117} INFO - [2024-04-20T05:43:05.721+0000] {dagbag.py:525} INFO - Filling up the DagBag from /home/airflow/.local/lib/python3.7/site-packages/airflow/example_dags/tutorial.py
[2024-04-20T05:43:05.737+0000] {processor.py:768} INFO - DAG(s) dict_keys(['tutorial']) retrieved from /home/airflow/.local/lib/python3.7/site-packages/airflow/example_dags/tutorial.py
[2024-04-20T05:43:05.809+0000] {logging_mixin.py:117} INFO - [2024-04-20T05:43:05.809+0000] {dag.py:2573} INFO - Sync 1 DAGs
[2024-04-20T05:43:05.842+0000] {logging_mixin.py:117} INFO - [2024-04-20T05:43:05.842+0000] {dag.py:3328} INFO - Setting next_dagrun for tutorial to 2024-04-19T05:43:05.842375+00:00, run_after=2024-04-20T05:43:05.842375+00:00
[2024-04-20T05:43:05.868+0000] {processor.py:178} INFO - Processing /home/airflow/.local/lib/python3.7/site-packages/airflow/example_dags/tutorial.py took 0.152 seconds
[2024-04-20T05:43:36.384+0000] {processor.py:156} INFO - Started process (PID=5545) to work on /home/airflow/.local/lib/python3.7/site-packages/airflow/example_dags/tutorial.py
[2024-04-20T05:43:36.385+0000] {processor.py:758} INFO - Processing file /home/airflow/.local/lib/python3.7/site-packages/airflow/example_dags/tutorial.py for tasks to queue
[2024-04-20T05:43:36.387+0000] {logging_mixin.py:117} INFO - [2024-04-20T05:43:36.386+0000] {dagbag.py:525} INFO - Filling up the DagBag from /home/airflow/.local/lib/python3.7/site-packages/airflow/example_dags/tutorial.py
[2024-04-20T05:43:36.412+0000] {processor.py:768} INFO - DAG(s) dict_keys(['tutorial']) retrieved from /home/airflow/.local/lib/python3.7/site-packages/airflow/example_dags/tutorial.py
[2024-04-20T05:43:36.535+0000] {logging_mixin.py:117} INFO - [2024-04-20T05:43:36.535+0000] {dag.py:2573} INFO - Sync 1 DAGs
[2024-04-20T05:43:36.595+0000] {logging_mixin.py:117} INFO - [2024-04-20T05:43:36.595+0000] {dag.py:3328} INFO - Setting next_dagrun for tutorial to 2024-04-19T05:43:36.594903+00:00, run_after=2024-04-20T05:43:36.594903+00:00
[2024-04-20T05:43:36.731+0000] {processor.py:178} INFO - Processing /home/airflow/.local/lib/python3.7/site-packages/airflow/example_dags/tutorial.py took 0.350 seconds
[2024-04-20T05:44:07.109+0000] {processor.py:156} INFO - Started process (PID=5776) to work on /home/airflow/.local/lib/python3.7/site-packages/airflow/example_dags/tutorial.py
[2024-04-20T05:44:07.110+0000] {processor.py:758} INFO - Processing file /home/airflow/.local/lib/python3.7/site-packages/airflow/example_dags/tutorial.py for tasks to queue
[2024-04-20T05:44:07.110+0000] {logging_mixin.py:117} INFO - [2024-04-20T05:44:07.110+0000] {dagbag.py:525} INFO - Filling up the DagBag from /home/airflow/.local/lib/python3.7/site-packages/airflow/example_dags/tutorial.py
[2024-04-20T05:44:07.128+0000] {processor.py:768} INFO - DAG(s) dict_keys(['tutorial']) retrieved from /home/airflow/.local/lib/python3.7/site-packages/airflow/example_dags/tutorial.py
[2024-04-20T05:44:07.178+0000] {logging_mixin.py:117} INFO - [2024-04-20T05:44:07.178+0000] {dag.py:2573} INFO - Sync 1 DAGs
[2024-04-20T05:44:07.210+0000] {logging_mixin.py:117} INFO - [2024-04-20T05:44:07.210+0000] {dag.py:3328} INFO - Setting next_dagrun for tutorial to 2024-04-19T05:44:07.209375+00:00, run_after=2024-04-20T05:44:07.209375+00:00
[2024-04-20T05:44:07.235+0000] {processor.py:178} INFO - Processing /home/airflow/.local/lib/python3.7/site-packages/airflow/example_dags/tutorial.py took 0.130 seconds
[2024-04-20T05:44:37.592+0000] {processor.py:156} INFO - Started process (PID=6024) to work on /home/airflow/.local/lib/python3.7/site-packages/airflow/example_dags/tutorial.py
[2024-04-20T05:44:37.593+0000] {processor.py:758} INFO - Processing file /home/airflow/.local/lib/python3.7/site-packages/airflow/example_dags/tutorial.py for tasks to queue
[2024-04-20T05:44:37.593+0000] {logging_mixin.py:117} INFO - [2024-04-20T05:44:37.593+0000] {dagbag.py:525} INFO - Filling up the DagBag from /home/airflow/.local/lib/python3.7/site-packages/airflow/example_dags/tutorial.py
[2024-04-20T05:44:37.611+0000] {processor.py:768} INFO - DAG(s) dict_keys(['tutorial']) retrieved from /home/airflow/.local/lib/python3.7/site-packages/airflow/example_dags/tutorial.py
[2024-04-20T05:44:37.702+0000] {logging_mixin.py:117} INFO - [2024-04-20T05:44:37.702+0000] {dag.py:2573} INFO - Sync 1 DAGs
[2024-04-20T05:44:37.802+0000] {logging_mixin.py:117} INFO - [2024-04-20T05:44:37.802+0000] {dag.py:3328} INFO - Setting next_dagrun for tutorial to 2024-04-19T05:44:37.802505+00:00, run_after=2024-04-20T05:44:37.802505+00:00
[2024-04-20T05:44:37.860+0000] {processor.py:178} INFO - Processing /home/airflow/.local/lib/python3.7/site-packages/airflow/example_dags/tutorial.py took 0.272 seconds
[2024-04-20T05:45:08.613+0000] {processor.py:156} INFO - Started process (PID=6296) to work on /home/airflow/.local/lib/python3.7/site-packages/airflow/example_dags/tutorial.py
[2024-04-20T05:45:08.614+0000] {processor.py:758} INFO - Processing file /home/airflow/.local/lib/python3.7/site-packages/airflow/example_dags/tutorial.py for tasks to queue
[2024-04-20T05:45:08.614+0000] {logging_mixin.py:117} INFO - [2024-04-20T05:45:08.614+0000] {dagbag.py:525} INFO - Filling up the DagBag from /home/airflow/.local/lib/python3.7/site-packages/airflow/example_dags/tutorial.py
[2024-04-20T05:45:08.633+0000] {processor.py:768} INFO - DAG(s) dict_keys(['tutorial']) retrieved from /home/airflow/.local/lib/python3.7/site-packages/airflow/example_dags/tutorial.py
[2024-04-20T05:45:08.701+0000] {logging_mixin.py:117} INFO - [2024-04-20T05:45:08.701+0000] {dag.py:2573} INFO - Sync 1 DAGs
[2024-04-20T05:45:08.737+0000] {logging_mixin.py:117} INFO - [2024-04-20T05:45:08.737+0000] {dag.py:3328} INFO - Setting next_dagrun for tutorial to 2024-04-19T05:45:08.737023+00:00, run_after=2024-04-20T05:45:08.737023+00:00
[2024-04-20T05:45:08.762+0000] {processor.py:178} INFO - Processing /home/airflow/.local/lib/python3.7/site-packages/airflow/example_dags/tutorial.py took 0.153 seconds
[2024-04-20T05:45:38.924+0000] {processor.py:156} INFO - Started process (PID=6555) to work on /home/airflow/.local/lib/python3.7/site-packages/airflow/example_dags/tutorial.py
[2024-04-20T05:45:38.924+0000] {processor.py:758} INFO - Processing file /home/airflow/.local/lib/python3.7/site-packages/airflow/example_dags/tutorial.py for tasks to queue
[2024-04-20T05:45:38.925+0000] {logging_mixin.py:117} INFO - [2024-04-20T05:45:38.925+0000] {dagbag.py:525} INFO - Filling up the DagBag from /home/airflow/.local/lib/python3.7/site-packages/airflow/example_dags/tutorial.py
[2024-04-20T05:45:38.938+0000] {processor.py:768} INFO - DAG(s) dict_keys(['tutorial']) retrieved from /home/airflow/.local/lib/python3.7/site-packages/airflow/example_dags/tutorial.py
[2024-04-20T05:45:38.980+0000] {logging_mixin.py:117} INFO - [2024-04-20T05:45:38.979+0000] {dag.py:2573} INFO - Sync 1 DAGs
[2024-04-20T05:45:39.008+0000] {logging_mixin.py:117} INFO - [2024-04-20T05:45:39.008+0000] {dag.py:3328} INFO - Setting next_dagrun for tutorial to 2024-04-19T05:45:39.008343+00:00, run_after=2024-04-20T05:45:39.008343+00:00
[2024-04-20T05:45:39.031+0000] {processor.py:178} INFO - Processing /home/airflow/.local/lib/python3.7/site-packages/airflow/example_dags/tutorial.py took 0.110 seconds
[2024-04-20T05:46:10.067+0000] {processor.py:156} INFO - Started process (PID=6815) to work on /home/airflow/.local/lib/python3.7/site-packages/airflow/example_dags/tutorial.py
[2024-04-20T05:46:10.070+0000] {processor.py:758} INFO - Processing file /home/airflow/.local/lib/python3.7/site-packages/airflow/example_dags/tutorial.py for tasks to queue
[2024-04-20T05:46:10.070+0000] {logging_mixin.py:117} INFO - [2024-04-20T05:46:10.070+0000] {dagbag.py:525} INFO - Filling up the DagBag from /home/airflow/.local/lib/python3.7/site-packages/airflow/example_dags/tutorial.py
[2024-04-20T05:46:10.103+0000] {processor.py:768} INFO - DAG(s) dict_keys(['tutorial']) retrieved from /home/airflow/.local/lib/python3.7/site-packages/airflow/example_dags/tutorial.py
[2024-04-20T05:46:10.151+0000] {logging_mixin.py:117} INFO - [2024-04-20T05:46:10.151+0000] {dag.py:2573} INFO - Sync 1 DAGs
[2024-04-20T05:46:10.181+0000] {logging_mixin.py:117} INFO - [2024-04-20T05:46:10.181+0000] {dag.py:3328} INFO - Setting next_dagrun for tutorial to 2024-04-19T05:46:10.180852+00:00, run_after=2024-04-20T05:46:10.180852+00:00
[2024-04-20T05:46:10.215+0000] {processor.py:178} INFO - Processing /home/airflow/.local/lib/python3.7/site-packages/airflow/example_dags/tutorial.py took 0.150 seconds
[2024-04-20T05:46:41.127+0000] {processor.py:156} INFO - Started process (PID=7069) to work on /home/airflow/.local/lib/python3.7/site-packages/airflow/example_dags/tutorial.py
[2024-04-20T05:46:41.128+0000] {processor.py:758} INFO - Processing file /home/airflow/.local/lib/python3.7/site-packages/airflow/example_dags/tutorial.py for tasks to queue
[2024-04-20T05:46:41.129+0000] {logging_mixin.py:117} INFO - [2024-04-20T05:46:41.128+0000] {dagbag.py:525} INFO - Filling up the DagBag from /home/airflow/.local/lib/python3.7/site-packages/airflow/example_dags/tutorial.py
[2024-04-20T05:46:41.146+0000] {processor.py:768} INFO - DAG(s) dict_keys(['tutorial']) retrieved from /home/airflow/.local/lib/python3.7/site-packages/airflow/example_dags/tutorial.py
[2024-04-20T05:46:41.197+0000] {logging_mixin.py:117} INFO - [2024-04-20T05:46:41.197+0000] {dag.py:2573} INFO - Sync 1 DAGs
[2024-04-20T05:46:41.229+0000] {logging_mixin.py:117} INFO - [2024-04-20T05:46:41.228+0000] {dag.py:3328} INFO - Setting next_dagrun for tutorial to 2024-04-19T05:46:41.228675+00:00, run_after=2024-04-20T05:46:41.228675+00:00
[2024-04-20T05:46:41.254+0000] {processor.py:178} INFO - Processing /home/airflow/.local/lib/python3.7/site-packages/airflow/example_dags/tutorial.py took 0.130 seconds
[2024-04-20T05:47:11.699+0000] {processor.py:156} INFO - Started process (PID=7317) to work on /home/airflow/.local/lib/python3.7/site-packages/airflow/example_dags/tutorial.py
[2024-04-20T05:47:11.699+0000] {processor.py:758} INFO - Processing file /home/airflow/.local/lib/python3.7/site-packages/airflow/example_dags/tutorial.py for tasks to queue
[2024-04-20T05:47:11.700+0000] {logging_mixin.py:117} INFO - [2024-04-20T05:47:11.700+0000] {dagbag.py:525} INFO - Filling up the DagBag from /home/airflow/.local/lib/python3.7/site-packages/airflow/example_dags/tutorial.py
[2024-04-20T05:47:11.716+0000] {processor.py:768} INFO - DAG(s) dict_keys(['tutorial']) retrieved from /home/airflow/.local/lib/python3.7/site-packages/airflow/example_dags/tutorial.py
[2024-04-20T05:47:11.765+0000] {logging_mixin.py:117} INFO - [2024-04-20T05:47:11.765+0000] {dag.py:2573} INFO - Sync 1 DAGs
[2024-04-20T05:47:11.795+0000] {logging_mixin.py:117} INFO - [2024-04-20T05:47:11.794+0000] {dag.py:3328} INFO - Setting next_dagrun for tutorial to 2024-04-19T05:47:11.794687+00:00, run_after=2024-04-20T05:47:11.794687+00:00
[2024-04-20T05:47:11.819+0000] {processor.py:178} INFO - Processing /home/airflow/.local/lib/python3.7/site-packages/airflow/example_dags/tutorial.py took 0.124 seconds
[2024-04-20T05:47:42.496+0000] {processor.py:156} INFO - Started process (PID=7570) to work on /home/airflow/.local/lib/python3.7/site-packages/airflow/example_dags/tutorial.py
[2024-04-20T05:47:42.497+0000] {processor.py:758} INFO - Processing file /home/airflow/.local/lib/python3.7/site-packages/airflow/example_dags/tutorial.py for tasks to queue
[2024-04-20T05:47:42.498+0000] {logging_mixin.py:117} INFO - [2024-04-20T05:47:42.498+0000] {dagbag.py:525} INFO - Filling up the DagBag from /home/airflow/.local/lib/python3.7/site-packages/airflow/example_dags/tutorial.py
[2024-04-20T05:47:42.514+0000] {processor.py:768} INFO - DAG(s) dict_keys(['tutorial']) retrieved from /home/airflow/.local/lib/python3.7/site-packages/airflow/example_dags/tutorial.py
[2024-04-20T05:47:42.562+0000] {logging_mixin.py:117} INFO - [2024-04-20T05:47:42.562+0000] {dag.py:2573} INFO - Sync 1 DAGs
[2024-04-20T05:47:42.593+0000] {logging_mixin.py:117} INFO - [2024-04-20T05:47:42.593+0000] {dag.py:3328} INFO - Setting next_dagrun for tutorial to 2024-04-19T05:47:42.593243+00:00, run_after=2024-04-20T05:47:42.593243+00:00
[2024-04-20T05:47:42.622+0000] {processor.py:178} INFO - Processing /home/airflow/.local/lib/python3.7/site-packages/airflow/example_dags/tutorial.py took 0.129 seconds
[2024-04-20T05:48:13.121+0000] {processor.py:156} INFO - Started process (PID=7830) to work on /home/airflow/.local/lib/python3.7/site-packages/airflow/example_dags/tutorial.py
[2024-04-20T05:48:13.122+0000] {processor.py:758} INFO - Processing file /home/airflow/.local/lib/python3.7/site-packages/airflow/example_dags/tutorial.py for tasks to queue
[2024-04-20T05:48:13.123+0000] {logging_mixin.py:117} INFO - [2024-04-20T05:48:13.122+0000] {dagbag.py:525} INFO - Filling up the DagBag from /home/airflow/.local/lib/python3.7/site-packages/airflow/example_dags/tutorial.py
[2024-04-20T05:48:13.139+0000] {processor.py:768} INFO - DAG(s) dict_keys(['tutorial']) retrieved from /home/airflow/.local/lib/python3.7/site-packages/airflow/example_dags/tutorial.py
[2024-04-20T05:48:13.194+0000] {logging_mixin.py:117} INFO - [2024-04-20T05:48:13.194+0000] {dag.py:2573} INFO - Sync 1 DAGs
[2024-04-20T05:48:13.227+0000] {logging_mixin.py:117} INFO - [2024-04-20T05:48:13.226+0000] {dag.py:3328} INFO - Setting next_dagrun for tutorial to 2024-04-19T05:48:13.226527+00:00, run_after=2024-04-20T05:48:13.226527+00:00
[2024-04-20T05:48:13.252+0000] {processor.py:178} INFO - Processing /home/airflow/.local/lib/python3.7/site-packages/airflow/example_dags/tutorial.py took 0.135 seconds
[2024-04-20T05:48:43.547+0000] {processor.py:156} INFO - Started process (PID=8057) to work on /home/airflow/.local/lib/python3.7/site-packages/airflow/example_dags/tutorial.py
[2024-04-20T05:48:43.547+0000] {processor.py:758} INFO - Processing file /home/airflow/.local/lib/python3.7/site-packages/airflow/example_dags/tutorial.py for tasks to queue
[2024-04-20T05:48:43.548+0000] {logging_mixin.py:117} INFO - [2024-04-20T05:48:43.548+0000] {dagbag.py:525} INFO - Filling up the DagBag from /home/airflow/.local/lib/python3.7/site-packages/airflow/example_dags/tutorial.py
[2024-04-20T05:48:43.563+0000] {processor.py:768} INFO - DAG(s) dict_keys(['tutorial']) retrieved from /home/airflow/.local/lib/python3.7/site-packages/airflow/example_dags/tutorial.py
[2024-04-20T05:48:43.611+0000] {logging_mixin.py:117} INFO - [2024-04-20T05:48:43.611+0000] {dag.py:2573} INFO - Sync 1 DAGs
[2024-04-20T05:48:43.642+0000] {logging_mixin.py:117} INFO - [2024-04-20T05:48:43.642+0000] {dag.py:3328} INFO - Setting next_dagrun for tutorial to 2024-04-19T05:48:43.640954+00:00, run_after=2024-04-20T05:48:43.640954+00:00
[2024-04-20T05:48:43.667+0000] {processor.py:178} INFO - Processing /home/airflow/.local/lib/python3.7/site-packages/airflow/example_dags/tutorial.py took 0.124 seconds
[2024-04-20T05:49:14.054+0000] {processor.py:156} INFO - Started process (PID=8292) to work on /home/airflow/.local/lib/python3.7/site-packages/airflow/example_dags/tutorial.py
[2024-04-20T05:49:14.054+0000] {processor.py:758} INFO - Processing file /home/airflow/.local/lib/python3.7/site-packages/airflow/example_dags/tutorial.py for tasks to queue
[2024-04-20T05:49:14.055+0000] {logging_mixin.py:117} INFO - [2024-04-20T05:49:14.055+0000] {dagbag.py:525} INFO - Filling up the DagBag from /home/airflow/.local/lib/python3.7/site-packages/airflow/example_dags/tutorial.py
[2024-04-20T05:49:14.072+0000] {processor.py:768} INFO - DAG(s) dict_keys(['tutorial']) retrieved from /home/airflow/.local/lib/python3.7/site-packages/airflow/example_dags/tutorial.py
[2024-04-20T05:49:14.122+0000] {logging_mixin.py:117} INFO - [2024-04-20T05:49:14.121+0000] {dag.py:2573} INFO - Sync 1 DAGs
[2024-04-20T05:49:14.153+0000] {logging_mixin.py:117} INFO - [2024-04-20T05:49:14.153+0000] {dag.py:3328} INFO - Setting next_dagrun for tutorial to 2024-04-19T05:49:14.153169+00:00, run_after=2024-04-20T05:49:14.153169+00:00
[2024-04-20T05:49:14.179+0000] {processor.py:178} INFO - Processing /home/airflow/.local/lib/python3.7/site-packages/airflow/example_dags/tutorial.py took 0.128 seconds
[2024-04-20T05:49:44.321+0000] {processor.py:156} INFO - Started process (PID=8528) to work on /home/airflow/.local/lib/python3.7/site-packages/airflow/example_dags/tutorial.py
[2024-04-20T05:49:44.321+0000] {processor.py:758} INFO - Processing file /home/airflow/.local/lib/python3.7/site-packages/airflow/example_dags/tutorial.py for tasks to queue
[2024-04-20T05:49:44.322+0000] {logging_mixin.py:117} INFO - [2024-04-20T05:49:44.322+0000] {dagbag.py:525} INFO - Filling up the DagBag from /home/airflow/.local/lib/python3.7/site-packages/airflow/example_dags/tutorial.py
[2024-04-20T05:49:44.336+0000] {processor.py:768} INFO - DAG(s) dict_keys(['tutorial']) retrieved from /home/airflow/.local/lib/python3.7/site-packages/airflow/example_dags/tutorial.py
[2024-04-20T05:49:44.369+0000] {logging_mixin.py:117} INFO - [2024-04-20T05:49:44.369+0000] {dag.py:2573} INFO - Sync 1 DAGs
[2024-04-20T05:49:44.388+0000] {logging_mixin.py:117} INFO - [2024-04-20T05:49:44.388+0000] {dag.py:3328} INFO - Setting next_dagrun for tutorial to 2024-04-19T05:49:44.388427+00:00, run_after=2024-04-20T05:49:44.388427+00:00
[2024-04-20T05:49:44.408+0000] {processor.py:178} INFO - Processing /home/airflow/.local/lib/python3.7/site-packages/airflow/example_dags/tutorial.py took 0.090 seconds
[2024-04-20T05:50:14.679+0000] {processor.py:156} INFO - Started process (PID=8773) to work on /home/airflow/.local/lib/python3.7/site-packages/airflow/example_dags/tutorial.py
[2024-04-20T05:50:14.679+0000] {processor.py:758} INFO - Processing file /home/airflow/.local/lib/python3.7/site-packages/airflow/example_dags/tutorial.py for tasks to queue
[2024-04-20T05:50:14.686+0000] {logging_mixin.py:117} INFO - [2024-04-20T05:50:14.686+0000] {dagbag.py:525} INFO - Filling up the DagBag from /home/airflow/.local/lib/python3.7/site-packages/airflow/example_dags/tutorial.py
[2024-04-20T05:50:14.719+0000] {processor.py:768} INFO - DAG(s) dict_keys(['tutorial']) retrieved from /home/airflow/.local/lib/python3.7/site-packages/airflow/example_dags/tutorial.py
[2024-04-20T05:50:14.866+0000] {logging_mixin.py:117} INFO - [2024-04-20T05:50:14.866+0000] {dag.py:2573} INFO - Sync 1 DAGs
[2024-04-20T05:50:14.975+0000] {logging_mixin.py:117} INFO - [2024-04-20T05:50:14.974+0000] {dag.py:3328} INFO - Setting next_dagrun for tutorial to 2024-04-19T05:50:14.974659+00:00, run_after=2024-04-20T05:50:14.974659+00:00
[2024-04-20T05:50:15.004+0000] {processor.py:178} INFO - Processing /home/airflow/.local/lib/python3.7/site-packages/airflow/example_dags/tutorial.py took 0.329 seconds
[2024-04-20T05:50:45.105+0000] {processor.py:156} INFO - Started process (PID=8991) to work on /home/airflow/.local/lib/python3.7/site-packages/airflow/example_dags/tutorial.py
[2024-04-20T05:50:45.106+0000] {processor.py:758} INFO - Processing file /home/airflow/.local/lib/python3.7/site-packages/airflow/example_dags/tutorial.py for tasks to queue
[2024-04-20T05:50:45.106+0000] {logging_mixin.py:117} INFO - [2024-04-20T05:50:45.106+0000] {dagbag.py:525} INFO - Filling up the DagBag from /home/airflow/.local/lib/python3.7/site-packages/airflow/example_dags/tutorial.py
[2024-04-20T05:50:45.118+0000] {processor.py:768} INFO - DAG(s) dict_keys(['tutorial']) retrieved from /home/airflow/.local/lib/python3.7/site-packages/airflow/example_dags/tutorial.py
[2024-04-20T05:50:45.152+0000] {logging_mixin.py:117} INFO - [2024-04-20T05:50:45.152+0000] {dag.py:2573} INFO - Sync 1 DAGs
[2024-04-20T05:50:45.172+0000] {logging_mixin.py:117} INFO - [2024-04-20T05:50:45.171+0000] {dag.py:3328} INFO - Setting next_dagrun for tutorial to 2024-04-19T05:50:45.171773+00:00, run_after=2024-04-20T05:50:45.171773+00:00
[2024-04-20T05:50:45.191+0000] {processor.py:178} INFO - Processing /home/airflow/.local/lib/python3.7/site-packages/airflow/example_dags/tutorial.py took 0.089 seconds
[2024-04-20T05:51:15.813+0000] {processor.py:156} INFO - Started process (PID=9220) to work on /home/airflow/.local/lib/python3.7/site-packages/airflow/example_dags/tutorial.py
[2024-04-20T05:51:15.813+0000] {processor.py:758} INFO - Processing file /home/airflow/.local/lib/python3.7/site-packages/airflow/example_dags/tutorial.py for tasks to queue
[2024-04-20T05:51:15.814+0000] {logging_mixin.py:117} INFO - [2024-04-20T05:51:15.814+0000] {dagbag.py:525} INFO - Filling up the DagBag from /home/airflow/.local/lib/python3.7/site-packages/airflow/example_dags/tutorial.py
[2024-04-20T05:51:15.827+0000] {processor.py:768} INFO - DAG(s) dict_keys(['tutorial']) retrieved from /home/airflow/.local/lib/python3.7/site-packages/airflow/example_dags/tutorial.py
[2024-04-20T05:51:15.861+0000] {logging_mixin.py:117} INFO - [2024-04-20T05:51:15.861+0000] {dag.py:2573} INFO - Sync 1 DAGs
[2024-04-20T05:51:15.880+0000] {logging_mixin.py:117} INFO - [2024-04-20T05:51:15.880+0000] {dag.py:3328} INFO - Setting next_dagrun for tutorial to 2024-04-19T05:51:15.880548+00:00, run_after=2024-04-20T05:51:15.880548+00:00
[2024-04-20T05:51:15.900+0000] {processor.py:178} INFO - Processing /home/airflow/.local/lib/python3.7/site-packages/airflow/example_dags/tutorial.py took 0.089 seconds
[2024-04-20T05:51:46.146+0000] {processor.py:156} INFO - Started process (PID=9455) to work on /home/airflow/.local/lib/python3.7/site-packages/airflow/example_dags/tutorial.py
[2024-04-20T05:51:46.147+0000] {processor.py:758} INFO - Processing file /home/airflow/.local/lib/python3.7/site-packages/airflow/example_dags/tutorial.py for tasks to queue
[2024-04-20T05:51:46.147+0000] {logging_mixin.py:117} INFO - [2024-04-20T05:51:46.147+0000] {dagbag.py:525} INFO - Filling up the DagBag from /home/airflow/.local/lib/python3.7/site-packages/airflow/example_dags/tutorial.py
[2024-04-20T05:51:46.160+0000] {processor.py:768} INFO - DAG(s) dict_keys(['tutorial']) retrieved from /home/airflow/.local/lib/python3.7/site-packages/airflow/example_dags/tutorial.py
[2024-04-20T05:51:46.193+0000] {logging_mixin.py:117} INFO - [2024-04-20T05:51:46.193+0000] {dag.py:2573} INFO - Sync 1 DAGs
[2024-04-20T05:51:46.215+0000] {logging_mixin.py:117} INFO - [2024-04-20T05:51:46.215+0000] {dag.py:3328} INFO - Setting next_dagrun for tutorial to 2024-04-19T05:51:46.214944+00:00, run_after=2024-04-20T05:51:46.214944+00:00
[2024-04-20T05:51:46.234+0000] {processor.py:178} INFO - Processing /home/airflow/.local/lib/python3.7/site-packages/airflow/example_dags/tutorial.py took 0.090 seconds
[2024-04-20T05:52:17.096+0000] {processor.py:156} INFO - Started process (PID=9674) to work on /home/airflow/.local/lib/python3.7/site-packages/airflow/example_dags/tutorial.py
[2024-04-20T05:52:17.097+0000] {processor.py:758} INFO - Processing file /home/airflow/.local/lib/python3.7/site-packages/airflow/example_dags/tutorial.py for tasks to queue
[2024-04-20T05:52:17.098+0000] {logging_mixin.py:117} INFO - [2024-04-20T05:52:17.097+0000] {dagbag.py:525} INFO - Filling up the DagBag from /home/airflow/.local/lib/python3.7/site-packages/airflow/example_dags/tutorial.py
[2024-04-20T05:52:17.116+0000] {processor.py:768} INFO - DAG(s) dict_keys(['tutorial']) retrieved from /home/airflow/.local/lib/python3.7/site-packages/airflow/example_dags/tutorial.py
[2024-04-20T05:52:17.217+0000] {logging_mixin.py:117} INFO - [2024-04-20T05:52:17.217+0000] {dag.py:2573} INFO - Sync 1 DAGs
[2024-04-20T05:52:17.314+0000] {logging_mixin.py:117} INFO - [2024-04-20T05:52:17.313+0000] {dag.py:3328} INFO - Setting next_dagrun for tutorial to 2024-04-19T05:52:17.313506+00:00, run_after=2024-04-20T05:52:17.313506+00:00
[2024-04-20T05:52:17.347+0000] {processor.py:178} INFO - Processing /home/airflow/.local/lib/python3.7/site-packages/airflow/example_dags/tutorial.py took 0.254 seconds
[2024-04-20T05:52:47.456+0000] {processor.py:156} INFO - Started process (PID=9901) to work on /home/airflow/.local/lib/python3.7/site-packages/airflow/example_dags/tutorial.py
[2024-04-20T05:52:47.457+0000] {processor.py:758} INFO - Processing file /home/airflow/.local/lib/python3.7/site-packages/airflow/example_dags/tutorial.py for tasks to queue
[2024-04-20T05:52:47.457+0000] {logging_mixin.py:117} INFO - [2024-04-20T05:52:47.457+0000] {dagbag.py:525} INFO - Filling up the DagBag from /home/airflow/.local/lib/python3.7/site-packages/airflow/example_dags/tutorial.py
[2024-04-20T05:52:47.471+0000] {processor.py:768} INFO - DAG(s) dict_keys(['tutorial']) retrieved from /home/airflow/.local/lib/python3.7/site-packages/airflow/example_dags/tutorial.py
[2024-04-20T05:52:47.519+0000] {logging_mixin.py:117} INFO - [2024-04-20T05:52:47.519+0000] {dag.py:2573} INFO - Sync 1 DAGs
[2024-04-20T05:52:47.554+0000] {logging_mixin.py:117} INFO - [2024-04-20T05:52:47.554+0000] {dag.py:3328} INFO - Setting next_dagrun for tutorial to 2024-04-19T05:52:47.553891+00:00, run_after=2024-04-20T05:52:47.553891+00:00
[2024-04-20T05:52:47.578+0000] {processor.py:178} INFO - Processing /home/airflow/.local/lib/python3.7/site-packages/airflow/example_dags/tutorial.py took 0.124 seconds
[2024-04-20T05:53:18.083+0000] {processor.py:156} INFO - Started process (PID=10138) to work on /home/airflow/.local/lib/python3.7/site-packages/airflow/example_dags/tutorial.py
[2024-04-20T05:53:18.083+0000] {processor.py:758} INFO - Processing file /home/airflow/.local/lib/python3.7/site-packages/airflow/example_dags/tutorial.py for tasks to queue
[2024-04-20T05:53:18.084+0000] {logging_mixin.py:117} INFO - [2024-04-20T05:53:18.084+0000] {dagbag.py:525} INFO - Filling up the DagBag from /home/airflow/.local/lib/python3.7/site-packages/airflow/example_dags/tutorial.py
[2024-04-20T05:53:18.100+0000] {processor.py:768} INFO - DAG(s) dict_keys(['tutorial']) retrieved from /home/airflow/.local/lib/python3.7/site-packages/airflow/example_dags/tutorial.py
[2024-04-20T05:53:18.151+0000] {logging_mixin.py:117} INFO - [2024-04-20T05:53:18.151+0000] {dag.py:2573} INFO - Sync 1 DAGs
[2024-04-20T05:53:18.183+0000] {logging_mixin.py:117} INFO - [2024-04-20T05:53:18.182+0000] {dag.py:3328} INFO - Setting next_dagrun for tutorial to 2024-04-19T05:53:18.182629+00:00, run_after=2024-04-20T05:53:18.182629+00:00
[2024-04-20T05:53:18.222+0000] {processor.py:178} INFO - Processing /home/airflow/.local/lib/python3.7/site-packages/airflow/example_dags/tutorial.py took 0.143 seconds
[2024-04-20T05:53:48.603+0000] {processor.py:156} INFO - Started process (PID=10357) to work on /home/airflow/.local/lib/python3.7/site-packages/airflow/example_dags/tutorial.py
[2024-04-20T05:53:48.604+0000] {processor.py:758} INFO - Processing file /home/airflow/.local/lib/python3.7/site-packages/airflow/example_dags/tutorial.py for tasks to queue
[2024-04-20T05:53:48.604+0000] {logging_mixin.py:117} INFO - [2024-04-20T05:53:48.604+0000] {dagbag.py:525} INFO - Filling up the DagBag from /home/airflow/.local/lib/python3.7/site-packages/airflow/example_dags/tutorial.py
[2024-04-20T05:53:48.626+0000] {processor.py:768} INFO - DAG(s) dict_keys(['tutorial']) retrieved from /home/airflow/.local/lib/python3.7/site-packages/airflow/example_dags/tutorial.py
[2024-04-20T05:53:48.676+0000] {logging_mixin.py:117} INFO - [2024-04-20T05:53:48.676+0000] {dag.py:2573} INFO - Sync 1 DAGs
[2024-04-20T05:53:48.726+0000] {logging_mixin.py:117} INFO - [2024-04-20T05:53:48.725+0000] {dag.py:3328} INFO - Setting next_dagrun for tutorial to 2024-04-19T05:53:48.725290+00:00, run_after=2024-04-20T05:53:48.725290+00:00
[2024-04-20T05:53:48.777+0000] {processor.py:178} INFO - Processing /home/airflow/.local/lib/python3.7/site-packages/airflow/example_dags/tutorial.py took 0.178 seconds
[2024-04-20T05:54:19.027+0000] {processor.py:156} INFO - Started process (PID=10595) to work on /home/airflow/.local/lib/python3.7/site-packages/airflow/example_dags/tutorial.py
[2024-04-20T05:54:19.028+0000] {processor.py:758} INFO - Processing file /home/airflow/.local/lib/python3.7/site-packages/airflow/example_dags/tutorial.py for tasks to queue
[2024-04-20T05:54:19.028+0000] {logging_mixin.py:117} INFO - [2024-04-20T05:54:19.028+0000] {dagbag.py:525} INFO - Filling up the DagBag from /home/airflow/.local/lib/python3.7/site-packages/airflow/example_dags/tutorial.py
[2024-04-20T05:54:19.041+0000] {processor.py:768} INFO - DAG(s) dict_keys(['tutorial']) retrieved from /home/airflow/.local/lib/python3.7/site-packages/airflow/example_dags/tutorial.py
[2024-04-20T05:54:19.076+0000] {logging_mixin.py:117} INFO - [2024-04-20T05:54:19.075+0000] {dag.py:2573} INFO - Sync 1 DAGs
[2024-04-20T05:54:19.103+0000] {logging_mixin.py:117} INFO - [2024-04-20T05:54:19.103+0000] {dag.py:3328} INFO - Setting next_dagrun for tutorial to 2024-04-19T05:54:19.103222+00:00, run_after=2024-04-20T05:54:19.103222+00:00
[2024-04-20T05:54:19.131+0000] {processor.py:178} INFO - Processing /home/airflow/.local/lib/python3.7/site-packages/airflow/example_dags/tutorial.py took 0.107 seconds
[2024-04-20T05:54:49.604+0000] {processor.py:156} INFO - Started process (PID=10818) to work on /home/airflow/.local/lib/python3.7/site-packages/airflow/example_dags/tutorial.py
[2024-04-20T05:54:49.605+0000] {processor.py:758} INFO - Processing file /home/airflow/.local/lib/python3.7/site-packages/airflow/example_dags/tutorial.py for tasks to queue
[2024-04-20T05:54:49.605+0000] {logging_mixin.py:117} INFO - [2024-04-20T05:54:49.605+0000] {dagbag.py:525} INFO - Filling up the DagBag from /home/airflow/.local/lib/python3.7/site-packages/airflow/example_dags/tutorial.py
[2024-04-20T05:54:49.619+0000] {processor.py:768} INFO - DAG(s) dict_keys(['tutorial']) retrieved from /home/airflow/.local/lib/python3.7/site-packages/airflow/example_dags/tutorial.py
[2024-04-20T05:54:49.652+0000] {logging_mixin.py:117} INFO - [2024-04-20T05:54:49.652+0000] {dag.py:2573} INFO - Sync 1 DAGs
[2024-04-20T05:54:49.671+0000] {logging_mixin.py:117} INFO - [2024-04-20T05:54:49.671+0000] {dag.py:3328} INFO - Setting next_dagrun for tutorial to 2024-04-19T05:54:49.671349+00:00, run_after=2024-04-20T05:54:49.671349+00:00
[2024-04-20T05:54:49.691+0000] {processor.py:178} INFO - Processing /home/airflow/.local/lib/python3.7/site-packages/airflow/example_dags/tutorial.py took 0.089 seconds
[2024-04-20T05:55:20.384+0000] {processor.py:156} INFO - Started process (PID=11046) to work on /home/airflow/.local/lib/python3.7/site-packages/airflow/example_dags/tutorial.py
[2024-04-20T05:55:20.385+0000] {processor.py:758} INFO - Processing file /home/airflow/.local/lib/python3.7/site-packages/airflow/example_dags/tutorial.py for tasks to queue
[2024-04-20T05:55:20.386+0000] {logging_mixin.py:117} INFO - [2024-04-20T05:55:20.386+0000] {dagbag.py:525} INFO - Filling up the DagBag from /home/airflow/.local/lib/python3.7/site-packages/airflow/example_dags/tutorial.py
[2024-04-20T05:55:20.410+0000] {processor.py:768} INFO - DAG(s) dict_keys(['tutorial']) retrieved from /home/airflow/.local/lib/python3.7/site-packages/airflow/example_dags/tutorial.py
[2024-04-20T05:55:20.522+0000] {logging_mixin.py:117} INFO - [2024-04-20T05:55:20.521+0000] {dag.py:2573} INFO - Sync 1 DAGs
[2024-04-20T05:55:20.599+0000] {logging_mixin.py:117} INFO - [2024-04-20T05:55:20.599+0000] {dag.py:3328} INFO - Setting next_dagrun for tutorial to 2024-04-19T05:55:20.599097+00:00, run_after=2024-04-20T05:55:20.599097+00:00
[2024-04-20T05:55:20.660+0000] {processor.py:178} INFO - Processing /home/airflow/.local/lib/python3.7/site-packages/airflow/example_dags/tutorial.py took 0.279 seconds
[2024-04-20T05:56:39.828+0000] {processor.py:156} INFO - Started process (PID=256) to work on /home/airflow/.local/lib/python3.7/site-packages/airflow/example_dags/tutorial.py
[2024-04-20T05:56:39.836+0000] {processor.py:758} INFO - Processing file /home/airflow/.local/lib/python3.7/site-packages/airflow/example_dags/tutorial.py for tasks to queue
[2024-04-20T05:56:39.838+0000] {logging_mixin.py:117} INFO - [2024-04-20T05:56:39.838+0000] {dagbag.py:525} INFO - Filling up the DagBag from /home/airflow/.local/lib/python3.7/site-packages/airflow/example_dags/tutorial.py
[2024-04-20T05:56:39.908+0000] {processor.py:768} INFO - DAG(s) dict_keys(['tutorial']) retrieved from /home/airflow/.local/lib/python3.7/site-packages/airflow/example_dags/tutorial.py
[2024-04-20T05:56:39.979+0000] {logging_mixin.py:117} INFO - [2024-04-20T05:56:39.979+0000] {dag.py:2573} INFO - Sync 1 DAGs
[2024-04-20T05:56:40.012+0000] {logging_mixin.py:117} INFO - [2024-04-20T05:56:40.012+0000] {dag.py:3328} INFO - Setting next_dagrun for tutorial to 2024-04-19T05:56:40.012221+00:00, run_after=2024-04-20T05:56:40.012221+00:00
[2024-04-20T05:56:40.042+0000] {processor.py:178} INFO - Processing /home/airflow/.local/lib/python3.7/site-packages/airflow/example_dags/tutorial.py took 0.222 seconds
[2024-04-20T05:57:11.705+0000] {processor.py:156} INFO - Started process (PID=483) to work on /home/airflow/.local/lib/python3.7/site-packages/airflow/example_dags/tutorial.py
[2024-04-20T05:57:11.706+0000] {processor.py:758} INFO - Processing file /home/airflow/.local/lib/python3.7/site-packages/airflow/example_dags/tutorial.py for tasks to queue
[2024-04-20T05:57:11.706+0000] {logging_mixin.py:117} INFO - [2024-04-20T05:57:11.706+0000] {dagbag.py:525} INFO - Filling up the DagBag from /home/airflow/.local/lib/python3.7/site-packages/airflow/example_dags/tutorial.py
[2024-04-20T05:57:11.729+0000] {processor.py:768} INFO - DAG(s) dict_keys(['tutorial']) retrieved from /home/airflow/.local/lib/python3.7/site-packages/airflow/example_dags/tutorial.py
[2024-04-20T05:57:11.780+0000] {logging_mixin.py:117} INFO - [2024-04-20T05:57:11.780+0000] {dag.py:2573} INFO - Sync 1 DAGs
[2024-04-20T05:57:11.815+0000] {logging_mixin.py:117} INFO - [2024-04-20T05:57:11.815+0000] {dag.py:3328} INFO - Setting next_dagrun for tutorial to 2024-04-19T05:57:11.814827+00:00, run_after=2024-04-20T05:57:11.814827+00:00
[2024-04-20T05:57:12.051+0000] {processor.py:178} INFO - Processing /home/airflow/.local/lib/python3.7/site-packages/airflow/example_dags/tutorial.py took 0.348 seconds
[2024-04-20T05:57:42.876+0000] {processor.py:156} INFO - Started process (PID=702) to work on /home/airflow/.local/lib/python3.7/site-packages/airflow/example_dags/tutorial.py
[2024-04-20T05:57:42.877+0000] {processor.py:758} INFO - Processing file /home/airflow/.local/lib/python3.7/site-packages/airflow/example_dags/tutorial.py for tasks to queue
[2024-04-20T05:57:42.878+0000] {logging_mixin.py:117} INFO - [2024-04-20T05:57:42.878+0000] {dagbag.py:525} INFO - Filling up the DagBag from /home/airflow/.local/lib/python3.7/site-packages/airflow/example_dags/tutorial.py
[2024-04-20T05:57:42.899+0000] {processor.py:768} INFO - DAG(s) dict_keys(['tutorial']) retrieved from /home/airflow/.local/lib/python3.7/site-packages/airflow/example_dags/tutorial.py
[2024-04-20T05:57:42.947+0000] {logging_mixin.py:117} INFO - [2024-04-20T05:57:42.947+0000] {dag.py:2573} INFO - Sync 1 DAGs
[2024-04-20T05:57:43.135+0000] {logging_mixin.py:117} INFO - [2024-04-20T05:57:43.135+0000] {dag.py:3328} INFO - Setting next_dagrun for tutorial to 2024-04-19T05:57:43.135232+00:00, run_after=2024-04-20T05:57:43.135232+00:00
[2024-04-20T05:57:43.164+0000] {processor.py:178} INFO - Processing /home/airflow/.local/lib/python3.7/site-packages/airflow/example_dags/tutorial.py took 0.292 seconds
[2024-04-20T05:58:13.292+0000] {processor.py:156} INFO - Started process (PID=927) to work on /home/airflow/.local/lib/python3.7/site-packages/airflow/example_dags/tutorial.py
[2024-04-20T05:58:13.293+0000] {processor.py:758} INFO - Processing file /home/airflow/.local/lib/python3.7/site-packages/airflow/example_dags/tutorial.py for tasks to queue
[2024-04-20T05:58:13.295+0000] {logging_mixin.py:117} INFO - [2024-04-20T05:58:13.294+0000] {dagbag.py:525} INFO - Filling up the DagBag from /home/airflow/.local/lib/python3.7/site-packages/airflow/example_dags/tutorial.py
[2024-04-20T05:58:13.329+0000] {processor.py:768} INFO - DAG(s) dict_keys(['tutorial']) retrieved from /home/airflow/.local/lib/python3.7/site-packages/airflow/example_dags/tutorial.py
[2024-04-20T05:58:13.637+0000] {logging_mixin.py:117} INFO - [2024-04-20T05:58:13.636+0000] {dag.py:2573} INFO - Sync 1 DAGs
[2024-04-20T05:58:13.672+0000] {logging_mixin.py:117} INFO - [2024-04-20T05:58:13.671+0000] {dag.py:3328} INFO - Setting next_dagrun for tutorial to 2024-04-19T05:58:13.671641+00:00, run_after=2024-04-20T05:58:13.671641+00:00
[2024-04-20T05:58:13.762+0000] {processor.py:178} INFO - Processing /home/airflow/.local/lib/python3.7/site-packages/airflow/example_dags/tutorial.py took 0.477 seconds
[2024-04-20T05:58:43.903+0000] {processor.py:156} INFO - Started process (PID=1141) to work on /home/airflow/.local/lib/python3.7/site-packages/airflow/example_dags/tutorial.py
[2024-04-20T05:58:43.906+0000] {processor.py:758} INFO - Processing file /home/airflow/.local/lib/python3.7/site-packages/airflow/example_dags/tutorial.py for tasks to queue
[2024-04-20T05:58:43.907+0000] {logging_mixin.py:117} INFO - [2024-04-20T05:58:43.906+0000] {dagbag.py:525} INFO - Filling up the DagBag from /home/airflow/.local/lib/python3.7/site-packages/airflow/example_dags/tutorial.py
[2024-04-20T05:58:43.942+0000] {processor.py:768} INFO - DAG(s) dict_keys(['tutorial']) retrieved from /home/airflow/.local/lib/python3.7/site-packages/airflow/example_dags/tutorial.py
[2024-04-20T05:58:44.353+0000] {logging_mixin.py:117} INFO - [2024-04-20T05:58:44.352+0000] {dag.py:2573} INFO - Sync 1 DAGs
[2024-04-20T05:58:44.383+0000] {logging_mixin.py:117} INFO - [2024-04-20T05:58:44.383+0000] {dag.py:3328} INFO - Setting next_dagrun for tutorial to 2024-04-19T05:58:44.383155+00:00, run_after=2024-04-20T05:58:44.383155+00:00
[2024-04-20T05:58:44.414+0000] {processor.py:178} INFO - Processing /home/airflow/.local/lib/python3.7/site-packages/airflow/example_dags/tutorial.py took 0.516 seconds
[2024-04-20T05:59:15.865+0000] {processor.py:156} INFO - Started process (PID=1374) to work on /home/airflow/.local/lib/python3.7/site-packages/airflow/example_dags/tutorial.py
[2024-04-20T05:59:15.866+0000] {processor.py:758} INFO - Processing file /home/airflow/.local/lib/python3.7/site-packages/airflow/example_dags/tutorial.py for tasks to queue
[2024-04-20T05:59:15.867+0000] {logging_mixin.py:117} INFO - [2024-04-20T05:59:15.867+0000] {dagbag.py:525} INFO - Filling up the DagBag from /home/airflow/.local/lib/python3.7/site-packages/airflow/example_dags/tutorial.py
[2024-04-20T05:59:15.884+0000] {processor.py:768} INFO - DAG(s) dict_keys(['tutorial']) retrieved from /home/airflow/.local/lib/python3.7/site-packages/airflow/example_dags/tutorial.py
[2024-04-20T05:59:16.088+0000] {logging_mixin.py:117} INFO - [2024-04-20T05:59:16.087+0000] {dag.py:2573} INFO - Sync 1 DAGs
[2024-04-20T05:59:16.118+0000] {logging_mixin.py:117} INFO - [2024-04-20T05:59:16.118+0000] {dag.py:3328} INFO - Setting next_dagrun for tutorial to 2024-04-19T05:59:16.118408+00:00, run_after=2024-04-20T05:59:16.118408+00:00
[2024-04-20T05:59:16.150+0000] {processor.py:178} INFO - Processing /home/airflow/.local/lib/python3.7/site-packages/airflow/example_dags/tutorial.py took 0.287 seconds
[2024-04-20T05:59:46.578+0000] {processor.py:156} INFO - Started process (PID=1601) to work on /home/airflow/.local/lib/python3.7/site-packages/airflow/example_dags/tutorial.py
[2024-04-20T05:59:46.578+0000] {processor.py:758} INFO - Processing file /home/airflow/.local/lib/python3.7/site-packages/airflow/example_dags/tutorial.py for tasks to queue
[2024-04-20T05:59:46.579+0000] {logging_mixin.py:117} INFO - [2024-04-20T05:59:46.579+0000] {dagbag.py:525} INFO - Filling up the DagBag from /home/airflow/.local/lib/python3.7/site-packages/airflow/example_dags/tutorial.py
[2024-04-20T05:59:46.592+0000] {processor.py:768} INFO - DAG(s) dict_keys(['tutorial']) retrieved from /home/airflow/.local/lib/python3.7/site-packages/airflow/example_dags/tutorial.py
[2024-04-20T05:59:46.633+0000] {logging_mixin.py:117} INFO - [2024-04-20T05:59:46.633+0000] {dag.py:2573} INFO - Sync 1 DAGs
[2024-04-20T05:59:46.663+0000] {logging_mixin.py:117} INFO - [2024-04-20T05:59:46.663+0000] {dag.py:3328} INFO - Setting next_dagrun for tutorial to 2024-04-19T05:59:46.662825+00:00, run_after=2024-04-20T05:59:46.662825+00:00
[2024-04-20T05:59:46.687+0000] {processor.py:178} INFO - Processing /home/airflow/.local/lib/python3.7/site-packages/airflow/example_dags/tutorial.py took 0.268 seconds
[2024-04-20T06:00:17.223+0000] {processor.py:156} INFO - Started process (PID=1819) to work on /home/airflow/.local/lib/python3.7/site-packages/airflow/example_dags/tutorial.py
[2024-04-20T06:00:17.224+0000] {processor.py:758} INFO - Processing file /home/airflow/.local/lib/python3.7/site-packages/airflow/example_dags/tutorial.py for tasks to queue
[2024-04-20T06:00:17.224+0000] {logging_mixin.py:117} INFO - [2024-04-20T06:00:17.224+0000] {dagbag.py:525} INFO - Filling up the DagBag from /home/airflow/.local/lib/python3.7/site-packages/airflow/example_dags/tutorial.py
[2024-04-20T06:00:17.242+0000] {processor.py:768} INFO - DAG(s) dict_keys(['tutorial']) retrieved from /home/airflow/.local/lib/python3.7/site-packages/airflow/example_dags/tutorial.py
[2024-04-20T06:00:17.304+0000] {logging_mixin.py:117} INFO - [2024-04-20T06:00:17.304+0000] {dag.py:2573} INFO - Sync 1 DAGs
[2024-04-20T06:00:17.366+0000] {logging_mixin.py:117} INFO - [2024-04-20T06:00:17.366+0000] {dag.py:3328} INFO - Setting next_dagrun for tutorial to 2024-04-19T06:00:17.366176+00:00, run_after=2024-04-20T06:00:17.366176+00:00
[2024-04-20T06:00:17.402+0000] {processor.py:178} INFO - Processing /home/airflow/.local/lib/python3.7/site-packages/airflow/example_dags/tutorial.py took 0.183 seconds
[2024-04-20T06:00:48.258+0000] {processor.py:156} INFO - Started process (PID=2046) to work on /home/airflow/.local/lib/python3.7/site-packages/airflow/example_dags/tutorial.py
[2024-04-20T06:00:48.259+0000] {processor.py:758} INFO - Processing file /home/airflow/.local/lib/python3.7/site-packages/airflow/example_dags/tutorial.py for tasks to queue
[2024-04-20T06:00:48.260+0000] {logging_mixin.py:117} INFO - [2024-04-20T06:00:48.260+0000] {dagbag.py:525} INFO - Filling up the DagBag from /home/airflow/.local/lib/python3.7/site-packages/airflow/example_dags/tutorial.py
[2024-04-20T06:00:48.276+0000] {processor.py:768} INFO - DAG(s) dict_keys(['tutorial']) retrieved from /home/airflow/.local/lib/python3.7/site-packages/airflow/example_dags/tutorial.py
[2024-04-20T06:00:48.349+0000] {logging_mixin.py:117} INFO - [2024-04-20T06:00:48.349+0000] {dag.py:2573} INFO - Sync 1 DAGs
[2024-04-20T06:00:48.382+0000] {logging_mixin.py:117} INFO - [2024-04-20T06:00:48.382+0000] {dag.py:3328} INFO - Setting next_dagrun for tutorial to 2024-04-19T06:00:48.382451+00:00, run_after=2024-04-20T06:00:48.382451+00:00
[2024-04-20T06:00:48.410+0000] {processor.py:178} INFO - Processing /home/airflow/.local/lib/python3.7/site-packages/airflow/example_dags/tutorial.py took 0.155 seconds
[2024-04-20T06:01:18.822+0000] {processor.py:156} INFO - Started process (PID=2273) to work on /home/airflow/.local/lib/python3.7/site-packages/airflow/example_dags/tutorial.py
[2024-04-20T06:01:18.823+0000] {processor.py:758} INFO - Processing file /home/airflow/.local/lib/python3.7/site-packages/airflow/example_dags/tutorial.py for tasks to queue
[2024-04-20T06:01:18.823+0000] {logging_mixin.py:117} INFO - [2024-04-20T06:01:18.823+0000] {dagbag.py:525} INFO - Filling up the DagBag from /home/airflow/.local/lib/python3.7/site-packages/airflow/example_dags/tutorial.py
[2024-04-20T06:01:18.842+0000] {processor.py:768} INFO - DAG(s) dict_keys(['tutorial']) retrieved from /home/airflow/.local/lib/python3.7/site-packages/airflow/example_dags/tutorial.py
[2024-04-20T06:01:18.888+0000] {logging_mixin.py:117} INFO - [2024-04-20T06:01:18.888+0000] {dag.py:2573} INFO - Sync 1 DAGs
[2024-04-20T06:01:18.920+0000] {logging_mixin.py:117} INFO - [2024-04-20T06:01:18.920+0000] {dag.py:3328} INFO - Setting next_dagrun for tutorial to 2024-04-19T06:01:18.920212+00:00, run_after=2024-04-20T06:01:18.920212+00:00
[2024-04-20T06:01:18.952+0000] {processor.py:178} INFO - Processing /home/airflow/.local/lib/python3.7/site-packages/airflow/example_dags/tutorial.py took 0.133 seconds
[2024-04-20T06:01:49.449+0000] {processor.py:156} INFO - Started process (PID=2492) to work on /home/airflow/.local/lib/python3.7/site-packages/airflow/example_dags/tutorial.py
[2024-04-20T06:01:49.449+0000] {processor.py:758} INFO - Processing file /home/airflow/.local/lib/python3.7/site-packages/airflow/example_dags/tutorial.py for tasks to queue
[2024-04-20T06:01:49.450+0000] {logging_mixin.py:117} INFO - [2024-04-20T06:01:49.450+0000] {dagbag.py:525} INFO - Filling up the DagBag from /home/airflow/.local/lib/python3.7/site-packages/airflow/example_dags/tutorial.py
[2024-04-20T06:01:49.467+0000] {processor.py:768} INFO - DAG(s) dict_keys(['tutorial']) retrieved from /home/airflow/.local/lib/python3.7/site-packages/airflow/example_dags/tutorial.py
[2024-04-20T06:01:49.570+0000] {logging_mixin.py:117} INFO - [2024-04-20T06:01:49.570+0000] {dag.py:2573} INFO - Sync 1 DAGs
[2024-04-20T06:01:49.630+0000] {logging_mixin.py:117} INFO - [2024-04-20T06:01:49.630+0000] {dag.py:3328} INFO - Setting next_dagrun for tutorial to 2024-04-19T06:01:49.629886+00:00, run_after=2024-04-20T06:01:49.629886+00:00
[2024-04-20T06:01:49.656+0000] {processor.py:178} INFO - Processing /home/airflow/.local/lib/python3.7/site-packages/airflow/example_dags/tutorial.py took 0.210 seconds
[2024-04-20T06:02:19.703+0000] {processor.py:156} INFO - Started process (PID=2717) to work on /home/airflow/.local/lib/python3.7/site-packages/airflow/example_dags/tutorial.py
[2024-04-20T06:02:19.704+0000] {processor.py:758} INFO - Processing file /home/airflow/.local/lib/python3.7/site-packages/airflow/example_dags/tutorial.py for tasks to queue
[2024-04-20T06:02:19.704+0000] {logging_mixin.py:117} INFO - [2024-04-20T06:02:19.704+0000] {dagbag.py:525} INFO - Filling up the DagBag from /home/airflow/.local/lib/python3.7/site-packages/airflow/example_dags/tutorial.py
[2024-04-20T06:02:19.717+0000] {processor.py:768} INFO - DAG(s) dict_keys(['tutorial']) retrieved from /home/airflow/.local/lib/python3.7/site-packages/airflow/example_dags/tutorial.py
[2024-04-20T06:02:19.752+0000] {logging_mixin.py:117} INFO - [2024-04-20T06:02:19.752+0000] {dag.py:2573} INFO - Sync 1 DAGs
[2024-04-20T06:02:19.783+0000] {logging_mixin.py:117} INFO - [2024-04-20T06:02:19.783+0000] {dag.py:3328} INFO - Setting next_dagrun for tutorial to 2024-04-19T06:02:19.783195+00:00, run_after=2024-04-20T06:02:19.783195+00:00
[2024-04-20T06:02:19.805+0000] {processor.py:178} INFO - Processing /home/airflow/.local/lib/python3.7/site-packages/airflow/example_dags/tutorial.py took 0.105 seconds
[2024-04-20T06:02:50.501+0000] {processor.py:156} INFO - Started process (PID=2945) to work on /home/airflow/.local/lib/python3.7/site-packages/airflow/example_dags/tutorial.py
[2024-04-20T06:02:50.502+0000] {processor.py:758} INFO - Processing file /home/airflow/.local/lib/python3.7/site-packages/airflow/example_dags/tutorial.py for tasks to queue
[2024-04-20T06:02:50.503+0000] {logging_mixin.py:117} INFO - [2024-04-20T06:02:50.503+0000] {dagbag.py:525} INFO - Filling up the DagBag from /home/airflow/.local/lib/python3.7/site-packages/airflow/example_dags/tutorial.py
[2024-04-20T06:02:50.524+0000] {processor.py:768} INFO - DAG(s) dict_keys(['tutorial']) retrieved from /home/airflow/.local/lib/python3.7/site-packages/airflow/example_dags/tutorial.py
[2024-04-20T06:02:50.578+0000] {logging_mixin.py:117} INFO - [2024-04-20T06:02:50.578+0000] {dag.py:2573} INFO - Sync 1 DAGs
[2024-04-20T06:02:50.610+0000] {logging_mixin.py:117} INFO - [2024-04-20T06:02:50.610+0000] {dag.py:3328} INFO - Setting next_dagrun for tutorial to 2024-04-19T06:02:50.610441+00:00, run_after=2024-04-20T06:02:50.610441+00:00
[2024-04-20T06:02:50.642+0000] {processor.py:178} INFO - Processing /home/airflow/.local/lib/python3.7/site-packages/airflow/example_dags/tutorial.py took 0.145 seconds
[2024-04-20T06:03:21.482+0000] {processor.py:156} INFO - Started process (PID=3162) to work on /home/airflow/.local/lib/python3.7/site-packages/airflow/example_dags/tutorial.py
[2024-04-20T06:03:21.482+0000] {processor.py:758} INFO - Processing file /home/airflow/.local/lib/python3.7/site-packages/airflow/example_dags/tutorial.py for tasks to queue
[2024-04-20T06:03:21.483+0000] {logging_mixin.py:117} INFO - [2024-04-20T06:03:21.483+0000] {dagbag.py:525} INFO - Filling up the DagBag from /home/airflow/.local/lib/python3.7/site-packages/airflow/example_dags/tutorial.py
[2024-04-20T06:03:21.495+0000] {processor.py:768} INFO - DAG(s) dict_keys(['tutorial']) retrieved from /home/airflow/.local/lib/python3.7/site-packages/airflow/example_dags/tutorial.py
[2024-04-20T06:03:21.531+0000] {logging_mixin.py:117} INFO - [2024-04-20T06:03:21.530+0000] {dag.py:2573} INFO - Sync 1 DAGs
[2024-04-20T06:03:21.551+0000] {logging_mixin.py:117} INFO - [2024-04-20T06:03:21.551+0000] {dag.py:3328} INFO - Setting next_dagrun for tutorial to 2024-04-19T06:03:21.551582+00:00, run_after=2024-04-20T06:03:21.551582+00:00
[2024-04-20T06:03:21.573+0000] {processor.py:178} INFO - Processing /home/airflow/.local/lib/python3.7/site-packages/airflow/example_dags/tutorial.py took 0.094 seconds
